-- The C compiler identification is GNU 13.3.0
-- The CXX compiler identification is GNU 13.3.0
-- Detecting C compiler ABI info
-- Detecting C compiler ABI info - done
-- Check for working C compiler: /usr/bin/cc - skipped
-- Detecting C compile features
-- Detecting C compile features - done
-- Detecting CXX compiler ABI info
-- Detecting CXX compiler ABI info - done
-- Check for working CXX compiler: /usr/bin/c++ - skipped
-- Detecting CXX compile features
-- Detecting CXX compile features - done
-- Found moveit_common: 2.14.0 (/home/fabian/moveit2/install/moveit_common/share/moveit_common/cmake)
-- Found ament_cmake: 2.8.4 (/opt/ros/rolling/share/ament_cmake/cmake)
-- Found Python3: /usr/bin/python3 (found version "3.12.3") found components: Interpreter 
-- Found generate_parameter_library: 0.5.0 (/opt/ros/rolling/share/generate_parameter_library/cmake)
-- Found parameter_traits: 0.5.0 (/opt/ros/rolling/share/parameter_traits/cmake)
-- Found rosidl_generator_c: 5.0.1 (/opt/ros/rolling/share/rosidl_generator_c/cmake)
-- Found rosidl_generator_cpp: 5.0.1 (/opt/ros/rolling/share/rosidl_generator_cpp/cmake)
-- Using all available rosidl_typesupport_c: rosidl_typesupport_fastrtps_c;rosidl_typesupport_introspection_c
-- Using all available rosidl_typesupport_cpp: rosidl_typesupport_fastrtps_cpp;rosidl_typesupport_introspection_cpp
-- Found rmw_implementation_cmake: 7.9.0 (/opt/ros/rolling/share/rmw_implementation_cmake/cmake)
-- Found rmw_fastrtps_cpp: 9.4.2 (/opt/ros/rolling/share/rmw_fastrtps_cpp/cmake)
-- Found OpenSSL: /usr/lib/x86_64-linux-gnu/libcrypto.so (found version "3.0.13")  
-- Using RMW implementation 'rmw_fastrtps_cpp' as default
-- Found rclcpp_lifecycle: 30.1.0 (/opt/ros/rolling/share/rclcpp_lifecycle/cmake)
-- Found moveit_core: 2.14.0 (/home/fabian/moveit2/install/moveit_core/share/moveit_core/cmake)
-- Found Boost: /usr/lib/x86_64-linux-gnu/cmake/Boost-1.83.0/BoostConfig.cmake (found version "1.83.0") found components: chrono date_time filesystem iostreams program_options regex serialization system thread 
-- Found Boost: /usr/lib/x86_64-linux-gnu/cmake/Boost-1.83.0/BoostConfig.cmake (found version "1.83.0") found components: random 
-- Found Eigen3: TRUE (found version "3.4.0") 
-- Ensuring Eigen3 include directory is part of orocos-kdl CMake target
-- Found ament_cmake_gtest: 2.8.4 (/opt/ros/rolling/share/ament_cmake_gtest/cmake)
-- Found gtest sources under '/opt/ros/rolling/src/gtest_vendor': C++ tests using 'Google Test' will be built
-- Found Threads: TRUE  
-- Configuring done (13.6s)
-- Generating done (0.3s)
-- Build files have been written to: /home/fabian/moveit2/build/moveit_planners_stomp
[  7%] [32mBuilding CXX object gtest/CMakeFiles/gtest.dir/src/gtest-all.cc.o[0m
[ 15%] [34m[1mRunning `/opt/ros/rolling/bin/generate_parameter_library_cpp /home/fabian/moveit2/build/moveit_planners_stomp/include/moveit_planners_stomp/stomp_moveit_parameters.hpp /home/fabian/moveit2/moveit_planners/stomp/res/stomp_moveit.yaml `[0m
[ 23%] [32mBuilding CXX object gtest/CMakeFiles/gtest_main.dir/src/gtest_main.cc.o[0m
[ 30%] [34m[1mCreating deprecated header file /home/fabian/moveit2/build/moveit_planners_stomp/include/stomp_moveit_parameters.hpp[0m
[ 30%] Built target stomp_moveit_parameters
[ 38%] [32m[1mLinking CXX static library libgtest_main.a[0m
[ 38%] Built target gtest_main
[ 46%] [32m[1mLinking CXX static library libgtest.a[0m
[ 46%] Built target gtest
[ 53%] [32mBuilding CXX object CMakeFiles/stomp_moveit_plugin.dir/src/stomp_moveit_planner_plugin.cpp.o[0m
[ 61%] [32mBuilding CXX object CMakeFiles/stomp_moveit_plugin.dir/src/stomp_moveit_planning_context.cpp.o[0m
[ 69%] [32m[1mLinking CXX shared library libstomp_moveit_plugin.so[0m
[ 69%] Built target stomp_moveit_plugin
[ 76%] [32mBuilding CXX object test/CMakeFiles/test_cost_functions.dir/test_cost_functions.cpp.o[0m
[ 84%] [32m[1mLinking CXX executable test_cost_functions[0m
[ 84%] Built target test_cost_functions
[ 92%] [32mBuilding CXX object test/CMakeFiles/test_noise_generator.dir/test_noise_generator.cpp.o[0m
[100%] [32m[1mLinking CXX executable test_noise_generator[0m
[100%] Built target test_noise_generator
-- Install configuration: "Release"
-- Installing: /home/fabian/moveit2/install/moveit_planners_stomp/include/moveit_planners_stomp
-- Installing: /home/fabian/moveit2/install/moveit_planners_stomp/include/moveit_planners_stomp/stomp_moveit_parameters.hpp
-- Installing: /home/fabian/moveit2/install/moveit_planners_stomp/share/moveit_planners_stomp/stomp_moveit_plugin_description.xml
-- Installing: /home/fabian/moveit2/install/moveit_planners_stomp/lib/libstomp_moveit_plugin.so
-- Set non-toolchain portion of runtime path of "/home/fabian/moveit2/install/moveit_planners_stomp/lib/libstomp_moveit_plugin.so" to ""
-- Installing: /home/fabian/moveit2/install/moveit_planners_stomp/share/moveit_planners_stomp/environment/library_path.sh
-- Installing: /home/fabian/moveit2/install/moveit_planners_stomp/share/moveit_planners_stomp/environment/library_path.dsv
-- Installing: /home/fabian/moveit2/install/moveit_planners_stomp/share/ament_index/resource_index/package_run_dependencies/moveit_planners_stomp
-- Installing: /home/fabian/moveit2/install/moveit_planners_stomp/share/ament_index/resource_index/parent_prefix_path/moveit_planners_stomp
-- Installing: /home/fabian/moveit2/install/moveit_planners_stomp/share/moveit_planners_stomp/environment/ament_prefix_path.sh
-- Installing: /home/fabian/moveit2/install/moveit_planners_stomp/share/moveit_planners_stomp/environment/ament_prefix_path.dsv
-- Installing: /home/fabian/moveit2/install/moveit_planners_stomp/share/moveit_planners_stomp/environment/path.sh
-- Installing: /home/fabian/moveit2/install/moveit_planners_stomp/share/moveit_planners_stomp/environment/path.dsv
-- Installing: /home/fabian/moveit2/install/moveit_planners_stomp/share/moveit_planners_stomp/local_setup.bash
-- Installing: /home/fabian/moveit2/install/moveit_planners_stomp/share/moveit_planners_stomp/local_setup.sh
-- Installing: /home/fabian/moveit2/install/moveit_planners_stomp/share/moveit_planners_stomp/local_setup.zsh
-- Installing: /home/fabian/moveit2/install/moveit_planners_stomp/share/moveit_planners_stomp/local_setup.dsv
-- Installing: /home/fabian/moveit2/install/moveit_planners_stomp/share/moveit_planners_stomp/package.dsv
-- Installing: /home/fabian/moveit2/install/moveit_planners_stomp/share/ament_index/resource_index/packages/moveit_planners_stomp
-- Installing: /home/fabian/moveit2/install/moveit_planners_stomp/share/ament_index/resource_index/moveit_core__pluginlib__plugin/moveit_planners_stomp
-- Installing: /home/fabian/moveit2/install/moveit_planners_stomp/share/moveit_planners_stomp/cmake/moveit_planners_stompTargetsExport.cmake
-- Installing: /home/fabian/moveit2/install/moveit_planners_stomp/share/moveit_planners_stomp/cmake/moveit_planners_stompTargetsExport-release.cmake
-- Installing: /home/fabian/moveit2/install/moveit_planners_stomp/share/moveit_planners_stomp/cmake/ament_cmake_export_dependencies-extras.cmake
-- Installing: /home/fabian/moveit2/install/moveit_planners_stomp/share/moveit_planners_stomp/cmake/ament_cmake_export_targets-extras.cmake
-- Installing: /home/fabian/moveit2/install/moveit_planners_stomp/share/moveit_planners_stomp/cmake/moveit_planners_stompConfig.cmake
-- Installing: /home/fabian/moveit2/install/moveit_planners_stomp/share/moveit_planners_stomp/cmake/moveit_planners_stompConfig-version.cmake
-- Installing: /home/fabian/moveit2/install/moveit_planners_stomp/share/moveit_planners_stomp/package.xml
