running develop
Removing /home/fabian/moveit2/install/moveit_configs_utils/lib/python3.12/site-packages/moveit-configs-utils.egg-link (link to .)
running egg_info
writing ../build/moveit_configs_utils/moveit_configs_utils.egg-info/PKG-INFO
writing dependency_links to ../build/moveit_configs_utils/moveit_configs_utils.egg-info/dependency_links.txt
writing requirements to ../build/moveit_configs_utils/moveit_configs_utils.egg-info/requires.txt
writing top-level names to ../build/moveit_configs_utils/moveit_configs_utils.egg-info/top_level.txt
reading manifest file '../build/moveit_configs_utils/moveit_configs_utils.egg-info/SOURCES.txt'
writing manifest file '../build/moveit_configs_utils/moveit_configs_utils.egg-info/SOURCES.txt'
running build
running build_py
creating /home/fabian/moveit2/build/moveit_configs_utils/build
creating /home/fabian/moveit2/build/moveit_configs_utils/build/lib
creating /home/fabian/moveit2/build/moveit_configs_utils/build/lib/moveit_configs_utils
copying moveit_configs_utils/__init__.py -> /home/fabian/moveit2/build/moveit_configs_utils/build/lib/moveit_configs_utils
copying moveit_configs_utils/launches.py -> /home/fabian/moveit2/build/moveit_configs_utils/build/lib/moveit_configs_utils
copying moveit_configs_utils/moveit_configs_builder.py -> /home/fabian/moveit2/build/moveit_configs_utils/build/lib/moveit_configs_utils
copying moveit_configs_utils/launch_utils.py -> /home/fabian/moveit2/build/moveit_configs_utils/build/lib/moveit_configs_utils
creating /home/fabian/moveit2/build/moveit_configs_utils/build/lib/moveit_configs_utils/substitutions
copying moveit_configs_utils/substitutions/__init__.py -> /home/fabian/moveit2/build/moveit_configs_utils/build/lib/moveit_configs_utils/substitutions
copying moveit_configs_utils/substitutions/xacro.py -> /home/fabian/moveit2/build/moveit_configs_utils/build/lib/moveit_configs_utils/substitutions
running install
running install_lib
creating /home/fabian/moveit2/install/moveit_configs_utils/lib/python3.12/site-packages/moveit_configs_utils
copying /home/fabian/moveit2/build/moveit_configs_utils/build/lib/moveit_configs_utils/__init__.py -> /home/fabian/moveit2/install/moveit_configs_utils/lib/python3.12/site-packages/moveit_configs_utils
creating /home/fabian/moveit2/install/moveit_configs_utils/lib/python3.12/site-packages/moveit_configs_utils/substitutions
copying /home/fabian/moveit2/build/moveit_configs_utils/build/lib/moveit_configs_utils/substitutions/__init__.py -> /home/fabian/moveit2/install/moveit_configs_utils/lib/python3.12/site-packages/moveit_configs_utils/substitutions
copying /home/fabian/moveit2/build/moveit_configs_utils/build/lib/moveit_configs_utils/substitutions/xacro.py -> /home/fabian/moveit2/install/moveit_configs_utils/lib/python3.12/site-packages/moveit_configs_utils/substitutions
copying /home/fabian/moveit2/build/moveit_configs_utils/build/lib/moveit_configs_utils/launches.py -> /home/fabian/moveit2/install/moveit_configs_utils/lib/python3.12/site-packages/moveit_configs_utils
copying /home/fabian/moveit2/build/moveit_configs_utils/build/lib/moveit_configs_utils/moveit_configs_builder.py -> /home/fabian/moveit2/install/moveit_configs_utils/lib/python3.12/site-packages/moveit_configs_utils
copying /home/fabian/moveit2/build/moveit_configs_utils/build/lib/moveit_configs_utils/launch_utils.py -> /home/fabian/moveit2/install/moveit_configs_utils/lib/python3.12/site-packages/moveit_configs_utils
byte-compiling /home/fabian/moveit2/install/moveit_configs_utils/lib/python3.12/site-packages/moveit_configs_utils/__init__.py to __init__.cpython-312.pyc
byte-compiling /home/fabian/moveit2/install/moveit_configs_utils/lib/python3.12/site-packages/moveit_configs_utils/substitutions/__init__.py to __init__.cpython-312.pyc
byte-compiling /home/fabian/moveit2/install/moveit_configs_utils/lib/python3.12/site-packages/moveit_configs_utils/substitutions/xacro.py to xacro.cpython-312.pyc
byte-compiling /home/fabian/moveit2/install/moveit_configs_utils/lib/python3.12/site-packages/moveit_configs_utils/launches.py to launches.cpython-312.pyc
byte-compiling /home/fabian/moveit2/install/moveit_configs_utils/lib/python3.12/site-packages/moveit_configs_utils/moveit_configs_builder.py to moveit_configs_builder.cpython-312.pyc
byte-compiling /home/fabian/moveit2/install/moveit_configs_utils/lib/python3.12/site-packages/moveit_configs_utils/launch_utils.py to launch_utils.cpython-312.pyc
running install_data
copying resource/moveit_configs_utils -> /home/fabian/moveit2/install/moveit_configs_utils/share/ament_index/resource_index/packages
copying package.xml -> /home/fabian/moveit2/install/moveit_configs_utils/share/moveit_configs_utils
copying default_configs/ompl_planning.yaml -> /home/fabian/moveit2/install/moveit_configs_utils/share/moveit_configs_utils/default_configs
copying default_configs/chomp_planning.yaml -> /home/fabian/moveit2/install/moveit_configs_utils/share/moveit_configs_utils/default_configs
copying default_configs/pilz_industrial_motion_planner_planning.yaml -> /home/fabian/moveit2/install/moveit_configs_utils/share/moveit_configs_utils/default_configs
copying default_configs/stomp_planning.yaml -> /home/fabian/moveit2/install/moveit_configs_utils/share/moveit_configs_utils/default_configs
copying default_configs/ompl_defaults.yaml -> /home/fabian/moveit2/install/moveit_configs_utils/share/moveit_configs_utils/default_configs
running install_egg_info
Copying ../build/moveit_configs_utils/moveit_configs_utils.egg-info to /home/fabian/moveit2/install/moveit_configs_utils/lib/python3.12/site-packages/moveit_configs_utils-2.14.0-py3.12.egg-info
running install_scripts
writing list of installed files to '/home/fabian/moveit2/build/moveit_configs_utils/install.log'
