[1.677s] Invoking command in '/home/fabian/moveit2/build/moveit_configs_utils': DEBUGINFOD_URLS=https://debuginfod.ubuntu.com PYTHONPATH=/home/fabian/moveit2/build/moveit_configs_utils/prefix_override:/usr/lib/python3/dist-packages/colcon_core/task/python/colcon_distutils_commands:/home/fabian/moveit2/install/moveit_configs_utils/lib/python3.12/site-packages:${PYTHONPATH} /usr/bin/python3 -W ignore:setup.py install is deprecated -W ignore:easy_install command is deprecated setup.py develop --uninstall --editable --build-directory /home/fabian/moveit2/build/moveit_configs_utils/build
[2.216s] running develop
[2.660s] Removing /home/fabian/moveit2/install/moveit_configs_utils/lib/python3.12/site-packages/moveit-configs-utils.egg-link (link to .)
[2.732s] Invoked command in '/home/fabian/moveit2/build/moveit_configs_utils' returned '0': DEBUGINFOD_URLS=https://debuginfod.ubuntu.com PYTHONPATH=/home/fabian/moveit2/build/moveit_configs_utils/prefix_override:/usr/lib/python3/dist-packages/colcon_core/task/python/colcon_distutils_commands:/home/fabian/moveit2/install/moveit_configs_utils/lib/python3.12/site-packages:${PYTHONPATH} /usr/bin/python3 -W ignore:setup.py install is deprecated -W ignore:easy_install command is deprecated setup.py develop --uninstall --editable --build-directory /home/fabian/moveit2/build/moveit_configs_utils/build
[2.734s] Invoking command in '/home/fabian/moveit2/moveit_configs_utils': DEBUGINFOD_URLS=https://debuginfod.ubuntu.com PYTHONPATH=/home/fabian/moveit2/build/moveit_configs_utils/prefix_override:/usr/lib/python3/dist-packages/colcon_core/task/python/colcon_distutils_commands:/home/fabian/moveit2/install/moveit_configs_utils/lib/python3.12/site-packages:${PYTHONPATH} /usr/bin/python3 -W ignore:setup.py install is deprecated -W ignore:easy_install command is deprecated setup.py egg_info --egg-base ../build/moveit_configs_utils build --build-base /home/fabian/moveit2/build/moveit_configs_utils/build install --record /home/fabian/moveit2/build/moveit_configs_utils/install.log --single-version-externally-managed install_data --force
[3.284s] running egg_info
[3.331s] writing ../build/moveit_configs_utils/moveit_configs_utils.egg-info/PKG-INFO
[3.331s] writing dependency_links to ../build/moveit_configs_utils/moveit_configs_utils.egg-info/dependency_links.txt
[3.331s] writing requirements to ../build/moveit_configs_utils/moveit_configs_utils.egg-info/requires.txt
[3.331s] writing top-level names to ../build/moveit_configs_utils/moveit_configs_utils.egg-info/top_level.txt
[3.409s] reading manifest file '../build/moveit_configs_utils/moveit_configs_utils.egg-info/SOURCES.txt'
[3.410s] writing manifest file '../build/moveit_configs_utils/moveit_configs_utils.egg-info/SOURCES.txt'
[3.410s] running build
[3.411s] running build_py
[3.411s] creating /home/fabian/moveit2/build/moveit_configs_utils/build
[3.412s] creating /home/fabian/moveit2/build/moveit_configs_utils/build/lib
[3.412s] creating /home/fabian/moveit2/build/moveit_configs_utils/build/lib/moveit_configs_utils
[3.413s] copying moveit_configs_utils/__init__.py -> /home/fabian/moveit2/build/moveit_configs_utils/build/lib/moveit_configs_utils
[3.413s] copying moveit_configs_utils/launches.py -> /home/fabian/moveit2/build/moveit_configs_utils/build/lib/moveit_configs_utils
[3.413s] copying moveit_configs_utils/moveit_configs_builder.py -> /home/fabian/moveit2/build/moveit_configs_utils/build/lib/moveit_configs_utils
[3.414s] copying moveit_configs_utils/launch_utils.py -> /home/fabian/moveit2/build/moveit_configs_utils/build/lib/moveit_configs_utils
[3.414s] creating /home/fabian/moveit2/build/moveit_configs_utils/build/lib/moveit_configs_utils/substitutions
[3.415s] copying moveit_configs_utils/substitutions/__init__.py -> /home/fabian/moveit2/build/moveit_configs_utils/build/lib/moveit_configs_utils/substitutions
[3.415s] copying moveit_configs_utils/substitutions/xacro.py -> /home/fabian/moveit2/build/moveit_configs_utils/build/lib/moveit_configs_utils/substitutions
[3.415s] running install
[3.423s] running install_lib
[3.454s] creating /home/fabian/moveit2/install/moveit_configs_utils/lib/python3.12/site-packages/moveit_configs_utils
[3.455s] copying /home/fabian/moveit2/build/moveit_configs_utils/build/lib/moveit_configs_utils/__init__.py -> /home/fabian/moveit2/install/moveit_configs_utils/lib/python3.12/site-packages/moveit_configs_utils
[3.456s] creating /home/fabian/moveit2/install/moveit_configs_utils/lib/python3.12/site-packages/moveit_configs_utils/substitutions
[3.456s] copying /home/fabian/moveit2/build/moveit_configs_utils/build/lib/moveit_configs_utils/substitutions/__init__.py -> /home/fabian/moveit2/install/moveit_configs_utils/lib/python3.12/site-packages/moveit_configs_utils/substitutions
[3.456s] copying /home/fabian/moveit2/build/moveit_configs_utils/build/lib/moveit_configs_utils/substitutions/xacro.py -> /home/fabian/moveit2/install/moveit_configs_utils/lib/python3.12/site-packages/moveit_configs_utils/substitutions
[3.457s] copying /home/fabian/moveit2/build/moveit_configs_utils/build/lib/moveit_configs_utils/launches.py -> /home/fabian/moveit2/install/moveit_configs_utils/lib/python3.12/site-packages/moveit_configs_utils
[3.457s] copying /home/fabian/moveit2/build/moveit_configs_utils/build/lib/moveit_configs_utils/moveit_configs_builder.py -> /home/fabian/moveit2/install/moveit_configs_utils/lib/python3.12/site-packages/moveit_configs_utils
[3.457s] copying /home/fabian/moveit2/build/moveit_configs_utils/build/lib/moveit_configs_utils/launch_utils.py -> /home/fabian/moveit2/install/moveit_configs_utils/lib/python3.12/site-packages/moveit_configs_utils
[3.457s] byte-compiling /home/fabian/moveit2/install/moveit_configs_utils/lib/python3.12/site-packages/moveit_configs_utils/__init__.py to __init__.cpython-312.pyc
[3.458s] byte-compiling /home/fabian/moveit2/install/moveit_configs_utils/lib/python3.12/site-packages/moveit_configs_utils/substitutions/__init__.py to __init__.cpython-312.pyc
[3.459s] byte-compiling /home/fabian/moveit2/install/moveit_configs_utils/lib/python3.12/site-packages/moveit_configs_utils/substitutions/xacro.py to xacro.cpython-312.pyc
[3.460s] byte-compiling /home/fabian/moveit2/install/moveit_configs_utils/lib/python3.12/site-packages/moveit_configs_utils/launches.py to launches.cpython-312.pyc
[3.462s] byte-compiling /home/fabian/moveit2/install/moveit_configs_utils/lib/python3.12/site-packages/moveit_configs_utils/moveit_configs_builder.py to moveit_configs_builder.cpython-312.pyc
[3.466s] byte-compiling /home/fabian/moveit2/install/moveit_configs_utils/lib/python3.12/site-packages/moveit_configs_utils/launch_utils.py to launch_utils.cpython-312.pyc
[3.467s] running install_data
[3.467s] copying resource/moveit_configs_utils -> /home/fabian/moveit2/install/moveit_configs_utils/share/ament_index/resource_index/packages
[3.467s] copying package.xml -> /home/fabian/moveit2/install/moveit_configs_utils/share/moveit_configs_utils
[3.468s] copying default_configs/ompl_planning.yaml -> /home/fabian/moveit2/install/moveit_configs_utils/share/moveit_configs_utils/default_configs
[3.468s] copying default_configs/chomp_planning.yaml -> /home/fabian/moveit2/install/moveit_configs_utils/share/moveit_configs_utils/default_configs
[3.468s] copying default_configs/pilz_industrial_motion_planner_planning.yaml -> /home/fabian/moveit2/install/moveit_configs_utils/share/moveit_configs_utils/default_configs
[3.468s] copying default_configs/stomp_planning.yaml -> /home/fabian/moveit2/install/moveit_configs_utils/share/moveit_configs_utils/default_configs
[3.468s] copying default_configs/ompl_defaults.yaml -> /home/fabian/moveit2/install/moveit_configs_utils/share/moveit_configs_utils/default_configs
[3.469s] running install_egg_info
[3.504s] Copying ../build/moveit_configs_utils/moveit_configs_utils.egg-info to /home/fabian/moveit2/install/moveit_configs_utils/lib/python3.12/site-packages/moveit_configs_utils-2.14.0-py3.12.egg-info
[3.506s] running install_scripts
[3.804s] writing list of installed files to '/home/fabian/moveit2/build/moveit_configs_utils/install.log'
[3.853s] Invoked command in '/home/fabian/moveit2/moveit_configs_utils' returned '0': DEBUGINFOD_URLS=https://debuginfod.ubuntu.com PYTHONPATH=/home/fabian/moveit2/build/moveit_configs_utils/prefix_override:/usr/lib/python3/dist-packages/colcon_core/task/python/colcon_distutils_commands:/home/fabian/moveit2/install/moveit_configs_utils/lib/python3.12/site-packages:${PYTHONPATH} /usr/bin/python3 -W ignore:setup.py install is deprecated -W ignore:easy_install command is deprecated setup.py egg_info --egg-base ../build/moveit_configs_utils build --build-base /home/fabian/moveit2/build/moveit_configs_utils/build install --record /home/fabian/moveit2/build/moveit_configs_utils/install.log --single-version-externally-managed install_data --force
