[0.108s] Invoking command in '/home/fabian/moveit2/build/moveit_core': AMENT_PREFIX_PATH=/home/fabian/moveit2/install/moveit_common:${AMENT_PREFIX_PATH} CMAKE_PREFIX_PATH=/home/fabian/moveit2/install/moveit_common:/home/fabian/yb_support/ros_odrive/install/odrive_ros2_control:/home/fabian/yb_support/ros_odrive/install/odrive_can:/home/fabian/yb_support/slam_toolbox/install/slam_toolbox:/home/fabian/yb_support/my_msgs/install/my_msgs:/home/fabian/yb_support/pointcloud_to_laserscan/install/pointcloud_to_laserscan:/home/fabian/yb_support/mecanum_drive_controller/install/mecanum_drive_controller:/home/fabian/ros2_ws/install/ros2_control_demo_example_2:/home/fabian/ros2_ws/install/ros2_control_demo_description:/home/fabian/yahboom_rosmaster/install/yahboom_rosmaster:/home/fabian/yahboom_rosmaster/install/yahboom_rosmaster_system_tests:/home/fabian/yahboom_rosmaster/install/yahboom_rosmaster_navigation:/home/fabian/yahboom_rosmaster/install/yahboom_rosmaster_msgs:/home/fabian/yahboom_rosmaster/install/yahboom_rosmaster_localization:/home/fabian/yahboom_rosmaster/install/yahboom_rosmaster_gazebo:/home/fabian/yahboom_rosmaster/install/yahboom_rosmaster_docking:/home/fabian/yahboom_rosmaster/install/yahboom_rosmaster_description:/home/fabian/yahboom_rosmaster/install/yahboom_rosmaster_bringup:/home/fabian/yahboom_rosmaster/install/mecanum_drive_controller:/home/fabian/cartesian_controllers/install/cartesian_compliance_controller:/home/fabian/cartesian_controllers/install/cartesian_motion_controller:/home/fabian/cartesian_controllers/install/cartesian_force_controller:/home/fabian/cartesian_controllers/install/cartesian_controller_utilities:/home/fabian/youbot_ws/install/youbot:/home/fabian/yb_support/urdf_parser_py/install/urdfdom_py:/home/fabian/yb_support/twist_stamper/install/twist_stamper:/home/fabian/yb_support/kdl_parser_py/install/kdl_parser_py:/opt/ros/rolling:/home/fabian/cartesian_controllers/install/cartesian_controller_tests:/home/fabian/cartesian_controllers/install/cartesian_controller_simulation:/home/fabian/cartesian_controllers/install/cartesian_controller_handles:/home/fabian/cartesian_controllers/install/cartesian_controller_base:/home/fabian/ros2_control_demos/example_7/install/ros2_control_demo_example_7:/home/fabian/yb_support/unilidar_sdk2/install/unitree_lidar_ros2:/home/fabian/fixslam/install/geometry_msgs:/home/fabian/fixslam/install/std_msgs:/opt/ros/rolling/opt/gz_sim_vendor:/opt/ros/rolling/opt/gz_sensors_vendor:/opt/ros/rolling/opt/gz_physics_vendor:/opt/ros/rolling/opt/sdformat_vendor:/opt/ros/rolling/opt/gz_gui_vendor:/opt/ros/rolling/opt/gz_transport_vendor:/opt/ros/rolling/opt/gz_rendering_vendor:/opt/ros/rolling/opt/gz_plugin_vendor:/opt/ros/rolling/opt/gz_fuel_tools_vendor:/opt/ros/rolling/opt/gz_msgs_vendor:/opt/ros/rolling/opt/gz_common_vendor:/opt/ros/rolling/opt/gz_math_vendor:/opt/ros/rolling/opt/gz_utils_vendor:/opt/ros/rolling/opt/gz_tools_vendor:/opt/ros/rolling/opt/gz_ogre_next_vendor:/opt/ros/rolling/opt/gz_dartsim_vendor:/opt/ros/rolling/opt/gz_cmake_vendor DEBUGINFOD_URLS=https://debuginfod.ubuntu.com /usr/bin/cmake /home/fabian/moveit2/moveit_core -DCMAKE_INSTALL_PREFIX=/home/fabian/moveit2/install/moveit_core
[0.136s] -- Found moveit_common: 2.14.0 (/home/fabian/moveit2/install/moveit_common/share/moveit_common/cmake)
[0.136s] -- Found ament_cmake: 2.8.4 (/opt/ros/rolling/share/ament_cmake/cmake)
[0.567s] -- Override CMake install command with custom implementation using symlinks instead of copying resources
[0.753s] [0mmoveit_core: You did not request a specific build type: Choosing 'Release' for maximum performance[0m
[0.753s] -- Found angles: 1.16.0 (/opt/ros/rolling/share/angles/cmake)
[2.469s] -- Found common_interfaces: 5.8.2 (/opt/ros/rolling/share/common_interfaces/cmake)
[2.469s] -- Found eigen_stl_containers: 1.1.0 (/opt/ros/rolling/share/eigen_stl_containers/cmake)
[2.473s] -- Found eigen3_cmake_module: 0.5.1 (/opt/ros/rolling/share/eigen3_cmake_module/cmake)
[2.478s] -- Found generate_parameter_library: 0.5.0 (/opt/ros/rolling/share/generate_parameter_library/cmake)
[2.480s] -- Found parameter_traits: 0.5.0 (/opt/ros/rolling/share/parameter_traits/cmake)
[2.597s] -- Found rosidl_generator_c: 5.0.1 (/opt/ros/rolling/share/rosidl_generator_c/cmake)
[2.608s] -- Found rosidl_generator_cpp: 5.0.1 (/opt/ros/rolling/share/rosidl_generator_cpp/cmake)
[2.627s] -- Using all available rosidl_typesupport_c: rosidl_typesupport_fastrtps_c;rosidl_typesupport_introspection_c
[2.646s] -- Using all available rosidl_typesupport_cpp: rosidl_typesupport_fastrtps_cpp;rosidl_typesupport_introspection_cpp
[2.742s] -- Found rmw_implementation_cmake: 7.9.0 (/opt/ros/rolling/share/rmw_implementation_cmake/cmake)
[2.746s] -- Found rmw_fastrtps_cpp: 9.4.2 (/opt/ros/rolling/share/rmw_fastrtps_cpp/cmake)
[2.801s] -- Using RMW implementation 'rmw_fastrtps_cpp' as default
[3.134s] -- Found rclcpp_lifecycle: 30.1.0 (/opt/ros/rolling/share/rclcpp_lifecycle/cmake)
[3.167s] -- Found geometric_shapes: 2.3.3 (/opt/ros/rolling/share/geometric_shapes/cmake)
[3.223s] -- Found Boost: /usr/lib/x86_64-linux-gnu/cmake/Boost-1.83.0/BoostConfig.cmake (found version "1.83.0") found components: random 
[3.329s] -- Found kdl_parser: 3.0.0 (/opt/ros/rolling/share/kdl_parser/cmake)
[3.333s] -- Ensuring Eigen3 include directory is part of orocos-kdl CMake target
[3.335s] -- Found moveit_msgs: 2.7.1 (/opt/ros/rolling/share/moveit_msgs/cmake)
[3.575s] -- Found pluginlib: 5.7.0 (/opt/ros/rolling/share/pluginlib/cmake)
[3.582s] -- Found srdfdom: 2.0.8 (/opt/ros/rolling/share/srdfdom/cmake)
[3.592s] -- Found tf2_eigen: 0.44.0 (/opt/ros/rolling/share/tf2_eigen/cmake)
[3.708s] -- Found tf2_geometry_msgs: 0.44.0 (/opt/ros/rolling/share/tf2_geometry_msgs/cmake)
[3.712s] -- Found tf2_kdl: 0.44.0 (/opt/ros/rolling/share/tf2_kdl/cmake)
[3.738s] -- Found Boost: /usr/lib/x86_64-linux-gnu/cmake/Boost-1.83.0/BoostConfig.cmake (found version "1.83.0") found components: chrono date_time filesystem iostreams program_options regex serialization system thread 
[3.745s] [0mCMake Deprecation Warning at /opt/ros/rolling/share/ament_cmake_target_dependencies/cmake/ament_target_dependencies.cmake:87 (message):
[3.745s]   ament_target_dependencies() is deprecated.  Use target_link_libraries()
[3.745s]   with modern CMake targets instead.  Try replacing this call with:
[3.745s] 
[3.745s]     target_link_libraries(moveit_collision_detection_bullet PUBLIC
[3.745s]       
[3.746s]     )
[3.746s] 
[3.746s] Call Stack (most recent call first):
[3.746s]   collision_detection_bullet/CMakeLists.txt:21 (ament_target_dependencies)
[3.746s] 
[3.746s] [0m
[3.752s] [0mCMake Deprecation Warning at /opt/ros/rolling/share/ament_cmake_target_dependencies/cmake/ament_target_dependencies.cmake:87 (message):
[3.752s]   ament_target_dependencies() is deprecated.  Use target_link_libraries()
[3.752s]   with modern CMake targets instead.  Try replacing this call with:
[3.752s] 
[3.752s]     target_link_libraries(moveit_collision_detection_bullet PUBLIC
[3.752s]       ${octomap_msgs_TARGETS}
[3.752s]       ${visualization_msgs_TARGETS}
[3.752s]       rclcpp::rclcpp
[3.752s]       rmw_implementation::rmw_implementation
[3.752s]       urdf::urdf
[3.752s]       urdfdom::urdfdom_model
[3.753s]       urdfdom::urdfdom_sensor
[3.753s]       urdfdom::urdfdom_world
[3.753s]       urdfdom_headers::urdfdom_headers
[3.753s]     )
[3.753s] 
[3.753s] Call Stack (most recent call first):
[3.753s]   collision_detection_bullet/CMakeLists.txt:22 (ament_target_dependencies)
[3.753s] 
[3.753s] [0m
[3.759s] [0mCMake Deprecation Warning at /opt/ros/rolling/share/ament_cmake_target_dependencies/cmake/ament_target_dependencies.cmake:87 (message):
[3.759s]   ament_target_dependencies() is deprecated.  Use target_link_libraries()
[3.759s]   with modern CMake targets instead.  Try replacing this call with:
[3.759s] 
[3.760s]     target_link_libraries(collision_detector_bullet_plugin PUBLIC
[3.760s]       
[3.760s]     )
[3.760s] 
[3.760s] Call Stack (most recent call first):
[3.760s]   collision_detection_bullet/CMakeLists.txt:38 (ament_target_dependencies)
[3.760s] 
[3.760s] [0m
[3.763s] [0mCMake Deprecation Warning at /opt/ros/rolling/share/ament_cmake_target_dependencies/cmake/ament_target_dependencies.cmake:87 (message):
[3.763s]   ament_target_dependencies() is deprecated.  Use target_link_libraries()
[3.763s]   with modern CMake targets instead.  Try replacing this call with:
[3.763s] 
[3.764s]     target_link_libraries(collision_detector_bullet_plugin PUBLIC
[3.764s]       ${octomap_msgs_TARGETS}
[3.764s]       ${visualization_msgs_TARGETS}
[3.764s]       pluginlib::pluginlib
[3.764s]       rclcpp::rclcpp
[3.764s]       rmw_implementation::rmw_implementation
[3.764s]       urdf::urdf
[3.764s]     )
[3.764s] 
[3.765s] Call Stack (most recent call first):
[3.765s]   collision_detection_bullet/CMakeLists.txt:39 (ament_target_dependencies)
[3.765s] 
[3.765s] [0m
[3.775s] -- Found ament_cmake_gtest: 2.8.4 (/opt/ros/rolling/share/ament_cmake_gtest/cmake)
[3.776s] -- Found gtest sources under '/opt/ros/rolling/src/gtest_vendor': C++ tests using 'Google Test' will be built
[3.792s] [0mCMake Deprecation Warning at /opt/ros/rolling/share/ament_cmake_target_dependencies/cmake/ament_target_dependencies.cmake:87 (message):
[3.792s]   ament_target_dependencies() is deprecated.  Use target_link_libraries()
[3.793s]   with modern CMake targets instead.  Try replacing this call with:
[3.793s] 
[3.793s]     target_link_libraries(moveit_collision_detection_fcl PUBLIC
[3.793s]       ${visualization_msgs_TARGETS}
[3.793s]       rclcpp::rclcpp
[3.793s]       rmw_implementation::rmw_implementation
[3.793s]       urdf::urdf
[3.793s]       urdfdom::urdfdom_model
[3.793s]       urdfdom::urdfdom_sensor
[3.793s]       urdfdom::urdfdom_world
[3.793s]       urdfdom_headers::urdfdom_headers
[3.793s]     )
[3.794s] 
[3.794s] Call Stack (most recent call first):
[3.794s]   collision_detection_fcl/CMakeLists.txt:14 (ament_target_dependencies)
[3.794s] 
[3.794s] [0m
[3.809s] [0mCMake Deprecation Warning at /opt/ros/rolling/share/ament_cmake_target_dependencies/cmake/ament_target_dependencies.cmake:87 (message):
[3.809s]   ament_target_dependencies() is deprecated.  Use target_link_libraries()
[3.809s]   with modern CMake targets instead.  Try replacing this call with:
[3.809s] 
[3.810s]     target_link_libraries(collision_detector_fcl_plugin PUBLIC
[3.810s]       ${visualization_msgs_TARGETS}
[3.810s]       pluginlib::pluginlib
[3.810s]       rclcpp::rclcpp
[3.810s]       rmw_implementation::rmw_implementation
[3.810s]       urdf::urdf
[3.810s]     )
[3.810s] 
[3.811s] Call Stack (most recent call first):
[3.811s]   collision_detection_fcl/CMakeLists.txt:29 (ament_target_dependencies)
[3.811s] 
[3.811s] [0m
[3.814s] -- Found gtest sources under '/opt/ros/rolling/src/gtest_vendor': C++ tests using 'Google Test' will be built
[3.839s] [0mCMake Deprecation Warning at /opt/ros/rolling/share/ament_cmake_target_dependencies/cmake/ament_target_dependencies.cmake:87 (message):
[3.839s]   ament_target_dependencies() is deprecated.  Use target_link_libraries()
[3.839s]   with modern CMake targets instead.  Try replacing this call with:
[3.839s] 
[3.839s]     target_link_libraries(moveit_collision_detection PUBLIC
[3.839s]       ${visualization_msgs_TARGETS}
[3.839s]       eigen_stl_containers::eigen_stl_containers
[3.839s]       geometric_shapes::geometric_shapes
[3.839s]       pluginlib::pluginlib
[3.839s]       rclcpp::rclcpp
[3.840s]       rmw_implementation::rmw_implementation
[3.840s]       srdfdom::srdfdom
[3.840s]       tf2_eigen::tf2_eigen
[3.840s]       urdf::urdf
[3.840s]       urdfdom::urdfdom_model
[3.841s]       urdfdom::urdfdom_sensor
[3.841s]       urdfdom::urdfdom_world
[3.841s]       urdfdom_headers::urdfdom_headers
[3.841s]     )
[3.841s] 
[3.842s] Call Stack (most recent call first):
[3.842s]   collision_detection/CMakeLists.txt:19 (ament_target_dependencies)
[3.842s] 
[3.842s] [0m
[3.860s] -- Found gtest sources under '/opt/ros/rolling/src/gtest_vendor': C++ tests using 'Google Test' will be built
[3.873s] [0mCMake Deprecation Warning at /opt/ros/rolling/share/ament_cmake_target_dependencies/cmake/ament_target_dependencies.cmake:87 (message):
[3.873s]   ament_target_dependencies() is deprecated.  Use target_link_libraries()
[3.873s]   with modern CMake targets instead.  Try replacing this call with:
[3.874s] 
[3.874s]     target_link_libraries(moveit_collision_distance_field PUBLIC
[3.874s]       ${visualization_msgs_TARGETS}
[3.874s]       geometric_shapes::geometric_shapes
[3.874s]       tf2_eigen::tf2_eigen
[3.874s]       urdf::urdf
[3.874s]     )
[3.874s] 
[3.874s] Call Stack (most recent call first):
[3.875s]   collision_distance_field/CMakeLists.txt:18 (ament_target_dependencies)
[3.875s] 
[3.875s] [0m
[3.880s] -- Found ament_cmake_gtest: 2.8.4 (/opt/ros/rolling/share/ament_cmake_gtest/cmake)
[3.884s] -- Found gtest sources under '/opt/ros/rolling/src/gtest_vendor': C++ tests using 'Google Test' will be built
[3.886s] [0mCMake Deprecation Warning at /opt/ros/rolling/share/ament_cmake_target_dependencies/cmake/ament_target_dependencies.cmake:87 (message):
[3.886s]   ament_target_dependencies() is deprecated.  Use target_link_libraries()
[3.886s]   with modern CMake targets instead.  Try replacing this call with:
[3.886s] 
[3.887s]     target_link_libraries(test_collision_distance_field PUBLIC
[3.888s]       geometric_shapes::geometric_shapes
[3.889s]       resource_retriever::resource_retriever
[3.889s]       srdfdom::srdfdom
[3.889s]     )
[3.889s] 
[3.889s] Call Stack (most recent call first):
[3.889s]   collision_distance_field/CMakeLists.txt:36 (ament_target_dependencies)
[3.889s] 
[3.889s] [0m
[3.899s] [0mCMake Deprecation Warning at /opt/ros/rolling/share/ament_cmake_target_dependencies/cmake/ament_target_dependencies.cmake:87 (message):
[3.899s]   ament_target_dependencies() is deprecated.  Use target_link_libraries()
[3.899s]   with modern CMake targets instead.  Try replacing this call with:
[3.899s] 
[3.899s]     target_link_libraries(moveit_constraint_samplers PUBLIC
[3.899s]       ${visualization_msgs_TARGETS}
[3.899s]       urdf::urdf
[3.899s]       urdfdom::urdfdom_model
[3.899s]       urdfdom::urdfdom_sensor
[3.899s]       urdfdom::urdfdom_world
[3.899s]       urdfdom_headers::urdfdom_headers
[3.899s]     )
[3.900s] 
[3.900s] Call Stack (most recent call first):
[3.900s]   constraint_samplers/CMakeLists.txt:12 (ament_target_dependencies)
[3.900s] 
[3.900s] [0m
[3.909s] -- Found ament_cmake_gmock: 2.8.4 (/opt/ros/rolling/share/ament_cmake_gmock/cmake)
[3.916s] -- Found gmock sources under '/opt/ros/rolling/src/gmock_vendor': C++ tests using 'Google Mock' will be built
[3.920s] -- Found ament_cmake_gtest: 2.8.4 (/opt/ros/rolling/share/ament_cmake_gtest/cmake)
[3.922s] -- Found gtest sources under '/opt/ros/rolling/src/gtest_vendor': C++ tests using 'Google Test' will be built
[3.923s] [0mCMake Deprecation Warning at /opt/ros/rolling/share/ament_cmake_target_dependencies/cmake/ament_target_dependencies.cmake:87 (message):
[3.923s]   ament_target_dependencies() is deprecated.  Use target_link_libraries()
[3.923s]   with modern CMake targets instead.  Try replacing this call with:
[3.923s] 
[3.924s]     target_link_libraries(test_constraint_samplers PUBLIC
[3.924s]       kdl_parser::kdl_parser
[3.924s]     )
[3.924s] 
[3.924s] Call Stack (most recent call first):
[3.924s]   constraint_samplers/CMakeLists.txt:46 (ament_target_dependencies)
[3.924s] 
[3.924s] [0m
[3.932s] [0mCMake Deprecation Warning at /opt/ros/rolling/share/ament_cmake_target_dependencies/cmake/ament_target_dependencies.cmake:87 (message):
[3.932s]   ament_target_dependencies() is deprecated.  Use target_link_libraries()
[3.932s]   with modern CMake targets instead.  Try replacing this call with:
[3.932s] 
[3.932s]     target_link_libraries(moveit_distance_field PUBLIC
[3.933s]       ${visualization_msgs_TARGETS}
[3.933s]       eigen_stl_containers::eigen_stl_containers
[3.933s]       geometric_shapes::geometric_shapes
[3.933s]       tf2_eigen::tf2_eigen
[3.933s]       urdfdom::urdfdom_model
[3.934s]       urdfdom::urdfdom_sensor
[3.934s]       urdfdom::urdfdom_world
[3.934s]       urdfdom_headers::urdfdom_headers
[3.934s]     )
[3.934s] 
[3.934s] Call Stack (most recent call first):
[3.934s]   distance_field/CMakeLists.txt:12 (ament_target_dependencies)
[3.934s] 
[3.934s] [0m
[3.946s] -- Found ament_cmake_gtest: 2.8.4 (/opt/ros/rolling/share/ament_cmake_gtest/cmake)
[3.947s] -- Found gtest sources under '/opt/ros/rolling/src/gtest_vendor': C++ tests using 'Google Test' will be built
[3.956s] [0mCMake Deprecation Warning at /opt/ros/rolling/share/ament_cmake_target_dependencies/cmake/ament_target_dependencies.cmake:87 (message):
[3.956s]   ament_target_dependencies() is deprecated.  Use target_link_libraries()
[3.956s]   with modern CMake targets instead.  Try replacing this call with:
[3.956s] 
[3.956s]     target_link_libraries(moveit_dynamics_solver PUBLIC
[3.956s]       ${visualization_msgs_TARGETS}
[3.956s]       kdl_parser::kdl_parser
[3.956s]       urdf::urdf
[3.956s]       urdfdom_headers::urdfdom_headers
[3.956s]     )
[3.956s] 
[3.956s] Call Stack (most recent call first):
[3.957s]   dynamics_solver/CMakeLists.txt:9 (ament_target_dependencies)
[3.957s] 
[3.957s] [0m
[3.974s] [0mCMake Deprecation Warning at /opt/ros/rolling/share/ament_cmake_target_dependencies/cmake/ament_target_dependencies.cmake:87 (message):
[3.974s]   ament_target_dependencies() is deprecated.  Use target_link_libraries()
[3.974s]   with modern CMake targets instead.  Try replacing this call with:
[3.974s] 
[3.975s]     target_link_libraries(moveit_exceptions PUBLIC
[3.975s]       rclcpp::rclcpp
[3.975s]       urdfdom::urdfdom_model
[3.975s]       urdfdom::urdfdom_sensor
[3.975s]       urdfdom::urdfdom_world
[3.975s]       urdfdom_headers::urdfdom_headers
[3.975s]     )
[3.975s] 
[3.975s] Call Stack (most recent call first):
[3.975s]   exceptions/CMakeLists.txt:8 (ament_target_dependencies)
[3.975s] 
[3.976s] [0m
[3.990s] [0mCMake Deprecation Warning at /opt/ros/rolling/share/ament_cmake_target_dependencies/cmake/ament_target_dependencies.cmake:87 (message):
[3.990s]   ament_target_dependencies() is deprecated.  Use target_link_libraries()
[3.990s]   with modern CMake targets instead.  Try replacing this call with:
[3.990s] 
[3.990s]     target_link_libraries(moveit_kinematic_constraints PUBLIC
[3.990s]       ${geometry_msgs_TARGETS}
[3.990s]       ${visualization_msgs_TARGETS}
[3.990s]       tf2_eigen::tf2_eigen
[3.991s]       tf2_geometry_msgs::tf2_geometry_msgs
[3.991s]       urdf::urdf
[3.991s]       urdfdom::urdfdom_model
[3.991s]       urdfdom::urdfdom_sensor
[3.991s]       urdfdom::urdfdom_world
[3.991s]       urdfdom_headers::urdfdom_headers
[3.991s]     )
[3.991s] 
[3.991s] Call Stack (most recent call first):
[3.991s]   kinematic_constraints/CMakeLists.txt:19 (ament_target_dependencies)
[3.991s] 
[3.991s] [0m
[4.005s] -- Found ament_cmake_gtest: 2.8.4 (/opt/ros/rolling/share/ament_cmake_gtest/cmake)
[4.009s] -- Found gtest sources under '/opt/ros/rolling/src/gtest_vendor': C++ tests using 'Google Test' will be built
[4.024s] [0mCMake Deprecation Warning at /opt/ros/rolling/share/ament_cmake_target_dependencies/cmake/ament_target_dependencies.cmake:87 (message):
[4.024s]   ament_target_dependencies() is deprecated.  Use target_link_libraries()
[4.024s]   with modern CMake targets instead.  Try replacing this call with:
[4.029s] 
[4.029s]     target_link_libraries(moveit_kinematics_base PUBLIC
[4.029s]       ${geometry_msgs_TARGETS}
[4.029s]       ${moveit_msgs_TARGETS}
[4.029s]       geometric_shapes::geometric_shapes
[4.029s]       rclcpp::rclcpp
[4.029s]       srdfdom::srdfdom
[4.029s]       urdf::urdf
[4.029s]       urdfdom_headers::urdfdom_headers
[4.029s]     )
[4.029s] 
[4.029s] Call Stack (most recent call first):
[4.029s]   kinematics_base/CMakeLists.txt:15 (ament_target_dependencies)
[4.030s] 
[4.030s] [0m
[4.047s] [0mCMake Deprecation Warning at /opt/ros/rolling/share/ament_cmake_target_dependencies/cmake/ament_target_dependencies.cmake:87 (message):
[4.047s]   ament_target_dependencies() is deprecated.  Use target_link_libraries()
[4.047s]   with modern CMake targets instead.  Try replacing this call with:
[4.047s] 
[4.047s]     target_link_libraries(moveit_kinematics_metrics PUBLIC
[4.048s]       ${visualization_msgs_TARGETS}
[4.048s]       urdf::urdf
[4.048s]       urdfdom_headers::urdfdom_headers
[4.048s]     )
[4.048s] 
[4.048s] Call Stack (most recent call first):
[4.048s]   kinematics_metrics/CMakeLists.txt:9 (ament_target_dependencies)
[4.048s] 
[4.048s] [0m
[4.060s] [0mCMake Deprecation Warning at /opt/ros/rolling/share/ament_cmake_target_dependencies/cmake/ament_target_dependencies.cmake:87 (message):
[4.060s]   ament_target_dependencies() is deprecated.  Use target_link_libraries()
[4.060s]   with modern CMake targets instead.  Try replacing this call with:
[4.061s] 
[4.061s]     target_link_libraries(moveit_smoothing_base PUBLIC
[4.061s]       rclcpp::rclcpp
[4.061s]       tf2_eigen::tf2_eigen
[4.061s]     )
[4.061s] 
[4.061s] Call Stack (most recent call first):
[4.062s]   online_signal_smoothing/CMakeLists.txt:13 (ament_target_dependencies)
[4.062s] 
[4.062s] [0m
[4.067s] [0mCMake Deprecation Warning at /opt/ros/rolling/share/ament_cmake_target_dependencies/cmake/ament_target_dependencies.cmake:87 (message):
[4.068s]   ament_target_dependencies() is deprecated.  Use target_link_libraries()
[4.068s]   with modern CMake targets instead.  Try replacing this call with:
[4.068s] 
[4.068s]     target_link_libraries(moveit_acceleration_filter PUBLIC
[4.068s]       pluginlib::pluginlib
[4.068s]       srdfdom::srdfdom
[4.068s]     )
[4.068s] 
[4.068s] Call Stack (most recent call first):
[4.068s]   online_signal_smoothing/CMakeLists.txt:28 (ament_target_dependencies)
[4.068s] 
[4.069s] [0m
[4.075s] [0mCMake Deprecation Warning at /opt/ros/rolling/share/ament_cmake_target_dependencies/cmake/ament_target_dependencies.cmake:87 (message):
[4.075s]   ament_target_dependencies() is deprecated.  Use target_link_libraries()
[4.076s]   with modern CMake targets instead.  Try replacing this call with:
[4.076s] 
[4.076s]     target_link_libraries(moveit_butterworth_filter PUBLIC
[4.076s]       pluginlib::pluginlib
[4.076s]       srdfdom::srdfdom
[4.076s]     )
[4.076s] 
[4.076s] Call Stack (most recent call first):
[4.076s]   online_signal_smoothing/CMakeLists.txt:45 (ament_target_dependencies)
[4.076s] 
[4.076s] [0m
[4.081s] [0mCMake Deprecation Warning at /opt/ros/rolling/share/ament_cmake_target_dependencies/cmake/ament_target_dependencies.cmake:87 (message):
[4.081s]   ament_target_dependencies() is deprecated.  Use target_link_libraries()
[4.081s]   with modern CMake targets instead.  Try replacing this call with:
[4.081s] 
[4.081s]     target_link_libraries(moveit_ruckig_filter PUBLIC
[4.081s]       pluginlib::pluginlib
[4.081s]       srdfdom::srdfdom
[4.081s]     )
[4.081s] 
[4.081s] Call Stack (most recent call first):
[4.082s]   online_signal_smoothing/CMakeLists.txt:61 (ament_target_dependencies)
[4.082s] 
[4.082s] [0m
[4.086s] -- Found ament_cmake_gtest: 2.8.4 (/opt/ros/rolling/share/ament_cmake_gtest/cmake)
[4.091s] -- Found gtest sources under '/opt/ros/rolling/src/gtest_vendor': C++ tests using 'Google Test' will be built
[4.099s] [0mCMake Deprecation Warning at /opt/ros/rolling/share/ament_cmake_target_dependencies/cmake/ament_target_dependencies.cmake:87 (message):
[4.099s]   ament_target_dependencies() is deprecated.  Use target_link_libraries()
[4.099s]   with modern CMake targets instead.  Try replacing this call with:
[4.099s] 
[4.099s]     target_link_libraries(moveit_planning_interface PUBLIC
[4.099s]       ${moveit_msgs_TARGETS}
[4.099s]       urdf::urdf
[4.099s]       urdfdom::urdfdom_model
[4.099s]       urdfdom::urdfdom_sensor
[4.099s]       urdfdom::urdfdom_world
[4.099s]       urdfdom_headers::urdfdom_headers
[4.099s]     )
[4.100s] 
[4.100s] Call Stack (most recent call first):
[4.100s]   planning_interface/CMakeLists.txt:9 (ament_target_dependencies)
[4.100s] 
[4.100s] [0m
[4.110s] [0mCMake Deprecation Warning at /opt/ros/rolling/share/ament_cmake_target_dependencies/cmake/ament_target_dependencies.cmake:87 (message):
[4.110s]   ament_target_dependencies() is deprecated.  Use target_link_libraries()
[4.110s]   with modern CMake targets instead.  Try replacing this call with:
[4.110s] 
[4.110s]     target_link_libraries(moveit_planning_scene PUBLIC
[4.111s]       ${octomap_msgs_TARGETS}
[4.111s]       rclcpp::rclcpp
[4.111s]       urdfdom::urdfdom_model
[4.111s]       urdfdom::urdfdom_sensor
[4.111s]       urdfdom::urdfdom_world
[4.111s]       urdfdom_headers::urdfdom_headers
[4.111s]     )
[4.111s] 
[4.111s] Call Stack (most recent call first):
[4.111s]   planning_scene/CMakeLists.txt:13 (ament_target_dependencies)
[4.111s] 
[4.111s] [0m
[4.121s] -- Found ament_cmake_gtest: 2.8.4 (/opt/ros/rolling/share/ament_cmake_gtest/cmake)
[4.122s] -- Found gtest sources under '/opt/ros/rolling/src/gtest_vendor': C++ tests using 'Google Test' will be built
[4.127s] [0mCMake Deprecation Warning at /opt/ros/rolling/share/ament_cmake_target_dependencies/cmake/ament_target_dependencies.cmake:87 (message):
[4.127s]   ament_target_dependencies() is deprecated.  Use target_link_libraries()
[4.127s]   with modern CMake targets instead.  Try replacing this call with:
[4.127s] 
[4.127s]     target_link_libraries(test_planning_scene PUBLIC
[4.127s]       geometric_shapes::geometric_shapes
[4.128s]       srdfdom::srdfdom
[4.128s]     )
[4.128s] 
[4.128s] Call Stack (most recent call first):
[4.128s]   planning_scene/CMakeLists.txt:50 (ament_target_dependencies)
[4.128s] 
[4.128s] [0m
[4.138s] [0mCMake Deprecation Warning at /opt/ros/rolling/share/ament_cmake_target_dependencies/cmake/ament_target_dependencies.cmake:87 (message):
[4.138s]   ament_target_dependencies() is deprecated.  Use target_link_libraries()
[4.139s]   with modern CMake targets instead.  Try replacing this call with:
[4.139s] 
[4.139s]     target_link_libraries(moveit_robot_model PUBLIC
[4.139s]       ${moveit_msgs_TARGETS}
[4.139s]       ${visualization_msgs_TARGETS}
[4.139s]       angles::angles
[4.139s]       eigen_stl_containers::eigen_stl_containers
[4.139s]       geometric_shapes::geometric_shapes
[4.139s]       srdfdom::srdfdom
[4.139s]       urdf::urdf
[4.139s]       urdfdom_headers::urdfdom_headers
[4.139s]     )
[4.139s] 
[4.139s] Call Stack (most recent call first):
[4.140s]   robot_model/CMakeLists.txt:31 (ament_target_dependencies)
[4.140s] 
[4.140s] [0m
[4.151s] -- Found ament_cmake_gtest: 2.8.4 (/opt/ros/rolling/share/ament_cmake_gtest/cmake)
[4.152s] -- Found gtest sources under '/opt/ros/rolling/src/gtest_vendor': C++ tests using 'Google Test' will be built
[4.154s] [0mCMake Deprecation Warning at /opt/ros/rolling/share/ament_cmake_target_dependencies/cmake/ament_target_dependencies.cmake:87 (message):
[4.154s]   ament_target_dependencies() is deprecated.  Use target_link_libraries()
[4.154s]   with modern CMake targets instead.  Try replacing this call with:
[4.154s] 
[4.155s]     target_link_libraries(test_robot_model PUBLIC
[4.155s]       rclcpp::rclcpp
[4.155s]     )
[4.155s] 
[4.155s] Call Stack (most recent call first):
[4.155s]   robot_model/CMakeLists.txt:48 (ament_target_dependencies)
[4.155s] 
[4.155s] [0m
[4.164s] [0mCMake Deprecation Warning at /opt/ros/rolling/share/ament_cmake_target_dependencies/cmake/ament_target_dependencies.cmake:87 (message):
[4.164s]   ament_target_dependencies() is deprecated.  Use target_link_libraries()
[4.164s]   with modern CMake targets instead.  Try replacing this call with:
[4.165s] 
[4.165s]     target_link_libraries(moveit_robot_state PUBLIC
[4.165s]       eigen_stl_containers::eigen_stl_containers
[4.165s]       geometric_shapes::geometric_shapes
[4.165s]       tf2_geometry_msgs::tf2_geometry_msgs
[4.165s]       urdf::urdf
[4.165s]       urdfdom_headers::urdfdom_headers
[4.165s]     )
[4.165s] 
[4.165s] Call Stack (most recent call first):
[4.166s]   robot_state/CMakeLists.txt:10 (ament_target_dependencies)
[4.166s] 
[4.166s] [0m
[4.177s] -- Found ament_cmake_google_benchmark: 2.8.4 (/opt/ros/rolling/share/ament_cmake_google_benchmark/cmake)
[4.179s] -- Found ament_cmake_gtest: 2.8.4 (/opt/ros/rolling/share/ament_cmake_gtest/cmake)
[4.183s] -- Found gmock sources under '/opt/ros/rolling/src/gmock_vendor': C++ tests using 'Google Mock' will be built
[4.183s] -- Found gtest sources under '/opt/ros/rolling/src/gtest_vendor': C++ tests using 'Google Test' will be built
[4.194s] -- Performance tests are disabled by default, so Google Benchmark tests will be skipped. To enable these tests, set the CMake variable 'AMENT_RUN_PERFORMANCE_TESTS'.
[4.195s] [0mCMake Deprecation Warning at /opt/ros/rolling/share/ament_cmake_target_dependencies/cmake/ament_target_dependencies.cmake:87 (message):
[4.195s]   ament_target_dependencies() is deprecated.  Use target_link_libraries()
[4.195s]   with modern CMake targets instead.  Try replacing this call with:
[4.195s] 
[4.195s]     target_link_libraries(robot_state_benchmark PUBLIC
[4.195s]       kdl_parser::kdl_parser
[4.195s]     )
[4.195s] 
[4.196s] Call Stack (most recent call first):
[4.196s]   robot_state/CMakeLists.txt:61 (ament_target_dependencies)
[4.196s] 
[4.196s] [0m
[4.199s] [0mCMake Deprecation Warning at /opt/ros/rolling/share/ament_cmake_target_dependencies/cmake/ament_target_dependencies.cmake:87 (message):
[4.200s]   ament_target_dependencies() is deprecated.  Use target_link_libraries()
[4.200s]   with modern CMake targets instead.  Try replacing this call with:
[4.200s] 
[4.200s]     target_link_libraries(moveit_robot_trajectory PUBLIC
[4.200s]       rclcpp::rclcpp
[4.201s]       urdfdom::urdfdom_model
[4.201s]       urdfdom::urdfdom_sensor
[4.201s]       urdfdom::urdfdom_world
[4.201s]       urdfdom_headers::urdfdom_headers
[4.201s]     )
[4.201s] 
[4.202s] Call Stack (most recent call first):
[4.202s]   robot_trajectory/CMakeLists.txt:8 (ament_target_dependencies)
[4.202s] 
[4.202s] [0m
[4.204s] -- Found gtest sources under '/opt/ros/rolling/src/gtest_vendor': C++ tests using 'Google Test' will be built
[4.211s] [0mCMake Deprecation Warning at /opt/ros/rolling/share/ament_cmake_target_dependencies/cmake/ament_target_dependencies.cmake:87 (message):
[4.211s]   ament_target_dependencies() is deprecated.  Use target_link_libraries()
[4.211s]   with modern CMake targets instead.  Try replacing this call with:
[4.211s] 
[4.211s]     target_link_libraries(moveit_trajectory_processing PUBLIC
[4.211s]       ${visualization_msgs_TARGETS}
[4.211s]       rclcpp::rclcpp
[4.211s]       rmw_implementation::rmw_implementation
[4.212s]       urdf::urdf
[4.212s]       urdfdom::urdfdom_model
[4.212s]       urdfdom::urdfdom_sensor
[4.212s]       urdfdom::urdfdom_world
[4.212s]       urdfdom_headers::urdfdom_headers
[4.212s]     )
[4.212s] 
[4.212s] Call Stack (most recent call first):
[4.212s]   trajectory_processing/CMakeLists.txt:11 (ament_target_dependencies)
[4.212s] 
[4.212s] [0m
[4.223s] -- Found ament_cmake_google_benchmark: 2.8.4 (/opt/ros/rolling/share/ament_cmake_google_benchmark/cmake)
[4.225s] -- Found ament_cmake_gtest: 2.8.4 (/opt/ros/rolling/share/ament_cmake_gtest/cmake)
[4.229s] -- Found gtest sources under '/opt/ros/rolling/src/gtest_vendor': C++ tests using 'Google Test' will be built
[4.237s] -- Performance tests are disabled by default, so Google Benchmark tests will be skipped. To enable these tests, set the CMake variable 'AMENT_RUN_PERFORMANCE_TESTS'.
[4.240s] [0mCMake Deprecation Warning at /opt/ros/rolling/share/ament_cmake_target_dependencies/cmake/ament_target_dependencies.cmake:87 (message):
[4.241s]   ament_target_dependencies() is deprecated.  Use target_link_libraries()
[4.241s]   with modern CMake targets instead.  Try replacing this call with:
[4.241s] 
[4.241s]     target_link_libraries(moveit_transforms PUBLIC
[4.241s]       geometric_shapes::geometric_shapes
[4.241s]       rclcpp::rclcpp
[4.241s]       rmw_implementation::rmw_implementation
[4.242s]       tf2_eigen::tf2_eigen
[4.242s]       urdfdom::urdfdom_model
[4.242s]       urdfdom::urdfdom_sensor
[4.242s]       urdfdom::urdfdom_world
[4.242s]       urdfdom_headers::urdfdom_headers
[4.242s]     )
[4.242s] 
[4.242s] Call Stack (most recent call first):
[4.242s]   transforms/CMakeLists.txt:9 (ament_target_dependencies)
[4.243s] 
[4.243s] [0m
[4.251s] -- Found ament_cmake_gtest: 2.8.4 (/opt/ros/rolling/share/ament_cmake_gtest/cmake)
[4.252s] -- Found gtest sources under '/opt/ros/rolling/src/gtest_vendor': C++ tests using 'Google Test' will be built
[4.257s] [0mCMake Deprecation Warning at /opt/ros/rolling/share/ament_cmake_target_dependencies/cmake/ament_target_dependencies.cmake:87 (message):
[4.257s]   ament_target_dependencies() is deprecated.  Use target_link_libraries()
[4.257s]   with modern CMake targets instead.  Try replacing this call with:
[4.257s] 
[4.257s]     target_link_libraries(moveit_utils PUBLIC
[4.257s]       ${moveit_msgs_TARGETS}
[4.258s]       rclcpp::rclcpp
[4.258s]     )
[4.258s] 
[4.258s] Call Stack (most recent call first):
[4.258s]   utils/CMakeLists.txt:6 (ament_target_dependencies)
[4.258s] 
[4.258s] [0m
[4.267s] [0mCMake Deprecation Warning at /opt/ros/rolling/share/ament_cmake_target_dependencies/cmake/ament_target_dependencies.cmake:87 (message):
[4.267s]   ament_target_dependencies() is deprecated.  Use target_link_libraries()
[4.267s]   with modern CMake targets instead.  Try replacing this call with:
[4.269s] 
[4.270s]     target_link_libraries(moveit_test_utils PUBLIC
[4.270s]       ${geometry_msgs_TARGETS}
[4.270s]       ament_index_cpp::ament_index_cpp
[4.270s]       pluginlib::pluginlib
[4.270s]       rclcpp::rclcpp
[4.270s]       srdfdom::srdfdom
[4.270s]       urdf::urdf
[4.270s]       urdfdom::urdfdom_model
[4.270s]       urdfdom::urdfdom_sensor
[4.270s]       urdfdom::urdfdom_world
[4.270s]       urdfdom_headers::urdfdom_headers
[4.270s]     )
[4.270s] 
[4.270s] Call Stack (most recent call first):
[4.270s]   utils/CMakeLists.txt:21 (ament_target_dependencies)
[4.271s] 
[4.271s] [0m
[4.295s] -- Found launch_testing_ament_cmake: 3.9.2 (/opt/ros/rolling/share/launch_testing_ament_cmake/cmake)
[4.299s] --  *** Building MoveIt 2.14.0 devel ***
[4.314s] -- Configuring done (4.2s)
[5.918s] -- Generating done (1.4s)
[6.150s] -- Build files have been written to: /home/fabian/moveit2/build/moveit_core
[6.197s] Invoked command in '/home/fabian/moveit2/build/moveit_core' returned '0': AMENT_PREFIX_PATH=/home/fabian/moveit2/install/moveit_common:${AMENT_PREFIX_PATH} CMAKE_PREFIX_PATH=/home/fabian/moveit2/install/moveit_common:/home/fabian/yb_support/ros_odrive/install/odrive_ros2_control:/home/fabian/yb_support/ros_odrive/install/odrive_can:/home/fabian/yb_support/slam_toolbox/install/slam_toolbox:/home/fabian/yb_support/my_msgs/install/my_msgs:/home/fabian/yb_support/pointcloud_to_laserscan/install/pointcloud_to_laserscan:/home/fabian/yb_support/mecanum_drive_controller/install/mecanum_drive_controller:/home/fabian/ros2_ws/install/ros2_control_demo_example_2:/home/fabian/ros2_ws/install/ros2_control_demo_description:/home/fabian/yahboom_rosmaster/install/yahboom_rosmaster:/home/fabian/yahboom_rosmaster/install/yahboom_rosmaster_system_tests:/home/fabian/yahboom_rosmaster/install/yahboom_rosmaster_navigation:/home/fabian/yahboom_rosmaster/install/yahboom_rosmaster_msgs:/home/fabian/yahboom_rosmaster/install/yahboom_rosmaster_localization:/home/fabian/yahboom_rosmaster/install/yahboom_rosmaster_gazebo:/home/fabian/yahboom_rosmaster/install/yahboom_rosmaster_docking:/home/fabian/yahboom_rosmaster/install/yahboom_rosmaster_description:/home/fabian/yahboom_rosmaster/install/yahboom_rosmaster_bringup:/home/fabian/yahboom_rosmaster/install/mecanum_drive_controller:/home/fabian/cartesian_controllers/install/cartesian_compliance_controller:/home/fabian/cartesian_controllers/install/cartesian_motion_controller:/home/fabian/cartesian_controllers/install/cartesian_force_controller:/home/fabian/cartesian_controllers/install/cartesian_controller_utilities:/home/fabian/youbot_ws/install/youbot:/home/fabian/yb_support/urdf_parser_py/install/urdfdom_py:/home/fabian/yb_support/twist_stamper/install/twist_stamper:/home/fabian/yb_support/kdl_parser_py/install/kdl_parser_py:/opt/ros/rolling:/home/fabian/cartesian_controllers/install/cartesian_controller_tests:/home/fabian/cartesian_controllers/install/cartesian_controller_simulation:/home/fabian/cartesian_controllers/install/cartesian_controller_handles:/home/fabian/cartesian_controllers/install/cartesian_controller_base:/home/fabian/ros2_control_demos/example_7/install/ros2_control_demo_example_7:/home/fabian/yb_support/unilidar_sdk2/install/unitree_lidar_ros2:/home/fabian/fixslam/install/geometry_msgs:/home/fabian/fixslam/install/std_msgs:/opt/ros/rolling/opt/gz_sim_vendor:/opt/ros/rolling/opt/gz_sensors_vendor:/opt/ros/rolling/opt/gz_physics_vendor:/opt/ros/rolling/opt/sdformat_vendor:/opt/ros/rolling/opt/gz_gui_vendor:/opt/ros/rolling/opt/gz_transport_vendor:/opt/ros/rolling/opt/gz_rendering_vendor:/opt/ros/rolling/opt/gz_plugin_vendor:/opt/ros/rolling/opt/gz_fuel_tools_vendor:/opt/ros/rolling/opt/gz_msgs_vendor:/opt/ros/rolling/opt/gz_common_vendor:/opt/ros/rolling/opt/gz_math_vendor:/opt/ros/rolling/opt/gz_utils_vendor:/opt/ros/rolling/opt/gz_tools_vendor:/opt/ros/rolling/opt/gz_ogre_next_vendor:/opt/ros/rolling/opt/gz_dartsim_vendor:/opt/ros/rolling/opt/gz_cmake_vendor DEBUGINFOD_URLS=https://debuginfod.ubuntu.com /usr/bin/cmake /home/fabian/moveit2/moveit_core -DCMAKE_INSTALL_PREFIX=/home/fabian/moveit2/install/moveit_core
[6.199s] Invoking command in '/home/fabian/moveit2/build/moveit_core': AMENT_PREFIX_PATH=/home/fabian/moveit2/install/moveit_common:${AMENT_PREFIX_PATH} CMAKE_PREFIX_PATH=/home/fabian/moveit2/install/moveit_common:/home/fabian/yb_support/ros_odrive/install/odrive_ros2_control:/home/fabian/yb_support/ros_odrive/install/odrive_can:/home/fabian/yb_support/slam_toolbox/install/slam_toolbox:/home/fabian/yb_support/my_msgs/install/my_msgs:/home/fabian/yb_support/pointcloud_to_laserscan/install/pointcloud_to_laserscan:/home/fabian/yb_support/mecanum_drive_controller/install/mecanum_drive_controller:/home/fabian/ros2_ws/install/ros2_control_demo_example_2:/home/fabian/ros2_ws/install/ros2_control_demo_description:/home/fabian/yahboom_rosmaster/install/yahboom_rosmaster:/home/fabian/yahboom_rosmaster/install/yahboom_rosmaster_system_tests:/home/fabian/yahboom_rosmaster/install/yahboom_rosmaster_navigation:/home/fabian/yahboom_rosmaster/install/yahboom_rosmaster_msgs:/home/fabian/yahboom_rosmaster/install/yahboom_rosmaster_localization:/home/fabian/yahboom_rosmaster/install/yahboom_rosmaster_gazebo:/home/fabian/yahboom_rosmaster/install/yahboom_rosmaster_docking:/home/fabian/yahboom_rosmaster/install/yahboom_rosmaster_description:/home/fabian/yahboom_rosmaster/install/yahboom_rosmaster_bringup:/home/fabian/yahboom_rosmaster/install/mecanum_drive_controller:/home/fabian/cartesian_controllers/install/cartesian_compliance_controller:/home/fabian/cartesian_controllers/install/cartesian_motion_controller:/home/fabian/cartesian_controllers/install/cartesian_force_controller:/home/fabian/cartesian_controllers/install/cartesian_controller_utilities:/home/fabian/youbot_ws/install/youbot:/home/fabian/yb_support/urdf_parser_py/install/urdfdom_py:/home/fabian/yb_support/twist_stamper/install/twist_stamper:/home/fabian/yb_support/kdl_parser_py/install/kdl_parser_py:/opt/ros/rolling:/home/fabian/cartesian_controllers/install/cartesian_controller_tests:/home/fabian/cartesian_controllers/install/cartesian_controller_simulation:/home/fabian/cartesian_controllers/install/cartesian_controller_handles:/home/fabian/cartesian_controllers/install/cartesian_controller_base:/home/fabian/ros2_control_demos/example_7/install/ros2_control_demo_example_7:/home/fabian/yb_support/unilidar_sdk2/install/unitree_lidar_ros2:/home/fabian/fixslam/install/geometry_msgs:/home/fabian/fixslam/install/std_msgs:/opt/ros/rolling/opt/gz_sim_vendor:/opt/ros/rolling/opt/gz_sensors_vendor:/opt/ros/rolling/opt/gz_physics_vendor:/opt/ros/rolling/opt/sdformat_vendor:/opt/ros/rolling/opt/gz_gui_vendor:/opt/ros/rolling/opt/gz_transport_vendor:/opt/ros/rolling/opt/gz_rendering_vendor:/opt/ros/rolling/opt/gz_plugin_vendor:/opt/ros/rolling/opt/gz_fuel_tools_vendor:/opt/ros/rolling/opt/gz_msgs_vendor:/opt/ros/rolling/opt/gz_common_vendor:/opt/ros/rolling/opt/gz_math_vendor:/opt/ros/rolling/opt/gz_utils_vendor:/opt/ros/rolling/opt/gz_tools_vendor:/opt/ros/rolling/opt/gz_ogre_next_vendor:/opt/ros/rolling/opt/gz_dartsim_vendor:/opt/ros/rolling/opt/gz_cmake_vendor DEBUGINFOD_URLS=https://debuginfod.ubuntu.com /usr/bin/cmake --build /home/fabian/moveit2/build/moveit_core -- -j7 -l7
[6.333s] [  1%] Built target moveit_acceleration_filter_parameters
[6.344s] [  2%] Built target gtest_main
[6.345s] [  3%] Built target gtest
[6.362s] [  5%] Built target moveit_smoothing_base
[6.376s] [  8%] Built target gmock
[6.376s] [  8%] Built target gmock_main
[6.388s] [ 11%] Built target moveit_utils
[6.413s] [ 12%] Built target moveit_butterworth_filter_parameters
[6.414s] [ 13%] Built target moveit_ruckig_filter_parameters
[6.414s] [ 14%] [34m[1mGenerate version header[0m
[6.459s] [ 16%] Built target moveit_exceptions
[6.471s] [ 17%] Built target logger_dut
[6.474s] [ 18%] Built target moveit_transforms
[6.497s] [ 20%] Built target moveit_distance_field
[6.499s] [ 21%] [34m[1mGenerating version.hpp[0m
[6.523s] [ 21%] Built target version_hpp
[6.540s] [ 22%] Built target test_transforms
[6.567s] [ 23%] Built target test_voxel_grid
[6.570s] [ 29%] Built target moveit_robot_model
[6.577s] [ 30%] Built target moveit_version
[6.586s] [ 31%] Built target test_distance_field
[6.633s] [ 32%] Built target moveit_kinematics_base
[6.633s] [ 33%] Built target moveit_butterworth_filter
[6.697s] [ 34%] Built target test_butterworth_filter
[6.708s] [ 35%] Built target moveit_test_utils
[6.720s] [ 38%] Built target moveit_robot_state
[6.795s] [ 39%] Built target test_robot_model
[6.809s] [ 40%] Built target moveit_ruckig_filter
[6.819s] [ 41%] Built target moveit_dynamics_solver
[6.825s] [ 42%] Built target moveit_robot_trajectory
[6.834s] [ 43%] Built target moveit_kinematics_metrics
[6.852s] [ 44%] Built target moveit_acceleration_filter
[6.892s] [ 50%] Built target moveit_collision_detection
[6.894s] [ 51%] Built target test_robot_state_complex
[6.913s] [ 53%] Built target test_robot_state
[6.921s] [ 54%] Built target test_aabb
[6.932s] [ 55%] Built target test_cartesian_interpolator
[6.968s] [ 56%] Built target robot_state_benchmark
[6.969s] [ 57%] Built target test_robot_trajectory
[6.998s] [ 59%] Built target moveit_collision_detection_fcl
[7.031s] [ 60%] Built target test_world
[7.052s] [ 61%] Built target test_world_diff
[7.064s] [ 63%] Built target moveit_trajectory_processing
[7.070s] [ 64%] Built target test_all_valid
[7.077s] [ 65%] Built target test_acceleration_filter
[7.091s] [ 69%] Built target moveit_collision_detection_bullet
[7.137s] [ 70%] Built target test_fcl_collision_env
[7.175s] [ 71%] Built target test_fcl_collision_detection
[7.177s] [ 72%] Built target test_ruckig_traj_smoothing
[7.187s] [ 73%] Built target test_fcl_collision_detection_panda
[7.193s] [ 74%] Built target moveit_kinematic_constraints
[7.199s] [ 75%] Built target test_time_optimal_trajectory_generation
[7.241s] [ 76%] Built target robot_trajectory_benchmark
[7.311s] [ 78%] Built target test_bullet_collision_detection
[7.316s] [ 79%] Built target test_bullet_collision_detection_panda
[7.335s] [ 80%] Built target moveit_planning_scene
[7.336s] [ 82%] Built target test_constraints
[7.337s] [ 83%] Built target test_orientation_constraints
[7.346s] [ 84%] Built target test_bullet_continuous_collision_checking
[7.449s] [ 85%] Built target collision_detector_bullet_plugin
[7.458s] [ 86%] Built target test_planning_scene
[7.465s] [ 87%] Built target test_collision_objects
[7.466s] [ 88%] Built target collision_detector_fcl_plugin
[7.471s] [ 90%] Built target moveit_planning_interface
[7.489s] [ 94%] Built target moveit_constraint_samplers
[7.490s] [ 96%] Built target moveit_collision_distance_field
[7.530s] [ 97%] Built target test_multi_threaded
[7.567s] [ 98%] Built target test_collision_distance_field
[7.576s] [100%] Built target test_constraint_samplers
[7.603s] Invoked command in '/home/fabian/moveit2/build/moveit_core' returned '0': AMENT_PREFIX_PATH=/home/fabian/moveit2/install/moveit_common:${AMENT_PREFIX_PATH} CMAKE_PREFIX_PATH=/home/fabian/moveit2/install/moveit_common:/home/fabian/yb_support/ros_odrive/install/odrive_ros2_control:/home/fabian/yb_support/ros_odrive/install/odrive_can:/home/fabian/yb_support/slam_toolbox/install/slam_toolbox:/home/fabian/yb_support/my_msgs/install/my_msgs:/home/fabian/yb_support/pointcloud_to_laserscan/install/pointcloud_to_laserscan:/home/fabian/yb_support/mecanum_drive_controller/install/mecanum_drive_controller:/home/fabian/ros2_ws/install/ros2_control_demo_example_2:/home/fabian/ros2_ws/install/ros2_control_demo_description:/home/fabian/yahboom_rosmaster/install/yahboom_rosmaster:/home/fabian/yahboom_rosmaster/install/yahboom_rosmaster_system_tests:/home/fabian/yahboom_rosmaster/install/yahboom_rosmaster_navigation:/home/fabian/yahboom_rosmaster/install/yahboom_rosmaster_msgs:/home/fabian/yahboom_rosmaster/install/yahboom_rosmaster_localization:/home/fabian/yahboom_rosmaster/install/yahboom_rosmaster_gazebo:/home/fabian/yahboom_rosmaster/install/yahboom_rosmaster_docking:/home/fabian/yahboom_rosmaster/install/yahboom_rosmaster_description:/home/fabian/yahboom_rosmaster/install/yahboom_rosmaster_bringup:/home/fabian/yahboom_rosmaster/install/mecanum_drive_controller:/home/fabian/cartesian_controllers/install/cartesian_compliance_controller:/home/fabian/cartesian_controllers/install/cartesian_motion_controller:/home/fabian/cartesian_controllers/install/cartesian_force_controller:/home/fabian/cartesian_controllers/install/cartesian_controller_utilities:/home/fabian/youbot_ws/install/youbot:/home/fabian/yb_support/urdf_parser_py/install/urdfdom_py:/home/fabian/yb_support/twist_stamper/install/twist_stamper:/home/fabian/yb_support/kdl_parser_py/install/kdl_parser_py:/opt/ros/rolling:/home/fabian/cartesian_controllers/install/cartesian_controller_tests:/home/fabian/cartesian_controllers/install/cartesian_controller_simulation:/home/fabian/cartesian_controllers/install/cartesian_controller_handles:/home/fabian/cartesian_controllers/install/cartesian_controller_base:/home/fabian/ros2_control_demos/example_7/install/ros2_control_demo_example_7:/home/fabian/yb_support/unilidar_sdk2/install/unitree_lidar_ros2:/home/fabian/fixslam/install/geometry_msgs:/home/fabian/fixslam/install/std_msgs:/opt/ros/rolling/opt/gz_sim_vendor:/opt/ros/rolling/opt/gz_sensors_vendor:/opt/ros/rolling/opt/gz_physics_vendor:/opt/ros/rolling/opt/sdformat_vendor:/opt/ros/rolling/opt/gz_gui_vendor:/opt/ros/rolling/opt/gz_transport_vendor:/opt/ros/rolling/opt/gz_rendering_vendor:/opt/ros/rolling/opt/gz_plugin_vendor:/opt/ros/rolling/opt/gz_fuel_tools_vendor:/opt/ros/rolling/opt/gz_msgs_vendor:/opt/ros/rolling/opt/gz_common_vendor:/opt/ros/rolling/opt/gz_math_vendor:/opt/ros/rolling/opt/gz_utils_vendor:/opt/ros/rolling/opt/gz_tools_vendor:/opt/ros/rolling/opt/gz_ogre_next_vendor:/opt/ros/rolling/opt/gz_dartsim_vendor:/opt/ros/rolling/opt/gz_cmake_vendor DEBUGINFOD_URLS=https://debuginfod.ubuntu.com /usr/bin/cmake --build /home/fabian/moveit2/build/moveit_core -- -j7 -l7
[7.604s] Invoking command in '/home/fabian/moveit2/build/moveit_core': AMENT_PREFIX_PATH=/home/fabian/moveit2/install/moveit_common:${AMENT_PREFIX_PATH} CMAKE_PREFIX_PATH=/home/fabian/moveit2/install/moveit_common:/home/fabian/yb_support/ros_odrive/install/odrive_ros2_control:/home/fabian/yb_support/ros_odrive/install/odrive_can:/home/fabian/yb_support/slam_toolbox/install/slam_toolbox:/home/fabian/yb_support/my_msgs/install/my_msgs:/home/fabian/yb_support/pointcloud_to_laserscan/install/pointcloud_to_laserscan:/home/fabian/yb_support/mecanum_drive_controller/install/mecanum_drive_controller:/home/fabian/ros2_ws/install/ros2_control_demo_example_2:/home/fabian/ros2_ws/install/ros2_control_demo_description:/home/fabian/yahboom_rosmaster/install/yahboom_rosmaster:/home/fabian/yahboom_rosmaster/install/yahboom_rosmaster_system_tests:/home/fabian/yahboom_rosmaster/install/yahboom_rosmaster_navigation:/home/fabian/yahboom_rosmaster/install/yahboom_rosmaster_msgs:/home/fabian/yahboom_rosmaster/install/yahboom_rosmaster_localization:/home/fabian/yahboom_rosmaster/install/yahboom_rosmaster_gazebo:/home/fabian/yahboom_rosmaster/install/yahboom_rosmaster_docking:/home/fabian/yahboom_rosmaster/install/yahboom_rosmaster_description:/home/fabian/yahboom_rosmaster/install/yahboom_rosmaster_bringup:/home/fabian/yahboom_rosmaster/install/mecanum_drive_controller:/home/fabian/cartesian_controllers/install/cartesian_compliance_controller:/home/fabian/cartesian_controllers/install/cartesian_motion_controller:/home/fabian/cartesian_controllers/install/cartesian_force_controller:/home/fabian/cartesian_controllers/install/cartesian_controller_utilities:/home/fabian/youbot_ws/install/youbot:/home/fabian/yb_support/urdf_parser_py/install/urdfdom_py:/home/fabian/yb_support/twist_stamper/install/twist_stamper:/home/fabian/yb_support/kdl_parser_py/install/kdl_parser_py:/opt/ros/rolling:/home/fabian/cartesian_controllers/install/cartesian_controller_tests:/home/fabian/cartesian_controllers/install/cartesian_controller_simulation:/home/fabian/cartesian_controllers/install/cartesian_controller_handles:/home/fabian/cartesian_controllers/install/cartesian_controller_base:/home/fabian/ros2_control_demos/example_7/install/ros2_control_demo_example_7:/home/fabian/yb_support/unilidar_sdk2/install/unitree_lidar_ros2:/home/fabian/fixslam/install/geometry_msgs:/home/fabian/fixslam/install/std_msgs:/opt/ros/rolling/opt/gz_sim_vendor:/opt/ros/rolling/opt/gz_sensors_vendor:/opt/ros/rolling/opt/gz_physics_vendor:/opt/ros/rolling/opt/sdformat_vendor:/opt/ros/rolling/opt/gz_gui_vendor:/opt/ros/rolling/opt/gz_transport_vendor:/opt/ros/rolling/opt/gz_rendering_vendor:/opt/ros/rolling/opt/gz_plugin_vendor:/opt/ros/rolling/opt/gz_fuel_tools_vendor:/opt/ros/rolling/opt/gz_msgs_vendor:/opt/ros/rolling/opt/gz_common_vendor:/opt/ros/rolling/opt/gz_math_vendor:/opt/ros/rolling/opt/gz_utils_vendor:/opt/ros/rolling/opt/gz_tools_vendor:/opt/ros/rolling/opt/gz_ogre_next_vendor:/opt/ros/rolling/opt/gz_dartsim_vendor:/opt/ros/rolling/opt/gz_cmake_vendor DEBUGINFOD_URLS=https://debuginfod.ubuntu.com /usr/bin/cmake --install /home/fabian/moveit2/build/moveit_core
[7.622s] -- Install configuration: "Release"
[7.622s] -- Execute custom install script
[7.623s] -- Up-to-date symlink: /home/fabian/moveit2/install/moveit_core/include/moveit_core/moveit/collision_detection_bullet/bullet_integration/basic_types.h
[7.623s] -- Up-to-date symlink: /home/fabian/moveit2/install/moveit_core/include/moveit_core/moveit/collision_detection_bullet/bullet_integration/basic_types.hpp
[7.623s] -- Up-to-date symlink: /home/fabian/moveit2/install/moveit_core/include/moveit_core/moveit/collision_detection_bullet/bullet_integration/bullet_bvh_manager.h
[7.623s] -- Up-to-date symlink: /home/fabian/moveit2/install/moveit_core/include/moveit_core/moveit/collision_detection_bullet/bullet_integration/bullet_bvh_manager.hpp
[7.624s] -- Up-to-date symlink: /home/fabian/moveit2/install/moveit_core/include/moveit_core/moveit/collision_detection_bullet/bullet_integration/bullet_cast_bvh_manager.h
[7.624s] -- Up-to-date symlink: /home/fabian/moveit2/install/moveit_core/include/moveit_core/moveit/collision_detection_bullet/bullet_integration/bullet_cast_bvh_manager.hpp
[7.624s] -- Up-to-date symlink: /home/fabian/moveit2/install/moveit_core/include/moveit_core/moveit/collision_detection_bullet/bullet_integration/bullet_discrete_bvh_manager.h
[7.624s] -- Up-to-date symlink: /home/fabian/moveit2/install/moveit_core/include/moveit_core/moveit/collision_detection_bullet/bullet_integration/bullet_discrete_bvh_manager.hpp
[7.625s] -- Up-to-date symlink: /home/fabian/moveit2/install/moveit_core/include/moveit_core/moveit/collision_detection_bullet/bullet_integration/bullet_utils.h
[7.625s] -- Up-to-date symlink: /home/fabian/moveit2/install/moveit_core/include/moveit_core/moveit/collision_detection_bullet/bullet_integration/bullet_utils.hpp
[7.625s] -- Up-to-date symlink: /home/fabian/moveit2/install/moveit_core/include/moveit_core/moveit/collision_detection_bullet/bullet_integration/contact_checker_common.h
[7.625s] -- Up-to-date symlink: /home/fabian/moveit2/install/moveit_core/include/moveit_core/moveit/collision_detection_bullet/bullet_integration/contact_checker_common.hpp
[7.626s] -- Up-to-date symlink: /home/fabian/moveit2/install/moveit_core/include/moveit_core/moveit/collision_detection_bullet/bullet_integration/ros_bullet_utils.h
[7.626s] -- Up-to-date symlink: /home/fabian/moveit2/install/moveit_core/include/moveit_core/moveit/collision_detection_bullet/bullet_integration/ros_bullet_utils.hpp
[7.626s] -- Up-to-date symlink: /home/fabian/moveit2/install/moveit_core/include/moveit_core/moveit/collision_detection_bullet/collision_detector_allocator_bullet.h
[7.626s] -- Up-to-date symlink: /home/fabian/moveit2/install/moveit_core/include/moveit_core/moveit/collision_detection_bullet/collision_detector_allocator_bullet.hpp
[7.626s] -- Up-to-date symlink: /home/fabian/moveit2/install/moveit_core/include/moveit_core/moveit/collision_detection_bullet/collision_detector_bullet_plugin_loader.h
[7.627s] -- Up-to-date symlink: /home/fabian/moveit2/install/moveit_core/include/moveit_core/moveit/collision_detection_bullet/collision_detector_bullet_plugin_loader.hpp
[7.627s] -- Up-to-date symlink: /home/fabian/moveit2/install/moveit_core/include/moveit_core/moveit/collision_detection_bullet/collision_env_bullet.h
[7.627s] -- Up-to-date symlink: /home/fabian/moveit2/install/moveit_core/include/moveit_core/moveit/collision_detection_bullet/collision_env_bullet.hpp
[7.627s] -- Up-to-date symlink: /home/fabian/moveit2/install/moveit_core/include/moveit_core/moveit_collision_detection_bullet_export.h
[7.628s] -- Up-to-date symlink: /home/fabian/moveit2/install/moveit_core/include/moveit_core/moveit/collision_detection_fcl/collision_common.h
[7.628s] -- Up-to-date symlink: /home/fabian/moveit2/install/moveit_core/include/moveit_core/moveit/collision_detection_fcl/collision_common.hpp
[7.628s] -- Up-to-date symlink: /home/fabian/moveit2/install/moveit_core/include/moveit_core/moveit/collision_detection_fcl/collision_detector_allocator_fcl.h
[7.628s] -- Up-to-date symlink: /home/fabian/moveit2/install/moveit_core/include/moveit_core/moveit/collision_detection_fcl/collision_detector_allocator_fcl.hpp
[7.629s] -- Up-to-date symlink: /home/fabian/moveit2/install/moveit_core/include/moveit_core/moveit/collision_detection_fcl/collision_detector_fcl_plugin_loader.h
[7.629s] -- Up-to-date symlink: /home/fabian/moveit2/install/moveit_core/include/moveit_core/moveit/collision_detection_fcl/collision_detector_fcl_plugin_loader.hpp
[7.629s] -- Up-to-date symlink: /home/fabian/moveit2/install/moveit_core/include/moveit_core/moveit/collision_detection_fcl/collision_env_fcl.h
[7.629s] -- Up-to-date symlink: /home/fabian/moveit2/install/moveit_core/include/moveit_core/moveit/collision_detection_fcl/collision_env_fcl.hpp
[7.629s] -- Up-to-date symlink: /home/fabian/moveit2/install/moveit_core/include/moveit_core/moveit/collision_detection_fcl/fcl_compat.h
[7.629s] -- Up-to-date symlink: /home/fabian/moveit2/install/moveit_core/include/moveit_core/moveit/collision_detection_fcl/fcl_compat.hpp
[7.630s] -- Up-to-date symlink: /home/fabian/moveit2/install/moveit_core/include/moveit_core/moveit_collision_detection_fcl_export.h
[7.631s] -- Up-to-date symlink: /home/fabian/moveit2/install/moveit_core/include/moveit_core/moveit/collision_detection/allvalid/collision_detector_allocator_allvalid.h
[7.631s] -- Up-to-date symlink: /home/fabian/moveit2/install/moveit_core/include/moveit_core/moveit/collision_detection/allvalid/collision_detector_allocator_allvalid.hpp
[7.631s] -- Up-to-date symlink: /home/fabian/moveit2/install/moveit_core/include/moveit_core/moveit/collision_detection/allvalid/collision_env_allvalid.h
[7.631s] -- Up-to-date symlink: /home/fabian/moveit2/install/moveit_core/include/moveit_core/moveit/collision_detection/allvalid/collision_env_allvalid.hpp
[7.632s] -- Up-to-date symlink: /home/fabian/moveit2/install/moveit_core/include/moveit_core/moveit/collision_detection/collision_common.h
[7.632s] -- Up-to-date symlink: /home/fabian/moveit2/install/moveit_core/include/moveit_core/moveit/collision_detection/collision_common.hpp
[7.632s] -- Up-to-date symlink: /home/fabian/moveit2/install/moveit_core/include/moveit_core/moveit/collision_detection/collision_detector_allocator.h
[7.632s] -- Up-to-date symlink: /home/fabian/moveit2/install/moveit_core/include/moveit_core/moveit/collision_detection/collision_detector_allocator.hpp
[7.633s] -- Up-to-date symlink: /home/fabian/moveit2/install/moveit_core/include/moveit_core/moveit/collision_detection/collision_env.h
[7.633s] -- Up-to-date symlink: /home/fabian/moveit2/install/moveit_core/include/moveit_core/moveit/collision_detection/collision_env.hpp
[7.633s] -- Up-to-date symlink: /home/fabian/moveit2/install/moveit_core/include/moveit_core/moveit/collision_detection/collision_matrix.h
[7.633s] -- Up-to-date symlink: /home/fabian/moveit2/install/moveit_core/include/moveit_core/moveit/collision_detection/collision_matrix.hpp
[7.634s] -- Up-to-date symlink: /home/fabian/moveit2/install/moveit_core/include/moveit_core/moveit/collision_detection/collision_octomap_filter.h
[7.634s] -- Up-to-date symlink: /home/fabian/moveit2/install/moveit_core/include/moveit_core/moveit/collision_detection/collision_octomap_filter.hpp
[7.634s] -- Up-to-date symlink: /home/fabian/moveit2/install/moveit_core/include/moveit_core/moveit/collision_detection/collision_plugin.h
[7.634s] -- Up-to-date symlink: /home/fabian/moveit2/install/moveit_core/include/moveit_core/moveit/collision_detection/collision_plugin.hpp
[7.634s] -- Up-to-date symlink: /home/fabian/moveit2/install/moveit_core/include/moveit_core/moveit/collision_detection/collision_plugin_cache.h
[7.635s] -- Up-to-date symlink: /home/fabian/moveit2/install/moveit_core/include/moveit_core/moveit/collision_detection/collision_plugin_cache.hpp
[7.635s] -- Up-to-date symlink: /home/fabian/moveit2/install/moveit_core/include/moveit_core/moveit/collision_detection/collision_tools.h
[7.635s] -- Up-to-date symlink: /home/fabian/moveit2/install/moveit_core/include/moveit_core/moveit/collision_detection/collision_tools.hpp
[7.635s] -- Up-to-date symlink: /home/fabian/moveit2/install/moveit_core/include/moveit_core/moveit/collision_detection/occupancy_map.h
[7.636s] -- Up-to-date symlink: /home/fabian/moveit2/install/moveit_core/include/moveit_core/moveit/collision_detection/occupancy_map.hpp
[7.636s] -- Up-to-date symlink: /home/fabian/moveit2/install/moveit_core/include/moveit_core/moveit/collision_detection/test_collision_common_panda.h
[7.636s] -- Up-to-date symlink: /home/fabian/moveit2/install/moveit_core/include/moveit_core/moveit/collision_detection/test_collision_common_panda.hpp
[7.636s] -- Up-to-date symlink: /home/fabian/moveit2/install/moveit_core/include/moveit_core/moveit/collision_detection/test_collision_common_pr2.h
[7.637s] -- Up-to-date symlink: /home/fabian/moveit2/install/moveit_core/include/moveit_core/moveit/collision_detection/test_collision_common_pr2.hpp
[7.637s] -- Up-to-date symlink: /home/fabian/moveit2/install/moveit_core/include/moveit_core/moveit/collision_detection/world.h
[7.637s] -- Up-to-date symlink: /home/fabian/moveit2/install/moveit_core/include/moveit_core/moveit/collision_detection/world.hpp
[7.637s] -- Up-to-date symlink: /home/fabian/moveit2/install/moveit_core/include/moveit_core/moveit/collision_detection/world_diff.h
[7.637s] -- Up-to-date symlink: /home/fabian/moveit2/install/moveit_core/include/moveit_core/moveit/collision_detection/world_diff.hpp
[7.638s] -- Up-to-date symlink: /home/fabian/moveit2/install/moveit_core/include/moveit_core/moveit_collision_detection_export.h
[7.638s] -- Up-to-date symlink: /home/fabian/moveit2/install/moveit_core/include/moveit_core/moveit/collision_distance_field/collision_common_distance_field.h
[7.639s] -- Up-to-date symlink: /home/fabian/moveit2/install/moveit_core/include/moveit_core/moveit/collision_distance_field/collision_common_distance_field.hpp
[7.639s] -- Up-to-date symlink: /home/fabian/moveit2/install/moveit_core/include/moveit_core/moveit/collision_distance_field/collision_detector_allocator_distance_field.h
[7.639s] -- Up-to-date symlink: /home/fabian/moveit2/install/moveit_core/include/moveit_core/moveit/collision_distance_field/collision_detector_allocator_distance_field.hpp
[7.639s] -- Up-to-date symlink: /home/fabian/moveit2/install/moveit_core/include/moveit_core/moveit/collision_distance_field/collision_detector_allocator_hybrid.h
[7.639s] -- Up-to-date symlink: /home/fabian/moveit2/install/moveit_core/include/moveit_core/moveit/collision_distance_field/collision_detector_allocator_hybrid.hpp
[7.639s] -- Up-to-date symlink: /home/fabian/moveit2/install/moveit_core/include/moveit_core/moveit/collision_distance_field/collision_distance_field_types.h
[7.640s] -- Up-to-date symlink: /home/fabian/moveit2/install/moveit_core/include/moveit_core/moveit/collision_distance_field/collision_distance_field_types.hpp
[7.640s] -- Up-to-date symlink: /home/fabian/moveit2/install/moveit_core/include/moveit_core/moveit/collision_distance_field/collision_env_distance_field.h
[7.640s] -- Up-to-date symlink: /home/fabian/moveit2/install/moveit_core/include/moveit_core/moveit/collision_distance_field/collision_env_distance_field.hpp
[7.640s] -- Up-to-date symlink: /home/fabian/moveit2/install/moveit_core/include/moveit_core/moveit/collision_distance_field/collision_env_hybrid.h
[7.641s] -- Up-to-date symlink: /home/fabian/moveit2/install/moveit_core/include/moveit_core/moveit/collision_distance_field/collision_env_hybrid.hpp
[7.641s] -- Up-to-date symlink: /home/fabian/moveit2/install/moveit_core/include/moveit_core/moveit_collision_distance_field_export.h
[7.641s] -- Up-to-date symlink: /home/fabian/moveit2/install/moveit_core/include/moveit_core/moveit/constraint_samplers/constraint_sampler.h
[7.642s] -- Up-to-date symlink: /home/fabian/moveit2/install/moveit_core/include/moveit_core/moveit/constraint_samplers/constraint_sampler.hpp
[7.642s] -- Up-to-date symlink: /home/fabian/moveit2/install/moveit_core/include/moveit_core/moveit/constraint_samplers/constraint_sampler_allocator.h
[7.642s] -- Up-to-date symlink: /home/fabian/moveit2/install/moveit_core/include/moveit_core/moveit/constraint_samplers/constraint_sampler_allocator.hpp
[7.642s] -- Up-to-date symlink: /home/fabian/moveit2/install/moveit_core/include/moveit_core/moveit/constraint_samplers/constraint_sampler_manager.h
[7.642s] -- Up-to-date symlink: /home/fabian/moveit2/install/moveit_core/include/moveit_core/moveit/constraint_samplers/constraint_sampler_manager.hpp
[7.642s] -- Up-to-date symlink: /home/fabian/moveit2/install/moveit_core/include/moveit_core/moveit/constraint_samplers/constraint_sampler_tools.h
[7.643s] -- Up-to-date symlink: /home/fabian/moveit2/install/moveit_core/include/moveit_core/moveit/constraint_samplers/constraint_sampler_tools.hpp
[7.643s] -- Up-to-date symlink: /home/fabian/moveit2/install/moveit_core/include/moveit_core/moveit/constraint_samplers/default_constraint_samplers.h
[7.643s] -- Up-to-date symlink: /home/fabian/moveit2/install/moveit_core/include/moveit_core/moveit/constraint_samplers/default_constraint_samplers.hpp
[7.643s] -- Up-to-date symlink: /home/fabian/moveit2/install/moveit_core/include/moveit_core/moveit/constraint_samplers/union_constraint_sampler.h
[7.643s] -- Up-to-date symlink: /home/fabian/moveit2/install/moveit_core/include/moveit_core/moveit/constraint_samplers/union_constraint_sampler.hpp
[7.644s] -- Up-to-date symlink: /home/fabian/moveit2/install/moveit_core/include/moveit_core/moveit/controller_manager/controller_manager.h
[7.644s] -- Up-to-date symlink: /home/fabian/moveit2/install/moveit_core/include/moveit_core/moveit/controller_manager/controller_manager.hpp
[7.645s] -- Up-to-date symlink: /home/fabian/moveit2/install/moveit_core/include/moveit_core/moveit/distance_field/distance_field.h
[7.645s] -- Up-to-date symlink: /home/fabian/moveit2/install/moveit_core/include/moveit_core/moveit/distance_field/distance_field.hpp
[7.645s] -- Up-to-date symlink: /home/fabian/moveit2/install/moveit_core/include/moveit_core/moveit/distance_field/find_internal_points.h
[7.645s] -- Up-to-date symlink: /home/fabian/moveit2/install/moveit_core/include/moveit_core/moveit/distance_field/find_internal_points.hpp
[7.646s] -- Up-to-date symlink: /home/fabian/moveit2/install/moveit_core/include/moveit_core/moveit/distance_field/propagation_distance_field.h
[7.646s] -- Up-to-date symlink: /home/fabian/moveit2/install/moveit_core/include/moveit_core/moveit/distance_field/propagation_distance_field.hpp
[7.646s] -- Up-to-date symlink: /home/fabian/moveit2/install/moveit_core/include/moveit_core/moveit/distance_field/voxel_grid.h
[7.647s] -- Up-to-date symlink: /home/fabian/moveit2/install/moveit_core/include/moveit_core/moveit/distance_field/voxel_grid.hpp
[7.647s] -- Up-to-date symlink: /home/fabian/moveit2/install/moveit_core/include/moveit_core/moveit/dynamics_solver/dynamics_solver.h
[7.647s] -- Up-to-date symlink: /home/fabian/moveit2/install/moveit_core/include/moveit_core/moveit/dynamics_solver/dynamics_solver.hpp
[7.648s] -- Up-to-date symlink: /home/fabian/moveit2/install/moveit_core/include/moveit_core/moveit/exceptions/exceptions.h
[7.648s] -- Up-to-date symlink: /home/fabian/moveit2/install/moveit_core/include/moveit_core/moveit/exceptions/exceptions.hpp
[7.648s] -- Up-to-date symlink: /home/fabian/moveit2/install/moveit_core/include/moveit_core/moveit/kinematic_constraints/kinematic_constraint.h
[7.649s] -- Up-to-date symlink: /home/fabian/moveit2/install/moveit_core/include/moveit_core/moveit/kinematic_constraints/kinematic_constraint.hpp
[7.649s] -- Up-to-date symlink: /home/fabian/moveit2/install/moveit_core/include/moveit_core/moveit/kinematic_constraints/utils.h
[7.649s] -- Up-to-date symlink: /home/fabian/moveit2/install/moveit_core/include/moveit_core/moveit/kinematic_constraints/utils.hpp
[7.649s] -- Up-to-date symlink: /home/fabian/moveit2/install/moveit_core/include/moveit_core/moveit/kinematics_base/kinematics_base.h
[7.650s] -- Up-to-date symlink: /home/fabian/moveit2/install/moveit_core/include/moveit_core/moveit/kinematics_base/kinematics_base.hpp
[7.650s] -- Up-to-date symlink: /home/fabian/moveit2/install/moveit_core/include/moveit_core/moveit_kinematics_base_export.h
[7.650s] -- Up-to-date symlink: /home/fabian/moveit2/install/moveit_core/include/moveit_core/moveit/kinematics_metrics/kinematics_metrics.h
[7.650s] -- Up-to-date symlink: /home/fabian/moveit2/install/moveit_core/include/moveit_core/moveit/kinematics_metrics/kinematics_metrics.hpp
[7.651s] -- Up-to-date symlink: /home/fabian/moveit2/install/moveit_core/include/moveit_core/moveit/macros/class_forward.h
[7.651s] -- Up-to-date symlink: /home/fabian/moveit2/install/moveit_core/include/moveit_core/moveit/macros/class_forward.hpp
[7.651s] -- Up-to-date symlink: /home/fabian/moveit2/install/moveit_core/include/moveit_core/moveit/macros/console_colors.h
[7.652s] -- Up-to-date symlink: /home/fabian/moveit2/install/moveit_core/include/moveit_core/moveit/macros/console_colors.hpp
[7.652s] -- Up-to-date symlink: /home/fabian/moveit2/install/moveit_core/include/moveit_core/moveit/macros/declare_ptr.h
[7.652s] -- Up-to-date symlink: /home/fabian/moveit2/install/moveit_core/include/moveit_core/moveit/macros/declare_ptr.hpp
[7.653s] -- Up-to-date symlink: /home/fabian/moveit2/install/moveit_core/include/moveit_core/moveit_acceleration_filter_parameters.hpp
[7.653s] -- Up-to-date symlink: /home/fabian/moveit2/install/moveit_core/include/moveit_core/moveit_butterworth_filter_parameters.hpp
[7.653s] -- Up-to-date symlink: /home/fabian/moveit2/install/moveit_core/include/moveit_core/moveit_ruckig_filter_parameters.hpp
[7.653s] -- Up-to-date symlink: /home/fabian/moveit2/install/moveit_core/include/moveit_core/moveit_acceleration_filter_parameters.hpp
[7.654s] -- Up-to-date symlink: /home/fabian/moveit2/install/moveit_core/include/moveit_core/moveit_butterworth_filter_parameters.hpp
[7.654s] -- Up-to-date symlink: /home/fabian/moveit2/install/moveit_core/include/moveit_core/moveit_ruckig_filter_parameters.hpp
[7.654s] -- Up-to-date symlink: /home/fabian/moveit2/install/moveit_core/include/moveit_core/moveit_acceleration_filter_parameters.hpp
[7.654s] -- Up-to-date symlink: /home/fabian/moveit2/install/moveit_core/include/moveit_core/moveit_butterworth_filter_parameters.hpp
[7.655s] -- Up-to-date symlink: /home/fabian/moveit2/install/moveit_core/include/moveit_core/moveit_ruckig_filter_parameters.hpp
[7.655s] -- Up-to-date symlink: /home/fabian/moveit2/install/moveit_core/include/moveit_core/moveit/online_signal_smoothing/acceleration_filter.h
[7.655s] -- Up-to-date symlink: /home/fabian/moveit2/install/moveit_core/include/moveit_core/moveit/online_signal_smoothing/acceleration_filter.hpp
[7.655s] -- Up-to-date symlink: /home/fabian/moveit2/install/moveit_core/include/moveit_core/moveit/online_signal_smoothing/butterworth_filter.h
[7.656s] -- Up-to-date symlink: /home/fabian/moveit2/install/moveit_core/include/moveit_core/moveit/online_signal_smoothing/butterworth_filter.hpp
[7.656s] -- Up-to-date symlink: /home/fabian/moveit2/install/moveit_core/include/moveit_core/moveit/online_signal_smoothing/ruckig_filter.h
[7.656s] -- Up-to-date symlink: /home/fabian/moveit2/install/moveit_core/include/moveit_core/moveit/online_signal_smoothing/ruckig_filter.hpp
[7.656s] -- Up-to-date symlink: /home/fabian/moveit2/install/moveit_core/include/moveit_core/moveit/online_signal_smoothing/smoothing_base_class.h
[7.657s] -- Up-to-date symlink: /home/fabian/moveit2/install/moveit_core/include/moveit_core/moveit/online_signal_smoothing/smoothing_base_class.hpp
[7.657s] -- Up-to-date symlink: /home/fabian/moveit2/install/moveit_core/include/moveit_core/moveit_smoothing_base_export.h
[7.657s] -- Up-to-date symlink: /home/fabian/moveit2/install/moveit_core/include/moveit_core/moveit_acceleration_filter_export.h
[7.658s] -- Up-to-date symlink: /home/fabian/moveit2/install/moveit_core/include/moveit_core/moveit_butterworth_filter_export.h
[7.658s] -- Up-to-date symlink: /home/fabian/moveit2/install/moveit_core/include/moveit_core/moveit_ruckig_filter_export.h
[7.659s] -- Up-to-date symlink: /home/fabian/moveit2/install/moveit_core/include/moveit_core/moveit/planning_interface/planning_interface.h
[7.659s] -- Up-to-date symlink: /home/fabian/moveit2/install/moveit_core/include/moveit_core/moveit/planning_interface/planning_interface.hpp
[7.659s] -- Up-to-date symlink: /home/fabian/moveit2/install/moveit_core/include/moveit_core/moveit/planning_interface/planning_request.h
[7.659s] -- Up-to-date symlink: /home/fabian/moveit2/install/moveit_core/include/moveit_core/moveit/planning_interface/planning_request.hpp
[7.660s] -- Up-to-date symlink: /home/fabian/moveit2/install/moveit_core/include/moveit_core/moveit/planning_interface/planning_request_adapter.h
[7.660s] -- Up-to-date symlink: /home/fabian/moveit2/install/moveit_core/include/moveit_core/moveit/planning_interface/planning_request_adapter.hpp
[7.660s] -- Up-to-date symlink: /home/fabian/moveit2/install/moveit_core/include/moveit_core/moveit/planning_interface/planning_response.h
[7.660s] -- Up-to-date symlink: /home/fabian/moveit2/install/moveit_core/include/moveit_core/moveit/planning_interface/planning_response.hpp
[7.660s] -- Up-to-date symlink: /home/fabian/moveit2/install/moveit_core/include/moveit_core/moveit/planning_interface/planning_response_adapter.h
[7.661s] -- Up-to-date symlink: /home/fabian/moveit2/install/moveit_core/include/moveit_core/moveit/planning_interface/planning_response_adapter.hpp
[7.661s] -- Up-to-date symlink: /home/fabian/moveit2/install/moveit_core/include/moveit_core/moveit/planning_scene/planning_scene.h
[7.661s] -- Up-to-date symlink: /home/fabian/moveit2/install/moveit_core/include/moveit_core/moveit/planning_scene/planning_scene.hpp
[7.662s] -- Up-to-date symlink: /home/fabian/moveit2/install/moveit_core/include/moveit_core/moveit_planning_scene_export.h
[7.662s] -- Up-to-date symlink: /home/fabian/moveit2/install/moveit_core/include/moveit_core/moveit/robot_model/aabb.h
[7.663s] -- Up-to-date symlink: /home/fabian/moveit2/install/moveit_core/include/moveit_core/moveit/robot_model/aabb.hpp
[7.663s] -- Up-to-date symlink: /home/fabian/moveit2/install/moveit_core/include/moveit_core/moveit/robot_model/fixed_joint_model.h
[7.663s] -- Up-to-date symlink: /home/fabian/moveit2/install/moveit_core/include/moveit_core/moveit/robot_model/fixed_joint_model.hpp
[7.663s] -- Up-to-date symlink: /home/fabian/moveit2/install/moveit_core/include/moveit_core/moveit/robot_model/floating_joint_model.h
[7.663s] -- Up-to-date symlink: /home/fabian/moveit2/install/moveit_core/include/moveit_core/moveit/robot_model/floating_joint_model.hpp
[7.664s] -- Up-to-date symlink: /home/fabian/moveit2/install/moveit_core/include/moveit_core/moveit/robot_model/joint_model.h
[7.664s] -- Up-to-date symlink: /home/fabian/moveit2/install/moveit_core/include/moveit_core/moveit/robot_model/joint_model.hpp
[7.664s] -- Up-to-date symlink: /home/fabian/moveit2/install/moveit_core/include/moveit_core/moveit/robot_model/joint_model_group.h
[7.664s] -- Up-to-date symlink: /home/fabian/moveit2/install/moveit_core/include/moveit_core/moveit/robot_model/joint_model_group.hpp
[7.665s] -- Up-to-date symlink: /home/fabian/moveit2/install/moveit_core/include/moveit_core/moveit/robot_model/link_model.h
[7.665s] -- Up-to-date symlink: /home/fabian/moveit2/install/moveit_core/include/moveit_core/moveit/robot_model/link_model.hpp
[7.665s] -- Up-to-date symlink: /home/fabian/moveit2/install/moveit_core/include/moveit_core/moveit/robot_model/planar_joint_model.h
[7.666s] -- Up-to-date symlink: /home/fabian/moveit2/install/moveit_core/include/moveit_core/moveit/robot_model/planar_joint_model.hpp
[7.666s] -- Up-to-date symlink: /home/fabian/moveit2/install/moveit_core/include/moveit_core/moveit/robot_model/prismatic_joint_model.h
[7.666s] -- Up-to-date symlink: /home/fabian/moveit2/install/moveit_core/include/moveit_core/moveit/robot_model/prismatic_joint_model.hpp
[7.666s] -- Up-to-date symlink: /home/fabian/moveit2/install/moveit_core/include/moveit_core/moveit/robot_model/revolute_joint_model.h
[7.667s] -- Up-to-date symlink: /home/fabian/moveit2/install/moveit_core/include/moveit_core/moveit/robot_model/revolute_joint_model.hpp
[7.667s] -- Up-to-date symlink: /home/fabian/moveit2/install/moveit_core/include/moveit_core/moveit/robot_model/robot_model.h
[7.667s] -- Up-to-date symlink: /home/fabian/moveit2/install/moveit_core/include/moveit_core/moveit/robot_model/robot_model.hpp
[7.667s] -- Up-to-date symlink: /home/fabian/moveit2/install/moveit_core/include/moveit_core/moveit/robot_state/attached_body.h
[7.668s] -- Up-to-date symlink: /home/fabian/moveit2/install/moveit_core/include/moveit_core/moveit/robot_state/attached_body.hpp
[7.668s] -- Up-to-date symlink: /home/fabian/moveit2/install/moveit_core/include/moveit_core/moveit/robot_state/cartesian_interpolator.h
[7.668s] -- Up-to-date symlink: /home/fabian/moveit2/install/moveit_core/include/moveit_core/moveit/robot_state/cartesian_interpolator.hpp
[7.668s] -- Up-to-date symlink: /home/fabian/moveit2/install/moveit_core/include/moveit_core/moveit/robot_state/conversions.h
[7.669s] -- Up-to-date symlink: /home/fabian/moveit2/install/moveit_core/include/moveit_core/moveit/robot_state/conversions.hpp
[7.669s] -- Up-to-date symlink: /home/fabian/moveit2/install/moveit_core/include/moveit_core/moveit/robot_state/robot_state.h
[7.669s] -- Up-to-date symlink: /home/fabian/moveit2/install/moveit_core/include/moveit_core/moveit/robot_state/robot_state.hpp
[7.669s] -- Up-to-date symlink: /home/fabian/moveit2/install/moveit_core/include/moveit_core/moveit/robot_trajectory/robot_trajectory.h
[7.669s] -- Up-to-date symlink: /home/fabian/moveit2/install/moveit_core/include/moveit_core/moveit/robot_trajectory/robot_trajectory.hpp
[7.670s] -- Up-to-date symlink: /home/fabian/moveit2/install/moveit_core/include/moveit_core/moveit/trajectory_processing/ruckig_traj_smoothing.h
[7.670s] -- Up-to-date symlink: /home/fabian/moveit2/install/moveit_core/include/moveit_core/moveit/trajectory_processing/ruckig_traj_smoothing.hpp
[7.670s] -- Up-to-date symlink: /home/fabian/moveit2/install/moveit_core/include/moveit_core/moveit/trajectory_processing/time_optimal_trajectory_generation.h
[7.671s] -- Up-to-date symlink: /home/fabian/moveit2/install/moveit_core/include/moveit_core/moveit/trajectory_processing/time_optimal_trajectory_generation.hpp
[7.671s] -- Up-to-date symlink: /home/fabian/moveit2/install/moveit_core/include/moveit_core/moveit/trajectory_processing/time_parameterization.h
[7.671s] -- Up-to-date symlink: /home/fabian/moveit2/install/moveit_core/include/moveit_core/moveit/trajectory_processing/time_parameterization.hpp
[7.671s] -- Up-to-date symlink: /home/fabian/moveit2/install/moveit_core/include/moveit_core/moveit/trajectory_processing/trajectory_tools.h
[7.672s] -- Up-to-date symlink: /home/fabian/moveit2/install/moveit_core/include/moveit_core/moveit/trajectory_processing/trajectory_tools.hpp
[7.672s] -- Up-to-date symlink: /home/fabian/moveit2/install/moveit_core/include/moveit_core/moveit/transforms/transforms.h
[7.672s] -- Up-to-date symlink: /home/fabian/moveit2/install/moveit_core/include/moveit_core/moveit/transforms/transforms.hpp
[7.673s] -- Up-to-date symlink: /home/fabian/moveit2/install/moveit_core/include/moveit_core/moveit/utils/eigen_test_utils.h
[7.674s] -- Up-to-date symlink: /home/fabian/moveit2/install/moveit_core/include/moveit_core/moveit/utils/eigen_test_utils.hpp
[7.674s] -- Up-to-date symlink: /home/fabian/moveit2/install/moveit_core/include/moveit_core/moveit/utils/lexical_casts.h
[7.674s] -- Up-to-date symlink: /home/fabian/moveit2/install/moveit_core/include/moveit_core/moveit/utils/lexical_casts.hpp
[7.674s] -- Up-to-date symlink: /home/fabian/moveit2/install/moveit_core/include/moveit_core/moveit/utils/logger.h
[7.674s] -- Up-to-date symlink: /home/fabian/moveit2/install/moveit_core/include/moveit_core/moveit/utils/logger.hpp
[7.675s] -- Up-to-date symlink: /home/fabian/moveit2/install/moveit_core/include/moveit_core/moveit/utils/message_checks.h
[7.675s] -- Up-to-date symlink: /home/fabian/moveit2/install/moveit_core/include/moveit_core/moveit/utils/message_checks.hpp
[7.675s] -- Up-to-date symlink: /home/fabian/moveit2/install/moveit_core/include/moveit_core/moveit/utils/moveit_error_code.h
[7.675s] -- Up-to-date symlink: /home/fabian/moveit2/install/moveit_core/include/moveit_core/moveit/utils/moveit_error_code.hpp
[7.676s] -- Up-to-date symlink: /home/fabian/moveit2/install/moveit_core/include/moveit_core/moveit/utils/rclcpp_utils.h
[7.676s] -- Up-to-date symlink: /home/fabian/moveit2/install/moveit_core/include/moveit_core/moveit/utils/rclcpp_utils.hpp
[7.676s] -- Up-to-date symlink: /home/fabian/moveit2/install/moveit_core/include/moveit_core/moveit/utils/robot_model_test_utils.h
[7.676s] -- Up-to-date symlink: /home/fabian/moveit2/install/moveit_core/include/moveit_core/moveit/utils/robot_model_test_utils.hpp
[7.677s] -- Up-to-date symlink: /home/fabian/moveit2/install/moveit_core/lib/moveit_core/logger_dut
[7.677s] -- Up-to-date symlink: /home/fabian/moveit2/install/moveit_core/include/moveit_core/moveit/version.hpp
[7.677s] -- Up-to-date symlink: /home/fabian/moveit2/install/moveit_core/bin/moveit_version
[7.678s] -- Up-to-date symlink: /home/fabian/moveit2/install/moveit_core/share/moveit_core/environment/library_path.sh
[7.678s] -- Up-to-date symlink: /home/fabian/moveit2/install/moveit_core/share/moveit_core/environment/library_path.dsv
[7.678s] -- Up-to-date symlink: /home/fabian/moveit2/install/moveit_core/share/moveit_core//collision_detector_fcl_description.xml
[7.679s] -- Up-to-date symlink: /home/fabian/moveit2/install/moveit_core/share/moveit_core//collision_detector_bullet_description.xml
[7.679s] -- Up-to-date symlink: /home/fabian/moveit2/install/moveit_core/share/moveit_core//filter_plugin_acceleration.xml
[7.679s] -- Up-to-date symlink: /home/fabian/moveit2/install/moveit_core/share/moveit_core//filter_plugin_butterworth.xml
[7.679s] -- Up-to-date symlink: /home/fabian/moveit2/install/moveit_core/share/moveit_core//filter_plugin_ruckig.xml
[7.680s] -- Up-to-date symlink: /home/fabian/moveit2/install/moveit_core/share/ament_index/resource_index/package_run_dependencies/moveit_core
[7.680s] -- Up-to-date symlink: /home/fabian/moveit2/install/moveit_core/share/ament_index/resource_index/parent_prefix_path/moveit_core
[7.680s] -- Up-to-date symlink: /home/fabian/moveit2/install/moveit_core/share/moveit_core/environment/ament_prefix_path.sh
[7.681s] -- Up-to-date symlink: /home/fabian/moveit2/install/moveit_core/share/moveit_core/environment/ament_prefix_path.dsv
[7.681s] -- Up-to-date symlink: /home/fabian/moveit2/install/moveit_core/share/moveit_core/environment/path.sh
[7.681s] -- Up-to-date symlink: /home/fabian/moveit2/install/moveit_core/share/moveit_core/environment/path.dsv
[7.682s] -- Up-to-date symlink: /home/fabian/moveit2/install/moveit_core/share/moveit_core/local_setup.bash
[7.682s] -- Up-to-date symlink: /home/fabian/moveit2/install/moveit_core/share/moveit_core/local_setup.sh
[7.683s] -- Up-to-date symlink: /home/fabian/moveit2/install/moveit_core/share/moveit_core/local_setup.zsh
[7.683s] -- Up-to-date symlink: /home/fabian/moveit2/install/moveit_core/share/moveit_core/local_setup.dsv
[7.683s] -- Symlinking: /home/fabian/moveit2/install/moveit_core/share/moveit_core/package.dsv
[7.700s] -- Up-to-date symlink: /home/fabian/moveit2/install/moveit_core/share/ament_index/resource_index/packages/moveit_core
[7.701s] -- Up-to-date symlink: /home/fabian/moveit2/install/moveit_core/share/ament_index/resource_index/moveit_core__pluginlib__plugin/moveit_core
[7.701s] -- Up-to-date symlink: /home/fabian/moveit2/install/moveit_core/share/moveit_core/cmake/ConfigExtras.cmake
[7.701s] -- Up-to-date symlink: /home/fabian/moveit2/install/moveit_core/share/moveit_core/cmake/ament_cmake_export_targets-extras.cmake
[7.702s] -- Up-to-date symlink: /home/fabian/moveit2/install/moveit_core/share/moveit_core/cmake/ament_cmake_export_dependencies-extras.cmake
[7.702s] -- Up-to-date symlink: /home/fabian/moveit2/install/moveit_core/share/moveit_core/cmake/moveit_coreConfig.cmake
[7.702s] -- Up-to-date symlink: /home/fabian/moveit2/install/moveit_core/share/moveit_core/cmake/moveit_coreConfig-version.cmake
[7.703s] -- Up-to-date symlink: /home/fabian/moveit2/install/moveit_core/share/moveit_core/package.xml
[7.705s] -- Up-to-date: /home/fabian/moveit2/install/moveit_core/lib/libmoveit_collision_detection.so.2.14.0
[7.706s] -- Up-to-date: /home/fabian/moveit2/install/moveit_core/lib/libmoveit_collision_detection.so
[7.706s] -- Up-to-date: /home/fabian/moveit2/install/moveit_core/lib/libmoveit_collision_detection_bullet.so.2.14.0
[7.706s] -- Up-to-date: /home/fabian/moveit2/install/moveit_core/lib/libmoveit_collision_detection_bullet.so
[7.707s] -- Up-to-date: /home/fabian/moveit2/install/moveit_core/lib/libmoveit_collision_detection_fcl.so.2.14.0
[7.707s] -- Up-to-date: /home/fabian/moveit2/install/moveit_core/lib/libmoveit_collision_detection_fcl.so
[7.707s] -- Up-to-date: /home/fabian/moveit2/install/moveit_core/lib/libmoveit_collision_distance_field.so.2.14.0
[7.708s] -- Up-to-date: /home/fabian/moveit2/install/moveit_core/lib/libmoveit_collision_distance_field.so
[7.708s] -- Up-to-date: /home/fabian/moveit2/install/moveit_core/lib/libmoveit_constraint_samplers.so.2.14.0
[7.708s] -- Up-to-date: /home/fabian/moveit2/install/moveit_core/lib/libmoveit_constraint_samplers.so
[7.709s] -- Up-to-date: /home/fabian/moveit2/install/moveit_core/lib/libmoveit_distance_field.so.2.14.0
[7.709s] -- Up-to-date: /home/fabian/moveit2/install/moveit_core/lib/libmoveit_distance_field.so
[7.709s] -- Up-to-date: /home/fabian/moveit2/install/moveit_core/lib/libmoveit_dynamics_solver.so.2.14.0
[7.710s] -- Up-to-date: /home/fabian/moveit2/install/moveit_core/lib/libmoveit_dynamics_solver.so
[7.710s] -- Up-to-date: /home/fabian/moveit2/install/moveit_core/lib/libmoveit_exceptions.so.2.14.0
[7.710s] -- Up-to-date: /home/fabian/moveit2/install/moveit_core/lib/libmoveit_exceptions.so
[7.711s] -- Up-to-date: /home/fabian/moveit2/install/moveit_core/lib/libmoveit_kinematic_constraints.so.2.14.0
[7.711s] -- Up-to-date: /home/fabian/moveit2/install/moveit_core/lib/libmoveit_kinematic_constraints.so
[7.711s] -- Up-to-date: /home/fabian/moveit2/install/moveit_core/lib/libmoveit_kinematics_base.so
[7.712s] -- Up-to-date: /home/fabian/moveit2/install/moveit_core/lib/libmoveit_kinematics_metrics.so.2.14.0
[7.712s] -- Up-to-date: /home/fabian/moveit2/install/moveit_core/lib/libmoveit_kinematics_metrics.so
[7.713s] -- Up-to-date: /home/fabian/moveit2/install/moveit_core/lib/libmoveit_planning_interface.so.2.14.0
[7.713s] -- Up-to-date: /home/fabian/moveit2/install/moveit_core/lib/libmoveit_planning_interface.so
[7.714s] -- Up-to-date: /home/fabian/moveit2/install/moveit_core/lib/libmoveit_planning_scene.so.2.14.0
[7.714s] -- Up-to-date: /home/fabian/moveit2/install/moveit_core/lib/libmoveit_planning_scene.so
[7.714s] -- Up-to-date: /home/fabian/moveit2/install/moveit_core/lib/libmoveit_robot_model.so.2.14.0
[7.715s] -- Up-to-date: /home/fabian/moveit2/install/moveit_core/lib/libmoveit_robot_model.so
[7.715s] -- Up-to-date: /home/fabian/moveit2/install/moveit_core/lib/libmoveit_robot_state.so.2.14.0
[7.716s] -- Up-to-date: /home/fabian/moveit2/install/moveit_core/lib/libmoveit_robot_state.so
[7.716s] -- Up-to-date: /home/fabian/moveit2/install/moveit_core/lib/libmoveit_robot_trajectory.so.2.14.0
[7.716s] -- Up-to-date: /home/fabian/moveit2/install/moveit_core/lib/libmoveit_robot_trajectory.so
[7.716s] -- Up-to-date: /home/fabian/moveit2/install/moveit_core/lib/libmoveit_smoothing_base.so.2.14.0
[7.717s] -- Up-to-date: /home/fabian/moveit2/install/moveit_core/lib/libmoveit_smoothing_base.so
[7.717s] -- Up-to-date: /home/fabian/moveit2/install/moveit_core/lib/libmoveit_test_utils.so.2.14.0
[7.717s] -- Up-to-date: /home/fabian/moveit2/install/moveit_core/lib/libmoveit_test_utils.so
[7.718s] -- Up-to-date: /home/fabian/moveit2/install/moveit_core/lib/libmoveit_trajectory_processing.so.2.14.0
[7.718s] -- Up-to-date: /home/fabian/moveit2/install/moveit_core/lib/libmoveit_trajectory_processing.so
[7.718s] -- Up-to-date: /home/fabian/moveit2/install/moveit_core/lib/libmoveit_transforms.so.2.14.0
[7.719s] -- Up-to-date: /home/fabian/moveit2/install/moveit_core/lib/libmoveit_transforms.so
[7.719s] -- Up-to-date: /home/fabian/moveit2/install/moveit_core/lib/libmoveit_utils.so.2.14.0
[7.719s] -- Up-to-date: /home/fabian/moveit2/install/moveit_core/lib/libmoveit_utils.so
[7.720s] -- Up-to-date: /home/fabian/moveit2/install/moveit_core/lib/libcollision_detector_bullet_plugin.so.2.14.0
[7.720s] -- Up-to-date: /home/fabian/moveit2/install/moveit_core/lib/libcollision_detector_bullet_plugin.so
[7.720s] -- Up-to-date: /home/fabian/moveit2/install/moveit_core/lib/libcollision_detector_fcl_plugin.so.2.14.0
[7.721s] -- Up-to-date: /home/fabian/moveit2/install/moveit_core/lib/libcollision_detector_fcl_plugin.so
[7.721s] -- Up-to-date: /home/fabian/moveit2/install/moveit_core/lib/libmoveit_acceleration_filter.so.2.14.0
[7.721s] -- Up-to-date: /home/fabian/moveit2/install/moveit_core/lib/libmoveit_acceleration_filter.so
[7.722s] -- Up-to-date: /home/fabian/moveit2/install/moveit_core/lib/libmoveit_butterworth_filter.so.2.14.0
[7.722s] -- Up-to-date: /home/fabian/moveit2/install/moveit_core/lib/libmoveit_butterworth_filter.so
[7.722s] -- Up-to-date: /home/fabian/moveit2/install/moveit_core/lib/libmoveit_ruckig_filter.so.2.14.0
[7.723s] -- Up-to-date: /home/fabian/moveit2/install/moveit_core/lib/libmoveit_ruckig_filter.so
[7.723s] -- Up-to-date: /home/fabian/moveit2/install/moveit_core/share/moveit_core/cmake/moveit_coreTargetsExport.cmake
[7.723s] -- Up-to-date: /home/fabian/moveit2/install/moveit_core/share/moveit_core/cmake/moveit_coreTargetsExport-release.cmake
[7.726s] Invoked command in '/home/fabian/moveit2/build/moveit_core' returned '0': AMENT_PREFIX_PATH=/home/fabian/moveit2/install/moveit_common:${AMENT_PREFIX_PATH} CMAKE_PREFIX_PATH=/home/fabian/moveit2/install/moveit_common:/home/fabian/yb_support/ros_odrive/install/odrive_ros2_control:/home/fabian/yb_support/ros_odrive/install/odrive_can:/home/fabian/yb_support/slam_toolbox/install/slam_toolbox:/home/fabian/yb_support/my_msgs/install/my_msgs:/home/fabian/yb_support/pointcloud_to_laserscan/install/pointcloud_to_laserscan:/home/fabian/yb_support/mecanum_drive_controller/install/mecanum_drive_controller:/home/fabian/ros2_ws/install/ros2_control_demo_example_2:/home/fabian/ros2_ws/install/ros2_control_demo_description:/home/fabian/yahboom_rosmaster/install/yahboom_rosmaster:/home/fabian/yahboom_rosmaster/install/yahboom_rosmaster_system_tests:/home/fabian/yahboom_rosmaster/install/yahboom_rosmaster_navigation:/home/fabian/yahboom_rosmaster/install/yahboom_rosmaster_msgs:/home/fabian/yahboom_rosmaster/install/yahboom_rosmaster_localization:/home/fabian/yahboom_rosmaster/install/yahboom_rosmaster_gazebo:/home/fabian/yahboom_rosmaster/install/yahboom_rosmaster_docking:/home/fabian/yahboom_rosmaster/install/yahboom_rosmaster_description:/home/fabian/yahboom_rosmaster/install/yahboom_rosmaster_bringup:/home/fabian/yahboom_rosmaster/install/mecanum_drive_controller:/home/fabian/cartesian_controllers/install/cartesian_compliance_controller:/home/fabian/cartesian_controllers/install/cartesian_motion_controller:/home/fabian/cartesian_controllers/install/cartesian_force_controller:/home/fabian/cartesian_controllers/install/cartesian_controller_utilities:/home/fabian/youbot_ws/install/youbot:/home/fabian/yb_support/urdf_parser_py/install/urdfdom_py:/home/fabian/yb_support/twist_stamper/install/twist_stamper:/home/fabian/yb_support/kdl_parser_py/install/kdl_parser_py:/opt/ros/rolling:/home/fabian/cartesian_controllers/install/cartesian_controller_tests:/home/fabian/cartesian_controllers/install/cartesian_controller_simulation:/home/fabian/cartesian_controllers/install/cartesian_controller_handles:/home/fabian/cartesian_controllers/install/cartesian_controller_base:/home/fabian/ros2_control_demos/example_7/install/ros2_control_demo_example_7:/home/fabian/yb_support/unilidar_sdk2/install/unitree_lidar_ros2:/home/fabian/fixslam/install/geometry_msgs:/home/fabian/fixslam/install/std_msgs:/opt/ros/rolling/opt/gz_sim_vendor:/opt/ros/rolling/opt/gz_sensors_vendor:/opt/ros/rolling/opt/gz_physics_vendor:/opt/ros/rolling/opt/sdformat_vendor:/opt/ros/rolling/opt/gz_gui_vendor:/opt/ros/rolling/opt/gz_transport_vendor:/opt/ros/rolling/opt/gz_rendering_vendor:/opt/ros/rolling/opt/gz_plugin_vendor:/opt/ros/rolling/opt/gz_fuel_tools_vendor:/opt/ros/rolling/opt/gz_msgs_vendor:/opt/ros/rolling/opt/gz_common_vendor:/opt/ros/rolling/opt/gz_math_vendor:/opt/ros/rolling/opt/gz_utils_vendor:/opt/ros/rolling/opt/gz_tools_vendor:/opt/ros/rolling/opt/gz_ogre_next_vendor:/opt/ros/rolling/opt/gz_dartsim_vendor:/opt/ros/rolling/opt/gz_cmake_vendor DEBUGINFOD_URLS=https://debuginfod.ubuntu.com /usr/bin/cmake --install /home/fabian/moveit2/build/moveit_core
