[  0%] Built target moveit_rviz_plugin_render_tools_autogen_timestamp_deps
[  1%] Built target moveit_rviz_plugin_render_tools_autogen
[ 18%] Built target moveit_rviz_plugin_render_tools
[ 18%] Built target moveit_planning_scene_rviz_plugin_core_autogen_timestamp_deps
[ 18%] Built target moveit_robot_state_rviz_plugin_core_autogen_timestamp_deps
[ 20%] Built target moveit_robot_state_rviz_plugin_core_autogen
[ 22%] Built target moveit_planning_scene_rviz_plugin_core_autogen
[ 29%] Built target moveit_planning_scene_rviz_plugin_core
[ 34%] Built target moveit_robot_state_rviz_plugin_core
[ 34%] Built target moveit_planning_scene_rviz_plugin_autogen_timestamp_deps
[ 34%] Built target moveit_trajectory_rviz_plugin_core_autogen_timestamp_deps
[ 34%] Built target moveit_robot_state_rviz_plugin_autogen_timestamp_deps
[ 36%] Built target moveit_planning_scene_rviz_plugin_autogen
[ 37%] Built target moveit_trajectory_rviz_plugin_core_autogen
[ 39%] Built target moveit_robot_state_rviz_plugin_autogen
[ 44%] Built target moveit_planning_scene_rviz_plugin
[ 50%] Built target moveit_trajectory_rviz_plugin_core
[ 55%] Built target moveit_robot_state_rviz_plugin
[ 55%] Built target moveit_motion_planning_rviz_plugin_core_autogen_timestamp_deps
[ 55%] Built target moveit_trajectory_rviz_plugin_autogen_timestamp_deps
[ 56%] Built target moveit_trajectory_rviz_plugin_autogen
[ 58%] Built target moveit_motion_planning_rviz_plugin_core_autogen
[ 63%] Built target moveit_trajectory_rviz_plugin
[ 93%] Built target moveit_motion_planning_rviz_plugin_core
[ 93%] Built target moveit_motion_planning_rviz_plugin_autogen_timestamp_deps
[ 94%] Built target moveit_motion_planning_rviz_plugin_autogen
[100%] Built target moveit_motion_planning_rviz_plugin
-- Install configuration: "Release"
-- Up-to-date: /home/fabian/moveit2/install/moveit_ros_visualization/include/moveit_ros_visualization
-- Up-to-date: /home/fabian/moveit2/install/moveit_ros_visualization/include/moveit_ros_visualization/moveit
-- Up-to-date: /home/fabian/moveit2/install/moveit_ros_visualization/include/moveit_ros_visualization/moveit/rviz_plugin_render_tools
-- Up-to-date: /home/fabian/moveit2/install/moveit_ros_visualization/include/moveit_ros_visualization/moveit/rviz_plugin_render_tools/planning_link_updater.hpp
-- Up-to-date: /home/fabian/moveit2/install/moveit_ros_visualization/include/moveit_ros_visualization/moveit/rviz_plugin_render_tools/trajectory_visualization.h
-- Up-to-date: /home/fabian/moveit2/install/moveit_ros_visualization/include/moveit_ros_visualization/moveit/rviz_plugin_render_tools/trajectory_panel.hpp
-- Up-to-date: /home/fabian/moveit2/install/moveit_ros_visualization/include/moveit_ros_visualization/moveit/rviz_plugin_render_tools/planning_scene_render.h
-- Up-to-date: /home/fabian/moveit2/install/moveit_ros_visualization/include/moveit_ros_visualization/moveit/rviz_plugin_render_tools/octomap_render.h
-- Up-to-date: /home/fabian/moveit2/install/moveit_ros_visualization/include/moveit_ros_visualization/moveit/rviz_plugin_render_tools/trajectory_panel.h
-- Up-to-date: /home/fabian/moveit2/install/moveit_ros_visualization/include/moveit_ros_visualization/moveit/rviz_plugin_render_tools/planning_scene_render.hpp
-- Up-to-date: /home/fabian/moveit2/install/moveit_ros_visualization/include/moveit_ros_visualization/moveit/rviz_plugin_render_tools/robot_state_visualization.hpp
-- Up-to-date: /home/fabian/moveit2/install/moveit_ros_visualization/include/moveit_ros_visualization/moveit/rviz_plugin_render_tools/planning_link_updater.h
-- Up-to-date: /home/fabian/moveit2/install/moveit_ros_visualization/include/moveit_ros_visualization/moveit/rviz_plugin_render_tools/render_shapes.h
-- Up-to-date: /home/fabian/moveit2/install/moveit_ros_visualization/include/moveit_ros_visualization/moveit/rviz_plugin_render_tools/octomap_render.hpp
-- Up-to-date: /home/fabian/moveit2/install/moveit_ros_visualization/include/moveit_ros_visualization/moveit/rviz_plugin_render_tools/render_shapes.hpp
-- Up-to-date: /home/fabian/moveit2/install/moveit_ros_visualization/include/moveit_ros_visualization/moveit/rviz_plugin_render_tools/trajectory_visualization.hpp
-- Up-to-date: /home/fabian/moveit2/install/moveit_ros_visualization/include/moveit_ros_visualization/moveit/rviz_plugin_render_tools/robot_state_visualization.h
-- Up-to-date: /home/fabian/moveit2/install/moveit_ros_visualization/include/moveit_ros_visualization/ogre_helpers
-- Up-to-date: /home/fabian/moveit2/install/moveit_ros_visualization/include/moveit_ros_visualization/ogre_helpers/mesh_shape.hpp
-- Up-to-date: /home/fabian/moveit2/install/moveit_ros_visualization/include/moveit_ros_visualization/ogre_helpers/mesh_shape.h
-- Up-to-date: /home/fabian/moveit2/install/moveit_ros_visualization/include/moveit_ros_visualization
-- Up-to-date: /home/fabian/moveit2/install/moveit_ros_visualization/include/moveit_ros_visualization/moveit
-- Up-to-date: /home/fabian/moveit2/install/moveit_ros_visualization/include/moveit_ros_visualization/moveit/robot_state_rviz_plugin
-- Up-to-date: /home/fabian/moveit2/install/moveit_ros_visualization/include/moveit_ros_visualization/moveit/robot_state_rviz_plugin/robot_state_display.h
-- Up-to-date: /home/fabian/moveit2/install/moveit_ros_visualization/include/moveit_ros_visualization/moveit/robot_state_rviz_plugin/robot_state_display.hpp
-- Up-to-date: /home/fabian/moveit2/install/moveit_ros_visualization/include/moveit_ros_visualization
-- Up-to-date: /home/fabian/moveit2/install/moveit_ros_visualization/include/moveit_ros_visualization/moveit
-- Up-to-date: /home/fabian/moveit2/install/moveit_ros_visualization/include/moveit_ros_visualization/moveit/planning_scene_rviz_plugin
-- Up-to-date: /home/fabian/moveit2/install/moveit_ros_visualization/include/moveit_ros_visualization/moveit/planning_scene_rviz_plugin/background_processing.h
-- Up-to-date: /home/fabian/moveit2/install/moveit_ros_visualization/include/moveit_ros_visualization/moveit/planning_scene_rviz_plugin/planning_scene_display.h
-- Up-to-date: /home/fabian/moveit2/install/moveit_ros_visualization/include/moveit_ros_visualization/moveit/planning_scene_rviz_plugin/planning_scene_display.hpp
-- Up-to-date: /home/fabian/moveit2/install/moveit_ros_visualization/include/moveit_ros_visualization/moveit/planning_scene_rviz_plugin/background_processing.hpp
-- Up-to-date: /home/fabian/moveit2/install/moveit_ros_visualization/include/moveit_ros_visualization/moveit_planning_scene_rviz_plugin_core_export.h
-- Up-to-date: /home/fabian/moveit2/install/moveit_ros_visualization/include/moveit_ros_visualization
-- Up-to-date: /home/fabian/moveit2/install/moveit_ros_visualization/include/moveit_ros_visualization/moveit
-- Up-to-date: /home/fabian/moveit2/install/moveit_ros_visualization/include/moveit_ros_visualization/moveit/motion_planning_rviz_plugin
-- Up-to-date: /home/fabian/moveit2/install/moveit_ros_visualization/include/moveit_ros_visualization/moveit/motion_planning_rviz_plugin/interactive_marker_display.h
-- Up-to-date: /home/fabian/moveit2/install/moveit_ros_visualization/include/moveit_ros_visualization/moveit/motion_planning_rviz_plugin/motion_planning_display.h
-- Up-to-date: /home/fabian/moveit2/install/moveit_ros_visualization/include/moveit_ros_visualization/moveit/motion_planning_rviz_plugin/motion_planning_param_widget.hpp
-- Up-to-date: /home/fabian/moveit2/install/moveit_ros_visualization/include/moveit_ros_visualization/moveit/motion_planning_rviz_plugin/motion_planning_frame_joints_widget.hpp
-- Up-to-date: /home/fabian/moveit2/install/moveit_ros_visualization/include/moveit_ros_visualization/moveit/motion_planning_rviz_plugin/motion_planning_display.hpp
-- Up-to-date: /home/fabian/moveit2/install/moveit_ros_visualization/include/moveit_ros_visualization/moveit/motion_planning_rviz_plugin/interactive_marker_display.hpp
-- Up-to-date: /home/fabian/moveit2/install/moveit_ros_visualization/include/moveit_ros_visualization/moveit/motion_planning_rviz_plugin/motion_planning_frame.h
-- Up-to-date: /home/fabian/moveit2/install/moveit_ros_visualization/include/moveit_ros_visualization/moveit/motion_planning_rviz_plugin/motion_planning_frame_joints_widget.h
-- Up-to-date: /home/fabian/moveit2/install/moveit_ros_visualization/include/moveit_ros_visualization/moveit/motion_planning_rviz_plugin/motion_planning_param_widget.h
-- Up-to-date: /home/fabian/moveit2/install/moveit_ros_visualization/include/moveit_ros_visualization/moveit/motion_planning_rviz_plugin/motion_planning_frame.hpp
-- Up-to-date: /home/fabian/moveit2/install/moveit_ros_visualization/include/moveit_ros_visualization
-- Up-to-date: /home/fabian/moveit2/install/moveit_ros_visualization/include/moveit_ros_visualization/moveit
-- Up-to-date: /home/fabian/moveit2/install/moveit_ros_visualization/include/moveit_ros_visualization/moveit/trajectory_rviz_plugin
-- Up-to-date: /home/fabian/moveit2/install/moveit_ros_visualization/include/moveit_ros_visualization/moveit/trajectory_rviz_plugin/trajectory_display.hpp
-- Up-to-date: /home/fabian/moveit2/install/moveit_ros_visualization/include/moveit_ros_visualization/moveit/trajectory_rviz_plugin/trajectory_display.h
-- Up-to-date: /home/fabian/moveit2/install/moveit_ros_visualization/share/moveit_ros_visualization/icons
-- Up-to-date: /home/fabian/moveit2/install/moveit_ros_visualization/share/moveit_ros_visualization/icons/classes
-- Up-to-date: /home/fabian/moveit2/install/moveit_ros_visualization/share/moveit_ros_visualization/icons/classes/MotionPlanning.png
-- Up-to-date: /home/fabian/moveit2/install/moveit_ros_visualization/share/moveit_ros_visualization/icons/classes/PlanningScene.png
-- Up-to-date: /home/fabian/moveit2/install/moveit_ros_visualization/share/moveit_ros_visualization/icons/classes/Trajectory.png
-- Up-to-date: /home/fabian/moveit2/install/moveit_ros_visualization/share/moveit_ros_visualization/icons/classes/RobotState.png
-- Up-to-date: /home/fabian/moveit2/install/moveit_ros_visualization/share/moveit_ros_visualization/motion_planning_rviz_plugin_description.xml
-- Up-to-date: /home/fabian/moveit2/install/moveit_ros_visualization/share/moveit_ros_visualization/trajectory_rviz_plugin_description.xml
-- Up-to-date: /home/fabian/moveit2/install/moveit_ros_visualization/share/moveit_ros_visualization/planning_scene_rviz_plugin_description.xml
-- Up-to-date: /home/fabian/moveit2/install/moveit_ros_visualization/share/moveit_ros_visualization/robot_state_rviz_plugin_description.xml
-- Up-to-date: /home/fabian/moveit2/install/moveit_ros_visualization/lib/libmoveit_motion_planning_rviz_plugin.so.2.14.0
-- Up-to-date: /home/fabian/moveit2/install/moveit_ros_visualization/lib/libmoveit_motion_planning_rviz_plugin.so
-- Up-to-date: /home/fabian/moveit2/install/moveit_ros_visualization/lib/libmoveit_motion_planning_rviz_plugin_core.so.2.14.0
-- Up-to-date: /home/fabian/moveit2/install/moveit_ros_visualization/lib/libmoveit_motion_planning_rviz_plugin_core.so
-- Up-to-date: /home/fabian/moveit2/install/moveit_ros_visualization/lib/libmoveit_planning_scene_rviz_plugin.so.2.14.0
-- Up-to-date: /home/fabian/moveit2/install/moveit_ros_visualization/lib/libmoveit_planning_scene_rviz_plugin.so
-- Up-to-date: /home/fabian/moveit2/install/moveit_ros_visualization/lib/libmoveit_planning_scene_rviz_plugin_core.so.2.14.0
-- Up-to-date: /home/fabian/moveit2/install/moveit_ros_visualization/lib/libmoveit_planning_scene_rviz_plugin_core.so
-- Up-to-date: /home/fabian/moveit2/install/moveit_ros_visualization/lib/libmoveit_robot_state_rviz_plugin.so.2.14.0
-- Up-to-date: /home/fabian/moveit2/install/moveit_ros_visualization/lib/libmoveit_robot_state_rviz_plugin.so
-- Up-to-date: /home/fabian/moveit2/install/moveit_ros_visualization/lib/libmoveit_robot_state_rviz_plugin_core.so.2.14.0
-- Up-to-date: /home/fabian/moveit2/install/moveit_ros_visualization/lib/libmoveit_robot_state_rviz_plugin_core.so
-- Up-to-date: /home/fabian/moveit2/install/moveit_ros_visualization/lib/libmoveit_rviz_plugin_render_tools.so.2.14.0
-- Up-to-date: /home/fabian/moveit2/install/moveit_ros_visualization/lib/libmoveit_rviz_plugin_render_tools.so
-- Up-to-date: /home/fabian/moveit2/install/moveit_ros_visualization/lib/libmoveit_trajectory_rviz_plugin.so.2.14.0
-- Up-to-date: /home/fabian/moveit2/install/moveit_ros_visualization/lib/libmoveit_trajectory_rviz_plugin.so
-- Up-to-date: /home/fabian/moveit2/install/moveit_ros_visualization/lib/libmoveit_trajectory_rviz_plugin_core.so.2.14.0
-- Up-to-date: /home/fabian/moveit2/install/moveit_ros_visualization/lib/libmoveit_trajectory_rviz_plugin_core.so
-- Up-to-date: /home/fabian/moveit2/install/moveit_ros_visualization/share/moveit_ros_visualization/environment/library_path.sh
-- Up-to-date: /home/fabian/moveit2/install/moveit_ros_visualization/share/moveit_ros_visualization/environment/library_path.dsv
-- Up-to-date: /home/fabian/moveit2/install/moveit_ros_visualization/share/ament_index/resource_index/package_run_dependencies/moveit_ros_visualization
-- Up-to-date: /home/fabian/moveit2/install/moveit_ros_visualization/share/ament_index/resource_index/parent_prefix_path/moveit_ros_visualization
-- Up-to-date: /home/fabian/moveit2/install/moveit_ros_visualization/share/moveit_ros_visualization/environment/ament_prefix_path.sh
-- Up-to-date: /home/fabian/moveit2/install/moveit_ros_visualization/share/moveit_ros_visualization/environment/ament_prefix_path.dsv
-- Up-to-date: /home/fabian/moveit2/install/moveit_ros_visualization/share/moveit_ros_visualization/environment/path.sh
-- Up-to-date: /home/fabian/moveit2/install/moveit_ros_visualization/share/moveit_ros_visualization/environment/path.dsv
-- Up-to-date: /home/fabian/moveit2/install/moveit_ros_visualization/share/moveit_ros_visualization/local_setup.bash
-- Up-to-date: /home/fabian/moveit2/install/moveit_ros_visualization/share/moveit_ros_visualization/local_setup.sh
-- Up-to-date: /home/fabian/moveit2/install/moveit_ros_visualization/share/moveit_ros_visualization/local_setup.zsh
-- Up-to-date: /home/fabian/moveit2/install/moveit_ros_visualization/share/moveit_ros_visualization/local_setup.dsv
-- Installing: /home/fabian/moveit2/install/moveit_ros_visualization/share/moveit_ros_visualization/package.dsv
-- Up-to-date: /home/fabian/moveit2/install/moveit_ros_visualization/share/ament_index/resource_index/packages/moveit_ros_visualization
-- Up-to-date: /home/fabian/moveit2/install/moveit_ros_visualization/share/ament_index/resource_index/rviz_common__pluginlib__plugin/moveit_ros_visualization
-- Up-to-date: /home/fabian/moveit2/install/moveit_ros_visualization/share/moveit_ros_visualization/cmake/moveit_ros_visualizationTargetsExport.cmake
-- Up-to-date: /home/fabian/moveit2/install/moveit_ros_visualization/share/moveit_ros_visualization/cmake/moveit_ros_visualizationTargetsExport-release.cmake
-- Up-to-date: /home/fabian/moveit2/install/moveit_ros_visualization/share/moveit_ros_visualization/cmake/ConfigExtras.cmake
-- Up-to-date: /home/fabian/moveit2/install/moveit_ros_visualization/share/moveit_ros_visualization/cmake/ament_cmake_export_targets-extras.cmake
-- Up-to-date: /home/fabian/moveit2/install/moveit_ros_visualization/share/moveit_ros_visualization/cmake/ament_cmake_export_dependencies-extras.cmake
-- Up-to-date: /home/fabian/moveit2/install/moveit_ros_visualization/share/moveit_ros_visualization/cmake/moveit_ros_visualizationConfig.cmake
-- Up-to-date: /home/fabian/moveit2/install/moveit_ros_visualization/share/moveit_ros_visualization/cmake/moveit_ros_visualizationConfig-version.cmake
-- Up-to-date: /home/fabian/moveit2/install/moveit_ros_visualization/share/moveit_ros_visualization/package.xml
