-- The C compiler identification is GNU 13.3.0
-- The CXX compiler identification is GNU 13.3.0
-- Detecting C compiler ABI info
-- Detecting C compiler ABI info - done
-- Check for working C compiler: /usr/bin/cc - skipped
-- Detecting C compile features
-- Detecting C compile features - done
-- Detecting CXX compiler ABI info
-- Detecting CXX compiler ABI info - done
-- Check for working CXX compiler: /usr/bin/c++ - skipped
-- Detecting CXX compile features
-- Detecting CXX compile features - done
-- Found ament_cmake: 2.8.4 (/opt/ros/rolling/share/ament_cmake/cmake)
-- Found Python3: /usr/bin/python3 (found version "3.12.3") found components: Interpreter 
-- Override CMake install command with custom implementation using symlinks instead of copying resources
-- Configuring done (5.2s)
-- Generating done (0.0s)
-- Build files have been written to: /home/fabian/moveit2/build/moveit_resources_prbt_support
-- Install configuration: ""
-- Execute custom install script
-- Symlinking: /home/fabian/moveit2/install/moveit_resources_prbt_support/share/ament_index/resource_index/package_run_dependencies/moveit_resources_prbt_support
-- Symlinking: /home/fabian/moveit2/install/moveit_resources_prbt_support/share/ament_index/resource_index/parent_prefix_path/moveit_resources_prbt_support
-- Symlinking: /home/fabian/moveit2/install/moveit_resources_prbt_support/share/moveit_resources_prbt_support/environment/ament_prefix_path.sh
-- Symlinking: /home/fabian/moveit2/install/moveit_resources_prbt_support/share/moveit_resources_prbt_support/environment/ament_prefix_path.dsv
-- Symlinking: /home/fabian/moveit2/install/moveit_resources_prbt_support/share/moveit_resources_prbt_support/environment/path.sh
-- Symlinking: /home/fabian/moveit2/install/moveit_resources_prbt_support/share/moveit_resources_prbt_support/environment/path.dsv
-- Symlinking: /home/fabian/moveit2/install/moveit_resources_prbt_support/share/moveit_resources_prbt_support/local_setup.bash
-- Symlinking: /home/fabian/moveit2/install/moveit_resources_prbt_support/share/moveit_resources_prbt_support/local_setup.sh
-- Symlinking: /home/fabian/moveit2/install/moveit_resources_prbt_support/share/moveit_resources_prbt_support/local_setup.zsh
-- Symlinking: /home/fabian/moveit2/install/moveit_resources_prbt_support/share/moveit_resources_prbt_support/local_setup.dsv
-- Symlinking: /home/fabian/moveit2/install/moveit_resources_prbt_support/share/moveit_resources_prbt_support/package.dsv
-- Symlinking: /home/fabian/moveit2/install/moveit_resources_prbt_support/share/ament_index/resource_index/packages/moveit_resources_prbt_support
-- Symlinking: /home/fabian/moveit2/install/moveit_resources_prbt_support/share/moveit_resources_prbt_support/cmake/moveit_resources_prbt_supportConfig.cmake
-- Symlinking: /home/fabian/moveit2/install/moveit_resources_prbt_support/share/moveit_resources_prbt_support/cmake/moveit_resources_prbt_supportConfig-version.cmake
-- Symlinking: /home/fabian/moveit2/install/moveit_resources_prbt_support/share/moveit_resources_prbt_support/package.xml
-- Symlinking: /home/fabian/moveit2/install/moveit_resources_prbt_support/share/moveit_resources_prbt_support/urdf/prbt.ros2_control.xacro
-- Symlinking: /home/fabian/moveit2/install/moveit_resources_prbt_support/share/moveit_resources_prbt_support/urdf/prbt.xacro
-- Symlinking: /home/fabian/moveit2/install/moveit_resources_prbt_support/share/moveit_resources_prbt_support/urdf/prbt_macro.xacro
-- Symlinking: /home/fabian/moveit2/install/moveit_resources_prbt_support/share/moveit_resources_prbt_support/urdf/simple_gripper_brackets.urdf.xacro
-- Symlinking: /home/fabian/moveit2/install/moveit_resources_prbt_support/share/moveit_resources_prbt_support/meshes/flange.dae
-- Symlinking: /home/fabian/moveit2/install/moveit_resources_prbt_support/share/moveit_resources_prbt_support/meshes/flange.stl
-- Symlinking: /home/fabian/moveit2/install/moveit_resources_prbt_support/share/moveit_resources_prbt_support/meshes/foot.dae
-- Symlinking: /home/fabian/moveit2/install/moveit_resources_prbt_support/share/moveit_resources_prbt_support/meshes/foot.stl
-- Symlinking: /home/fabian/moveit2/install/moveit_resources_prbt_support/share/moveit_resources_prbt_support/meshes/link_1.dae
-- Symlinking: /home/fabian/moveit2/install/moveit_resources_prbt_support/share/moveit_resources_prbt_support/meshes/link_1.stl
-- Symlinking: /home/fabian/moveit2/install/moveit_resources_prbt_support/share/moveit_resources_prbt_support/meshes/link_2.dae
-- Symlinking: /home/fabian/moveit2/install/moveit_resources_prbt_support/share/moveit_resources_prbt_support/meshes/link_2.stl
-- Symlinking: /home/fabian/moveit2/install/moveit_resources_prbt_support/share/moveit_resources_prbt_support/meshes/link_3.dae
-- Symlinking: /home/fabian/moveit2/install/moveit_resources_prbt_support/share/moveit_resources_prbt_support/meshes/link_3.stl
-- Symlinking: /home/fabian/moveit2/install/moveit_resources_prbt_support/share/moveit_resources_prbt_support/meshes/link_4.dae
-- Symlinking: /home/fabian/moveit2/install/moveit_resources_prbt_support/share/moveit_resources_prbt_support/meshes/link_4.stl
-- Symlinking: /home/fabian/moveit2/install/moveit_resources_prbt_support/share/moveit_resources_prbt_support/meshes/link_5.dae
-- Symlinking: /home/fabian/moveit2/install/moveit_resources_prbt_support/share/moveit_resources_prbt_support/meshes/link_5.stl
-- Symlinking: /home/fabian/moveit2/install/moveit_resources_prbt_support/share/moveit_resources_prbt_support/config/manipulator_controller.yaml
-- Symlinking: /home/fabian/moveit2/install/moveit_resources_prbt_support/share/moveit_resources_prbt_support/config/manipulator_driver.yaml
-- Symlinking: /home/fabian/moveit2/install/moveit_resources_prbt_support/share/moveit_resources_prbt_support/config/prbt_0_1.dcf
