[0.027s] Invoking command in '/home/fabian/moveit2/build/rviz_visual_tools': CMAKE_PREFIX_PATH=/home/fabian/moveit2/install/rviz_marker_tools:/home/fabian/moveit2/install/moveit_resources:/home/fabian/moveit2/install/moveit_resources_pr2_description:/home/fabian/moveit2/install/moveit_resources_panda_moveit_config:/home/fabian/moveit2/install/dual_arm_panda_moveit_config:/home/fabian/moveit2/install/moveit_resources_panda_description:/home/fabian/moveit2/install/moveit_resources_fanuc_moveit_config:/home/fabian/moveit2/install/moveit_resources_fanuc_description:/home/fabian/moveit2/install/moveit_msgs:/home/fabian/moveit2/install/pilz_industrial_motion_planner_testutils:/home/fabian/moveit2/install/moveit_runtime:/home/fabian/moveit2/install/moveit:/home/fabian/moveit2/install/moveit_planners:/home/fabian/moveit2/install/pilz_industrial_motion_planner:/home/fabian/moveit2/install/moveit_ros_control_interface:/home/fabian/moveit2/install/moveit_plugins:/home/fabian/moveit2/install/moveit_simple_controller_manager:/home/fabian/moveit2/install/moveit_setup_assistant:/home/fabian/moveit2/install/moveit_setup_srdf_plugins:/home/fabian/moveit2/install/moveit_setup_core_plugins:/home/fabian/moveit2/install/moveit_setup_controllers:/home/fabian/moveit2/install/moveit_setup_app_plugins:/home/fabian/moveit2/install/moveit_setup_framework:/home/fabian/moveit2/install/moveit_servo:/home/fabian/moveit2/install/moveit_ros_trajectory_cache:/home/fabian/moveit2/install/moveit_ros:/home/fabian/moveit2/install/moveit_ros_visualization:/home/fabian/moveit2/install/moveit_py:/home/fabian/moveit2/install/moveit_hybrid_planning:/home/fabian/moveit2/install/moveit_ros_planning_interface:/home/fabian/moveit2/install/moveit_ros_benchmarks:/home/fabian/moveit2/install/moveit_ros_warehouse:/home/fabian/moveit2/install/moveit_ros_robot_interaction:/home/fabian/moveit2/install/moveit_ros_perception:/home/fabian/moveit2/install/moveit_resources_prbt_pg70_support:/home/fabian/moveit2/install/moveit_resources_prbt_moveit_config:/home/fabian/moveit2/install/moveit_ros_move_group:/home/fabian/moveit2/install/moveit_planners_ompl:/home/fabian/moveit2/install/moveit_kinematics:/home/fabian/moveit2/install/moveit_ros_planning:/home/fabian/moveit2/install/moveit_ros_occupancy_map_monitor:/home/fabian/moveit2/install/moveit_resources_prbt_support:/home/fabian/moveit2/install/moveit_resources_prbt_ikfast_manipulator_plugin:/home/fabian/moveit2/install/moveit_planners_stomp:/home/fabian/moveit2/install/moveit_planners_chomp:/home/fabian/moveit2/install/chomp_motion_planner:/home/fabian/moveit2/install/moveit_core:/home/fabian/moveit2/install/moveit_common:/home/fabian/yb_support/ros_odrive/install/odrive_ros2_control:/home/fabian/yb_support/ros_odrive/install/odrive_can:/home/fabian/yb_support/slam_toolbox/install/slam_toolbox:/home/fabian/yb_support/my_msgs/install/my_msgs:/home/fabian/yb_support/pointcloud_to_laserscan/install/pointcloud_to_laserscan:/home/fabian/yb_support/mecanum_drive_controller/install/mecanum_drive_controller:/home/fabian/ros2_ws/install/ros2_control_demo_example_2:/home/fabian/ros2_ws/install/ros2_control_demo_description:/home/fabian/yahboom_rosmaster/install/yahboom_rosmaster:/home/fabian/yahboom_rosmaster/install/yahboom_rosmaster_system_tests:/home/fabian/yahboom_rosmaster/install/yahboom_rosmaster_navigation:/home/fabian/yahboom_rosmaster/install/yahboom_rosmaster_msgs:/home/fabian/yahboom_rosmaster/install/yahboom_rosmaster_localization:/home/fabian/yahboom_rosmaster/install/yahboom_rosmaster_gazebo:/home/fabian/yahboom_rosmaster/install/yahboom_rosmaster_docking:/home/fabian/yahboom_rosmaster/install/yahboom_rosmaster_description:/home/fabian/yahboom_rosmaster/install/yahboom_rosmaster_bringup:/home/fabian/yahboom_rosmaster/install/mecanum_drive_controller:/home/fabian/cartesian_controllers/install/cartesian_compliance_controller:/home/fabian/cartesian_controllers/install/cartesian_motion_controller:/home/fabian/cartesian_controllers/install/cartesian_force_controller:/home/fabian/cartesian_controllers/install/cartesian_controller_utilities:/home/fabian/moveit2/install/moveit_configs_utils:/home/fabian/youbot_ws/install/youbot:/home/fabian/yb_support/urdf_parser_py/install/urdfdom_py:/home/fabian/yb_support/twist_stamper/install/twist_stamper:/home/fabian/yb_support/kdl_parser_py/install/kdl_parser_py:/opt/ros/rolling:/home/fabian/cartesian_controllers/install/cartesian_controller_tests:/home/fabian/cartesian_controllers/install/cartesian_controller_simulation:/home/fabian/cartesian_controllers/install/cartesian_controller_handles:/home/fabian/cartesian_controllers/install/cartesian_controller_base:/home/fabian/ros2_control_demos/example_7/install/ros2_control_demo_example_7:/home/fabian/yb_support/unilidar_sdk2/install/unitree_lidar_ros2:/home/fabian/fixslam/install/geometry_msgs:/home/fabian/fixslam/install/std_msgs:/opt/ros/rolling/opt/gz_sim_vendor:/opt/ros/rolling/opt/gz_sensors_vendor:/opt/ros/rolling/opt/gz_physics_vendor:/opt/ros/rolling/opt/sdformat_vendor:/opt/ros/rolling/opt/gz_gui_vendor:/opt/ros/rolling/opt/gz_transport_vendor:/opt/ros/rolling/opt/gz_rendering_vendor:/opt/ros/rolling/opt/gz_plugin_vendor:/opt/ros/rolling/opt/gz_fuel_tools_vendor:/opt/ros/rolling/opt/gz_msgs_vendor:/opt/ros/rolling/opt/gz_common_vendor:/opt/ros/rolling/opt/gz_math_vendor:/opt/ros/rolling/opt/gz_utils_vendor:/opt/ros/rolling/opt/gz_tools_vendor:/opt/ros/rolling/opt/gz_ogre_next_vendor:/opt/ros/rolling/opt/gz_dartsim_vendor:/opt/ros/rolling/opt/gz_cmake_vendor DEBUGINFOD_URLS=https://debuginfod.ubuntu.com /usr/bin/cmake /home/fabian/moveit2/rviz_visual_tools -DCMAKE_INSTALL_PREFIX=/home/fabian/moveit2/install/rviz_visual_tools
[0.254s] -- The C compiler identification is GNU 13.3.0
[1.197s] -- The CXX compiler identification is GNU 13.3.0
[2.086s] -- Detecting C compiler ABI info
[2.507s] -- Detecting C compiler ABI info - done
[2.517s] -- Check for working C compiler: /usr/bin/cc - skipped
[2.517s] -- Detecting C compile features
[2.518s] -- Detecting C compile features - done
[2.663s] -- Detecting CXX compiler ABI info
[3.096s] -- Detecting CXX compiler ABI info - done
[3.106s] -- Check for working CXX compiler: /usr/bin/c++ - skipped
[3.106s] -- Detecting CXX compile features
[3.107s] -- Detecting CXX compile features - done
[3.120s] -- Found ament_cmake: 2.8.4 (/opt/ros/rolling/share/ament_cmake/cmake)
[3.471s] -- Found Python3: /usr/bin/python3 (found version "3.12.3") found components: Interpreter 
[3.729s] -- Found rclcpp: 30.1.0 (/opt/ros/rolling/share/rclcpp/cmake)
[4.050s] -- Found rosidl_generator_c: 5.0.1 (/opt/ros/rolling/share/rosidl_generator_c/cmake)
[4.091s] -- Found rosidl_generator_cpp: 5.0.1 (/opt/ros/rolling/share/rosidl_generator_cpp/cmake)
[4.141s] -- Using all available rosidl_typesupport_c: rosidl_typesupport_fastrtps_c;rosidl_typesupport_introspection_c
[4.191s] -- Using all available rosidl_typesupport_cpp: rosidl_typesupport_fastrtps_cpp;rosidl_typesupport_introspection_cpp
[4.374s] -- Found rmw_implementation_cmake: 7.9.0 (/opt/ros/rolling/share/rmw_implementation_cmake/cmake)
[4.391s] -- Found rmw_fastrtps_cpp: 9.4.2 (/opt/ros/rolling/share/rmw_fastrtps_cpp/cmake)
[4.620s] -- Found OpenSSL: /usr/lib/x86_64-linux-gnu/libcrypto.so (found version "3.0.13")  
[4.640s] -- Using RMW implementation 'rmw_fastrtps_cpp' as default
[4.986s] -- Found rclcpp_components: 30.1.0 (/opt/ros/rolling/share/rclcpp_components/cmake)
[5.071s] -- Found rviz_ogre_vendor: 15.1.7 (/opt/ros/rolling/share/rviz_ogre_vendor/cmake)
[5.071s] -- Setting OGRE_DIR to: '/opt/ros/rolling/share/rviz_ogre_vendor/cmake/../../../opt/rviz_ogre_vendor/lib/OGRE/cmake'
[5.073s] -- Found OGRE
[5.073s] --   static     : OFF
[5.073s] --   components : MeshLodGenerator;Overlay;Paging;Property;RTShaderSystem;Terrain;Volume
[5.073s] --   plugins    : Plugin_BSPSceneManager;Plugin_OctreeSceneManager;Plugin_PCZSceneManager;Plugin_ParticleFX;RenderSystem_GL;RenderSystem_GL3Plus;Codec_STBI
[5.073s] --   media      : /opt/ros/rolling/opt/rviz_ogre_vendor/share/OGRE/Media
[5.073s] -- OGRE_LIBRARIES: OgreMeshLodGenerator;OgreOverlay;OgrePaging;OgreProperty;OgreRTShaderSystem;OgreTerrain;OgreVolume;OgreMain
[5.073s] -- OGRE_LIBRARY_DIRS: /opt/ros/rolling/opt/rviz_ogre_vendor/lib
[5.073s] -- OGRE_PLUGINS: Plugin_BSPSceneManager;Plugin_OctreeSceneManager;Plugin_PCZSceneManager;Plugin_ParticleFX;RenderSystem_GL;RenderSystem_GL3Plus;Codec_STBI
[5.074s] -- OGRE_PLUGIN_DIR: /opt/ros/rolling/opt/rviz_ogre_vendor/lib/OGRE
[5.074s] -- rviz_ogre_vendor::OgreOverlay for IMPORTED_LOCATION_RELEASE: /opt/ros/rolling/opt/rviz_ogre_vendor/lib/libOgreOverlay.so
[5.074s] -- rviz_ogre_vendor::OgreOverlay for IMPORTED_LOCATION_DEBUG: /opt/ros/rolling/opt/rviz_ogre_vendor/lib/libOgreOverlay.so
[5.074s] -- rviz_ogre_vendor::OgreMain for IMPORTED_LOCATION_RELEASE: /opt/ros/rolling/opt/rviz_ogre_vendor/lib/libOgreMain.so
[5.074s] -- rviz_ogre_vendor::OgreMain for IMPORTED_LOCATION_DEBUG: /opt/ros/rolling/opt/rviz_ogre_vendor/lib/libOgreMain.so
[8.479s] -- Found ZLIB: /usr/lib/x86_64-linux-gnu/libz.so (found version "1.3")  
[9.523s] -- Found OpenGL: /usr/lib/x86_64-linux-gnu/libOpenGL.so   
[18.388s] -- Found X11: /usr/include   
[18.388s] -- Looking for XOpenDisplay in /usr/lib/x86_64-linux-gnu/libX11.so;/usr/lib/x86_64-linux-gnu/libXext.so
[18.679s] -- Looking for XOpenDisplay in /usr/lib/x86_64-linux-gnu/libX11.so;/usr/lib/x86_64-linux-gnu/libXext.so - found
[18.679s] -- Looking for gethostbyname
[18.962s] -- Looking for gethostbyname - found
[18.962s] -- Looking for connect
[19.242s] -- Looking for connect - found
[19.243s] -- Looking for remove
[19.525s] -- Looking for remove - found
[19.525s] -- Looking for shmat
[19.806s] -- Looking for shmat - found
[19.806s] -- Looking for IceConnectionNumber in ICE
[20.099s] -- Looking for IceConnectionNumber in ICE - found
[20.183s] -- Found sensor_msgs: 5.8.2 (/opt/ros/rolling/share/sensor_msgs/cmake)
[20.283s] -- Found shape_msgs: 5.8.2 (/opt/ros/rolling/share/shape_msgs/cmake)
[20.313s] -- Found visualization_msgs: 5.8.2 (/opt/ros/rolling/share/visualization_msgs/cmake)
[20.357s] -- Found trajectory_msgs: 5.8.2 (/opt/ros/rolling/share/trajectory_msgs/cmake)
[20.391s] -- Found eigen3_cmake_module: 0.5.1 (/opt/ros/rolling/share/eigen3_cmake_module/cmake)
[20.403s] -- Found eigen_stl_containers: 1.1.0 (/opt/ros/rolling/share/eigen_stl_containers/cmake)
[20.426s] -- Found Eigen3: TRUE (found version "3.4.0") 
[20.433s] -- Found PkgConfig: /usr/bin/pkg-config (found version "1.8.1") 
[20.446s] -- Found tf2: 0.44.0 (/opt/ros/rolling/share/tf2/cmake)
[20.462s] -- Found tf2_eigen: 0.44.0 (/opt/ros/rolling/share/tf2_eigen/cmake)
[20.646s] -- Found tf2_geometry_msgs: 0.44.0 (/opt/ros/rolling/share/tf2_geometry_msgs/cmake)
[20.750s] -- Ensuring Eigen3 include directory is part of orocos-kdl CMake target
[20.764s] -- Found pluginlib: 5.7.0 (/opt/ros/rolling/share/pluginlib/cmake)
[20.792s] -- Found interactive_markers: 2.8.0 (/opt/ros/rolling/share/interactive_markers/cmake)
[20.811s] -- Found rviz_common: 15.1.7 (/opt/ros/rolling/share/rviz_common/cmake)
[21.051s] -- Setting yaml-cpp_DIR to: '/opt/ros/rolling/share/yaml_cpp_vendor/cmake/../../../opt/yaml_cpp_vendor/share/cmake/yaml-cpp'
[21.085s] -- Found rviz_default_plugins: 15.1.7 (/opt/ros/rolling/share/rviz_default_plugins/cmake)
[21.351s] [0mCMake Deprecation Warning at /opt/ros/rolling/share/ament_cmake_target_dependencies/cmake/ament_target_dependencies.cmake:87 (message):
[21.351s]   ament_target_dependencies() is deprecated.  Use target_link_libraries()
[21.351s]   with modern CMake targets instead.  Try replacing this call with:
[21.351s] 
[21.351s]     target_link_libraries(rviz_visual_tools_gui PUBLIC
[21.351s]       rclcpp::rclcpp
[21.351s]       rviz_common::rviz_common
[21.351s]       rviz_default_plugins::rviz_default_plugins
[21.351s]       rviz_rendering::rviz_rendering
[21.351s]     )
[21.352s] 
[21.352s] Call Stack (most recent call first):
[21.352s]   CMakeLists.txt:80 (ament_target_dependencies)
[21.352s] 
[21.352s] [0m
[21.365s] [0mCMake Deprecation Warning at /opt/ros/rolling/share/ament_cmake_target_dependencies/cmake/ament_target_dependencies.cmake:87 (message):
[21.365s]   ament_target_dependencies() is deprecated.  Use target_link_libraries()
[21.365s]   with modern CMake targets instead.  Try replacing this call with:
[21.365s] 
[21.365s]     target_link_libraries(rviz_visual_tools_remote_control PUBLIC
[21.365s]       ${sensor_msgs_TARGETS}
[21.365s]       ${shape_msgs_TARGETS}
[21.366s]       ${std_msgs_TARGETS}
[21.366s]       ${trajectory_msgs_TARGETS}
[21.366s]       ${visualization_msgs_TARGETS}
[21.366s]       eigen_stl_containers::eigen_stl_containers
[21.366s]       rclcpp::rclcpp
[21.366s]       rclcpp_components::component
[21.366s]       rclcpp_components::component_manager
[21.366s]       sensor_msgs::sensor_msgs_library
[21.366s]       tf2::tf2
[21.366s]       tf2_eigen::tf2_eigen
[21.366s]       tf2_geometry_msgs::tf2_geometry_msgs
[21.366s]     )
[21.366s] 
[21.366s] Call Stack (most recent call first):
[21.366s]   CMakeLists.txt:101 (ament_target_dependencies)
[21.367s] 
[21.367s] [0m
[21.400s] [0mCMake Deprecation Warning at /opt/ros/rolling/share/ament_cmake_target_dependencies/cmake/ament_target_dependencies.cmake:87 (message):
[21.400s]   ament_target_dependencies() is deprecated.  Use target_link_libraries()
[21.400s]   with modern CMake targets instead.  Try replacing this call with:
[21.400s] 
[21.400s]     target_link_libraries(rviz_visual_tools PUBLIC
[21.400s]       
[21.400s]     )
[21.401s] 
[21.401s] Call Stack (most recent call first):
[21.401s]   CMakeLists.txt:121 (ament_target_dependencies)
[21.401s] 
[21.401s] [0m
[21.405s] [0mCMake Deprecation Warning at /opt/ros/rolling/share/ament_cmake_target_dependencies/cmake/ament_target_dependencies.cmake:87 (message):
[21.405s]   ament_target_dependencies() is deprecated.  Use target_link_libraries()
[21.406s]   with modern CMake targets instead.  Try replacing this call with:
[21.406s] 
[21.406s]     target_link_libraries(rviz_visual_tools PUBLIC
[21.406s]       ${sensor_msgs_TARGETS}
[21.406s]       ${shape_msgs_TARGETS}
[21.406s]       ${std_msgs_TARGETS}
[21.406s]       ${trajectory_msgs_TARGETS}
[21.406s]       ${visualization_msgs_TARGETS}
[21.406s]       eigen_stl_containers::eigen_stl_containers
[21.406s]       rclcpp::rclcpp
[21.406s]       rclcpp_components::component
[21.406s]       rclcpp_components::component_manager
[21.406s]       sensor_msgs::sensor_msgs_library
[21.406s]       tf2::tf2
[21.406s]       tf2_eigen::tf2_eigen
[21.407s]       tf2_geometry_msgs::tf2_geometry_msgs
[21.407s]     )
[21.407s] 
[21.407s] Call Stack (most recent call first):
[21.407s]   CMakeLists.txt:125 (ament_target_dependencies)
[21.407s] 
[21.407s] [0m
[21.441s] [0mCMake Deprecation Warning at /opt/ros/rolling/share/ament_cmake_target_dependencies/cmake/ament_target_dependencies.cmake:87 (message):
[21.441s]   ament_target_dependencies() is deprecated.  Use target_link_libraries()
[21.441s]   with modern CMake targets instead.  Try replacing this call with:
[21.441s] 
[21.441s]     target_link_libraries(rviz_visual_tools_imarker_simple PUBLIC
[21.441s]       ${geometry_msgs_TARGETS}
[21.442s]       ${sensor_msgs_TARGETS}
[21.442s]       ${visualization_msgs_TARGETS}
[21.442s]       eigen_stl_containers::eigen_stl_containers
[21.442s]       interactive_markers::interactive_markers
[21.442s]       rclcpp::rclcpp
[21.442s]       sensor_msgs::sensor_msgs_library
[21.442s]     )
[21.442s] 
[21.443s] Call Stack (most recent call first):
[21.443s]   CMakeLists.txt:147 (ament_target_dependencies)
[21.443s] 
[21.443s] [0m
[21.464s] [0mCMake Deprecation Warning at /opt/ros/rolling/share/ament_cmake_target_dependencies/cmake/ament_target_dependencies.cmake:87 (message):
[21.465s]   ament_target_dependencies() is deprecated.  Use target_link_libraries()
[21.465s]   with modern CMake targets instead.  Try replacing this call with:
[21.465s] 
[21.465s]     target_link_libraries(rviz_visual_tools_demo PUBLIC
[21.465s]       ${geometry_msgs_TARGETS}
[21.465s]       ${std_msgs_TARGETS}
[21.465s]       rclcpp::rclcpp
[21.465s]     )
[21.465s] 
[21.465s] Call Stack (most recent call first):
[21.465s]   CMakeLists.txt:165 (ament_target_dependencies)
[21.465s] 
[21.465s] [0m
[21.475s] [0mCMake Deprecation Warning at /opt/ros/rolling/share/ament_cmake_target_dependencies/cmake/ament_target_dependencies.cmake:87 (message):
[21.475s]   ament_target_dependencies() is deprecated.  Use target_link_libraries()
[21.475s]   with modern CMake targets instead.  Try replacing this call with:
[21.475s] 
[21.475s]     target_link_libraries(rviz_visual_tools_imarker_simple_demo PUBLIC
[21.475s]       rclcpp::rclcpp
[21.475s]     )
[21.475s] 
[21.475s] Call Stack (most recent call first):
[21.475s]   CMakeLists.txt:178 (ament_target_dependencies)
[21.475s] 
[21.475s] [0m
[21.493s] -- Found ament_cmake_gtest: 2.8.4 (/opt/ros/rolling/share/ament_cmake_gtest/cmake)
[21.506s] -- Found gtest sources under '/opt/ros/rolling/src/gtest_vendor': C++ tests using 'Google Test' will be built
[21.511s] -- Performing Test CMAKE_HAVE_LIBC_PTHREAD
[21.801s] -- Performing Test CMAKE_HAVE_LIBC_PTHREAD - Success
[21.803s] -- Found Threads: TRUE  
[21.804s] [0mCMake Deprecation Warning at /opt/ros/rolling/share/ament_cmake_target_dependencies/cmake/ament_target_dependencies.cmake:87 (message):
[21.804s]   ament_target_dependencies() is deprecated.  Use target_link_libraries()
[21.804s]   with modern CMake targets instead.  Try replacing this call with:
[21.804s] 
[21.804s]     target_link_libraries(rviz_visual_tools_rvt_test PUBLIC
[21.804s]       rclcpp::rclcpp
[21.804s]     )
[21.804s] 
[21.804s] Call Stack (most recent call first):
[21.804s]   CMakeLists.txt:251 (ament_target_dependencies)
[21.804s] 
[21.804s] [0m
[21.922s] -- Configuring done (21.9s)
[22.078s] -- Generating done (0.1s)
[22.104s] -- Build files have been written to: /home/fabian/moveit2/build/rviz_visual_tools
[22.128s] Invoked command in '/home/fabian/moveit2/build/rviz_visual_tools' returned '0': CMAKE_PREFIX_PATH=/home/fabian/moveit2/install/rviz_marker_tools:/home/fabian/moveit2/install/moveit_resources:/home/fabian/moveit2/install/moveit_resources_pr2_description:/home/fabian/moveit2/install/moveit_resources_panda_moveit_config:/home/fabian/moveit2/install/dual_arm_panda_moveit_config:/home/fabian/moveit2/install/moveit_resources_panda_description:/home/fabian/moveit2/install/moveit_resources_fanuc_moveit_config:/home/fabian/moveit2/install/moveit_resources_fanuc_description:/home/fabian/moveit2/install/moveit_msgs:/home/fabian/moveit2/install/pilz_industrial_motion_planner_testutils:/home/fabian/moveit2/install/moveit_runtime:/home/fabian/moveit2/install/moveit:/home/fabian/moveit2/install/moveit_planners:/home/fabian/moveit2/install/pilz_industrial_motion_planner:/home/fabian/moveit2/install/moveit_ros_control_interface:/home/fabian/moveit2/install/moveit_plugins:/home/fabian/moveit2/install/moveit_simple_controller_manager:/home/fabian/moveit2/install/moveit_setup_assistant:/home/fabian/moveit2/install/moveit_setup_srdf_plugins:/home/fabian/moveit2/install/moveit_setup_core_plugins:/home/fabian/moveit2/install/moveit_setup_controllers:/home/fabian/moveit2/install/moveit_setup_app_plugins:/home/fabian/moveit2/install/moveit_setup_framework:/home/fabian/moveit2/install/moveit_servo:/home/fabian/moveit2/install/moveit_ros_trajectory_cache:/home/fabian/moveit2/install/moveit_ros:/home/fabian/moveit2/install/moveit_ros_visualization:/home/fabian/moveit2/install/moveit_py:/home/fabian/moveit2/install/moveit_hybrid_planning:/home/fabian/moveit2/install/moveit_ros_planning_interface:/home/fabian/moveit2/install/moveit_ros_benchmarks:/home/fabian/moveit2/install/moveit_ros_warehouse:/home/fabian/moveit2/install/moveit_ros_robot_interaction:/home/fabian/moveit2/install/moveit_ros_perception:/home/fabian/moveit2/install/moveit_resources_prbt_pg70_support:/home/fabian/moveit2/install/moveit_resources_prbt_moveit_config:/home/fabian/moveit2/install/moveit_ros_move_group:/home/fabian/moveit2/install/moveit_planners_ompl:/home/fabian/moveit2/install/moveit_kinematics:/home/fabian/moveit2/install/moveit_ros_planning:/home/fabian/moveit2/install/moveit_ros_occupancy_map_monitor:/home/fabian/moveit2/install/moveit_resources_prbt_support:/home/fabian/moveit2/install/moveit_resources_prbt_ikfast_manipulator_plugin:/home/fabian/moveit2/install/moveit_planners_stomp:/home/fabian/moveit2/install/moveit_planners_chomp:/home/fabian/moveit2/install/chomp_motion_planner:/home/fabian/moveit2/install/moveit_core:/home/fabian/moveit2/install/moveit_common:/home/fabian/yb_support/ros_odrive/install/odrive_ros2_control:/home/fabian/yb_support/ros_odrive/install/odrive_can:/home/fabian/yb_support/slam_toolbox/install/slam_toolbox:/home/fabian/yb_support/my_msgs/install/my_msgs:/home/fabian/yb_support/pointcloud_to_laserscan/install/pointcloud_to_laserscan:/home/fabian/yb_support/mecanum_drive_controller/install/mecanum_drive_controller:/home/fabian/ros2_ws/install/ros2_control_demo_example_2:/home/fabian/ros2_ws/install/ros2_control_demo_description:/home/fabian/yahboom_rosmaster/install/yahboom_rosmaster:/home/fabian/yahboom_rosmaster/install/yahboom_rosmaster_system_tests:/home/fabian/yahboom_rosmaster/install/yahboom_rosmaster_navigation:/home/fabian/yahboom_rosmaster/install/yahboom_rosmaster_msgs:/home/fabian/yahboom_rosmaster/install/yahboom_rosmaster_localization:/home/fabian/yahboom_rosmaster/install/yahboom_rosmaster_gazebo:/home/fabian/yahboom_rosmaster/install/yahboom_rosmaster_docking:/home/fabian/yahboom_rosmaster/install/yahboom_rosmaster_description:/home/fabian/yahboom_rosmaster/install/yahboom_rosmaster_bringup:/home/fabian/yahboom_rosmaster/install/mecanum_drive_controller:/home/fabian/cartesian_controllers/install/cartesian_compliance_controller:/home/fabian/cartesian_controllers/install/cartesian_motion_controller:/home/fabian/cartesian_controllers/install/cartesian_force_controller:/home/fabian/cartesian_controllers/install/cartesian_controller_utilities:/home/fabian/moveit2/install/moveit_configs_utils:/home/fabian/youbot_ws/install/youbot:/home/fabian/yb_support/urdf_parser_py/install/urdfdom_py:/home/fabian/yb_support/twist_stamper/install/twist_stamper:/home/fabian/yb_support/kdl_parser_py/install/kdl_parser_py:/opt/ros/rolling:/home/fabian/cartesian_controllers/install/cartesian_controller_tests:/home/fabian/cartesian_controllers/install/cartesian_controller_simulation:/home/fabian/cartesian_controllers/install/cartesian_controller_handles:/home/fabian/cartesian_controllers/install/cartesian_controller_base:/home/fabian/ros2_control_demos/example_7/install/ros2_control_demo_example_7:/home/fabian/yb_support/unilidar_sdk2/install/unitree_lidar_ros2:/home/fabian/fixslam/install/geometry_msgs:/home/fabian/fixslam/install/std_msgs:/opt/ros/rolling/opt/gz_sim_vendor:/opt/ros/rolling/opt/gz_sensors_vendor:/opt/ros/rolling/opt/gz_physics_vendor:/opt/ros/rolling/opt/sdformat_vendor:/opt/ros/rolling/opt/gz_gui_vendor:/opt/ros/rolling/opt/gz_transport_vendor:/opt/ros/rolling/opt/gz_rendering_vendor:/opt/ros/rolling/opt/gz_plugin_vendor:/opt/ros/rolling/opt/gz_fuel_tools_vendor:/opt/ros/rolling/opt/gz_msgs_vendor:/opt/ros/rolling/opt/gz_common_vendor:/opt/ros/rolling/opt/gz_math_vendor:/opt/ros/rolling/opt/gz_utils_vendor:/opt/ros/rolling/opt/gz_tools_vendor:/opt/ros/rolling/opt/gz_ogre_next_vendor:/opt/ros/rolling/opt/gz_dartsim_vendor:/opt/ros/rolling/opt/gz_cmake_vendor DEBUGINFOD_URLS=https://debuginfod.ubuntu.com /usr/bin/cmake /home/fabian/moveit2/rviz_visual_tools -DCMAKE_INSTALL_PREFIX=/home/fabian/moveit2/install/rviz_visual_tools
[22.130s] Invoking command in '/home/fabian/moveit2/build/rviz_visual_tools': CMAKE_PREFIX_PATH=/home/fabian/moveit2/install/rviz_marker_tools:/home/fabian/moveit2/install/moveit_resources:/home/fabian/moveit2/install/moveit_resources_pr2_description:/home/fabian/moveit2/install/moveit_resources_panda_moveit_config:/home/fabian/moveit2/install/dual_arm_panda_moveit_config:/home/fabian/moveit2/install/moveit_resources_panda_description:/home/fabian/moveit2/install/moveit_resources_fanuc_moveit_config:/home/fabian/moveit2/install/moveit_resources_fanuc_description:/home/fabian/moveit2/install/moveit_msgs:/home/fabian/moveit2/install/pilz_industrial_motion_planner_testutils:/home/fabian/moveit2/install/moveit_runtime:/home/fabian/moveit2/install/moveit:/home/fabian/moveit2/install/moveit_planners:/home/fabian/moveit2/install/pilz_industrial_motion_planner:/home/fabian/moveit2/install/moveit_ros_control_interface:/home/fabian/moveit2/install/moveit_plugins:/home/fabian/moveit2/install/moveit_simple_controller_manager:/home/fabian/moveit2/install/moveit_setup_assistant:/home/fabian/moveit2/install/moveit_setup_srdf_plugins:/home/fabian/moveit2/install/moveit_setup_core_plugins:/home/fabian/moveit2/install/moveit_setup_controllers:/home/fabian/moveit2/install/moveit_setup_app_plugins:/home/fabian/moveit2/install/moveit_setup_framework:/home/fabian/moveit2/install/moveit_servo:/home/fabian/moveit2/install/moveit_ros_trajectory_cache:/home/fabian/moveit2/install/moveit_ros:/home/fabian/moveit2/install/moveit_ros_visualization:/home/fabian/moveit2/install/moveit_py:/home/fabian/moveit2/install/moveit_hybrid_planning:/home/fabian/moveit2/install/moveit_ros_planning_interface:/home/fabian/moveit2/install/moveit_ros_benchmarks:/home/fabian/moveit2/install/moveit_ros_warehouse:/home/fabian/moveit2/install/moveit_ros_robot_interaction:/home/fabian/moveit2/install/moveit_ros_perception:/home/fabian/moveit2/install/moveit_resources_prbt_pg70_support:/home/fabian/moveit2/install/moveit_resources_prbt_moveit_config:/home/fabian/moveit2/install/moveit_ros_move_group:/home/fabian/moveit2/install/moveit_planners_ompl:/home/fabian/moveit2/install/moveit_kinematics:/home/fabian/moveit2/install/moveit_ros_planning:/home/fabian/moveit2/install/moveit_ros_occupancy_map_monitor:/home/fabian/moveit2/install/moveit_resources_prbt_support:/home/fabian/moveit2/install/moveit_resources_prbt_ikfast_manipulator_plugin:/home/fabian/moveit2/install/moveit_planners_stomp:/home/fabian/moveit2/install/moveit_planners_chomp:/home/fabian/moveit2/install/chomp_motion_planner:/home/fabian/moveit2/install/moveit_core:/home/fabian/moveit2/install/moveit_common:/home/fabian/yb_support/ros_odrive/install/odrive_ros2_control:/home/fabian/yb_support/ros_odrive/install/odrive_can:/home/fabian/yb_support/slam_toolbox/install/slam_toolbox:/home/fabian/yb_support/my_msgs/install/my_msgs:/home/fabian/yb_support/pointcloud_to_laserscan/install/pointcloud_to_laserscan:/home/fabian/yb_support/mecanum_drive_controller/install/mecanum_drive_controller:/home/fabian/ros2_ws/install/ros2_control_demo_example_2:/home/fabian/ros2_ws/install/ros2_control_demo_description:/home/fabian/yahboom_rosmaster/install/yahboom_rosmaster:/home/fabian/yahboom_rosmaster/install/yahboom_rosmaster_system_tests:/home/fabian/yahboom_rosmaster/install/yahboom_rosmaster_navigation:/home/fabian/yahboom_rosmaster/install/yahboom_rosmaster_msgs:/home/fabian/yahboom_rosmaster/install/yahboom_rosmaster_localization:/home/fabian/yahboom_rosmaster/install/yahboom_rosmaster_gazebo:/home/fabian/yahboom_rosmaster/install/yahboom_rosmaster_docking:/home/fabian/yahboom_rosmaster/install/yahboom_rosmaster_description:/home/fabian/yahboom_rosmaster/install/yahboom_rosmaster_bringup:/home/fabian/yahboom_rosmaster/install/mecanum_drive_controller:/home/fabian/cartesian_controllers/install/cartesian_compliance_controller:/home/fabian/cartesian_controllers/install/cartesian_motion_controller:/home/fabian/cartesian_controllers/install/cartesian_force_controller:/home/fabian/cartesian_controllers/install/cartesian_controller_utilities:/home/fabian/moveit2/install/moveit_configs_utils:/home/fabian/youbot_ws/install/youbot:/home/fabian/yb_support/urdf_parser_py/install/urdfdom_py:/home/fabian/yb_support/twist_stamper/install/twist_stamper:/home/fabian/yb_support/kdl_parser_py/install/kdl_parser_py:/opt/ros/rolling:/home/fabian/cartesian_controllers/install/cartesian_controller_tests:/home/fabian/cartesian_controllers/install/cartesian_controller_simulation:/home/fabian/cartesian_controllers/install/cartesian_controller_handles:/home/fabian/cartesian_controllers/install/cartesian_controller_base:/home/fabian/ros2_control_demos/example_7/install/ros2_control_demo_example_7:/home/fabian/yb_support/unilidar_sdk2/install/unitree_lidar_ros2:/home/fabian/fixslam/install/geometry_msgs:/home/fabian/fixslam/install/std_msgs:/opt/ros/rolling/opt/gz_sim_vendor:/opt/ros/rolling/opt/gz_sensors_vendor:/opt/ros/rolling/opt/gz_physics_vendor:/opt/ros/rolling/opt/sdformat_vendor:/opt/ros/rolling/opt/gz_gui_vendor:/opt/ros/rolling/opt/gz_transport_vendor:/opt/ros/rolling/opt/gz_rendering_vendor:/opt/ros/rolling/opt/gz_plugin_vendor:/opt/ros/rolling/opt/gz_fuel_tools_vendor:/opt/ros/rolling/opt/gz_msgs_vendor:/opt/ros/rolling/opt/gz_common_vendor:/opt/ros/rolling/opt/gz_math_vendor:/opt/ros/rolling/opt/gz_utils_vendor:/opt/ros/rolling/opt/gz_tools_vendor:/opt/ros/rolling/opt/gz_ogre_next_vendor:/opt/ros/rolling/opt/gz_dartsim_vendor:/opt/ros/rolling/opt/gz_cmake_vendor DEBUGINFOD_URLS=https://debuginfod.ubuntu.com /usr/bin/cmake --build /home/fabian/moveit2/build/rviz_visual_tools -- -j7 -l7
[22.276s] [  0%] Built target rviz_visual_tools_gui_autogen_timestamp_deps
[22.277s] [  0%] Built target gtest_autogen_timestamp_deps
[22.278s] [  0%] Built target rviz_visual_tools_remote_control_autogen_timestamp_deps
[22.279s] [  0%] Built target gtest_main_autogen_timestamp_deps
[22.333s] [  2%] [34m[1mAutomatic MOC for target rviz_visual_tools_remote_control[0m
[22.334s] [  4%] [34m[1mAutomatic MOC for target gtest[0m
[22.336s] [  6%] [34m[1mAutomatic MOC for target rviz_visual_tools_gui[0m
[22.338s] [  8%] [34m[1mAutomatic MOC for target gtest_main[0m
[22.414s] [  8%] Built target rviz_visual_tools_remote_control_autogen
[22.420s] [  8%] Built target gtest_main_autogen
[22.422s] [  8%] Built target gtest_autogen
[22.481s] [ 10%] [32mBuilding CXX object gtest/CMakeFiles/gtest_main.dir/gtest_main_autogen/mocs_compilation.cpp.o[0m
[22.485s] [ 12%] [32mBuilding CXX object gtest/CMakeFiles/gtest_main.dir/src/gtest_main.cc.o[0m
[22.485s] [ 14%] [32mBuilding CXX object gtest/CMakeFiles/gtest.dir/gtest_autogen/mocs_compilation.cpp.o[0m
[22.497s] [ 16%] [32mBuilding CXX object gtest/CMakeFiles/gtest.dir/src/gtest-all.cc.o[0m
[22.507s] [ 18%] [32mBuilding CXX object CMakeFiles/rviz_visual_tools_remote_control.dir/src/remote_control.cpp.o[0m
[22.509s] [ 20%] [32mBuilding CXX object CMakeFiles/rviz_visual_tools_remote_control.dir/rviz_visual_tools_remote_control_autogen/mocs_compilation.cpp.o[0m
[22.874s] [ 20%] Built target rviz_visual_tools_gui_autogen
[22.970s] [ 22%] [32mBuilding CXX object CMakeFiles/rviz_visual_tools_gui.dir/src/rviz_visual_tools_gui.cpp.o[0m
[22.970s] [ 25%] [32mBuilding CXX object CMakeFiles/rviz_visual_tools_gui.dir/rviz_visual_tools_gui_autogen/mocs_compilation.cpp.o[0m
[22.972s] [ 27%] [32mBuilding CXX object CMakeFiles/rviz_visual_tools_gui.dir/src/remote_control.cpp.o[0m
[22.978s] [ 29%] [32mBuilding CXX object CMakeFiles/rviz_visual_tools_gui.dir/src/key_tool.cpp.o[0m
[23.616s] [ 31%] [32m[1mLinking CXX static library libgtest_main.a[0m
[23.737s] [ 33%] Built target gtest_main
[30.040s] [ 35%] [32m[1mLinking CXX static library libgtest.a[0m
[30.224s] [ 37%] Built target gtest
[36.682s] [ 39%] [32m[1mLinking CXX shared library librviz_visual_tools_remote_control.so[0m
[37.269s] [ 41%] Built target rviz_visual_tools_remote_control
[37.324s] [ 41%] Built target rviz_visual_tools_autogen_timestamp_deps
[37.377s] [ 43%] [34m[1mAutomatic MOC for target rviz_visual_tools[0m
[37.452s] [ 43%] Built target rviz_visual_tools_autogen
[37.523s] [ 45%] [32mBuilding CXX object CMakeFiles/rviz_visual_tools.dir/src/tf_visual_tools.cpp.o[0m
[37.523s] [ 47%] [32mBuilding CXX object CMakeFiles/rviz_visual_tools.dir/rviz_visual_tools_autogen/mocs_compilation.cpp.o[0m
[37.523s] [ 50%] [32mBuilding CXX object CMakeFiles/rviz_visual_tools.dir/src/rviz_visual_tools.cpp.o[0m
[37.877s] [ 52%] [32m[1mLinking CXX shared library librviz_visual_tools_gui.so[0m
[38.321s] In file included from [01m[K/home/fabian/moveit2/rviz_visual_tools/include/rviz_visual_tools/tf_visual_tools.hpp:48[m[K,
[38.322s]                  from [01m[K/home/fabian/moveit2/rviz_visual_tools/src/tf_visual_tools.cpp:33[m[K:
[38.322s] [01m[K/opt/ros/rolling/include/tf2_ros/tf2_ros/transform_broadcaster.h:41:4:[m[K [01;35m[Kwarning: [m[K#warning TRANSFORM_BROADCASTER_HEADER_DEPRECATION [[01;35m[K]8;;https://gcc.gnu.org/onlinedocs/gcc/Warning-Options.html#index-Wcpp-Wcpp]8;;[m[K]
[38.322s]    41 |   #[01;35m[Kwarning[m[K TRANSFORM_BROADCASTER_HEADER_DEPRECATION
[38.322s]       |    [01;35m[K^~~~~~~[m[K
[38.373s] [01m[K/home/fabian/moveit2/rviz_visual_tools/src/rviz_visual_tools.cpp:45:10:[m[K [01;31m[Kfatal error: [m[Ktf2/convert.h: No such file or directory
[38.373s]    45 | #include [01;31m[K<tf2/convert.h>[m[K
[38.373s]       |          [01;31m[K^~~~~~~~~~~~~~~[m[K
[38.373s] compilation terminated.
[38.386s] gmake[2]: *** [CMakeFiles/rviz_visual_tools.dir/build.make:96: CMakeFiles/rviz_visual_tools.dir/src/rviz_visual_tools.cpp.o] Error 1
[38.387s] gmake[2]: *** Waiting for unfinished jobs....
[38.442s] [01m[K/home/fabian/moveit2/rviz_visual_tools/src/tf_visual_tools.cpp:42:10:[m[K [01;31m[Kfatal error: [m[Ktf2/convert.h: No such file or directory
[38.442s]    42 | #include [01;31m[K<tf2/convert.h>[m[K
[38.442s]       |          [01;31m[K^~~~~~~~~~~~~~~[m[K
[38.442s] compilation terminated.
[38.461s] gmake[2]: *** [CMakeFiles/rviz_visual_tools.dir/build.make:110: CMakeFiles/rviz_visual_tools.dir/src/tf_visual_tools.cpp.o] Error 1
[38.462s] gmake[1]: *** [CMakeFiles/Makefile2:241: CMakeFiles/rviz_visual_tools.dir/all] Error 2
[38.462s] gmake[1]: *** Waiting for unfinished jobs....
[40.969s] [ 54%] Built target rviz_visual_tools_gui
[40.971s] gmake: *** [Makefile:146: all] Error 2
[40.974s] Invoked command in '/home/fabian/moveit2/build/rviz_visual_tools' returned '2': CMAKE_PREFIX_PATH=/home/fabian/moveit2/install/rviz_marker_tools:/home/fabian/moveit2/install/moveit_resources:/home/fabian/moveit2/install/moveit_resources_pr2_description:/home/fabian/moveit2/install/moveit_resources_panda_moveit_config:/home/fabian/moveit2/install/dual_arm_panda_moveit_config:/home/fabian/moveit2/install/moveit_resources_panda_description:/home/fabian/moveit2/install/moveit_resources_fanuc_moveit_config:/home/fabian/moveit2/install/moveit_resources_fanuc_description:/home/fabian/moveit2/install/moveit_msgs:/home/fabian/moveit2/install/pilz_industrial_motion_planner_testutils:/home/fabian/moveit2/install/moveit_runtime:/home/fabian/moveit2/install/moveit:/home/fabian/moveit2/install/moveit_planners:/home/fabian/moveit2/install/pilz_industrial_motion_planner:/home/fabian/moveit2/install/moveit_ros_control_interface:/home/fabian/moveit2/install/moveit_plugins:/home/fabian/moveit2/install/moveit_simple_controller_manager:/home/fabian/moveit2/install/moveit_setup_assistant:/home/fabian/moveit2/install/moveit_setup_srdf_plugins:/home/fabian/moveit2/install/moveit_setup_core_plugins:/home/fabian/moveit2/install/moveit_setup_controllers:/home/fabian/moveit2/install/moveit_setup_app_plugins:/home/fabian/moveit2/install/moveit_setup_framework:/home/fabian/moveit2/install/moveit_servo:/home/fabian/moveit2/install/moveit_ros_trajectory_cache:/home/fabian/moveit2/install/moveit_ros:/home/fabian/moveit2/install/moveit_ros_visualization:/home/fabian/moveit2/install/moveit_py:/home/fabian/moveit2/install/moveit_hybrid_planning:/home/fabian/moveit2/install/moveit_ros_planning_interface:/home/fabian/moveit2/install/moveit_ros_benchmarks:/home/fabian/moveit2/install/moveit_ros_warehouse:/home/fabian/moveit2/install/moveit_ros_robot_interaction:/home/fabian/moveit2/install/moveit_ros_perception:/home/fabian/moveit2/install/moveit_resources_prbt_pg70_support:/home/fabian/moveit2/install/moveit_resources_prbt_moveit_config:/home/fabian/moveit2/install/moveit_ros_move_group:/home/fabian/moveit2/install/moveit_planners_ompl:/home/fabian/moveit2/install/moveit_kinematics:/home/fabian/moveit2/install/moveit_ros_planning:/home/fabian/moveit2/install/moveit_ros_occupancy_map_monitor:/home/fabian/moveit2/install/moveit_resources_prbt_support:/home/fabian/moveit2/install/moveit_resources_prbt_ikfast_manipulator_plugin:/home/fabian/moveit2/install/moveit_planners_stomp:/home/fabian/moveit2/install/moveit_planners_chomp:/home/fabian/moveit2/install/chomp_motion_planner:/home/fabian/moveit2/install/moveit_core:/home/fabian/moveit2/install/moveit_common:/home/fabian/yb_support/ros_odrive/install/odrive_ros2_control:/home/fabian/yb_support/ros_odrive/install/odrive_can:/home/fabian/yb_support/slam_toolbox/install/slam_toolbox:/home/fabian/yb_support/my_msgs/install/my_msgs:/home/fabian/yb_support/pointcloud_to_laserscan/install/pointcloud_to_laserscan:/home/fabian/yb_support/mecanum_drive_controller/install/mecanum_drive_controller:/home/fabian/ros2_ws/install/ros2_control_demo_example_2:/home/fabian/ros2_ws/install/ros2_control_demo_description:/home/fabian/yahboom_rosmaster/install/yahboom_rosmaster:/home/fabian/yahboom_rosmaster/install/yahboom_rosmaster_system_tests:/home/fabian/yahboom_rosmaster/install/yahboom_rosmaster_navigation:/home/fabian/yahboom_rosmaster/install/yahboom_rosmaster_msgs:/home/fabian/yahboom_rosmaster/install/yahboom_rosmaster_localization:/home/fabian/yahboom_rosmaster/install/yahboom_rosmaster_gazebo:/home/fabian/yahboom_rosmaster/install/yahboom_rosmaster_docking:/home/fabian/yahboom_rosmaster/install/yahboom_rosmaster_description:/home/fabian/yahboom_rosmaster/install/yahboom_rosmaster_bringup:/home/fabian/yahboom_rosmaster/install/mecanum_drive_controller:/home/fabian/cartesian_controllers/install/cartesian_compliance_controller:/home/fabian/cartesian_controllers/install/cartesian_motion_controller:/home/fabian/cartesian_controllers/install/cartesian_force_controller:/home/fabian/cartesian_controllers/install/cartesian_controller_utilities:/home/fabian/moveit2/install/moveit_configs_utils:/home/fabian/youbot_ws/install/youbot:/home/fabian/yb_support/urdf_parser_py/install/urdfdom_py:/home/fabian/yb_support/twist_stamper/install/twist_stamper:/home/fabian/yb_support/kdl_parser_py/install/kdl_parser_py:/opt/ros/rolling:/home/fabian/cartesian_controllers/install/cartesian_controller_tests:/home/fabian/cartesian_controllers/install/cartesian_controller_simulation:/home/fabian/cartesian_controllers/install/cartesian_controller_handles:/home/fabian/cartesian_controllers/install/cartesian_controller_base:/home/fabian/ros2_control_demos/example_7/install/ros2_control_demo_example_7:/home/fabian/yb_support/unilidar_sdk2/install/unitree_lidar_ros2:/home/fabian/fixslam/install/geometry_msgs:/home/fabian/fixslam/install/std_msgs:/opt/ros/rolling/opt/gz_sim_vendor:/opt/ros/rolling/opt/gz_sensors_vendor:/opt/ros/rolling/opt/gz_physics_vendor:/opt/ros/rolling/opt/sdformat_vendor:/opt/ros/rolling/opt/gz_gui_vendor:/opt/ros/rolling/opt/gz_transport_vendor:/opt/ros/rolling/opt/gz_rendering_vendor:/opt/ros/rolling/opt/gz_plugin_vendor:/opt/ros/rolling/opt/gz_fuel_tools_vendor:/opt/ros/rolling/opt/gz_msgs_vendor:/opt/ros/rolling/opt/gz_common_vendor:/opt/ros/rolling/opt/gz_math_vendor:/opt/ros/rolling/opt/gz_utils_vendor:/opt/ros/rolling/opt/gz_tools_vendor:/opt/ros/rolling/opt/gz_ogre_next_vendor:/opt/ros/rolling/opt/gz_dartsim_vendor:/opt/ros/rolling/opt/gz_cmake_vendor DEBUGINFOD_URLS=https://debuginfod.ubuntu.com /usr/bin/cmake --build /home/fabian/moveit2/build/rviz_visual_tools -- -j7 -l7
