-- The C compiler identification is GNU 13.3.0
-- The CXX compiler identification is GNU 13.3.0
-- Detecting C compiler ABI info
-- Detecting C compiler ABI info - done
-- Check for working C compiler: /usr/bin/cc - skipped
-- Detecting C compile features
-- Detecting C compile features - done
-- Detecting CXX compiler ABI info
-- Detecting CXX compiler ABI info - done
-- Check for working CXX compiler: /usr/bin/c++ - skipped
-- Detecting CXX compile features
-- Detecting CXX compile features - done
-- Found ament_cmake: 2.8.4 (/opt/ros/rolling/share/ament_cmake/cmake)
-- Found Python3: /usr/bin/python3 (found version "3.12.3") found components: Interpreter 
-- Found moveit_common: 2.14.0 (/home/fabian/moveit2/install/moveit_common/share/moveit_common/cmake)
[0mrviz_marker_tools: You did not request a specific build type: Choosing 'Release' for maximum performance[0m
-- Found eigen3_cmake_module: 0.5.1 (/opt/ros/rolling/share/eigen3_cmake_module/cmake)
-- Found Eigen3: TRUE (found version "3.4.0") 
-- Found geometry_msgs: 5.8.2 (/opt/ros/rolling/share/geometry_msgs/cmake)
-- Found rosidl_generator_c: 5.0.1 (/opt/ros/rolling/share/rosidl_generator_c/cmake)
-- Found rosidl_generator_cpp: 5.0.1 (/opt/ros/rolling/share/rosidl_generator_cpp/cmake)
-- Using all available rosidl_typesupport_c: rosidl_typesupport_fastrtps_c;rosidl_typesupport_introspection_c
-- Using all available rosidl_typesupport_cpp: rosidl_typesupport_fastrtps_cpp;rosidl_typesupport_introspection_cpp
-- Found rclcpp: 30.1.0 (/opt/ros/rolling/share/rclcpp/cmake)
-- Found rmw_implementation_cmake: 7.9.0 (/opt/ros/rolling/share/rmw_implementation_cmake/cmake)
-- Found rmw_fastrtps_cpp: 9.4.2 (/opt/ros/rolling/share/rmw_fastrtps_cpp/cmake)
-- Found OpenSSL: /usr/lib/x86_64-linux-gnu/libcrypto.so (found version "3.0.13")  
-- Using RMW implementation 'rmw_fastrtps_cpp' as default
-- Found tf2_eigen: 0.44.0 (/opt/ros/rolling/share/tf2_eigen/cmake)
-- Found visualization_msgs: 5.8.2 (/opt/ros/rolling/share/visualization_msgs/cmake)
[0mCMake Deprecation Warning at /opt/ros/rolling/share/ament_cmake_target_dependencies/cmake/ament_target_dependencies.cmake:87 (message):
  ament_target_dependencies() is deprecated.  Use target_link_libraries()
  with modern CMake targets instead.  Try replacing this call with:

    target_link_libraries(rviz_marker_tools PUBLIC
      ${geometry_msgs_TARGETS}
      ${std_msgs_TARGETS}
      ${visualization_msgs_TARGETS}
      rclcpp::rclcpp
      tf2_eigen::tf2_eigen
      urdfdom_headers::urdfdom_headers
    )

Call Stack (most recent call first):
  CMakeLists.txt:31 (ament_target_dependencies)

[0m
-- Configuring done (7.9s)
-- Generating done (0.0s)
-- Build files have been written to: /home/fabian/moveit2/build/rviz_marker_tools
[ 50%] [32mBuilding CXX object CMakeFiles/rviz_marker_tools.dir/src/marker_creation.cpp.o[0m
[100%] [32m[1mLinking CXX shared library librviz_marker_tools.so[0m
[100%] Built target rviz_marker_tools
-- Install configuration: "Release"
-- Installing: /home/fabian/moveit2/install/rviz_marker_tools/include
-- Installing: /home/fabian/moveit2/install/rviz_marker_tools/include/rviz_marker_tools
-- Installing: /home/fabian/moveit2/install/rviz_marker_tools/include/rviz_marker_tools/marker_creation.h
-- Installing: /home/fabian/moveit2/install/rviz_marker_tools/lib/librviz_marker_tools.so
-- Set non-toolchain portion of runtime path of "/home/fabian/moveit2/install/rviz_marker_tools/lib/librviz_marker_tools.so" to ""
-- Installing: /home/fabian/moveit2/install/rviz_marker_tools/share/rviz_marker_tools/environment/library_path.sh
-- Installing: /home/fabian/moveit2/install/rviz_marker_tools/share/rviz_marker_tools/environment/library_path.dsv
-- Installing: /home/fabian/moveit2/install/rviz_marker_tools/share/ament_index/resource_index/package_run_dependencies/rviz_marker_tools
-- Installing: /home/fabian/moveit2/install/rviz_marker_tools/share/ament_index/resource_index/parent_prefix_path/rviz_marker_tools
-- Installing: /home/fabian/moveit2/install/rviz_marker_tools/share/rviz_marker_tools/environment/ament_prefix_path.sh
-- Installing: /home/fabian/moveit2/install/rviz_marker_tools/share/rviz_marker_tools/environment/ament_prefix_path.dsv
-- Installing: /home/fabian/moveit2/install/rviz_marker_tools/share/rviz_marker_tools/environment/path.sh
-- Installing: /home/fabian/moveit2/install/rviz_marker_tools/share/rviz_marker_tools/environment/path.dsv
-- Installing: /home/fabian/moveit2/install/rviz_marker_tools/share/rviz_marker_tools/local_setup.bash
-- Installing: /home/fabian/moveit2/install/rviz_marker_tools/share/rviz_marker_tools/local_setup.sh
-- Installing: /home/fabian/moveit2/install/rviz_marker_tools/share/rviz_marker_tools/local_setup.zsh
-- Installing: /home/fabian/moveit2/install/rviz_marker_tools/share/rviz_marker_tools/local_setup.dsv
-- Installing: /home/fabian/moveit2/install/rviz_marker_tools/share/rviz_marker_tools/package.dsv
-- Installing: /home/fabian/moveit2/install/rviz_marker_tools/share/ament_index/resource_index/packages/rviz_marker_tools
-- Installing: /home/fabian/moveit2/install/rviz_marker_tools/share/rviz_marker_tools/cmake/rviz_marker_toolsTargetsExport.cmake
-- Installing: /home/fabian/moveit2/install/rviz_marker_tools/share/rviz_marker_tools/cmake/rviz_marker_toolsTargetsExport-release.cmake
-- Installing: /home/fabian/moveit2/install/rviz_marker_tools/share/rviz_marker_tools/cmake/ament_cmake_export_targets-extras.cmake
-- Installing: /home/fabian/moveit2/install/rviz_marker_tools/share/rviz_marker_tools/cmake/ament_cmake_export_dependencies-extras.cmake
-- Installing: /home/fabian/moveit2/install/rviz_marker_tools/share/rviz_marker_tools/cmake/rviz_marker_toolsConfig.cmake
-- Installing: /home/fabian/moveit2/install/rviz_marker_tools/share/rviz_marker_tools/cmake/rviz_marker_toolsConfig-version.cmake
-- Installing: /home/fabian/moveit2/install/rviz_marker_tools/share/rviz_marker_tools/package.xml
