[  0%] Built target moveit_rviz_plugin_render_tools_autogen_timestamp_deps
[  1%] Built target moveit_rviz_plugin_render_tools_autogen
[ 18%] Built target moveit_rviz_plugin_render_tools
[ 18%] Built target moveit_planning_scene_rviz_plugin_core_autogen_timestamp_deps
[ 18%] Built target moveit_robot_state_rviz_plugin_core_autogen_timestamp_deps
[ 20%] Built target moveit_planning_scene_rviz_plugin_core_autogen
[ 22%] Built target moveit_robot_state_rviz_plugin_core_autogen
[ 29%] Built target moveit_planning_scene_rviz_plugin_core
[ 34%] Built target moveit_robot_state_rviz_plugin_core
[ 34%] Built target moveit_planning_scene_rviz_plugin_autogen_timestamp_deps
[ 34%] Built target moveit_trajectory_rviz_plugin_core_autogen_timestamp_deps
[ 34%] Built target moveit_robot_state_rviz_plugin_autogen_timestamp_deps
[ 36%] Built target moveit_planning_scene_rviz_plugin_autogen
[ 37%] Built target moveit_robot_state_rviz_plugin_autogen
[ 39%] Built target moveit_trajectory_rviz_plugin_core_autogen
[ 44%] Built target moveit_planning_scene_rviz_plugin
[ 50%] Built target moveit_trajectory_rviz_plugin_core
[ 55%] Built target moveit_robot_state_rviz_plugin
[ 55%] Built target moveit_motion_planning_rviz_plugin_core_autogen_timestamp_deps
[ 55%] Built target moveit_trajectory_rviz_plugin_autogen_timestamp_deps
[ 56%] Built target moveit_trajectory_rviz_plugin_autogen
[ 58%] Built target moveit_motion_planning_rviz_plugin_core_autogen
[ 63%] Built target moveit_trajectory_rviz_plugin
[ 93%] Built target moveit_motion_planning_rviz_plugin_core
[ 93%] Built target moveit_motion_planning_rviz_plugin_autogen_timestamp_deps
[ 94%] Built target moveit_motion_planning_rviz_plugin_autogen
[100%] Built target moveit_motion_planning_rviz_plugin
