[0mmoveit_setup_framework: You did not request a specific build type: Choosing 'Release' for maximum performance[0m
[0mCMake Deprecation Warning at /opt/ros/rolling/share/ament_cmake_target_dependencies/cmake/ament_target_dependencies.cmake:87 (message):
  ament_target_dependencies() is deprecated.  Use target_link_libraries()
  with modern CMake targets instead.  Try replacing this call with:

    target_link_libraries(moveit_setup_framework PUBLIC
      ament_index_cpp::ament_index_cpp
      moveit_core::moveit_collision_detection
      moveit_core::moveit_collision_detection_bullet
      moveit_core::moveit_collision_detection_fcl
      moveit_core::moveit_collision_distance_field
      moveit_core::moveit_constraint_samplers
      moveit_core::moveit_distance_field
      moveit_core::moveit_dynamics_solver
      moveit_core::moveit_exceptions
      moveit_core::moveit_kinematic_constraints
      moveit_core::moveit_kinematics_base
      moveit_core::moveit_kinematics_metrics
      moveit_core::moveit_macros
      moveit_core::moveit_planning_interface
      moveit_core::moveit_planning_scene
      moveit_core::moveit_robot_model
      moveit_core::moveit_robot_state
      moveit_core::moveit_robot_trajectory
      moveit_core::moveit_smoothing_base
      moveit_core::moveit_test_utils
      moveit_core::moveit_trajectory_processing
      moveit_core::moveit_transforms
      moveit_core::moveit_utils
      moveit_ros_planning::default_request_adapter_parameters
      moveit_ros_planning::default_response_adapter_parameters
      moveit_ros_planning::kinematics_parameters
      moveit_ros_planning::moveit_collision_plugin_loader
      moveit_ros_planning::moveit_constraint_sampler_manager_loader
      moveit_ros_planning::moveit_cpp
      moveit_ros_planning::moveit_kinematics_plugin_loader
      moveit_ros_planning::moveit_plan_execution
      moveit_ros_planning::moveit_planning_pipeline
      moveit_ros_planning::moveit_planning_pipeline_interfaces
      moveit_ros_planning::moveit_planning_scene_monitor
      moveit_ros_planning::moveit_rdf_loader
      moveit_ros_planning::moveit_robot_model_loader
      moveit_ros_planning::moveit_trajectory_execution_manager
      moveit_ros_planning::planning_pipeline_parameters
      moveit_ros_planning::srdf_publisher_node
      moveit_ros_visualization::moveit_motion_planning_rviz_plugin
      moveit_ros_visualization::moveit_motion_planning_rviz_plugin_core
      moveit_ros_visualization::moveit_planning_scene_rviz_plugin
      moveit_ros_visualization::moveit_planning_scene_rviz_plugin_core
      moveit_ros_visualization::moveit_robot_state_rviz_plugin
      moveit_ros_visualization::moveit_robot_state_rviz_plugin_core
      moveit_ros_visualization::moveit_rviz_plugin_render_tools
      moveit_ros_visualization::moveit_trajectory_rviz_plugin
      moveit_ros_visualization::moveit_trajectory_rviz_plugin_core
      pluginlib::pluginlib
      rclcpp::rclcpp
      rviz_common::rviz_common
      rviz_rendering::rviz_rendering
      srdfdom::srdfdom
      urdf::urdf
    )

Call Stack (most recent call first):
  CMakeLists.txt:50 (ament_target_dependencies)

[0m
