-- The CXX compiler identification is GNU 13.3.0
-- Detecting CXX compiler ABI info
-- Detecting CXX compiler ABI info - done
-- Check for working CXX compiler: /usr/bin/c++ - skipped
-- Detecting CXX compile features
-- Detecting CXX compile features - done
-- Found moveit_common: 2.14.0 (/home/fabian/moveit2/install/moveit_common/share/moveit_common/cmake)
-- Found ament_cmake: 2.8.4 (/opt/ros/rolling/share/ament_cmake/cmake)
-- Found Python3: /usr/bin/python3 (found version "3.12.3") found components: Interpreter 
-- Found ament_cmake_ros: 0.15.2 (/opt/ros/rolling/share/ament_cmake_ros/cmake)
-- Found ament_index_cpp: 1.12.1 (/opt/ros/rolling/share/ament_index_cpp/cmake)
-- Found moveit_core: 2.14.0 (/home/fabian/moveit2/install/moveit_core/share/moveit_core/cmake)
-- Found Boost: /usr/lib/x86_64-linux-gnu/cmake/Boost-1.83.0/BoostConfig.cmake (found version "1.83.0") found components: chrono date_time filesystem iostreams program_options regex serialization system thread 
-- Found parameter_traits: 0.5.0 (/opt/ros/rolling/share/parameter_traits/cmake)
-- Found rosidl_generator_c: 5.0.1 (/opt/ros/rolling/share/rosidl_generator_c/cmake)
-- Found rosidl_generator_cpp: 5.0.1 (/opt/ros/rolling/share/rosidl_generator_cpp/cmake)
-- Using all available rosidl_typesupport_c: rosidl_typesupport_fastrtps_c;rosidl_typesupport_introspection_c
-- Using all available rosidl_typesupport_cpp: rosidl_typesupport_fastrtps_cpp;rosidl_typesupport_introspection_cpp
-- Found rmw_implementation_cmake: 7.9.0 (/opt/ros/rolling/share/rmw_implementation_cmake/cmake)
-- Found rmw_fastrtps_cpp: 9.4.2 (/opt/ros/rolling/share/rmw_fastrtps_cpp/cmake)
-- Found OpenSSL: /usr/lib/x86_64-linux-gnu/libcrypto.so (found version "3.0.13")  
-- Using RMW implementation 'rmw_fastrtps_cpp' as default
-- Found rclcpp_lifecycle: 30.1.0 (/opt/ros/rolling/share/rclcpp_lifecycle/cmake)
-- Found Boost: /usr/lib/x86_64-linux-gnu/cmake/Boost-1.83.0/BoostConfig.cmake (found version "1.83.0") found components: random 
-- Found Eigen3: TRUE (found version "3.4.0") 
-- Ensuring Eigen3 include directory is part of orocos-kdl CMake target
-- Found moveit_ros_planning: 2.14.0 (/home/fabian/moveit2/install/moveit_ros_planning/share/moveit_ros_planning/cmake)
-- Found Boost: /usr/lib/x86_64-linux-gnu/cmake/Boost-1.83.0/BoostConfig.cmake (found version "1.83.0") found components: system filesystem date_time program_options thread chrono 
-- Found moveit_ros_visualization: 2.14.0 (/home/fabian/moveit2/install/moveit_ros_visualization/share/moveit_ros_visualization/cmake)
-- Found Boost: /usr/lib/x86_64-linux-gnu/cmake/Boost-1.83.0/BoostConfig.cmake (found version "1.83.0") found components: thread date_time system filesystem 
-- Found Boost: /usr/lib/x86_64-linux-gnu/cmake/Boost-1.83.0/BoostConfig.cmake (found version "1.83.0") found components: date_time filesystem program_options system thread 
-- Found Boost: /usr/lib/x86_64-linux-gnu/cmake/Boost-1.83.0/BoostConfig.cmake (found version "1.83.0") found components: thread system filesystem regex date_time program_options 
-- Found Boost: /usr/lib/x86_64-linux-gnu/cmake/Boost-1.83.0/BoostConfig.cmake (found version "1.83.0") found components: system filesystem date_time program_options thread 
-- Setting OGRE_DIR to: '/opt/ros/rolling/share/rviz_ogre_vendor/cmake/../../../opt/rviz_ogre_vendor/lib/OGRE/cmake'
-- Found OGRE
--   static     : OFF
--   components : MeshLodGenerator;Overlay;Paging;Property;RTShaderSystem;Terrain;Volume
--   plugins    : Plugin_BSPSceneManager;Plugin_OctreeSceneManager;Plugin_PCZSceneManager;Plugin_ParticleFX;RenderSystem_GL;RenderSystem_GL3Plus;Codec_STBI
--   media      : /opt/ros/rolling/opt/rviz_ogre_vendor/share/OGRE/Media
-- OGRE_LIBRARIES: OgreMeshLodGenerator;OgreOverlay;OgrePaging;OgreProperty;OgreRTShaderSystem;OgreTerrain;OgreVolume;OgreMain
-- OGRE_LIBRARY_DIRS: /opt/ros/rolling/opt/rviz_ogre_vendor/lib
-- OGRE_PLUGINS: Plugin_BSPSceneManager;Plugin_OctreeSceneManager;Plugin_PCZSceneManager;Plugin_ParticleFX;RenderSystem_GL;RenderSystem_GL3Plus;Codec_STBI
-- OGRE_PLUGIN_DIR: /opt/ros/rolling/opt/rviz_ogre_vendor/lib/OGRE
-- rviz_ogre_vendor::OgreOverlay for IMPORTED_LOCATION_RELEASE: /opt/ros/rolling/opt/rviz_ogre_vendor/lib/libOgreOverlay.so
-- rviz_ogre_vendor::OgreOverlay for IMPORTED_LOCATION_DEBUG: /opt/ros/rolling/opt/rviz_ogre_vendor/lib/libOgreOverlay.so
-- rviz_ogre_vendor::OgreMain for IMPORTED_LOCATION_RELEASE: /opt/ros/rolling/opt/rviz_ogre_vendor/lib/libOgreMain.so
-- rviz_ogre_vendor::OgreMain for IMPORTED_LOCATION_DEBUG: /opt/ros/rolling/opt/rviz_ogre_vendor/lib/libOgreMain.so
-- Found ZLIB: /usr/lib/x86_64-linux-gnu/libz.so (found version "1.3")  
-- Found OpenGL: /usr/lib/x86_64-linux-gnu/libOpenGL.so   
-- Found X11: /usr/include   
-- Looking for XOpenDisplay in /usr/lib/x86_64-linux-gnu/libX11.so;/usr/lib/x86_64-linux-gnu/libXext.so
-- Looking for XOpenDisplay in /usr/lib/x86_64-linux-gnu/libX11.so;/usr/lib/x86_64-linux-gnu/libXext.so - found
-- Looking for gethostbyname
-- Looking for gethostbyname - found
-- Looking for connect
-- Looking for connect - found
-- Looking for remove
-- Looking for remove - found
-- Looking for shmat
-- Looking for shmat - found
-- Looking for IceConnectionNumber in ICE
-- Looking for IceConnectionNumber in ICE - found
-- Setting yaml-cpp_DIR to: '/opt/ros/rolling/share/yaml_cpp_vendor/cmake/../../../opt/yaml_cpp_vendor/share/cmake/yaml-cpp'
-- Configuring done (36.8s)
-- Generating done (0.1s)
-- Build files have been written to: /home/fabian/moveit2/build/moveit_setup_framework
[  5%] [34m[1mGenerating include/moveit_setup_framework/qt/moc_setup_step_widget.cpp[0m
[ 10%] [34m[1mGenerating include/moveit_setup_framework/qt/moc_double_list_widget.cpp[0m
[ 15%] [34m[1mGenerating include/moveit_setup_framework/qt/moc_helper_widgets.cpp[0m
[ 21%] [34m[1mGenerating include/moveit_setup_framework/qt/moc_rviz_panel.cpp[0m
[ 26%] [32mBuilding CXX object CMakeFiles/moveit_setup_framework.dir/src/double_list_widget.cpp.o[0m
[ 31%] [32mBuilding CXX object CMakeFiles/moveit_setup_framework.dir/src/helper_widgets.cpp.o[0m
[ 36%] [32mBuilding CXX object CMakeFiles/moveit_setup_framework.dir/src/package_settings_config.cpp.o[0m
[ 42%] [32mBuilding CXX object CMakeFiles/moveit_setup_framework.dir/src/srdf_config.cpp.o[0m
[ 47%] [32mBuilding CXX object CMakeFiles/moveit_setup_framework.dir/src/urdf_config.cpp.o[0m
[ 52%] [32mBuilding CXX object CMakeFiles/moveit_setup_framework.dir/src/rviz_panel.cpp.o[0m
[ 57%] [32mBuilding CXX object CMakeFiles/moveit_setup_framework.dir/src/data_warehouse.cpp.o[0m
[ 63%] [32mBuilding CXX object CMakeFiles/moveit_setup_framework.dir/include/moveit_setup_framework/qt/moc_rviz_panel.cpp.o[0m
[ 68%] [32mBuilding CXX object CMakeFiles/moveit_setup_framework.dir/include/moveit_setup_framework/qt/moc_double_list_widget.cpp.o[0m
[ 73%] [32mBuilding CXX object CMakeFiles/moveit_setup_framework.dir/include/moveit_setup_framework/qt/moc_setup_step_widget.cpp.o[0m
[ 78%] [32mBuilding CXX object CMakeFiles/moveit_setup_framework.dir/include/moveit_setup_framework/qt/moc_helper_widgets.cpp.o[0m
[ 84%] [32mBuilding CXX object CMakeFiles/moveit_setup_framework.dir/src/xml_syntax_highlighter.cpp.o[0m
[ 89%] [32mBuilding CXX object CMakeFiles/moveit_setup_framework.dir/src/utilities.cpp.o[0m
[ 94%] [32mBuilding CXX object CMakeFiles/moveit_setup_framework.dir/src/templates.cpp.o[0m
[100%] [32m[1mLinking CXX shared library libmoveit_setup_framework.so[0m
[100%] Built target moveit_setup_framework
-- Install configuration: "Release"
-- Installing: /home/fabian/moveit2/install/moveit_setup_framework/include/moveit_setup_framework
-- Installing: /home/fabian/moveit2/install/moveit_setup_framework/include/moveit_setup_framework/moveit_setup_framework
-- Installing: /home/fabian/moveit2/install/moveit_setup_framework/include/moveit_setup_framework/moveit_setup_framework/setup_step.hpp
-- Installing: /home/fabian/moveit2/install/moveit_setup_framework/include/moveit_setup_framework/moveit_setup_framework/templates.h
-- Installing: /home/fabian/moveit2/install/moveit_setup_framework/include/moveit_setup_framework/moveit_setup_framework/data
-- Installing: /home/fabian/moveit2/install/moveit_setup_framework/include/moveit_setup_framework/moveit_setup_framework/data/urdf_config.h
-- Installing: /home/fabian/moveit2/install/moveit_setup_framework/include/moveit_setup_framework/moveit_setup_framework/data/package_settings_config.h
-- Installing: /home/fabian/moveit2/install/moveit_setup_framework/include/moveit_setup_framework/moveit_setup_framework/data/srdf_config.hpp
-- Installing: /home/fabian/moveit2/install/moveit_setup_framework/include/moveit_setup_framework/moveit_setup_framework/data/srdf_config.h
-- Installing: /home/fabian/moveit2/install/moveit_setup_framework/include/moveit_setup_framework/moveit_setup_framework/data/urdf_config.hpp
-- Installing: /home/fabian/moveit2/install/moveit_setup_framework/include/moveit_setup_framework/moveit_setup_framework/data/package_settings_config.hpp
-- Installing: /home/fabian/moveit2/install/moveit_setup_framework/include/moveit_setup_framework/moveit_setup_framework/generated_time.h
-- Installing: /home/fabian/moveit2/install/moveit_setup_framework/include/moveit_setup_framework/moveit_setup_framework/generated_file.hpp
-- Installing: /home/fabian/moveit2/install/moveit_setup_framework/include/moveit_setup_framework/moveit_setup_framework/utilities.h
-- Installing: /home/fabian/moveit2/install/moveit_setup_framework/include/moveit_setup_framework/moveit_setup_framework/data_warehouse.h
-- Installing: /home/fabian/moveit2/install/moveit_setup_framework/include/moveit_setup_framework/moveit_setup_framework/setup_step.h
-- Installing: /home/fabian/moveit2/install/moveit_setup_framework/include/moveit_setup_framework/moveit_setup_framework/testing_utils.hpp
-- Installing: /home/fabian/moveit2/install/moveit_setup_framework/include/moveit_setup_framework/moveit_setup_framework/data_warehouse.hpp
-- Installing: /home/fabian/moveit2/install/moveit_setup_framework/include/moveit_setup_framework/moveit_setup_framework/config.h
-- Installing: /home/fabian/moveit2/install/moveit_setup_framework/include/moveit_setup_framework/moveit_setup_framework/utilities.hpp
-- Installing: /home/fabian/moveit2/install/moveit_setup_framework/include/moveit_setup_framework/moveit_setup_framework/config.hpp
-- Installing: /home/fabian/moveit2/install/moveit_setup_framework/include/moveit_setup_framework/moveit_setup_framework/templates.hpp
-- Installing: /home/fabian/moveit2/install/moveit_setup_framework/include/moveit_setup_framework/moveit_setup_framework/qt
-- Installing: /home/fabian/moveit2/install/moveit_setup_framework/include/moveit_setup_framework/moveit_setup_framework/qt/helper_widgets.hpp
-- Installing: /home/fabian/moveit2/install/moveit_setup_framework/include/moveit_setup_framework/moveit_setup_framework/qt/double_list_widget.h
-- Installing: /home/fabian/moveit2/install/moveit_setup_framework/include/moveit_setup_framework/moveit_setup_framework/qt/rviz_panel.hpp
-- Installing: /home/fabian/moveit2/install/moveit_setup_framework/include/moveit_setup_framework/moveit_setup_framework/qt/rviz_panel.h
-- Installing: /home/fabian/moveit2/install/moveit_setup_framework/include/moveit_setup_framework/moveit_setup_framework/qt/setup_step_widget.h
-- Installing: /home/fabian/moveit2/install/moveit_setup_framework/include/moveit_setup_framework/moveit_setup_framework/qt/xml_syntax_highlighter.h
-- Installing: /home/fabian/moveit2/install/moveit_setup_framework/include/moveit_setup_framework/moveit_setup_framework/qt/xml_syntax_highlighter.hpp
-- Installing: /home/fabian/moveit2/install/moveit_setup_framework/include/moveit_setup_framework/moveit_setup_framework/qt/setup_step_widget.hpp
-- Installing: /home/fabian/moveit2/install/moveit_setup_framework/include/moveit_setup_framework/moveit_setup_framework/qt/double_list_widget.hpp
-- Installing: /home/fabian/moveit2/install/moveit_setup_framework/include/moveit_setup_framework/moveit_setup_framework/qt/helper_widgets.h
-- Installing: /home/fabian/moveit2/install/moveit_setup_framework/include/moveit_setup_framework/moveit_setup_framework/generated_file.h
-- Installing: /home/fabian/moveit2/install/moveit_setup_framework/include/moveit_setup_framework/moveit_setup_framework/testing_utils.h
-- Installing: /home/fabian/moveit2/install/moveit_setup_framework/include/moveit_setup_framework/moveit_setup_framework/generated_time.hpp
-- Installing: /home/fabian/moveit2/install/moveit_setup_framework/share/moveit_setup_framework/moveit_setup_framework_plugins.xml
-- Installing: /home/fabian/moveit2/install/moveit_setup_framework/share/moveit_setup_framework/templates
-- Installing: /home/fabian/moveit2/install/moveit_setup_framework/share/moveit_setup_framework/templates/config
-- Installing: /home/fabian/moveit2/install/moveit_setup_framework/share/moveit_setup_framework/templates/config/pilz_cartesian_limits.yaml
-- Installing: /home/fabian/moveit2/install/moveit_setup_framework/share/moveit_setup_framework/templates/CMakeLists.txt
-- Installing: /home/fabian/moveit2/install/moveit_setup_framework/share/moveit_setup_framework/templates/package.xml.template
-- Installing: /home/fabian/moveit2/install/moveit_setup_framework/share/moveit_setup_framework/environment/library_path.sh
-- Installing: /home/fabian/moveit2/install/moveit_setup_framework/share/moveit_setup_framework/environment/library_path.dsv
-- Installing: /home/fabian/moveit2/install/moveit_setup_framework/lib/libmoveit_setup_framework.so
-- Set non-toolchain portion of runtime path of "/home/fabian/moveit2/install/moveit_setup_framework/lib/libmoveit_setup_framework.so" to ""
-- Up-to-date: /home/fabian/moveit2/install/moveit_setup_framework/share/moveit_setup_framework/moveit_setup_framework_plugins.xml
-- Installing: /home/fabian/moveit2/install/moveit_setup_framework/share/ament_index/resource_index/package_run_dependencies/moveit_setup_framework
-- Installing: /home/fabian/moveit2/install/moveit_setup_framework/share/ament_index/resource_index/parent_prefix_path/moveit_setup_framework
-- Installing: /home/fabian/moveit2/install/moveit_setup_framework/share/moveit_setup_framework/environment/ament_prefix_path.sh
-- Installing: /home/fabian/moveit2/install/moveit_setup_framework/share/moveit_setup_framework/environment/ament_prefix_path.dsv
-- Installing: /home/fabian/moveit2/install/moveit_setup_framework/share/moveit_setup_framework/environment/path.sh
-- Installing: /home/fabian/moveit2/install/moveit_setup_framework/share/moveit_setup_framework/environment/path.dsv
-- Installing: /home/fabian/moveit2/install/moveit_setup_framework/share/moveit_setup_framework/local_setup.bash
-- Installing: /home/fabian/moveit2/install/moveit_setup_framework/share/moveit_setup_framework/local_setup.sh
-- Installing: /home/fabian/moveit2/install/moveit_setup_framework/share/moveit_setup_framework/local_setup.zsh
-- Installing: /home/fabian/moveit2/install/moveit_setup_framework/share/moveit_setup_framework/local_setup.dsv
-- Installing: /home/fabian/moveit2/install/moveit_setup_framework/share/moveit_setup_framework/package.dsv
-- Installing: /home/fabian/moveit2/install/moveit_setup_framework/share/ament_index/resource_index/packages/moveit_setup_framework
-- Installing: /home/fabian/moveit2/install/moveit_setup_framework/share/ament_index/resource_index/moveit_setup_framework__pluginlib__plugin/moveit_setup_framework
-- Installing: /home/fabian/moveit2/install/moveit_setup_framework/share/moveit_setup_framework/cmake/moveit_setup_frameworkTargetsExport.cmake
-- Installing: /home/fabian/moveit2/install/moveit_setup_framework/share/moveit_setup_framework/cmake/moveit_setup_frameworkTargetsExport-release.cmake
-- Installing: /home/fabian/moveit2/install/moveit_setup_framework/share/moveit_setup_framework/cmake/ament_cmake_export_targets-extras.cmake
-- Installing: /home/fabian/moveit2/install/moveit_setup_framework/share/moveit_setup_framework/cmake/ament_cmake_export_dependencies-extras.cmake
-- Installing: /home/fabian/moveit2/install/moveit_setup_framework/share/moveit_setup_framework/cmake/moveit_setup_frameworkConfig.cmake
-- Installing: /home/fabian/moveit2/install/moveit_setup_framework/share/moveit_setup_framework/cmake/moveit_setup_frameworkConfig-version.cmake
-- Installing: /home/fabian/moveit2/install/moveit_setup_framework/share/moveit_setup_framework/package.xml
