-- The CXX compiler identification is GNU 13.3.0
-- Detecting CXX compiler ABI info
-- Detecting CXX compiler ABI info - done
-- Check for working CXX compiler: /usr/bin/c++ - skipped
-- Detecting CXX compile features
-- Detecting CXX compile features - done
-- Found moveit_common: 2.14.0 (/home/fabian/moveit2/install/moveit_common/share/moveit_common/cmake)
-- Found ament_cmake: 2.8.4 (/opt/ros/rolling/share/ament_cmake/cmake)
-- Found Python3: /usr/bin/python3 (found version "3.12.3") found components: Interpreter 
-- Found OpenGL: /usr/lib/x86_64-linux-gnu/libOpenGL.so   
-- Found GLEW: /usr/include (found version "2.2.0") 
-- Found GLUT: /usr/lib/x86_64-linux-gnu/libglut.so  
-- Found cv_bridge: 4.1.0 (/opt/ros/rolling/share/cv_bridge/cmake)
-- Found rosidl_generator_c: 5.0.1 (/opt/ros/rolling/share/rosidl_generator_c/cmake)
-- Found rosidl_generator_cpp: 5.0.1 (/opt/ros/rolling/share/rosidl_generator_cpp/cmake)
-- Using all available rosidl_typesupport_c: rosidl_typesupport_fastrtps_c;rosidl_typesupport_introspection_c
-- Using all available rosidl_typesupport_cpp: rosidl_typesupport_fastrtps_cpp;rosidl_typesupport_introspection_cpp
-- Found rmw_implementation_cmake: 7.9.0 (/opt/ros/rolling/share/rmw_implementation_cmake/cmake)
-- Found rmw_fastrtps_cpp: 9.4.2 (/opt/ros/rolling/share/rmw_fastrtps_cpp/cmake)
-- Found OpenSSL: /usr/lib/x86_64-linux-gnu/libcrypto.so (found version "3.0.13")  
-- Using RMW implementation 'rmw_fastrtps_cpp' as default
-- Found moveit_core: 2.14.0 (/home/fabian/moveit2/install/moveit_core/share/moveit_core/cmake)
-- Found Boost: /usr/lib/x86_64-linux-gnu/cmake/Boost-1.83.0/BoostConfig.cmake (found version "1.83.0") found components: chrono date_time filesystem iostreams program_options regex serialization system thread 
-- Found parameter_traits: 0.5.0 (/opt/ros/rolling/share/parameter_traits/cmake)
-- Found rclcpp_lifecycle: 30.1.0 (/opt/ros/rolling/share/rclcpp_lifecycle/cmake)
-- Found Boost: /usr/lib/x86_64-linux-gnu/cmake/Boost-1.83.0/BoostConfig.cmake (found version "1.83.0") found components: random 
-- Found Eigen3: TRUE (found version "3.4.0") 
-- Ensuring Eigen3 include directory is part of orocos-kdl CMake target
-- Found image_transport: 6.3.0 (/opt/ros/rolling/share/image_transport/cmake)
-- Found moveit_ros_occupancy_map_monitor: 2.14.0 (/home/fabian/moveit2/install/moveit_ros_occupancy_map_monitor/share/moveit_ros_occupancy_map_monitor/cmake)
-- Found OpenMP_CXX: -fopenmp (found version "4.5") 
-- Found OpenMP: TRUE (found version "4.5")  
-- Found OpenCV: /usr (found version "4.6.0") 
-- Found Boost: /usr/lib/x86_64-linux-gnu/cmake/Boost-1.83.0/BoostConfig.cmake (found version "1.83.0") found components: thread 
-- Performing Test COMPILER_HAS_HIDDEN_VISIBILITY
-- Performing Test COMPILER_HAS_HIDDEN_VISIBILITY - Success
-- Performing Test COMPILER_HAS_HIDDEN_INLINE_VISIBILITY
-- Performing Test COMPILER_HAS_HIDDEN_INLINE_VISIBILITY - Success
-- Performing Test COMPILER_HAS_DEPRECATED_ATTR
-- Performing Test COMPILER_HAS_DEPRECATED_ATTR - Success
-- Configuring done (37.0s)
-- Generating done (0.9s)
-- Build files have been written to: /home/fabian/moveit2/build/moveit_ros_perception
[  5%] [32mBuilding CXX object lazy_free_space_updater/CMakeFiles/moveit_lazy_free_space_updater.dir/src/lazy_free_space_updater.cpp.o[0m
[ 10%] [32m[1mLinking CXX shared library libmoveit_lazy_free_space_updater.so[0m
[ 10%] Built target moveit_lazy_free_space_updater
[ 15%] [32mBuilding CXX object semantic_world/CMakeFiles/moveit_semantic_world.dir/src/semantic_world.cpp.o[0m
[ 20%] [32m[1mLinking CXX shared library libmoveit_semantic_world.so[0m
[ 20%] Built target moveit_semantic_world
[ 25%] [32mBuilding CXX object mesh_filter/CMakeFiles/moveit_mesh_filter.dir/src/mesh_filter_base.cpp.o[0m
[ 30%] [32mBuilding CXX object mesh_filter/CMakeFiles/moveit_mesh_filter.dir/src/gl_mesh.cpp.o[0m
[ 35%] [32mBuilding CXX object mesh_filter/CMakeFiles/moveit_mesh_filter.dir/src/gl_renderer.cpp.o[0m
[ 40%] [32mBuilding CXX object mesh_filter/CMakeFiles/moveit_mesh_filter.dir/src/stereo_camera_model.cpp.o[0m
[ 45%] [32mBuilding CXX object mesh_filter/CMakeFiles/moveit_mesh_filter.dir/src/sensor_model.cpp.o[0m
[ 50%] [32m[1mLinking CXX shared library libmoveit_mesh_filter.so[0m
[ 50%] Built target moveit_mesh_filter
[ 55%] [32mBuilding CXX object point_containment_filter/CMakeFiles/moveit_point_containment_filter.dir/src/shape_mask.cpp.o[0m
[ 60%] [32m[1mLinking CXX shared library libmoveit_point_containment_filter.so[0m
[ 60%] Built target moveit_point_containment_filter
[ 65%] [32mBuilding CXX object depth_image_octomap_updater/CMakeFiles/moveit_depth_image_octomap_updater_core.dir/src/depth_image_octomap_updater.cpp.o[0m
[ 70%] [32m[1mLinking CXX shared library libmoveit_depth_image_octomap_updater_core.so[0m
[ 70%] Built target moveit_depth_image_octomap_updater_core
[ 75%] [32mBuilding CXX object pointcloud_octomap_updater/CMakeFiles/moveit_pointcloud_octomap_updater_core.dir/src/pointcloud_octomap_updater.cpp.o[0m
[ 80%] [32m[1mLinking CXX shared library libmoveit_pointcloud_octomap_updater_core.so[0m
[ 80%] Built target moveit_pointcloud_octomap_updater_core
[ 85%] [32mBuilding CXX object depth_image_octomap_updater/CMakeFiles/moveit_depth_image_octomap_updater.dir/src/updater_plugin.cpp.o[0m
[ 90%] [32mBuilding CXX object pointcloud_octomap_updater/CMakeFiles/moveit_pointcloud_octomap_updater.dir/src/plugin_init.cpp.o[0m
[ 95%] [32m[1mLinking CXX shared library libmoveit_depth_image_octomap_updater.so[0m
[ 95%] Built target moveit_depth_image_octomap_updater
[100%] [32m[1mLinking CXX shared library libmoveit_pointcloud_octomap_updater.so[0m
[100%] Built target moveit_pointcloud_octomap_updater
-- Install configuration: "Release"
-- Installing: /home/fabian/moveit2/install/moveit_ros_perception/include/moveit_ros_perception
-- Installing: /home/fabian/moveit2/install/moveit_ros_perception/include/moveit_ros_perception/moveit
-- Installing: /home/fabian/moveit2/install/moveit_ros_perception/include/moveit_ros_perception/moveit/lazy_free_space_updater
-- Installing: /home/fabian/moveit2/install/moveit_ros_perception/include/moveit_ros_perception/moveit/lazy_free_space_updater/lazy_free_space_updater.hpp
-- Installing: /home/fabian/moveit2/install/moveit_ros_perception/include/moveit_ros_perception/moveit/lazy_free_space_updater/lazy_free_space_updater.h
-- Up-to-date: /home/fabian/moveit2/install/moveit_ros_perception/include/moveit_ros_perception
-- Up-to-date: /home/fabian/moveit2/install/moveit_ros_perception/include/moveit_ros_perception/moveit
-- Installing: /home/fabian/moveit2/install/moveit_ros_perception/include/moveit_ros_perception/moveit/point_containment_filter
-- Installing: /home/fabian/moveit2/install/moveit_ros_perception/include/moveit_ros_perception/moveit/point_containment_filter/shape_mask.hpp
-- Installing: /home/fabian/moveit2/install/moveit_ros_perception/include/moveit_ros_perception/moveit/point_containment_filter/shape_mask.h
-- Up-to-date: /home/fabian/moveit2/install/moveit_ros_perception/include/moveit_ros_perception
-- Up-to-date: /home/fabian/moveit2/install/moveit_ros_perception/include/moveit_ros_perception/moveit
-- Installing: /home/fabian/moveit2/install/moveit_ros_perception/include/moveit_ros_perception/moveit/pointcloud_octomap_updater
-- Installing: /home/fabian/moveit2/install/moveit_ros_perception/include/moveit_ros_perception/moveit/pointcloud_octomap_updater/pointcloud_octomap_updater.h
-- Installing: /home/fabian/moveit2/install/moveit_ros_perception/include/moveit_ros_perception/moveit/pointcloud_octomap_updater/pointcloud_octomap_updater.hpp
-- Up-to-date: /home/fabian/moveit2/install/moveit_ros_perception/include/moveit_ros_perception
-- Up-to-date: /home/fabian/moveit2/install/moveit_ros_perception/include/moveit_ros_perception/moveit
-- Installing: /home/fabian/moveit2/install/moveit_ros_perception/include/moveit_ros_perception/moveit/mesh_filter
-- Installing: /home/fabian/moveit2/install/moveit_ros_perception/include/moveit_ros_perception/moveit/mesh_filter/sensor_model.hpp
-- Installing: /home/fabian/moveit2/install/moveit_ros_perception/include/moveit_ros_perception/moveit/mesh_filter/transform_provider.h
-- Installing: /home/fabian/moveit2/install/moveit_ros_perception/include/moveit_ros_perception/moveit/mesh_filter/mesh_filter_base.hpp
-- Installing: /home/fabian/moveit2/install/moveit_ros_perception/include/moveit_ros_perception/moveit/mesh_filter/depth_self_filter_nodelet.hpp
-- Installing: /home/fabian/moveit2/install/moveit_ros_perception/include/moveit_ros_perception/moveit/mesh_filter/gl_renderer.h
-- Installing: /home/fabian/moveit2/install/moveit_ros_perception/include/moveit_ros_perception/moveit/mesh_filter/stereo_camera_model.h
-- Installing: /home/fabian/moveit2/install/moveit_ros_perception/include/moveit_ros_perception/moveit/mesh_filter/mesh_filter_base.h
-- Installing: /home/fabian/moveit2/install/moveit_ros_perception/include/moveit_ros_perception/moveit/mesh_filter/gl_renderer.hpp
-- Installing: /home/fabian/moveit2/install/moveit_ros_perception/include/moveit_ros_perception/moveit/mesh_filter/depth_self_filter_nodelet.h
-- Installing: /home/fabian/moveit2/install/moveit_ros_perception/include/moveit_ros_perception/moveit/mesh_filter/mesh_filter.h
-- Installing: /home/fabian/moveit2/install/moveit_ros_perception/include/moveit_ros_perception/moveit/mesh_filter/filter_job.hpp
-- Installing: /home/fabian/moveit2/install/moveit_ros_perception/include/moveit_ros_perception/moveit/mesh_filter/gl_mesh.hpp
-- Installing: /home/fabian/moveit2/install/moveit_ros_perception/include/moveit_ros_perception/moveit/mesh_filter/transform_provider.hpp
-- Installing: /home/fabian/moveit2/install/moveit_ros_perception/include/moveit_ros_perception/moveit/mesh_filter/stereo_camera_model.hpp
-- Installing: /home/fabian/moveit2/install/moveit_ros_perception/include/moveit_ros_perception/moveit/mesh_filter/gl_mesh.h
-- Installing: /home/fabian/moveit2/install/moveit_ros_perception/include/moveit_ros_perception/moveit/mesh_filter/mesh_filter.hpp
-- Installing: /home/fabian/moveit2/install/moveit_ros_perception/include/moveit_ros_perception/moveit/mesh_filter/sensor_model.h
-- Installing: /home/fabian/moveit2/install/moveit_ros_perception/include/moveit_ros_perception/moveit/mesh_filter/filter_job.h
-- Installing: /home/fabian/moveit2/install/moveit_ros_perception/include/moveit_ros_perception/moveit_mesh_filter_export.h
-- Up-to-date: /home/fabian/moveit2/install/moveit_ros_perception/include/moveit_ros_perception
-- Up-to-date: /home/fabian/moveit2/install/moveit_ros_perception/include/moveit_ros_perception/moveit
-- Installing: /home/fabian/moveit2/install/moveit_ros_perception/include/moveit_ros_perception/moveit/depth_image_octomap_updater
-- Installing: /home/fabian/moveit2/install/moveit_ros_perception/include/moveit_ros_perception/moveit/depth_image_octomap_updater/depth_image_octomap_updater.h
-- Installing: /home/fabian/moveit2/install/moveit_ros_perception/include/moveit_ros_perception/moveit/depth_image_octomap_updater/depth_image_octomap_updater.hpp
-- Up-to-date: /home/fabian/moveit2/install/moveit_ros_perception/include/moveit_ros_perception
-- Up-to-date: /home/fabian/moveit2/install/moveit_ros_perception/include/moveit_ros_perception/moveit
-- Installing: /home/fabian/moveit2/install/moveit_ros_perception/include/moveit_ros_perception/moveit/semantic_world
-- Installing: /home/fabian/moveit2/install/moveit_ros_perception/include/moveit_ros_perception/moveit/semantic_world/semantic_world.h
-- Installing: /home/fabian/moveit2/install/moveit_ros_perception/include/moveit_ros_perception/moveit/semantic_world/semantic_world.hpp
-- Installing: /home/fabian/moveit2/install/moveit_ros_perception/lib/libmoveit_depth_image_octomap_updater.so.2.14.0
-- Set non-toolchain portion of runtime path of "/home/fabian/moveit2/install/moveit_ros_perception/lib/libmoveit_depth_image_octomap_updater.so.2.14.0" to ""
-- Installing: /home/fabian/moveit2/install/moveit_ros_perception/lib/libmoveit_depth_image_octomap_updater.so
-- Installing: /home/fabian/moveit2/install/moveit_ros_perception/lib/libmoveit_depth_image_octomap_updater_core.so.2.14.0
-- Set non-toolchain portion of runtime path of "/home/fabian/moveit2/install/moveit_ros_perception/lib/libmoveit_depth_image_octomap_updater_core.so.2.14.0" to ""
-- Installing: /home/fabian/moveit2/install/moveit_ros_perception/lib/libmoveit_depth_image_octomap_updater_core.so
-- Installing: /home/fabian/moveit2/install/moveit_ros_perception/lib/libmoveit_lazy_free_space_updater.so.2.14.0
-- Set non-toolchain portion of runtime path of "/home/fabian/moveit2/install/moveit_ros_perception/lib/libmoveit_lazy_free_space_updater.so.2.14.0" to ""
-- Installing: /home/fabian/moveit2/install/moveit_ros_perception/lib/libmoveit_lazy_free_space_updater.so
-- Installing: /home/fabian/moveit2/install/moveit_ros_perception/lib/libmoveit_mesh_filter.so.2.14.0
-- Set non-toolchain portion of runtime path of "/home/fabian/moveit2/install/moveit_ros_perception/lib/libmoveit_mesh_filter.so.2.14.0" to ""
-- Installing: /home/fabian/moveit2/install/moveit_ros_perception/lib/libmoveit_mesh_filter.so
-- Installing: /home/fabian/moveit2/install/moveit_ros_perception/lib/libmoveit_point_containment_filter.so.2.14.0
-- Set non-toolchain portion of runtime path of "/home/fabian/moveit2/install/moveit_ros_perception/lib/libmoveit_point_containment_filter.so.2.14.0" to ""
-- Installing: /home/fabian/moveit2/install/moveit_ros_perception/lib/libmoveit_point_containment_filter.so
-- Installing: /home/fabian/moveit2/install/moveit_ros_perception/lib/libmoveit_pointcloud_octomap_updater.so.2.14.0
-- Set non-toolchain portion of runtime path of "/home/fabian/moveit2/install/moveit_ros_perception/lib/libmoveit_pointcloud_octomap_updater.so.2.14.0" to ""
-- Installing: /home/fabian/moveit2/install/moveit_ros_perception/lib/libmoveit_pointcloud_octomap_updater.so
-- Installing: /home/fabian/moveit2/install/moveit_ros_perception/lib/libmoveit_pointcloud_octomap_updater_core.so.2.14.0
-- Set non-toolchain portion of runtime path of "/home/fabian/moveit2/install/moveit_ros_perception/lib/libmoveit_pointcloud_octomap_updater_core.so.2.14.0" to ""
-- Installing: /home/fabian/moveit2/install/moveit_ros_perception/lib/libmoveit_pointcloud_octomap_updater_core.so
-- Installing: /home/fabian/moveit2/install/moveit_ros_perception/lib/libmoveit_semantic_world.so.2.14.0
-- Set non-toolchain portion of runtime path of "/home/fabian/moveit2/install/moveit_ros_perception/lib/libmoveit_semantic_world.so.2.14.0" to ""
-- Installing: /home/fabian/moveit2/install/moveit_ros_perception/lib/libmoveit_semantic_world.so
-- Installing: /home/fabian/moveit2/install/moveit_ros_perception/share/moveit_ros_perception/environment/library_path.sh
-- Installing: /home/fabian/moveit2/install/moveit_ros_perception/share/moveit_ros_perception/environment/library_path.dsv
-- Installing: /home/fabian/moveit2/install/moveit_ros_perception/share/moveit_ros_perception/pointcloud_octomap_updater_plugin_description.xml
-- Installing: /home/fabian/moveit2/install/moveit_ros_perception/share/moveit_ros_perception/depth_image_octomap_updater_plugin_description.xml
-- Installing: /home/fabian/moveit2/install/moveit_ros_perception/share/ament_index/resource_index/package_run_dependencies/moveit_ros_perception
-- Installing: /home/fabian/moveit2/install/moveit_ros_perception/share/ament_index/resource_index/parent_prefix_path/moveit_ros_perception
-- Installing: /home/fabian/moveit2/install/moveit_ros_perception/share/moveit_ros_perception/environment/ament_prefix_path.sh
-- Installing: /home/fabian/moveit2/install/moveit_ros_perception/share/moveit_ros_perception/environment/ament_prefix_path.dsv
-- Installing: /home/fabian/moveit2/install/moveit_ros_perception/share/moveit_ros_perception/environment/path.sh
-- Installing: /home/fabian/moveit2/install/moveit_ros_perception/share/moveit_ros_perception/environment/path.dsv
-- Installing: /home/fabian/moveit2/install/moveit_ros_perception/share/moveit_ros_perception/local_setup.bash
-- Installing: /home/fabian/moveit2/install/moveit_ros_perception/share/moveit_ros_perception/local_setup.sh
-- Installing: /home/fabian/moveit2/install/moveit_ros_perception/share/moveit_ros_perception/local_setup.zsh
-- Installing: /home/fabian/moveit2/install/moveit_ros_perception/share/moveit_ros_perception/local_setup.dsv
-- Installing: /home/fabian/moveit2/install/moveit_ros_perception/share/moveit_ros_perception/package.dsv
-- Installing: /home/fabian/moveit2/install/moveit_ros_perception/share/ament_index/resource_index/packages/moveit_ros_perception
-- Installing: /home/fabian/moveit2/install/moveit_ros_perception/share/ament_index/resource_index/moveit_ros_occupancy_map_monitor__pluginlib__plugin/moveit_ros_perception
-- Installing: /home/fabian/moveit2/install/moveit_ros_perception/share/moveit_ros_perception/cmake/moveit_ros_perceptionTargetsExport.cmake
-- Installing: /home/fabian/moveit2/install/moveit_ros_perception/share/moveit_ros_perception/cmake/moveit_ros_perceptionTargetsExport-release.cmake
-- Installing: /home/fabian/moveit2/install/moveit_ros_perception/share/moveit_ros_perception/cmake/ConfigExtras.cmake
-- Installing: /home/fabian/moveit2/install/moveit_ros_perception/share/moveit_ros_perception/cmake/ament_cmake_export_targets-extras.cmake
-- Installing: /home/fabian/moveit2/install/moveit_ros_perception/share/moveit_ros_perception/cmake/ament_cmake_export_dependencies-extras.cmake
-- Installing: /home/fabian/moveit2/install/moveit_ros_perception/share/moveit_ros_perception/cmake/moveit_ros_perceptionConfig.cmake
-- Installing: /home/fabian/moveit2/install/moveit_ros_perception/share/moveit_ros_perception/cmake/moveit_ros_perceptionConfig-version.cmake
-- Installing: /home/fabian/moveit2/install/moveit_ros_perception/share/moveit_ros_perception/package.xml
