[0.033s] Invoking command in '/home/fabian/moveit2/build/rviz_visual_tools': DEBUGINFOD_URLS=https://debuginfod.ubuntu.com /usr/bin/cmake /home/fabian/moveit2/rviz_visual_tools -DCATKIN_INSTALL_INTO_PREFIX_ROOT=0 -DCMAKE_INSTALL_PREFIX=/home/fabian/moveit2/install/rviz_visual_tools
[0.058s] [0mCMake Deprecation Warning at CMakeLists.txt:1 (cmake_minimum_required):
[0.058s]   Compatibility with CMake < 3.5 will be removed from a future version of
[0.059s]   CMake.
[0.059s] 
[0.059s]   Update the VERSION argument <min> value or use a ...<max> suffix to tell
[0.059s]   CMake that the project does not need compatibility with older versions.
[0.059s] 
[0.059s] [0m
[1.723s] [31mCMake Error at CMakeLists.txt:6 (find_package):
[1.724s]   By not providing "Findcatkin.cmake" in CMAKE_MODULE_PATH this project has
[1.724s]   asked CMake to find a package configuration file provided by "catkin", but
[1.724s]   CMake did not find one.
[1.724s] 
[1.724s]   Could not find a package configuration file provided by "catkin" with any
[1.724s]   of the following names:
[1.724s] 
[1.724s]     catkinConfig.cmake
[1.724s]     catkin-config.cmake
[1.724s] 
[1.724s]   Add the installation prefix of "catkin" to CMAKE_PREFIX_PATH or set
[1.724s]   "catkin_DIR" to a directory containing one of the above files.  If "catkin"
[1.724s]   provides a separate development package or SDK, be sure it has been
[1.725s]   installed.
[1.725s] 
[1.725s] [0m
[1.725s] -- Configuring incomplete, errors occurred!
[1.729s] Invoked command in '/home/fabian/moveit2/build/rviz_visual_tools' returned '1': DEBUGINFOD_URLS=https://debuginfod.ubuntu.com /usr/bin/cmake /home/fabian/moveit2/rviz_visual_tools -DCATKIN_INSTALL_INTO_PREFIX_ROOT=0 -DCMAKE_INSTALL_PREFIX=/home/fabian/moveit2/install/rviz_visual_tools
