[  2%] Built target kinematics_parameters
[  4%] Built target planning_pipeline_parameters
[  6%] Built target srdf_publisher
[  8%] Built target gtest_main
[ 12%] Built target moveit_rdf_loader
[ 14%] Built target moveit_collision_plugin_loader
[ 16%] Built target moveit_pipeline_test_plugins
[ 19%] Built target gtest
[ 21%] Built target default_request_adapter_parameters
[ 23%] Built target gmock_main
[ 26%] Built target gmock
[ 29%] Built target default_response_adapter_parameters
[ 31%] Built target moveit_constraint_sampler_manager_loader
[ 33%] Built target srdf_publisher_node
[ 35%] Built target moveit_kinematics_plugin_loader
[ 38%] Built target moveit_planning_pipeline
[ 44%] Built target moveit_default_planning_request_adapter_plugins
[ 50%] Built target moveit_default_planning_response_adapter_plugins
[ 52%] Built target moveit_robot_model_loader
[ 55%] Built target moveit_planning_pipeline_test
[ 60%] Built target moveit_planning_pipeline_interfaces
[ 62%] Built target test_check_start_state_bounds
[ 65%] Built target moveit_print_planning_model_info
[ 71%] Built target moveit_planning_scene_monitor
[ 74%] Built target moveit_display_random_state
[ 76%] Built target moveit_evaluate_collision_checking_speed
[ 78%] Built target moveit_trajectory_execution_manager
[ 80%] Built target moveit_print_planning_scene_info
[ 83%] Built target moveit_visualize_robot_collision_volume
[ 85%] Built target demo_scene
[ 87%] Built target current_state_monitor_tests
[ 89%] Built target moveit_publish_scene_from_text
[ 92%] Built target trajectory_monitor_tests
[ 94%] Built target planning_scene_monitor_test
[ 96%] Built target moveit_plan_execution
[100%] Built target moveit_cpp
-- Install configuration: "Release"
-- Up-to-date: /home/fabian/moveit2/install/moveit_ros_planning/include/moveit_ros_planning
-- Up-to-date: /home/fabian/moveit2/install/moveit_ros_planning/include/moveit_ros_planning/moveit
-- Up-to-date: /home/fabian/moveit2/install/moveit_ros_planning/include/moveit_ros_planning/moveit/collision_plugin_loader
-- Up-to-date: /home/fabian/moveit2/install/moveit_ros_planning/include/moveit_ros_planning/moveit/collision_plugin_loader/collision_plugin_loader.h
-- Up-to-date: /home/fabian/moveit2/install/moveit_ros_planning/include/moveit_ros_planning/moveit/collision_plugin_loader/collision_plugin_loader.hpp
-- Up-to-date: /home/fabian/moveit2/install/moveit_ros_planning/include/moveit_ros_planning
-- Up-to-date: /home/fabian/moveit2/install/moveit_ros_planning/include/moveit_ros_planning/moveit
-- Up-to-date: /home/fabian/moveit2/install/moveit_ros_planning/include/moveit_ros_planning/moveit/constraint_sampler_manager_loader
-- Up-to-date: /home/fabian/moveit2/install/moveit_ros_planning/include/moveit_ros_planning/moveit/constraint_sampler_manager_loader/constraint_sampler_manager_loader.h
-- Up-to-date: /home/fabian/moveit2/install/moveit_ros_planning/include/moveit_ros_planning/moveit/constraint_sampler_manager_loader/constraint_sampler_manager_loader.hpp
-- Up-to-date: /home/fabian/moveit2/install/moveit_ros_planning/include/moveit_ros_planning
-- Up-to-date: /home/fabian/moveit2/install/moveit_ros_planning/include/moveit_ros_planning/kinematics_parameters.hpp
-- Up-to-date: /home/fabian/moveit2/install/moveit_ros_planning/include/moveit_ros_planning
-- Up-to-date: /home/fabian/moveit2/install/moveit_ros_planning/include/moveit_ros_planning/moveit
-- Up-to-date: /home/fabian/moveit2/install/moveit_ros_planning/include/moveit_ros_planning/moveit/kinematics_plugin_loader
-- Up-to-date: /home/fabian/moveit2/install/moveit_ros_planning/include/moveit_ros_planning/moveit/kinematics_plugin_loader/kinematics_plugin_loader.h
-- Up-to-date: /home/fabian/moveit2/install/moveit_ros_planning/include/moveit_ros_planning/moveit/kinematics_plugin_loader/kinematics_plugin_loader.hpp
-- Up-to-date: /home/fabian/moveit2/install/moveit_ros_planning/include/moveit_ros_planning
-- Up-to-date: /home/fabian/moveit2/install/moveit_ros_planning/include/moveit_ros_planning/moveit
-- Up-to-date: /home/fabian/moveit2/install/moveit_ros_planning/include/moveit_ros_planning/moveit/moveit_cpp
-- Up-to-date: /home/fabian/moveit2/install/moveit_ros_planning/include/moveit_ros_planning/moveit/moveit_cpp/moveit_cpp.h
-- Up-to-date: /home/fabian/moveit2/install/moveit_ros_planning/include/moveit_ros_planning/moveit/moveit_cpp/planning_component.h
-- Up-to-date: /home/fabian/moveit2/install/moveit_ros_planning/include/moveit_ros_planning/moveit/moveit_cpp/planning_component.hpp
-- Up-to-date: /home/fabian/moveit2/install/moveit_ros_planning/include/moveit_ros_planning/moveit/moveit_cpp/moveit_cpp.hpp
-- Up-to-date: /home/fabian/moveit2/install/moveit_ros_planning/include/moveit_ros_planning
-- Up-to-date: /home/fabian/moveit2/install/moveit_ros_planning/include/moveit_ros_planning/moveit
-- Up-to-date: /home/fabian/moveit2/install/moveit_ros_planning/include/moveit_ros_planning/moveit/plan_execution
-- Up-to-date: /home/fabian/moveit2/install/moveit_ros_planning/include/moveit_ros_planning/moveit/plan_execution/plan_representation.h
-- Up-to-date: /home/fabian/moveit2/install/moveit_ros_planning/include/moveit_ros_planning/moveit/plan_execution/plan_representation.hpp
-- Up-to-date: /home/fabian/moveit2/install/moveit_ros_planning/include/moveit_ros_planning/moveit/plan_execution/plan_execution.hpp
-- Up-to-date: /home/fabian/moveit2/install/moveit_ros_planning/include/moveit_ros_planning/moveit/plan_execution/plan_execution.h
-- Up-to-date: /home/fabian/moveit2/install/moveit_ros_planning/lib/moveit_ros_planning/moveit_print_planning_model_info
-- Up-to-date: /home/fabian/moveit2/install/moveit_ros_planning/lib/moveit_ros_planning/moveit_print_planning_scene_info
-- Up-to-date: /home/fabian/moveit2/install/moveit_ros_planning/lib/moveit_ros_planning/moveit_display_random_state
-- Up-to-date: /home/fabian/moveit2/install/moveit_ros_planning/lib/moveit_ros_planning/moveit_visualize_robot_collision_volume
-- Up-to-date: /home/fabian/moveit2/install/moveit_ros_planning/lib/moveit_ros_planning/moveit_evaluate_collision_checking_speed
-- Up-to-date: /home/fabian/moveit2/install/moveit_ros_planning/lib/moveit_ros_planning/moveit_publish_scene_from_text
-- Up-to-date: /home/fabian/moveit2/install/moveit_ros_planning/include/moveit_ros_planning
-- Up-to-date: /home/fabian/moveit2/install/moveit_ros_planning/include/moveit_ros_planning/moveit
-- Up-to-date: /home/fabian/moveit2/install/moveit_ros_planning/include/moveit_ros_planning/moveit/planning_pipeline_interfaces
-- Up-to-date: /home/fabian/moveit2/install/moveit_ros_planning/include/moveit_ros_planning/moveit/planning_pipeline_interfaces/planning_pipeline_interfaces.hpp
-- Up-to-date: /home/fabian/moveit2/install/moveit_ros_planning/include/moveit_ros_planning/moveit/planning_pipeline_interfaces/planning_pipeline_interfaces.h
-- Up-to-date: /home/fabian/moveit2/install/moveit_ros_planning/include/moveit_ros_planning/moveit/planning_pipeline_interfaces/plan_responses_container.hpp
-- Up-to-date: /home/fabian/moveit2/install/moveit_ros_planning/include/moveit_ros_planning/moveit/planning_pipeline_interfaces/solution_selection_functions.hpp
-- Up-to-date: /home/fabian/moveit2/install/moveit_ros_planning/include/moveit_ros_planning/moveit/planning_pipeline_interfaces/solution_selection_functions.h
-- Up-to-date: /home/fabian/moveit2/install/moveit_ros_planning/include/moveit_ros_planning/moveit/planning_pipeline_interfaces/stopping_criterion_functions.hpp
-- Up-to-date: /home/fabian/moveit2/install/moveit_ros_planning/include/moveit_ros_planning/moveit/planning_pipeline_interfaces/stopping_criterion_functions.h
-- Up-to-date: /home/fabian/moveit2/install/moveit_ros_planning/include/moveit_ros_planning/moveit/planning_pipeline_interfaces/plan_responses_container.h
-- Up-to-date: /home/fabian/moveit2/install/moveit_ros_planning/include/moveit_ros_planning/moveit_planning_pipeline_interfaces_export.h
-- Up-to-date: /home/fabian/moveit2/install/moveit_ros_planning/include/moveit_ros_planning
-- Up-to-date: /home/fabian/moveit2/install/moveit_ros_planning/include/moveit_ros_planning/planning_pipeline_parameters.hpp
-- Up-to-date: /home/fabian/moveit2/install/moveit_ros_planning/lib/libmoveit_pipeline_test_plugins.so.2.14.0
-- Up-to-date: /home/fabian/moveit2/install/moveit_ros_planning/lib/libmoveit_pipeline_test_plugins.so
-- Up-to-date: /home/fabian/moveit2/install/moveit_ros_planning/include/moveit_ros_planning
-- Up-to-date: /home/fabian/moveit2/install/moveit_ros_planning/include/moveit_ros_planning/moveit
-- Up-to-date: /home/fabian/moveit2/install/moveit_ros_planning/include/moveit_ros_planning/moveit/planning_pipeline
-- Up-to-date: /home/fabian/moveit2/install/moveit_ros_planning/include/moveit_ros_planning/moveit/planning_pipeline/planning_pipeline.h
-- Up-to-date: /home/fabian/moveit2/install/moveit_ros_planning/include/moveit_ros_planning/moveit/planning_pipeline/planning_pipeline.hpp
-- Up-to-date: /home/fabian/moveit2/install/moveit_ros_planning/include/moveit_ros_planning/moveit_planning_pipeline_export.h
-- Up-to-date: /home/fabian/moveit2/install/moveit_ros_planning/include/moveit_ros_planning
-- Up-to-date: /home/fabian/moveit2/install/moveit_ros_planning/include/moveit_ros_planning/default_request_adapter_parameters.hpp
-- Up-to-date: /home/fabian/moveit2/install/moveit_ros_planning/include/moveit_ros_planning
-- Up-to-date: /home/fabian/moveit2/install/moveit_ros_planning/include/moveit_ros_planning/default_response_adapter_parameters.hpp
-- Up-to-date: /home/fabian/moveit2/install/moveit_ros_planning/lib/moveit_ros_planning/demo_scene
-- Up-to-date: /home/fabian/moveit2/install/moveit_ros_planning/include/moveit_ros_planning
-- Up-to-date: /home/fabian/moveit2/install/moveit_ros_planning/include/moveit_ros_planning/moveit
-- Up-to-date: /home/fabian/moveit2/install/moveit_ros_planning/include/moveit_ros_planning/moveit/planning_scene_monitor
-- Up-to-date: /home/fabian/moveit2/install/moveit_ros_planning/include/moveit_ros_planning/moveit/planning_scene_monitor/current_state_monitor_middleware_handle.hpp
-- Up-to-date: /home/fabian/moveit2/install/moveit_ros_planning/include/moveit_ros_planning/moveit/planning_scene_monitor/current_state_monitor.hpp
-- Up-to-date: /home/fabian/moveit2/install/moveit_ros_planning/include/moveit_ros_planning/moveit/planning_scene_monitor/current_state_monitor_middleware_handle.h
-- Up-to-date: /home/fabian/moveit2/install/moveit_ros_planning/include/moveit_ros_planning/moveit/planning_scene_monitor/planning_scene_monitor.hpp
-- Up-to-date: /home/fabian/moveit2/install/moveit_ros_planning/include/moveit_ros_planning/moveit/planning_scene_monitor/planning_scene_monitor.h
-- Up-to-date: /home/fabian/moveit2/install/moveit_ros_planning/include/moveit_ros_planning/moveit/planning_scene_monitor/trajectory_monitor.h
-- Up-to-date: /home/fabian/moveit2/install/moveit_ros_planning/include/moveit_ros_planning/moveit/planning_scene_monitor/trajectory_monitor_middleware_handle.hpp
-- Up-to-date: /home/fabian/moveit2/install/moveit_ros_planning/include/moveit_ros_planning/moveit/planning_scene_monitor/current_state_monitor.h
-- Up-to-date: /home/fabian/moveit2/install/moveit_ros_planning/include/moveit_ros_planning/moveit/planning_scene_monitor/trajectory_monitor_middleware_handle.h
-- Up-to-date: /home/fabian/moveit2/install/moveit_ros_planning/include/moveit_ros_planning/moveit/planning_scene_monitor/trajectory_monitor.hpp
-- Up-to-date: /home/fabian/moveit2/install/moveit_ros_planning/include/moveit_ros_planning/moveit_planning_scene_monitor_export.h
-- Up-to-date: /home/fabian/moveit2/install/moveit_ros_planning/include/moveit_ros_planning
-- Up-to-date: /home/fabian/moveit2/install/moveit_ros_planning/include/moveit_ros_planning/moveit
-- Up-to-date: /home/fabian/moveit2/install/moveit_ros_planning/include/moveit_ros_planning/moveit/rdf_loader
-- Up-to-date: /home/fabian/moveit2/install/moveit_ros_planning/include/moveit_ros_planning/moveit/rdf_loader/rdf_loader.h
-- Up-to-date: /home/fabian/moveit2/install/moveit_ros_planning/include/moveit_ros_planning/moveit/rdf_loader/synchronized_string_parameter.h
-- Up-to-date: /home/fabian/moveit2/install/moveit_ros_planning/include/moveit_ros_planning/moveit/rdf_loader/rdf_loader.hpp
-- Up-to-date: /home/fabian/moveit2/install/moveit_ros_planning/include/moveit_ros_planning/moveit/rdf_loader/synchronized_string_parameter.hpp
-- Up-to-date: /home/fabian/moveit2/install/moveit_ros_planning/share/moveit_ros_planning/rdf_loader/test/data
-- Up-to-date: /home/fabian/moveit2/install/moveit_ros_planning/share/moveit_ros_planning/rdf_loader/test/data/kermit.srdf
-- Up-to-date: /home/fabian/moveit2/install/moveit_ros_planning/share/moveit_ros_planning/rdf_loader/test/data/gonzo.urdf
-- Up-to-date: /home/fabian/moveit2/install/moveit_ros_planning/share/moveit_ros_planning/rdf_loader/test/data/kermit.urdf
-- Up-to-date: /home/fabian/moveit2/install/moveit_ros_planning/share/moveit_ros_planning/rdf_loader/test/data/robin.srdf.xacro
-- Up-to-date: /home/fabian/moveit2/install/moveit_ros_planning/share/moveit_ros_planning/rdf_loader/test/data/gonzo.srdf
-- Up-to-date: /home/fabian/moveit2/install/moveit_ros_planning/share/moveit_ros_planning/rdf_loader/test/launch
-- Up-to-date: /home/fabian/moveit2/install/moveit_ros_planning/share/moveit_ros_planning/rdf_loader/test/launch/test_rdf_integration.test.py
-- Up-to-date: /home/fabian/moveit2/install/moveit_ros_planning/include/moveit_ros_planning
-- Up-to-date: /home/fabian/moveit2/install/moveit_ros_planning/include/moveit_ros_planning/moveit
-- Up-to-date: /home/fabian/moveit2/install/moveit_ros_planning/include/moveit_ros_planning/moveit/robot_model_loader
-- Up-to-date: /home/fabian/moveit2/install/moveit_ros_planning/include/moveit_ros_planning/moveit/robot_model_loader/robot_model_loader.h
-- Up-to-date: /home/fabian/moveit2/install/moveit_ros_planning/include/moveit_ros_planning/moveit/robot_model_loader/robot_model_loader.hpp
-- Up-to-date: /home/fabian/moveit2/install/moveit_ros_planning/include/moveit_ros_planning
-- Up-to-date: /home/fabian/moveit2/install/moveit_ros_planning/include/moveit_ros_planning/moveit
-- Up-to-date: /home/fabian/moveit2/install/moveit_ros_planning/include/moveit_ros_planning/moveit/trajectory_execution_manager
-- Up-to-date: /home/fabian/moveit2/install/moveit_ros_planning/include/moveit_ros_planning/moveit/trajectory_execution_manager/trajectory_execution_manager.hpp
-- Up-to-date: /home/fabian/moveit2/install/moveit_ros_planning/include/moveit_ros_planning/moveit/trajectory_execution_manager/trajectory_execution_manager.h
-- Up-to-date: /home/fabian/moveit2/install/moveit_ros_planning/include/moveit_ros_planning/moveit_trajectory_execution_manager_export.h
-- Up-to-date: /home/fabian/moveit2/install/moveit_ros_planning/lib/libmoveit_collision_plugin_loader.so.2.14.0
-- Up-to-date: /home/fabian/moveit2/install/moveit_ros_planning/lib/libmoveit_collision_plugin_loader.so
-- Up-to-date: /home/fabian/moveit2/install/moveit_ros_planning/lib/libmoveit_constraint_sampler_manager_loader.so.2.14.0
-- Up-to-date: /home/fabian/moveit2/install/moveit_ros_planning/lib/libmoveit_constraint_sampler_manager_loader.so
-- Up-to-date: /home/fabian/moveit2/install/moveit_ros_planning/lib/libmoveit_cpp.so.2.14.0
-- Up-to-date: /home/fabian/moveit2/install/moveit_ros_planning/lib/libmoveit_cpp.so
-- Up-to-date: /home/fabian/moveit2/install/moveit_ros_planning/lib/libmoveit_kinematics_plugin_loader.so.2.14.0
-- Up-to-date: /home/fabian/moveit2/install/moveit_ros_planning/lib/libmoveit_kinematics_plugin_loader.so
-- Up-to-date: /home/fabian/moveit2/install/moveit_ros_planning/lib/libmoveit_plan_execution.so.2.14.0
-- Up-to-date: /home/fabian/moveit2/install/moveit_ros_planning/lib/libmoveit_plan_execution.so
-- Up-to-date: /home/fabian/moveit2/install/moveit_ros_planning/lib/libmoveit_planning_pipeline.so.2.14.0
-- Up-to-date: /home/fabian/moveit2/install/moveit_ros_planning/lib/libmoveit_planning_pipeline.so
-- Up-to-date: /home/fabian/moveit2/install/moveit_ros_planning/lib/libmoveit_planning_pipeline_interfaces.so.2.14.0
-- Up-to-date: /home/fabian/moveit2/install/moveit_ros_planning/lib/libmoveit_planning_pipeline_interfaces.so
-- Up-to-date: /home/fabian/moveit2/install/moveit_ros_planning/lib/libmoveit_planning_scene_monitor.so.2.14.0
-- Up-to-date: /home/fabian/moveit2/install/moveit_ros_planning/lib/libmoveit_planning_scene_monitor.so
-- Up-to-date: /home/fabian/moveit2/install/moveit_ros_planning/lib/libmoveit_rdf_loader.so.2.14.0
-- Up-to-date: /home/fabian/moveit2/install/moveit_ros_planning/lib/libmoveit_rdf_loader.so
-- Up-to-date: /home/fabian/moveit2/install/moveit_ros_planning/lib/libmoveit_robot_model_loader.so.2.14.0
-- Up-to-date: /home/fabian/moveit2/install/moveit_ros_planning/lib/libmoveit_robot_model_loader.so
-- Up-to-date: /home/fabian/moveit2/install/moveit_ros_planning/lib/libmoveit_trajectory_execution_manager.so.2.14.0
-- Up-to-date: /home/fabian/moveit2/install/moveit_ros_planning/lib/libmoveit_trajectory_execution_manager.so
-- Up-to-date: /home/fabian/moveit2/install/moveit_ros_planning/lib/libsrdf_publisher_node.so
-- Up-to-date: /home/fabian/moveit2/install/moveit_ros_planning/lib/libmoveit_default_planning_response_adapter_plugins.so.2.14.0
-- Up-to-date: /home/fabian/moveit2/install/moveit_ros_planning/lib/libmoveit_default_planning_response_adapter_plugins.so
-- Up-to-date: /home/fabian/moveit2/install/moveit_ros_planning/lib/libmoveit_default_planning_request_adapter_plugins.so.2.14.0
-- Up-to-date: /home/fabian/moveit2/install/moveit_ros_planning/lib/libmoveit_default_planning_request_adapter_plugins.so
-- Up-to-date: /home/fabian/moveit2/install/moveit_ros_planning/share/moveit_ros_planning/environment/library_path.sh
-- Up-to-date: /home/fabian/moveit2/install/moveit_ros_planning/share/moveit_ros_planning/environment/library_path.dsv
-- Up-to-date: /home/fabian/moveit2/install/moveit_ros_planning/lib/moveit_ros_planning/srdf_publisher
-- Up-to-date: /home/fabian/moveit2/install/moveit_ros_planning/share/moveit_ros_planning/default_request_adapters_plugin_description.xml
-- Up-to-date: /home/fabian/moveit2/install/moveit_ros_planning/share/moveit_ros_planning/default_response_adapters_plugin_description.xml
-- Up-to-date: /home/fabian/moveit2/install/moveit_ros_planning/share/moveit_ros_planning/planning_pipeline_test_plugins_description.xml
-- Up-to-date: /home/fabian/moveit2/install/moveit_ros_planning/share/ament_index/resource_index/package_run_dependencies/moveit_ros_planning
-- Up-to-date: /home/fabian/moveit2/install/moveit_ros_planning/share/ament_index/resource_index/parent_prefix_path/moveit_ros_planning
-- Up-to-date: /home/fabian/moveit2/install/moveit_ros_planning/share/moveit_ros_planning/environment/ament_prefix_path.sh
-- Up-to-date: /home/fabian/moveit2/install/moveit_ros_planning/share/moveit_ros_planning/environment/ament_prefix_path.dsv
-- Up-to-date: /home/fabian/moveit2/install/moveit_ros_planning/share/moveit_ros_planning/environment/path.sh
-- Up-to-date: /home/fabian/moveit2/install/moveit_ros_planning/share/moveit_ros_planning/environment/path.dsv
-- Up-to-date: /home/fabian/moveit2/install/moveit_ros_planning/share/moveit_ros_planning/local_setup.bash
-- Up-to-date: /home/fabian/moveit2/install/moveit_ros_planning/share/moveit_ros_planning/local_setup.sh
-- Up-to-date: /home/fabian/moveit2/install/moveit_ros_planning/share/moveit_ros_planning/local_setup.zsh
-- Up-to-date: /home/fabian/moveit2/install/moveit_ros_planning/share/moveit_ros_planning/local_setup.dsv
-- Installing: /home/fabian/moveit2/install/moveit_ros_planning/share/moveit_ros_planning/package.dsv
-- Up-to-date: /home/fabian/moveit2/install/moveit_ros_planning/share/ament_index/resource_index/packages/moveit_ros_planning
-- Up-to-date: /home/fabian/moveit2/install/moveit_ros_planning/share/ament_index/resource_index/moveit_core__pluginlib__plugin/moveit_ros_planning
-- Up-to-date: /home/fabian/moveit2/install/moveit_ros_planning/share/moveit_ros_planning/cmake/moveit_ros_planningTargetsExport.cmake
-- Up-to-date: /home/fabian/moveit2/install/moveit_ros_planning/share/moveit_ros_planning/cmake/moveit_ros_planningTargetsExport-release.cmake
-- Up-to-date: /home/fabian/moveit2/install/moveit_ros_planning/share/ament_index/resource_index/rclcpp_components/moveit_ros_planning
-- Up-to-date: /home/fabian/moveit2/install/moveit_ros_planning/share/moveit_ros_planning/cmake/ConfigExtras.cmake
-- Up-to-date: /home/fabian/moveit2/install/moveit_ros_planning/share/moveit_ros_planning/cmake/ament_cmake_export_targets-extras.cmake
-- Up-to-date: /home/fabian/moveit2/install/moveit_ros_planning/share/moveit_ros_planning/cmake/ament_cmake_export_dependencies-extras.cmake
-- Up-to-date: /home/fabian/moveit2/install/moveit_ros_planning/share/moveit_ros_planning/cmake/moveit_ros_planningConfig.cmake
-- Up-to-date: /home/fabian/moveit2/install/moveit_ros_planning/share/moveit_ros_planning/cmake/moveit_ros_planningConfig-version.cmake
-- Up-to-date: /home/fabian/moveit2/install/moveit_ros_planning/share/moveit_ros_planning/package.xml
