[0.750s] Invoking command in '/home/fabian/moveit2/build/moveit_planners_ompl': AMENT_PREFIX_PATH=/home/fabian/moveit2/install/moveit_ros_planning:/home/fabian/moveit2/install/moveit_ros_occupancy_map_monitor:/home/fabian/moveit2/install/moveit_core:/home/fabian/moveit2/install/moveit_configs_utils:/home/fabian/moveit2/install/moveit_common:${AMENT_PREFIX_PATH} CMAKE_PREFIX_PATH=/home/fabian/moveit2/install/moveit_ros_planning:/home/fabian/moveit2/install/moveit_ros_occupancy_map_monitor:/home/fabian/moveit2/install/moveit_core:/home/fabian/moveit2/install/moveit_common:/home/fabian/yb_support/ros_odrive/install/odrive_ros2_control:/home/fabian/yb_support/ros_odrive/install/odrive_can:/home/fabian/yb_support/slam_toolbox/install/slam_toolbox:/home/fabian/yb_support/my_msgs/install/my_msgs:/home/fabian/yb_support/pointcloud_to_laserscan/install/pointcloud_to_laserscan:/home/fabian/yb_support/mecanum_drive_controller/install/mecanum_drive_controller:/home/fabian/ros2_ws/install/ros2_control_demo_example_2:/home/fabian/ros2_ws/install/ros2_control_demo_description:/home/fabian/yahboom_rosmaster/install/yahboom_rosmaster:/home/fabian/yahboom_rosmaster/install/yahboom_rosmaster_system_tests:/home/fabian/yahboom_rosmaster/install/yahboom_rosmaster_navigation:/home/fabian/yahboom_rosmaster/install/yahboom_rosmaster_msgs:/home/fabian/yahboom_rosmaster/install/yahboom_rosmaster_localization:/home/fabian/yahboom_rosmaster/install/yahboom_rosmaster_gazebo:/home/fabian/yahboom_rosmaster/install/yahboom_rosmaster_docking:/home/fabian/yahboom_rosmaster/install/yahboom_rosmaster_description:/home/fabian/yahboom_rosmaster/install/yahboom_rosmaster_bringup:/home/fabian/yahboom_rosmaster/install/mecanum_drive_controller:/home/fabian/cartesian_controllers/install/cartesian_compliance_controller:/home/fabian/cartesian_controllers/install/cartesian_motion_controller:/home/fabian/cartesian_controllers/install/cartesian_force_controller:/home/fabian/cartesian_controllers/install/cartesian_controller_utilities:/home/fabian/youbot_ws/install/youbot:/home/fabian/yb_support/urdf_parser_py/install/urdfdom_py:/home/fabian/yb_support/twist_stamper/install/twist_stamper:/home/fabian/yb_support/kdl_parser_py/install/kdl_parser_py:/opt/ros/rolling:/home/fabian/cartesian_controllers/install/cartesian_controller_tests:/home/fabian/cartesian_controllers/install/cartesian_controller_simulation:/home/fabian/cartesian_controllers/install/cartesian_controller_handles:/home/fabian/cartesian_controllers/install/cartesian_controller_base:/home/fabian/ros2_control_demos/example_7/install/ros2_control_demo_example_7:/home/fabian/yb_support/unilidar_sdk2/install/unitree_lidar_ros2:/home/fabian/fixslam/install/geometry_msgs:/home/fabian/fixslam/install/std_msgs:/opt/ros/rolling/opt/gz_sim_vendor:/opt/ros/rolling/opt/gz_sensors_vendor:/opt/ros/rolling/opt/gz_physics_vendor:/opt/ros/rolling/opt/sdformat_vendor:/opt/ros/rolling/opt/gz_gui_vendor:/opt/ros/rolling/opt/gz_transport_vendor:/opt/ros/rolling/opt/gz_rendering_vendor:/opt/ros/rolling/opt/gz_plugin_vendor:/opt/ros/rolling/opt/gz_fuel_tools_vendor:/opt/ros/rolling/opt/gz_msgs_vendor:/opt/ros/rolling/opt/gz_common_vendor:/opt/ros/rolling/opt/gz_math_vendor:/opt/ros/rolling/opt/gz_utils_vendor:/opt/ros/rolling/opt/gz_tools_vendor:/opt/ros/rolling/opt/gz_ogre_next_vendor:/opt/ros/rolling/opt/gz_dartsim_vendor:/opt/ros/rolling/opt/gz_cmake_vendor DEBUGINFOD_URLS=https://debuginfod.ubuntu.com LD_LIBRARY_PATH=/home/fabian/moveit2/install/moveit_ros_planning/lib:/home/fabian/moveit2/install/moveit_ros_occupancy_map_monitor/lib:/home/fabian/moveit2/install/moveit_core/lib:${LD_LIBRARY_PATH} PATH=/home/fabian/moveit2/install/moveit_core/bin:${PATH} PYTHONPATH=/home/fabian/moveit2/install/moveit_configs_utils/lib/python3.12/site-packages:${PYTHONPATH} /usr/bin/cmake /home/fabian/moveit2/moveit_planners/ompl -DCMAKE_INSTALL_PREFIX=/home/fabian/moveit2/install/moveit_planners_ompl
[1.110s] -- The CXX compiler identification is GNU 13.3.0
[1.814s] -- Detecting CXX compiler ABI info
[2.363s] -- Detecting CXX compiler ABI info - done
[2.380s] -- Check for working CXX compiler: /usr/bin/c++ - skipped
[2.380s] -- Detecting CXX compile features
[2.381s] -- Detecting CXX compile features - done
[2.383s] -- Found moveit_common: 2.14.0 (/home/fabian/moveit2/install/moveit_common/share/moveit_common/cmake)
[2.393s] -- Found ament_cmake: 2.8.4 (/opt/ros/rolling/share/ament_cmake/cmake)
[2.830s] -- Found Python3: /usr/bin/python3 (found version "3.12.3") found components: Interpreter 
[3.278s] [0mmoveit_planners_ompl: You did not request a specific build type: Choosing 'Release' for maximum performance[0m
[3.876s] -- Found Boost: /usr/lib/x86_64-linux-gnu/cmake/Boost-1.83.0/BoostConfig.cmake (found version "1.83.0") found components: system filesystem date_time thread serialization 
[3.880s] -- Found moveit_core: 2.14.0 (/home/fabian/moveit2/install/moveit_core/share/moveit_core/cmake)
[3.941s] -- Found Boost: /usr/lib/x86_64-linux-gnu/cmake/Boost-1.83.0/BoostConfig.cmake (found version "1.83.0") found components: chrono date_time filesystem iostreams program_options regex serialization system thread 
[6.494s] -- Found parameter_traits: 0.5.0 (/opt/ros/rolling/share/parameter_traits/cmake)
[6.671s] -- Found rosidl_generator_c: 5.0.1 (/opt/ros/rolling/share/rosidl_generator_c/cmake)
[6.704s] -- Found rosidl_generator_cpp: 5.0.1 (/opt/ros/rolling/share/rosidl_generator_cpp/cmake)
[6.744s] -- Using all available rosidl_typesupport_c: rosidl_typesupport_fastrtps_c;rosidl_typesupport_introspection_c
[6.787s] -- Using all available rosidl_typesupport_cpp: rosidl_typesupport_fastrtps_cpp;rosidl_typesupport_introspection_cpp
[6.935s] -- Found rmw_implementation_cmake: 7.9.0 (/opt/ros/rolling/share/rmw_implementation_cmake/cmake)
[6.948s] -- Found rmw_fastrtps_cpp: 9.4.2 (/opt/ros/rolling/share/rmw_fastrtps_cpp/cmake)
[7.181s] -- Found OpenSSL: /usr/lib/x86_64-linux-gnu/libcrypto.so (found version "3.0.13")  
[7.205s] -- Using RMW implementation 'rmw_fastrtps_cpp' as default
[7.644s] -- Found rclcpp_lifecycle: 30.1.0 (/opt/ros/rolling/share/rclcpp_lifecycle/cmake)
[7.854s] -- Found Boost: /usr/lib/x86_64-linux-gnu/cmake/Boost-1.83.0/BoostConfig.cmake (found version "1.83.0") found components: random 
[8.110s] -- Found Eigen3: TRUE (found version "3.4.0") 
[8.110s] -- Ensuring Eigen3 include directory is part of orocos-kdl CMake target
[8.834s] -- Found moveit_ros_planning: 2.14.0 (/home/fabian/moveit2/install/moveit_ros_planning/share/moveit_ros_planning/cmake)
[8.841s] -- Found Boost: /usr/lib/x86_64-linux-gnu/cmake/Boost-1.83.0/BoostConfig.cmake (found version "1.83.0") found components: system filesystem date_time program_options thread chrono 
[8.922s] -- Found Boost: /usr/lib/x86_64-linux-gnu/cmake/Boost-1.83.0/BoostConfig.cmake (found version "1.83.0") found components: serialization filesystem system 
[8.928s] -- Found ompl: /opt/ros/rolling/include/ompl-1.7;/usr/include;/usr/include/eigen3  
[9.825s] -- Found OpenMP_CXX: -fopenmp (found version "4.5") 
[9.825s] -- Found OpenMP: TRUE (found version "4.5")  
[9.831s] [0mCMake Deprecation Warning at /opt/ros/rolling/share/ament_cmake_target_dependencies/cmake/ament_target_dependencies.cmake:87 (message):
[9.831s]   ament_target_dependencies() is deprecated.  Use target_link_libraries()
[9.831s]   with modern CMake targets instead.  Try replacing this call with:
[9.831s] 
[9.831s]     target_link_libraries(moveit_ompl_interface PUBLIC
[9.831s]       ${moveit_msgs_TARGETS}
[9.832s]       moveit_core::moveit_collision_detection
[9.832s]       moveit_core::moveit_collision_detection_bullet
[9.832s]       moveit_core::moveit_collision_detection_fcl
[9.832s]       moveit_core::moveit_collision_distance_field
[9.832s]       moveit_core::moveit_constraint_samplers
[9.832s]       moveit_core::moveit_distance_field
[9.832s]       moveit_core::moveit_dynamics_solver
[9.832s]       moveit_core::moveit_exceptions
[9.832s]       moveit_core::moveit_kinematic_constraints
[9.832s]       moveit_core::moveit_kinematics_base
[9.832s]       moveit_core::moveit_kinematics_metrics
[9.832s]       moveit_core::moveit_macros
[9.832s]       moveit_core::moveit_planning_interface
[9.832s]       moveit_core::moveit_planning_scene
[9.833s]       moveit_core::moveit_robot_model
[9.833s]       moveit_core::moveit_robot_state
[9.833s]       moveit_core::moveit_robot_trajectory
[9.833s]       moveit_core::moveit_smoothing_base
[9.833s]       moveit_core::moveit_test_utils
[9.833s]       moveit_core::moveit_trajectory_processing
[9.833s]       moveit_core::moveit_transforms
[9.833s]       moveit_core::moveit_utils
[9.833s]       moveit_ros_planning::default_request_adapter_parameters
[9.833s]       moveit_ros_planning::default_response_adapter_parameters
[9.833s]       moveit_ros_planning::kinematics_parameters
[9.833s]       moveit_ros_planning::moveit_collision_plugin_loader
[9.833s]       moveit_ros_planning::moveit_constraint_sampler_manager_loader
[9.833s]       moveit_ros_planning::moveit_cpp
[9.833s]       moveit_ros_planning::moveit_kinematics_plugin_loader
[9.834s]       moveit_ros_planning::moveit_plan_execution
[9.834s]       moveit_ros_planning::moveit_planning_pipeline
[9.834s]       moveit_ros_planning::moveit_planning_pipeline_interfaces
[9.834s]       moveit_ros_planning::moveit_planning_scene_monitor
[9.834s]       moveit_ros_planning::moveit_rdf_loader
[9.834s]       moveit_ros_planning::moveit_robot_model_loader
[9.834s]       moveit_ros_planning::moveit_trajectory_execution_manager
[9.834s]       moveit_ros_planning::planning_pipeline_parameters
[9.834s]       moveit_ros_planning::srdf_publisher_node
[9.834s]       pluginlib::pluginlib
[9.834s]       rclcpp::rclcpp
[9.834s]       tf2_eigen::tf2_eigen
[9.834s]       tf2_ros::static_transform_broadcaster_node
[9.834s]       tf2_ros::tf2_ros
[9.834s]     )
[9.834s] 
[9.835s] Call Stack (most recent call first):
[9.835s]   ompl_interface/CMakeLists.txt:32 (ament_target_dependencies)
[9.835s] 
[9.835s] [0m
[9.867s] [0mCMake Deprecation Warning at /opt/ros/rolling/share/ament_cmake_target_dependencies/cmake/ament_target_dependencies.cmake:87 (message):
[9.867s]   ament_target_dependencies() is deprecated.  Use target_link_libraries()
[9.867s]   with modern CMake targets instead.  Try replacing this call with:
[9.867s] 
[9.867s]     target_link_libraries(moveit_ompl_planner_plugin PUBLIC
[9.867s]       moveit_core::moveit_collision_detection
[9.867s]       moveit_core::moveit_collision_detection_bullet
[9.868s]       moveit_core::moveit_collision_detection_fcl
[9.868s]       moveit_core::moveit_collision_distance_field
[9.868s]       moveit_core::moveit_constraint_samplers
[9.868s]       moveit_core::moveit_distance_field
[9.868s]       moveit_core::moveit_dynamics_solver
[9.868s]       moveit_core::moveit_exceptions
[9.868s]       moveit_core::moveit_kinematic_constraints
[9.868s]       moveit_core::moveit_kinematics_base
[9.868s]       moveit_core::moveit_kinematics_metrics
[9.868s]       moveit_core::moveit_macros
[9.868s]       moveit_core::moveit_planning_interface
[9.868s]       moveit_core::moveit_planning_scene
[9.868s]       moveit_core::moveit_robot_model
[9.869s]       moveit_core::moveit_robot_state
[9.869s]       moveit_core::moveit_robot_trajectory
[9.869s]       moveit_core::moveit_smoothing_base
[9.869s]       moveit_core::moveit_test_utils
[9.869s]       moveit_core::moveit_trajectory_processing
[9.869s]       moveit_core::moveit_transforms
[9.869s]       moveit_core::moveit_utils
[9.869s]       moveit_ros_planning::default_request_adapter_parameters
[9.869s]       moveit_ros_planning::default_response_adapter_parameters
[9.869s]       moveit_ros_planning::kinematics_parameters
[9.869s]       moveit_ros_planning::moveit_collision_plugin_loader
[9.869s]       moveit_ros_planning::moveit_constraint_sampler_manager_loader
[9.869s]       moveit_ros_planning::moveit_cpp
[9.869s]       moveit_ros_planning::moveit_kinematics_plugin_loader
[9.869s]       moveit_ros_planning::moveit_plan_execution
[9.870s]       moveit_ros_planning::moveit_planning_pipeline
[9.870s]       moveit_ros_planning::moveit_planning_pipeline_interfaces
[9.870s]       moveit_ros_planning::moveit_planning_scene_monitor
[9.870s]       moveit_ros_planning::moveit_rdf_loader
[9.870s]       moveit_ros_planning::moveit_robot_model_loader
[9.870s]       moveit_ros_planning::moveit_trajectory_execution_manager
[9.870s]       moveit_ros_planning::planning_pipeline_parameters
[9.870s]       moveit_ros_planning::srdf_publisher_node
[9.870s]       pluginlib::pluginlib
[9.870s]       rclcpp::rclcpp
[9.870s]       tf2_ros::static_transform_broadcaster_node
[9.870s]       tf2_ros::tf2_ros
[9.870s]     )
[9.870s] 
[9.870s] Call Stack (most recent call first):
[9.871s]   ompl_interface/CMakeLists.txt:60 (ament_target_dependencies)
[9.871s] 
[9.871s] [0m
[9.897s] -- Found ament_cmake_gtest: 2.8.4 (/opt/ros/rolling/share/ament_cmake_gtest/cmake)
[9.908s] -- Found gtest sources under '/opt/ros/rolling/src/gtest_vendor': C++ tests using 'Google Test' will be built
[10.317s] -- The C compiler identification is GNU 13.3.0
[11.761s] -- Detecting C compiler ABI info
[12.924s] -- Detecting C compiler ABI info - done
[12.948s] -- Check for working C compiler: /usr/bin/cc - skipped
[12.949s] -- Detecting C compile features
[12.951s] -- Detecting C compile features - done
[12.968s] -- Found Threads: TRUE  
[12.976s] [0mCMake Deprecation Warning at /opt/ros/rolling/share/ament_cmake_target_dependencies/cmake/ament_target_dependencies.cmake:87 (message):
[12.976s]   ament_target_dependencies() is deprecated.  Use target_link_libraries()
[12.976s]   with modern CMake targets instead.  Try replacing this call with:
[12.976s] 
[12.977s]     target_link_libraries(test_state_space PUBLIC
[12.977s]       moveit_core::moveit_collision_detection
[12.977s]       moveit_core::moveit_collision_detection_bullet
[12.977s]       moveit_core::moveit_collision_detection_fcl
[12.977s]       moveit_core::moveit_collision_distance_field
[12.977s]       moveit_core::moveit_constraint_samplers
[12.977s]       moveit_core::moveit_distance_field
[12.977s]       moveit_core::moveit_dynamics_solver
[12.977s]       moveit_core::moveit_exceptions
[12.977s]       moveit_core::moveit_kinematic_constraints
[12.977s]       moveit_core::moveit_kinematics_base
[12.977s]       moveit_core::moveit_kinematics_metrics
[12.977s]       moveit_core::moveit_macros
[12.977s]       moveit_core::moveit_planning_interface
[12.978s]       moveit_core::moveit_planning_scene
[12.978s]       moveit_core::moveit_robot_model
[12.978s]       moveit_core::moveit_robot_state
[12.978s]       moveit_core::moveit_robot_trajectory
[12.978s]       moveit_core::moveit_smoothing_base
[12.978s]       moveit_core::moveit_test_utils
[12.979s]       moveit_core::moveit_trajectory_processing
[12.979s]       moveit_core::moveit_transforms
[12.979s]       moveit_core::moveit_utils
[12.979s]     )
[12.979s] 
[12.979s] Call Stack (most recent call first):
[12.980s]   ompl_interface/CMakeLists.txt:80 (ament_target_dependencies)
[12.980s] 
[12.981s] [0m
[13.030s] [0mCMake Deprecation Warning at /opt/ros/rolling/share/ament_cmake_target_dependencies/cmake/ament_target_dependencies.cmake:87 (message):
[13.030s]   ament_target_dependencies() is deprecated.  Use target_link_libraries()
[13.030s]   with modern CMake targets instead.  Try replacing this call with:
[13.030s] 
[13.031s]     target_link_libraries(test_state_validity_checker PUBLIC
[13.031s]       moveit_core::moveit_collision_detection
[13.031s]       moveit_core::moveit_collision_detection_bullet
[13.031s]       moveit_core::moveit_collision_detection_fcl
[13.032s]       moveit_core::moveit_collision_distance_field
[13.032s]       moveit_core::moveit_constraint_samplers
[13.032s]       moveit_core::moveit_distance_field
[13.032s]       moveit_core::moveit_dynamics_solver
[13.032s]       moveit_core::moveit_exceptions
[13.033s]       moveit_core::moveit_kinematic_constraints
[13.036s]       moveit_core::moveit_kinematics_base
[13.037s]       moveit_core::moveit_kinematics_metrics
[13.037s]       moveit_core::moveit_macros
[13.037s]       moveit_core::moveit_planning_interface
[13.037s]       moveit_core::moveit_planning_scene
[13.037s]       moveit_core::moveit_robot_model
[13.038s]       moveit_core::moveit_robot_state
[13.038s]       moveit_core::moveit_robot_trajectory
[13.038s]       moveit_core::moveit_smoothing_base
[13.038s]       moveit_core::moveit_test_utils
[13.038s]       moveit_core::moveit_trajectory_processing
[13.038s]       moveit_core::moveit_transforms
[13.038s]       moveit_core::moveit_utils
[13.038s]     )
[13.038s] 
[13.038s] Call Stack (most recent call first):
[13.038s]   ompl_interface/CMakeLists.txt:87 (ament_target_dependencies)
[13.038s] 
[13.038s] [0m
[13.060s] [0mCMake Deprecation Warning at /opt/ros/rolling/share/ament_cmake_target_dependencies/cmake/ament_target_dependencies.cmake:87 (message):
[13.060s]   ament_target_dependencies() is deprecated.  Use target_link_libraries()
[13.060s]   with modern CMake targets instead.  Try replacing this call with:
[13.060s] 
[13.060s]     target_link_libraries(test_planning_context_manager PUBLIC
[13.060s]       moveit_core::moveit_collision_detection
[13.060s]       moveit_core::moveit_collision_detection_bullet
[13.060s]       moveit_core::moveit_collision_detection_fcl
[13.061s]       moveit_core::moveit_collision_distance_field
[13.061s]       moveit_core::moveit_constraint_samplers
[13.061s]       moveit_core::moveit_distance_field
[13.061s]       moveit_core::moveit_dynamics_solver
[13.061s]       moveit_core::moveit_exceptions
[13.061s]       moveit_core::moveit_kinematic_constraints
[13.061s]       moveit_core::moveit_kinematics_base
[13.061s]       moveit_core::moveit_kinematics_metrics
[13.061s]       moveit_core::moveit_macros
[13.061s]       moveit_core::moveit_planning_interface
[13.061s]       moveit_core::moveit_planning_scene
[13.061s]       moveit_core::moveit_robot_model
[13.061s]       moveit_core::moveit_robot_state
[13.061s]       moveit_core::moveit_robot_trajectory
[13.061s]       moveit_core::moveit_smoothing_base
[13.062s]       moveit_core::moveit_test_utils
[13.062s]       moveit_core::moveit_trajectory_processing
[13.062s]       moveit_core::moveit_transforms
[13.062s]       moveit_core::moveit_utils
[13.062s]       tf2_eigen::tf2_eigen
[13.062s]     )
[13.062s] 
[13.062s] Call Stack (most recent call first):
[13.062s]   ompl_interface/CMakeLists.txt:95 (ament_target_dependencies)
[13.062s] 
[13.062s] [0m
[13.082s] [0mCMake Deprecation Warning at /opt/ros/rolling/share/ament_cmake_target_dependencies/cmake/ament_target_dependencies.cmake:87 (message):
[13.082s]   ament_target_dependencies() is deprecated.  Use target_link_libraries()
[13.083s]   with modern CMake targets instead.  Try replacing this call with:
[13.083s] 
[13.083s]     target_link_libraries(test_constrained_planning_state_space PUBLIC
[13.083s]       moveit_core::moveit_collision_detection
[13.084s]       moveit_core::moveit_collision_detection_bullet
[13.084s]       moveit_core::moveit_collision_detection_fcl
[13.084s]       moveit_core::moveit_collision_distance_field
[13.085s]       moveit_core::moveit_constraint_samplers
[13.085s]       moveit_core::moveit_distance_field
[13.085s]       moveit_core::moveit_dynamics_solver
[13.086s]       moveit_core::moveit_exceptions
[13.086s]       moveit_core::moveit_kinematic_constraints
[13.086s]       moveit_core::moveit_kinematics_base
[13.087s]       moveit_core::moveit_kinematics_metrics
[13.087s]       moveit_core::moveit_macros
[13.088s]       moveit_core::moveit_planning_interface
[13.088s]       moveit_core::moveit_planning_scene
[13.088s]       moveit_core::moveit_robot_model
[13.089s]       moveit_core::moveit_robot_state
[13.090s]       moveit_core::moveit_robot_trajectory
[13.090s]       moveit_core::moveit_smoothing_base
[13.090s]       moveit_core::moveit_test_utils
[13.090s]       moveit_core::moveit_trajectory_processing
[13.091s]       moveit_core::moveit_transforms
[13.091s]       moveit_core::moveit_utils
[13.091s]     )
[13.091s] 
[13.091s] Call Stack (most recent call first):
[13.091s]   ompl_interface/CMakeLists.txt:106 (ament_target_dependencies)
[13.091s] 
[13.101s] [0m
[13.125s] [0mCMake Deprecation Warning at /opt/ros/rolling/share/ament_cmake_target_dependencies/cmake/ament_target_dependencies.cmake:87 (message):
[13.125s]   ament_target_dependencies() is deprecated.  Use target_link_libraries()
[13.125s]   with modern CMake targets instead.  Try replacing this call with:
[13.126s] 
[13.126s]     target_link_libraries(test_constrained_state_validity_checker PUBLIC
[13.126s]       moveit_core::moveit_collision_detection
[13.126s]       moveit_core::moveit_collision_detection_bullet
[13.127s]       moveit_core::moveit_collision_detection_fcl
[13.127s]       moveit_core::moveit_collision_distance_field
[13.127s]       moveit_core::moveit_constraint_samplers
[13.127s]       moveit_core::moveit_distance_field
[13.128s]       moveit_core::moveit_dynamics_solver
[13.128s]       moveit_core::moveit_exceptions
[13.128s]       moveit_core::moveit_kinematic_constraints
[13.128s]       moveit_core::moveit_kinematics_base
[13.129s]       moveit_core::moveit_kinematics_metrics
[13.129s]       moveit_core::moveit_macros
[13.129s]       moveit_core::moveit_planning_interface
[13.129s]       moveit_core::moveit_planning_scene
[13.129s]       moveit_core::moveit_robot_model
[13.132s]       moveit_core::moveit_robot_state
[13.132s]       moveit_core::moveit_robot_trajectory
[13.132s]       moveit_core::moveit_smoothing_base
[13.132s]       moveit_core::moveit_test_utils
[13.132s]       moveit_core::moveit_trajectory_processing
[13.133s]       moveit_core::moveit_transforms
[13.133s]       moveit_core::moveit_utils
[13.133s]     )
[13.133s] 
[13.133s] Call Stack (most recent call first):
[13.133s]   ompl_interface/CMakeLists.txt:115 (ament_target_dependencies)
[13.134s] 
[13.134s] [0m
[13.161s] [0mCMake Deprecation Warning at /opt/ros/rolling/share/ament_cmake_target_dependencies/cmake/ament_target_dependencies.cmake:87 (message):
[13.161s]   ament_target_dependencies() is deprecated.  Use target_link_libraries()
[13.164s]   with modern CMake targets instead.  Try replacing this call with:
[13.164s] 
[13.164s]     target_link_libraries(test_threadsafe_state_storage PUBLIC
[13.165s]       moveit_core::moveit_collision_detection
[13.165s]       moveit_core::moveit_collision_detection_bullet
[13.165s]       moveit_core::moveit_collision_detection_fcl
[13.165s]       moveit_core::moveit_collision_distance_field
[13.165s]       moveit_core::moveit_constraint_samplers
[13.165s]       moveit_core::moveit_distance_field
[13.165s]       moveit_core::moveit_dynamics_solver
[13.165s]       moveit_core::moveit_exceptions
[13.165s]       moveit_core::moveit_kinematic_constraints
[13.165s]       moveit_core::moveit_kinematics_base
[13.165s]       moveit_core::moveit_kinematics_metrics
[13.165s]       moveit_core::moveit_macros
[13.165s]       moveit_core::moveit_planning_interface
[13.165s]       moveit_core::moveit_planning_scene
[13.166s]       moveit_core::moveit_robot_model
[13.166s]       moveit_core::moveit_robot_state
[13.166s]       moveit_core::moveit_robot_trajectory
[13.166s]       moveit_core::moveit_smoothing_base
[13.166s]       moveit_core::moveit_test_utils
[13.166s]       moveit_core::moveit_trajectory_processing
[13.166s]       moveit_core::moveit_transforms
[13.166s]       moveit_core::moveit_utils
[13.166s]     )
[13.167s] 
[13.167s] Call Stack (most recent call first):
[13.167s]   ompl_interface/CMakeLists.txt:124 (ament_target_dependencies)
[13.167s] 
[13.167s] [0m
[13.197s] -- Configuring done (12.4s)
[13.719s] -- Generating done (0.4s)
[13.856s] -- Build files have been written to: /home/fabian/moveit2/build/moveit_planners_ompl
[13.929s] Invoked command in '/home/fabian/moveit2/build/moveit_planners_ompl' returned '0': AMENT_PREFIX_PATH=/home/fabian/moveit2/install/moveit_ros_planning:/home/fabian/moveit2/install/moveit_ros_occupancy_map_monitor:/home/fabian/moveit2/install/moveit_core:/home/fabian/moveit2/install/moveit_configs_utils:/home/fabian/moveit2/install/moveit_common:${AMENT_PREFIX_PATH} CMAKE_PREFIX_PATH=/home/fabian/moveit2/install/moveit_ros_planning:/home/fabian/moveit2/install/moveit_ros_occupancy_map_monitor:/home/fabian/moveit2/install/moveit_core:/home/fabian/moveit2/install/moveit_common:/home/fabian/yb_support/ros_odrive/install/odrive_ros2_control:/home/fabian/yb_support/ros_odrive/install/odrive_can:/home/fabian/yb_support/slam_toolbox/install/slam_toolbox:/home/fabian/yb_support/my_msgs/install/my_msgs:/home/fabian/yb_support/pointcloud_to_laserscan/install/pointcloud_to_laserscan:/home/fabian/yb_support/mecanum_drive_controller/install/mecanum_drive_controller:/home/fabian/ros2_ws/install/ros2_control_demo_example_2:/home/fabian/ros2_ws/install/ros2_control_demo_description:/home/fabian/yahboom_rosmaster/install/yahboom_rosmaster:/home/fabian/yahboom_rosmaster/install/yahboom_rosmaster_system_tests:/home/fabian/yahboom_rosmaster/install/yahboom_rosmaster_navigation:/home/fabian/yahboom_rosmaster/install/yahboom_rosmaster_msgs:/home/fabian/yahboom_rosmaster/install/yahboom_rosmaster_localization:/home/fabian/yahboom_rosmaster/install/yahboom_rosmaster_gazebo:/home/fabian/yahboom_rosmaster/install/yahboom_rosmaster_docking:/home/fabian/yahboom_rosmaster/install/yahboom_rosmaster_description:/home/fabian/yahboom_rosmaster/install/yahboom_rosmaster_bringup:/home/fabian/yahboom_rosmaster/install/mecanum_drive_controller:/home/fabian/cartesian_controllers/install/cartesian_compliance_controller:/home/fabian/cartesian_controllers/install/cartesian_motion_controller:/home/fabian/cartesian_controllers/install/cartesian_force_controller:/home/fabian/cartesian_controllers/install/cartesian_controller_utilities:/home/fabian/youbot_ws/install/youbot:/home/fabian/yb_support/urdf_parser_py/install/urdfdom_py:/home/fabian/yb_support/twist_stamper/install/twist_stamper:/home/fabian/yb_support/kdl_parser_py/install/kdl_parser_py:/opt/ros/rolling:/home/fabian/cartesian_controllers/install/cartesian_controller_tests:/home/fabian/cartesian_controllers/install/cartesian_controller_simulation:/home/fabian/cartesian_controllers/install/cartesian_controller_handles:/home/fabian/cartesian_controllers/install/cartesian_controller_base:/home/fabian/ros2_control_demos/example_7/install/ros2_control_demo_example_7:/home/fabian/yb_support/unilidar_sdk2/install/unitree_lidar_ros2:/home/fabian/fixslam/install/geometry_msgs:/home/fabian/fixslam/install/std_msgs:/opt/ros/rolling/opt/gz_sim_vendor:/opt/ros/rolling/opt/gz_sensors_vendor:/opt/ros/rolling/opt/gz_physics_vendor:/opt/ros/rolling/opt/sdformat_vendor:/opt/ros/rolling/opt/gz_gui_vendor:/opt/ros/rolling/opt/gz_transport_vendor:/opt/ros/rolling/opt/gz_rendering_vendor:/opt/ros/rolling/opt/gz_plugin_vendor:/opt/ros/rolling/opt/gz_fuel_tools_vendor:/opt/ros/rolling/opt/gz_msgs_vendor:/opt/ros/rolling/opt/gz_common_vendor:/opt/ros/rolling/opt/gz_math_vendor:/opt/ros/rolling/opt/gz_utils_vendor:/opt/ros/rolling/opt/gz_tools_vendor:/opt/ros/rolling/opt/gz_ogre_next_vendor:/opt/ros/rolling/opt/gz_dartsim_vendor:/opt/ros/rolling/opt/gz_cmake_vendor DEBUGINFOD_URLS=https://debuginfod.ubuntu.com LD_LIBRARY_PATH=/home/fabian/moveit2/install/moveit_ros_planning/lib:/home/fabian/moveit2/install/moveit_ros_occupancy_map_monitor/lib:/home/fabian/moveit2/install/moveit_core/lib:${LD_LIBRARY_PATH} PATH=/home/fabian/moveit2/install/moveit_core/bin:${PATH} PYTHONPATH=/home/fabian/moveit2/install/moveit_configs_utils/lib/python3.12/site-packages:${PYTHONPATH} /usr/bin/cmake /home/fabian/moveit2/moveit_planners/ompl -DCMAKE_INSTALL_PREFIX=/home/fabian/moveit2/install/moveit_planners_ompl
[13.932s] Invoking command in '/home/fabian/moveit2/build/moveit_planners_ompl': AMENT_PREFIX_PATH=/home/fabian/moveit2/install/moveit_ros_planning:/home/fabian/moveit2/install/moveit_ros_occupancy_map_monitor:/home/fabian/moveit2/install/moveit_core:/home/fabian/moveit2/install/moveit_configs_utils:/home/fabian/moveit2/install/moveit_common:${AMENT_PREFIX_PATH} CMAKE_PREFIX_PATH=/home/fabian/moveit2/install/moveit_ros_planning:/home/fabian/moveit2/install/moveit_ros_occupancy_map_monitor:/home/fabian/moveit2/install/moveit_core:/home/fabian/moveit2/install/moveit_common:/home/fabian/yb_support/ros_odrive/install/odrive_ros2_control:/home/fabian/yb_support/ros_odrive/install/odrive_can:/home/fabian/yb_support/slam_toolbox/install/slam_toolbox:/home/fabian/yb_support/my_msgs/install/my_msgs:/home/fabian/yb_support/pointcloud_to_laserscan/install/pointcloud_to_laserscan:/home/fabian/yb_support/mecanum_drive_controller/install/mecanum_drive_controller:/home/fabian/ros2_ws/install/ros2_control_demo_example_2:/home/fabian/ros2_ws/install/ros2_control_demo_description:/home/fabian/yahboom_rosmaster/install/yahboom_rosmaster:/home/fabian/yahboom_rosmaster/install/yahboom_rosmaster_system_tests:/home/fabian/yahboom_rosmaster/install/yahboom_rosmaster_navigation:/home/fabian/yahboom_rosmaster/install/yahboom_rosmaster_msgs:/home/fabian/yahboom_rosmaster/install/yahboom_rosmaster_localization:/home/fabian/yahboom_rosmaster/install/yahboom_rosmaster_gazebo:/home/fabian/yahboom_rosmaster/install/yahboom_rosmaster_docking:/home/fabian/yahboom_rosmaster/install/yahboom_rosmaster_description:/home/fabian/yahboom_rosmaster/install/yahboom_rosmaster_bringup:/home/fabian/yahboom_rosmaster/install/mecanum_drive_controller:/home/fabian/cartesian_controllers/install/cartesian_compliance_controller:/home/fabian/cartesian_controllers/install/cartesian_motion_controller:/home/fabian/cartesian_controllers/install/cartesian_force_controller:/home/fabian/cartesian_controllers/install/cartesian_controller_utilities:/home/fabian/youbot_ws/install/youbot:/home/fabian/yb_support/urdf_parser_py/install/urdfdom_py:/home/fabian/yb_support/twist_stamper/install/twist_stamper:/home/fabian/yb_support/kdl_parser_py/install/kdl_parser_py:/opt/ros/rolling:/home/fabian/cartesian_controllers/install/cartesian_controller_tests:/home/fabian/cartesian_controllers/install/cartesian_controller_simulation:/home/fabian/cartesian_controllers/install/cartesian_controller_handles:/home/fabian/cartesian_controllers/install/cartesian_controller_base:/home/fabian/ros2_control_demos/example_7/install/ros2_control_demo_example_7:/home/fabian/yb_support/unilidar_sdk2/install/unitree_lidar_ros2:/home/fabian/fixslam/install/geometry_msgs:/home/fabian/fixslam/install/std_msgs:/opt/ros/rolling/opt/gz_sim_vendor:/opt/ros/rolling/opt/gz_sensors_vendor:/opt/ros/rolling/opt/gz_physics_vendor:/opt/ros/rolling/opt/sdformat_vendor:/opt/ros/rolling/opt/gz_gui_vendor:/opt/ros/rolling/opt/gz_transport_vendor:/opt/ros/rolling/opt/gz_rendering_vendor:/opt/ros/rolling/opt/gz_plugin_vendor:/opt/ros/rolling/opt/gz_fuel_tools_vendor:/opt/ros/rolling/opt/gz_msgs_vendor:/opt/ros/rolling/opt/gz_common_vendor:/opt/ros/rolling/opt/gz_math_vendor:/opt/ros/rolling/opt/gz_utils_vendor:/opt/ros/rolling/opt/gz_tools_vendor:/opt/ros/rolling/opt/gz_ogre_next_vendor:/opt/ros/rolling/opt/gz_dartsim_vendor:/opt/ros/rolling/opt/gz_cmake_vendor DEBUGINFOD_URLS=https://debuginfod.ubuntu.com LD_LIBRARY_PATH=/home/fabian/moveit2/install/moveit_ros_planning/lib:/home/fabian/moveit2/install/moveit_ros_occupancy_map_monitor/lib:/home/fabian/moveit2/install/moveit_core/lib:${LD_LIBRARY_PATH} PATH=/home/fabian/moveit2/install/moveit_core/bin:${PATH} PYTHONPATH=/home/fabian/moveit2/install/moveit_configs_utils/lib/python3.12/site-packages:${PYTHONPATH} /usr/bin/cmake --build /home/fabian/moveit2/build/moveit_planners_ompl -- -j7 -l7
[14.360s] [  2%] [32mBuilding CXX object gtest/CMakeFiles/gtest_main.dir/src/gtest_main.cc.o[0m
[14.380s] [  5%] [32mBuilding CXX object gtest/CMakeFiles/gtest.dir/src/gtest-all.cc.o[0m
[14.384s] [  7%] [32mBuilding CXX object ompl_interface/CMakeFiles/moveit_ompl_interface.dir/src/planning_context_manager.cpp.o[0m
[14.399s] [ 10%] [32mBuilding CXX object ompl_interface/CMakeFiles/moveit_ompl_interface.dir/src/ompl_interface.cpp.o[0m
[14.407s] [ 12%] [32mBuilding CXX object ompl_interface/CMakeFiles/moveit_ompl_interface.dir/src/parameterization/model_based_state_space.cpp.o[0m
[14.440s] [ 15%] [32mBuilding CXX object ompl_interface/CMakeFiles/moveit_ompl_interface.dir/src/model_based_planning_context.cpp.o[0m
[14.468s] [ 17%] [32mBuilding CXX object ompl_interface/CMakeFiles/moveit_ompl_interface.dir/src/parameterization/model_based_state_space_factory.cpp.o[0m
[22.107s] [ 20%] [32m[1mLinking CXX static library libgtest_main.a[0m
[22.565s] [ 20%] Built target gtest_main
[64.667s] [ 22%] [32m[1mLinking CXX static library libgtest.a[0m
[64.867s] [ 22%] Built target gtest
[86.820s] [ 25%] [32mBuilding CXX object ompl_interface/CMakeFiles/moveit_ompl_interface.dir/src/parameterization/work_space/pose_model_state_space_factory.cpp.o[0m
[101.365s] [ 27%] [32mBuilding CXX object ompl_interface/CMakeFiles/moveit_ompl_interface.dir/src/detail/ompl_constraints.cpp.o[0m
[121.499s] [ 30%] [32mBuilding CXX object ompl_interface/CMakeFiles/moveit_ompl_interface.dir/src/detail/threadsafe_state_storage.cpp.o[0m
[129.824s] [ 32%] [32mBuilding CXX object ompl_interface/CMakeFiles/moveit_ompl_interface.dir/src/detail/state_validity_checker.cpp.o[0m
[140.860s] [ 35%] [32mBuilding CXX object ompl_interface/CMakeFiles/moveit_ompl_interface.dir/src/detail/projection_evaluators.cpp.o[0m
[142.902s] [ 37%] [32mBuilding CXX object ompl_interface/CMakeFiles/moveit_ompl_interface.dir/src/parameterization/work_space/pose_model_state_space.cpp.o[0m
[144.933s] [ 40%] [32mBuilding CXX object ompl_interface/CMakeFiles/moveit_ompl_interface.dir/src/parameterization/joint_space/joint_model_state_space_factory.cpp.o[0m
[166.323s] [ 42%] [32mBuilding CXX object ompl_interface/CMakeFiles/moveit_ompl_interface.dir/src/detail/constrained_sampler.cpp.o[0m
[183.172s] [ 45%] [32mBuilding CXX object ompl_interface/CMakeFiles/moveit_ompl_interface.dir/src/detail/constrained_goal_sampler.cpp.o[0m
[183.173s] [ 47%] [32mBuilding CXX object ompl_interface/CMakeFiles/moveit_ompl_interface.dir/src/detail/goal_union.cpp.o[0m
[183.173s] [ 50%] [32mBuilding CXX object ompl_interface/CMakeFiles/moveit_ompl_interface.dir/src/detail/constraints_library.cpp.o[0m
[187.737s] [ 52%] [32mBuilding CXX object ompl_interface/CMakeFiles/moveit_ompl_interface.dir/src/parameterization/joint_space/joint_model_state_space.cpp.o[0m
[187.756s] [ 55%] [32mBuilding CXX object ompl_interface/CMakeFiles/moveit_ompl_interface.dir/src/parameterization/joint_space/constrained_planning_state_space_factory.cpp.o[0m
[204.003s] [ 57%] [32mBuilding CXX object ompl_interface/CMakeFiles/moveit_ompl_interface.dir/src/parameterization/joint_space/constrained_planning_state_space.cpp.o[0m
[216.416s] [ 60%] [32m[1mLinking CXX shared library libmoveit_ompl_interface.so[0m
[217.446s] [ 60%] Built target moveit_ompl_interface
[217.513s] [ 62%] [32mBuilding CXX object ompl_interface/CMakeFiles/test_planning_context_manager.dir/test/test_planning_context_manager.cpp.o[0m
[217.520s] [ 65%] [32mBuilding CXX object ompl_interface/CMakeFiles/test_state_space.dir/test/test_state_space.cpp.o[0m
[217.522s] [ 67%] [32mBuilding CXX object ompl_interface/CMakeFiles/moveit_generate_state_database.dir/scripts/generate_state_database.cpp.o[0m
[217.533s] [ 72%] [32mBuilding CXX object ompl_interface/CMakeFiles/test_state_validity_checker.dir/test/test_state_validity_checker.cpp.o[0m
[217.533s] [ 72%] [32mBuilding CXX object ompl_interface/CMakeFiles/moveit_ompl_planner_plugin.dir/src/ompl_planner_manager.cpp.o[0m
[217.560s] [ 75%] [32mBuilding CXX object ompl_interface/CMakeFiles/test_constrained_planning_state_space.dir/test/test_constrained_planning_state_space.cpp.o[0m
[218.648s] [ 77%] [32mBuilding CXX object ompl_interface/CMakeFiles/test_constrained_state_validity_checker.dir/test/test_constrained_state_validity_checker.cpp.o[0m
[221.914s] In file included from [01m[K/home/fabian/moveit2/install/moveit_ros_planning/include/moveit_ros_planning/moveit/planning_scene_monitor/planning_scene_monitor.hpp:40[m[K,
[221.914s]                  from [01m[K/home/fabian/moveit2/moveit_planners/ompl/ompl_interface/scripts/generate_state_database.cpp:42[m[K:
[221.914s] [01m[K/opt/ros/rolling/include/tf2_ros/tf2_ros/buffer.h:40:4:[m[K [01;35m[Kwarning: [m[K#warning BUFFER_HEADER_DEPRECATION [[01;35m[K]8;;https://gcc.gnu.org/onlinedocs/gcc/Warning-Options.html#index-Wcpp-Wcpp]8;;[m[K]
[221.915s]    40 |   #[01;35m[Kwarning[m[K BUFFER_HEADER_DEPRECATION
[221.915s]       |    [01;35m[K^~~~~~~[m[K
[222.049s] In file included from [01m[K/home/fabian/moveit2/install/moveit_ros_planning/include/moveit_ros_planning/moveit/planning_scene_monitor/planning_scene_monitor.hpp:41[m[K:
[222.049s] [01m[K/opt/ros/rolling/include/tf2_ros/tf2_ros/transform_listener.h:40:4:[m[K [01;35m[Kwarning: [m[K#warning TRANSFORM_LISTENER_HEADER_DEPRECATION [[01;35m[K]8;;https://gcc.gnu.org/onlinedocs/gcc/Warning-Options.html#index-Wcpp-Wcpp]8;;[m[K]
[222.049s]    40 |   #[01;35m[Kwarning[m[K TRANSFORM_LISTENER_HEADER_DEPRECATION
[222.049s]       |    [01;35m[K^~~~~~~[m[K
[247.824s] [ 80%] [32m[1mLinking CXX executable test_constrained_planning_state_space[0m
[249.087s] [ 82%] [32m[1mLinking CXX executable test_state_space[0m
[250.509s] [ 82%] Built target test_constrained_planning_state_space
[251.900s] [ 82%] Built target test_state_space
[252.994s] [ 85%] [32m[1mLinking CXX shared library libmoveit_ompl_planner_plugin.so[0m
[254.246s] [ 85%] Built target moveit_ompl_planner_plugin
[255.771s] [ 87%] [32m[1mLinking CXX executable test_constrained_state_validity_checker[0m
[256.864s] [ 90%] [32m[1mLinking CXX executable test_state_validity_checker[0m
[257.504s] [ 90%] Built target test_constrained_state_validity_checker
[258.025s] [ 92%] [32m[1mLinking CXX executable test_planning_context_manager[0m
[258.650s] [ 92%] Built target test_state_validity_checker
[259.292s] [ 92%] Built target test_planning_context_manager
[261.252s] [ 95%] [32m[1mLinking CXX executable generate_state_database[0m
[262.301s] [ 95%] Built target moveit_generate_state_database
[262.367s] [ 97%] [32mBuilding CXX object ompl_interface/CMakeFiles/test_threadsafe_state_storage.dir/test/test_threadsafe_state_storage.cpp.o[0m
[272.540s] [100%] [32m[1mLinking CXX executable test_threadsafe_state_storage[0m
[273.480s] [100%] Built target test_threadsafe_state_storage
[273.519s] Invoked command in '/home/fabian/moveit2/build/moveit_planners_ompl' returned '0': AMENT_PREFIX_PATH=/home/fabian/moveit2/install/moveit_ros_planning:/home/fabian/moveit2/install/moveit_ros_occupancy_map_monitor:/home/fabian/moveit2/install/moveit_core:/home/fabian/moveit2/install/moveit_configs_utils:/home/fabian/moveit2/install/moveit_common:${AMENT_PREFIX_PATH} CMAKE_PREFIX_PATH=/home/fabian/moveit2/install/moveit_ros_planning:/home/fabian/moveit2/install/moveit_ros_occupancy_map_monitor:/home/fabian/moveit2/install/moveit_core:/home/fabian/moveit2/install/moveit_common:/home/fabian/yb_support/ros_odrive/install/odrive_ros2_control:/home/fabian/yb_support/ros_odrive/install/odrive_can:/home/fabian/yb_support/slam_toolbox/install/slam_toolbox:/home/fabian/yb_support/my_msgs/install/my_msgs:/home/fabian/yb_support/pointcloud_to_laserscan/install/pointcloud_to_laserscan:/home/fabian/yb_support/mecanum_drive_controller/install/mecanum_drive_controller:/home/fabian/ros2_ws/install/ros2_control_demo_example_2:/home/fabian/ros2_ws/install/ros2_control_demo_description:/home/fabian/yahboom_rosmaster/install/yahboom_rosmaster:/home/fabian/yahboom_rosmaster/install/yahboom_rosmaster_system_tests:/home/fabian/yahboom_rosmaster/install/yahboom_rosmaster_navigation:/home/fabian/yahboom_rosmaster/install/yahboom_rosmaster_msgs:/home/fabian/yahboom_rosmaster/install/yahboom_rosmaster_localization:/home/fabian/yahboom_rosmaster/install/yahboom_rosmaster_gazebo:/home/fabian/yahboom_rosmaster/install/yahboom_rosmaster_docking:/home/fabian/yahboom_rosmaster/install/yahboom_rosmaster_description:/home/fabian/yahboom_rosmaster/install/yahboom_rosmaster_bringup:/home/fabian/yahboom_rosmaster/install/mecanum_drive_controller:/home/fabian/cartesian_controllers/install/cartesian_compliance_controller:/home/fabian/cartesian_controllers/install/cartesian_motion_controller:/home/fabian/cartesian_controllers/install/cartesian_force_controller:/home/fabian/cartesian_controllers/install/cartesian_controller_utilities:/home/fabian/youbot_ws/install/youbot:/home/fabian/yb_support/urdf_parser_py/install/urdfdom_py:/home/fabian/yb_support/twist_stamper/install/twist_stamper:/home/fabian/yb_support/kdl_parser_py/install/kdl_parser_py:/opt/ros/rolling:/home/fabian/cartesian_controllers/install/cartesian_controller_tests:/home/fabian/cartesian_controllers/install/cartesian_controller_simulation:/home/fabian/cartesian_controllers/install/cartesian_controller_handles:/home/fabian/cartesian_controllers/install/cartesian_controller_base:/home/fabian/ros2_control_demos/example_7/install/ros2_control_demo_example_7:/home/fabian/yb_support/unilidar_sdk2/install/unitree_lidar_ros2:/home/fabian/fixslam/install/geometry_msgs:/home/fabian/fixslam/install/std_msgs:/opt/ros/rolling/opt/gz_sim_vendor:/opt/ros/rolling/opt/gz_sensors_vendor:/opt/ros/rolling/opt/gz_physics_vendor:/opt/ros/rolling/opt/sdformat_vendor:/opt/ros/rolling/opt/gz_gui_vendor:/opt/ros/rolling/opt/gz_transport_vendor:/opt/ros/rolling/opt/gz_rendering_vendor:/opt/ros/rolling/opt/gz_plugin_vendor:/opt/ros/rolling/opt/gz_fuel_tools_vendor:/opt/ros/rolling/opt/gz_msgs_vendor:/opt/ros/rolling/opt/gz_common_vendor:/opt/ros/rolling/opt/gz_math_vendor:/opt/ros/rolling/opt/gz_utils_vendor:/opt/ros/rolling/opt/gz_tools_vendor:/opt/ros/rolling/opt/gz_ogre_next_vendor:/opt/ros/rolling/opt/gz_dartsim_vendor:/opt/ros/rolling/opt/gz_cmake_vendor DEBUGINFOD_URLS=https://debuginfod.ubuntu.com LD_LIBRARY_PATH=/home/fabian/moveit2/install/moveit_ros_planning/lib:/home/fabian/moveit2/install/moveit_ros_occupancy_map_monitor/lib:/home/fabian/moveit2/install/moveit_core/lib:${LD_LIBRARY_PATH} PATH=/home/fabian/moveit2/install/moveit_core/bin:${PATH} PYTHONPATH=/home/fabian/moveit2/install/moveit_configs_utils/lib/python3.12/site-packages:${PYTHONPATH} /usr/bin/cmake --build /home/fabian/moveit2/build/moveit_planners_ompl -- -j7 -l7
[273.523s] Invoking command in '/home/fabian/moveit2/build/moveit_planners_ompl': AMENT_PREFIX_PATH=/home/fabian/moveit2/install/moveit_ros_planning:/home/fabian/moveit2/install/moveit_ros_occupancy_map_monitor:/home/fabian/moveit2/install/moveit_core:/home/fabian/moveit2/install/moveit_configs_utils:/home/fabian/moveit2/install/moveit_common:${AMENT_PREFIX_PATH} CMAKE_PREFIX_PATH=/home/fabian/moveit2/install/moveit_ros_planning:/home/fabian/moveit2/install/moveit_ros_occupancy_map_monitor:/home/fabian/moveit2/install/moveit_core:/home/fabian/moveit2/install/moveit_common:/home/fabian/yb_support/ros_odrive/install/odrive_ros2_control:/home/fabian/yb_support/ros_odrive/install/odrive_can:/home/fabian/yb_support/slam_toolbox/install/slam_toolbox:/home/fabian/yb_support/my_msgs/install/my_msgs:/home/fabian/yb_support/pointcloud_to_laserscan/install/pointcloud_to_laserscan:/home/fabian/yb_support/mecanum_drive_controller/install/mecanum_drive_controller:/home/fabian/ros2_ws/install/ros2_control_demo_example_2:/home/fabian/ros2_ws/install/ros2_control_demo_description:/home/fabian/yahboom_rosmaster/install/yahboom_rosmaster:/home/fabian/yahboom_rosmaster/install/yahboom_rosmaster_system_tests:/home/fabian/yahboom_rosmaster/install/yahboom_rosmaster_navigation:/home/fabian/yahboom_rosmaster/install/yahboom_rosmaster_msgs:/home/fabian/yahboom_rosmaster/install/yahboom_rosmaster_localization:/home/fabian/yahboom_rosmaster/install/yahboom_rosmaster_gazebo:/home/fabian/yahboom_rosmaster/install/yahboom_rosmaster_docking:/home/fabian/yahboom_rosmaster/install/yahboom_rosmaster_description:/home/fabian/yahboom_rosmaster/install/yahboom_rosmaster_bringup:/home/fabian/yahboom_rosmaster/install/mecanum_drive_controller:/home/fabian/cartesian_controllers/install/cartesian_compliance_controller:/home/fabian/cartesian_controllers/install/cartesian_motion_controller:/home/fabian/cartesian_controllers/install/cartesian_force_controller:/home/fabian/cartesian_controllers/install/cartesian_controller_utilities:/home/fabian/youbot_ws/install/youbot:/home/fabian/yb_support/urdf_parser_py/install/urdfdom_py:/home/fabian/yb_support/twist_stamper/install/twist_stamper:/home/fabian/yb_support/kdl_parser_py/install/kdl_parser_py:/opt/ros/rolling:/home/fabian/cartesian_controllers/install/cartesian_controller_tests:/home/fabian/cartesian_controllers/install/cartesian_controller_simulation:/home/fabian/cartesian_controllers/install/cartesian_controller_handles:/home/fabian/cartesian_controllers/install/cartesian_controller_base:/home/fabian/ros2_control_demos/example_7/install/ros2_control_demo_example_7:/home/fabian/yb_support/unilidar_sdk2/install/unitree_lidar_ros2:/home/fabian/fixslam/install/geometry_msgs:/home/fabian/fixslam/install/std_msgs:/opt/ros/rolling/opt/gz_sim_vendor:/opt/ros/rolling/opt/gz_sensors_vendor:/opt/ros/rolling/opt/gz_physics_vendor:/opt/ros/rolling/opt/sdformat_vendor:/opt/ros/rolling/opt/gz_gui_vendor:/opt/ros/rolling/opt/gz_transport_vendor:/opt/ros/rolling/opt/gz_rendering_vendor:/opt/ros/rolling/opt/gz_plugin_vendor:/opt/ros/rolling/opt/gz_fuel_tools_vendor:/opt/ros/rolling/opt/gz_msgs_vendor:/opt/ros/rolling/opt/gz_common_vendor:/opt/ros/rolling/opt/gz_math_vendor:/opt/ros/rolling/opt/gz_utils_vendor:/opt/ros/rolling/opt/gz_tools_vendor:/opt/ros/rolling/opt/gz_ogre_next_vendor:/opt/ros/rolling/opt/gz_dartsim_vendor:/opt/ros/rolling/opt/gz_cmake_vendor DEBUGINFOD_URLS=https://debuginfod.ubuntu.com LD_LIBRARY_PATH=/home/fabian/moveit2/install/moveit_ros_planning/lib:/home/fabian/moveit2/install/moveit_ros_occupancy_map_monitor/lib:/home/fabian/moveit2/install/moveit_core/lib:${LD_LIBRARY_PATH} PATH=/home/fabian/moveit2/install/moveit_core/bin:${PATH} PYTHONPATH=/home/fabian/moveit2/install/moveit_configs_utils/lib/python3.12/site-packages:${PYTHONPATH} /usr/bin/cmake --install /home/fabian/moveit2/build/moveit_planners_ompl
[273.558s] -- Install configuration: "Release"
[273.560s] -- Installing: /home/fabian/moveit2/install/moveit_planners_ompl/lib/moveit_planners_ompl/generate_state_database
[273.563s] -- Set non-toolchain portion of runtime path of "/home/fabian/moveit2/install/moveit_planners_ompl/lib/moveit_planners_ompl/generate_state_database" to ""
[273.563s] -- Installing: /home/fabian/moveit2/install/moveit_planners_ompl/include/moveit_planners
[273.564s] -- Installing: /home/fabian/moveit2/install/moveit_planners_ompl/include/moveit_planners/moveit
[273.566s] -- Installing: /home/fabian/moveit2/install/moveit_planners_ompl/include/moveit_planners/moveit/ompl_interface
[273.566s] -- Installing: /home/fabian/moveit2/install/moveit_planners_ompl/include/moveit_planners/moveit/ompl_interface/planning_context_manager.h
[273.567s] -- Installing: /home/fabian/moveit2/install/moveit_planners_ompl/include/moveit_planners/moveit/ompl_interface/planning_context_manager.hpp
[273.567s] -- Installing: /home/fabian/moveit2/install/moveit_planners_ompl/include/moveit_planners/moveit/ompl_interface/ompl_interface.h
[273.568s] -- Installing: /home/fabian/moveit2/install/moveit_planners_ompl/include/moveit_planners/moveit/ompl_interface/detail
[273.568s] -- Installing: /home/fabian/moveit2/install/moveit_planners_ompl/include/moveit_planners/moveit/ompl_interface/detail/threadsafe_state_storage.hpp
[273.569s] -- Installing: /home/fabian/moveit2/install/moveit_planners_ompl/include/moveit_planners/moveit/ompl_interface/detail/ompl_constraints.hpp
[273.569s] -- Installing: /home/fabian/moveit2/install/moveit_planners_ompl/include/moveit_planners/moveit/ompl_interface/detail/constraint_approximations.hpp
[273.570s] -- Installing: /home/fabian/moveit2/install/moveit_planners_ompl/include/moveit_planners/moveit/ompl_interface/detail/projection_evaluators.h
[273.570s] -- Installing: /home/fabian/moveit2/install/moveit_planners_ompl/include/moveit_planners/moveit/ompl_interface/detail/constrained_goal_sampler.hpp
[273.571s] -- Installing: /home/fabian/moveit2/install/moveit_planners_ompl/include/moveit_planners/moveit/ompl_interface/detail/state_validity_checker.hpp
[273.571s] -- Installing: /home/fabian/moveit2/install/moveit_planners_ompl/include/moveit_planners/moveit/ompl_interface/detail/constrained_goal_sampler.h
[273.571s] -- Installing: /home/fabian/moveit2/install/moveit_planners_ompl/include/moveit_planners/moveit/ompl_interface/detail/constrained_sampler.h
[273.572s] -- Installing: /home/fabian/moveit2/install/moveit_planners_ompl/include/moveit_planners/moveit/ompl_interface/detail/constrained_sampler.hpp
[273.572s] -- Installing: /home/fabian/moveit2/install/moveit_planners_ompl/include/moveit_planners/moveit/ompl_interface/detail/ompl_constraints.h
[273.572s] -- Installing: /home/fabian/moveit2/install/moveit_planners_ompl/include/moveit_planners/moveit/ompl_interface/detail/projection_evaluators.hpp
[273.573s] -- Installing: /home/fabian/moveit2/install/moveit_planners_ompl/include/moveit_planners/moveit/ompl_interface/detail/constraint_approximations.h
[273.573s] -- Installing: /home/fabian/moveit2/install/moveit_planners_ompl/include/moveit_planners/moveit/ompl_interface/detail/constraints_library.hpp
[273.574s] -- Installing: /home/fabian/moveit2/install/moveit_planners_ompl/include/moveit_planners/moveit/ompl_interface/detail/goal_union.h
[273.574s] -- Installing: /home/fabian/moveit2/install/moveit_planners_ompl/include/moveit_planners/moveit/ompl_interface/detail/goal_union.hpp
[273.575s] -- Installing: /home/fabian/moveit2/install/moveit_planners_ompl/include/moveit_planners/moveit/ompl_interface/detail/constraints_library.h
[273.575s] -- Installing: /home/fabian/moveit2/install/moveit_planners_ompl/include/moveit_planners/moveit/ompl_interface/detail/state_validity_checker.h
[273.576s] -- Installing: /home/fabian/moveit2/install/moveit_planners_ompl/include/moveit_planners/moveit/ompl_interface/detail/threadsafe_state_storage.h
[273.576s] -- Installing: /home/fabian/moveit2/install/moveit_planners_ompl/include/moveit_planners/moveit/ompl_interface/ompl_interface.hpp
[273.576s] -- Installing: /home/fabian/moveit2/install/moveit_planners_ompl/include/moveit_planners/moveit/ompl_interface/model_based_planning_context.hpp
[273.576s] -- Installing: /home/fabian/moveit2/install/moveit_planners_ompl/include/moveit_planners/moveit/ompl_interface/parameterization
[273.577s] -- Installing: /home/fabian/moveit2/install/moveit_planners_ompl/include/moveit_planners/moveit/ompl_interface/parameterization/joint_space
[273.578s] -- Installing: /home/fabian/moveit2/install/moveit_planners_ompl/include/moveit_planners/moveit/ompl_interface/parameterization/joint_space/joint_model_state_space.h
[273.578s] -- Installing: /home/fabian/moveit2/install/moveit_planners_ompl/include/moveit_planners/moveit/ompl_interface/parameterization/joint_space/joint_model_state_space.hpp
[273.578s] -- Installing: /home/fabian/moveit2/install/moveit_planners_ompl/include/moveit_planners/moveit/ompl_interface/parameterization/joint_space/constrained_planning_state_space.h
[273.579s] -- Installing: /home/fabian/moveit2/install/moveit_planners_ompl/include/moveit_planners/moveit/ompl_interface/parameterization/joint_space/constrained_planning_state_space_factory.h
[273.579s] -- Installing: /home/fabian/moveit2/install/moveit_planners_ompl/include/moveit_planners/moveit/ompl_interface/parameterization/joint_space/constrained_planning_state_space_factory.hpp
[273.579s] -- Installing: /home/fabian/moveit2/install/moveit_planners_ompl/include/moveit_planners/moveit/ompl_interface/parameterization/joint_space/joint_model_state_space_factory.hpp
[273.580s] -- Installing: /home/fabian/moveit2/install/moveit_planners_ompl/include/moveit_planners/moveit/ompl_interface/parameterization/joint_space/constrained_planning_state_space.hpp
[273.580s] -- Installing: /home/fabian/moveit2/install/moveit_planners_ompl/include/moveit_planners/moveit/ompl_interface/parameterization/joint_space/joint_model_state_space_factory.h
[273.581s] -- Installing: /home/fabian/moveit2/install/moveit_planners_ompl/include/moveit_planners/moveit/ompl_interface/parameterization/work_space
[273.582s] -- Installing: /home/fabian/moveit2/install/moveit_planners_ompl/include/moveit_planners/moveit/ompl_interface/parameterization/work_space/pose_model_state_space_factory.hpp
[273.582s] -- Installing: /home/fabian/moveit2/install/moveit_planners_ompl/include/moveit_planners/moveit/ompl_interface/parameterization/work_space/pose_model_state_space.h
[273.583s] -- Installing: /home/fabian/moveit2/install/moveit_planners_ompl/include/moveit_planners/moveit/ompl_interface/parameterization/work_space/pose_model_state_space.hpp
[273.583s] -- Installing: /home/fabian/moveit2/install/moveit_planners_ompl/include/moveit_planners/moveit/ompl_interface/parameterization/work_space/pose_model_state_space_factory.h
[273.583s] -- Installing: /home/fabian/moveit2/install/moveit_planners_ompl/include/moveit_planners/moveit/ompl_interface/parameterization/model_based_state_space_factory.hpp
[273.584s] -- Installing: /home/fabian/moveit2/install/moveit_planners_ompl/include/moveit_planners/moveit/ompl_interface/parameterization/model_based_state_space_factory.h
[273.585s] -- Installing: /home/fabian/moveit2/install/moveit_planners_ompl/include/moveit_planners/moveit/ompl_interface/parameterization/model_based_state_space.hpp
[273.586s] -- Installing: /home/fabian/moveit2/install/moveit_planners_ompl/include/moveit_planners/moveit/ompl_interface/parameterization/model_based_state_space.h
[273.586s] -- Installing: /home/fabian/moveit2/install/moveit_planners_ompl/include/moveit_planners/moveit/ompl_interface/model_based_planning_context.h
[273.587s] -- Installing: /home/fabian/moveit2/install/moveit_planners_ompl/lib/libmoveit_ompl_interface.so.2.14.0
[273.593s] -- Set non-toolchain portion of runtime path of "/home/fabian/moveit2/install/moveit_planners_ompl/lib/libmoveit_ompl_interface.so.2.14.0" to ""
[273.593s] -- Installing: /home/fabian/moveit2/install/moveit_planners_ompl/lib/libmoveit_ompl_interface.so
[273.594s] -- Installing: /home/fabian/moveit2/install/moveit_planners_ompl/lib/libmoveit_ompl_planner_plugin.so.2.14.0
[273.595s] -- Set non-toolchain portion of runtime path of "/home/fabian/moveit2/install/moveit_planners_ompl/lib/libmoveit_ompl_planner_plugin.so.2.14.0" to ""
[273.595s] -- Installing: /home/fabian/moveit2/install/moveit_planners_ompl/lib/libmoveit_ompl_planner_plugin.so
[273.598s] -- Installing: /home/fabian/moveit2/install/moveit_planners_ompl/share/moveit_planners_ompl/environment/library_path.sh
[273.599s] -- Installing: /home/fabian/moveit2/install/moveit_planners_ompl/share/moveit_planners_ompl/environment/library_path.dsv
[273.600s] -- Installing: /home/fabian/moveit2/install/moveit_planners_ompl/share/moveit_planners_ompl/ompl_interface_plugin_description.xml
[273.602s] -- Installing: /home/fabian/moveit2/install/moveit_planners_ompl/share/ament_index/resource_index/package_run_dependencies/moveit_planners_ompl
[273.602s] -- Installing: /home/fabian/moveit2/install/moveit_planners_ompl/share/ament_index/resource_index/parent_prefix_path/moveit_planners_ompl
[273.603s] -- Installing: /home/fabian/moveit2/install/moveit_planners_ompl/share/moveit_planners_ompl/environment/ament_prefix_path.sh
[273.603s] -- Installing: /home/fabian/moveit2/install/moveit_planners_ompl/share/moveit_planners_ompl/environment/ament_prefix_path.dsv
[273.603s] -- Installing: /home/fabian/moveit2/install/moveit_planners_ompl/share/moveit_planners_ompl/environment/path.sh
[273.604s] -- Installing: /home/fabian/moveit2/install/moveit_planners_ompl/share/moveit_planners_ompl/environment/path.dsv
[273.604s] -- Installing: /home/fabian/moveit2/install/moveit_planners_ompl/share/moveit_planners_ompl/local_setup.bash
[273.604s] -- Installing: /home/fabian/moveit2/install/moveit_planners_ompl/share/moveit_planners_ompl/local_setup.sh
[273.605s] -- Installing: /home/fabian/moveit2/install/moveit_planners_ompl/share/moveit_planners_ompl/local_setup.zsh
[273.605s] -- Installing: /home/fabian/moveit2/install/moveit_planners_ompl/share/moveit_planners_ompl/local_setup.dsv
[273.606s] -- Installing: /home/fabian/moveit2/install/moveit_planners_ompl/share/moveit_planners_ompl/package.dsv
[273.606s] -- Installing: /home/fabian/moveit2/install/moveit_planners_ompl/share/ament_index/resource_index/packages/moveit_planners_ompl
[273.607s] -- Installing: /home/fabian/moveit2/install/moveit_planners_ompl/share/ament_index/resource_index/moveit_core__pluginlib__plugin/moveit_planners_ompl
[273.609s] -- Installing: /home/fabian/moveit2/install/moveit_planners_ompl/share/moveit_planners_ompl/cmake/moveit_planners_omplTargetsExport.cmake
[273.609s] -- Installing: /home/fabian/moveit2/install/moveit_planners_ompl/share/moveit_planners_ompl/cmake/moveit_planners_omplTargetsExport-release.cmake
[273.609s] -- Installing: /home/fabian/moveit2/install/moveit_planners_ompl/share/moveit_planners_ompl/cmake/ament_cmake_export_targets-extras.cmake
[273.610s] -- Installing: /home/fabian/moveit2/install/moveit_planners_ompl/share/moveit_planners_ompl/cmake/ament_cmake_export_dependencies-extras.cmake
[273.610s] -- Installing: /home/fabian/moveit2/install/moveit_planners_ompl/share/moveit_planners_ompl/cmake/moveit_planners_omplConfig.cmake
[273.610s] -- Installing: /home/fabian/moveit2/install/moveit_planners_ompl/share/moveit_planners_ompl/cmake/moveit_planners_omplConfig-version.cmake
[273.611s] -- Installing: /home/fabian/moveit2/install/moveit_planners_ompl/share/moveit_planners_ompl/package.xml
[273.615s] Invoked command in '/home/fabian/moveit2/build/moveit_planners_ompl' returned '0': AMENT_PREFIX_PATH=/home/fabian/moveit2/install/moveit_ros_planning:/home/fabian/moveit2/install/moveit_ros_occupancy_map_monitor:/home/fabian/moveit2/install/moveit_core:/home/fabian/moveit2/install/moveit_configs_utils:/home/fabian/moveit2/install/moveit_common:${AMENT_PREFIX_PATH} CMAKE_PREFIX_PATH=/home/fabian/moveit2/install/moveit_ros_planning:/home/fabian/moveit2/install/moveit_ros_occupancy_map_monitor:/home/fabian/moveit2/install/moveit_core:/home/fabian/moveit2/install/moveit_common:/home/fabian/yb_support/ros_odrive/install/odrive_ros2_control:/home/fabian/yb_support/ros_odrive/install/odrive_can:/home/fabian/yb_support/slam_toolbox/install/slam_toolbox:/home/fabian/yb_support/my_msgs/install/my_msgs:/home/fabian/yb_support/pointcloud_to_laserscan/install/pointcloud_to_laserscan:/home/fabian/yb_support/mecanum_drive_controller/install/mecanum_drive_controller:/home/fabian/ros2_ws/install/ros2_control_demo_example_2:/home/fabian/ros2_ws/install/ros2_control_demo_description:/home/fabian/yahboom_rosmaster/install/yahboom_rosmaster:/home/fabian/yahboom_rosmaster/install/yahboom_rosmaster_system_tests:/home/fabian/yahboom_rosmaster/install/yahboom_rosmaster_navigation:/home/fabian/yahboom_rosmaster/install/yahboom_rosmaster_msgs:/home/fabian/yahboom_rosmaster/install/yahboom_rosmaster_localization:/home/fabian/yahboom_rosmaster/install/yahboom_rosmaster_gazebo:/home/fabian/yahboom_rosmaster/install/yahboom_rosmaster_docking:/home/fabian/yahboom_rosmaster/install/yahboom_rosmaster_description:/home/fabian/yahboom_rosmaster/install/yahboom_rosmaster_bringup:/home/fabian/yahboom_rosmaster/install/mecanum_drive_controller:/home/fabian/cartesian_controllers/install/cartesian_compliance_controller:/home/fabian/cartesian_controllers/install/cartesian_motion_controller:/home/fabian/cartesian_controllers/install/cartesian_force_controller:/home/fabian/cartesian_controllers/install/cartesian_controller_utilities:/home/fabian/youbot_ws/install/youbot:/home/fabian/yb_support/urdf_parser_py/install/urdfdom_py:/home/fabian/yb_support/twist_stamper/install/twist_stamper:/home/fabian/yb_support/kdl_parser_py/install/kdl_parser_py:/opt/ros/rolling:/home/fabian/cartesian_controllers/install/cartesian_controller_tests:/home/fabian/cartesian_controllers/install/cartesian_controller_simulation:/home/fabian/cartesian_controllers/install/cartesian_controller_handles:/home/fabian/cartesian_controllers/install/cartesian_controller_base:/home/fabian/ros2_control_demos/example_7/install/ros2_control_demo_example_7:/home/fabian/yb_support/unilidar_sdk2/install/unitree_lidar_ros2:/home/fabian/fixslam/install/geometry_msgs:/home/fabian/fixslam/install/std_msgs:/opt/ros/rolling/opt/gz_sim_vendor:/opt/ros/rolling/opt/gz_sensors_vendor:/opt/ros/rolling/opt/gz_physics_vendor:/opt/ros/rolling/opt/sdformat_vendor:/opt/ros/rolling/opt/gz_gui_vendor:/opt/ros/rolling/opt/gz_transport_vendor:/opt/ros/rolling/opt/gz_rendering_vendor:/opt/ros/rolling/opt/gz_plugin_vendor:/opt/ros/rolling/opt/gz_fuel_tools_vendor:/opt/ros/rolling/opt/gz_msgs_vendor:/opt/ros/rolling/opt/gz_common_vendor:/opt/ros/rolling/opt/gz_math_vendor:/opt/ros/rolling/opt/gz_utils_vendor:/opt/ros/rolling/opt/gz_tools_vendor:/opt/ros/rolling/opt/gz_ogre_next_vendor:/opt/ros/rolling/opt/gz_dartsim_vendor:/opt/ros/rolling/opt/gz_cmake_vendor DEBUGINFOD_URLS=https://debuginfod.ubuntu.com LD_LIBRARY_PATH=/home/fabian/moveit2/install/moveit_ros_planning/lib:/home/fabian/moveit2/install/moveit_ros_occupancy_map_monitor/lib:/home/fabian/moveit2/install/moveit_core/lib:${LD_LIBRARY_PATH} PATH=/home/fabian/moveit2/install/moveit_core/bin:${PATH} PYTHONPATH=/home/fabian/moveit2/install/moveit_configs_utils/lib/python3.12/site-packages:${PYTHONPATH} /usr/bin/cmake --install /home/fabian/moveit2/build/moveit_planners_ompl
