[5.684s] Invoking command in '/home/fabian/moveit2/build/moveit_setup_srdf_plugins': AMENT_PREFIX_PATH=/home/fabian/moveit2/install/moveit_setup_framework:/home/fabian/moveit2/install/moveit_ros_visualization:/home/fabian/moveit2/install/moveit_ros_planning_interface:/home/fabian/moveit2/install/moveit_ros_move_group:/home/fabian/moveit2/install/moveit_ros_warehouse:/home/fabian/moveit2/install/moveit_ros_robot_interaction:/home/fabian/moveit2/install/moveit_kinematics:/home/fabian/moveit2/install/moveit_ros_planning:/home/fabian/moveit2/install/moveit_simple_controller_manager:/home/fabian/moveit2/install/moveit_ros_occupancy_map_monitor:/home/fabian/moveit2/install/moveit_core:/home/fabian/moveit2/install/moveit_configs_utils:/home/fabian/moveit2/install/moveit_common:${AMENT_PREFIX_PATH} CMAKE_PREFIX_PATH=/home/fabian/moveit2/install/moveit_setup_framework:/home/fabian/moveit2/install/moveit_ros_visualization:/home/fabian/moveit2/install/moveit_ros_planning_interface:/home/fabian/moveit2/install/moveit_ros_move_group:/home/fabian/moveit2/install/moveit_ros_warehouse:/home/fabian/moveit2/install/moveit_ros_robot_interaction:/home/fabian/moveit2/install/moveit_kinematics:/home/fabian/moveit2/install/moveit_ros_planning:/home/fabian/moveit2/install/moveit_simple_controller_manager:/home/fabian/moveit2/install/moveit_ros_occupancy_map_monitor:/home/fabian/moveit2/install/moveit_core:/home/fabian/moveit2/install/moveit_common:/home/fabian/yb_support/ros_odrive/install/odrive_ros2_control:/home/fabian/yb_support/ros_odrive/install/odrive_can:/home/fabian/yb_support/slam_toolbox/install/slam_toolbox:/home/fabian/yb_support/my_msgs/install/my_msgs:/home/fabian/yb_support/pointcloud_to_laserscan/install/pointcloud_to_laserscan:/home/fabian/yb_support/mecanum_drive_controller/install/mecanum_drive_controller:/home/fabian/ros2_ws/install/ros2_control_demo_example_2:/home/fabian/ros2_ws/install/ros2_control_demo_description:/home/fabian/yahboom_rosmaster/install/yahboom_rosmaster:/home/fabian/yahboom_rosmaster/install/yahboom_rosmaster_system_tests:/home/fabian/yahboom_rosmaster/install/yahboom_rosmaster_navigation:/home/fabian/yahboom_rosmaster/install/yahboom_rosmaster_msgs:/home/fabian/yahboom_rosmaster/install/yahboom_rosmaster_localization:/home/fabian/yahboom_rosmaster/install/yahboom_rosmaster_gazebo:/home/fabian/yahboom_rosmaster/install/yahboom_rosmaster_docking:/home/fabian/yahboom_rosmaster/install/yahboom_rosmaster_description:/home/fabian/yahboom_rosmaster/install/yahboom_rosmaster_bringup:/home/fabian/yahboom_rosmaster/install/mecanum_drive_controller:/home/fabian/cartesian_controllers/install/cartesian_compliance_controller:/home/fabian/cartesian_controllers/install/cartesian_motion_controller:/home/fabian/cartesian_controllers/install/cartesian_force_controller:/home/fabian/cartesian_controllers/install/cartesian_controller_utilities:/home/fabian/youbot_ws/install/youbot:/home/fabian/yb_support/urdf_parser_py/install/urdfdom_py:/home/fabian/yb_support/twist_stamper/install/twist_stamper:/home/fabian/yb_support/kdl_parser_py/install/kdl_parser_py:/opt/ros/rolling:/home/fabian/cartesian_controllers/install/cartesian_controller_tests:/home/fabian/cartesian_controllers/install/cartesian_controller_simulation:/home/fabian/cartesian_controllers/install/cartesian_controller_handles:/home/fabian/cartesian_controllers/install/cartesian_controller_base:/home/fabian/ros2_control_demos/example_7/install/ros2_control_demo_example_7:/home/fabian/yb_support/unilidar_sdk2/install/unitree_lidar_ros2:/home/fabian/fixslam/install/geometry_msgs:/home/fabian/fixslam/install/std_msgs:/opt/ros/rolling/opt/gz_sim_vendor:/opt/ros/rolling/opt/gz_sensors_vendor:/opt/ros/rolling/opt/gz_physics_vendor:/opt/ros/rolling/opt/sdformat_vendor:/opt/ros/rolling/opt/gz_gui_vendor:/opt/ros/rolling/opt/gz_transport_vendor:/opt/ros/rolling/opt/gz_rendering_vendor:/opt/ros/rolling/opt/gz_plugin_vendor:/opt/ros/rolling/opt/gz_fuel_tools_vendor:/opt/ros/rolling/opt/gz_msgs_vendor:/opt/ros/rolling/opt/gz_common_vendor:/opt/ros/rolling/opt/gz_math_vendor:/opt/ros/rolling/opt/gz_utils_vendor:/opt/ros/rolling/opt/gz_tools_vendor:/opt/ros/rolling/opt/gz_ogre_next_vendor:/opt/ros/rolling/opt/gz_dartsim_vendor:/opt/ros/rolling/opt/gz_cmake_vendor DEBUGINFOD_URLS=https://debuginfod.ubuntu.com LD_LIBRARY_PATH=/home/fabian/moveit2/install/moveit_setup_framework/lib:/home/fabian/moveit2/install/moveit_ros_visualization/lib:/home/fabian/moveit2/install/moveit_ros_planning_interface/lib:/home/fabian/moveit2/install/moveit_ros_move_group/lib:/home/fabian/moveit2/install/moveit_ros_warehouse/lib:/home/fabian/moveit2/install/moveit_ros_robot_interaction/lib:/home/fabian/moveit2/install/moveit_kinematics/lib:/home/fabian/moveit2/install/moveit_ros_planning/lib:/home/fabian/moveit2/install/moveit_simple_controller_manager/lib:/home/fabian/moveit2/install/moveit_ros_occupancy_map_monitor/lib:/home/fabian/moveit2/install/moveit_core/lib:${LD_LIBRARY_PATH} PATH=/home/fabian/moveit2/install/moveit_core/bin:${PATH} PYTHONPATH=/home/fabian/moveit2/install/moveit_configs_utils/lib/python3.12/site-packages:${PYTHONPATH} /usr/bin/cmake /home/fabian/moveit2/moveit_setup_assistant/moveit_setup_srdf_plugins -DCMAKE_INSTALL_PREFIX=/home/fabian/moveit2/install/moveit_setup_srdf_plugins
[6.476s] -- The CXX compiler identification is GNU 13.3.0
[8.276s] -- Detecting CXX compiler ABI info
[9.462s] -- Detecting CXX compiler ABI info - done
[9.495s] -- Check for working CXX compiler: /usr/bin/c++ - skipped
[9.496s] -- Detecting CXX compile features
[9.497s] -- Detecting CXX compile features - done
[9.504s] -- Found moveit_common: 2.14.0 (/home/fabian/moveit2/install/moveit_common/share/moveit_common/cmake)
[9.519s] -- Found ament_cmake: 2.8.4 (/opt/ros/rolling/share/ament_cmake/cmake)
[10.360s] -- Found Python3: /usr/bin/python3 (found version "3.12.3") found components: Interpreter 
[11.197s] -- Found ament_cmake_ros: 0.15.2 (/opt/ros/rolling/share/ament_cmake_ros/cmake)
[11.254s] -- Found moveit_setup_framework: 2.14.0 (/home/fabian/moveit2/install/moveit_setup_framework/share/moveit_setup_framework/cmake)
[11.897s] -- Found rosidl_generator_c: 5.0.1 (/opt/ros/rolling/share/rosidl_generator_c/cmake)
[11.958s] -- Found rosidl_generator_cpp: 5.0.1 (/opt/ros/rolling/share/rosidl_generator_cpp/cmake)
[12.042s] -- Using all available rosidl_typesupport_c: rosidl_typesupport_fastrtps_c;rosidl_typesupport_introspection_c
[12.120s] -- Using all available rosidl_typesupport_cpp: rosidl_typesupport_fastrtps_cpp;rosidl_typesupport_introspection_cpp
[12.371s] -- Found rmw_implementation_cmake: 7.9.0 (/opt/ros/rolling/share/rmw_implementation_cmake/cmake)
[12.389s] -- Found rmw_fastrtps_cpp: 9.4.2 (/opt/ros/rolling/share/rmw_fastrtps_cpp/cmake)
[12.736s] -- Found OpenSSL: /usr/lib/x86_64-linux-gnu/libcrypto.so (found version "3.0.13")  
[12.774s] -- Using RMW implementation 'rmw_fastrtps_cpp' as default
[14.749s] -- Found Boost: /usr/lib/x86_64-linux-gnu/cmake/Boost-1.83.0/BoostConfig.cmake (found version "1.83.0") found components: chrono date_time filesystem iostreams program_options regex serialization system thread 
[18.416s] -- Found parameter_traits: 0.5.0 (/opt/ros/rolling/share/parameter_traits/cmake)
[18.504s] -- Found rclcpp_lifecycle: 30.1.0 (/opt/ros/rolling/share/rclcpp_lifecycle/cmake)
[18.854s] -- Found Boost: /usr/lib/x86_64-linux-gnu/cmake/Boost-1.83.0/BoostConfig.cmake (found version "1.83.0") found components: random 
[19.276s] -- Found Eigen3: TRUE (found version "3.4.0") 
[19.276s] -- Ensuring Eigen3 include directory is part of orocos-kdl CMake target
[20.650s] -- Found Boost: /usr/lib/x86_64-linux-gnu/cmake/Boost-1.83.0/BoostConfig.cmake (found version "1.83.0") found components: system filesystem date_time program_options thread chrono 
[20.844s] -- Found Boost: /usr/lib/x86_64-linux-gnu/cmake/Boost-1.83.0/BoostConfig.cmake (found version "1.83.0") found components: thread date_time system filesystem 
[20.931s] -- Found Boost: /usr/lib/x86_64-linux-gnu/cmake/Boost-1.83.0/BoostConfig.cmake (found version "1.83.0") found components: date_time filesystem program_options system thread 
[20.971s] -- Found Boost: /usr/lib/x86_64-linux-gnu/cmake/Boost-1.83.0/BoostConfig.cmake (found version "1.83.0") found components: thread system filesystem regex date_time program_options 
[21.056s] -- Found Boost: /usr/lib/x86_64-linux-gnu/cmake/Boost-1.83.0/BoostConfig.cmake (found version "1.83.0") found components: system filesystem date_time program_options thread 
[21.297s] -- Setting OGRE_DIR to: '/opt/ros/rolling/share/rviz_ogre_vendor/cmake/../../../opt/rviz_ogre_vendor/lib/OGRE/cmake'
[21.302s] -- Found OGRE
[21.302s] --   static     : OFF
[21.302s] --   components : MeshLodGenerator;Overlay;Paging;Property;RTShaderSystem;Terrain;Volume
[21.304s] --   plugins    : Plugin_BSPSceneManager;Plugin_OctreeSceneManager;Plugin_PCZSceneManager;Plugin_ParticleFX;RenderSystem_GL;RenderSystem_GL3Plus;Codec_STBI
[21.307s] --   media      : /opt/ros/rolling/opt/rviz_ogre_vendor/share/OGRE/Media
[21.307s] -- OGRE_LIBRARIES: OgreMeshLodGenerator;OgreOverlay;OgrePaging;OgreProperty;OgreRTShaderSystem;OgreTerrain;OgreVolume;OgreMain
[21.307s] -- OGRE_LIBRARY_DIRS: /opt/ros/rolling/opt/rviz_ogre_vendor/lib
[21.308s] -- OGRE_PLUGINS: Plugin_BSPSceneManager;Plugin_OctreeSceneManager;Plugin_PCZSceneManager;Plugin_ParticleFX;RenderSystem_GL;RenderSystem_GL3Plus;Codec_STBI
[21.309s] -- OGRE_PLUGIN_DIR: /opt/ros/rolling/opt/rviz_ogre_vendor/lib/OGRE
[21.309s] -- rviz_ogre_vendor::OgreOverlay for IMPORTED_LOCATION_RELEASE: /opt/ros/rolling/opt/rviz_ogre_vendor/lib/libOgreOverlay.so
[21.309s] -- rviz_ogre_vendor::OgreOverlay for IMPORTED_LOCATION_DEBUG: /opt/ros/rolling/opt/rviz_ogre_vendor/lib/libOgreOverlay.so
[21.309s] -- rviz_ogre_vendor::OgreMain for IMPORTED_LOCATION_RELEASE: /opt/ros/rolling/opt/rviz_ogre_vendor/lib/libOgreMain.so
[21.309s] -- rviz_ogre_vendor::OgreMain for IMPORTED_LOCATION_DEBUG: /opt/ros/rolling/opt/rviz_ogre_vendor/lib/libOgreMain.so
[27.319s] -- Found ZLIB: /usr/lib/x86_64-linux-gnu/libz.so (found version "1.3")  
[28.585s] -- Found OpenGL: /usr/lib/x86_64-linux-gnu/libOpenGL.so   
[40.857s] -- Found X11: /usr/include   
[40.857s] -- Looking for XOpenDisplay in /usr/lib/x86_64-linux-gnu/libX11.so;/usr/lib/x86_64-linux-gnu/libXext.so
[41.396s] -- Looking for XOpenDisplay in /usr/lib/x86_64-linux-gnu/libX11.so;/usr/lib/x86_64-linux-gnu/libXext.so - found
[41.405s] -- Looking for gethostbyname
[41.994s] -- Looking for gethostbyname - found
[41.995s] -- Looking for connect
[42.536s] -- Looking for connect - found
[42.536s] -- Looking for remove
[43.024s] -- Looking for remove - found
[43.024s] -- Looking for shmat
[43.483s] -- Looking for shmat - found
[43.483s] -- Looking for IceConnectionNumber in ICE
[43.753s] [0mmoveit_setup_srdf_plugins: You did not request a specific build type: Choosing 'Release' for maximum performance[0m
[44.045s] -- Looking for IceConnectionNumber in ICE - found
[44.274s] -- Setting yaml-cpp_DIR to: '/opt/ros/rolling/share/yaml_cpp_vendor/cmake/../../../opt/yaml_cpp_vendor/share/cmake/yaml-cpp'
[44.707s] [0mCMake Deprecation Warning at /opt/ros/rolling/share/ament_cmake_target_dependencies/cmake/ament_target_dependencies.cmake:87 (message):
[44.707s]   ament_target_dependencies() is deprecated.  Use target_link_libraries()
[44.707s]   with modern CMake targets instead.  Try replacing this call with:
[44.707s] 
[44.707s]     target_link_libraries(moveit_setup_srdf_plugins PUBLIC
[44.707s]       moveit_setup_framework::moveit_setup_framework
[44.707s]       pluginlib::pluginlib
[44.708s]     )
[44.708s] 
[44.708s] Call Stack (most recent call first):
[44.708s]   CMakeLists.txt:53 (ament_target_dependencies)
[44.708s] 
[44.708s] [0m
[44.756s] -- Found gtest sources under '/opt/ros/rolling/src/gtest_vendor': C++ tests using 'Google Test' will be built
[45.160s] -- The C compiler identification is GNU 13.3.0
[45.938s] -- Detecting C compiler ABI info
[46.762s] -- Detecting C compiler ABI info - done
[46.787s] -- Check for working C compiler: /usr/bin/cc - skipped
[46.788s] -- Detecting C compile features
[46.789s] -- Detecting C compile features - done
[46.797s] -- Found Threads: TRUE  
[46.810s] -- Configuring done (41.1s)
[47.126s] -- Generating done (0.3s)
[47.144s] -- Build files have been written to: /home/fabian/moveit2/build/moveit_setup_srdf_plugins
[47.179s] Invoked command in '/home/fabian/moveit2/build/moveit_setup_srdf_plugins' returned '0': AMENT_PREFIX_PATH=/home/fabian/moveit2/install/moveit_setup_framework:/home/fabian/moveit2/install/moveit_ros_visualization:/home/fabian/moveit2/install/moveit_ros_planning_interface:/home/fabian/moveit2/install/moveit_ros_move_group:/home/fabian/moveit2/install/moveit_ros_warehouse:/home/fabian/moveit2/install/moveit_ros_robot_interaction:/home/fabian/moveit2/install/moveit_kinematics:/home/fabian/moveit2/install/moveit_ros_planning:/home/fabian/moveit2/install/moveit_simple_controller_manager:/home/fabian/moveit2/install/moveit_ros_occupancy_map_monitor:/home/fabian/moveit2/install/moveit_core:/home/fabian/moveit2/install/moveit_configs_utils:/home/fabian/moveit2/install/moveit_common:${AMENT_PREFIX_PATH} CMAKE_PREFIX_PATH=/home/fabian/moveit2/install/moveit_setup_framework:/home/fabian/moveit2/install/moveit_ros_visualization:/home/fabian/moveit2/install/moveit_ros_planning_interface:/home/fabian/moveit2/install/moveit_ros_move_group:/home/fabian/moveit2/install/moveit_ros_warehouse:/home/fabian/moveit2/install/moveit_ros_robot_interaction:/home/fabian/moveit2/install/moveit_kinematics:/home/fabian/moveit2/install/moveit_ros_planning:/home/fabian/moveit2/install/moveit_simple_controller_manager:/home/fabian/moveit2/install/moveit_ros_occupancy_map_monitor:/home/fabian/moveit2/install/moveit_core:/home/fabian/moveit2/install/moveit_common:/home/fabian/yb_support/ros_odrive/install/odrive_ros2_control:/home/fabian/yb_support/ros_odrive/install/odrive_can:/home/fabian/yb_support/slam_toolbox/install/slam_toolbox:/home/fabian/yb_support/my_msgs/install/my_msgs:/home/fabian/yb_support/pointcloud_to_laserscan/install/pointcloud_to_laserscan:/home/fabian/yb_support/mecanum_drive_controller/install/mecanum_drive_controller:/home/fabian/ros2_ws/install/ros2_control_demo_example_2:/home/fabian/ros2_ws/install/ros2_control_demo_description:/home/fabian/yahboom_rosmaster/install/yahboom_rosmaster:/home/fabian/yahboom_rosmaster/install/yahboom_rosmaster_system_tests:/home/fabian/yahboom_rosmaster/install/yahboom_rosmaster_navigation:/home/fabian/yahboom_rosmaster/install/yahboom_rosmaster_msgs:/home/fabian/yahboom_rosmaster/install/yahboom_rosmaster_localization:/home/fabian/yahboom_rosmaster/install/yahboom_rosmaster_gazebo:/home/fabian/yahboom_rosmaster/install/yahboom_rosmaster_docking:/home/fabian/yahboom_rosmaster/install/yahboom_rosmaster_description:/home/fabian/yahboom_rosmaster/install/yahboom_rosmaster_bringup:/home/fabian/yahboom_rosmaster/install/mecanum_drive_controller:/home/fabian/cartesian_controllers/install/cartesian_compliance_controller:/home/fabian/cartesian_controllers/install/cartesian_motion_controller:/home/fabian/cartesian_controllers/install/cartesian_force_controller:/home/fabian/cartesian_controllers/install/cartesian_controller_utilities:/home/fabian/youbot_ws/install/youbot:/home/fabian/yb_support/urdf_parser_py/install/urdfdom_py:/home/fabian/yb_support/twist_stamper/install/twist_stamper:/home/fabian/yb_support/kdl_parser_py/install/kdl_parser_py:/opt/ros/rolling:/home/fabian/cartesian_controllers/install/cartesian_controller_tests:/home/fabian/cartesian_controllers/install/cartesian_controller_simulation:/home/fabian/cartesian_controllers/install/cartesian_controller_handles:/home/fabian/cartesian_controllers/install/cartesian_controller_base:/home/fabian/ros2_control_demos/example_7/install/ros2_control_demo_example_7:/home/fabian/yb_support/unilidar_sdk2/install/unitree_lidar_ros2:/home/fabian/fixslam/install/geometry_msgs:/home/fabian/fixslam/install/std_msgs:/opt/ros/rolling/opt/gz_sim_vendor:/opt/ros/rolling/opt/gz_sensors_vendor:/opt/ros/rolling/opt/gz_physics_vendor:/opt/ros/rolling/opt/sdformat_vendor:/opt/ros/rolling/opt/gz_gui_vendor:/opt/ros/rolling/opt/gz_transport_vendor:/opt/ros/rolling/opt/gz_rendering_vendor:/opt/ros/rolling/opt/gz_plugin_vendor:/opt/ros/rolling/opt/gz_fuel_tools_vendor:/opt/ros/rolling/opt/gz_msgs_vendor:/opt/ros/rolling/opt/gz_common_vendor:/opt/ros/rolling/opt/gz_math_vendor:/opt/ros/rolling/opt/gz_utils_vendor:/opt/ros/rolling/opt/gz_tools_vendor:/opt/ros/rolling/opt/gz_ogre_next_vendor:/opt/ros/rolling/opt/gz_dartsim_vendor:/opt/ros/rolling/opt/gz_cmake_vendor DEBUGINFOD_URLS=https://debuginfod.ubuntu.com LD_LIBRARY_PATH=/home/fabian/moveit2/install/moveit_setup_framework/lib:/home/fabian/moveit2/install/moveit_ros_visualization/lib:/home/fabian/moveit2/install/moveit_ros_planning_interface/lib:/home/fabian/moveit2/install/moveit_ros_move_group/lib:/home/fabian/moveit2/install/moveit_ros_warehouse/lib:/home/fabian/moveit2/install/moveit_ros_robot_interaction/lib:/home/fabian/moveit2/install/moveit_kinematics/lib:/home/fabian/moveit2/install/moveit_ros_planning/lib:/home/fabian/moveit2/install/moveit_simple_controller_manager/lib:/home/fabian/moveit2/install/moveit_ros_occupancy_map_monitor/lib:/home/fabian/moveit2/install/moveit_core/lib:${LD_LIBRARY_PATH} PATH=/home/fabian/moveit2/install/moveit_core/bin:${PATH} PYTHONPATH=/home/fabian/moveit2/install/moveit_configs_utils/lib/python3.12/site-packages:${PYTHONPATH} /usr/bin/cmake /home/fabian/moveit2/moveit_setup_assistant/moveit_setup_srdf_plugins -DCMAKE_INSTALL_PREFIX=/home/fabian/moveit2/install/moveit_setup_srdf_plugins
[47.181s] Invoking command in '/home/fabian/moveit2/build/moveit_setup_srdf_plugins': AMENT_PREFIX_PATH=/home/fabian/moveit2/install/moveit_setup_framework:/home/fabian/moveit2/install/moveit_ros_visualization:/home/fabian/moveit2/install/moveit_ros_planning_interface:/home/fabian/moveit2/install/moveit_ros_move_group:/home/fabian/moveit2/install/moveit_ros_warehouse:/home/fabian/moveit2/install/moveit_ros_robot_interaction:/home/fabian/moveit2/install/moveit_kinematics:/home/fabian/moveit2/install/moveit_ros_planning:/home/fabian/moveit2/install/moveit_simple_controller_manager:/home/fabian/moveit2/install/moveit_ros_occupancy_map_monitor:/home/fabian/moveit2/install/moveit_core:/home/fabian/moveit2/install/moveit_configs_utils:/home/fabian/moveit2/install/moveit_common:${AMENT_PREFIX_PATH} CMAKE_PREFIX_PATH=/home/fabian/moveit2/install/moveit_setup_framework:/home/fabian/moveit2/install/moveit_ros_visualization:/home/fabian/moveit2/install/moveit_ros_planning_interface:/home/fabian/moveit2/install/moveit_ros_move_group:/home/fabian/moveit2/install/moveit_ros_warehouse:/home/fabian/moveit2/install/moveit_ros_robot_interaction:/home/fabian/moveit2/install/moveit_kinematics:/home/fabian/moveit2/install/moveit_ros_planning:/home/fabian/moveit2/install/moveit_simple_controller_manager:/home/fabian/moveit2/install/moveit_ros_occupancy_map_monitor:/home/fabian/moveit2/install/moveit_core:/home/fabian/moveit2/install/moveit_common:/home/fabian/yb_support/ros_odrive/install/odrive_ros2_control:/home/fabian/yb_support/ros_odrive/install/odrive_can:/home/fabian/yb_support/slam_toolbox/install/slam_toolbox:/home/fabian/yb_support/my_msgs/install/my_msgs:/home/fabian/yb_support/pointcloud_to_laserscan/install/pointcloud_to_laserscan:/home/fabian/yb_support/mecanum_drive_controller/install/mecanum_drive_controller:/home/fabian/ros2_ws/install/ros2_control_demo_example_2:/home/fabian/ros2_ws/install/ros2_control_demo_description:/home/fabian/yahboom_rosmaster/install/yahboom_rosmaster:/home/fabian/yahboom_rosmaster/install/yahboom_rosmaster_system_tests:/home/fabian/yahboom_rosmaster/install/yahboom_rosmaster_navigation:/home/fabian/yahboom_rosmaster/install/yahboom_rosmaster_msgs:/home/fabian/yahboom_rosmaster/install/yahboom_rosmaster_localization:/home/fabian/yahboom_rosmaster/install/yahboom_rosmaster_gazebo:/home/fabian/yahboom_rosmaster/install/yahboom_rosmaster_docking:/home/fabian/yahboom_rosmaster/install/yahboom_rosmaster_description:/home/fabian/yahboom_rosmaster/install/yahboom_rosmaster_bringup:/home/fabian/yahboom_rosmaster/install/mecanum_drive_controller:/home/fabian/cartesian_controllers/install/cartesian_compliance_controller:/home/fabian/cartesian_controllers/install/cartesian_motion_controller:/home/fabian/cartesian_controllers/install/cartesian_force_controller:/home/fabian/cartesian_controllers/install/cartesian_controller_utilities:/home/fabian/youbot_ws/install/youbot:/home/fabian/yb_support/urdf_parser_py/install/urdfdom_py:/home/fabian/yb_support/twist_stamper/install/twist_stamper:/home/fabian/yb_support/kdl_parser_py/install/kdl_parser_py:/opt/ros/rolling:/home/fabian/cartesian_controllers/install/cartesian_controller_tests:/home/fabian/cartesian_controllers/install/cartesian_controller_simulation:/home/fabian/cartesian_controllers/install/cartesian_controller_handles:/home/fabian/cartesian_controllers/install/cartesian_controller_base:/home/fabian/ros2_control_demos/example_7/install/ros2_control_demo_example_7:/home/fabian/yb_support/unilidar_sdk2/install/unitree_lidar_ros2:/home/fabian/fixslam/install/geometry_msgs:/home/fabian/fixslam/install/std_msgs:/opt/ros/rolling/opt/gz_sim_vendor:/opt/ros/rolling/opt/gz_sensors_vendor:/opt/ros/rolling/opt/gz_physics_vendor:/opt/ros/rolling/opt/sdformat_vendor:/opt/ros/rolling/opt/gz_gui_vendor:/opt/ros/rolling/opt/gz_transport_vendor:/opt/ros/rolling/opt/gz_rendering_vendor:/opt/ros/rolling/opt/gz_plugin_vendor:/opt/ros/rolling/opt/gz_fuel_tools_vendor:/opt/ros/rolling/opt/gz_msgs_vendor:/opt/ros/rolling/opt/gz_common_vendor:/opt/ros/rolling/opt/gz_math_vendor:/opt/ros/rolling/opt/gz_utils_vendor:/opt/ros/rolling/opt/gz_tools_vendor:/opt/ros/rolling/opt/gz_ogre_next_vendor:/opt/ros/rolling/opt/gz_dartsim_vendor:/opt/ros/rolling/opt/gz_cmake_vendor DEBUGINFOD_URLS=https://debuginfod.ubuntu.com LD_LIBRARY_PATH=/home/fabian/moveit2/install/moveit_setup_framework/lib:/home/fabian/moveit2/install/moveit_ros_visualization/lib:/home/fabian/moveit2/install/moveit_ros_planning_interface/lib:/home/fabian/moveit2/install/moveit_ros_move_group/lib:/home/fabian/moveit2/install/moveit_ros_warehouse/lib:/home/fabian/moveit2/install/moveit_ros_robot_interaction/lib:/home/fabian/moveit2/install/moveit_kinematics/lib:/home/fabian/moveit2/install/moveit_ros_planning/lib:/home/fabian/moveit2/install/moveit_simple_controller_manager/lib:/home/fabian/moveit2/install/moveit_ros_occupancy_map_monitor/lib:/home/fabian/moveit2/install/moveit_core/lib:${LD_LIBRARY_PATH} PATH=/home/fabian/moveit2/install/moveit_core/bin:${PATH} PYTHONPATH=/home/fabian/moveit2/install/moveit_configs_utils/lib/python3.12/site-packages:${PYTHONPATH} /usr/bin/cmake --build /home/fabian/moveit2/build/moveit_setup_srdf_plugins -- -j7 -l7
[47.327s] [  2%] [34m[1mGenerating include/moveit_setup_srdf_plugins/moc_virtual_joints_widget.cpp[0m
[47.381s] [  4%] [34m[1mGenerating include/moveit_setup_srdf_plugins/moc_end_effectors_widget.cpp[0m
[47.427s] [  6%] [34m[1mGenerating include/moveit_setup_srdf_plugins/moc_group_edit_widget.cpp[0m
[47.468s] [  8%] [34m[1mGenerating include/moveit_setup_srdf_plugins/moc_kinematic_chain_widget.cpp[0m
[47.500s] [ 10%] [34m[1mGenerating include/moveit_setup_srdf_plugins/moc_passive_joints_widget.cpp[0m
[47.536s] [ 12%] [34m[1mGenerating include/moveit_setup_srdf_plugins/moc_planning_groups_widget.cpp[0m
[47.571s] [ 14%] [34m[1mGenerating include/moveit_setup_srdf_plugins/moc_robot_poses_widget.cpp[0m
[47.610s] [ 16%] [34m[1mGenerating include/moveit_setup_srdf_plugins/moc_rotated_header_view.cpp[0m
[47.644s] [ 18%] [34m[1mGenerating include/moveit_setup_srdf_plugins/moc_default_collisions_widget.cpp[0m
[47.676s] [ 20%] [34m[1mGenerating include/moveit_setup_srdf_plugins/moc_collision_matrix_model.cpp[0m
[47.711s] [ 22%] [34m[1mGenerating include/moveit_setup_srdf_plugins/moc_collision_linear_model.cpp[0m
[47.782s] [ 25%] [32mBuilding CXX object CMakeFiles/moveit_setup_srdf_plugins.dir/src/collision_linear_model.cpp.o[0m
[51.570s] [ 27%] [32mBuilding CXX object CMakeFiles/moveit_setup_srdf_plugins.dir/src/default_collisions_widget.cpp.o[0m
[88.708s] [ 29%] [32mBuilding CXX object CMakeFiles/moveit_setup_srdf_plugins.dir/src/end_effectors.cpp.o[0m
[89.844s] [ 31%] [32mBuilding CXX object CMakeFiles/moveit_setup_srdf_plugins.dir/src/default_collisions.cpp.o[0m
[91.908s] [ 33%] [32mBuilding CXX object CMakeFiles/moveit_setup_srdf_plugins.dir/src/end_effectors_widget.cpp.o[0m
[120.909s] /home/fabian/moveit2/moveit_setup_assistant/moveit_setup_srdf_plugins/include/moveit_setup_srdf_plugins/rotated_header_view.hpp:0: Note: No relevant classes found. No output generated.
[144.770s] [ 35%] [32mBuilding CXX object CMakeFiles/moveit_setup_srdf_plugins.dir/src/group_meta_config.cpp.o[0m
[153.872s] [ 37%] [32mBuilding CXX object CMakeFiles/moveit_setup_srdf_plugins.dir/src/kinematic_chain_widget.cpp.o[0m
[179.764s] [ 39%] [32mBuilding CXX object CMakeFiles/moveit_setup_srdf_plugins.dir/src/passive_joints.cpp.o[0m
[196.740s] [ 41%] [32mBuilding CXX object CMakeFiles/moveit_setup_srdf_plugins.dir/src/passive_joints_widget.cpp.o[0m
[198.764s] [ 43%] [32mBuilding CXX object CMakeFiles/moveit_setup_srdf_plugins.dir/src/planning_groups.cpp.o[0m
[198.798s] [ 45%] [32mBuilding CXX object CMakeFiles/moveit_setup_srdf_plugins.dir/src/group_edit_widget.cpp.o[0m
[199.857s] [ 47%] [32mBuilding CXX object CMakeFiles/moveit_setup_srdf_plugins.dir/src/compute_default_collisions.cpp.o[0m
[200.928s] [ 50%] [32mBuilding CXX object CMakeFiles/moveit_setup_srdf_plugins.dir/src/collision_matrix_model.cpp.o[0m
[246.891s] [ 52%] [32mBuilding CXX object CMakeFiles/moveit_setup_srdf_plugins.dir/src/rotated_header_view.cpp.o[0m
[249.143s] [ 54%] [32mBuilding CXX object CMakeFiles/moveit_setup_srdf_plugins.dir/src/virtual_joints.cpp.o[0m
[258.175s] [ 56%] [32mBuilding CXX object CMakeFiles/moveit_setup_srdf_plugins.dir/src/virtual_joints_widget.cpp.o[0m
[259.197s] [ 58%] [32mBuilding CXX object CMakeFiles/moveit_setup_srdf_plugins.dir/src/robot_poses_widget.cpp.o[0m
[260.223s] [ 60%] [32mBuilding CXX object CMakeFiles/moveit_setup_srdf_plugins.dir/src/robot_poses.cpp.o[0m
[261.253s] [ 62%] [32mBuilding CXX object CMakeFiles/moveit_setup_srdf_plugins.dir/src/planning_groups_widget.cpp.o[0m
[262.496s] [ 64%] [32mBuilding CXX object CMakeFiles/moveit_setup_srdf_plugins.dir/include/moveit_setup_srdf_plugins/moc_collision_linear_model.cpp.o[0m
[265.225s] [ 66%] [32mBuilding CXX object CMakeFiles/moveit_setup_srdf_plugins.dir/include/moveit_setup_srdf_plugins/moc_collision_matrix_model.cpp.o[0m
[267.915s] [ 68%] [32mBuilding CXX object CMakeFiles/moveit_setup_srdf_plugins.dir/include/moveit_setup_srdf_plugins/moc_default_collisions_widget.cpp.o[0m
[286.228s] [ 70%] [32mBuilding CXX object CMakeFiles/moveit_setup_srdf_plugins.dir/include/moveit_setup_srdf_plugins/moc_end_effectors_widget.cpp.o[0m
[287.505s] [ 72%] [32mBuilding CXX object CMakeFiles/moveit_setup_srdf_plugins.dir/include/moveit_setup_srdf_plugins/moc_group_edit_widget.cpp.o[0m
[288.751s] [ 75%] [32mBuilding CXX object CMakeFiles/moveit_setup_srdf_plugins.dir/include/moveit_setup_srdf_plugins/moc_kinematic_chain_widget.cpp.o[0m
[296.480s] [ 77%] [32mBuilding CXX object CMakeFiles/moveit_setup_srdf_plugins.dir/include/moveit_setup_srdf_plugins/moc_passive_joints_widget.cpp.o[0m
[301.454s] [ 79%] [32mBuilding CXX object CMakeFiles/moveit_setup_srdf_plugins.dir/include/moveit_setup_srdf_plugins/moc_planning_groups_widget.cpp.o[0m
[313.848s] [ 81%] [32mBuilding CXX object CMakeFiles/moveit_setup_srdf_plugins.dir/include/moveit_setup_srdf_plugins/moc_robot_poses_widget.cpp.o[0m
[316.460s] [ 83%] [32mBuilding CXX object CMakeFiles/moveit_setup_srdf_plugins.dir/include/moveit_setup_srdf_plugins/moc_rotated_header_view.cpp.o[0m
[316.540s] [ 85%] [32mBuilding CXX object CMakeFiles/moveit_setup_srdf_plugins.dir/include/moveit_setup_srdf_plugins/moc_virtual_joints_widget.cpp.o[0m
[338.933s] [ 87%] [32m[1mLinking CXX shared library libmoveit_setup_srdf_plugins.so[0m
[340.160s] [ 87%] Built target moveit_setup_srdf_plugins
[340.206s] [ 91%] [32mBuilding CXX object gtest/CMakeFiles/gtest.dir/src/gtest-all.cc.o[0m
[340.206s] [ 91%] [32mBuilding CXX object gtest/CMakeFiles/gtest_main.dir/src/gtest_main.cc.o[0m
[341.518s] [ 93%] [32m[1mLinking CXX static library libgtest_main.a[0m
[341.622s] [ 93%] Built target gtest_main
[351.672s] [ 95%] [32m[1mLinking CXX static library libgtest.a[0m
[351.750s] [ 95%] Built target gtest
[351.794s] [ 97%] [32mBuilding CXX object CMakeFiles/test_srdf.dir/test/test_srdf.cpp.o[0m
[369.914s] [100%] [32m[1mLinking CXX executable test_srdf[0m
[371.634s] [100%] Built target test_srdf
[371.663s] Invoked command in '/home/fabian/moveit2/build/moveit_setup_srdf_plugins' returned '0': AMENT_PREFIX_PATH=/home/fabian/moveit2/install/moveit_setup_framework:/home/fabian/moveit2/install/moveit_ros_visualization:/home/fabian/moveit2/install/moveit_ros_planning_interface:/home/fabian/moveit2/install/moveit_ros_move_group:/home/fabian/moveit2/install/moveit_ros_warehouse:/home/fabian/moveit2/install/moveit_ros_robot_interaction:/home/fabian/moveit2/install/moveit_kinematics:/home/fabian/moveit2/install/moveit_ros_planning:/home/fabian/moveit2/install/moveit_simple_controller_manager:/home/fabian/moveit2/install/moveit_ros_occupancy_map_monitor:/home/fabian/moveit2/install/moveit_core:/home/fabian/moveit2/install/moveit_configs_utils:/home/fabian/moveit2/install/moveit_common:${AMENT_PREFIX_PATH} CMAKE_PREFIX_PATH=/home/fabian/moveit2/install/moveit_setup_framework:/home/fabian/moveit2/install/moveit_ros_visualization:/home/fabian/moveit2/install/moveit_ros_planning_interface:/home/fabian/moveit2/install/moveit_ros_move_group:/home/fabian/moveit2/install/moveit_ros_warehouse:/home/fabian/moveit2/install/moveit_ros_robot_interaction:/home/fabian/moveit2/install/moveit_kinematics:/home/fabian/moveit2/install/moveit_ros_planning:/home/fabian/moveit2/install/moveit_simple_controller_manager:/home/fabian/moveit2/install/moveit_ros_occupancy_map_monitor:/home/fabian/moveit2/install/moveit_core:/home/fabian/moveit2/install/moveit_common:/home/fabian/yb_support/ros_odrive/install/odrive_ros2_control:/home/fabian/yb_support/ros_odrive/install/odrive_can:/home/fabian/yb_support/slam_toolbox/install/slam_toolbox:/home/fabian/yb_support/my_msgs/install/my_msgs:/home/fabian/yb_support/pointcloud_to_laserscan/install/pointcloud_to_laserscan:/home/fabian/yb_support/mecanum_drive_controller/install/mecanum_drive_controller:/home/fabian/ros2_ws/install/ros2_control_demo_example_2:/home/fabian/ros2_ws/install/ros2_control_demo_description:/home/fabian/yahboom_rosmaster/install/yahboom_rosmaster:/home/fabian/yahboom_rosmaster/install/yahboom_rosmaster_system_tests:/home/fabian/yahboom_rosmaster/install/yahboom_rosmaster_navigation:/home/fabian/yahboom_rosmaster/install/yahboom_rosmaster_msgs:/home/fabian/yahboom_rosmaster/install/yahboom_rosmaster_localization:/home/fabian/yahboom_rosmaster/install/yahboom_rosmaster_gazebo:/home/fabian/yahboom_rosmaster/install/yahboom_rosmaster_docking:/home/fabian/yahboom_rosmaster/install/yahboom_rosmaster_description:/home/fabian/yahboom_rosmaster/install/yahboom_rosmaster_bringup:/home/fabian/yahboom_rosmaster/install/mecanum_drive_controller:/home/fabian/cartesian_controllers/install/cartesian_compliance_controller:/home/fabian/cartesian_controllers/install/cartesian_motion_controller:/home/fabian/cartesian_controllers/install/cartesian_force_controller:/home/fabian/cartesian_controllers/install/cartesian_controller_utilities:/home/fabian/youbot_ws/install/youbot:/home/fabian/yb_support/urdf_parser_py/install/urdfdom_py:/home/fabian/yb_support/twist_stamper/install/twist_stamper:/home/fabian/yb_support/kdl_parser_py/install/kdl_parser_py:/opt/ros/rolling:/home/fabian/cartesian_controllers/install/cartesian_controller_tests:/home/fabian/cartesian_controllers/install/cartesian_controller_simulation:/home/fabian/cartesian_controllers/install/cartesian_controller_handles:/home/fabian/cartesian_controllers/install/cartesian_controller_base:/home/fabian/ros2_control_demos/example_7/install/ros2_control_demo_example_7:/home/fabian/yb_support/unilidar_sdk2/install/unitree_lidar_ros2:/home/fabian/fixslam/install/geometry_msgs:/home/fabian/fixslam/install/std_msgs:/opt/ros/rolling/opt/gz_sim_vendor:/opt/ros/rolling/opt/gz_sensors_vendor:/opt/ros/rolling/opt/gz_physics_vendor:/opt/ros/rolling/opt/sdformat_vendor:/opt/ros/rolling/opt/gz_gui_vendor:/opt/ros/rolling/opt/gz_transport_vendor:/opt/ros/rolling/opt/gz_rendering_vendor:/opt/ros/rolling/opt/gz_plugin_vendor:/opt/ros/rolling/opt/gz_fuel_tools_vendor:/opt/ros/rolling/opt/gz_msgs_vendor:/opt/ros/rolling/opt/gz_common_vendor:/opt/ros/rolling/opt/gz_math_vendor:/opt/ros/rolling/opt/gz_utils_vendor:/opt/ros/rolling/opt/gz_tools_vendor:/opt/ros/rolling/opt/gz_ogre_next_vendor:/opt/ros/rolling/opt/gz_dartsim_vendor:/opt/ros/rolling/opt/gz_cmake_vendor DEBUGINFOD_URLS=https://debuginfod.ubuntu.com LD_LIBRARY_PATH=/home/fabian/moveit2/install/moveit_setup_framework/lib:/home/fabian/moveit2/install/moveit_ros_visualization/lib:/home/fabian/moveit2/install/moveit_ros_planning_interface/lib:/home/fabian/moveit2/install/moveit_ros_move_group/lib:/home/fabian/moveit2/install/moveit_ros_warehouse/lib:/home/fabian/moveit2/install/moveit_ros_robot_interaction/lib:/home/fabian/moveit2/install/moveit_kinematics/lib:/home/fabian/moveit2/install/moveit_ros_planning/lib:/home/fabian/moveit2/install/moveit_simple_controller_manager/lib:/home/fabian/moveit2/install/moveit_ros_occupancy_map_monitor/lib:/home/fabian/moveit2/install/moveit_core/lib:${LD_LIBRARY_PATH} PATH=/home/fabian/moveit2/install/moveit_core/bin:${PATH} PYTHONPATH=/home/fabian/moveit2/install/moveit_configs_utils/lib/python3.12/site-packages:${PYTHONPATH} /usr/bin/cmake --build /home/fabian/moveit2/build/moveit_setup_srdf_plugins -- -j7 -l7
[371.666s] Invoking command in '/home/fabian/moveit2/build/moveit_setup_srdf_plugins': AMENT_PREFIX_PATH=/home/fabian/moveit2/install/moveit_setup_framework:/home/fabian/moveit2/install/moveit_ros_visualization:/home/fabian/moveit2/install/moveit_ros_planning_interface:/home/fabian/moveit2/install/moveit_ros_move_group:/home/fabian/moveit2/install/moveit_ros_warehouse:/home/fabian/moveit2/install/moveit_ros_robot_interaction:/home/fabian/moveit2/install/moveit_kinematics:/home/fabian/moveit2/install/moveit_ros_planning:/home/fabian/moveit2/install/moveit_simple_controller_manager:/home/fabian/moveit2/install/moveit_ros_occupancy_map_monitor:/home/fabian/moveit2/install/moveit_core:/home/fabian/moveit2/install/moveit_configs_utils:/home/fabian/moveit2/install/moveit_common:${AMENT_PREFIX_PATH} CMAKE_PREFIX_PATH=/home/fabian/moveit2/install/moveit_setup_framework:/home/fabian/moveit2/install/moveit_ros_visualization:/home/fabian/moveit2/install/moveit_ros_planning_interface:/home/fabian/moveit2/install/moveit_ros_move_group:/home/fabian/moveit2/install/moveit_ros_warehouse:/home/fabian/moveit2/install/moveit_ros_robot_interaction:/home/fabian/moveit2/install/moveit_kinematics:/home/fabian/moveit2/install/moveit_ros_planning:/home/fabian/moveit2/install/moveit_simple_controller_manager:/home/fabian/moveit2/install/moveit_ros_occupancy_map_monitor:/home/fabian/moveit2/install/moveit_core:/home/fabian/moveit2/install/moveit_common:/home/fabian/yb_support/ros_odrive/install/odrive_ros2_control:/home/fabian/yb_support/ros_odrive/install/odrive_can:/home/fabian/yb_support/slam_toolbox/install/slam_toolbox:/home/fabian/yb_support/my_msgs/install/my_msgs:/home/fabian/yb_support/pointcloud_to_laserscan/install/pointcloud_to_laserscan:/home/fabian/yb_support/mecanum_drive_controller/install/mecanum_drive_controller:/home/fabian/ros2_ws/install/ros2_control_demo_example_2:/home/fabian/ros2_ws/install/ros2_control_demo_description:/home/fabian/yahboom_rosmaster/install/yahboom_rosmaster:/home/fabian/yahboom_rosmaster/install/yahboom_rosmaster_system_tests:/home/fabian/yahboom_rosmaster/install/yahboom_rosmaster_navigation:/home/fabian/yahboom_rosmaster/install/yahboom_rosmaster_msgs:/home/fabian/yahboom_rosmaster/install/yahboom_rosmaster_localization:/home/fabian/yahboom_rosmaster/install/yahboom_rosmaster_gazebo:/home/fabian/yahboom_rosmaster/install/yahboom_rosmaster_docking:/home/fabian/yahboom_rosmaster/install/yahboom_rosmaster_description:/home/fabian/yahboom_rosmaster/install/yahboom_rosmaster_bringup:/home/fabian/yahboom_rosmaster/install/mecanum_drive_controller:/home/fabian/cartesian_controllers/install/cartesian_compliance_controller:/home/fabian/cartesian_controllers/install/cartesian_motion_controller:/home/fabian/cartesian_controllers/install/cartesian_force_controller:/home/fabian/cartesian_controllers/install/cartesian_controller_utilities:/home/fabian/youbot_ws/install/youbot:/home/fabian/yb_support/urdf_parser_py/install/urdfdom_py:/home/fabian/yb_support/twist_stamper/install/twist_stamper:/home/fabian/yb_support/kdl_parser_py/install/kdl_parser_py:/opt/ros/rolling:/home/fabian/cartesian_controllers/install/cartesian_controller_tests:/home/fabian/cartesian_controllers/install/cartesian_controller_simulation:/home/fabian/cartesian_controllers/install/cartesian_controller_handles:/home/fabian/cartesian_controllers/install/cartesian_controller_base:/home/fabian/ros2_control_demos/example_7/install/ros2_control_demo_example_7:/home/fabian/yb_support/unilidar_sdk2/install/unitree_lidar_ros2:/home/fabian/fixslam/install/geometry_msgs:/home/fabian/fixslam/install/std_msgs:/opt/ros/rolling/opt/gz_sim_vendor:/opt/ros/rolling/opt/gz_sensors_vendor:/opt/ros/rolling/opt/gz_physics_vendor:/opt/ros/rolling/opt/sdformat_vendor:/opt/ros/rolling/opt/gz_gui_vendor:/opt/ros/rolling/opt/gz_transport_vendor:/opt/ros/rolling/opt/gz_rendering_vendor:/opt/ros/rolling/opt/gz_plugin_vendor:/opt/ros/rolling/opt/gz_fuel_tools_vendor:/opt/ros/rolling/opt/gz_msgs_vendor:/opt/ros/rolling/opt/gz_common_vendor:/opt/ros/rolling/opt/gz_math_vendor:/opt/ros/rolling/opt/gz_utils_vendor:/opt/ros/rolling/opt/gz_tools_vendor:/opt/ros/rolling/opt/gz_ogre_next_vendor:/opt/ros/rolling/opt/gz_dartsim_vendor:/opt/ros/rolling/opt/gz_cmake_vendor DEBUGINFOD_URLS=https://debuginfod.ubuntu.com LD_LIBRARY_PATH=/home/fabian/moveit2/install/moveit_setup_framework/lib:/home/fabian/moveit2/install/moveit_ros_visualization/lib:/home/fabian/moveit2/install/moveit_ros_planning_interface/lib:/home/fabian/moveit2/install/moveit_ros_move_group/lib:/home/fabian/moveit2/install/moveit_ros_warehouse/lib:/home/fabian/moveit2/install/moveit_ros_robot_interaction/lib:/home/fabian/moveit2/install/moveit_kinematics/lib:/home/fabian/moveit2/install/moveit_ros_planning/lib:/home/fabian/moveit2/install/moveit_simple_controller_manager/lib:/home/fabian/moveit2/install/moveit_ros_occupancy_map_monitor/lib:/home/fabian/moveit2/install/moveit_core/lib:${LD_LIBRARY_PATH} PATH=/home/fabian/moveit2/install/moveit_core/bin:${PATH} PYTHONPATH=/home/fabian/moveit2/install/moveit_configs_utils/lib/python3.12/site-packages:${PYTHONPATH} /usr/bin/cmake --install /home/fabian/moveit2/build/moveit_setup_srdf_plugins
[371.687s] -- Install configuration: "Release"
[371.690s] -- Installing: /home/fabian/moveit2/install/moveit_setup_srdf_plugins/lib/libmoveit_setup_srdf_plugins.so
[371.693s] -- Set non-toolchain portion of runtime path of "/home/fabian/moveit2/install/moveit_setup_srdf_plugins/lib/libmoveit_setup_srdf_plugins.so" to ""
[371.695s] -- Installing: /home/fabian/moveit2/install/moveit_setup_srdf_plugins/share/moveit_setup_srdf_plugins/moveit_setup_framework_plugins.xml
[371.695s] -- Installing: /home/fabian/moveit2/install/moveit_setup_srdf_plugins/include/moveit_setup_srdf_plugins
[371.696s] -- Installing: /home/fabian/moveit2/install/moveit_setup_srdf_plugins/include/moveit_setup_srdf_plugins/moveit_setup_srdf_plugins
[371.696s] -- Installing: /home/fabian/moveit2/install/moveit_setup_srdf_plugins/include/moveit_setup_srdf_plugins/moveit_setup_srdf_plugins/passive_joints.h
[371.697s] -- Installing: /home/fabian/moveit2/install/moveit_setup_srdf_plugins/include/moveit_setup_srdf_plugins/moveit_setup_srdf_plugins/group_edit_widget.h
[371.697s] -- Installing: /home/fabian/moveit2/install/moveit_setup_srdf_plugins/include/moveit_setup_srdf_plugins/moveit_setup_srdf_plugins/kinematic_chain_widget.hpp
[371.698s] -- Installing: /home/fabian/moveit2/install/moveit_setup_srdf_plugins/include/moveit_setup_srdf_plugins/moveit_setup_srdf_plugins/rotated_header_view.hpp
[371.698s] -- Installing: /home/fabian/moveit2/install/moveit_setup_srdf_plugins/include/moveit_setup_srdf_plugins/moveit_setup_srdf_plugins/srdf_step.hpp
[371.698s] -- Installing: /home/fabian/moveit2/install/moveit_setup_srdf_plugins/include/moveit_setup_srdf_plugins/moveit_setup_srdf_plugins/compute_default_collisions.hpp
[371.699s] -- Installing: /home/fabian/moveit2/install/moveit_setup_srdf_plugins/include/moveit_setup_srdf_plugins/moveit_setup_srdf_plugins/collision_matrix_model.hpp
[371.699s] -- Installing: /home/fabian/moveit2/install/moveit_setup_srdf_plugins/include/moveit_setup_srdf_plugins/moveit_setup_srdf_plugins/group_meta_config.h
[371.699s] -- Installing: /home/fabian/moveit2/install/moveit_setup_srdf_plugins/include/moveit_setup_srdf_plugins/moveit_setup_srdf_plugins/end_effectors.h
[371.699s] -- Installing: /home/fabian/moveit2/install/moveit_setup_srdf_plugins/include/moveit_setup_srdf_plugins/moveit_setup_srdf_plugins/passive_joints_widget.hpp
[371.699s] -- Installing: /home/fabian/moveit2/install/moveit_setup_srdf_plugins/include/moveit_setup_srdf_plugins/moveit_setup_srdf_plugins/virtual_joints_widget.hpp
[371.700s] -- Installing: /home/fabian/moveit2/install/moveit_setup_srdf_plugins/include/moveit_setup_srdf_plugins/moveit_setup_srdf_plugins/virtual_joints.h
[371.700s] -- Installing: /home/fabian/moveit2/install/moveit_setup_srdf_plugins/include/moveit_setup_srdf_plugins/moveit_setup_srdf_plugins/robot_poses.h
[371.700s] -- Installing: /home/fabian/moveit2/install/moveit_setup_srdf_plugins/include/moveit_setup_srdf_plugins/moveit_setup_srdf_plugins/collision_matrix_model.h
[371.700s] -- Installing: /home/fabian/moveit2/install/moveit_setup_srdf_plugins/include/moveit_setup_srdf_plugins/moveit_setup_srdf_plugins/end_effectors_widget.hpp
[371.701s] -- Installing: /home/fabian/moveit2/install/moveit_setup_srdf_plugins/include/moveit_setup_srdf_plugins/moveit_setup_srdf_plugins/planning_groups.hpp
[371.701s] -- Installing: /home/fabian/moveit2/install/moveit_setup_srdf_plugins/include/moveit_setup_srdf_plugins/moveit_setup_srdf_plugins/rotated_header_view.h
[371.701s] -- Installing: /home/fabian/moveit2/install/moveit_setup_srdf_plugins/include/moveit_setup_srdf_plugins/moveit_setup_srdf_plugins/passive_joints_widget.h
[371.701s] -- Installing: /home/fabian/moveit2/install/moveit_setup_srdf_plugins/include/moveit_setup_srdf_plugins/moveit_setup_srdf_plugins/default_collisions_widget.hpp
[371.702s] -- Installing: /home/fabian/moveit2/install/moveit_setup_srdf_plugins/include/moveit_setup_srdf_plugins/moveit_setup_srdf_plugins/group_edit_widget.hpp
[371.702s] -- Installing: /home/fabian/moveit2/install/moveit_setup_srdf_plugins/include/moveit_setup_srdf_plugins/moveit_setup_srdf_plugins/robot_poses_widget.h
[371.702s] -- Installing: /home/fabian/moveit2/install/moveit_setup_srdf_plugins/include/moveit_setup_srdf_plugins/moveit_setup_srdf_plugins/virtual_joints.hpp
[371.703s] -- Installing: /home/fabian/moveit2/install/moveit_setup_srdf_plugins/include/moveit_setup_srdf_plugins/moveit_setup_srdf_plugins/end_effectors_widget.h
[371.703s] -- Installing: /home/fabian/moveit2/install/moveit_setup_srdf_plugins/include/moveit_setup_srdf_plugins/moveit_setup_srdf_plugins/planning_groups_widget.h
[371.703s] -- Installing: /home/fabian/moveit2/install/moveit_setup_srdf_plugins/include/moveit_setup_srdf_plugins/moveit_setup_srdf_plugins/srdf_step.h
[371.704s] -- Installing: /home/fabian/moveit2/install/moveit_setup_srdf_plugins/include/moveit_setup_srdf_plugins/moveit_setup_srdf_plugins/default_collisions.h
[371.704s] -- Installing: /home/fabian/moveit2/install/moveit_setup_srdf_plugins/include/moveit_setup_srdf_plugins/moveit_setup_srdf_plugins/planning_groups.h
[371.704s] -- Installing: /home/fabian/moveit2/install/moveit_setup_srdf_plugins/include/moveit_setup_srdf_plugins/moveit_setup_srdf_plugins/collision_linear_model.h
[371.705s] -- Installing: /home/fabian/moveit2/install/moveit_setup_srdf_plugins/include/moveit_setup_srdf_plugins/moveit_setup_srdf_plugins/collision_linear_model.hpp
[371.705s] -- Installing: /home/fabian/moveit2/install/moveit_setup_srdf_plugins/include/moveit_setup_srdf_plugins/moveit_setup_srdf_plugins/default_collisions.hpp
[371.705s] -- Installing: /home/fabian/moveit2/install/moveit_setup_srdf_plugins/include/moveit_setup_srdf_plugins/moveit_setup_srdf_plugins/compute_default_collisions.h
[371.706s] -- Installing: /home/fabian/moveit2/install/moveit_setup_srdf_plugins/include/moveit_setup_srdf_plugins/moveit_setup_srdf_plugins/planning_groups_widget.hpp
[371.706s] -- Installing: /home/fabian/moveit2/install/moveit_setup_srdf_plugins/include/moveit_setup_srdf_plugins/moveit_setup_srdf_plugins/kinematic_chain_widget.h
[371.707s] -- Installing: /home/fabian/moveit2/install/moveit_setup_srdf_plugins/include/moveit_setup_srdf_plugins/moveit_setup_srdf_plugins/robot_poses.hpp
[371.707s] -- Installing: /home/fabian/moveit2/install/moveit_setup_srdf_plugins/include/moveit_setup_srdf_plugins/moveit_setup_srdf_plugins/group_meta_config.hpp
[371.707s] -- Installing: /home/fabian/moveit2/install/moveit_setup_srdf_plugins/include/moveit_setup_srdf_plugins/moveit_setup_srdf_plugins/passive_joints.hpp
[371.707s] -- Installing: /home/fabian/moveit2/install/moveit_setup_srdf_plugins/include/moveit_setup_srdf_plugins/moveit_setup_srdf_plugins/end_effectors.hpp
[371.707s] -- Installing: /home/fabian/moveit2/install/moveit_setup_srdf_plugins/include/moveit_setup_srdf_plugins/moveit_setup_srdf_plugins/default_collisions_widget.h
[371.708s] -- Installing: /home/fabian/moveit2/install/moveit_setup_srdf_plugins/include/moveit_setup_srdf_plugins/moveit_setup_srdf_plugins/virtual_joints_widget.h
[371.708s] -- Installing: /home/fabian/moveit2/install/moveit_setup_srdf_plugins/include/moveit_setup_srdf_plugins/moveit_setup_srdf_plugins/robot_poses_widget.hpp
[371.709s] -- Installing: /home/fabian/moveit2/install/moveit_setup_srdf_plugins/share/moveit_setup_srdf_plugins/environment/library_path.sh
[371.709s] -- Installing: /home/fabian/moveit2/install/moveit_setup_srdf_plugins/share/moveit_setup_srdf_plugins/environment/library_path.dsv
[371.709s] -- Up-to-date: /home/fabian/moveit2/install/moveit_setup_srdf_plugins/share/moveit_setup_srdf_plugins/moveit_setup_framework_plugins.xml
[371.711s] -- Installing: /home/fabian/moveit2/install/moveit_setup_srdf_plugins/share/ament_index/resource_index/package_run_dependencies/moveit_setup_srdf_plugins
[371.713s] -- Installing: /home/fabian/moveit2/install/moveit_setup_srdf_plugins/share/ament_index/resource_index/parent_prefix_path/moveit_setup_srdf_plugins
[371.713s] -- Installing: /home/fabian/moveit2/install/moveit_setup_srdf_plugins/share/moveit_setup_srdf_plugins/environment/ament_prefix_path.sh
[371.714s] -- Installing: /home/fabian/moveit2/install/moveit_setup_srdf_plugins/share/moveit_setup_srdf_plugins/environment/ament_prefix_path.dsv
[371.714s] -- Installing: /home/fabian/moveit2/install/moveit_setup_srdf_plugins/share/moveit_setup_srdf_plugins/environment/path.sh
[371.714s] -- Installing: /home/fabian/moveit2/install/moveit_setup_srdf_plugins/share/moveit_setup_srdf_plugins/environment/path.dsv
[371.714s] -- Installing: /home/fabian/moveit2/install/moveit_setup_srdf_plugins/share/moveit_setup_srdf_plugins/local_setup.bash
[371.715s] -- Installing: /home/fabian/moveit2/install/moveit_setup_srdf_plugins/share/moveit_setup_srdf_plugins/local_setup.sh
[371.715s] -- Installing: /home/fabian/moveit2/install/moveit_setup_srdf_plugins/share/moveit_setup_srdf_plugins/local_setup.zsh
[371.715s] -- Installing: /home/fabian/moveit2/install/moveit_setup_srdf_plugins/share/moveit_setup_srdf_plugins/local_setup.dsv
[371.716s] -- Installing: /home/fabian/moveit2/install/moveit_setup_srdf_plugins/share/moveit_setup_srdf_plugins/package.dsv
[371.717s] -- Installing: /home/fabian/moveit2/install/moveit_setup_srdf_plugins/share/ament_index/resource_index/packages/moveit_setup_srdf_plugins
[371.718s] -- Installing: /home/fabian/moveit2/install/moveit_setup_srdf_plugins/share/ament_index/resource_index/moveit_setup_framework__pluginlib__plugin/moveit_setup_srdf_plugins
[371.718s] -- Installing: /home/fabian/moveit2/install/moveit_setup_srdf_plugins/share/moveit_setup_srdf_plugins/cmake/moveit_setup_srdf_pluginsTargetsExport.cmake
[371.719s] -- Installing: /home/fabian/moveit2/install/moveit_setup_srdf_plugins/share/moveit_setup_srdf_plugins/cmake/moveit_setup_srdf_pluginsTargetsExport-release.cmake
[371.719s] -- Installing: /home/fabian/moveit2/install/moveit_setup_srdf_plugins/share/moveit_setup_srdf_plugins/cmake/ament_cmake_export_targets-extras.cmake
[371.719s] -- Installing: /home/fabian/moveit2/install/moveit_setup_srdf_plugins/share/moveit_setup_srdf_plugins/cmake/moveit_setup_srdf_pluginsConfig.cmake
[371.720s] -- Installing: /home/fabian/moveit2/install/moveit_setup_srdf_plugins/share/moveit_setup_srdf_plugins/cmake/moveit_setup_srdf_pluginsConfig-version.cmake
[371.720s] -- Installing: /home/fabian/moveit2/install/moveit_setup_srdf_plugins/share/moveit_setup_srdf_plugins/package.xml
[371.724s] Invoked command in '/home/fabian/moveit2/build/moveit_setup_srdf_plugins' returned '0': AMENT_PREFIX_PATH=/home/fabian/moveit2/install/moveit_setup_framework:/home/fabian/moveit2/install/moveit_ros_visualization:/home/fabian/moveit2/install/moveit_ros_planning_interface:/home/fabian/moveit2/install/moveit_ros_move_group:/home/fabian/moveit2/install/moveit_ros_warehouse:/home/fabian/moveit2/install/moveit_ros_robot_interaction:/home/fabian/moveit2/install/moveit_kinematics:/home/fabian/moveit2/install/moveit_ros_planning:/home/fabian/moveit2/install/moveit_simple_controller_manager:/home/fabian/moveit2/install/moveit_ros_occupancy_map_monitor:/home/fabian/moveit2/install/moveit_core:/home/fabian/moveit2/install/moveit_configs_utils:/home/fabian/moveit2/install/moveit_common:${AMENT_PREFIX_PATH} CMAKE_PREFIX_PATH=/home/fabian/moveit2/install/moveit_setup_framework:/home/fabian/moveit2/install/moveit_ros_visualization:/home/fabian/moveit2/install/moveit_ros_planning_interface:/home/fabian/moveit2/install/moveit_ros_move_group:/home/fabian/moveit2/install/moveit_ros_warehouse:/home/fabian/moveit2/install/moveit_ros_robot_interaction:/home/fabian/moveit2/install/moveit_kinematics:/home/fabian/moveit2/install/moveit_ros_planning:/home/fabian/moveit2/install/moveit_simple_controller_manager:/home/fabian/moveit2/install/moveit_ros_occupancy_map_monitor:/home/fabian/moveit2/install/moveit_core:/home/fabian/moveit2/install/moveit_common:/home/fabian/yb_support/ros_odrive/install/odrive_ros2_control:/home/fabian/yb_support/ros_odrive/install/odrive_can:/home/fabian/yb_support/slam_toolbox/install/slam_toolbox:/home/fabian/yb_support/my_msgs/install/my_msgs:/home/fabian/yb_support/pointcloud_to_laserscan/install/pointcloud_to_laserscan:/home/fabian/yb_support/mecanum_drive_controller/install/mecanum_drive_controller:/home/fabian/ros2_ws/install/ros2_control_demo_example_2:/home/fabian/ros2_ws/install/ros2_control_demo_description:/home/fabian/yahboom_rosmaster/install/yahboom_rosmaster:/home/fabian/yahboom_rosmaster/install/yahboom_rosmaster_system_tests:/home/fabian/yahboom_rosmaster/install/yahboom_rosmaster_navigation:/home/fabian/yahboom_rosmaster/install/yahboom_rosmaster_msgs:/home/fabian/yahboom_rosmaster/install/yahboom_rosmaster_localization:/home/fabian/yahboom_rosmaster/install/yahboom_rosmaster_gazebo:/home/fabian/yahboom_rosmaster/install/yahboom_rosmaster_docking:/home/fabian/yahboom_rosmaster/install/yahboom_rosmaster_description:/home/fabian/yahboom_rosmaster/install/yahboom_rosmaster_bringup:/home/fabian/yahboom_rosmaster/install/mecanum_drive_controller:/home/fabian/cartesian_controllers/install/cartesian_compliance_controller:/home/fabian/cartesian_controllers/install/cartesian_motion_controller:/home/fabian/cartesian_controllers/install/cartesian_force_controller:/home/fabian/cartesian_controllers/install/cartesian_controller_utilities:/home/fabian/youbot_ws/install/youbot:/home/fabian/yb_support/urdf_parser_py/install/urdfdom_py:/home/fabian/yb_support/twist_stamper/install/twist_stamper:/home/fabian/yb_support/kdl_parser_py/install/kdl_parser_py:/opt/ros/rolling:/home/fabian/cartesian_controllers/install/cartesian_controller_tests:/home/fabian/cartesian_controllers/install/cartesian_controller_simulation:/home/fabian/cartesian_controllers/install/cartesian_controller_handles:/home/fabian/cartesian_controllers/install/cartesian_controller_base:/home/fabian/ros2_control_demos/example_7/install/ros2_control_demo_example_7:/home/fabian/yb_support/unilidar_sdk2/install/unitree_lidar_ros2:/home/fabian/fixslam/install/geometry_msgs:/home/fabian/fixslam/install/std_msgs:/opt/ros/rolling/opt/gz_sim_vendor:/opt/ros/rolling/opt/gz_sensors_vendor:/opt/ros/rolling/opt/gz_physics_vendor:/opt/ros/rolling/opt/sdformat_vendor:/opt/ros/rolling/opt/gz_gui_vendor:/opt/ros/rolling/opt/gz_transport_vendor:/opt/ros/rolling/opt/gz_rendering_vendor:/opt/ros/rolling/opt/gz_plugin_vendor:/opt/ros/rolling/opt/gz_fuel_tools_vendor:/opt/ros/rolling/opt/gz_msgs_vendor:/opt/ros/rolling/opt/gz_common_vendor:/opt/ros/rolling/opt/gz_math_vendor:/opt/ros/rolling/opt/gz_utils_vendor:/opt/ros/rolling/opt/gz_tools_vendor:/opt/ros/rolling/opt/gz_ogre_next_vendor:/opt/ros/rolling/opt/gz_dartsim_vendor:/opt/ros/rolling/opt/gz_cmake_vendor DEBUGINFOD_URLS=https://debuginfod.ubuntu.com LD_LIBRARY_PATH=/home/fabian/moveit2/install/moveit_setup_framework/lib:/home/fabian/moveit2/install/moveit_ros_visualization/lib:/home/fabian/moveit2/install/moveit_ros_planning_interface/lib:/home/fabian/moveit2/install/moveit_ros_move_group/lib:/home/fabian/moveit2/install/moveit_ros_warehouse/lib:/home/fabian/moveit2/install/moveit_ros_robot_interaction/lib:/home/fabian/moveit2/install/moveit_kinematics/lib:/home/fabian/moveit2/install/moveit_ros_planning/lib:/home/fabian/moveit2/install/moveit_simple_controller_manager/lib:/home/fabian/moveit2/install/moveit_ros_occupancy_map_monitor/lib:/home/fabian/moveit2/install/moveit_core/lib:${LD_LIBRARY_PATH} PATH=/home/fabian/moveit2/install/moveit_core/bin:${PATH} PYTHONPATH=/home/fabian/moveit2/install/moveit_configs_utils/lib/python3.12/site-packages:${PYTHONPATH} /usr/bin/cmake --install /home/fabian/moveit2/build/moveit_setup_srdf_plugins
