-- The CXX compiler identification is GNU 13.3.0
-- Detecting CXX compiler ABI info
-- Detecting CXX compiler ABI info - done
-- Check for working CXX compiler: /usr/bin/c++ - skipped
-- Detecting CXX compile features
-- Detecting CXX compile features - done
-- Found moveit_common: 2.14.0 (/home/fabian/moveit2/install/moveit_common/share/moveit_common/cmake)
-- Found ament_cmake: 2.8.4 (/opt/ros/rolling/share/ament_cmake/cmake)
-- Found Python3: /usr/bin/python3 (found version "3.12.3") found components: Interpreter 
-- Found generate_parameter_library: 0.5.0 (/opt/ros/rolling/share/generate_parameter_library/cmake)
-- Found parameter_traits: 0.5.0 (/opt/ros/rolling/share/parameter_traits/cmake)
-- Found rosidl_generator_c: 5.0.1 (/opt/ros/rolling/share/rosidl_generator_c/cmake)
-- Found rosidl_generator_cpp: 5.0.1 (/opt/ros/rolling/share/rosidl_generator_cpp/cmake)
-- Using all available rosidl_typesupport_c: rosidl_typesupport_fastrtps_c;rosidl_typesupport_introspection_c
-- Using all available rosidl_typesupport_cpp: rosidl_typesupport_fastrtps_cpp;rosidl_typesupport_introspection_cpp
-- Found rmw_implementation_cmake: 7.9.0 (/opt/ros/rolling/share/rmw_implementation_cmake/cmake)
-- Found rmw_fastrtps_cpp: 9.4.2 (/opt/ros/rolling/share/rmw_fastrtps_cpp/cmake)
-- Found OpenSSL: /usr/lib/x86_64-linux-gnu/libcrypto.so (found version "3.0.13")  
-- Using RMW implementation 'rmw_fastrtps_cpp' as default
-- Found rclcpp_lifecycle: 30.1.0 (/opt/ros/rolling/share/rclcpp_lifecycle/cmake)
-- Found control_msgs: 6.4.0 (/opt/ros/rolling/share/control_msgs/cmake)
-- Found moveit_core: 2.14.0 (/home/fabian/moveit2/install/moveit_core/share/moveit_core/cmake)
-- Found Boost: /usr/lib/x86_64-linux-gnu/cmake/Boost-1.83.0/BoostConfig.cmake (found version "1.83.0") found components: chrono date_time filesystem iostreams program_options regex serialization system thread 
-- Found Boost: /usr/lib/x86_64-linux-gnu/cmake/Boost-1.83.0/BoostConfig.cmake (found version "1.83.0") found components: random 
-- Found Eigen3: TRUE (found version "3.4.0") 
-- Ensuring Eigen3 include directory is part of orocos-kdl CMake target
-- Found moveit_ros_planning: 2.14.0 (/home/fabian/moveit2/install/moveit_ros_planning/share/moveit_ros_planning/cmake)
-- Found Boost: /usr/lib/x86_64-linux-gnu/cmake/Boost-1.83.0/BoostConfig.cmake (found version "1.83.0") found components: system filesystem date_time program_options thread chrono 
-- Found moveit_ros_planning_interface: 2.14.0 (/home/fabian/moveit2/install/moveit_ros_planning_interface/share/moveit_ros_planning_interface/cmake)
-- Found Boost: /usr/lib/x86_64-linux-gnu/cmake/Boost-1.83.0/BoostConfig.cmake (found version "1.83.0") found components: date_time filesystem program_options system thread 
-- Found Boost: /usr/lib/x86_64-linux-gnu/cmake/Boost-1.83.0/BoostConfig.cmake (found version "1.83.0") found components: thread system filesystem regex date_time program_options 
-- Found Boost: /usr/lib/x86_64-linux-gnu/cmake/Boost-1.83.0/BoostConfig.cmake (found version "1.83.0") found components: system filesystem date_time program_options thread 
-- Found realtime_tools: 4.4.0 (/opt/ros/rolling/share/realtime_tools/cmake)
-- Found ament_cmake_gtest: 2.8.4 (/opt/ros/rolling/share/ament_cmake_gtest/cmake)
-- Found ros_testing: 0.9.1 (/opt/ros/rolling/share/ros_testing/cmake)
-- Found launch_testing_ament_cmake: 3.9.2 (/opt/ros/rolling/share/launch_testing_ament_cmake/cmake)
-- Found gtest sources under '/opt/ros/rolling/src/gtest_vendor': C++ tests using 'Google Test' will be built
-- The C compiler identification is GNU 13.3.0
-- Detecting C compiler ABI info
-- Detecting C compiler ABI info - done
-- Check for working C compiler: /usr/bin/cc - skipped
-- Detecting C compile features
-- Detecting C compile features - done
-- Found Threads: TRUE  
-- Configuring done (8.8s)
-- Generating done (0.3s)
-- Build files have been written to: /home/fabian/moveit2/build/moveit_servo
[  3%] [32mBuilding CXX object CMakeFiles/servo_node.dir/rclcpp_components/node_main_servo_node.cpp.o[0m
[  6%] [32mBuilding CXX object gtest/CMakeFiles/gtest_main.dir/src/gtest_main.cc.o[0m
[ 10%] [34m[1mRunning `/opt/ros/rolling/bin/generate_parameter_library_cpp /home/fabian/moveit2/build/moveit_servo/include/moveit_servo/moveit_servo_lib_parameters.hpp /home/fabian/moveit2/moveit_ros/moveit_servo/config/servo_parameters.yaml `[0m
[ 13%] [32mBuilding CXX object CMakeFiles/servo_keyboard_input.dir/demos/servo_keyboard_input.cpp.o[0m
[ 17%] [32mBuilding CXX object gtest/CMakeFiles/gtest.dir/src/gtest-all.cc.o[0m
[ 20%] [32m[1mLinking CXX static library libgtest_main.a[0m
[ 20%] Built target gtest_main
[ 24%] [34m[1mCreating deprecated header file /home/fabian/moveit2/build/moveit_servo/include/moveit_servo_lib_parameters.hpp[0m
[ 24%] Built target moveit_servo_lib_parameters
[ 27%] [32mBuilding CXX object CMakeFiles/moveit_servo_lib_cpp.dir/src/collision_monitor.cpp.o[0m
[ 31%] [32mBuilding CXX object CMakeFiles/moveit_servo_lib_cpp.dir/src/utils/common.cpp.o[0m
[ 34%] [32mBuilding CXX object CMakeFiles/moveit_servo_lib_cpp.dir/src/servo.cpp.o[0m
[ 37%] [32mBuilding CXX object CMakeFiles/moveit_servo_lib_cpp.dir/src/utils/command.cpp.o[0m
[ 41%] [32m[1mLinking CXX executable servo_node[0m
[ 41%] Built target servo_node
[ 44%] [32m[1mLinking CXX static library libgtest.a[0m
[ 44%] Built target gtest
[ 48%] [32mBuilding CXX object CMakeFiles/moveit_servo_ros_integration_test.dir/tests/test_ros_integration.cpp.o[0m
[ 51%] [32m[1mLinking CXX executable servo_keyboard_input[0m
[ 51%] Built target servo_keyboard_input
[ 55%] [32m[1mLinking CXX shared library libmoveit_servo_lib_cpp.so[0m
[ 55%] Built target moveit_servo_lib_cpp
[ 58%] [32m[1mLinking CXX executable moveit_servo_ros_integration_test[0m
[ 58%] Built target moveit_servo_ros_integration_test
[ 62%] [32mBuilding CXX object CMakeFiles/moveit_servo_cpp_integration_test.dir/tests/test_integration.cpp.o[0m
[ 65%] [32m[1mLinking CXX executable moveit_servo_cpp_integration_test[0m
[ 65%] Built target moveit_servo_cpp_integration_test
[ 68%] [32mBuilding CXX object CMakeFiles/moveit_servo_utils_test.dir/tests/test_utils.cpp.o[0m
[ 72%] [32mBuilding CXX object CMakeFiles/demo_pose.dir/demos/cpp_interface/demo_pose.cpp.o[0m
[ 75%] [32mBuilding CXX object CMakeFiles/demo_twist.dir/demos/cpp_interface/demo_twist.cpp.o[0m
[ 79%] [32m[1mLinking CXX executable moveit_servo_utils_test[0m
[ 79%] Built target moveit_servo_utils_test
[ 82%] [32m[1mLinking CXX executable demo_twist[0m
[ 86%] [32m[1mLinking CXX executable demo_pose[0m
[ 86%] Built target demo_twist
[ 86%] Built target demo_pose
[ 89%] [32mBuilding CXX object CMakeFiles/demo_joint_jog.dir/demos/cpp_interface/demo_joint_jog.cpp.o[0m
[ 93%] [32m[1mLinking CXX executable demo_joint_jog[0m
[ 93%] Built target demo_joint_jog
[ 96%] [32mBuilding CXX object CMakeFiles/moveit_servo_lib_ros.dir/src/servo_node.cpp.o[0m
[100%] [32m[1mLinking CXX shared library libmoveit_servo_lib_ros.so[0m
[100%] Built target moveit_servo_lib_ros
-- Install configuration: "Release"
-- Installing: /home/fabian/moveit2/install/moveit_servo/include/moveit_servo
-- Installing: /home/fabian/moveit2/install/moveit_servo/include/moveit_servo/moveit_servo_lib_parameters.hpp
-- Installing: /home/fabian/moveit2/install/moveit_servo/lib/moveit_servo/servo_node
-- Set non-toolchain portion of runtime path of "/home/fabian/moveit2/install/moveit_servo/lib/moveit_servo/servo_node" to ""
-- Installing: /home/fabian/moveit2/install/moveit_servo/lib/libmoveit_servo_lib_cpp.so.2.14.0
-- Set non-toolchain portion of runtime path of "/home/fabian/moveit2/install/moveit_servo/lib/libmoveit_servo_lib_cpp.so.2.14.0" to ""
-- Installing: /home/fabian/moveit2/install/moveit_servo/lib/libmoveit_servo_lib_cpp.so
-- Installing: /home/fabian/moveit2/install/moveit_servo/lib/libmoveit_servo_lib_ros.so.2.14.0
-- Set non-toolchain portion of runtime path of "/home/fabian/moveit2/install/moveit_servo/lib/libmoveit_servo_lib_ros.so.2.14.0" to ""
-- Installing: /home/fabian/moveit2/install/moveit_servo/lib/libmoveit_servo_lib_ros.so
-- Installing: /home/fabian/moveit2/install/moveit_servo/lib/moveit_servo/demo_joint_jog
-- Set non-toolchain portion of runtime path of "/home/fabian/moveit2/install/moveit_servo/lib/moveit_servo/demo_joint_jog" to ""
-- Installing: /home/fabian/moveit2/install/moveit_servo/lib/moveit_servo/demo_twist
-- Set non-toolchain portion of runtime path of "/home/fabian/moveit2/install/moveit_servo/lib/moveit_servo/demo_twist" to ""
-- Installing: /home/fabian/moveit2/install/moveit_servo/lib/moveit_servo/demo_pose
-- Set non-toolchain portion of runtime path of "/home/fabian/moveit2/install/moveit_servo/lib/moveit_servo/demo_pose" to ""
-- Up-to-date: /home/fabian/moveit2/install/moveit_servo/lib/moveit_servo/servo_node
-- Installing: /home/fabian/moveit2/install/moveit_servo/lib/moveit_servo/servo_keyboard_input
-- Set non-toolchain portion of runtime path of "/home/fabian/moveit2/install/moveit_servo/lib/moveit_servo/servo_keyboard_input" to ""
-- Up-to-date: /home/fabian/moveit2/install/moveit_servo/include/moveit_servo
-- Installing: /home/fabian/moveit2/install/moveit_servo/include/moveit_servo/moveit_servo
-- Installing: /home/fabian/moveit2/install/moveit_servo/include/moveit_servo/moveit_servo/collision_monitor.hpp
-- Installing: /home/fabian/moveit2/install/moveit_servo/include/moveit_servo/moveit_servo/servo_node.h
-- Installing: /home/fabian/moveit2/install/moveit_servo/include/moveit_servo/moveit_servo/servo.h
-- Installing: /home/fabian/moveit2/install/moveit_servo/include/moveit_servo/moveit_servo/collision_monitor.h
-- Installing: /home/fabian/moveit2/install/moveit_servo/include/moveit_servo/moveit_servo/servo_node.hpp
-- Installing: /home/fabian/moveit2/install/moveit_servo/include/moveit_servo/moveit_servo/utils
-- Installing: /home/fabian/moveit2/install/moveit_servo/include/moveit_servo/moveit_servo/utils/command.hpp
-- Installing: /home/fabian/moveit2/install/moveit_servo/include/moveit_servo/moveit_servo/utils/command.h
-- Installing: /home/fabian/moveit2/install/moveit_servo/include/moveit_servo/moveit_servo/utils/common.h
-- Installing: /home/fabian/moveit2/install/moveit_servo/include/moveit_servo/moveit_servo/utils/datatypes.hpp
-- Installing: /home/fabian/moveit2/install/moveit_servo/include/moveit_servo/moveit_servo/utils/common.hpp
-- Installing: /home/fabian/moveit2/install/moveit_servo/include/moveit_servo/moveit_servo/utils/datatypes.h
-- Installing: /home/fabian/moveit2/install/moveit_servo/include/moveit_servo/moveit_servo/servo.hpp
-- Installing: /home/fabian/moveit2/install/moveit_servo/share/moveit_servo/launch
-- Installing: /home/fabian/moveit2/install/moveit_servo/share/moveit_servo/launch/demo_twist.launch.py
-- Installing: /home/fabian/moveit2/install/moveit_servo/share/moveit_servo/launch/demo_ros_api.launch.py
-- Installing: /home/fabian/moveit2/install/moveit_servo/share/moveit_servo/launch/demo_pose.launch.py
-- Installing: /home/fabian/moveit2/install/moveit_servo/share/moveit_servo/launch/demo_joint_jog.launch.py
-- Installing: /home/fabian/moveit2/install/moveit_servo/share/moveit_servo/config
-- Installing: /home/fabian/moveit2/install/moveit_servo/share/moveit_servo/config/panda_simulated_config.yaml
-- Installing: /home/fabian/moveit2/install/moveit_servo/share/moveit_servo/config/demo_rviz_config.rviz
-- Installing: /home/fabian/moveit2/install/moveit_servo/share/moveit_servo/config/servo_parameters.yaml
-- Installing: /home/fabian/moveit2/install/moveit_servo/share/moveit_servo/config/test_config_panda.yaml
-- Installing: /home/fabian/moveit2/install/moveit_servo/share/moveit_servo/config/demo_rviz_config_ros.rviz
-- Installing: /home/fabian/moveit2/install/moveit_servo/share/moveit_servo/environment/library_path.sh
-- Installing: /home/fabian/moveit2/install/moveit_servo/share/moveit_servo/environment/library_path.dsv
-- Installing: /home/fabian/moveit2/install/moveit_servo/share/ament_index/resource_index/package_run_dependencies/moveit_servo
-- Installing: /home/fabian/moveit2/install/moveit_servo/share/ament_index/resource_index/parent_prefix_path/moveit_servo
-- Installing: /home/fabian/moveit2/install/moveit_servo/share/moveit_servo/environment/ament_prefix_path.sh
-- Installing: /home/fabian/moveit2/install/moveit_servo/share/moveit_servo/environment/ament_prefix_path.dsv
-- Installing: /home/fabian/moveit2/install/moveit_servo/share/moveit_servo/environment/path.sh
-- Installing: /home/fabian/moveit2/install/moveit_servo/share/moveit_servo/environment/path.dsv
-- Installing: /home/fabian/moveit2/install/moveit_servo/share/moveit_servo/local_setup.bash
-- Installing: /home/fabian/moveit2/install/moveit_servo/share/moveit_servo/local_setup.sh
-- Installing: /home/fabian/moveit2/install/moveit_servo/share/moveit_servo/local_setup.zsh
-- Installing: /home/fabian/moveit2/install/moveit_servo/share/moveit_servo/local_setup.dsv
-- Installing: /home/fabian/moveit2/install/moveit_servo/share/moveit_servo/package.dsv
-- Installing: /home/fabian/moveit2/install/moveit_servo/share/ament_index/resource_index/packages/moveit_servo
-- Installing: /home/fabian/moveit2/install/moveit_servo/share/ament_index/resource_index/rclcpp_components/moveit_servo
-- Installing: /home/fabian/moveit2/install/moveit_servo/share/moveit_servo/cmake/moveit_servoTargetsExport.cmake
-- Installing: /home/fabian/moveit2/install/moveit_servo/share/moveit_servo/cmake/moveit_servoTargetsExport-release.cmake
-- Installing: /home/fabian/moveit2/install/moveit_servo/share/moveit_servo/cmake/ament_cmake_export_dependencies-extras.cmake
-- Installing: /home/fabian/moveit2/install/moveit_servo/share/moveit_servo/cmake/ament_cmake_export_targets-extras.cmake
-- Installing: /home/fabian/moveit2/install/moveit_servo/share/moveit_servo/cmake/moveit_servoConfig.cmake
-- Installing: /home/fabian/moveit2/install/moveit_servo/share/moveit_servo/cmake/moveit_servoConfig-version.cmake
-- Installing: /home/fabian/moveit2/install/moveit_servo/share/moveit_servo/package.xml
