-- The CXX compiler identification is GNU 13.3.0
-- Detecting CXX compiler ABI info
-- Detecting CXX compiler ABI info - done
-- Check for working CXX compiler: /usr/bin/c++ - skipped
-- Detecting CXX compile features
-- Detecting CXX compile features - done
-- Found ament_cmake: 2.8.4 (/opt/ros/rolling/share/ament_cmake/cmake)
-- Found Python3: /usr/bin/python3 (found version "3.12.3") found components: Interpreter 
-- Found hardware_interface: 5.5.0 (/opt/ros/rolling/share/hardware_interface/cmake)
-- Found rosidl_generator_c: 5.0.1 (/opt/ros/rolling/share/rosidl_generator_c/cmake)
-- Found rosidl_generator_cpp: 5.0.1 (/opt/ros/rolling/share/rosidl_generator_cpp/cmake)
-- Using all available rosidl_typesupport_c: rosidl_typesupport_fastrtps_c;rosidl_typesupport_introspection_c
-- Using all available rosidl_typesupport_cpp: rosidl_typesupport_fastrtps_cpp;rosidl_typesupport_introspection_cpp
-- Found TinyXML2 via Config file: /usr/lib/x86_64-linux-gnu/cmake/tinyxml2
-- Found rmw_implementation_cmake: 7.9.0 (/opt/ros/rolling/share/rmw_implementation_cmake/cmake)
-- Found rmw_fastrtps_cpp: 9.4.2 (/opt/ros/rolling/share/rmw_fastrtps_cpp/cmake)
-- Found TinyXML2 via Config file: /usr/lib/x86_64-linux-gnu/cmake/tinyxml2
-- Found OpenSSL: /usr/lib/x86_64-linux-gnu/libcrypto.so (found version "3.0.13")  
-- Found TinyXML2 via Config file: /usr/lib/x86_64-linux-gnu/cmake/tinyxml2
-- Using RMW implementation 'rmw_fastrtps_cpp' as default
-- Found serial: 1.2.1 (/home/fabian/moveit2/install/serial/share/serial/cmake)
[0mCMake Deprecation Warning at /opt/ros/rolling/share/ament_cmake_target_dependencies/cmake/ament_target_dependencies.cmake:87 (message):
  ament_target_dependencies() is deprecated.  Use target_link_libraries()
  with modern CMake targets instead.  Try replacing this call with:

    target_link_libraries(robotiq_driver PUBLIC
      hardware_interface::hardware_interface
      hardware_interface::mock_components
      pluginlib::pluginlib
      rclcpp::rclcpp
      rclcpp_lifecycle::rclcpp_lifecycle
      serial::serial
    )

Call Stack (most recent call first):
  CMakeLists.txt:64 (ament_target_dependencies)

[0m
-- Found ament_cmake_gtest: 2.8.4 (/opt/ros/rolling/share/ament_cmake_gtest/cmake)
-- Found ament_cmake_gmock: 2.8.4 (/opt/ros/rolling/share/ament_cmake_gmock/cmake)
-- Found ament_lint_auto: 0.20.2 (/opt/ros/rolling/share/ament_lint_auto/cmake)
-- Found gmock sources under '/opt/ros/rolling/src/gmock_vendor': C++ tests using 'Google Mock' will be built
-- The C compiler identification is GNU 13.3.0
-- Detecting C compiler ABI info
-- Detecting C compiler ABI info - done
-- Check for working C compiler: /usr/bin/cc - skipped
-- Detecting C compile features
-- Detecting C compile features - done
-- Found gtest sources under '/opt/ros/rolling/src/gtest_vendor': C++ tests using 'Google Test' will be built
[0mCMake Deprecation Warning at /opt/ros/rolling/share/ament_cmake_target_dependencies/cmake/ament_target_dependencies.cmake:87 (message):
  ament_target_dependencies() is deprecated.  Use target_link_libraries()
  with modern CMake targets instead.  Try replacing this call with:

    target_link_libraries(test_robotiq_gripper_hardware_interface PUBLIC
      
    )

Call Stack (most recent call first):
  tests/CMakeLists.txt:23 (ament_target_dependencies)

[0m
-- Configuring done (12.4s)
-- Generating done (0.2s)
-- Build files have been written to: /home/fabian/moveit2/ros2_robotiq_gripper/build/robotiq_driver
[  4%] [32mBuilding CXX object gmock/CMakeFiles/gmock_main.dir/src/gmock_main.cc.o[0m
[ 12%] [32mBuilding CXX object CMakeFiles/robotiq_driver.dir/src/data_utils.cpp.o[0m
[ 12%] [32mBuilding CXX object CMakeFiles/robotiq_driver.dir/src/crc_utils.cpp.o[0m
[ 16%] [32mBuilding CXX object gmock/CMakeFiles/gmock.dir/src/gmock-all.cc.o[0m
[ 20%] [32mBuilding CXX object CMakeFiles/robotiq_driver.dir/src/default_driver.cpp.o[0m
[ 25%] [32mBuilding CXX object gmock/CMakeFiles/gmock.dir/opt/ros/rolling/src/gtest_vendor/src/gtest-all.cc.o[0m
[ 29%] [32mBuilding CXX object CMakeFiles/robotiq_driver.dir/src/hardware_interface.cpp.o[0m
[ 33%] [32mBuilding CXX object CMakeFiles/robotiq_driver.dir/src/default_driver_factory.cpp.o[0m
[ 37%] [32mBuilding CXX object CMakeFiles/robotiq_driver.dir/src/fake/fake_driver.cpp.o[0m
[ 41%] [32mBuilding CXX object CMakeFiles/robotiq_driver.dir/src/default_serial.cpp.o[0m
[ 45%] [32m[1mLinking CXX static library libgmock_main.a[0m
[ 50%] [32mBuilding CXX object CMakeFiles/robotiq_driver.dir/src/default_serial_factory.cpp.o[0m
[ 50%] Built target gmock_main
[01m[K/home/fabian/moveit2/ros2_robotiq_gripper/robotiq_driver/src/hardware_interface.cpp:[m[K In member function ‘[01m[Kvirtual hardware_interface::CallbackReturn robotiq_driver::RobotiqGripperHardwareInterface::[01;32m[Kon_init[m[K(const hardware_interface::HardwareInfo&)[m[K’:
[01m[K/home/fabian/moveit2/ros2_robotiq_gripper/robotiq_driver/src/hardware_interface.cpp:79:51:[m[K [01;35m[Kwarning: [m[K‘[01m[Kvirtual rclcpp_lifecycle::node_interfaces::LifecycleNodeInterface::CallbackReturn hardware_interface::SystemInterface::[01;32m[Kon_init[m[K(const hardware_interface::HardwareInfo&)[m[K’ is deprecated: Use on_init(const HardwareComponentInterfaceParams & params) instead. [[01;35m[K]8;;https://gcc.gnu.org/onlinedocs/gcc/Warning-Options.html#index-Wdeprecated-declarations-Wdeprecated-declarations]8;;[m[K]
   79 |   if ([01;35m[Khardware_interface::SystemInterface::on_init(info)[m[K != CallbackReturn::SUCCESS)
      |       [01;35m[K~~~~~~~~~~~~~~~~~~~~~~~~~~~~~~~~~~~~~~~~~~~~^~~~~~[m[K
In file included from [01m[K/home/fabian/moveit2/ros2_robotiq_gripper/robotiq_driver/include/robotiq_driver/hardware_interface.hpp:44[m[K,
                 from [01m[K/home/fabian/moveit2/ros2_robotiq_gripper/robotiq_driver/src/hardware_interface.cpp:36[m[K:
[01m[K/opt/ros/rolling/include/hardware_interface/hardware_interface/system_interface.hpp:226:26:[m[K [01;36m[Knote: [m[Kdeclared here
  226 |   virtual CallbackReturn [01;36m[Kon_init[m[K(const HardwareInfo & hardware_info)
      |                          [01;36m[K^~~~~~~[m[K
[ 54%] [32m[1mLinking CXX static library libgmock.a[0m
[ 54%] Built target gmock
[ 58%] [32m[1mLinking CXX shared library librobotiq_driver.so[0m
[ 58%] Built target robotiq_driver
[ 62%] [32mBuilding CXX object tests/CMakeFiles/test_crc_utils.dir/test_crc_utils.cpp.o[0m
[ 66%] [32mBuilding CXX object tests/CMakeFiles/test_default_serial_factory.dir/test_default_serial_factory.cpp.o[0m
[ 70%] [32mBuilding CXX object tests/CMakeFiles/test_default_driver_factory.dir/test_default_driver_factory.cpp.o[0m
[ 75%] [32mBuilding CXX object tests/CMakeFiles/test_robotiq_gripper_hardware_interface.dir/test_robotiq_gripper_hardware_interface.cpp.o[0m
[ 79%] [32mBuilding CXX object tests/CMakeFiles/test_data_utils.dir/test_data_utils.cpp.o[0m
[ 83%] [32m[1mLinking CXX executable test_crc_utils[0m
[ 87%] [32m[1mLinking CXX executable test_data_utils[0m
[ 87%] Built target test_crc_utils
[ 87%] Built target test_data_utils
[ 91%] [32m[1mLinking CXX executable test_default_serial_factory[0m
[ 91%] Built target test_default_serial_factory
[ 95%] [32m[1mLinking CXX executable test_default_driver_factory[0m
[100%] [32m[1mLinking CXX executable test_robotiq_gripper_hardware_interface[0m
[100%] Built target test_default_driver_factory
[100%] Built target test_robotiq_gripper_hardware_interface
-- Install configuration: ""
-- Installing: /home/fabian/moveit2/ros2_robotiq_gripper/install/robotiq_driver/share/robotiq_driver/hardware_interface_plugin.xml
-- Installing: /home/fabian/moveit2/ros2_robotiq_gripper/install/robotiq_driver/share/robotiq_driver/environment/library_path.sh
-- Installing: /home/fabian/moveit2/ros2_robotiq_gripper/install/robotiq_driver/share/robotiq_driver/environment/library_path.dsv
-- Installing: /home/fabian/moveit2/ros2_robotiq_gripper/install/robotiq_driver/include
-- Installing: /home/fabian/moveit2/ros2_robotiq_gripper/install/robotiq_driver/include/robotiq_driver
-- Installing: /home/fabian/moveit2/ros2_robotiq_gripper/install/robotiq_driver/include/robotiq_driver/serial.hpp
-- Installing: /home/fabian/moveit2/ros2_robotiq_gripper/install/robotiq_driver/include/robotiq_driver/default_serial.hpp
-- Installing: /home/fabian/moveit2/ros2_robotiq_gripper/install/robotiq_driver/include/robotiq_driver/crc_utils.hpp
-- Installing: /home/fabian/moveit2/ros2_robotiq_gripper/install/robotiq_driver/include/robotiq_driver/visibility_control.hpp
-- Installing: /home/fabian/moveit2/ros2_robotiq_gripper/install/robotiq_driver/include/robotiq_driver/data_utils.hpp
-- Installing: /home/fabian/moveit2/ros2_robotiq_gripper/install/robotiq_driver/include/robotiq_driver/driver_factory.hpp
-- Installing: /home/fabian/moveit2/ros2_robotiq_gripper/install/robotiq_driver/include/robotiq_driver/driver.hpp
-- Installing: /home/fabian/moveit2/ros2_robotiq_gripper/install/robotiq_driver/include/robotiq_driver/driver_exception.hpp
-- Installing: /home/fabian/moveit2/ros2_robotiq_gripper/install/robotiq_driver/include/robotiq_driver/hardware_interface.hpp
-- Installing: /home/fabian/moveit2/ros2_robotiq_gripper/install/robotiq_driver/include/robotiq_driver/default_driver_factory.hpp
-- Installing: /home/fabian/moveit2/ros2_robotiq_gripper/install/robotiq_driver/include/robotiq_driver/serial_factory.hpp
-- Installing: /home/fabian/moveit2/ros2_robotiq_gripper/install/robotiq_driver/include/robotiq_driver/default_serial_factory.hpp
-- Installing: /home/fabian/moveit2/ros2_robotiq_gripper/install/robotiq_driver/include/robotiq_driver/default_driver.hpp
-- Installing: /home/fabian/moveit2/ros2_robotiq_gripper/install/robotiq_driver/include/robotiq_driver/fake
-- Installing: /home/fabian/moveit2/ros2_robotiq_gripper/install/robotiq_driver/include/robotiq_driver/fake/fake_driver.hpp
-- Installing: /home/fabian/moveit2/ros2_robotiq_gripper/install/robotiq_driver/lib/librobotiq_driver.so
-- Set non-toolchain portion of runtime path of "/home/fabian/moveit2/ros2_robotiq_gripper/install/robotiq_driver/lib/librobotiq_driver.so" to ""
-- Installing: /home/fabian/moveit2/ros2_robotiq_gripper/install/robotiq_driver/share/ament_index/resource_index/package_run_dependencies/robotiq_driver
-- Installing: /home/fabian/moveit2/ros2_robotiq_gripper/install/robotiq_driver/share/ament_index/resource_index/parent_prefix_path/robotiq_driver
-- Installing: /home/fabian/moveit2/ros2_robotiq_gripper/install/robotiq_driver/share/robotiq_driver/environment/ament_prefix_path.sh
-- Installing: /home/fabian/moveit2/ros2_robotiq_gripper/install/robotiq_driver/share/robotiq_driver/environment/ament_prefix_path.dsv
-- Installing: /home/fabian/moveit2/ros2_robotiq_gripper/install/robotiq_driver/share/robotiq_driver/environment/path.sh
-- Installing: /home/fabian/moveit2/ros2_robotiq_gripper/install/robotiq_driver/share/robotiq_driver/environment/path.dsv
-- Installing: /home/fabian/moveit2/ros2_robotiq_gripper/install/robotiq_driver/share/robotiq_driver/local_setup.bash
-- Installing: /home/fabian/moveit2/ros2_robotiq_gripper/install/robotiq_driver/share/robotiq_driver/local_setup.sh
-- Installing: /home/fabian/moveit2/ros2_robotiq_gripper/install/robotiq_driver/share/robotiq_driver/local_setup.zsh
-- Installing: /home/fabian/moveit2/ros2_robotiq_gripper/install/robotiq_driver/share/robotiq_driver/local_setup.dsv
-- Installing: /home/fabian/moveit2/ros2_robotiq_gripper/install/robotiq_driver/share/robotiq_driver/package.dsv
-- Installing: /home/fabian/moveit2/ros2_robotiq_gripper/install/robotiq_driver/share/ament_index/resource_index/packages/robotiq_driver
-- Installing: /home/fabian/moveit2/ros2_robotiq_gripper/install/robotiq_driver/share/ament_index/resource_index/hardware_interface__pluginlib__plugin/robotiq_driver
-- Installing: /home/fabian/moveit2/ros2_robotiq_gripper/install/robotiq_driver/share/robotiq_driver/cmake/robotiq_driver_targetsExport.cmake
-- Installing: /home/fabian/moveit2/ros2_robotiq_gripper/install/robotiq_driver/share/robotiq_driver/cmake/robotiq_driver_targetsExport-noconfig.cmake
-- Installing: /home/fabian/moveit2/ros2_robotiq_gripper/install/robotiq_driver/share/robotiq_driver/cmake/ament_cmake_export_targets-extras.cmake
-- Installing: /home/fabian/moveit2/ros2_robotiq_gripper/install/robotiq_driver/share/robotiq_driver/cmake/ament_cmake_export_dependencies-extras.cmake
-- Installing: /home/fabian/moveit2/ros2_robotiq_gripper/install/robotiq_driver/share/robotiq_driver/cmake/ament_cmake_export_include_directories-extras.cmake
-- Installing: /home/fabian/moveit2/ros2_robotiq_gripper/install/robotiq_driver/share/robotiq_driver/cmake/ament_cmake_export_libraries-extras.cmake
-- Installing: /home/fabian/moveit2/ros2_robotiq_gripper/install/robotiq_driver/share/robotiq_driver/cmake/robotiq_driverConfig.cmake
-- Installing: /home/fabian/moveit2/ros2_robotiq_gripper/install/robotiq_driver/share/robotiq_driver/cmake/robotiq_driverConfig-version.cmake
-- Installing: /home/fabian/moveit2/ros2_robotiq_gripper/install/robotiq_driver/share/robotiq_driver/package.xml
