[0.474s] Invoking command in '/home/fabian/moveit2/build/moveit_simple_controller_manager': AMENT_PREFIX_PATH=/home/fabian/moveit2/install/moveit_core:/home/fabian/moveit2/install/moveit_common:${AMENT_PREFIX_PATH} CMAKE_PREFIX_PATH=/home/fabian/moveit2/install/moveit_core:/home/fabian/moveit2/install/moveit_common:/home/fabian/yb_support/ros_odrive/install/odrive_ros2_control:/home/fabian/yb_support/ros_odrive/install/odrive_can:/home/fabian/yb_support/slam_toolbox/install/slam_toolbox:/home/fabian/yb_support/my_msgs/install/my_msgs:/home/fabian/yb_support/pointcloud_to_laserscan/install/pointcloud_to_laserscan:/home/fabian/yb_support/mecanum_drive_controller/install/mecanum_drive_controller:/home/fabian/ros2_ws/install/ros2_control_demo_example_2:/home/fabian/ros2_ws/install/ros2_control_demo_description:/home/fabian/yahboom_rosmaster/install/yahboom_rosmaster:/home/fabian/yahboom_rosmaster/install/yahboom_rosmaster_system_tests:/home/fabian/yahboom_rosmaster/install/yahboom_rosmaster_navigation:/home/fabian/yahboom_rosmaster/install/yahboom_rosmaster_msgs:/home/fabian/yahboom_rosmaster/install/yahboom_rosmaster_localization:/home/fabian/yahboom_rosmaster/install/yahboom_rosmaster_gazebo:/home/fabian/yahboom_rosmaster/install/yahboom_rosmaster_docking:/home/fabian/yahboom_rosmaster/install/yahboom_rosmaster_description:/home/fabian/yahboom_rosmaster/install/yahboom_rosmaster_bringup:/home/fabian/yahboom_rosmaster/install/mecanum_drive_controller:/home/fabian/cartesian_controllers/install/cartesian_compliance_controller:/home/fabian/cartesian_controllers/install/cartesian_motion_controller:/home/fabian/cartesian_controllers/install/cartesian_force_controller:/home/fabian/cartesian_controllers/install/cartesian_controller_utilities:/home/fabian/youbot_ws/install/youbot:/home/fabian/yb_support/urdf_parser_py/install/urdfdom_py:/home/fabian/yb_support/twist_stamper/install/twist_stamper:/home/fabian/yb_support/kdl_parser_py/install/kdl_parser_py:/opt/ros/rolling:/home/fabian/cartesian_controllers/install/cartesian_controller_tests:/home/fabian/cartesian_controllers/install/cartesian_controller_simulation:/home/fabian/cartesian_controllers/install/cartesian_controller_handles:/home/fabian/cartesian_controllers/install/cartesian_controller_base:/home/fabian/ros2_control_demos/example_7/install/ros2_control_demo_example_7:/home/fabian/yb_support/unilidar_sdk2/install/unitree_lidar_ros2:/home/fabian/fixslam/install/geometry_msgs:/home/fabian/fixslam/install/std_msgs:/opt/ros/rolling/opt/gz_sim_vendor:/opt/ros/rolling/opt/gz_sensors_vendor:/opt/ros/rolling/opt/gz_physics_vendor:/opt/ros/rolling/opt/sdformat_vendor:/opt/ros/rolling/opt/gz_gui_vendor:/opt/ros/rolling/opt/gz_transport_vendor:/opt/ros/rolling/opt/gz_rendering_vendor:/opt/ros/rolling/opt/gz_plugin_vendor:/opt/ros/rolling/opt/gz_fuel_tools_vendor:/opt/ros/rolling/opt/gz_msgs_vendor:/opt/ros/rolling/opt/gz_common_vendor:/opt/ros/rolling/opt/gz_math_vendor:/opt/ros/rolling/opt/gz_utils_vendor:/opt/ros/rolling/opt/gz_tools_vendor:/opt/ros/rolling/opt/gz_ogre_next_vendor:/opt/ros/rolling/opt/gz_dartsim_vendor:/opt/ros/rolling/opt/gz_cmake_vendor DEBUGINFOD_URLS=https://debuginfod.ubuntu.com LD_LIBRARY_PATH=/home/fabian/moveit2/install/moveit_core/lib:${LD_LIBRARY_PATH} PATH=/home/fabian/moveit2/install/moveit_core/bin:${PATH} /usr/bin/cmake /home/fabian/moveit2/moveit_plugins/moveit_simple_controller_manager -DCMAKE_INSTALL_PREFIX=/home/fabian/moveit2/install/moveit_simple_controller_manager
[0.809s] -- The CXX compiler identification is GNU 13.3.0
[1.293s] -- Detecting CXX compiler ABI info
[1.808s] -- Detecting CXX compiler ABI info - done
[1.823s] -- Check for working CXX compiler: /usr/bin/c++ - skipped
[1.823s] -- Detecting CXX compile features
[1.824s] -- Detecting CXX compile features - done
[1.827s] -- Found moveit_common: 2.14.0 (/home/fabian/moveit2/install/moveit_common/share/moveit_common/cmake)
[1.837s] -- Found ament_cmake: 2.8.4 (/opt/ros/rolling/share/ament_cmake/cmake)
[2.213s] -- Found Python3: /usr/bin/python3 (found version "3.12.3") found components: Interpreter 
[2.698s] -- Found moveit_core: 2.14.0 (/home/fabian/moveit2/install/moveit_core/share/moveit_core/cmake)
[2.698s] [0mmoveit_simple_controller_manager: You did not request a specific build type: Choosing 'Release' for maximum performance[0m
[3.393s] -- Found Boost: /usr/lib/x86_64-linux-gnu/cmake/Boost-1.83.0/BoostConfig.cmake (found version "1.83.0") found components: chrono date_time filesystem iostreams program_options regex serialization system thread 
[6.358s] -- Found parameter_traits: 0.5.0 (/opt/ros/rolling/share/parameter_traits/cmake)
[6.528s] -- Found rosidl_generator_c: 5.0.1 (/opt/ros/rolling/share/rosidl_generator_c/cmake)
[6.563s] -- Found rosidl_generator_cpp: 5.0.1 (/opt/ros/rolling/share/rosidl_generator_cpp/cmake)
[6.607s] -- Using all available rosidl_typesupport_c: rosidl_typesupport_fastrtps_c;rosidl_typesupport_introspection_c
[6.653s] -- Using all available rosidl_typesupport_cpp: rosidl_typesupport_fastrtps_cpp;rosidl_typesupport_introspection_cpp
[6.849s] -- Found rmw_implementation_cmake: 7.9.0 (/opt/ros/rolling/share/rmw_implementation_cmake/cmake)
[6.869s] -- Found rmw_fastrtps_cpp: 9.4.2 (/opt/ros/rolling/share/rmw_fastrtps_cpp/cmake)
[7.135s] -- Found OpenSSL: /usr/lib/x86_64-linux-gnu/libcrypto.so (found version "3.0.13")  
[7.158s] -- Using RMW implementation 'rmw_fastrtps_cpp' as default
[7.636s] -- Found rclcpp_lifecycle: 30.1.0 (/opt/ros/rolling/share/rclcpp_lifecycle/cmake)
[7.826s] -- Found Boost: /usr/lib/x86_64-linux-gnu/cmake/Boost-1.83.0/BoostConfig.cmake (found version "1.83.0") found components: random 
[8.124s] -- Found Eigen3: TRUE (found version "3.4.0") 
[8.124s] -- Ensuring Eigen3 include directory is part of orocos-kdl CMake target
[8.859s] -- Found control_msgs: 6.4.0 (/opt/ros/rolling/share/control_msgs/cmake)
[8.940s] -- Found Boost: /usr/lib/x86_64-linux-gnu/cmake/Boost-1.83.0/BoostConfig.cmake (found version "1.83.0") found components: thread 
[8.945s] [0mCMake Deprecation Warning at /opt/ros/rolling/share/ament_cmake_target_dependencies/cmake/ament_target_dependencies.cmake:87 (message):
[8.946s]   ament_target_dependencies() is deprecated.  Use target_link_libraries()
[8.946s]   with modern CMake targets instead.  Try replacing this call with:
[8.946s] 
[8.946s]     target_link_libraries(moveit_simple_controller_manager PUBLIC
[8.946s]       ${control_msgs_TARGETS}
[8.946s]       moveit_core::moveit_collision_detection
[8.946s]       moveit_core::moveit_collision_detection_bullet
[8.946s]       moveit_core::moveit_collision_detection_fcl
[8.946s]       moveit_core::moveit_collision_distance_field
[8.946s]       moveit_core::moveit_constraint_samplers
[8.946s]       moveit_core::moveit_distance_field
[8.946s]       moveit_core::moveit_dynamics_solver
[8.946s]       moveit_core::moveit_exceptions
[8.946s]       moveit_core::moveit_kinematic_constraints
[8.946s]       moveit_core::moveit_kinematics_base
[8.947s]       moveit_core::moveit_kinematics_metrics
[8.947s]       moveit_core::moveit_macros
[8.947s]       moveit_core::moveit_planning_interface
[8.947s]       moveit_core::moveit_planning_scene
[8.947s]       moveit_core::moveit_robot_model
[8.947s]       moveit_core::moveit_robot_state
[8.947s]       moveit_core::moveit_robot_trajectory
[8.947s]       moveit_core::moveit_smoothing_base
[8.947s]       moveit_core::moveit_test_utils
[8.947s]       moveit_core::moveit_trajectory_processing
[8.947s]       moveit_core::moveit_transforms
[8.947s]       moveit_core::moveit_utils
[8.947s]       pluginlib::pluginlib
[8.947s]       rclcpp::rclcpp
[8.948s]       rclcpp_action::rclcpp_action
[8.948s]     )
[8.948s] 
[8.948s] Call Stack (most recent call first):
[8.948s]   CMakeLists.txt:32 (ament_target_dependencies)
[8.948s] 
[8.948s] [0m
[8.976s] -- Configuring done (8.5s)
[9.045s] -- Generating done (0.0s)
[9.057s] -- Build files have been written to: /home/fabian/moveit2/build/moveit_simple_controller_manager
[9.076s] Invoked command in '/home/fabian/moveit2/build/moveit_simple_controller_manager' returned '0': AMENT_PREFIX_PATH=/home/fabian/moveit2/install/moveit_core:/home/fabian/moveit2/install/moveit_common:${AMENT_PREFIX_PATH} CMAKE_PREFIX_PATH=/home/fabian/moveit2/install/moveit_core:/home/fabian/moveit2/install/moveit_common:/home/fabian/yb_support/ros_odrive/install/odrive_ros2_control:/home/fabian/yb_support/ros_odrive/install/odrive_can:/home/fabian/yb_support/slam_toolbox/install/slam_toolbox:/home/fabian/yb_support/my_msgs/install/my_msgs:/home/fabian/yb_support/pointcloud_to_laserscan/install/pointcloud_to_laserscan:/home/fabian/yb_support/mecanum_drive_controller/install/mecanum_drive_controller:/home/fabian/ros2_ws/install/ros2_control_demo_example_2:/home/fabian/ros2_ws/install/ros2_control_demo_description:/home/fabian/yahboom_rosmaster/install/yahboom_rosmaster:/home/fabian/yahboom_rosmaster/install/yahboom_rosmaster_system_tests:/home/fabian/yahboom_rosmaster/install/yahboom_rosmaster_navigation:/home/fabian/yahboom_rosmaster/install/yahboom_rosmaster_msgs:/home/fabian/yahboom_rosmaster/install/yahboom_rosmaster_localization:/home/fabian/yahboom_rosmaster/install/yahboom_rosmaster_gazebo:/home/fabian/yahboom_rosmaster/install/yahboom_rosmaster_docking:/home/fabian/yahboom_rosmaster/install/yahboom_rosmaster_description:/home/fabian/yahboom_rosmaster/install/yahboom_rosmaster_bringup:/home/fabian/yahboom_rosmaster/install/mecanum_drive_controller:/home/fabian/cartesian_controllers/install/cartesian_compliance_controller:/home/fabian/cartesian_controllers/install/cartesian_motion_controller:/home/fabian/cartesian_controllers/install/cartesian_force_controller:/home/fabian/cartesian_controllers/install/cartesian_controller_utilities:/home/fabian/youbot_ws/install/youbot:/home/fabian/yb_support/urdf_parser_py/install/urdfdom_py:/home/fabian/yb_support/twist_stamper/install/twist_stamper:/home/fabian/yb_support/kdl_parser_py/install/kdl_parser_py:/opt/ros/rolling:/home/fabian/cartesian_controllers/install/cartesian_controller_tests:/home/fabian/cartesian_controllers/install/cartesian_controller_simulation:/home/fabian/cartesian_controllers/install/cartesian_controller_handles:/home/fabian/cartesian_controllers/install/cartesian_controller_base:/home/fabian/ros2_control_demos/example_7/install/ros2_control_demo_example_7:/home/fabian/yb_support/unilidar_sdk2/install/unitree_lidar_ros2:/home/fabian/fixslam/install/geometry_msgs:/home/fabian/fixslam/install/std_msgs:/opt/ros/rolling/opt/gz_sim_vendor:/opt/ros/rolling/opt/gz_sensors_vendor:/opt/ros/rolling/opt/gz_physics_vendor:/opt/ros/rolling/opt/sdformat_vendor:/opt/ros/rolling/opt/gz_gui_vendor:/opt/ros/rolling/opt/gz_transport_vendor:/opt/ros/rolling/opt/gz_rendering_vendor:/opt/ros/rolling/opt/gz_plugin_vendor:/opt/ros/rolling/opt/gz_fuel_tools_vendor:/opt/ros/rolling/opt/gz_msgs_vendor:/opt/ros/rolling/opt/gz_common_vendor:/opt/ros/rolling/opt/gz_math_vendor:/opt/ros/rolling/opt/gz_utils_vendor:/opt/ros/rolling/opt/gz_tools_vendor:/opt/ros/rolling/opt/gz_ogre_next_vendor:/opt/ros/rolling/opt/gz_dartsim_vendor:/opt/ros/rolling/opt/gz_cmake_vendor DEBUGINFOD_URLS=https://debuginfod.ubuntu.com LD_LIBRARY_PATH=/home/fabian/moveit2/install/moveit_core/lib:${LD_LIBRARY_PATH} PATH=/home/fabian/moveit2/install/moveit_core/bin:${PATH} /usr/bin/cmake /home/fabian/moveit2/moveit_plugins/moveit_simple_controller_manager -DCMAKE_INSTALL_PREFIX=/home/fabian/moveit2/install/moveit_simple_controller_manager
[9.079s] Invoking command in '/home/fabian/moveit2/build/moveit_simple_controller_manager': AMENT_PREFIX_PATH=/home/fabian/moveit2/install/moveit_core:/home/fabian/moveit2/install/moveit_common:${AMENT_PREFIX_PATH} CMAKE_PREFIX_PATH=/home/fabian/moveit2/install/moveit_core:/home/fabian/moveit2/install/moveit_common:/home/fabian/yb_support/ros_odrive/install/odrive_ros2_control:/home/fabian/yb_support/ros_odrive/install/odrive_can:/home/fabian/yb_support/slam_toolbox/install/slam_toolbox:/home/fabian/yb_support/my_msgs/install/my_msgs:/home/fabian/yb_support/pointcloud_to_laserscan/install/pointcloud_to_laserscan:/home/fabian/yb_support/mecanum_drive_controller/install/mecanum_drive_controller:/home/fabian/ros2_ws/install/ros2_control_demo_example_2:/home/fabian/ros2_ws/install/ros2_control_demo_description:/home/fabian/yahboom_rosmaster/install/yahboom_rosmaster:/home/fabian/yahboom_rosmaster/install/yahboom_rosmaster_system_tests:/home/fabian/yahboom_rosmaster/install/yahboom_rosmaster_navigation:/home/fabian/yahboom_rosmaster/install/yahboom_rosmaster_msgs:/home/fabian/yahboom_rosmaster/install/yahboom_rosmaster_localization:/home/fabian/yahboom_rosmaster/install/yahboom_rosmaster_gazebo:/home/fabian/yahboom_rosmaster/install/yahboom_rosmaster_docking:/home/fabian/yahboom_rosmaster/install/yahboom_rosmaster_description:/home/fabian/yahboom_rosmaster/install/yahboom_rosmaster_bringup:/home/fabian/yahboom_rosmaster/install/mecanum_drive_controller:/home/fabian/cartesian_controllers/install/cartesian_compliance_controller:/home/fabian/cartesian_controllers/install/cartesian_motion_controller:/home/fabian/cartesian_controllers/install/cartesian_force_controller:/home/fabian/cartesian_controllers/install/cartesian_controller_utilities:/home/fabian/youbot_ws/install/youbot:/home/fabian/yb_support/urdf_parser_py/install/urdfdom_py:/home/fabian/yb_support/twist_stamper/install/twist_stamper:/home/fabian/yb_support/kdl_parser_py/install/kdl_parser_py:/opt/ros/rolling:/home/fabian/cartesian_controllers/install/cartesian_controller_tests:/home/fabian/cartesian_controllers/install/cartesian_controller_simulation:/home/fabian/cartesian_controllers/install/cartesian_controller_handles:/home/fabian/cartesian_controllers/install/cartesian_controller_base:/home/fabian/ros2_control_demos/example_7/install/ros2_control_demo_example_7:/home/fabian/yb_support/unilidar_sdk2/install/unitree_lidar_ros2:/home/fabian/fixslam/install/geometry_msgs:/home/fabian/fixslam/install/std_msgs:/opt/ros/rolling/opt/gz_sim_vendor:/opt/ros/rolling/opt/gz_sensors_vendor:/opt/ros/rolling/opt/gz_physics_vendor:/opt/ros/rolling/opt/sdformat_vendor:/opt/ros/rolling/opt/gz_gui_vendor:/opt/ros/rolling/opt/gz_transport_vendor:/opt/ros/rolling/opt/gz_rendering_vendor:/opt/ros/rolling/opt/gz_plugin_vendor:/opt/ros/rolling/opt/gz_fuel_tools_vendor:/opt/ros/rolling/opt/gz_msgs_vendor:/opt/ros/rolling/opt/gz_common_vendor:/opt/ros/rolling/opt/gz_math_vendor:/opt/ros/rolling/opt/gz_utils_vendor:/opt/ros/rolling/opt/gz_tools_vendor:/opt/ros/rolling/opt/gz_ogre_next_vendor:/opt/ros/rolling/opt/gz_dartsim_vendor:/opt/ros/rolling/opt/gz_cmake_vendor DEBUGINFOD_URLS=https://debuginfod.ubuntu.com LD_LIBRARY_PATH=/home/fabian/moveit2/install/moveit_core/lib:${LD_LIBRARY_PATH} PATH=/home/fabian/moveit2/install/moveit_core/bin:${PATH} /usr/bin/cmake --build /home/fabian/moveit2/build/moveit_simple_controller_manager -- -j7 -l7
[9.246s] [ 33%] [32mBuilding CXX object CMakeFiles/moveit_simple_controller_manager.dir/src/moveit_simple_controller_manager.cpp.o[0m
[9.250s] [ 66%] [32mBuilding CXX object CMakeFiles/moveit_simple_controller_manager.dir/src/follow_joint_trajectory_controller_handle.cpp.o[0m
[67.094s] [100%] [32m[1mLinking CXX shared library libmoveit_simple_controller_manager.so[0m
[67.836s] [100%] Built target moveit_simple_controller_manager
[67.871s] Invoked command in '/home/fabian/moveit2/build/moveit_simple_controller_manager' returned '0': AMENT_PREFIX_PATH=/home/fabian/moveit2/install/moveit_core:/home/fabian/moveit2/install/moveit_common:${AMENT_PREFIX_PATH} CMAKE_PREFIX_PATH=/home/fabian/moveit2/install/moveit_core:/home/fabian/moveit2/install/moveit_common:/home/fabian/yb_support/ros_odrive/install/odrive_ros2_control:/home/fabian/yb_support/ros_odrive/install/odrive_can:/home/fabian/yb_support/slam_toolbox/install/slam_toolbox:/home/fabian/yb_support/my_msgs/install/my_msgs:/home/fabian/yb_support/pointcloud_to_laserscan/install/pointcloud_to_laserscan:/home/fabian/yb_support/mecanum_drive_controller/install/mecanum_drive_controller:/home/fabian/ros2_ws/install/ros2_control_demo_example_2:/home/fabian/ros2_ws/install/ros2_control_demo_description:/home/fabian/yahboom_rosmaster/install/yahboom_rosmaster:/home/fabian/yahboom_rosmaster/install/yahboom_rosmaster_system_tests:/home/fabian/yahboom_rosmaster/install/yahboom_rosmaster_navigation:/home/fabian/yahboom_rosmaster/install/yahboom_rosmaster_msgs:/home/fabian/yahboom_rosmaster/install/yahboom_rosmaster_localization:/home/fabian/yahboom_rosmaster/install/yahboom_rosmaster_gazebo:/home/fabian/yahboom_rosmaster/install/yahboom_rosmaster_docking:/home/fabian/yahboom_rosmaster/install/yahboom_rosmaster_description:/home/fabian/yahboom_rosmaster/install/yahboom_rosmaster_bringup:/home/fabian/yahboom_rosmaster/install/mecanum_drive_controller:/home/fabian/cartesian_controllers/install/cartesian_compliance_controller:/home/fabian/cartesian_controllers/install/cartesian_motion_controller:/home/fabian/cartesian_controllers/install/cartesian_force_controller:/home/fabian/cartesian_controllers/install/cartesian_controller_utilities:/home/fabian/youbot_ws/install/youbot:/home/fabian/yb_support/urdf_parser_py/install/urdfdom_py:/home/fabian/yb_support/twist_stamper/install/twist_stamper:/home/fabian/yb_support/kdl_parser_py/install/kdl_parser_py:/opt/ros/rolling:/home/fabian/cartesian_controllers/install/cartesian_controller_tests:/home/fabian/cartesian_controllers/install/cartesian_controller_simulation:/home/fabian/cartesian_controllers/install/cartesian_controller_handles:/home/fabian/cartesian_controllers/install/cartesian_controller_base:/home/fabian/ros2_control_demos/example_7/install/ros2_control_demo_example_7:/home/fabian/yb_support/unilidar_sdk2/install/unitree_lidar_ros2:/home/fabian/fixslam/install/geometry_msgs:/home/fabian/fixslam/install/std_msgs:/opt/ros/rolling/opt/gz_sim_vendor:/opt/ros/rolling/opt/gz_sensors_vendor:/opt/ros/rolling/opt/gz_physics_vendor:/opt/ros/rolling/opt/sdformat_vendor:/opt/ros/rolling/opt/gz_gui_vendor:/opt/ros/rolling/opt/gz_transport_vendor:/opt/ros/rolling/opt/gz_rendering_vendor:/opt/ros/rolling/opt/gz_plugin_vendor:/opt/ros/rolling/opt/gz_fuel_tools_vendor:/opt/ros/rolling/opt/gz_msgs_vendor:/opt/ros/rolling/opt/gz_common_vendor:/opt/ros/rolling/opt/gz_math_vendor:/opt/ros/rolling/opt/gz_utils_vendor:/opt/ros/rolling/opt/gz_tools_vendor:/opt/ros/rolling/opt/gz_ogre_next_vendor:/opt/ros/rolling/opt/gz_dartsim_vendor:/opt/ros/rolling/opt/gz_cmake_vendor DEBUGINFOD_URLS=https://debuginfod.ubuntu.com LD_LIBRARY_PATH=/home/fabian/moveit2/install/moveit_core/lib:${LD_LIBRARY_PATH} PATH=/home/fabian/moveit2/install/moveit_core/bin:${PATH} /usr/bin/cmake --build /home/fabian/moveit2/build/moveit_simple_controller_manager -- -j7 -l7
[67.872s] Invoking command in '/home/fabian/moveit2/build/moveit_simple_controller_manager': AMENT_PREFIX_PATH=/home/fabian/moveit2/install/moveit_core:/home/fabian/moveit2/install/moveit_common:${AMENT_PREFIX_PATH} CMAKE_PREFIX_PATH=/home/fabian/moveit2/install/moveit_core:/home/fabian/moveit2/install/moveit_common:/home/fabian/yb_support/ros_odrive/install/odrive_ros2_control:/home/fabian/yb_support/ros_odrive/install/odrive_can:/home/fabian/yb_support/slam_toolbox/install/slam_toolbox:/home/fabian/yb_support/my_msgs/install/my_msgs:/home/fabian/yb_support/pointcloud_to_laserscan/install/pointcloud_to_laserscan:/home/fabian/yb_support/mecanum_drive_controller/install/mecanum_drive_controller:/home/fabian/ros2_ws/install/ros2_control_demo_example_2:/home/fabian/ros2_ws/install/ros2_control_demo_description:/home/fabian/yahboom_rosmaster/install/yahboom_rosmaster:/home/fabian/yahboom_rosmaster/install/yahboom_rosmaster_system_tests:/home/fabian/yahboom_rosmaster/install/yahboom_rosmaster_navigation:/home/fabian/yahboom_rosmaster/install/yahboom_rosmaster_msgs:/home/fabian/yahboom_rosmaster/install/yahboom_rosmaster_localization:/home/fabian/yahboom_rosmaster/install/yahboom_rosmaster_gazebo:/home/fabian/yahboom_rosmaster/install/yahboom_rosmaster_docking:/home/fabian/yahboom_rosmaster/install/yahboom_rosmaster_description:/home/fabian/yahboom_rosmaster/install/yahboom_rosmaster_bringup:/home/fabian/yahboom_rosmaster/install/mecanum_drive_controller:/home/fabian/cartesian_controllers/install/cartesian_compliance_controller:/home/fabian/cartesian_controllers/install/cartesian_motion_controller:/home/fabian/cartesian_controllers/install/cartesian_force_controller:/home/fabian/cartesian_controllers/install/cartesian_controller_utilities:/home/fabian/youbot_ws/install/youbot:/home/fabian/yb_support/urdf_parser_py/install/urdfdom_py:/home/fabian/yb_support/twist_stamper/install/twist_stamper:/home/fabian/yb_support/kdl_parser_py/install/kdl_parser_py:/opt/ros/rolling:/home/fabian/cartesian_controllers/install/cartesian_controller_tests:/home/fabian/cartesian_controllers/install/cartesian_controller_simulation:/home/fabian/cartesian_controllers/install/cartesian_controller_handles:/home/fabian/cartesian_controllers/install/cartesian_controller_base:/home/fabian/ros2_control_demos/example_7/install/ros2_control_demo_example_7:/home/fabian/yb_support/unilidar_sdk2/install/unitree_lidar_ros2:/home/fabian/fixslam/install/geometry_msgs:/home/fabian/fixslam/install/std_msgs:/opt/ros/rolling/opt/gz_sim_vendor:/opt/ros/rolling/opt/gz_sensors_vendor:/opt/ros/rolling/opt/gz_physics_vendor:/opt/ros/rolling/opt/sdformat_vendor:/opt/ros/rolling/opt/gz_gui_vendor:/opt/ros/rolling/opt/gz_transport_vendor:/opt/ros/rolling/opt/gz_rendering_vendor:/opt/ros/rolling/opt/gz_plugin_vendor:/opt/ros/rolling/opt/gz_fuel_tools_vendor:/opt/ros/rolling/opt/gz_msgs_vendor:/opt/ros/rolling/opt/gz_common_vendor:/opt/ros/rolling/opt/gz_math_vendor:/opt/ros/rolling/opt/gz_utils_vendor:/opt/ros/rolling/opt/gz_tools_vendor:/opt/ros/rolling/opt/gz_ogre_next_vendor:/opt/ros/rolling/opt/gz_dartsim_vendor:/opt/ros/rolling/opt/gz_cmake_vendor DEBUGINFOD_URLS=https://debuginfod.ubuntu.com LD_LIBRARY_PATH=/home/fabian/moveit2/install/moveit_core/lib:${LD_LIBRARY_PATH} PATH=/home/fabian/moveit2/install/moveit_core/bin:${PATH} /usr/bin/cmake --install /home/fabian/moveit2/build/moveit_simple_controller_manager
[67.892s] -- Install configuration: "Release"
[67.892s] -- Installing: /home/fabian/moveit2/install/moveit_simple_controller_manager/lib/libmoveit_simple_controller_manager.so.2.14.0
[67.895s] -- Set non-toolchain portion of runtime path of "/home/fabian/moveit2/install/moveit_simple_controller_manager/lib/libmoveit_simple_controller_manager.so.2.14.0" to ""
[67.895s] -- Installing: /home/fabian/moveit2/install/moveit_simple_controller_manager/lib/libmoveit_simple_controller_manager.so
[67.895s] -- Installing: /home/fabian/moveit2/install/moveit_simple_controller_manager/include/moveit_simple_controller_manager
[67.896s] -- Installing: /home/fabian/moveit2/install/moveit_simple_controller_manager/include/moveit_simple_controller_manager/moveit_simple_controller_manager
[67.897s] -- Installing: /home/fabian/moveit2/install/moveit_simple_controller_manager/include/moveit_simple_controller_manager/moveit_simple_controller_manager/follow_joint_trajectory_controller_handle.h
[67.897s] -- Installing: /home/fabian/moveit2/install/moveit_simple_controller_manager/include/moveit_simple_controller_manager/moveit_simple_controller_manager/action_based_controller_handle.hpp
[67.897s] -- Installing: /home/fabian/moveit2/install/moveit_simple_controller_manager/include/moveit_simple_controller_manager/moveit_simple_controller_manager/empty_controller_handle.hpp
[67.898s] -- Installing: /home/fabian/moveit2/install/moveit_simple_controller_manager/include/moveit_simple_controller_manager/moveit_simple_controller_manager/follow_joint_trajectory_controller_handle.hpp
[67.898s] -- Installing: /home/fabian/moveit2/install/moveit_simple_controller_manager/include/moveit_simple_controller_manager/moveit_simple_controller_manager/gripper_controller_handle.h
[67.898s] -- Installing: /home/fabian/moveit2/install/moveit_simple_controller_manager/include/moveit_simple_controller_manager/moveit_simple_controller_manager/action_based_controller_handle.h
[67.899s] -- Installing: /home/fabian/moveit2/install/moveit_simple_controller_manager/include/moveit_simple_controller_manager/moveit_simple_controller_manager/gripper_command_controller_handle.hpp
[67.900s] -- Installing: /home/fabian/moveit2/install/moveit_simple_controller_manager/include/moveit_simple_controller_manager/moveit_simple_controller_manager/parallel_gripper_command_controller_handle.hpp
[67.900s] -- Installing: /home/fabian/moveit2/install/moveit_simple_controller_manager/include/moveit_simple_controller_manager/moveit_simple_controller_manager/empty_controller_handle.h
[67.901s] -- Installing: /home/fabian/moveit2/install/moveit_simple_controller_manager/share/moveit_simple_controller_manager/environment/library_path.sh
[67.901s] -- Installing: /home/fabian/moveit2/install/moveit_simple_controller_manager/share/moveit_simple_controller_manager/environment/library_path.dsv
[67.902s] -- Installing: /home/fabian/moveit2/install/moveit_simple_controller_manager/share/moveit_simple_controller_manager/moveit_simple_controller_manager_plugin_description.xml
[67.905s] -- Installing: /home/fabian/moveit2/install/moveit_simple_controller_manager/share/ament_index/resource_index/package_run_dependencies/moveit_simple_controller_manager
[67.906s] -- Installing: /home/fabian/moveit2/install/moveit_simple_controller_manager/share/ament_index/resource_index/parent_prefix_path/moveit_simple_controller_manager
[67.906s] -- Installing: /home/fabian/moveit2/install/moveit_simple_controller_manager/share/moveit_simple_controller_manager/environment/ament_prefix_path.sh
[67.907s] -- Installing: /home/fabian/moveit2/install/moveit_simple_controller_manager/share/moveit_simple_controller_manager/environment/ament_prefix_path.dsv
[67.907s] -- Installing: /home/fabian/moveit2/install/moveit_simple_controller_manager/share/moveit_simple_controller_manager/environment/path.sh
[67.908s] -- Installing: /home/fabian/moveit2/install/moveit_simple_controller_manager/share/moveit_simple_controller_manager/environment/path.dsv
[67.908s] -- Installing: /home/fabian/moveit2/install/moveit_simple_controller_manager/share/moveit_simple_controller_manager/local_setup.bash
[67.909s] -- Installing: /home/fabian/moveit2/install/moveit_simple_controller_manager/share/moveit_simple_controller_manager/local_setup.sh
[67.909s] -- Installing: /home/fabian/moveit2/install/moveit_simple_controller_manager/share/moveit_simple_controller_manager/local_setup.zsh
[67.909s] -- Installing: /home/fabian/moveit2/install/moveit_simple_controller_manager/share/moveit_simple_controller_manager/local_setup.dsv
[67.910s] -- Installing: /home/fabian/moveit2/install/moveit_simple_controller_manager/share/moveit_simple_controller_manager/package.dsv
[67.912s] -- Installing: /home/fabian/moveit2/install/moveit_simple_controller_manager/share/ament_index/resource_index/packages/moveit_simple_controller_manager
[67.912s] -- Installing: /home/fabian/moveit2/install/moveit_simple_controller_manager/share/ament_index/resource_index/moveit_core__pluginlib__plugin/moveit_simple_controller_manager
[67.913s] -- Installing: /home/fabian/moveit2/install/moveit_simple_controller_manager/share/moveit_simple_controller_manager/cmake/moveit_simple_controller_managerTargetsExport.cmake
[67.914s] -- Installing: /home/fabian/moveit2/install/moveit_simple_controller_manager/share/moveit_simple_controller_manager/cmake/moveit_simple_controller_managerTargetsExport-release.cmake
[67.914s] -- Installing: /home/fabian/moveit2/install/moveit_simple_controller_manager/share/moveit_simple_controller_manager/cmake/ConfigExtras.cmake
[67.915s] -- Installing: /home/fabian/moveit2/install/moveit_simple_controller_manager/share/moveit_simple_controller_manager/cmake/ament_cmake_export_targets-extras.cmake
[67.915s] -- Installing: /home/fabian/moveit2/install/moveit_simple_controller_manager/share/moveit_simple_controller_manager/cmake/ament_cmake_export_dependencies-extras.cmake
[67.916s] -- Installing: /home/fabian/moveit2/install/moveit_simple_controller_manager/share/moveit_simple_controller_manager/cmake/moveit_simple_controller_managerConfig.cmake
[67.916s] -- Installing: /home/fabian/moveit2/install/moveit_simple_controller_manager/share/moveit_simple_controller_manager/cmake/moveit_simple_controller_managerConfig-version.cmake
[67.916s] -- Installing: /home/fabian/moveit2/install/moveit_simple_controller_manager/share/moveit_simple_controller_manager/package.xml
[67.926s] Invoked command in '/home/fabian/moveit2/build/moveit_simple_controller_manager' returned '0': AMENT_PREFIX_PATH=/home/fabian/moveit2/install/moveit_core:/home/fabian/moveit2/install/moveit_common:${AMENT_PREFIX_PATH} CMAKE_PREFIX_PATH=/home/fabian/moveit2/install/moveit_core:/home/fabian/moveit2/install/moveit_common:/home/fabian/yb_support/ros_odrive/install/odrive_ros2_control:/home/fabian/yb_support/ros_odrive/install/odrive_can:/home/fabian/yb_support/slam_toolbox/install/slam_toolbox:/home/fabian/yb_support/my_msgs/install/my_msgs:/home/fabian/yb_support/pointcloud_to_laserscan/install/pointcloud_to_laserscan:/home/fabian/yb_support/mecanum_drive_controller/install/mecanum_drive_controller:/home/fabian/ros2_ws/install/ros2_control_demo_example_2:/home/fabian/ros2_ws/install/ros2_control_demo_description:/home/fabian/yahboom_rosmaster/install/yahboom_rosmaster:/home/fabian/yahboom_rosmaster/install/yahboom_rosmaster_system_tests:/home/fabian/yahboom_rosmaster/install/yahboom_rosmaster_navigation:/home/fabian/yahboom_rosmaster/install/yahboom_rosmaster_msgs:/home/fabian/yahboom_rosmaster/install/yahboom_rosmaster_localization:/home/fabian/yahboom_rosmaster/install/yahboom_rosmaster_gazebo:/home/fabian/yahboom_rosmaster/install/yahboom_rosmaster_docking:/home/fabian/yahboom_rosmaster/install/yahboom_rosmaster_description:/home/fabian/yahboom_rosmaster/install/yahboom_rosmaster_bringup:/home/fabian/yahboom_rosmaster/install/mecanum_drive_controller:/home/fabian/cartesian_controllers/install/cartesian_compliance_controller:/home/fabian/cartesian_controllers/install/cartesian_motion_controller:/home/fabian/cartesian_controllers/install/cartesian_force_controller:/home/fabian/cartesian_controllers/install/cartesian_controller_utilities:/home/fabian/youbot_ws/install/youbot:/home/fabian/yb_support/urdf_parser_py/install/urdfdom_py:/home/fabian/yb_support/twist_stamper/install/twist_stamper:/home/fabian/yb_support/kdl_parser_py/install/kdl_parser_py:/opt/ros/rolling:/home/fabian/cartesian_controllers/install/cartesian_controller_tests:/home/fabian/cartesian_controllers/install/cartesian_controller_simulation:/home/fabian/cartesian_controllers/install/cartesian_controller_handles:/home/fabian/cartesian_controllers/install/cartesian_controller_base:/home/fabian/ros2_control_demos/example_7/install/ros2_control_demo_example_7:/home/fabian/yb_support/unilidar_sdk2/install/unitree_lidar_ros2:/home/fabian/fixslam/install/geometry_msgs:/home/fabian/fixslam/install/std_msgs:/opt/ros/rolling/opt/gz_sim_vendor:/opt/ros/rolling/opt/gz_sensors_vendor:/opt/ros/rolling/opt/gz_physics_vendor:/opt/ros/rolling/opt/sdformat_vendor:/opt/ros/rolling/opt/gz_gui_vendor:/opt/ros/rolling/opt/gz_transport_vendor:/opt/ros/rolling/opt/gz_rendering_vendor:/opt/ros/rolling/opt/gz_plugin_vendor:/opt/ros/rolling/opt/gz_fuel_tools_vendor:/opt/ros/rolling/opt/gz_msgs_vendor:/opt/ros/rolling/opt/gz_common_vendor:/opt/ros/rolling/opt/gz_math_vendor:/opt/ros/rolling/opt/gz_utils_vendor:/opt/ros/rolling/opt/gz_tools_vendor:/opt/ros/rolling/opt/gz_ogre_next_vendor:/opt/ros/rolling/opt/gz_dartsim_vendor:/opt/ros/rolling/opt/gz_cmake_vendor DEBUGINFOD_URLS=https://debuginfod.ubuntu.com LD_LIBRARY_PATH=/home/fabian/moveit2/install/moveit_core/lib:${LD_LIBRARY_PATH} PATH=/home/fabian/moveit2/install/moveit_core/bin:${PATH} /usr/bin/cmake --install /home/fabian/moveit2/build/moveit_simple_controller_manager
