[ 15%] Built target stomp_moveit_parameters
[ 30%] Built target gtest_main
[ 46%] Built target gtest
[ 69%] Built target stomp_moveit_plugin
[ 84%] Built target test_cost_functions
[100%] Built target test_noise_generator
-- Install configuration: "Release"
-- Up-to-date: /home/fabian/moveit2/install/moveit_planners_stomp/include/moveit_planners_stomp
-- Up-to-date: /home/fabian/moveit2/install/moveit_planners_stomp/include/moveit_planners_stomp/stomp_moveit_parameters.hpp
-- Up-to-date: /home/fabian/moveit2/install/moveit_planners_stomp/share/moveit_planners_stomp/stomp_moveit_plugin_description.xml
-- Up-to-date: /home/fabian/moveit2/install/moveit_planners_stomp/lib/libstomp_moveit_plugin.so
-- Up-to-date: /home/fabian/moveit2/install/moveit_planners_stomp/share/moveit_planners_stomp/environment/library_path.sh
-- Up-to-date: /home/fabian/moveit2/install/moveit_planners_stomp/share/moveit_planners_stomp/environment/library_path.dsv
-- Up-to-date: /home/fabian/moveit2/install/moveit_planners_stomp/share/ament_index/resource_index/package_run_dependencies/moveit_planners_stomp
-- Up-to-date: /home/fabian/moveit2/install/moveit_planners_stomp/share/ament_index/resource_index/parent_prefix_path/moveit_planners_stomp
-- Up-to-date: /home/fabian/moveit2/install/moveit_planners_stomp/share/moveit_planners_stomp/environment/ament_prefix_path.sh
-- Up-to-date: /home/fabian/moveit2/install/moveit_planners_stomp/share/moveit_planners_stomp/environment/ament_prefix_path.dsv
-- Up-to-date: /home/fabian/moveit2/install/moveit_planners_stomp/share/moveit_planners_stomp/environment/path.sh
-- Up-to-date: /home/fabian/moveit2/install/moveit_planners_stomp/share/moveit_planners_stomp/environment/path.dsv
-- Up-to-date: /home/fabian/moveit2/install/moveit_planners_stomp/share/moveit_planners_stomp/local_setup.bash
-- Up-to-date: /home/fabian/moveit2/install/moveit_planners_stomp/share/moveit_planners_stomp/local_setup.sh
-- Up-to-date: /home/fabian/moveit2/install/moveit_planners_stomp/share/moveit_planners_stomp/local_setup.zsh
-- Up-to-date: /home/fabian/moveit2/install/moveit_planners_stomp/share/moveit_planners_stomp/local_setup.dsv
-- Installing: /home/fabian/moveit2/install/moveit_planners_stomp/share/moveit_planners_stomp/package.dsv
-- Up-to-date: /home/fabian/moveit2/install/moveit_planners_stomp/share/ament_index/resource_index/packages/moveit_planners_stomp
-- Up-to-date: /home/fabian/moveit2/install/moveit_planners_stomp/share/ament_index/resource_index/moveit_core__pluginlib__plugin/moveit_planners_stomp
-- Up-to-date: /home/fabian/moveit2/install/moveit_planners_stomp/share/moveit_planners_stomp/cmake/moveit_planners_stompTargetsExport.cmake
-- Up-to-date: /home/fabian/moveit2/install/moveit_planners_stomp/share/moveit_planners_stomp/cmake/moveit_planners_stompTargetsExport-release.cmake
-- Up-to-date: /home/fabian/moveit2/install/moveit_planners_stomp/share/moveit_planners_stomp/cmake/ament_cmake_export_dependencies-extras.cmake
-- Up-to-date: /home/fabian/moveit2/install/moveit_planners_stomp/share/moveit_planners_stomp/cmake/ament_cmake_export_targets-extras.cmake
-- Up-to-date: /home/fabian/moveit2/install/moveit_planners_stomp/share/moveit_planners_stomp/cmake/moveit_planners_stompConfig.cmake
-- Up-to-date: /home/fabian/moveit2/install/moveit_planners_stomp/share/moveit_planners_stomp/cmake/moveit_planners_stompConfig-version.cmake
-- Up-to-date: /home/fabian/moveit2/install/moveit_planners_stomp/share/moveit_planners_stomp/package.xml
