-- The C compiler identification is GNU 13.3.0
-- The CXX compiler identification is GNU 13.3.0
-- Detecting C compiler ABI info
-- Detecting C compiler ABI info - done
-- Check for working C compiler: /usr/bin/cc - skipped
-- Detecting C compile features
-- Detecting C compile features - done
-- Detecting CXX compiler ABI info
-- Detecting CXX compiler ABI info - done
-- Check for working CXX compiler: /usr/bin/c++ - skipped
-- Detecting CXX compile features
-- Detecting CXX compile features - done
-- Found ament_cmake: 2.8.4 (/opt/ros/rolling/share/ament_cmake/cmake)
-- Found Python3: /usr/bin/python3 (found version "3.12.3") found components: Interpreter 
-- Found hardware_interface: 5.5.0 (/opt/ros/rolling/share/hardware_interface/cmake)
-- Found rosidl_generator_c: 5.0.1 (/opt/ros/rolling/share/rosidl_generator_c/cmake)
-- Found rosidl_generator_cpp: 5.0.1 (/opt/ros/rolling/share/rosidl_generator_cpp/cmake)
-- Using all available rosidl_typesupport_c: rosidl_typesupport_fastrtps_c;rosidl_typesupport_introspection_c
-- Using all available rosidl_typesupport_cpp: rosidl_typesupport_fastrtps_cpp;rosidl_typesupport_introspection_cpp
-- Found TinyXML2 via Config file: /usr/lib/x86_64-linux-gnu/cmake/tinyxml2
-- Found rmw_implementation_cmake: 7.9.0 (/opt/ros/rolling/share/rmw_implementation_cmake/cmake)
-- Found rmw_fastrtps_cpp: 9.4.2 (/opt/ros/rolling/share/rmw_fastrtps_cpp/cmake)
-- Found TinyXML2 via Config file: /usr/lib/x86_64-linux-gnu/cmake/tinyxml2
-- Found OpenSSL: /usr/lib/x86_64-linux-gnu/libcrypto.so (found version "3.0.13")  
-- Found TinyXML2 via Config file: /usr/lib/x86_64-linux-gnu/cmake/tinyxml2
-- Using RMW implementation 'rmw_fastrtps_cpp' as default
-- Found kortex_api: 0.2.3 (/home/fabian/moveit2/install/kortex_api/share/kortex_api/cmake)
-- Configuring done (16.9s)
-- Generating done (0.0s)
-- Build files have been written to: /home/fabian/moveit2/build/kortex_driver
[ 33%] [32mBuilding CXX object CMakeFiles/kortex_driver.dir/src/hardware_interface.cpp.o[0m
[ 66%] [32mBuilding CXX object CMakeFiles/kortex_driver.dir/src/kortex_math_util.cpp.o[0m
[100%] [32m[1mLinking CXX shared library libkortex_driver.so[0m
[100%] Built target kortex_driver
-- Install configuration: ""
-- Installing: /home/fabian/moveit2/install/kortex_driver/share/kortex_driver/hardware_interface_plugin.xml
-- Installing: /home/fabian/moveit2/install/kortex_driver/lib/libkortex_driver.so
-- Set non-toolchain portion of runtime path of "/home/fabian/moveit2/install/kortex_driver/lib/libkortex_driver.so" to ""
-- Installing: /home/fabian/moveit2/install/kortex_driver/include
-- Installing: /home/fabian/moveit2/install/kortex_driver/include/kortex_driver
-- Installing: /home/fabian/moveit2/install/kortex_driver/include/kortex_driver/kortex_math_util.hpp
-- Installing: /home/fabian/moveit2/install/kortex_driver/include/kortex_driver/visibility_control.h
-- Installing: /home/fabian/moveit2/install/kortex_driver/include/kortex_driver/hardware_interface.hpp
-- Installing: /home/fabian/moveit2/install/kortex_driver/share/kortex_driver/environment/library_path.sh
-- Installing: /home/fabian/moveit2/install/kortex_driver/share/kortex_driver/environment/library_path.dsv
-- Installing: /home/fabian/moveit2/install/kortex_driver/share/ament_index/resource_index/package_run_dependencies/kortex_driver
-- Installing: /home/fabian/moveit2/install/kortex_driver/share/ament_index/resource_index/parent_prefix_path/kortex_driver
-- Installing: /home/fabian/moveit2/install/kortex_driver/share/kortex_driver/environment/ament_prefix_path.sh
-- Installing: /home/fabian/moveit2/install/kortex_driver/share/kortex_driver/environment/ament_prefix_path.dsv
-- Installing: /home/fabian/moveit2/install/kortex_driver/share/kortex_driver/environment/path.sh
-- Installing: /home/fabian/moveit2/install/kortex_driver/share/kortex_driver/environment/path.dsv
-- Installing: /home/fabian/moveit2/install/kortex_driver/share/kortex_driver/local_setup.bash
-- Installing: /home/fabian/moveit2/install/kortex_driver/share/kortex_driver/local_setup.sh
-- Installing: /home/fabian/moveit2/install/kortex_driver/share/kortex_driver/local_setup.zsh
-- Installing: /home/fabian/moveit2/install/kortex_driver/share/kortex_driver/local_setup.dsv
-- Installing: /home/fabian/moveit2/install/kortex_driver/share/kortex_driver/package.dsv
-- Installing: /home/fabian/moveit2/install/kortex_driver/share/ament_index/resource_index/packages/kortex_driver
-- Installing: /home/fabian/moveit2/install/kortex_driver/share/ament_index/resource_index/hardware_interface__pluginlib__plugin/kortex_driver
-- Installing: /home/fabian/moveit2/install/kortex_driver/share/kortex_driver/cmake/ament_cmake_export_include_directories-extras.cmake
-- Installing: /home/fabian/moveit2/install/kortex_driver/share/kortex_driver/cmake/ament_cmake_export_libraries-extras.cmake
-- Installing: /home/fabian/moveit2/install/kortex_driver/share/kortex_driver/cmake/ament_cmake_export_dependencies-extras.cmake
-- Installing: /home/fabian/moveit2/install/kortex_driver/share/kortex_driver/cmake/kortex_driverConfig.cmake
-- Installing: /home/fabian/moveit2/install/kortex_driver/share/kortex_driver/cmake/kortex_driverConfig-version.cmake
-- Installing: /home/fabian/moveit2/install/kortex_driver/share/kortex_driver/package.xml
