[33mCMake Warning (dev) at /usr/share/cmake-3.28/Modules/FetchContent.cmake:1331 (message):
  The DOWNLOAD_EXTRACT_TIMESTAMP option was not given and policy CMP0135 is
  not set.  The policy's OLD behavior will be used.  When using a URL
  download, the timestamps of extracted files should preferably be that of
  the time of extraction, otherwise code that depends on the extracted
  contents might not be rebuilt if the URL changes.  The OLD behavior
  preserves the timestamps from the archive instead, but this is usually not
  what you want.  Update your project to the NEW behavior or specify the
  DOWNLOAD_EXTRACT_TIMESTAMP option with a value of true to avoid this
  robustness issue.
Call Stack (most recent call first):
  CMakeLists.txt:3 (FetchContent_Declare)
This warning is for project developers.  Use -Wno-dev to suppress it.
[0m
-- The C compiler identification is GNU 13.3.0
-- The CXX compiler identification is GNU 13.3.0
-- Detecting C compiler ABI info
-- Detecting C compiler ABI info - done
-- Check for working C compiler: /usr/bin/cc - skipped
-- Detecting C compile features
-- Detecting C compile features - done
-- Detecting CXX compiler ABI info
-- Detecting CXX compiler ABI info - done
-- Check for working CXX compiler: /usr/bin/c++ - skipped
-- Detecting CXX compile features
-- Detecting CXX compile features - done
-- Found ament_cmake: 2.8.4 (/opt/ros/rolling/share/ament_cmake/cmake)
-- Found Python3: /usr/bin/python3 (found version "3.12.3") found components: Interpreter 
-- Found hardware_interface: 5.5.0 (/opt/ros/rolling/share/hardware_interface/cmake)
-- Found rosidl_generator_c: 5.0.1 (/opt/ros/rolling/share/rosidl_generator_c/cmake)
-- Found rosidl_generator_cpp: 5.0.1 (/opt/ros/rolling/share/rosidl_generator_cpp/cmake)
-- Using all available rosidl_typesupport_c: rosidl_typesupport_fastrtps_c;rosidl_typesupport_introspection_c
-- Using all available rosidl_typesupport_cpp: rosidl_typesupport_fastrtps_cpp;rosidl_typesupport_introspection_cpp
-- Found TinyXML2 via Config file: /usr/lib/x86_64-linux-gnu/cmake/tinyxml2
-- Found rmw_implementation_cmake: 7.9.0 (/opt/ros/rolling/share/rmw_implementation_cmake/cmake)
-- Found rmw_fastrtps_cpp: 9.4.2 (/opt/ros/rolling/share/rmw_fastrtps_cpp/cmake)
-- Found TinyXML2 via Config file: /usr/lib/x86_64-linux-gnu/cmake/tinyxml2
-- Found OpenSSL: /usr/lib/x86_64-linux-gnu/libcrypto.so (found version "3.0.13")  
-- Found TinyXML2 via Config file: /usr/lib/x86_64-linux-gnu/cmake/tinyxml2
-- Using RMW implementation 'rmw_fastrtps_cpp' as default
-- Found kortex_api: 0.2.3 (/home/fabian/moveit2/install/kortex_api/share/kortex_api/cmake)
[0mCMake Deprecation Warning at /opt/ros/rolling/share/ament_cmake_target_dependencies/cmake/ament_target_dependencies.cmake:87 (message):
  ament_target_dependencies() is deprecated.  Use target_link_libraries()
  with modern CMake targets instead.  Try replacing this call with:

    target_link_libraries(kortex_driver PUBLIC
      hardware_interface::hardware_interface
      hardware_interface::mock_components
      pluginlib::pluginlib
      rclcpp::rclcpp
    )

Call Stack (most recent call first):
  CMakeLists.txt:65 (ament_target_dependencies)

[0m
-- Configuring done (16.9s)
-- Generating done (0.0s)
-- Build files have been written to: /home/fabian/moveit2/build/kortex_driver
[ 33%] [32mBuilding CXX object CMakeFiles/kortex_driver.dir/src/hardware_interface.cpp.o[0m
[ 66%] [32mBuilding CXX object CMakeFiles/kortex_driver.dir/src/kortex_math_util.cpp.o[0m
[01m[K/home/fabian/moveit2/ros2_kortex/kortex_driver/src/hardware_interface.cpp:[m[K In member function ‘[01m[Kvirtual CallbackReturn kortex_driver::KortexMultiInterfaceHardware::[01;32m[Kon_init[m[K(const hardware_interface::HardwareInfo&)[m[K’:
[01m[K/home/fabian/moveit2/ros2_kortex/kortex_driver/src/hardware_interface.cpp:90:51:[m[K [01;35m[Kwarning: [m[K‘[01m[Kvirtual rclcpp_lifecycle::node_interfaces::LifecycleNodeInterface::CallbackReturn hardware_interface::SystemInterface::[01;32m[Kon_init[m[K(const hardware_interface::HardwareInfo&)[m[K’ is deprecated: Use on_init(const HardwareComponentInterfaceParams & params) instead. [[01;35m[K]8;;https://gcc.gnu.org/onlinedocs/gcc/Warning-Options.html#index-Wdeprecated-declarations-Wdeprecated-declarations]8;;[m[K]
   90 |   if ([01;35m[Khardware_interface::SystemInterface::on_init(info)[m[K != CallbackReturn::SUCCESS)
      |       [01;35m[K~~~~~~~~~~~~~~~~~~~~~~~~~~~~~~~~~~~~~~~~~~~~^~~~~~[m[K
In file included from [01m[K/home/fabian/moveit2/ros2_kortex/kortex_driver/include/kortex_driver/hardware_interface.hpp:41[m[K,
                 from [01m[K/home/fabian/moveit2/ros2_kortex/kortex_driver/src/hardware_interface.cpp:33[m[K:
[01m[K/opt/ros/rolling/include/hardware_interface/hardware_interface/system_interface.hpp:226:26:[m[K [01;36m[Knote: [m[Kdeclared here
  226 |   virtual CallbackReturn [01;36m[Kon_init[m[K(const HardwareInfo & hardware_info)
      |                          [01;36m[K^~~~~~~[m[K
[100%] [32m[1mLinking CXX shared library libkortex_driver.so[0m
[100%] Built target kortex_driver
-- Install configuration: ""
-- Installing: /home/fabian/moveit2/install/kortex_driver/share/kortex_driver/hardware_interface_plugin.xml
-- Installing: /home/fabian/moveit2/install/kortex_driver/lib/libkortex_driver.so
-- Set non-toolchain portion of runtime path of "/home/fabian/moveit2/install/kortex_driver/lib/libkortex_driver.so" to ""
-- Installing: /home/fabian/moveit2/install/kortex_driver/include
-- Installing: /home/fabian/moveit2/install/kortex_driver/include/kortex_driver
-- Installing: /home/fabian/moveit2/install/kortex_driver/include/kortex_driver/kortex_math_util.hpp
-- Installing: /home/fabian/moveit2/install/kortex_driver/include/kortex_driver/visibility_control.h
-- Installing: /home/fabian/moveit2/install/kortex_driver/include/kortex_driver/hardware_interface.hpp
-- Installing: /home/fabian/moveit2/install/kortex_driver/share/kortex_driver/environment/library_path.sh
-- Installing: /home/fabian/moveit2/install/kortex_driver/share/kortex_driver/environment/library_path.dsv
-- Installing: /home/fabian/moveit2/install/kortex_driver/share/ament_index/resource_index/package_run_dependencies/kortex_driver
-- Installing: /home/fabian/moveit2/install/kortex_driver/share/ament_index/resource_index/parent_prefix_path/kortex_driver
-- Installing: /home/fabian/moveit2/install/kortex_driver/share/kortex_driver/environment/ament_prefix_path.sh
-- Installing: /home/fabian/moveit2/install/kortex_driver/share/kortex_driver/environment/ament_prefix_path.dsv
-- Installing: /home/fabian/moveit2/install/kortex_driver/share/kortex_driver/environment/path.sh
-- Installing: /home/fabian/moveit2/install/kortex_driver/share/kortex_driver/environment/path.dsv
-- Installing: /home/fabian/moveit2/install/kortex_driver/share/kortex_driver/local_setup.bash
-- Installing: /home/fabian/moveit2/install/kortex_driver/share/kortex_driver/local_setup.sh
-- Installing: /home/fabian/moveit2/install/kortex_driver/share/kortex_driver/local_setup.zsh
-- Installing: /home/fabian/moveit2/install/kortex_driver/share/kortex_driver/local_setup.dsv
-- Installing: /home/fabian/moveit2/install/kortex_driver/share/kortex_driver/package.dsv
-- Installing: /home/fabian/moveit2/install/kortex_driver/share/ament_index/resource_index/packages/kortex_driver
-- Installing: /home/fabian/moveit2/install/kortex_driver/share/ament_index/resource_index/hardware_interface__pluginlib__plugin/kortex_driver
-- Installing: /home/fabian/moveit2/install/kortex_driver/share/kortex_driver/cmake/ament_cmake_export_include_directories-extras.cmake
-- Installing: /home/fabian/moveit2/install/kortex_driver/share/kortex_driver/cmake/ament_cmake_export_libraries-extras.cmake
-- Installing: /home/fabian/moveit2/install/kortex_driver/share/kortex_driver/cmake/ament_cmake_export_dependencies-extras.cmake
-- Installing: /home/fabian/moveit2/install/kortex_driver/share/kortex_driver/cmake/kortex_driverConfig.cmake
-- Installing: /home/fabian/moveit2/install/kortex_driver/share/kortex_driver/cmake/kortex_driverConfig-version.cmake
-- Installing: /home/fabian/moveit2/install/kortex_driver/share/kortex_driver/package.xml
