[1.724s] Invoking command in '/home/fabian/moveit2/build/moveit_visual_tools': AMENT_PREFIX_PATH=/home/fabian/moveit2/install/rviz_visual_tools:/home/fabian/moveit2/install/moveit_configs_utils:/home/fabian/moveit2/install/rviz_marker_tools:/home/fabian/moveit2/install/moveit_resources:/home/fabian/moveit2/install/moveit_resources_pr2_description:/home/fabian/moveit2/install/moveit_resources_panda_moveit_config:/home/fabian/moveit2/install/dual_arm_panda_moveit_config:/home/fabian/moveit2/install/moveit_resources_panda_description:/home/fabian/moveit2/install/moveit_resources_fanuc_moveit_config:/home/fabian/moveit2/install/moveit_resources_fanuc_description:/home/fabian/moveit2/install/moveit_msgs:/home/fabian/moveit2/install/pilz_industrial_motion_planner_testutils:/home/fabian/moveit2/install/moveit_runtime:/home/fabian/moveit2/install/moveit:/home/fabian/moveit2/install/moveit_planners:/home/fabian/moveit2/install/pilz_industrial_motion_planner:/home/fabian/moveit2/install/moveit_ros_control_interface:/home/fabian/moveit2/install/moveit_plugins:/home/fabian/moveit2/install/moveit_simple_controller_manager:/home/fabian/moveit2/install/moveit_setup_assistant:/home/fabian/moveit2/install/moveit_setup_srdf_plugins:/home/fabian/moveit2/install/moveit_setup_core_plugins:/home/fabian/moveit2/install/moveit_setup_controllers:/home/fabian/moveit2/install/moveit_setup_app_plugins:/home/fabian/moveit2/install/moveit_setup_framework:/home/fabian/moveit2/install/moveit_servo:/home/fabian/moveit2/install/moveit_ros_trajectory_cache:/home/fabian/moveit2/install/moveit_ros:/home/fabian/moveit2/install/moveit_ros_visualization:/home/fabian/moveit2/install/moveit_py:/home/fabian/moveit2/install/moveit_hybrid_planning:/home/fabian/moveit2/install/moveit_ros_planning_interface:/home/fabian/moveit2/install/moveit_ros_benchmarks:/home/fabian/moveit2/install/moveit_ros_warehouse:/home/fabian/moveit2/install/moveit_ros_robot_interaction:/home/fabian/moveit2/install/moveit_ros_perception:/home/fabian/moveit2/install/moveit_resources_prbt_pg70_support:/home/fabian/moveit2/install/moveit_resources_prbt_moveit_config:/home/fabian/moveit2/install/moveit_ros_move_group:/home/fabian/moveit2/install/moveit_planners_ompl:/home/fabian/moveit2/install/moveit_kinematics:/home/fabian/moveit2/install/moveit_ros_planning:/home/fabian/moveit2/install/moveit_ros_occupancy_map_monitor:/home/fabian/moveit2/install/moveit_resources_prbt_support:/home/fabian/moveit2/install/moveit_resources_prbt_ikfast_manipulator_plugin:/home/fabian/moveit2/install/moveit_planners_stomp:/home/fabian/moveit2/install/moveit_planners_chomp:/home/fabian/moveit2/install/chomp_motion_planner:/home/fabian/moveit2/install/moveit_core:/home/fabian/moveit2/install/moveit_common:/home/fabian/yb_support/ros_odrive/install/odrive_ros2_control:/home/fabian/yb_support/ros_odrive/install/odrive_can:/home/fabian/youbot_ws/install/youbot:/home/fabian/yb_support/slam_toolbox/install/slam_toolbox:/home/fabian/yb_support/my_msgs/install/my_msgs:/home/fabian/yb_support/urdf_parser_py/install/urdfdom_py:/home/fabian/yb_support/twist_stamper/install/twist_stamper:/home/fabian/yb_support/pointcloud_to_laserscan/install/pointcloud_to_laserscan:/home/fabian/yb_support/mecanum_drive_controller/install/mecanum_drive_controller:/home/fabian/ros2_ws/install/ros2_control_demo_example_2:/home/fabian/ros2_ws/install/ros2_control_demo_description:/home/fabian/yahboom_rosmaster/install/yahboom_rosmaster:/home/fabian/yahboom_rosmaster/install/yahboom_rosmaster_system_tests:/home/fabian/yahboom_rosmaster/install/yahboom_rosmaster_navigation:/home/fabian/yahboom_rosmaster/install/yahboom_rosmaster_msgs:/home/fabian/yahboom_rosmaster/install/yahboom_rosmaster_localization:/home/fabian/yahboom_rosmaster/install/yahboom_rosmaster_gazebo:/home/fabian/yahboom_rosmaster/install/yahboom_rosmaster_docking:/home/fabian/yahboom_rosmaster/install/yahboom_rosmaster_description:/home/fabian/yahboom_rosmaster/install/yahboom_rosmaster_bringup:/home/fabian/yahboom_rosmaster/install/mecanum_drive_controller:/home/fabian/cartesian_controllers/install/cartesian_compliance_controller:/home/fabian/cartesian_controllers/install/cartesian_motion_controller:/home/fabian/cartesian_controllers/install/cartesian_force_controller:/home/fabian/cartesian_controllers/install/cartesian_controller_utilities:/home/fabian/cartesian_controllers/install/cartesian_controller_simulation:/home/fabian/cartesian_controllers/install/cartesian_controller_handles:/home/fabian/cartesian_controllers/install/cartesian_controller_base:/home/fabian/ros2_control_demos/example_7/install/ros2_control_demo_example_7:/home/fabian/yb_support/unilidar_sdk2/install/unitree_lidar_ros2:/home/fabian/yb_support/kdl_parser_py/install/kdl_parser_py:/home/fabian/fixslam/install/geometry_msgs:/home/fabian/fixslam/install/std_msgs:/opt/ros/rolling CMAKE_PREFIX_PATH=/home/fabian/moveit2/install/moveit_ros_planning:/home/fabian/moveit2/install/moveit_ros_occupancy_map_monitor:/home/fabian/moveit2/install/moveit_core:/home/fabian/moveit2/install/moveit_resources_panda_moveit_config:/home/fabian/moveit2/install/rviz_visual_tools:/home/fabian/moveit2/install/moveit_resources_pr2_description:/home/fabian/moveit2/install/moveit_resources_panda_description:/home/fabian/moveit2/install/moveit_msgs:/home/fabian/moveit2/install/moveit_common:/home/fabian/moveit2/install/rviz_marker_tools:/home/fabian/moveit2/install/moveit_resources:/home/fabian/moveit2/install/dual_arm_panda_moveit_config:/home/fabian/moveit2/install/moveit_resources_fanuc_moveit_config:/home/fabian/moveit2/install/moveit_resources_fanuc_description:/home/fabian/moveit2/install/pilz_industrial_motion_planner_testutils:/home/fabian/moveit2/install/moveit_runtime:/home/fabian/moveit2/install/moveit:/home/fabian/moveit2/install/moveit_planners:/home/fabian/moveit2/install/pilz_industrial_motion_planner:/home/fabian/moveit2/install/moveit_ros_control_interface:/home/fabian/moveit2/install/moveit_plugins:/home/fabian/moveit2/install/moveit_simple_controller_manager:/home/fabian/moveit2/install/moveit_setup_assistant:/home/fabian/moveit2/install/moveit_setup_srdf_plugins:/home/fabian/moveit2/install/moveit_setup_core_plugins:/home/fabian/moveit2/install/moveit_setup_controllers:/home/fabian/moveit2/install/moveit_setup_app_plugins:/home/fabian/moveit2/install/moveit_setup_framework:/home/fabian/moveit2/install/moveit_servo:/home/fabian/moveit2/install/moveit_ros_trajectory_cache:/home/fabian/moveit2/install/moveit_ros:/home/fabian/moveit2/install/moveit_ros_visualization:/home/fabian/moveit2/install/moveit_py:/home/fabian/moveit2/install/moveit_hybrid_planning:/home/fabian/moveit2/install/moveit_ros_planning_interface:/home/fabian/moveit2/install/moveit_ros_benchmarks:/home/fabian/moveit2/install/moveit_ros_warehouse:/home/fabian/moveit2/install/moveit_ros_robot_interaction:/home/fabian/moveit2/install/moveit_ros_perception:/home/fabian/moveit2/install/moveit_resources_prbt_pg70_support:/home/fabian/moveit2/install/moveit_resources_prbt_moveit_config:/home/fabian/moveit2/install/moveit_ros_move_group:/home/fabian/moveit2/install/moveit_planners_ompl:/home/fabian/moveit2/install/moveit_kinematics:/home/fabian/moveit2/install/moveit_resources_prbt_support:/home/fabian/moveit2/install/moveit_resources_prbt_ikfast_manipulator_plugin:/home/fabian/moveit2/install/moveit_planners_stomp:/home/fabian/moveit2/install/moveit_planners_chomp:/home/fabian/moveit2/install/chomp_motion_planner:/home/fabian/yb_support/ros_odrive/install/odrive_ros2_control:/home/fabian/yb_support/ros_odrive/install/odrive_can:/home/fabian/yb_support/slam_toolbox/install/slam_toolbox:/home/fabian/yb_support/my_msgs/install/my_msgs:/home/fabian/yb_support/pointcloud_to_laserscan/install/pointcloud_to_laserscan:/home/fabian/yb_support/mecanum_drive_controller/install/mecanum_drive_controller:/home/fabian/ros2_ws/install/ros2_control_demo_example_2:/home/fabian/ros2_ws/install/ros2_control_demo_description:/home/fabian/yahboom_rosmaster/install/yahboom_rosmaster:/home/fabian/yahboom_rosmaster/install/yahboom_rosmaster_system_tests:/home/fabian/yahboom_rosmaster/install/yahboom_rosmaster_navigation:/home/fabian/yahboom_rosmaster/install/yahboom_rosmaster_msgs:/home/fabian/yahboom_rosmaster/install/yahboom_rosmaster_localization:/home/fabian/yahboom_rosmaster/install/yahboom_rosmaster_gazebo:/home/fabian/yahboom_rosmaster/install/yahboom_rosmaster_docking:/home/fabian/yahboom_rosmaster/install/yahboom_rosmaster_description:/home/fabian/yahboom_rosmaster/install/yahboom_rosmaster_bringup:/home/fabian/yahboom_rosmaster/install/mecanum_drive_controller:/home/fabian/cartesian_controllers/install/cartesian_compliance_controller:/home/fabian/cartesian_controllers/install/cartesian_motion_controller:/home/fabian/cartesian_controllers/install/cartesian_force_controller:/home/fabian/cartesian_controllers/install/cartesian_controller_utilities:/home/fabian/moveit2/install/moveit_configs_utils:/home/fabian/youbot_ws/install/youbot:/home/fabian/yb_support/urdf_parser_py/install/urdfdom_py:/home/fabian/yb_support/twist_stamper/install/twist_stamper:/home/fabian/yb_support/kdl_parser_py/install/kdl_parser_py:/opt/ros/rolling:/home/fabian/cartesian_controllers/install/cartesian_controller_tests:/home/fabian/cartesian_controllers/install/cartesian_controller_simulation:/home/fabian/cartesian_controllers/install/cartesian_controller_handles:/home/fabian/cartesian_controllers/install/cartesian_controller_base:/home/fabian/ros2_control_demos/example_7/install/ros2_control_demo_example_7:/home/fabian/yb_support/unilidar_sdk2/install/unitree_lidar_ros2:/home/fabian/fixslam/install/geometry_msgs:/home/fabian/fixslam/install/std_msgs:/opt/ros/rolling/opt/gz_sim_vendor:/opt/ros/rolling/opt/gz_sensors_vendor:/opt/ros/rolling/opt/gz_physics_vendor:/opt/ros/rolling/opt/sdformat_vendor:/opt/ros/rolling/opt/gz_gui_vendor:/opt/ros/rolling/opt/gz_transport_vendor:/opt/ros/rolling/opt/gz_rendering_vendor:/opt/ros/rolling/opt/gz_plugin_vendor:/opt/ros/rolling/opt/gz_fuel_tools_vendor:/opt/ros/rolling/opt/gz_msgs_vendor:/opt/ros/rolling/opt/gz_common_vendor:/opt/ros/rolling/opt/gz_math_vendor:/opt/ros/rolling/opt/gz_utils_vendor:/opt/ros/rolling/opt/gz_tools_vendor:/opt/ros/rolling/opt/gz_ogre_next_vendor:/opt/ros/rolling/opt/gz_dartsim_vendor:/opt/ros/rolling/opt/gz_cmake_vendor DEBUGINFOD_URLS=https://debuginfod.ubuntu.com LD_LIBRARY_PATH=/home/fabian/moveit2/install/moveit_ros_planning/lib:/home/fabian/moveit2/install/moveit_ros_occupancy_map_monitor/lib:/home/fabian/moveit2/install/moveit_core/lib:/home/fabian/moveit2/install/rviz_visual_tools/lib:/home/fabian/moveit2/install/moveit_msgs/lib:/home/fabian/moveit2/install/rviz_marker_tools/lib:/home/fabian/moveit2/install/pilz_industrial_motion_planner_testutils/lib:/home/fabian/moveit2/install/pilz_industrial_motion_planner/lib:/home/fabian/moveit2/install/moveit_ros_control_interface/lib:/home/fabian/moveit2/install/moveit_simple_controller_manager/lib:/home/fabian/moveit2/install/moveit_setup_assistant/lib:/home/fabian/moveit2/install/moveit_setup_srdf_plugins/lib:/home/fabian/moveit2/install/moveit_setup_core_plugins/lib:/home/fabian/moveit2/install/moveit_setup_controllers/lib:/home/fabian/moveit2/install/moveit_setup_app_plugins/lib:/home/fabian/moveit2/install/moveit_setup_framework/lib:/home/fabian/moveit2/install/moveit_servo/lib:/home/fabian/moveit2/install/moveit_ros_trajectory_cache/lib:/home/fabian/moveit2/install/moveit_ros_visualization/lib:/home/fabian/moveit2/install/moveit_py/lib:/home/fabian/moveit2/install/moveit_hybrid_planning/lib:/home/fabian/moveit2/install/moveit_ros_planning_interface/lib:/home/fabian/moveit2/install/moveit_ros_benchmarks/lib:/home/fabian/moveit2/install/moveit_ros_warehouse/lib:/home/fabian/moveit2/install/moveit_ros_robot_interaction/lib:/home/fabian/moveit2/install/moveit_ros_perception/lib:/home/fabian/moveit2/install/moveit_ros_move_group/lib:/home/fabian/moveit2/install/moveit_planners_ompl/lib:/home/fabian/moveit2/install/moveit_kinematics/lib:/home/fabian/moveit2/install/moveit_resources_prbt_ikfast_manipulator_plugin/lib:/home/fabian/moveit2/install/moveit_planners_stomp/lib:/home/fabian/moveit2/install/moveit_planners_chomp/lib:/home/fabian/moveit2/install/chomp_motion_planner/lib:/home/fabian/yb_support/ros_odrive/install/odrive_ros2_control/lib:/home/fabian/yb_support/ros_odrive/install/odrive_can/lib:/home/fabian/yb_support/slam_toolbox/install/slam_toolbox/lib:/home/fabian/yb_support/my_msgs/install/my_msgs/lib:/home/fabian/yb_support/pointcloud_to_laserscan/install/pointcloud_to_laserscan/lib:/home/fabian/yb_support/mecanum_drive_controller/install/mecanum_drive_controller/lib:/home/fabian/ros2_ws/install/ros2_control_demo_example_2/lib:/home/fabian/yahboom_rosmaster/install/yahboom_rosmaster_msgs/lib:/home/fabian/yahboom_rosmaster/install/mecanum_drive_controller/lib:/home/fabian/cartesian_controllers/install/cartesian_compliance_controller/lib:/home/fabian/cartesian_controllers/install/cartesian_motion_controller/lib:/home/fabian/cartesian_controllers/install/cartesian_force_controller/lib:/home/fabian/cartesian_controllers/install/cartesian_controller_simulation/lib:/home/fabian/cartesian_controllers/install/cartesian_controller_handles/lib:/home/fabian/cartesian_controllers/install/cartesian_controller_base/lib:/home/fabian/ros2_control_demos/example_7/install/ros2_control_demo_example_7/lib:/home/fabian/fixslam/install/geometry_msgs/lib:/home/fabian/fixslam/install/std_msgs/lib:/opt/ros/rolling/opt/zenoh_cpp_vendor/lib:/opt/ros/rolling/opt/gz_sim_vendor/lib:/opt/ros/rolling/opt/gz_sensors_vendor/lib:/opt/ros/rolling/opt/gz_physics_vendor/lib:/opt/ros/rolling/opt/sdformat_vendor/lib:/opt/ros/rolling/opt/gz_gui_vendor/lib:/opt/ros/rolling/opt/gz_transport_vendor/lib:/opt/ros/rolling/opt/gz_rendering_vendor/lib:/opt/ros/rolling/opt/gz_plugin_vendor/lib:/opt/ros/rolling/opt/gz_fuel_tools_vendor/lib:/opt/ros/rolling/opt/gz_msgs_vendor/lib:/opt/ros/rolling/opt/gz_common_vendor/lib:/opt/ros/rolling/opt/gz_math_vendor/lib:/opt/ros/rolling/opt/gz_utils_vendor/lib:/opt/ros/rolling/opt/rviz_ogre_vendor/lib:/opt/ros/rolling/lib/x86_64-linux-gnu:/opt/ros/rolling/opt/gz_tools_vendor/lib:/opt/ros/rolling/opt/gz_ogre_next_vendor/lib:/opt/ros/rolling/opt/gz_dartsim_vendor/lib:/opt/ros/rolling/opt/gz_cmake_vendor/lib:/opt/ros/rolling/lib PYTHONPATH=/home/fabian/moveit2/install/moveit_msgs/lib/python3.12/site-packages:/home/fabian/moveit2/install/moveit_configs_utils/lib/python3.12/site-packages:/home/fabian/moveit2/install/moveit_py/lib/python3.12/site-packages:/home/fabian/yb_support/ros_odrive/install/odrive_can/lib/python3.12/site-packages:/home/fabian/youbot_ws/build/youbot:/home/fabian/youbot_ws/install/youbot/lib/python3.12/site-packages:/home/fabian/yb_support/slam_toolbox/install/slam_toolbox/lib/python3.12/site-packages:/home/fabian/yb_support/my_msgs/install/my_msgs/lib/python3.12/site-packages:/home/fabian/yb_support/urdf_parser_py/build/urdfdom_py/src:/home/fabian/yb_support/urdf_parser_py/install/urdfdom_py/lib/python3.12/site-packages:/home/fabian/yb_support/twist_stamper/build/twist_stamper:/home/fabian/yb_support/twist_stamper/install/twist_stamper/lib/python3.12/site-packages:/home/fabian/yahboom_rosmaster/install/yahboom_rosmaster_navigation/lib/python3.12/site-packages:/home/fabian/yahboom_rosmaster/install/yahboom_rosmaster_msgs/lib/python3.12/site-packages:/home/fabian/yb_support/kdl_parser_py/build/kdl_parser_py:/home/fabian/yb_support/kdl_parser_py/install/kdl_parser_py/lib/python3.12/site-packages:/home/fabian/fixslam/install/geometry_msgs/lib/python3.12/site-packages:/home/fabian/fixslam/install/std_msgs/lib/python3.12/site-packages:/opt/ros/rolling/lib/python3.12/site-packages /usr/bin/cmake /home/fabian/moveit2/moveit_visual_tools -DCMAKE_INSTALL_PREFIX=/home/fabian/moveit2/install/moveit_visual_tools
[1.765s] -- Found moveit_common: 2.14.0 (/home/fabian/moveit2/install/moveit_common/share/moveit_common/cmake)
[1.765s] -- Found ament_cmake: 2.8.4 (/opt/ros/rolling/share/ament_cmake/cmake)
[2.525s] [0mmoveit_visual_tools: You did not request a specific build type: Choosing 'Release' for maximum performance[0m
[2.532s] -- Found Boost: /usr/lib/x86_64-linux-gnu/cmake/Boost-1.83.0/BoostConfig.cmake (found version "1.83.0") found components: system 
[2.534s] -- Found geometry_msgs: 5.8.2 (/opt/ros/rolling/share/geometry_msgs/cmake)
[2.836s] -- Found rosidl_generator_c: 5.0.1 (/opt/ros/rolling/share/rosidl_generator_c/cmake)
[2.846s] -- Found rosidl_generator_cpp: 5.0.1 (/opt/ros/rolling/share/rosidl_generator_cpp/cmake)
[2.875s] -- Using all available rosidl_typesupport_c: rosidl_typesupport_fastrtps_c;rosidl_typesupport_introspection_c
[2.894s] -- Using all available rosidl_typesupport_cpp: rosidl_typesupport_fastrtps_cpp;rosidl_typesupport_introspection_cpp
[2.949s] -- Found graph_msgs: 0.2.0 (/opt/ros/rolling/share/graph_msgs/cmake)
[2.979s] -- Found moveit_core: 2.14.0 (/home/fabian/moveit2/install/moveit_core/share/moveit_core/cmake)
[3.009s] -- Found Boost: /usr/lib/x86_64-linux-gnu/cmake/Boost-1.83.0/BoostConfig.cmake (found version "1.83.0") found components: chrono date_time filesystem iostreams program_options regex serialization system thread 
[4.932s] -- Found parameter_traits: 0.5.0 (/opt/ros/rolling/share/parameter_traits/cmake)
[5.037s] -- Found rmw_implementation_cmake: 7.9.0 (/opt/ros/rolling/share/rmw_implementation_cmake/cmake)
[5.053s] -- Found rmw_fastrtps_cpp: 9.4.2 (/opt/ros/rolling/share/rmw_fastrtps_cpp/cmake)
[5.144s] -- Using RMW implementation 'rmw_fastrtps_cpp' as default
[5.534s] -- Found rclcpp_lifecycle: 30.1.0 (/opt/ros/rolling/share/rclcpp_lifecycle/cmake)
[5.606s] -- Found Boost: /usr/lib/x86_64-linux-gnu/cmake/Boost-1.83.0/BoostConfig.cmake (found version "1.83.0") found components: random 
[5.750s] -- Ensuring Eigen3 include directory is part of orocos-kdl CMake target
[6.476s] -- Found moveit_ros_planning: 2.14.0 (/home/fabian/moveit2/install/moveit_ros_planning/share/moveit_ros_planning/cmake)
[6.483s] -- Found Boost: /usr/lib/x86_64-linux-gnu/cmake/Boost-1.83.0/BoostConfig.cmake (found version "1.83.0") found components: system filesystem date_time program_options thread chrono 
[6.568s] -- Found rviz_visual_tools: 4.1.4 (/home/fabian/moveit2/install/rviz_visual_tools/share/rviz_visual_tools/cmake)
[7.049s] -- Setting OGRE_DIR to: '/opt/ros/rolling/share/rviz_ogre_vendor/cmake/../../../opt/rviz_ogre_vendor/lib/OGRE/cmake'
[7.052s] -- Found OGRE
[7.053s] --   static     : OFF
[7.053s] --   components : MeshLodGenerator;Overlay;Paging;Property;RTShaderSystem;Terrain;Volume
[7.053s] --   plugins    : Plugin_BSPSceneManager;Plugin_OctreeSceneManager;Plugin_PCZSceneManager;Plugin_ParticleFX;RenderSystem_GL;RenderSystem_GL3Plus;Codec_STBI
[7.053s] --   media      : /opt/ros/rolling/opt/rviz_ogre_vendor/share/OGRE/Media
[7.053s] -- OGRE_LIBRARIES: OgreMeshLodGenerator;OgreOverlay;OgrePaging;OgreProperty;OgreRTShaderSystem;OgreTerrain;OgreVolume;OgreMain
[7.054s] -- OGRE_LIBRARY_DIRS: /opt/ros/rolling/opt/rviz_ogre_vendor/lib
[7.054s] -- OGRE_PLUGINS: Plugin_BSPSceneManager;Plugin_OctreeSceneManager;Plugin_PCZSceneManager;Plugin_ParticleFX;RenderSystem_GL;RenderSystem_GL3Plus;Codec_STBI
[7.054s] -- OGRE_PLUGIN_DIR: /opt/ros/rolling/opt/rviz_ogre_vendor/lib/OGRE
[7.054s] -- rviz_ogre_vendor::OgreOverlay for IMPORTED_LOCATION_RELEASE: /opt/ros/rolling/opt/rviz_ogre_vendor/lib/libOgreOverlay.so
[7.054s] -- rviz_ogre_vendor::OgreOverlay for IMPORTED_LOCATION_DEBUG: /opt/ros/rolling/opt/rviz_ogre_vendor/lib/libOgreOverlay.so
[7.055s] -- rviz_ogre_vendor::OgreMain for IMPORTED_LOCATION_RELEASE: /opt/ros/rolling/opt/rviz_ogre_vendor/lib/libOgreMain.so
[7.055s] -- rviz_ogre_vendor::OgreMain for IMPORTED_LOCATION_DEBUG: /opt/ros/rolling/opt/rviz_ogre_vendor/lib/libOgreMain.so
[12.592s] -- Found ZLIB: /usr/lib/x86_64-linux-gnu/libz.so (found version "1.3")  
[13.866s] -- Found OpenGL: /usr/lib/x86_64-linux-gnu/libOpenGL.so   
[31.454s] -- Found X11: /usr/include   
[31.454s] -- Looking for XOpenDisplay in /usr/lib/x86_64-linux-gnu/libX11.so;/usr/lib/x86_64-linux-gnu/libXext.so
[32.097s] -- Looking for XOpenDisplay in /usr/lib/x86_64-linux-gnu/libX11.so;/usr/lib/x86_64-linux-gnu/libXext.so - found
[32.098s] -- Looking for gethostbyname
[32.748s] -- Looking for gethostbyname - found
[32.748s] -- Looking for connect
[33.256s] -- Looking for connect - found
[33.256s] -- Looking for remove
[33.843s] -- Looking for remove - found
[33.843s] -- Looking for shmat
[34.403s] -- Looking for shmat - found
[34.403s] -- Looking for IceConnectionNumber in ICE
[34.908s] -- Looking for IceConnectionNumber in ICE - found
[35.137s] -- Setting yaml-cpp_DIR to: '/opt/ros/rolling/share/yaml_cpp_vendor/cmake/../../../opt/yaml_cpp_vendor/share/cmake/yaml-cpp'
[35.605s] [0mCMake Deprecation Warning at /opt/ros/rolling/share/ament_cmake_target_dependencies/cmake/ament_target_dependencies.cmake:87 (message):
[35.605s]   ament_target_dependencies() is deprecated.  Use target_link_libraries()
[35.605s]   with modern CMake targets instead.  Try replacing this call with:
[35.605s] 
[35.606s]     target_link_libraries(moveit_visual_tools PUBLIC
[35.606s]       ${geometry_msgs_TARGETS}
[35.606s]       ${graph_msgs_TARGETS}
[35.606s]       ${std_msgs_TARGETS}
[35.606s]       ${trajectory_msgs_TARGETS}
[35.606s]       ${visualization_msgs_TARGETS}
[35.607s]       moveit_core::moveit_collision_detection
[35.607s]       moveit_core::moveit_collision_detection_bullet
[35.607s]       moveit_core::moveit_collision_detection_fcl
[35.607s]       moveit_core::moveit_collision_distance_field
[35.607s]       moveit_core::moveit_constraint_samplers
[35.607s]       moveit_core::moveit_distance_field
[35.608s]       moveit_core::moveit_dynamics_solver
[35.609s]       moveit_core::moveit_exceptions
[35.609s]       moveit_core::moveit_kinematic_constraints
[35.609s]       moveit_core::moveit_kinematics_base
[35.610s]       moveit_core::moveit_kinematics_metrics
[35.610s]       moveit_core::moveit_macros
[35.610s]       moveit_core::moveit_planning_interface
[35.610s]       moveit_core::moveit_planning_scene
[35.610s]       moveit_core::moveit_robot_model
[35.611s]       moveit_core::moveit_robot_state
[35.611s]       moveit_core::moveit_robot_trajectory
[35.611s]       moveit_core::moveit_smoothing_base
[35.611s]       moveit_core::moveit_test_utils
[35.612s]       moveit_core::moveit_trajectory_processing
[35.612s]       moveit_core::moveit_transforms
[35.612s]       moveit_core::moveit_utils
[35.612s]       moveit_ros_planning::default_request_adapter_parameters
[35.613s]       moveit_ros_planning::default_response_adapter_parameters
[35.613s]       moveit_ros_planning::kinematics_parameters
[35.613s]       moveit_ros_planning::moveit_collision_plugin_loader
[35.614s]       moveit_ros_planning::moveit_constraint_sampler_manager_loader
[35.614s]       moveit_ros_planning::moveit_cpp
[35.614s]       moveit_ros_planning::moveit_kinematics_plugin_loader
[35.614s]       moveit_ros_planning::moveit_plan_execution
[35.615s]       moveit_ros_planning::moveit_planning_pipeline
[35.615s]       moveit_ros_planning::moveit_planning_pipeline_interfaces
[35.615s]       moveit_ros_planning::moveit_planning_scene_monitor
[35.615s]       moveit_ros_planning::moveit_rdf_loader
[35.615s]       moveit_ros_planning::moveit_robot_model_loader
[35.616s]       moveit_ros_planning::moveit_trajectory_execution_manager
[35.616s]       moveit_ros_planning::planning_pipeline_parameters
[35.616s]       moveit_ros_planning::srdf_publisher_node
[35.616s]       rclcpp::rclcpp
[35.616s]       rviz_visual_tools::rviz_visual_tools
[35.616s]       rviz_visual_tools::rviz_visual_tools_gui
[35.616s]       rviz_visual_tools::rviz_visual_tools_imarker_simple
[35.616s]       rviz_visual_tools::rviz_visual_tools_remote_control
[35.616s]       tf2_eigen::tf2_eigen
[35.616s]       tf2_ros::static_transform_broadcaster_node
[35.616s]       tf2_ros::tf2_ros
[35.616s]     )
[35.616s] 
[35.616s] Call Stack (most recent call first):
[35.617s]   CMakeLists.txt:49 (ament_target_dependencies)
[35.617s] 
[35.617s] [0m
[35.749s] [0mCMake Deprecation Warning at /opt/ros/rolling/share/ament_cmake_target_dependencies/cmake/ament_target_dependencies.cmake:87 (message):
[35.749s]   ament_target_dependencies() is deprecated.  Use target_link_libraries()
[35.749s]   with modern CMake targets instead.  Try replacing this call with:
[35.749s] 
[35.749s]     target_link_libraries(moveit_visual_tools_demo PUBLIC
[35.749s]       ${geometry_msgs_TARGETS}
[35.750s]       ${graph_msgs_TARGETS}
[35.750s]       ${std_msgs_TARGETS}
[35.750s]       ${trajectory_msgs_TARGETS}
[35.750s]       ${visualization_msgs_TARGETS}
[35.750s]       moveit_core::moveit_collision_detection
[35.750s]       moveit_core::moveit_collision_detection_bullet
[35.750s]       moveit_core::moveit_collision_detection_fcl
[35.750s]       moveit_core::moveit_collision_distance_field
[35.751s]       moveit_core::moveit_constraint_samplers
[35.751s]       moveit_core::moveit_distance_field
[35.751s]       moveit_core::moveit_dynamics_solver
[35.751s]       moveit_core::moveit_exceptions
[35.751s]       moveit_core::moveit_kinematic_constraints
[35.751s]       moveit_core::moveit_kinematics_base
[35.756s]       moveit_core::moveit_kinematics_metrics
[35.756s]       moveit_core::moveit_macros
[35.757s]       moveit_core::moveit_planning_interface
[35.757s]       moveit_core::moveit_planning_scene
[35.757s]       moveit_core::moveit_robot_model
[35.757s]       moveit_core::moveit_robot_state
[35.757s]       moveit_core::moveit_robot_trajectory
[35.757s]       moveit_core::moveit_smoothing_base
[35.757s]       moveit_core::moveit_test_utils
[35.757s]       moveit_core::moveit_trajectory_processing
[35.758s]       moveit_core::moveit_transforms
[35.758s]       moveit_core::moveit_utils
[35.758s]       moveit_ros_planning::default_request_adapter_parameters
[35.758s]       moveit_ros_planning::default_response_adapter_parameters
[35.758s]       moveit_ros_planning::kinematics_parameters
[35.758s]       moveit_ros_planning::moveit_collision_plugin_loader
[35.759s]       moveit_ros_planning::moveit_constraint_sampler_manager_loader
[35.759s]       moveit_ros_planning::moveit_cpp
[35.764s]       moveit_ros_planning::moveit_kinematics_plugin_loader
[35.764s]       moveit_ros_planning::moveit_plan_execution
[35.765s]       moveit_ros_planning::moveit_planning_pipeline
[35.765s]       moveit_ros_planning::moveit_planning_pipeline_interfaces
[35.765s]       moveit_ros_planning::moveit_planning_scene_monitor
[35.765s]       moveit_ros_planning::moveit_rdf_loader
[35.766s]       moveit_ros_planning::moveit_robot_model_loader
[35.766s]       moveit_ros_planning::moveit_trajectory_execution_manager
[35.766s]       moveit_ros_planning::planning_pipeline_parameters
[35.766s]       moveit_ros_planning::srdf_publisher_node
[35.766s]       rclcpp::rclcpp
[35.767s]       rviz_visual_tools::rviz_visual_tools
[35.767s]       rviz_visual_tools::rviz_visual_tools_gui
[35.767s]       rviz_visual_tools::rviz_visual_tools_imarker_simple
[35.767s]       rviz_visual_tools::rviz_visual_tools_remote_control
[35.767s]       tf2_eigen::tf2_eigen
[35.772s]       tf2_ros::static_transform_broadcaster_node
[35.772s]       tf2_ros::tf2_ros
[35.772s]     )
[35.772s] 
[35.772s] Call Stack (most recent call first):
[35.772s]   CMakeLists.txt:58 (ament_target_dependencies)
[35.773s] 
[35.773s] [0m
[35.878s] -- Found ament_lint_auto: 0.20.2 (/opt/ros/rolling/share/ament_lint_auto/cmake)
[36.041s] -- Added test 'copyright' to check source files copyright and LICENSE
[36.052s] -- Added test 'flake8' to check Python code syntax and style conventions
[36.053s] -- Configured 'flake8' exclude dirs and/or files: 
[36.068s] -- Added test 'lint_cmake' to check CMake code style
[36.076s] -- Added test 'pep257' to check Python code against some of the docstring style conventions in PEP 257
[36.087s] -- Added test 'xmllint' to check XML markup files
[36.108s] -- Configuring done (34.4s)
[36.360s] -- Generating done (0.2s)
[36.392s] -- Build files have been written to: /home/fabian/moveit2/build/moveit_visual_tools
[36.433s] Invoked command in '/home/fabian/moveit2/build/moveit_visual_tools' returned '0': AMENT_PREFIX_PATH=/home/fabian/moveit2/install/rviz_visual_tools:/home/fabian/moveit2/install/moveit_configs_utils:/home/fabian/moveit2/install/rviz_marker_tools:/home/fabian/moveit2/install/moveit_resources:/home/fabian/moveit2/install/moveit_resources_pr2_description:/home/fabian/moveit2/install/moveit_resources_panda_moveit_config:/home/fabian/moveit2/install/dual_arm_panda_moveit_config:/home/fabian/moveit2/install/moveit_resources_panda_description:/home/fabian/moveit2/install/moveit_resources_fanuc_moveit_config:/home/fabian/moveit2/install/moveit_resources_fanuc_description:/home/fabian/moveit2/install/moveit_msgs:/home/fabian/moveit2/install/pilz_industrial_motion_planner_testutils:/home/fabian/moveit2/install/moveit_runtime:/home/fabian/moveit2/install/moveit:/home/fabian/moveit2/install/moveit_planners:/home/fabian/moveit2/install/pilz_industrial_motion_planner:/home/fabian/moveit2/install/moveit_ros_control_interface:/home/fabian/moveit2/install/moveit_plugins:/home/fabian/moveit2/install/moveit_simple_controller_manager:/home/fabian/moveit2/install/moveit_setup_assistant:/home/fabian/moveit2/install/moveit_setup_srdf_plugins:/home/fabian/moveit2/install/moveit_setup_core_plugins:/home/fabian/moveit2/install/moveit_setup_controllers:/home/fabian/moveit2/install/moveit_setup_app_plugins:/home/fabian/moveit2/install/moveit_setup_framework:/home/fabian/moveit2/install/moveit_servo:/home/fabian/moveit2/install/moveit_ros_trajectory_cache:/home/fabian/moveit2/install/moveit_ros:/home/fabian/moveit2/install/moveit_ros_visualization:/home/fabian/moveit2/install/moveit_py:/home/fabian/moveit2/install/moveit_hybrid_planning:/home/fabian/moveit2/install/moveit_ros_planning_interface:/home/fabian/moveit2/install/moveit_ros_benchmarks:/home/fabian/moveit2/install/moveit_ros_warehouse:/home/fabian/moveit2/install/moveit_ros_robot_interaction:/home/fabian/moveit2/install/moveit_ros_perception:/home/fabian/moveit2/install/moveit_resources_prbt_pg70_support:/home/fabian/moveit2/install/moveit_resources_prbt_moveit_config:/home/fabian/moveit2/install/moveit_ros_move_group:/home/fabian/moveit2/install/moveit_planners_ompl:/home/fabian/moveit2/install/moveit_kinematics:/home/fabian/moveit2/install/moveit_ros_planning:/home/fabian/moveit2/install/moveit_ros_occupancy_map_monitor:/home/fabian/moveit2/install/moveit_resources_prbt_support:/home/fabian/moveit2/install/moveit_resources_prbt_ikfast_manipulator_plugin:/home/fabian/moveit2/install/moveit_planners_stomp:/home/fabian/moveit2/install/moveit_planners_chomp:/home/fabian/moveit2/install/chomp_motion_planner:/home/fabian/moveit2/install/moveit_core:/home/fabian/moveit2/install/moveit_common:/home/fabian/yb_support/ros_odrive/install/odrive_ros2_control:/home/fabian/yb_support/ros_odrive/install/odrive_can:/home/fabian/youbot_ws/install/youbot:/home/fabian/yb_support/slam_toolbox/install/slam_toolbox:/home/fabian/yb_support/my_msgs/install/my_msgs:/home/fabian/yb_support/urdf_parser_py/install/urdfdom_py:/home/fabian/yb_support/twist_stamper/install/twist_stamper:/home/fabian/yb_support/pointcloud_to_laserscan/install/pointcloud_to_laserscan:/home/fabian/yb_support/mecanum_drive_controller/install/mecanum_drive_controller:/home/fabian/ros2_ws/install/ros2_control_demo_example_2:/home/fabian/ros2_ws/install/ros2_control_demo_description:/home/fabian/yahboom_rosmaster/install/yahboom_rosmaster:/home/fabian/yahboom_rosmaster/install/yahboom_rosmaster_system_tests:/home/fabian/yahboom_rosmaster/install/yahboom_rosmaster_navigation:/home/fabian/yahboom_rosmaster/install/yahboom_rosmaster_msgs:/home/fabian/yahboom_rosmaster/install/yahboom_rosmaster_localization:/home/fabian/yahboom_rosmaster/install/yahboom_rosmaster_gazebo:/home/fabian/yahboom_rosmaster/install/yahboom_rosmaster_docking:/home/fabian/yahboom_rosmaster/install/yahboom_rosmaster_description:/home/fabian/yahboom_rosmaster/install/yahboom_rosmaster_bringup:/home/fabian/yahboom_rosmaster/install/mecanum_drive_controller:/home/fabian/cartesian_controllers/install/cartesian_compliance_controller:/home/fabian/cartesian_controllers/install/cartesian_motion_controller:/home/fabian/cartesian_controllers/install/cartesian_force_controller:/home/fabian/cartesian_controllers/install/cartesian_controller_utilities:/home/fabian/cartesian_controllers/install/cartesian_controller_simulation:/home/fabian/cartesian_controllers/install/cartesian_controller_handles:/home/fabian/cartesian_controllers/install/cartesian_controller_base:/home/fabian/ros2_control_demos/example_7/install/ros2_control_demo_example_7:/home/fabian/yb_support/unilidar_sdk2/install/unitree_lidar_ros2:/home/fabian/yb_support/kdl_parser_py/install/kdl_parser_py:/home/fabian/fixslam/install/geometry_msgs:/home/fabian/fixslam/install/std_msgs:/opt/ros/rolling CMAKE_PREFIX_PATH=/home/fabian/moveit2/install/moveit_ros_planning:/home/fabian/moveit2/install/moveit_ros_occupancy_map_monitor:/home/fabian/moveit2/install/moveit_core:/home/fabian/moveit2/install/moveit_resources_panda_moveit_config:/home/fabian/moveit2/install/rviz_visual_tools:/home/fabian/moveit2/install/moveit_resources_pr2_description:/home/fabian/moveit2/install/moveit_resources_panda_description:/home/fabian/moveit2/install/moveit_msgs:/home/fabian/moveit2/install/moveit_common:/home/fabian/moveit2/install/rviz_marker_tools:/home/fabian/moveit2/install/moveit_resources:/home/fabian/moveit2/install/dual_arm_panda_moveit_config:/home/fabian/moveit2/install/moveit_resources_fanuc_moveit_config:/home/fabian/moveit2/install/moveit_resources_fanuc_description:/home/fabian/moveit2/install/pilz_industrial_motion_planner_testutils:/home/fabian/moveit2/install/moveit_runtime:/home/fabian/moveit2/install/moveit:/home/fabian/moveit2/install/moveit_planners:/home/fabian/moveit2/install/pilz_industrial_motion_planner:/home/fabian/moveit2/install/moveit_ros_control_interface:/home/fabian/moveit2/install/moveit_plugins:/home/fabian/moveit2/install/moveit_simple_controller_manager:/home/fabian/moveit2/install/moveit_setup_assistant:/home/fabian/moveit2/install/moveit_setup_srdf_plugins:/home/fabian/moveit2/install/moveit_setup_core_plugins:/home/fabian/moveit2/install/moveit_setup_controllers:/home/fabian/moveit2/install/moveit_setup_app_plugins:/home/fabian/moveit2/install/moveit_setup_framework:/home/fabian/moveit2/install/moveit_servo:/home/fabian/moveit2/install/moveit_ros_trajectory_cache:/home/fabian/moveit2/install/moveit_ros:/home/fabian/moveit2/install/moveit_ros_visualization:/home/fabian/moveit2/install/moveit_py:/home/fabian/moveit2/install/moveit_hybrid_planning:/home/fabian/moveit2/install/moveit_ros_planning_interface:/home/fabian/moveit2/install/moveit_ros_benchmarks:/home/fabian/moveit2/install/moveit_ros_warehouse:/home/fabian/moveit2/install/moveit_ros_robot_interaction:/home/fabian/moveit2/install/moveit_ros_perception:/home/fabian/moveit2/install/moveit_resources_prbt_pg70_support:/home/fabian/moveit2/install/moveit_resources_prbt_moveit_config:/home/fabian/moveit2/install/moveit_ros_move_group:/home/fabian/moveit2/install/moveit_planners_ompl:/home/fabian/moveit2/install/moveit_kinematics:/home/fabian/moveit2/install/moveit_resources_prbt_support:/home/fabian/moveit2/install/moveit_resources_prbt_ikfast_manipulator_plugin:/home/fabian/moveit2/install/moveit_planners_stomp:/home/fabian/moveit2/install/moveit_planners_chomp:/home/fabian/moveit2/install/chomp_motion_planner:/home/fabian/yb_support/ros_odrive/install/odrive_ros2_control:/home/fabian/yb_support/ros_odrive/install/odrive_can:/home/fabian/yb_support/slam_toolbox/install/slam_toolbox:/home/fabian/yb_support/my_msgs/install/my_msgs:/home/fabian/yb_support/pointcloud_to_laserscan/install/pointcloud_to_laserscan:/home/fabian/yb_support/mecanum_drive_controller/install/mecanum_drive_controller:/home/fabian/ros2_ws/install/ros2_control_demo_example_2:/home/fabian/ros2_ws/install/ros2_control_demo_description:/home/fabian/yahboom_rosmaster/install/yahboom_rosmaster:/home/fabian/yahboom_rosmaster/install/yahboom_rosmaster_system_tests:/home/fabian/yahboom_rosmaster/install/yahboom_rosmaster_navigation:/home/fabian/yahboom_rosmaster/install/yahboom_rosmaster_msgs:/home/fabian/yahboom_rosmaster/install/yahboom_rosmaster_localization:/home/fabian/yahboom_rosmaster/install/yahboom_rosmaster_gazebo:/home/fabian/yahboom_rosmaster/install/yahboom_rosmaster_docking:/home/fabian/yahboom_rosmaster/install/yahboom_rosmaster_description:/home/fabian/yahboom_rosmaster/install/yahboom_rosmaster_bringup:/home/fabian/yahboom_rosmaster/install/mecanum_drive_controller:/home/fabian/cartesian_controllers/install/cartesian_compliance_controller:/home/fabian/cartesian_controllers/install/cartesian_motion_controller:/home/fabian/cartesian_controllers/install/cartesian_force_controller:/home/fabian/cartesian_controllers/install/cartesian_controller_utilities:/home/fabian/moveit2/install/moveit_configs_utils:/home/fabian/youbot_ws/install/youbot:/home/fabian/yb_support/urdf_parser_py/install/urdfdom_py:/home/fabian/yb_support/twist_stamper/install/twist_stamper:/home/fabian/yb_support/kdl_parser_py/install/kdl_parser_py:/opt/ros/rolling:/home/fabian/cartesian_controllers/install/cartesian_controller_tests:/home/fabian/cartesian_controllers/install/cartesian_controller_simulation:/home/fabian/cartesian_controllers/install/cartesian_controller_handles:/home/fabian/cartesian_controllers/install/cartesian_controller_base:/home/fabian/ros2_control_demos/example_7/install/ros2_control_demo_example_7:/home/fabian/yb_support/unilidar_sdk2/install/unitree_lidar_ros2:/home/fabian/fixslam/install/geometry_msgs:/home/fabian/fixslam/install/std_msgs:/opt/ros/rolling/opt/gz_sim_vendor:/opt/ros/rolling/opt/gz_sensors_vendor:/opt/ros/rolling/opt/gz_physics_vendor:/opt/ros/rolling/opt/sdformat_vendor:/opt/ros/rolling/opt/gz_gui_vendor:/opt/ros/rolling/opt/gz_transport_vendor:/opt/ros/rolling/opt/gz_rendering_vendor:/opt/ros/rolling/opt/gz_plugin_vendor:/opt/ros/rolling/opt/gz_fuel_tools_vendor:/opt/ros/rolling/opt/gz_msgs_vendor:/opt/ros/rolling/opt/gz_common_vendor:/opt/ros/rolling/opt/gz_math_vendor:/opt/ros/rolling/opt/gz_utils_vendor:/opt/ros/rolling/opt/gz_tools_vendor:/opt/ros/rolling/opt/gz_ogre_next_vendor:/opt/ros/rolling/opt/gz_dartsim_vendor:/opt/ros/rolling/opt/gz_cmake_vendor DEBUGINFOD_URLS=https://debuginfod.ubuntu.com LD_LIBRARY_PATH=/home/fabian/moveit2/install/moveit_ros_planning/lib:/home/fabian/moveit2/install/moveit_ros_occupancy_map_monitor/lib:/home/fabian/moveit2/install/moveit_core/lib:/home/fabian/moveit2/install/rviz_visual_tools/lib:/home/fabian/moveit2/install/moveit_msgs/lib:/home/fabian/moveit2/install/rviz_marker_tools/lib:/home/fabian/moveit2/install/pilz_industrial_motion_planner_testutils/lib:/home/fabian/moveit2/install/pilz_industrial_motion_planner/lib:/home/fabian/moveit2/install/moveit_ros_control_interface/lib:/home/fabian/moveit2/install/moveit_simple_controller_manager/lib:/home/fabian/moveit2/install/moveit_setup_assistant/lib:/home/fabian/moveit2/install/moveit_setup_srdf_plugins/lib:/home/fabian/moveit2/install/moveit_setup_core_plugins/lib:/home/fabian/moveit2/install/moveit_setup_controllers/lib:/home/fabian/moveit2/install/moveit_setup_app_plugins/lib:/home/fabian/moveit2/install/moveit_setup_framework/lib:/home/fabian/moveit2/install/moveit_servo/lib:/home/fabian/moveit2/install/moveit_ros_trajectory_cache/lib:/home/fabian/moveit2/install/moveit_ros_visualization/lib:/home/fabian/moveit2/install/moveit_py/lib:/home/fabian/moveit2/install/moveit_hybrid_planning/lib:/home/fabian/moveit2/install/moveit_ros_planning_interface/lib:/home/fabian/moveit2/install/moveit_ros_benchmarks/lib:/home/fabian/moveit2/install/moveit_ros_warehouse/lib:/home/fabian/moveit2/install/moveit_ros_robot_interaction/lib:/home/fabian/moveit2/install/moveit_ros_perception/lib:/home/fabian/moveit2/install/moveit_ros_move_group/lib:/home/fabian/moveit2/install/moveit_planners_ompl/lib:/home/fabian/moveit2/install/moveit_kinematics/lib:/home/fabian/moveit2/install/moveit_resources_prbt_ikfast_manipulator_plugin/lib:/home/fabian/moveit2/install/moveit_planners_stomp/lib:/home/fabian/moveit2/install/moveit_planners_chomp/lib:/home/fabian/moveit2/install/chomp_motion_planner/lib:/home/fabian/yb_support/ros_odrive/install/odrive_ros2_control/lib:/home/fabian/yb_support/ros_odrive/install/odrive_can/lib:/home/fabian/yb_support/slam_toolbox/install/slam_toolbox/lib:/home/fabian/yb_support/my_msgs/install/my_msgs/lib:/home/fabian/yb_support/pointcloud_to_laserscan/install/pointcloud_to_laserscan/lib:/home/fabian/yb_support/mecanum_drive_controller/install/mecanum_drive_controller/lib:/home/fabian/ros2_ws/install/ros2_control_demo_example_2/lib:/home/fabian/yahboom_rosmaster/install/yahboom_rosmaster_msgs/lib:/home/fabian/yahboom_rosmaster/install/mecanum_drive_controller/lib:/home/fabian/cartesian_controllers/install/cartesian_compliance_controller/lib:/home/fabian/cartesian_controllers/install/cartesian_motion_controller/lib:/home/fabian/cartesian_controllers/install/cartesian_force_controller/lib:/home/fabian/cartesian_controllers/install/cartesian_controller_simulation/lib:/home/fabian/cartesian_controllers/install/cartesian_controller_handles/lib:/home/fabian/cartesian_controllers/install/cartesian_controller_base/lib:/home/fabian/ros2_control_demos/example_7/install/ros2_control_demo_example_7/lib:/home/fabian/fixslam/install/geometry_msgs/lib:/home/fabian/fixslam/install/std_msgs/lib:/opt/ros/rolling/opt/zenoh_cpp_vendor/lib:/opt/ros/rolling/opt/gz_sim_vendor/lib:/opt/ros/rolling/opt/gz_sensors_vendor/lib:/opt/ros/rolling/opt/gz_physics_vendor/lib:/opt/ros/rolling/opt/sdformat_vendor/lib:/opt/ros/rolling/opt/gz_gui_vendor/lib:/opt/ros/rolling/opt/gz_transport_vendor/lib:/opt/ros/rolling/opt/gz_rendering_vendor/lib:/opt/ros/rolling/opt/gz_plugin_vendor/lib:/opt/ros/rolling/opt/gz_fuel_tools_vendor/lib:/opt/ros/rolling/opt/gz_msgs_vendor/lib:/opt/ros/rolling/opt/gz_common_vendor/lib:/opt/ros/rolling/opt/gz_math_vendor/lib:/opt/ros/rolling/opt/gz_utils_vendor/lib:/opt/ros/rolling/opt/rviz_ogre_vendor/lib:/opt/ros/rolling/lib/x86_64-linux-gnu:/opt/ros/rolling/opt/gz_tools_vendor/lib:/opt/ros/rolling/opt/gz_ogre_next_vendor/lib:/opt/ros/rolling/opt/gz_dartsim_vendor/lib:/opt/ros/rolling/opt/gz_cmake_vendor/lib:/opt/ros/rolling/lib PYTHONPATH=/home/fabian/moveit2/install/moveit_msgs/lib/python3.12/site-packages:/home/fabian/moveit2/install/moveit_configs_utils/lib/python3.12/site-packages:/home/fabian/moveit2/install/moveit_py/lib/python3.12/site-packages:/home/fabian/yb_support/ros_odrive/install/odrive_can/lib/python3.12/site-packages:/home/fabian/youbot_ws/build/youbot:/home/fabian/youbot_ws/install/youbot/lib/python3.12/site-packages:/home/fabian/yb_support/slam_toolbox/install/slam_toolbox/lib/python3.12/site-packages:/home/fabian/yb_support/my_msgs/install/my_msgs/lib/python3.12/site-packages:/home/fabian/yb_support/urdf_parser_py/build/urdfdom_py/src:/home/fabian/yb_support/urdf_parser_py/install/urdfdom_py/lib/python3.12/site-packages:/home/fabian/yb_support/twist_stamper/build/twist_stamper:/home/fabian/yb_support/twist_stamper/install/twist_stamper/lib/python3.12/site-packages:/home/fabian/yahboom_rosmaster/install/yahboom_rosmaster_navigation/lib/python3.12/site-packages:/home/fabian/yahboom_rosmaster/install/yahboom_rosmaster_msgs/lib/python3.12/site-packages:/home/fabian/yb_support/kdl_parser_py/build/kdl_parser_py:/home/fabian/yb_support/kdl_parser_py/install/kdl_parser_py/lib/python3.12/site-packages:/home/fabian/fixslam/install/geometry_msgs/lib/python3.12/site-packages:/home/fabian/fixslam/install/std_msgs/lib/python3.12/site-packages:/opt/ros/rolling/lib/python3.12/site-packages /usr/bin/cmake /home/fabian/moveit2/moveit_visual_tools -DCMAKE_INSTALL_PREFIX=/home/fabian/moveit2/install/moveit_visual_tools
[36.440s] Invoking command in '/home/fabian/moveit2/build/moveit_visual_tools': AMENT_PREFIX_PATH=/home/fabian/moveit2/install/rviz_visual_tools:/home/fabian/moveit2/install/moveit_configs_utils:/home/fabian/moveit2/install/rviz_marker_tools:/home/fabian/moveit2/install/moveit_resources:/home/fabian/moveit2/install/moveit_resources_pr2_description:/home/fabian/moveit2/install/moveit_resources_panda_moveit_config:/home/fabian/moveit2/install/dual_arm_panda_moveit_config:/home/fabian/moveit2/install/moveit_resources_panda_description:/home/fabian/moveit2/install/moveit_resources_fanuc_moveit_config:/home/fabian/moveit2/install/moveit_resources_fanuc_description:/home/fabian/moveit2/install/moveit_msgs:/home/fabian/moveit2/install/pilz_industrial_motion_planner_testutils:/home/fabian/moveit2/install/moveit_runtime:/home/fabian/moveit2/install/moveit:/home/fabian/moveit2/install/moveit_planners:/home/fabian/moveit2/install/pilz_industrial_motion_planner:/home/fabian/moveit2/install/moveit_ros_control_interface:/home/fabian/moveit2/install/moveit_plugins:/home/fabian/moveit2/install/moveit_simple_controller_manager:/home/fabian/moveit2/install/moveit_setup_assistant:/home/fabian/moveit2/install/moveit_setup_srdf_plugins:/home/fabian/moveit2/install/moveit_setup_core_plugins:/home/fabian/moveit2/install/moveit_setup_controllers:/home/fabian/moveit2/install/moveit_setup_app_plugins:/home/fabian/moveit2/install/moveit_setup_framework:/home/fabian/moveit2/install/moveit_servo:/home/fabian/moveit2/install/moveit_ros_trajectory_cache:/home/fabian/moveit2/install/moveit_ros:/home/fabian/moveit2/install/moveit_ros_visualization:/home/fabian/moveit2/install/moveit_py:/home/fabian/moveit2/install/moveit_hybrid_planning:/home/fabian/moveit2/install/moveit_ros_planning_interface:/home/fabian/moveit2/install/moveit_ros_benchmarks:/home/fabian/moveit2/install/moveit_ros_warehouse:/home/fabian/moveit2/install/moveit_ros_robot_interaction:/home/fabian/moveit2/install/moveit_ros_perception:/home/fabian/moveit2/install/moveit_resources_prbt_pg70_support:/home/fabian/moveit2/install/moveit_resources_prbt_moveit_config:/home/fabian/moveit2/install/moveit_ros_move_group:/home/fabian/moveit2/install/moveit_planners_ompl:/home/fabian/moveit2/install/moveit_kinematics:/home/fabian/moveit2/install/moveit_ros_planning:/home/fabian/moveit2/install/moveit_ros_occupancy_map_monitor:/home/fabian/moveit2/install/moveit_resources_prbt_support:/home/fabian/moveit2/install/moveit_resources_prbt_ikfast_manipulator_plugin:/home/fabian/moveit2/install/moveit_planners_stomp:/home/fabian/moveit2/install/moveit_planners_chomp:/home/fabian/moveit2/install/chomp_motion_planner:/home/fabian/moveit2/install/moveit_core:/home/fabian/moveit2/install/moveit_common:/home/fabian/yb_support/ros_odrive/install/odrive_ros2_control:/home/fabian/yb_support/ros_odrive/install/odrive_can:/home/fabian/youbot_ws/install/youbot:/home/fabian/yb_support/slam_toolbox/install/slam_toolbox:/home/fabian/yb_support/my_msgs/install/my_msgs:/home/fabian/yb_support/urdf_parser_py/install/urdfdom_py:/home/fabian/yb_support/twist_stamper/install/twist_stamper:/home/fabian/yb_support/pointcloud_to_laserscan/install/pointcloud_to_laserscan:/home/fabian/yb_support/mecanum_drive_controller/install/mecanum_drive_controller:/home/fabian/ros2_ws/install/ros2_control_demo_example_2:/home/fabian/ros2_ws/install/ros2_control_demo_description:/home/fabian/yahboom_rosmaster/install/yahboom_rosmaster:/home/fabian/yahboom_rosmaster/install/yahboom_rosmaster_system_tests:/home/fabian/yahboom_rosmaster/install/yahboom_rosmaster_navigation:/home/fabian/yahboom_rosmaster/install/yahboom_rosmaster_msgs:/home/fabian/yahboom_rosmaster/install/yahboom_rosmaster_localization:/home/fabian/yahboom_rosmaster/install/yahboom_rosmaster_gazebo:/home/fabian/yahboom_rosmaster/install/yahboom_rosmaster_docking:/home/fabian/yahboom_rosmaster/install/yahboom_rosmaster_description:/home/fabian/yahboom_rosmaster/install/yahboom_rosmaster_bringup:/home/fabian/yahboom_rosmaster/install/mecanum_drive_controller:/home/fabian/cartesian_controllers/install/cartesian_compliance_controller:/home/fabian/cartesian_controllers/install/cartesian_motion_controller:/home/fabian/cartesian_controllers/install/cartesian_force_controller:/home/fabian/cartesian_controllers/install/cartesian_controller_utilities:/home/fabian/cartesian_controllers/install/cartesian_controller_simulation:/home/fabian/cartesian_controllers/install/cartesian_controller_handles:/home/fabian/cartesian_controllers/install/cartesian_controller_base:/home/fabian/ros2_control_demos/example_7/install/ros2_control_demo_example_7:/home/fabian/yb_support/unilidar_sdk2/install/unitree_lidar_ros2:/home/fabian/yb_support/kdl_parser_py/install/kdl_parser_py:/home/fabian/fixslam/install/geometry_msgs:/home/fabian/fixslam/install/std_msgs:/opt/ros/rolling CMAKE_PREFIX_PATH=/home/fabian/moveit2/install/moveit_ros_planning:/home/fabian/moveit2/install/moveit_ros_occupancy_map_monitor:/home/fabian/moveit2/install/moveit_core:/home/fabian/moveit2/install/moveit_resources_panda_moveit_config:/home/fabian/moveit2/install/rviz_visual_tools:/home/fabian/moveit2/install/moveit_resources_pr2_description:/home/fabian/moveit2/install/moveit_resources_panda_description:/home/fabian/moveit2/install/moveit_msgs:/home/fabian/moveit2/install/moveit_common:/home/fabian/moveit2/install/rviz_marker_tools:/home/fabian/moveit2/install/moveit_resources:/home/fabian/moveit2/install/dual_arm_panda_moveit_config:/home/fabian/moveit2/install/moveit_resources_fanuc_moveit_config:/home/fabian/moveit2/install/moveit_resources_fanuc_description:/home/fabian/moveit2/install/pilz_industrial_motion_planner_testutils:/home/fabian/moveit2/install/moveit_runtime:/home/fabian/moveit2/install/moveit:/home/fabian/moveit2/install/moveit_planners:/home/fabian/moveit2/install/pilz_industrial_motion_planner:/home/fabian/moveit2/install/moveit_ros_control_interface:/home/fabian/moveit2/install/moveit_plugins:/home/fabian/moveit2/install/moveit_simple_controller_manager:/home/fabian/moveit2/install/moveit_setup_assistant:/home/fabian/moveit2/install/moveit_setup_srdf_plugins:/home/fabian/moveit2/install/moveit_setup_core_plugins:/home/fabian/moveit2/install/moveit_setup_controllers:/home/fabian/moveit2/install/moveit_setup_app_plugins:/home/fabian/moveit2/install/moveit_setup_framework:/home/fabian/moveit2/install/moveit_servo:/home/fabian/moveit2/install/moveit_ros_trajectory_cache:/home/fabian/moveit2/install/moveit_ros:/home/fabian/moveit2/install/moveit_ros_visualization:/home/fabian/moveit2/install/moveit_py:/home/fabian/moveit2/install/moveit_hybrid_planning:/home/fabian/moveit2/install/moveit_ros_planning_interface:/home/fabian/moveit2/install/moveit_ros_benchmarks:/home/fabian/moveit2/install/moveit_ros_warehouse:/home/fabian/moveit2/install/moveit_ros_robot_interaction:/home/fabian/moveit2/install/moveit_ros_perception:/home/fabian/moveit2/install/moveit_resources_prbt_pg70_support:/home/fabian/moveit2/install/moveit_resources_prbt_moveit_config:/home/fabian/moveit2/install/moveit_ros_move_group:/home/fabian/moveit2/install/moveit_planners_ompl:/home/fabian/moveit2/install/moveit_kinematics:/home/fabian/moveit2/install/moveit_resources_prbt_support:/home/fabian/moveit2/install/moveit_resources_prbt_ikfast_manipulator_plugin:/home/fabian/moveit2/install/moveit_planners_stomp:/home/fabian/moveit2/install/moveit_planners_chomp:/home/fabian/moveit2/install/chomp_motion_planner:/home/fabian/yb_support/ros_odrive/install/odrive_ros2_control:/home/fabian/yb_support/ros_odrive/install/odrive_can:/home/fabian/yb_support/slam_toolbox/install/slam_toolbox:/home/fabian/yb_support/my_msgs/install/my_msgs:/home/fabian/yb_support/pointcloud_to_laserscan/install/pointcloud_to_laserscan:/home/fabian/yb_support/mecanum_drive_controller/install/mecanum_drive_controller:/home/fabian/ros2_ws/install/ros2_control_demo_example_2:/home/fabian/ros2_ws/install/ros2_control_demo_description:/home/fabian/yahboom_rosmaster/install/yahboom_rosmaster:/home/fabian/yahboom_rosmaster/install/yahboom_rosmaster_system_tests:/home/fabian/yahboom_rosmaster/install/yahboom_rosmaster_navigation:/home/fabian/yahboom_rosmaster/install/yahboom_rosmaster_msgs:/home/fabian/yahboom_rosmaster/install/yahboom_rosmaster_localization:/home/fabian/yahboom_rosmaster/install/yahboom_rosmaster_gazebo:/home/fabian/yahboom_rosmaster/install/yahboom_rosmaster_docking:/home/fabian/yahboom_rosmaster/install/yahboom_rosmaster_description:/home/fabian/yahboom_rosmaster/install/yahboom_rosmaster_bringup:/home/fabian/yahboom_rosmaster/install/mecanum_drive_controller:/home/fabian/cartesian_controllers/install/cartesian_compliance_controller:/home/fabian/cartesian_controllers/install/cartesian_motion_controller:/home/fabian/cartesian_controllers/install/cartesian_force_controller:/home/fabian/cartesian_controllers/install/cartesian_controller_utilities:/home/fabian/moveit2/install/moveit_configs_utils:/home/fabian/youbot_ws/install/youbot:/home/fabian/yb_support/urdf_parser_py/install/urdfdom_py:/home/fabian/yb_support/twist_stamper/install/twist_stamper:/home/fabian/yb_support/kdl_parser_py/install/kdl_parser_py:/opt/ros/rolling:/home/fabian/cartesian_controllers/install/cartesian_controller_tests:/home/fabian/cartesian_controllers/install/cartesian_controller_simulation:/home/fabian/cartesian_controllers/install/cartesian_controller_handles:/home/fabian/cartesian_controllers/install/cartesian_controller_base:/home/fabian/ros2_control_demos/example_7/install/ros2_control_demo_example_7:/home/fabian/yb_support/unilidar_sdk2/install/unitree_lidar_ros2:/home/fabian/fixslam/install/geometry_msgs:/home/fabian/fixslam/install/std_msgs:/opt/ros/rolling/opt/gz_sim_vendor:/opt/ros/rolling/opt/gz_sensors_vendor:/opt/ros/rolling/opt/gz_physics_vendor:/opt/ros/rolling/opt/sdformat_vendor:/opt/ros/rolling/opt/gz_gui_vendor:/opt/ros/rolling/opt/gz_transport_vendor:/opt/ros/rolling/opt/gz_rendering_vendor:/opt/ros/rolling/opt/gz_plugin_vendor:/opt/ros/rolling/opt/gz_fuel_tools_vendor:/opt/ros/rolling/opt/gz_msgs_vendor:/opt/ros/rolling/opt/gz_common_vendor:/opt/ros/rolling/opt/gz_math_vendor:/opt/ros/rolling/opt/gz_utils_vendor:/opt/ros/rolling/opt/gz_tools_vendor:/opt/ros/rolling/opt/gz_ogre_next_vendor:/opt/ros/rolling/opt/gz_dartsim_vendor:/opt/ros/rolling/opt/gz_cmake_vendor DEBUGINFOD_URLS=https://debuginfod.ubuntu.com LD_LIBRARY_PATH=/home/fabian/moveit2/install/moveit_ros_planning/lib:/home/fabian/moveit2/install/moveit_ros_occupancy_map_monitor/lib:/home/fabian/moveit2/install/moveit_core/lib:/home/fabian/moveit2/install/rviz_visual_tools/lib:/home/fabian/moveit2/install/moveit_msgs/lib:/home/fabian/moveit2/install/rviz_marker_tools/lib:/home/fabian/moveit2/install/pilz_industrial_motion_planner_testutils/lib:/home/fabian/moveit2/install/pilz_industrial_motion_planner/lib:/home/fabian/moveit2/install/moveit_ros_control_interface/lib:/home/fabian/moveit2/install/moveit_simple_controller_manager/lib:/home/fabian/moveit2/install/moveit_setup_assistant/lib:/home/fabian/moveit2/install/moveit_setup_srdf_plugins/lib:/home/fabian/moveit2/install/moveit_setup_core_plugins/lib:/home/fabian/moveit2/install/moveit_setup_controllers/lib:/home/fabian/moveit2/install/moveit_setup_app_plugins/lib:/home/fabian/moveit2/install/moveit_setup_framework/lib:/home/fabian/moveit2/install/moveit_servo/lib:/home/fabian/moveit2/install/moveit_ros_trajectory_cache/lib:/home/fabian/moveit2/install/moveit_ros_visualization/lib:/home/fabian/moveit2/install/moveit_py/lib:/home/fabian/moveit2/install/moveit_hybrid_planning/lib:/home/fabian/moveit2/install/moveit_ros_planning_interface/lib:/home/fabian/moveit2/install/moveit_ros_benchmarks/lib:/home/fabian/moveit2/install/moveit_ros_warehouse/lib:/home/fabian/moveit2/install/moveit_ros_robot_interaction/lib:/home/fabian/moveit2/install/moveit_ros_perception/lib:/home/fabian/moveit2/install/moveit_ros_move_group/lib:/home/fabian/moveit2/install/moveit_planners_ompl/lib:/home/fabian/moveit2/install/moveit_kinematics/lib:/home/fabian/moveit2/install/moveit_resources_prbt_ikfast_manipulator_plugin/lib:/home/fabian/moveit2/install/moveit_planners_stomp/lib:/home/fabian/moveit2/install/moveit_planners_chomp/lib:/home/fabian/moveit2/install/chomp_motion_planner/lib:/home/fabian/yb_support/ros_odrive/install/odrive_ros2_control/lib:/home/fabian/yb_support/ros_odrive/install/odrive_can/lib:/home/fabian/yb_support/slam_toolbox/install/slam_toolbox/lib:/home/fabian/yb_support/my_msgs/install/my_msgs/lib:/home/fabian/yb_support/pointcloud_to_laserscan/install/pointcloud_to_laserscan/lib:/home/fabian/yb_support/mecanum_drive_controller/install/mecanum_drive_controller/lib:/home/fabian/ros2_ws/install/ros2_control_demo_example_2/lib:/home/fabian/yahboom_rosmaster/install/yahboom_rosmaster_msgs/lib:/home/fabian/yahboom_rosmaster/install/mecanum_drive_controller/lib:/home/fabian/cartesian_controllers/install/cartesian_compliance_controller/lib:/home/fabian/cartesian_controllers/install/cartesian_motion_controller/lib:/home/fabian/cartesian_controllers/install/cartesian_force_controller/lib:/home/fabian/cartesian_controllers/install/cartesian_controller_simulation/lib:/home/fabian/cartesian_controllers/install/cartesian_controller_handles/lib:/home/fabian/cartesian_controllers/install/cartesian_controller_base/lib:/home/fabian/ros2_control_demos/example_7/install/ros2_control_demo_example_7/lib:/home/fabian/fixslam/install/geometry_msgs/lib:/home/fabian/fixslam/install/std_msgs/lib:/opt/ros/rolling/opt/zenoh_cpp_vendor/lib:/opt/ros/rolling/opt/gz_sim_vendor/lib:/opt/ros/rolling/opt/gz_sensors_vendor/lib:/opt/ros/rolling/opt/gz_physics_vendor/lib:/opt/ros/rolling/opt/sdformat_vendor/lib:/opt/ros/rolling/opt/gz_gui_vendor/lib:/opt/ros/rolling/opt/gz_transport_vendor/lib:/opt/ros/rolling/opt/gz_rendering_vendor/lib:/opt/ros/rolling/opt/gz_plugin_vendor/lib:/opt/ros/rolling/opt/gz_fuel_tools_vendor/lib:/opt/ros/rolling/opt/gz_msgs_vendor/lib:/opt/ros/rolling/opt/gz_common_vendor/lib:/opt/ros/rolling/opt/gz_math_vendor/lib:/opt/ros/rolling/opt/gz_utils_vendor/lib:/opt/ros/rolling/opt/rviz_ogre_vendor/lib:/opt/ros/rolling/lib/x86_64-linux-gnu:/opt/ros/rolling/opt/gz_tools_vendor/lib:/opt/ros/rolling/opt/gz_ogre_next_vendor/lib:/opt/ros/rolling/opt/gz_dartsim_vendor/lib:/opt/ros/rolling/opt/gz_cmake_vendor/lib:/opt/ros/rolling/lib PYTHONPATH=/home/fabian/moveit2/install/moveit_msgs/lib/python3.12/site-packages:/home/fabian/moveit2/install/moveit_configs_utils/lib/python3.12/site-packages:/home/fabian/moveit2/install/moveit_py/lib/python3.12/site-packages:/home/fabian/yb_support/ros_odrive/install/odrive_can/lib/python3.12/site-packages:/home/fabian/youbot_ws/build/youbot:/home/fabian/youbot_ws/install/youbot/lib/python3.12/site-packages:/home/fabian/yb_support/slam_toolbox/install/slam_toolbox/lib/python3.12/site-packages:/home/fabian/yb_support/my_msgs/install/my_msgs/lib/python3.12/site-packages:/home/fabian/yb_support/urdf_parser_py/build/urdfdom_py/src:/home/fabian/yb_support/urdf_parser_py/install/urdfdom_py/lib/python3.12/site-packages:/home/fabian/yb_support/twist_stamper/build/twist_stamper:/home/fabian/yb_support/twist_stamper/install/twist_stamper/lib/python3.12/site-packages:/home/fabian/yahboom_rosmaster/install/yahboom_rosmaster_navigation/lib/python3.12/site-packages:/home/fabian/yahboom_rosmaster/install/yahboom_rosmaster_msgs/lib/python3.12/site-packages:/home/fabian/yb_support/kdl_parser_py/build/kdl_parser_py:/home/fabian/yb_support/kdl_parser_py/install/kdl_parser_py/lib/python3.12/site-packages:/home/fabian/fixslam/install/geometry_msgs/lib/python3.12/site-packages:/home/fabian/fixslam/install/std_msgs/lib/python3.12/site-packages:/opt/ros/rolling/lib/python3.12/site-packages /usr/bin/cmake --build /home/fabian/moveit2/build/moveit_visual_tools -- -j7 -l7
[36.772s] [ 16%] [32mBuilding CXX object CMakeFiles/moveit_visual_tools.dir/src/moveit_visual_tools.cpp.o[0m
[36.781s] [ 33%] [32mBuilding CXX object CMakeFiles/moveit_visual_tools.dir/src/imarker_end_effector.cpp.o[0m
[36.804s] [ 50%] [32mBuilding CXX object CMakeFiles/moveit_visual_tools.dir/src/imarker_robot_state.cpp.o[0m
[39.356s] In file included from [01m[K/home/fabian/moveit2/install/moveit_ros_planning/include/moveit_ros_planning/moveit/planning_scene_monitor/planning_scene_monitor.hpp:40[m[K,
[39.357s]                  from [01m[K/home/fabian/moveit2/moveit_visual_tools/include/moveit_visual_tools/moveit_visual_tools.h:42[m[K,
[39.357s]                  from [01m[K/home/fabian/moveit2/moveit_visual_tools/src/moveit_visual_tools.cpp:32[m[K:
[39.358s] [01m[K/opt/ros/rolling/include/tf2_ros/tf2_ros/buffer.h:40:4:[m[K [01;35m[Kwarning: [m[K#warning BUFFER_HEADER_DEPRECATION [[01;35m[K]8;;https://gcc.gnu.org/onlinedocs/gcc/Warning-Options.html#index-Wcpp-Wcpp]8;;[m[K]
[39.358s]    40 |   #[01;35m[Kwarning[m[K BUFFER_HEADER_DEPRECATION
[39.359s]       |    [01;35m[K^~~~~~~[m[K
[39.502s] In file included from [01m[K/home/fabian/moveit2/install/moveit_ros_planning/include/moveit_ros_planning/moveit/planning_scene_monitor/planning_scene_monitor.hpp:40[m[K,
[39.502s]                  from [01m[K/home/fabian/moveit2/moveit_visual_tools/include/moveit_visual_tools/moveit_visual_tools.h:42[m[K,
[39.503s]                  from [01m[K/home/fabian/moveit2/moveit_visual_tools/include/moveit_visual_tools/imarker_robot_state.h:47[m[K,
[39.503s]                  from [01m[K/home/fabian/moveit2/moveit_visual_tools/src/imarker_robot_state.cpp:47[m[K:
[39.503s] [01m[K/opt/ros/rolling/include/tf2_ros/tf2_ros/buffer.h:40:4:[m[K [01;35m[Kwarning: [m[K#warning BUFFER_HEADER_DEPRECATION [[01;35m[K]8;;https://gcc.gnu.org/onlinedocs/gcc/Warning-Options.html#index-Wcpp-Wcpp]8;;[m[K]
[39.503s]    40 |   #[01;35m[Kwarning[m[K BUFFER_HEADER_DEPRECATION
[39.503s]       |    [01;35m[K^~~~~~~[m[K
[39.545s] In file included from [01m[K/home/fabian/moveit2/install/moveit_ros_planning/include/moveit_ros_planning/moveit/planning_scene_monitor/planning_scene_monitor.hpp:41[m[K:
[39.545s] [01m[K/opt/ros/rolling/include/tf2_ros/tf2_ros/transform_listener.h:40:4:[m[K [01;35m[Kwarning: [m[K#warning TRANSFORM_LISTENER_HEADER_DEPRECATION [[01;35m[K]8;;https://gcc.gnu.org/onlinedocs/gcc/Warning-Options.html#index-Wcpp-Wcpp]8;;[m[K]
[39.546s]    40 |   #[01;35m[Kwarning[m[K TRANSFORM_LISTENER_HEADER_DEPRECATION
[39.546s]       |    [01;35m[K^~~~~~~[m[K
[39.590s] In file included from [01m[K/home/fabian/moveit2/install/moveit_ros_planning/include/moveit_ros_planning/moveit/planning_scene_monitor/planning_scene_monitor.hpp:41[m[K:
[39.590s] [01m[K/opt/ros/rolling/include/tf2_ros/tf2_ros/transform_listener.h:40:4:[m[K [01;35m[Kwarning: [m[K#warning TRANSFORM_LISTENER_HEADER_DEPRECATION [[01;35m[K]8;;https://gcc.gnu.org/onlinedocs/gcc/Warning-Options.html#index-Wcpp-Wcpp]8;;[m[K]
[39.590s]    40 |   #[01;35m[Kwarning[m[K TRANSFORM_LISTENER_HEADER_DEPRECATION
[39.591s]       |    [01;35m[K^~~~~~~[m[K
[40.403s] In file included from [01m[K/home/fabian/moveit2/install/moveit_ros_planning/include/moveit_ros_planning/moveit/planning_scene_monitor/planning_scene_monitor.hpp:40[m[K,
[40.403s]                  from [01m[K/home/fabian/moveit2/moveit_visual_tools/include/moveit_visual_tools/moveit_visual_tools.h:42[m[K,
[40.403s]                  from [01m[K/home/fabian/moveit2/moveit_visual_tools/include/moveit_visual_tools/imarker_robot_state.h:47[m[K,
[40.404s]                  from [01m[K/home/fabian/moveit2/moveit_visual_tools/src/imarker_end_effector.cpp:47[m[K:
[40.404s] [01m[K/opt/ros/rolling/include/tf2_ros/tf2_ros/buffer.h:40:4:[m[K [01;35m[Kwarning: [m[K#warning BUFFER_HEADER_DEPRECATION [[01;35m[K]8;;https://gcc.gnu.org/onlinedocs/gcc/Warning-Options.html#index-Wcpp-Wcpp]8;;[m[K]
[40.404s]    40 |   #[01;35m[Kwarning[m[K BUFFER_HEADER_DEPRECATION
[40.404s]       |    [01;35m[K^~~~~~~[m[K
[40.405s] In file included from [01m[K/home/fabian/moveit2/install/moveit_ros_planning/include/moveit_ros_planning/moveit/planning_scene_monitor/planning_scene_monitor.hpp:41[m[K:
[40.405s] [01m[K/opt/ros/rolling/include/tf2_ros/tf2_ros/transform_listener.h:40:4:[m[K [01;35m[Kwarning: [m[K#warning TRANSFORM_LISTENER_HEADER_DEPRECATION [[01;35m[K]8;;https://gcc.gnu.org/onlinedocs/gcc/Warning-Options.html#index-Wcpp-Wcpp]8;;[m[K]
[40.405s]    40 |   #[01;35m[Kwarning[m[K TRANSFORM_LISTENER_HEADER_DEPRECATION
[40.406s]       |    [01;35m[K^~~~~~~[m[K
[72.948s] [ 66%] [32m[1mLinking CXX shared library libmoveit_visual_tools.so[0m
[74.262s] [ 66%] Built target moveit_visual_tools
[74.328s] [ 83%] [32mBuilding CXX object CMakeFiles/moveit_visual_tools_demo.dir/src/moveit_visual_tools_demo.cpp.o[0m
[75.357s] In file included from [01m[K/home/fabian/moveit2/install/moveit_ros_planning/include/moveit_ros_planning/moveit/planning_scene_monitor/planning_scene_monitor.hpp:40[m[K,
[75.357s]                  from [01m[K/home/fabian/moveit2/moveit_visual_tools/include/moveit_visual_tools/moveit_visual_tools.h:42[m[K,
[75.357s]                  from [01m[K/home/fabian/moveit2/moveit_visual_tools/src/moveit_visual_tools_demo.cpp:39[m[K:
[75.357s] [01m[K/opt/ros/rolling/include/tf2_ros/tf2_ros/buffer.h:40:4:[m[K [01;35m[Kwarning: [m[K#warning BUFFER_HEADER_DEPRECATION [[01;35m[K]8;;https://gcc.gnu.org/onlinedocs/gcc/Warning-Options.html#index-Wcpp-Wcpp]8;;[m[K]
[75.357s]    40 |   #[01;35m[Kwarning[m[K BUFFER_HEADER_DEPRECATION
[75.357s]       |    [01;35m[K^~~~~~~[m[K
[75.399s] In file included from [01m[K/home/fabian/moveit2/install/moveit_ros_planning/include/moveit_ros_planning/moveit/planning_scene_monitor/planning_scene_monitor.hpp:41[m[K:
[75.400s] [01m[K/opt/ros/rolling/include/tf2_ros/tf2_ros/transform_listener.h:40:4:[m[K [01;35m[Kwarning: [m[K#warning TRANSFORM_LISTENER_HEADER_DEPRECATION [[01;35m[K]8;;https://gcc.gnu.org/onlinedocs/gcc/Warning-Options.html#index-Wcpp-Wcpp]8;;[m[K]
[75.400s]    40 |   #[01;35m[Kwarning[m[K TRANSFORM_LISTENER_HEADER_DEPRECATION
[75.400s]       |    [01;35m[K^~~~~~~[m[K
[89.267s] [100%] [32m[1mLinking CXX executable moveit_visual_tools_demo[0m
[90.243s] [100%] Built target moveit_visual_tools_demo
