-- The C compiler identification is GNU 13.3.0
-- The CXX compiler identification is GNU 13.3.0
-- Detecting C compiler ABI info
-- Detecting C compiler ABI info - done
-- Check for working C compiler: /usr/bin/cc - skipped
-- Detecting C compile features
-- Detecting C compile features - done
-- Detecting CXX compiler ABI info
-- Detecting CXX compiler ABI info - done
-- Check for working CXX compiler: /usr/bin/c++ - skipped
-- Detecting CXX compile features
-- Detecting CXX compile features - done
-- Found ament_cmake: 2.8.4 (/opt/ros/rolling/share/ament_cmake/cmake)
-- Found Python3: /usr/bin/python3 (found version "3.12.3") found components: Interpreter 
-- Found Boost: /usr/lib/x86_64-linux-gnu/cmake/Boost-1.83.0/BoostConfig.cmake (found version "1.83.0")  
-- Found moveit_common: 2.14.0 (/home/fabian/moveit2/install/moveit_common/share/moveit_common/cmake)
[0mmoveit_task_constructor_capabilities: You did not request a specific build type: Choosing 'Release' for maximum performance[0m
-- Found moveit_core: 2.14.0 (/home/fabian/moveit2/install/moveit_core/share/moveit_core/cmake)
-- Found Boost: /usr/lib/x86_64-linux-gnu/cmake/Boost-1.83.0/BoostConfig.cmake (found version "1.83.0") found components: chrono date_time filesystem iostreams program_options regex serialization system thread 
-- Found parameter_traits: 0.5.0 (/opt/ros/rolling/share/parameter_traits/cmake)
-- Found rosidl_generator_c: 5.0.1 (/opt/ros/rolling/share/rosidl_generator_c/cmake)
-- Found rosidl_generator_cpp: 5.0.1 (/opt/ros/rolling/share/rosidl_generator_cpp/cmake)
-- Using all available rosidl_typesupport_c: rosidl_typesupport_fastrtps_c;rosidl_typesupport_introspection_c
-- Using all available rosidl_typesupport_cpp: rosidl_typesupport_fastrtps_cpp;rosidl_typesupport_introspection_cpp
-- Found rmw_implementation_cmake: 7.9.0 (/opt/ros/rolling/share/rmw_implementation_cmake/cmake)
-- Found rmw_fastrtps_cpp: 9.4.2 (/opt/ros/rolling/share/rmw_fastrtps_cpp/cmake)
-- Found OpenSSL: /usr/lib/x86_64-linux-gnu/libcrypto.so (found version "3.0.13")  
-- Using RMW implementation 'rmw_fastrtps_cpp' as default
-- Found rclcpp_lifecycle: 30.1.0 (/opt/ros/rolling/share/rclcpp_lifecycle/cmake)
-- Found Boost: /usr/lib/x86_64-linux-gnu/cmake/Boost-1.83.0/BoostConfig.cmake (found version "1.83.0") found components: random 
-- Found Eigen3: TRUE (found version "3.4.0") 
-- Ensuring Eigen3 include directory is part of orocos-kdl CMake target
-- Found moveit_ros_move_group: 2.14.0 (/home/fabian/moveit2/install/moveit_ros_move_group/share/moveit_ros_move_group/cmake)
-- Found Boost: /usr/lib/x86_64-linux-gnu/cmake/Boost-1.83.0/BoostConfig.cmake (found version "1.83.0") found components: system filesystem date_time program_options thread 
-- Found Boost: /usr/lib/x86_64-linux-gnu/cmake/Boost-1.83.0/BoostConfig.cmake (found version "1.83.0") found components: system filesystem date_time program_options thread chrono 
-- Found moveit_task_constructor_core: 0.1.3 (/home/fabian/moveit2/install/moveit_task_constructor_core/share/moveit_task_constructor_core/cmake)
-- Found Boost: /usr/lib/x86_64-linux-gnu/cmake/Boost-1.83.0/BoostConfig.cmake (found version "1.83.0") found components: date_time filesystem program_options system thread 
-- Found Boost: /usr/lib/x86_64-linux-gnu/cmake/Boost-1.83.0/BoostConfig.cmake (found version "1.83.0") found components: thread system filesystem regex date_time program_options 
[0mCMake Deprecation Warning at /opt/ros/rolling/share/ament_cmake_target_dependencies/cmake/ament_target_dependencies.cmake:87 (message):
  ament_target_dependencies() is deprecated.  Use target_link_libraries()
  with modern CMake targets instead.  Try replacing this call with:

    target_link_libraries(moveit_task_constructor_capabilities PUBLIC
      ${moveit_task_constructor_msgs_TARGETS}
      moveit_core::moveit_collision_detection
      moveit_core::moveit_collision_detection_bullet
      moveit_core::moveit_collision_detection_fcl
      moveit_core::moveit_collision_distance_field
      moveit_core::moveit_constraint_samplers
      moveit_core::moveit_distance_field
      moveit_core::moveit_dynamics_solver
      moveit_core::moveit_exceptions
      moveit_core::moveit_kinematic_constraints
      moveit_core::moveit_kinematics_base
      moveit_core::moveit_kinematics_metrics
      moveit_core::moveit_macros
      moveit_core::moveit_planning_interface
      moveit_core::moveit_planning_scene
      moveit_core::moveit_robot_model
      moveit_core::moveit_robot_state
      moveit_core::moveit_robot_trajectory
      moveit_core::moveit_smoothing_base
      moveit_core::moveit_test_utils
      moveit_core::moveit_trajectory_processing
      moveit_core::moveit_transforms
      moveit_core::moveit_utils
      moveit_ros_move_group::moveit_move_group_capabilities_base
      moveit_ros_planning::default_request_adapter_parameters
      moveit_ros_planning::default_response_adapter_parameters
      moveit_ros_planning::kinematics_parameters
      moveit_ros_planning::moveit_collision_plugin_loader
      moveit_ros_planning::moveit_constraint_sampler_manager_loader
      moveit_ros_planning::moveit_cpp
      moveit_ros_planning::moveit_kinematics_plugin_loader
      moveit_ros_planning::moveit_plan_execution
      moveit_ros_planning::moveit_planning_pipeline
      moveit_ros_planning::moveit_planning_pipeline_interfaces
      moveit_ros_planning::moveit_planning_scene_monitor
      moveit_ros_planning::moveit_rdf_loader
      moveit_ros_planning::moveit_robot_model_loader
      moveit_ros_planning::moveit_trajectory_execution_manager
      moveit_ros_planning::planning_pipeline_parameters
      moveit_ros_planning::srdf_publisher_node
      moveit_task_constructor_core::moveit_task_constructor_core
      moveit_task_constructor_core::moveit_task_constructor_core_stage_plugins
      moveit_task_constructor_core::moveit_task_constructor_core_stages
      rclcpp_action::rclcpp_action
    )

Call Stack (most recent call first):
  CMakeLists.txt:22 (ament_target_dependencies)

[0m
-- Found ament_cmake_gtest: 2.8.4 (/opt/ros/rolling/share/ament_cmake_gtest/cmake)
-- Found launch_testing_ament_cmake: 3.9.2 (/opt/ros/rolling/share/launch_testing_ament_cmake/cmake)
-- Found gtest sources under '/opt/ros/rolling/src/gtest_vendor': C++ tests using 'Google Test' will be built
-- Found Threads: TRUE  
[0mCMake Deprecation Warning at /opt/ros/rolling/share/ament_cmake_target_dependencies/cmake/ament_target_dependencies.cmake:87 (message):
  ament_target_dependencies() is deprecated.  Use target_link_libraries()
  with modern CMake targets instead.  Try replacing this call with:

    target_link_libraries(test_execution PUBLIC
      moveit_task_constructor_core::moveit_task_constructor_core
      moveit_task_constructor_core::moveit_task_constructor_core_stage_plugins
      moveit_task_constructor_core::moveit_task_constructor_core_stages
    )

Call Stack (most recent call first):
  test/CMakeLists.txt:14 (ament_target_dependencies)

[0m
-- Configuring done (9.6s)
-- Generating done (0.1s)
-- Build files have been written to: /home/fabian/moveit2/build/moveit_task_constructor_capabilities
[ 12%] [32mBuilding CXX object gtest/CMakeFiles/gtest_main.dir/src/gtest_main.cc.o[0m
[ 25%] [32mBuilding CXX object CMakeFiles/moveit_task_constructor_capabilities.dir/src/execute_task_solution_capability.cpp.o[0m
[ 37%] [32mBuilding CXX object gtest/CMakeFiles/gtest.dir/src/gtest-all.cc.o[0m
In file included from [01m[K/home/fabian/moveit2/install/moveit_ros_planning/include/moveit_ros_planning/moveit/planning_scene_monitor/planning_scene_monitor.hpp:40[m[K,
                 from [01m[K/home/fabian/moveit2/install/moveit_ros_move_group/include/moveit_ros_move_group/moveit/move_group/move_group_capability.hpp:40[m[K,
                 from [01m[K/home/fabian/moveit2/moveit_task_constructor/capabilities/src/execute_task_solution_capability.h:44[m[K,
                 from [01m[K/home/fabian/moveit2/moveit_task_constructor/capabilities/src/execute_task_solution_capability.cpp:37[m[K:
[01m[K/opt/ros/rolling/include/tf2_ros/tf2_ros/buffer.h:40:4:[m[K [01;35m[Kwarning: [m[K#warning BUFFER_HEADER_DEPRECATION [[01;35m[K]8;;https://gcc.gnu.org/onlinedocs/gcc/Warning-Options.html#index-Wcpp-Wcpp]8;;[m[K]
   40 |   #[01;35m[Kwarning[m[K BUFFER_HEADER_DEPRECATION
      |    [01;35m[K^~~~~~~[m[K
In file included from [01m[K/home/fabian/moveit2/install/moveit_ros_planning/include/moveit_ros_planning/moveit/planning_scene_monitor/planning_scene_monitor.hpp:41[m[K:
[01m[K/opt/ros/rolling/include/tf2_ros/tf2_ros/transform_listener.h:40:4:[m[K [01;35m[Kwarning: [m[K#warning TRANSFORM_LISTENER_HEADER_DEPRECATION [[01;35m[K]8;;https://gcc.gnu.org/onlinedocs/gcc/Warning-Options.html#index-Wcpp-Wcpp]8;;[m[K]
   40 |   #[01;35m[Kwarning[m[K TRANSFORM_LISTENER_HEADER_DEPRECATION
      |    [01;35m[K^~~~~~~[m[K
[ 50%] [32m[1mLinking CXX static library libgtest_main.a[0m
[ 50%] Built target gtest_main
[ 62%] [32m[1mLinking CXX static library libgtest.a[0m
[ 62%] Built target gtest
[ 75%] [32mBuilding CXX object test/CMakeFiles/test_execution.dir/test_task_execution.cpp.o[0m
[ 87%] [32m[1mLinking CXX shared library libmoveit_task_constructor_capabilities.so[0m
[ 87%] Built target moveit_task_constructor_capabilities
[100%] [32m[1mLinking CXX executable test_execution[0m
[100%] Built target test_execution
-- Install configuration: "Release"
-- Installing: /home/fabian/moveit2/install/moveit_task_constructor_capabilities/lib/libmoveit_task_constructor_capabilities.so
-- Set non-toolchain portion of runtime path of "/home/fabian/moveit2/install/moveit_task_constructor_capabilities/lib/libmoveit_task_constructor_capabilities.so" to ""
-- Installing: /home/fabian/moveit2/install/moveit_task_constructor_capabilities/share/moveit_task_constructor_capabilities/capabilities_plugin_description.xml
-- Installing: /home/fabian/moveit2/install/moveit_task_constructor_capabilities/share/ament_index/resource_index/package_run_dependencies/moveit_task_constructor_capabilities
-- Installing: /home/fabian/moveit2/install/moveit_task_constructor_capabilities/share/ament_index/resource_index/parent_prefix_path/moveit_task_constructor_capabilities
-- Installing: /home/fabian/moveit2/install/moveit_task_constructor_capabilities/share/moveit_task_constructor_capabilities/environment/ament_prefix_path.sh
-- Installing: /home/fabian/moveit2/install/moveit_task_constructor_capabilities/share/moveit_task_constructor_capabilities/environment/ament_prefix_path.dsv
-- Installing: /home/fabian/moveit2/install/moveit_task_constructor_capabilities/share/moveit_task_constructor_capabilities/environment/path.sh
-- Installing: /home/fabian/moveit2/install/moveit_task_constructor_capabilities/share/moveit_task_constructor_capabilities/environment/path.dsv
-- Installing: /home/fabian/moveit2/install/moveit_task_constructor_capabilities/share/moveit_task_constructor_capabilities/local_setup.bash
-- Installing: /home/fabian/moveit2/install/moveit_task_constructor_capabilities/share/moveit_task_constructor_capabilities/local_setup.sh
-- Installing: /home/fabian/moveit2/install/moveit_task_constructor_capabilities/share/moveit_task_constructor_capabilities/local_setup.zsh
-- Installing: /home/fabian/moveit2/install/moveit_task_constructor_capabilities/share/moveit_task_constructor_capabilities/local_setup.dsv
-- Installing: /home/fabian/moveit2/install/moveit_task_constructor_capabilities/share/moveit_task_constructor_capabilities/package.dsv
-- Installing: /home/fabian/moveit2/install/moveit_task_constructor_capabilities/share/ament_index/resource_index/packages/moveit_task_constructor_capabilities
-- Installing: /home/fabian/moveit2/install/moveit_task_constructor_capabilities/share/ament_index/resource_index/moveit_ros_move_group__pluginlib__plugin/moveit_task_constructor_capabilities
-- Installing: /home/fabian/moveit2/install/moveit_task_constructor_capabilities/share/moveit_task_constructor_capabilities/cmake/ament_cmake_export_dependencies-extras.cmake
-- Installing: /home/fabian/moveit2/install/moveit_task_constructor_capabilities/share/moveit_task_constructor_capabilities/cmake/moveit_task_constructor_capabilitiesConfig.cmake
-- Installing: /home/fabian/moveit2/install/moveit_task_constructor_capabilities/share/moveit_task_constructor_capabilities/cmake/moveit_task_constructor_capabilitiesConfig-version.cmake
-- Installing: /home/fabian/moveit2/install/moveit_task_constructor_capabilities/share/moveit_task_constructor_capabilities/package.xml
