[0.500s] Invoking command in '/home/fabian/moveit2/build/moveit_core': AMENT_PREFIX_PATH=/home/fabian/moveit2/install/moveit_resources_panda_moveit_config:/home/fabian/moveit2/install/moveit_resources_pr2_description:/home/fabian/moveit2/install/moveit_resources_panda_description:/home/fabian/moveit2/install/moveit_msgs:${AMENT_PREFIX_PATH} CMAKE_PREFIX_PATH=/home/fabian/moveit2/install/moveit_resources_panda_moveit_config:/home/fabian/moveit2/install/moveit_resources_pr2_description:/home/fabian/moveit2/install/moveit_resources_panda_description:/home/fabian/moveit2/install/moveit_msgs:/home/fabian/moveit2/install/moveit_common:/home/fabian/moveit2/install/pilz_industrial_motion_planner_testutils:/home/fabian/moveit2/install/moveit_runtime:/home/fabian/moveit2/install/moveit:/home/fabian/moveit2/install/moveit_planners:/home/fabian/moveit2/install/pilz_industrial_motion_planner:/home/fabian/moveit2/install/moveit_ros_control_interface:/home/fabian/moveit2/install/moveit_plugins:/home/fabian/moveit2/install/moveit_simple_controller_manager:/home/fabian/moveit2/install/moveit_setup_assistant:/home/fabian/moveit2/install/moveit_setup_srdf_plugins:/home/fabian/moveit2/install/moveit_setup_core_plugins:/home/fabian/moveit2/install/moveit_setup_controllers:/home/fabian/moveit2/install/moveit_setup_app_plugins:/home/fabian/moveit2/install/moveit_setup_framework:/home/fabian/moveit2/install/moveit_servo:/home/fabian/moveit2/install/moveit_ros_trajectory_cache:/home/fabian/moveit2/install/moveit_ros:/home/fabian/moveit2/install/moveit_ros_visualization:/home/fabian/moveit2/install/moveit_py:/home/fabian/moveit2/install/moveit_hybrid_planning:/home/fabian/moveit2/install/moveit_ros_planning_interface:/home/fabian/moveit2/install/moveit_ros_benchmarks:/home/fabian/moveit2/install/moveit_ros_warehouse:/home/fabian/moveit2/install/moveit_ros_robot_interaction:/home/fabian/moveit2/install/moveit_ros_perception:/home/fabian/moveit2/install/moveit_resources_prbt_pg70_support:/home/fabian/moveit2/install/moveit_resources_prbt_moveit_config:/home/fabian/moveit2/install/moveit_ros_move_group:/home/fabian/moveit2/install/moveit_planners_ompl:/home/fabian/moveit2/install/moveit_kinematics:/home/fabian/moveit2/install/moveit_ros_planning:/home/fabian/moveit2/install/moveit_ros_occupancy_map_monitor:/home/fabian/moveit2/install/moveit_resources_prbt_support:/home/fabian/moveit2/install/moveit_resources_prbt_ikfast_manipulator_plugin:/home/fabian/moveit2/install/moveit_planners_stomp:/home/fabian/moveit2/install/moveit_planners_chomp:/home/fabian/moveit2/install/chomp_motion_planner:/home/fabian/moveit2/install/moveit_core:/home/fabian/yb_support/ros_odrive/install/odrive_ros2_control:/home/fabian/yb_support/ros_odrive/install/odrive_can:/home/fabian/yb_support/slam_toolbox/install/slam_toolbox:/home/fabian/yb_support/my_msgs/install/my_msgs:/home/fabian/yb_support/pointcloud_to_laserscan/install/pointcloud_to_laserscan:/home/fabian/yb_support/mecanum_drive_controller/install/mecanum_drive_controller:/home/fabian/ros2_ws/install/ros2_control_demo_example_2:/home/fabian/ros2_ws/install/ros2_control_demo_description:/home/fabian/yahboom_rosmaster/install/yahboom_rosmaster:/home/fabian/yahboom_rosmaster/install/yahboom_rosmaster_system_tests:/home/fabian/yahboom_rosmaster/install/yahboom_rosmaster_navigation:/home/fabian/yahboom_rosmaster/install/yahboom_rosmaster_msgs:/home/fabian/yahboom_rosmaster/install/yahboom_rosmaster_localization:/home/fabian/yahboom_rosmaster/install/yahboom_rosmaster_gazebo:/home/fabian/yahboom_rosmaster/install/yahboom_rosmaster_docking:/home/fabian/yahboom_rosmaster/install/yahboom_rosmaster_description:/home/fabian/yahboom_rosmaster/install/yahboom_rosmaster_bringup:/home/fabian/yahboom_rosmaster/install/mecanum_drive_controller:/home/fabian/cartesian_controllers/install/cartesian_compliance_controller:/home/fabian/cartesian_controllers/install/cartesian_motion_controller:/home/fabian/cartesian_controllers/install/cartesian_force_controller:/home/fabian/cartesian_controllers/install/cartesian_controller_utilities:/home/fabian/moveit2/install/moveit_configs_utils:/home/fabian/youbot_ws/install/youbot:/home/fabian/yb_support/urdf_parser_py/install/urdfdom_py:/home/fabian/yb_support/twist_stamper/install/twist_stamper:/home/fabian/yb_support/kdl_parser_py/install/kdl_parser_py:/opt/ros/rolling:/home/fabian/cartesian_controllers/install/cartesian_controller_tests:/home/fabian/cartesian_controllers/install/cartesian_controller_simulation:/home/fabian/cartesian_controllers/install/cartesian_controller_handles:/home/fabian/cartesian_controllers/install/cartesian_controller_base:/home/fabian/ros2_control_demos/example_7/install/ros2_control_demo_example_7:/home/fabian/yb_support/unilidar_sdk2/install/unitree_lidar_ros2:/home/fabian/fixslam/install/geometry_msgs:/home/fabian/fixslam/install/std_msgs:/opt/ros/rolling/opt/gz_sim_vendor:/opt/ros/rolling/opt/gz_sensors_vendor:/opt/ros/rolling/opt/gz_physics_vendor:/opt/ros/rolling/opt/sdformat_vendor:/opt/ros/rolling/opt/gz_gui_vendor:/opt/ros/rolling/opt/gz_transport_vendor:/opt/ros/rolling/opt/gz_rendering_vendor:/opt/ros/rolling/opt/gz_plugin_vendor:/opt/ros/rolling/opt/gz_fuel_tools_vendor:/opt/ros/rolling/opt/gz_msgs_vendor:/opt/ros/rolling/opt/gz_common_vendor:/opt/ros/rolling/opt/gz_math_vendor:/opt/ros/rolling/opt/gz_utils_vendor:/opt/ros/rolling/opt/gz_tools_vendor:/opt/ros/rolling/opt/gz_ogre_next_vendor:/opt/ros/rolling/opt/gz_dartsim_vendor:/opt/ros/rolling/opt/gz_cmake_vendor DEBUGINFOD_URLS=https://debuginfod.ubuntu.com LD_LIBRARY_PATH=/home/fabian/moveit2/install/moveit_msgs/lib:${LD_LIBRARY_PATH} PYTHONPATH=/home/fabian/moveit2/install/moveit_msgs/lib/python3.12/site-packages:${PYTHONPATH} /usr/bin/cmake --build /home/fabian/moveit2/build/moveit_core -- -j7 -l7
[0.665s] [  1%] Built target gtest
[0.671s] [  2%] Built target gmock
[0.672s] [  3%] Built target moveit_acceleration_filter_parameters
[0.679s] [  4%] Built target gtest_main
[0.679s] [  6%] Built target moveit_smoothing_base
[0.690s] [  8%] Built target gmock_main
[0.697s] [ 11%] Built target moveit_utils
[0.738s] [ 12%] Built target moveit_butterworth_filter_parameters
[0.746s] [ 13%] Built target moveit_ruckig_filter_parameters
[0.750s] [ 14%] [34m[1mGenerate version header[0m
[0.773s] [ 15%] Built target logger_dut
[0.778s] [ 17%] Built target moveit_exceptions
[0.792s] [ 18%] Built target moveit_transforms
[0.797s] [ 20%] Built target moveit_distance_field
[0.845s] [ 21%] [34m[1mGenerating version.hpp[0m
[0.869s] [ 22%] Built target test_transforms
[0.873s] [ 23%] Built target test_voxel_grid
[0.873s] [ 23%] Built target version_hpp
[0.885s] [ 24%] Built target test_distance_field
[0.890s] [ 30%] Built target moveit_robot_model
[0.932s] [ 31%] Built target moveit_version
[0.958s] [ 32%] Built target moveit_butterworth_filter
[0.959s] [ 33%] Built target moveit_kinematics_base
[1.029s] [ 34%] Built target test_butterworth_filter
[1.036s] [ 35%] Built target moveit_test_utils
[1.046s] [ 38%] Built target moveit_robot_state
[1.127s] [ 39%] Built target test_robot_model
[1.132s] [ 40%] Built target moveit_dynamics_solver
[1.139s] [ 41%] Built target moveit_kinematics_metrics
[1.142s] [ 42%] Built target moveit_ruckig_filter
[1.147s] [ 43%] Built target moveit_robot_trajectory
[1.160s] [ 44%] Built target moveit_acceleration_filter
[1.181s] [ 50%] Built target moveit_collision_detection
[1.220s] [ 52%] Built target test_robot_state
[1.223s] [ 53%] Built target test_robot_state_complex
[1.226s] [ 54%] Built target test_aabb
[1.237s] [ 55%] Built target test_cartesian_interpolator
[1.271s] [ 56%] Built target robot_state_benchmark
[1.271s] [ 57%] Built target test_robot_trajectory
[1.309s] [ 58%] Built target test_world
[1.317s] [ 62%] Built target moveit_collision_detection_bullet
[1.333s] [ 65%] Built target moveit_trajectory_processing
[1.333s] [ 65%] Built target test_world_diff
[1.337s] [ 67%] Built target moveit_collision_detection_fcl
[1.364s] [ 68%] Built target test_acceleration_filter
[1.365s] [ 69%] Built target test_all_valid
[1.432s] [ 70%] Built target test_time_optimal_trajectory_generation
[1.434s] [ 71%] Built target test_bullet_collision_detection_panda
[1.440s] [ 72%] Built target test_ruckig_traj_smoothing
[1.455s] [ 73%] Built target test_bullet_continuous_collision_checking
[1.456s] [ 75%] Built target test_bullet_collision_detection
[1.458s] [ 76%] Built target robot_trajectory_benchmark
[1.482s] [ 77%] Built target moveit_kinematic_constraints
[1.531s] [ 78%] Built target test_fcl_collision_env
[1.533s] [ 79%] Built target test_fcl_collision_detection
[1.536s] [ 80%] Built target test_fcl_collision_detection_panda
[1.567s] [ 82%] Built target test_constraints
[1.571s] [ 83%] Built target test_orientation_constraints
[1.572s] [ 84%] Built target moveit_planning_scene
[1.672s] [ 85%] Built target collision_detector_bullet_plugin
[1.673s] [ 86%] Built target collision_detector_fcl_plugin
[1.680s] [ 87%] Built target test_planning_scene
[1.681s] [ 90%] Built target moveit_constraint_samplers
[1.681s] [ 92%] Built target moveit_planning_interface
[1.695s] [ 93%] Built target test_collision_objects
[1.696s] [ 96%] Built target moveit_collision_distance_field
[1.750s] [ 97%] Built target test_multi_threaded
[1.765s] [ 99%] Built target test_constraint_samplers
[1.777s] [100%] Built target test_collision_distance_field
[1.806s] Invoked command in '/home/fabian/moveit2/build/moveit_core' returned '0': AMENT_PREFIX_PATH=/home/fabian/moveit2/install/moveit_resources_panda_moveit_config:/home/fabian/moveit2/install/moveit_resources_pr2_description:/home/fabian/moveit2/install/moveit_resources_panda_description:/home/fabian/moveit2/install/moveit_msgs:${AMENT_PREFIX_PATH} CMAKE_PREFIX_PATH=/home/fabian/moveit2/install/moveit_resources_panda_moveit_config:/home/fabian/moveit2/install/moveit_resources_pr2_description:/home/fabian/moveit2/install/moveit_resources_panda_description:/home/fabian/moveit2/install/moveit_msgs:/home/fabian/moveit2/install/moveit_common:/home/fabian/moveit2/install/pilz_industrial_motion_planner_testutils:/home/fabian/moveit2/install/moveit_runtime:/home/fabian/moveit2/install/moveit:/home/fabian/moveit2/install/moveit_planners:/home/fabian/moveit2/install/pilz_industrial_motion_planner:/home/fabian/moveit2/install/moveit_ros_control_interface:/home/fabian/moveit2/install/moveit_plugins:/home/fabian/moveit2/install/moveit_simple_controller_manager:/home/fabian/moveit2/install/moveit_setup_assistant:/home/fabian/moveit2/install/moveit_setup_srdf_plugins:/home/fabian/moveit2/install/moveit_setup_core_plugins:/home/fabian/moveit2/install/moveit_setup_controllers:/home/fabian/moveit2/install/moveit_setup_app_plugins:/home/fabian/moveit2/install/moveit_setup_framework:/home/fabian/moveit2/install/moveit_servo:/home/fabian/moveit2/install/moveit_ros_trajectory_cache:/home/fabian/moveit2/install/moveit_ros:/home/fabian/moveit2/install/moveit_ros_visualization:/home/fabian/moveit2/install/moveit_py:/home/fabian/moveit2/install/moveit_hybrid_planning:/home/fabian/moveit2/install/moveit_ros_planning_interface:/home/fabian/moveit2/install/moveit_ros_benchmarks:/home/fabian/moveit2/install/moveit_ros_warehouse:/home/fabian/moveit2/install/moveit_ros_robot_interaction:/home/fabian/moveit2/install/moveit_ros_perception:/home/fabian/moveit2/install/moveit_resources_prbt_pg70_support:/home/fabian/moveit2/install/moveit_resources_prbt_moveit_config:/home/fabian/moveit2/install/moveit_ros_move_group:/home/fabian/moveit2/install/moveit_planners_ompl:/home/fabian/moveit2/install/moveit_kinematics:/home/fabian/moveit2/install/moveit_ros_planning:/home/fabian/moveit2/install/moveit_ros_occupancy_map_monitor:/home/fabian/moveit2/install/moveit_resources_prbt_support:/home/fabian/moveit2/install/moveit_resources_prbt_ikfast_manipulator_plugin:/home/fabian/moveit2/install/moveit_planners_stomp:/home/fabian/moveit2/install/moveit_planners_chomp:/home/fabian/moveit2/install/chomp_motion_planner:/home/fabian/moveit2/install/moveit_core:/home/fabian/yb_support/ros_odrive/install/odrive_ros2_control:/home/fabian/yb_support/ros_odrive/install/odrive_can:/home/fabian/yb_support/slam_toolbox/install/slam_toolbox:/home/fabian/yb_support/my_msgs/install/my_msgs:/home/fabian/yb_support/pointcloud_to_laserscan/install/pointcloud_to_laserscan:/home/fabian/yb_support/mecanum_drive_controller/install/mecanum_drive_controller:/home/fabian/ros2_ws/install/ros2_control_demo_example_2:/home/fabian/ros2_ws/install/ros2_control_demo_description:/home/fabian/yahboom_rosmaster/install/yahboom_rosmaster:/home/fabian/yahboom_rosmaster/install/yahboom_rosmaster_system_tests:/home/fabian/yahboom_rosmaster/install/yahboom_rosmaster_navigation:/home/fabian/yahboom_rosmaster/install/yahboom_rosmaster_msgs:/home/fabian/yahboom_rosmaster/install/yahboom_rosmaster_localization:/home/fabian/yahboom_rosmaster/install/yahboom_rosmaster_gazebo:/home/fabian/yahboom_rosmaster/install/yahboom_rosmaster_docking:/home/fabian/yahboom_rosmaster/install/yahboom_rosmaster_description:/home/fabian/yahboom_rosmaster/install/yahboom_rosmaster_bringup:/home/fabian/yahboom_rosmaster/install/mecanum_drive_controller:/home/fabian/cartesian_controllers/install/cartesian_compliance_controller:/home/fabian/cartesian_controllers/install/cartesian_motion_controller:/home/fabian/cartesian_controllers/install/cartesian_force_controller:/home/fabian/cartesian_controllers/install/cartesian_controller_utilities:/home/fabian/moveit2/install/moveit_configs_utils:/home/fabian/youbot_ws/install/youbot:/home/fabian/yb_support/urdf_parser_py/install/urdfdom_py:/home/fabian/yb_support/twist_stamper/install/twist_stamper:/home/fabian/yb_support/kdl_parser_py/install/kdl_parser_py:/opt/ros/rolling:/home/fabian/cartesian_controllers/install/cartesian_controller_tests:/home/fabian/cartesian_controllers/install/cartesian_controller_simulation:/home/fabian/cartesian_controllers/install/cartesian_controller_handles:/home/fabian/cartesian_controllers/install/cartesian_controller_base:/home/fabian/ros2_control_demos/example_7/install/ros2_control_demo_example_7:/home/fabian/yb_support/unilidar_sdk2/install/unitree_lidar_ros2:/home/fabian/fixslam/install/geometry_msgs:/home/fabian/fixslam/install/std_msgs:/opt/ros/rolling/opt/gz_sim_vendor:/opt/ros/rolling/opt/gz_sensors_vendor:/opt/ros/rolling/opt/gz_physics_vendor:/opt/ros/rolling/opt/sdformat_vendor:/opt/ros/rolling/opt/gz_gui_vendor:/opt/ros/rolling/opt/gz_transport_vendor:/opt/ros/rolling/opt/gz_rendering_vendor:/opt/ros/rolling/opt/gz_plugin_vendor:/opt/ros/rolling/opt/gz_fuel_tools_vendor:/opt/ros/rolling/opt/gz_msgs_vendor:/opt/ros/rolling/opt/gz_common_vendor:/opt/ros/rolling/opt/gz_math_vendor:/opt/ros/rolling/opt/gz_utils_vendor:/opt/ros/rolling/opt/gz_tools_vendor:/opt/ros/rolling/opt/gz_ogre_next_vendor:/opt/ros/rolling/opt/gz_dartsim_vendor:/opt/ros/rolling/opt/gz_cmake_vendor DEBUGINFOD_URLS=https://debuginfod.ubuntu.com LD_LIBRARY_PATH=/home/fabian/moveit2/install/moveit_msgs/lib:${LD_LIBRARY_PATH} PYTHONPATH=/home/fabian/moveit2/install/moveit_msgs/lib/python3.12/site-packages:${PYTHONPATH} /usr/bin/cmake --build /home/fabian/moveit2/build/moveit_core -- -j7 -l7
[1.807s] Invoking command in '/home/fabian/moveit2/build/moveit_core': AMENT_PREFIX_PATH=/home/fabian/moveit2/install/moveit_resources_panda_moveit_config:/home/fabian/moveit2/install/moveit_resources_pr2_description:/home/fabian/moveit2/install/moveit_resources_panda_description:/home/fabian/moveit2/install/moveit_msgs:${AMENT_PREFIX_PATH} CMAKE_PREFIX_PATH=/home/fabian/moveit2/install/moveit_resources_panda_moveit_config:/home/fabian/moveit2/install/moveit_resources_pr2_description:/home/fabian/moveit2/install/moveit_resources_panda_description:/home/fabian/moveit2/install/moveit_msgs:/home/fabian/moveit2/install/moveit_common:/home/fabian/moveit2/install/pilz_industrial_motion_planner_testutils:/home/fabian/moveit2/install/moveit_runtime:/home/fabian/moveit2/install/moveit:/home/fabian/moveit2/install/moveit_planners:/home/fabian/moveit2/install/pilz_industrial_motion_planner:/home/fabian/moveit2/install/moveit_ros_control_interface:/home/fabian/moveit2/install/moveit_plugins:/home/fabian/moveit2/install/moveit_simple_controller_manager:/home/fabian/moveit2/install/moveit_setup_assistant:/home/fabian/moveit2/install/moveit_setup_srdf_plugins:/home/fabian/moveit2/install/moveit_setup_core_plugins:/home/fabian/moveit2/install/moveit_setup_controllers:/home/fabian/moveit2/install/moveit_setup_app_plugins:/home/fabian/moveit2/install/moveit_setup_framework:/home/fabian/moveit2/install/moveit_servo:/home/fabian/moveit2/install/moveit_ros_trajectory_cache:/home/fabian/moveit2/install/moveit_ros:/home/fabian/moveit2/install/moveit_ros_visualization:/home/fabian/moveit2/install/moveit_py:/home/fabian/moveit2/install/moveit_hybrid_planning:/home/fabian/moveit2/install/moveit_ros_planning_interface:/home/fabian/moveit2/install/moveit_ros_benchmarks:/home/fabian/moveit2/install/moveit_ros_warehouse:/home/fabian/moveit2/install/moveit_ros_robot_interaction:/home/fabian/moveit2/install/moveit_ros_perception:/home/fabian/moveit2/install/moveit_resources_prbt_pg70_support:/home/fabian/moveit2/install/moveit_resources_prbt_moveit_config:/home/fabian/moveit2/install/moveit_ros_move_group:/home/fabian/moveit2/install/moveit_planners_ompl:/home/fabian/moveit2/install/moveit_kinematics:/home/fabian/moveit2/install/moveit_ros_planning:/home/fabian/moveit2/install/moveit_ros_occupancy_map_monitor:/home/fabian/moveit2/install/moveit_resources_prbt_support:/home/fabian/moveit2/install/moveit_resources_prbt_ikfast_manipulator_plugin:/home/fabian/moveit2/install/moveit_planners_stomp:/home/fabian/moveit2/install/moveit_planners_chomp:/home/fabian/moveit2/install/chomp_motion_planner:/home/fabian/moveit2/install/moveit_core:/home/fabian/yb_support/ros_odrive/install/odrive_ros2_control:/home/fabian/yb_support/ros_odrive/install/odrive_can:/home/fabian/yb_support/slam_toolbox/install/slam_toolbox:/home/fabian/yb_support/my_msgs/install/my_msgs:/home/fabian/yb_support/pointcloud_to_laserscan/install/pointcloud_to_laserscan:/home/fabian/yb_support/mecanum_drive_controller/install/mecanum_drive_controller:/home/fabian/ros2_ws/install/ros2_control_demo_example_2:/home/fabian/ros2_ws/install/ros2_control_demo_description:/home/fabian/yahboom_rosmaster/install/yahboom_rosmaster:/home/fabian/yahboom_rosmaster/install/yahboom_rosmaster_system_tests:/home/fabian/yahboom_rosmaster/install/yahboom_rosmaster_navigation:/home/fabian/yahboom_rosmaster/install/yahboom_rosmaster_msgs:/home/fabian/yahboom_rosmaster/install/yahboom_rosmaster_localization:/home/fabian/yahboom_rosmaster/install/yahboom_rosmaster_gazebo:/home/fabian/yahboom_rosmaster/install/yahboom_rosmaster_docking:/home/fabian/yahboom_rosmaster/install/yahboom_rosmaster_description:/home/fabian/yahboom_rosmaster/install/yahboom_rosmaster_bringup:/home/fabian/yahboom_rosmaster/install/mecanum_drive_controller:/home/fabian/cartesian_controllers/install/cartesian_compliance_controller:/home/fabian/cartesian_controllers/install/cartesian_motion_controller:/home/fabian/cartesian_controllers/install/cartesian_force_controller:/home/fabian/cartesian_controllers/install/cartesian_controller_utilities:/home/fabian/moveit2/install/moveit_configs_utils:/home/fabian/youbot_ws/install/youbot:/home/fabian/yb_support/urdf_parser_py/install/urdfdom_py:/home/fabian/yb_support/twist_stamper/install/twist_stamper:/home/fabian/yb_support/kdl_parser_py/install/kdl_parser_py:/opt/ros/rolling:/home/fabian/cartesian_controllers/install/cartesian_controller_tests:/home/fabian/cartesian_controllers/install/cartesian_controller_simulation:/home/fabian/cartesian_controllers/install/cartesian_controller_handles:/home/fabian/cartesian_controllers/install/cartesian_controller_base:/home/fabian/ros2_control_demos/example_7/install/ros2_control_demo_example_7:/home/fabian/yb_support/unilidar_sdk2/install/unitree_lidar_ros2:/home/fabian/fixslam/install/geometry_msgs:/home/fabian/fixslam/install/std_msgs:/opt/ros/rolling/opt/gz_sim_vendor:/opt/ros/rolling/opt/gz_sensors_vendor:/opt/ros/rolling/opt/gz_physics_vendor:/opt/ros/rolling/opt/sdformat_vendor:/opt/ros/rolling/opt/gz_gui_vendor:/opt/ros/rolling/opt/gz_transport_vendor:/opt/ros/rolling/opt/gz_rendering_vendor:/opt/ros/rolling/opt/gz_plugin_vendor:/opt/ros/rolling/opt/gz_fuel_tools_vendor:/opt/ros/rolling/opt/gz_msgs_vendor:/opt/ros/rolling/opt/gz_common_vendor:/opt/ros/rolling/opt/gz_math_vendor:/opt/ros/rolling/opt/gz_utils_vendor:/opt/ros/rolling/opt/gz_tools_vendor:/opt/ros/rolling/opt/gz_ogre_next_vendor:/opt/ros/rolling/opt/gz_dartsim_vendor:/opt/ros/rolling/opt/gz_cmake_vendor DEBUGINFOD_URLS=https://debuginfod.ubuntu.com LD_LIBRARY_PATH=/home/fabian/moveit2/install/moveit_msgs/lib:${LD_LIBRARY_PATH} PYTHONPATH=/home/fabian/moveit2/install/moveit_msgs/lib/python3.12/site-packages:${PYTHONPATH} /usr/bin/cmake --install /home/fabian/moveit2/build/moveit_core
[1.831s] -- Install configuration: "Release"
[1.832s] -- Execute custom install script
[1.833s] -- Up-to-date symlink: /home/fabian/moveit2/install/moveit_core/include/moveit_core/moveit/collision_detection_bullet/bullet_integration/basic_types.h
[1.833s] -- Up-to-date symlink: /home/fabian/moveit2/install/moveit_core/include/moveit_core/moveit/collision_detection_bullet/bullet_integration/basic_types.hpp
[1.833s] -- Up-to-date symlink: /home/fabian/moveit2/install/moveit_core/include/moveit_core/moveit/collision_detection_bullet/bullet_integration/bullet_bvh_manager.h
[1.834s] -- Up-to-date symlink: /home/fabian/moveit2/install/moveit_core/include/moveit_core/moveit/collision_detection_bullet/bullet_integration/bullet_bvh_manager.hpp
[1.834s] -- Up-to-date symlink: /home/fabian/moveit2/install/moveit_core/include/moveit_core/moveit/collision_detection_bullet/bullet_integration/bullet_cast_bvh_manager.h
[1.834s] -- Up-to-date symlink: /home/fabian/moveit2/install/moveit_core/include/moveit_core/moveit/collision_detection_bullet/bullet_integration/bullet_cast_bvh_manager.hpp
[1.834s] -- Up-to-date symlink: /home/fabian/moveit2/install/moveit_core/include/moveit_core/moveit/collision_detection_bullet/bullet_integration/bullet_discrete_bvh_manager.h
[1.835s] -- Up-to-date symlink: /home/fabian/moveit2/install/moveit_core/include/moveit_core/moveit/collision_detection_bullet/bullet_integration/bullet_discrete_bvh_manager.hpp
[1.835s] -- Up-to-date symlink: /home/fabian/moveit2/install/moveit_core/include/moveit_core/moveit/collision_detection_bullet/bullet_integration/bullet_utils.h
[1.835s] -- Up-to-date symlink: /home/fabian/moveit2/install/moveit_core/include/moveit_core/moveit/collision_detection_bullet/bullet_integration/bullet_utils.hpp
[1.836s] -- Up-to-date symlink: /home/fabian/moveit2/install/moveit_core/include/moveit_core/moveit/collision_detection_bullet/bullet_integration/contact_checker_common.h
[1.836s] -- Up-to-date symlink: /home/fabian/moveit2/install/moveit_core/include/moveit_core/moveit/collision_detection_bullet/bullet_integration/contact_checker_common.hpp
[1.836s] -- Up-to-date symlink: /home/fabian/moveit2/install/moveit_core/include/moveit_core/moveit/collision_detection_bullet/bullet_integration/ros_bullet_utils.h
[1.836s] -- Up-to-date symlink: /home/fabian/moveit2/install/moveit_core/include/moveit_core/moveit/collision_detection_bullet/bullet_integration/ros_bullet_utils.hpp
[1.837s] -- Up-to-date symlink: /home/fabian/moveit2/install/moveit_core/include/moveit_core/moveit/collision_detection_bullet/collision_detector_allocator_bullet.h
[1.837s] -- Up-to-date symlink: /home/fabian/moveit2/install/moveit_core/include/moveit_core/moveit/collision_detection_bullet/collision_detector_allocator_bullet.hpp
[1.837s] -- Up-to-date symlink: /home/fabian/moveit2/install/moveit_core/include/moveit_core/moveit/collision_detection_bullet/collision_detector_bullet_plugin_loader.h
[1.837s] -- Up-to-date symlink: /home/fabian/moveit2/install/moveit_core/include/moveit_core/moveit/collision_detection_bullet/collision_detector_bullet_plugin_loader.hpp
[1.837s] -- Up-to-date symlink: /home/fabian/moveit2/install/moveit_core/include/moveit_core/moveit/collision_detection_bullet/collision_env_bullet.h
[1.838s] -- Up-to-date symlink: /home/fabian/moveit2/install/moveit_core/include/moveit_core/moveit/collision_detection_bullet/collision_env_bullet.hpp
[1.838s] -- Up-to-date symlink: /home/fabian/moveit2/install/moveit_core/include/moveit_core/moveit_collision_detection_bullet_export.h
[1.839s] -- Up-to-date symlink: /home/fabian/moveit2/install/moveit_core/include/moveit_core/moveit/collision_detection_fcl/collision_common.h
[1.839s] -- Up-to-date symlink: /home/fabian/moveit2/install/moveit_core/include/moveit_core/moveit/collision_detection_fcl/collision_common.hpp
[1.839s] -- Up-to-date symlink: /home/fabian/moveit2/install/moveit_core/include/moveit_core/moveit/collision_detection_fcl/collision_detector_allocator_fcl.h
[1.840s] -- Up-to-date symlink: /home/fabian/moveit2/install/moveit_core/include/moveit_core/moveit/collision_detection_fcl/collision_detector_allocator_fcl.hpp
[1.840s] -- Up-to-date symlink: /home/fabian/moveit2/install/moveit_core/include/moveit_core/moveit/collision_detection_fcl/collision_detector_fcl_plugin_loader.h
[1.840s] -- Up-to-date symlink: /home/fabian/moveit2/install/moveit_core/include/moveit_core/moveit/collision_detection_fcl/collision_detector_fcl_plugin_loader.hpp
[1.840s] -- Up-to-date symlink: /home/fabian/moveit2/install/moveit_core/include/moveit_core/moveit/collision_detection_fcl/collision_env_fcl.h
[1.841s] -- Up-to-date symlink: /home/fabian/moveit2/install/moveit_core/include/moveit_core/moveit/collision_detection_fcl/collision_env_fcl.hpp
[1.841s] -- Up-to-date symlink: /home/fabian/moveit2/install/moveit_core/include/moveit_core/moveit/collision_detection_fcl/fcl_compat.h
[1.841s] -- Up-to-date symlink: /home/fabian/moveit2/install/moveit_core/include/moveit_core/moveit/collision_detection_fcl/fcl_compat.hpp
[1.841s] -- Up-to-date symlink: /home/fabian/moveit2/install/moveit_core/include/moveit_core/moveit_collision_detection_fcl_export.h
[1.842s] -- Up-to-date symlink: /home/fabian/moveit2/install/moveit_core/include/moveit_core/moveit/collision_detection/allvalid/collision_detector_allocator_allvalid.h
[1.843s] -- Up-to-date symlink: /home/fabian/moveit2/install/moveit_core/include/moveit_core/moveit/collision_detection/allvalid/collision_detector_allocator_allvalid.hpp
[1.843s] -- Up-to-date symlink: /home/fabian/moveit2/install/moveit_core/include/moveit_core/moveit/collision_detection/allvalid/collision_env_allvalid.h
[1.843s] -- Up-to-date symlink: /home/fabian/moveit2/install/moveit_core/include/moveit_core/moveit/collision_detection/allvalid/collision_env_allvalid.hpp
[1.843s] -- Up-to-date symlink: /home/fabian/moveit2/install/moveit_core/include/moveit_core/moveit/collision_detection/collision_common.h
[1.843s] -- Up-to-date symlink: /home/fabian/moveit2/install/moveit_core/include/moveit_core/moveit/collision_detection/collision_common.hpp
[1.844s] -- Up-to-date symlink: /home/fabian/moveit2/install/moveit_core/include/moveit_core/moveit/collision_detection/collision_detector_allocator.h
[1.844s] -- Up-to-date symlink: /home/fabian/moveit2/install/moveit_core/include/moveit_core/moveit/collision_detection/collision_detector_allocator.hpp
[1.844s] -- Up-to-date symlink: /home/fabian/moveit2/install/moveit_core/include/moveit_core/moveit/collision_detection/collision_env.h
[1.844s] -- Up-to-date symlink: /home/fabian/moveit2/install/moveit_core/include/moveit_core/moveit/collision_detection/collision_env.hpp
[1.845s] -- Up-to-date symlink: /home/fabian/moveit2/install/moveit_core/include/moveit_core/moveit/collision_detection/collision_matrix.h
[1.845s] -- Up-to-date symlink: /home/fabian/moveit2/install/moveit_core/include/moveit_core/moveit/collision_detection/collision_matrix.hpp
[1.845s] -- Up-to-date symlink: /home/fabian/moveit2/install/moveit_core/include/moveit_core/moveit/collision_detection/collision_octomap_filter.h
[1.845s] -- Up-to-date symlink: /home/fabian/moveit2/install/moveit_core/include/moveit_core/moveit/collision_detection/collision_octomap_filter.hpp
[1.845s] -- Up-to-date symlink: /home/fabian/moveit2/install/moveit_core/include/moveit_core/moveit/collision_detection/collision_plugin.h
[1.846s] -- Up-to-date symlink: /home/fabian/moveit2/install/moveit_core/include/moveit_core/moveit/collision_detection/collision_plugin.hpp
[1.846s] -- Up-to-date symlink: /home/fabian/moveit2/install/moveit_core/include/moveit_core/moveit/collision_detection/collision_plugin_cache.h
[1.846s] -- Up-to-date symlink: /home/fabian/moveit2/install/moveit_core/include/moveit_core/moveit/collision_detection/collision_plugin_cache.hpp
[1.846s] -- Up-to-date symlink: /home/fabian/moveit2/install/moveit_core/include/moveit_core/moveit/collision_detection/collision_tools.h
[1.847s] -- Up-to-date symlink: /home/fabian/moveit2/install/moveit_core/include/moveit_core/moveit/collision_detection/collision_tools.hpp
[1.847s] -- Up-to-date symlink: /home/fabian/moveit2/install/moveit_core/include/moveit_core/moveit/collision_detection/occupancy_map.h
[1.847s] -- Up-to-date symlink: /home/fabian/moveit2/install/moveit_core/include/moveit_core/moveit/collision_detection/occupancy_map.hpp
[1.847s] -- Up-to-date symlink: /home/fabian/moveit2/install/moveit_core/include/moveit_core/moveit/collision_detection/test_collision_common_panda.h
[1.847s] -- Up-to-date symlink: /home/fabian/moveit2/install/moveit_core/include/moveit_core/moveit/collision_detection/test_collision_common_panda.hpp
[1.848s] -- Up-to-date symlink: /home/fabian/moveit2/install/moveit_core/include/moveit_core/moveit/collision_detection/test_collision_common_pr2.h
[1.848s] -- Up-to-date symlink: /home/fabian/moveit2/install/moveit_core/include/moveit_core/moveit/collision_detection/test_collision_common_pr2.hpp
[1.848s] -- Up-to-date symlink: /home/fabian/moveit2/install/moveit_core/include/moveit_core/moveit/collision_detection/world.h
[1.848s] -- Up-to-date symlink: /home/fabian/moveit2/install/moveit_core/include/moveit_core/moveit/collision_detection/world.hpp
[1.849s] -- Up-to-date symlink: /home/fabian/moveit2/install/moveit_core/include/moveit_core/moveit/collision_detection/world_diff.h
[1.849s] -- Up-to-date symlink: /home/fabian/moveit2/install/moveit_core/include/moveit_core/moveit/collision_detection/world_diff.hpp
[1.849s] -- Up-to-date symlink: /home/fabian/moveit2/install/moveit_core/include/moveit_core/moveit_collision_detection_export.h
[1.850s] -- Up-to-date symlink: /home/fabian/moveit2/install/moveit_core/include/moveit_core/moveit/collision_distance_field/collision_common_distance_field.h
[1.850s] -- Up-to-date symlink: /home/fabian/moveit2/install/moveit_core/include/moveit_core/moveit/collision_distance_field/collision_common_distance_field.hpp
[1.850s] -- Up-to-date symlink: /home/fabian/moveit2/install/moveit_core/include/moveit_core/moveit/collision_distance_field/collision_detector_allocator_distance_field.h
[1.850s] -- Up-to-date symlink: /home/fabian/moveit2/install/moveit_core/include/moveit_core/moveit/collision_distance_field/collision_detector_allocator_distance_field.hpp
[1.851s] -- Up-to-date symlink: /home/fabian/moveit2/install/moveit_core/include/moveit_core/moveit/collision_distance_field/collision_detector_allocator_hybrid.h
[1.851s] -- Up-to-date symlink: /home/fabian/moveit2/install/moveit_core/include/moveit_core/moveit/collision_distance_field/collision_detector_allocator_hybrid.hpp
[1.851s] -- Up-to-date symlink: /home/fabian/moveit2/install/moveit_core/include/moveit_core/moveit/collision_distance_field/collision_distance_field_types.h
[1.851s] -- Up-to-date symlink: /home/fabian/moveit2/install/moveit_core/include/moveit_core/moveit/collision_distance_field/collision_distance_field_types.hpp
[1.851s] -- Up-to-date symlink: /home/fabian/moveit2/install/moveit_core/include/moveit_core/moveit/collision_distance_field/collision_env_distance_field.h
[1.852s] -- Up-to-date symlink: /home/fabian/moveit2/install/moveit_core/include/moveit_core/moveit/collision_distance_field/collision_env_distance_field.hpp
[1.852s] -- Up-to-date symlink: /home/fabian/moveit2/install/moveit_core/include/moveit_core/moveit/collision_distance_field/collision_env_hybrid.h
[1.852s] -- Up-to-date symlink: /home/fabian/moveit2/install/moveit_core/include/moveit_core/moveit/collision_distance_field/collision_env_hybrid.hpp
[1.852s] -- Up-to-date symlink: /home/fabian/moveit2/install/moveit_core/include/moveit_core/moveit_collision_distance_field_export.h
[1.853s] -- Up-to-date symlink: /home/fabian/moveit2/install/moveit_core/include/moveit_core/moveit/constraint_samplers/constraint_sampler.h
[1.853s] -- Up-to-date symlink: /home/fabian/moveit2/install/moveit_core/include/moveit_core/moveit/constraint_samplers/constraint_sampler.hpp
[1.853s] -- Up-to-date symlink: /home/fabian/moveit2/install/moveit_core/include/moveit_core/moveit/constraint_samplers/constraint_sampler_allocator.h
[1.853s] -- Up-to-date symlink: /home/fabian/moveit2/install/moveit_core/include/moveit_core/moveit/constraint_samplers/constraint_sampler_allocator.hpp
[1.854s] -- Up-to-date symlink: /home/fabian/moveit2/install/moveit_core/include/moveit_core/moveit/constraint_samplers/constraint_sampler_manager.h
[1.854s] -- Up-to-date symlink: /home/fabian/moveit2/install/moveit_core/include/moveit_core/moveit/constraint_samplers/constraint_sampler_manager.hpp
[1.854s] -- Up-to-date symlink: /home/fabian/moveit2/install/moveit_core/include/moveit_core/moveit/constraint_samplers/constraint_sampler_tools.h
[1.854s] -- Up-to-date symlink: /home/fabian/moveit2/install/moveit_core/include/moveit_core/moveit/constraint_samplers/constraint_sampler_tools.hpp
[1.855s] -- Up-to-date symlink: /home/fabian/moveit2/install/moveit_core/include/moveit_core/moveit/constraint_samplers/default_constraint_samplers.h
[1.855s] -- Up-to-date symlink: /home/fabian/moveit2/install/moveit_core/include/moveit_core/moveit/constraint_samplers/default_constraint_samplers.hpp
[1.855s] -- Up-to-date symlink: /home/fabian/moveit2/install/moveit_core/include/moveit_core/moveit/constraint_samplers/union_constraint_sampler.h
[1.855s] -- Up-to-date symlink: /home/fabian/moveit2/install/moveit_core/include/moveit_core/moveit/constraint_samplers/union_constraint_sampler.hpp
[1.856s] -- Up-to-date symlink: /home/fabian/moveit2/install/moveit_core/include/moveit_core/moveit/controller_manager/controller_manager.h
[1.856s] -- Up-to-date symlink: /home/fabian/moveit2/install/moveit_core/include/moveit_core/moveit/controller_manager/controller_manager.hpp
[1.857s] -- Up-to-date symlink: /home/fabian/moveit2/install/moveit_core/include/moveit_core/moveit/distance_field/distance_field.h
[1.857s] -- Up-to-date symlink: /home/fabian/moveit2/install/moveit_core/include/moveit_core/moveit/distance_field/distance_field.hpp
[1.857s] -- Up-to-date symlink: /home/fabian/moveit2/install/moveit_core/include/moveit_core/moveit/distance_field/find_internal_points.h
[1.858s] -- Up-to-date symlink: /home/fabian/moveit2/install/moveit_core/include/moveit_core/moveit/distance_field/find_internal_points.hpp
[1.858s] -- Up-to-date symlink: /home/fabian/moveit2/install/moveit_core/include/moveit_core/moveit/distance_field/propagation_distance_field.h
[1.858s] -- Up-to-date symlink: /home/fabian/moveit2/install/moveit_core/include/moveit_core/moveit/distance_field/propagation_distance_field.hpp
[1.858s] -- Up-to-date symlink: /home/fabian/moveit2/install/moveit_core/include/moveit_core/moveit/distance_field/voxel_grid.h
[1.859s] -- Up-to-date symlink: /home/fabian/moveit2/install/moveit_core/include/moveit_core/moveit/distance_field/voxel_grid.hpp
[1.859s] -- Up-to-date symlink: /home/fabian/moveit2/install/moveit_core/include/moveit_core/moveit/dynamics_solver/dynamics_solver.h
[1.859s] -- Up-to-date symlink: /home/fabian/moveit2/install/moveit_core/include/moveit_core/moveit/dynamics_solver/dynamics_solver.hpp
[1.860s] -- Up-to-date symlink: /home/fabian/moveit2/install/moveit_core/include/moveit_core/moveit/exceptions/exceptions.h
[1.860s] -- Up-to-date symlink: /home/fabian/moveit2/install/moveit_core/include/moveit_core/moveit/exceptions/exceptions.hpp
[1.860s] -- Up-to-date symlink: /home/fabian/moveit2/install/moveit_core/include/moveit_core/moveit/kinematic_constraints/kinematic_constraint.h
[1.861s] -- Up-to-date symlink: /home/fabian/moveit2/install/moveit_core/include/moveit_core/moveit/kinematic_constraints/kinematic_constraint.hpp
[1.861s] -- Up-to-date symlink: /home/fabian/moveit2/install/moveit_core/include/moveit_core/moveit/kinematic_constraints/utils.h
[1.861s] -- Up-to-date symlink: /home/fabian/moveit2/install/moveit_core/include/moveit_core/moveit/kinematic_constraints/utils.hpp
[1.861s] -- Up-to-date symlink: /home/fabian/moveit2/install/moveit_core/include/moveit_core/moveit/kinematics_base/kinematics_base.h
[1.862s] -- Up-to-date symlink: /home/fabian/moveit2/install/moveit_core/include/moveit_core/moveit/kinematics_base/kinematics_base.hpp
[1.862s] -- Up-to-date symlink: /home/fabian/moveit2/install/moveit_core/include/moveit_core/moveit_kinematics_base_export.h
[1.862s] -- Up-to-date symlink: /home/fabian/moveit2/install/moveit_core/include/moveit_core/moveit/kinematics_metrics/kinematics_metrics.h
[1.863s] -- Up-to-date symlink: /home/fabian/moveit2/install/moveit_core/include/moveit_core/moveit/kinematics_metrics/kinematics_metrics.hpp
[1.863s] -- Up-to-date symlink: /home/fabian/moveit2/install/moveit_core/include/moveit_core/moveit/macros/class_forward.h
[1.863s] -- Up-to-date symlink: /home/fabian/moveit2/install/moveit_core/include/moveit_core/moveit/macros/class_forward.hpp
[1.864s] -- Up-to-date symlink: /home/fabian/moveit2/install/moveit_core/include/moveit_core/moveit/macros/console_colors.h
[1.864s] -- Up-to-date symlink: /home/fabian/moveit2/install/moveit_core/include/moveit_core/moveit/macros/console_colors.hpp
[1.864s] -- Up-to-date symlink: /home/fabian/moveit2/install/moveit_core/include/moveit_core/moveit/macros/declare_ptr.h
[1.864s] -- Up-to-date symlink: /home/fabian/moveit2/install/moveit_core/include/moveit_core/moveit/macros/declare_ptr.hpp
[1.865s] -- Up-to-date symlink: /home/fabian/moveit2/install/moveit_core/include/moveit_core/moveit_acceleration_filter_parameters.hpp
[1.865s] -- Up-to-date symlink: /home/fabian/moveit2/install/moveit_core/include/moveit_core/moveit_butterworth_filter_parameters.hpp
[1.865s] -- Up-to-date symlink: /home/fabian/moveit2/install/moveit_core/include/moveit_core/moveit_ruckig_filter_parameters.hpp
[1.865s] -- Up-to-date symlink: /home/fabian/moveit2/install/moveit_core/include/moveit_core/moveit_acceleration_filter_parameters.hpp
[1.865s] -- Up-to-date symlink: /home/fabian/moveit2/install/moveit_core/include/moveit_core/moveit_butterworth_filter_parameters.hpp
[1.865s] -- Up-to-date symlink: /home/fabian/moveit2/install/moveit_core/include/moveit_core/moveit_ruckig_filter_parameters.hpp
[1.866s] -- Up-to-date symlink: /home/fabian/moveit2/install/moveit_core/include/moveit_core/moveit_acceleration_filter_parameters.hpp
[1.866s] -- Up-to-date symlink: /home/fabian/moveit2/install/moveit_core/include/moveit_core/moveit_butterworth_filter_parameters.hpp
[1.866s] -- Up-to-date symlink: /home/fabian/moveit2/install/moveit_core/include/moveit_core/moveit_ruckig_filter_parameters.hpp
[1.867s] -- Up-to-date symlink: /home/fabian/moveit2/install/moveit_core/include/moveit_core/moveit/online_signal_smoothing/acceleration_filter.h
[1.867s] -- Up-to-date symlink: /home/fabian/moveit2/install/moveit_core/include/moveit_core/moveit/online_signal_smoothing/acceleration_filter.hpp
[1.867s] -- Up-to-date symlink: /home/fabian/moveit2/install/moveit_core/include/moveit_core/moveit/online_signal_smoothing/butterworth_filter.h
[1.867s] -- Up-to-date symlink: /home/fabian/moveit2/install/moveit_core/include/moveit_core/moveit/online_signal_smoothing/butterworth_filter.hpp
[1.867s] -- Up-to-date symlink: /home/fabian/moveit2/install/moveit_core/include/moveit_core/moveit/online_signal_smoothing/ruckig_filter.h
[1.868s] -- Up-to-date symlink: /home/fabian/moveit2/install/moveit_core/include/moveit_core/moveit/online_signal_smoothing/ruckig_filter.hpp
[1.868s] -- Up-to-date symlink: /home/fabian/moveit2/install/moveit_core/include/moveit_core/moveit/online_signal_smoothing/smoothing_base_class.h
[1.868s] -- Up-to-date symlink: /home/fabian/moveit2/install/moveit_core/include/moveit_core/moveit/online_signal_smoothing/smoothing_base_class.hpp
[1.869s] -- Up-to-date symlink: /home/fabian/moveit2/install/moveit_core/include/moveit_core/moveit_smoothing_base_export.h
[1.869s] -- Up-to-date symlink: /home/fabian/moveit2/install/moveit_core/include/moveit_core/moveit_acceleration_filter_export.h
[1.869s] -- Up-to-date symlink: /home/fabian/moveit2/install/moveit_core/include/moveit_core/moveit_butterworth_filter_export.h
[1.869s] -- Up-to-date symlink: /home/fabian/moveit2/install/moveit_core/include/moveit_core/moveit_ruckig_filter_export.h
[1.870s] -- Up-to-date symlink: /home/fabian/moveit2/install/moveit_core/include/moveit_core/moveit/planning_interface/planning_interface.h
[1.870s] -- Up-to-date symlink: /home/fabian/moveit2/install/moveit_core/include/moveit_core/moveit/planning_interface/planning_interface.hpp
[1.871s] -- Up-to-date symlink: /home/fabian/moveit2/install/moveit_core/include/moveit_core/moveit/planning_interface/planning_request.h
[1.871s] -- Up-to-date symlink: /home/fabian/moveit2/install/moveit_core/include/moveit_core/moveit/planning_interface/planning_request.hpp
[1.871s] -- Up-to-date symlink: /home/fabian/moveit2/install/moveit_core/include/moveit_core/moveit/planning_interface/planning_request_adapter.h
[1.871s] -- Up-to-date symlink: /home/fabian/moveit2/install/moveit_core/include/moveit_core/moveit/planning_interface/planning_request_adapter.hpp
[1.872s] -- Up-to-date symlink: /home/fabian/moveit2/install/moveit_core/include/moveit_core/moveit/planning_interface/planning_response.h
[1.872s] -- Up-to-date symlink: /home/fabian/moveit2/install/moveit_core/include/moveit_core/moveit/planning_interface/planning_response.hpp
[1.872s] -- Up-to-date symlink: /home/fabian/moveit2/install/moveit_core/include/moveit_core/moveit/planning_interface/planning_response_adapter.h
[1.872s] -- Up-to-date symlink: /home/fabian/moveit2/install/moveit_core/include/moveit_core/moveit/planning_interface/planning_response_adapter.hpp
[1.873s] -- Up-to-date symlink: /home/fabian/moveit2/install/moveit_core/include/moveit_core/moveit/planning_scene/planning_scene.h
[1.873s] -- Up-to-date symlink: /home/fabian/moveit2/install/moveit_core/include/moveit_core/moveit/planning_scene/planning_scene.hpp
[1.873s] -- Up-to-date symlink: /home/fabian/moveit2/install/moveit_core/include/moveit_core/moveit_planning_scene_export.h
[1.874s] -- Up-to-date symlink: /home/fabian/moveit2/install/moveit_core/include/moveit_core/moveit/robot_model/aabb.h
[1.874s] -- Up-to-date symlink: /home/fabian/moveit2/install/moveit_core/include/moveit_core/moveit/robot_model/aabb.hpp
[1.874s] -- Up-to-date symlink: /home/fabian/moveit2/install/moveit_core/include/moveit_core/moveit/robot_model/fixed_joint_model.h
[1.875s] -- Up-to-date symlink: /home/fabian/moveit2/install/moveit_core/include/moveit_core/moveit/robot_model/fixed_joint_model.hpp
[1.875s] -- Up-to-date symlink: /home/fabian/moveit2/install/moveit_core/include/moveit_core/moveit/robot_model/floating_joint_model.h
[1.875s] -- Up-to-date symlink: /home/fabian/moveit2/install/moveit_core/include/moveit_core/moveit/robot_model/floating_joint_model.hpp
[1.875s] -- Up-to-date symlink: /home/fabian/moveit2/install/moveit_core/include/moveit_core/moveit/robot_model/joint_model.h
[1.875s] -- Up-to-date symlink: /home/fabian/moveit2/install/moveit_core/include/moveit_core/moveit/robot_model/joint_model.hpp
[1.876s] -- Up-to-date symlink: /home/fabian/moveit2/install/moveit_core/include/moveit_core/moveit/robot_model/joint_model_group.h
[1.876s] -- Up-to-date symlink: /home/fabian/moveit2/install/moveit_core/include/moveit_core/moveit/robot_model/joint_model_group.hpp
[1.876s] -- Up-to-date symlink: /home/fabian/moveit2/install/moveit_core/include/moveit_core/moveit/robot_model/link_model.h
[1.876s] -- Up-to-date symlink: /home/fabian/moveit2/install/moveit_core/include/moveit_core/moveit/robot_model/link_model.hpp
[1.877s] -- Up-to-date symlink: /home/fabian/moveit2/install/moveit_core/include/moveit_core/moveit/robot_model/planar_joint_model.h
[1.877s] -- Up-to-date symlink: /home/fabian/moveit2/install/moveit_core/include/moveit_core/moveit/robot_model/planar_joint_model.hpp
[1.877s] -- Up-to-date symlink: /home/fabian/moveit2/install/moveit_core/include/moveit_core/moveit/robot_model/prismatic_joint_model.h
[1.878s] -- Up-to-date symlink: /home/fabian/moveit2/install/moveit_core/include/moveit_core/moveit/robot_model/prismatic_joint_model.hpp
[1.878s] -- Up-to-date symlink: /home/fabian/moveit2/install/moveit_core/include/moveit_core/moveit/robot_model/revolute_joint_model.h
[1.878s] -- Up-to-date symlink: /home/fabian/moveit2/install/moveit_core/include/moveit_core/moveit/robot_model/revolute_joint_model.hpp
[1.878s] -- Up-to-date symlink: /home/fabian/moveit2/install/moveit_core/include/moveit_core/moveit/robot_model/robot_model.h
[1.878s] -- Up-to-date symlink: /home/fabian/moveit2/install/moveit_core/include/moveit_core/moveit/robot_model/robot_model.hpp
[1.879s] -- Up-to-date symlink: /home/fabian/moveit2/install/moveit_core/include/moveit_core/moveit/robot_state/attached_body.h
[1.879s] -- Up-to-date symlink: /home/fabian/moveit2/install/moveit_core/include/moveit_core/moveit/robot_state/attached_body.hpp
[1.879s] -- Up-to-date symlink: /home/fabian/moveit2/install/moveit_core/include/moveit_core/moveit/robot_state/cartesian_interpolator.h
[1.880s] -- Up-to-date symlink: /home/fabian/moveit2/install/moveit_core/include/moveit_core/moveit/robot_state/cartesian_interpolator.hpp
[1.880s] -- Up-to-date symlink: /home/fabian/moveit2/install/moveit_core/include/moveit_core/moveit/robot_state/conversions.h
[1.880s] -- Up-to-date symlink: /home/fabian/moveit2/install/moveit_core/include/moveit_core/moveit/robot_state/conversions.hpp
[1.880s] -- Up-to-date symlink: /home/fabian/moveit2/install/moveit_core/include/moveit_core/moveit/robot_state/robot_state.h
[1.880s] -- Up-to-date symlink: /home/fabian/moveit2/install/moveit_core/include/moveit_core/moveit/robot_state/robot_state.hpp
[1.881s] -- Up-to-date symlink: /home/fabian/moveit2/install/moveit_core/include/moveit_core/moveit/robot_trajectory/robot_trajectory.h
[1.881s] -- Up-to-date symlink: /home/fabian/moveit2/install/moveit_core/include/moveit_core/moveit/robot_trajectory/robot_trajectory.hpp
[1.882s] -- Up-to-date symlink: /home/fabian/moveit2/install/moveit_core/include/moveit_core/moveit/trajectory_processing/ruckig_traj_smoothing.h
[1.882s] -- Up-to-date symlink: /home/fabian/moveit2/install/moveit_core/include/moveit_core/moveit/trajectory_processing/ruckig_traj_smoothing.hpp
[1.882s] -- Up-to-date symlink: /home/fabian/moveit2/install/moveit_core/include/moveit_core/moveit/trajectory_processing/time_optimal_trajectory_generation.h
[1.882s] -- Up-to-date symlink: /home/fabian/moveit2/install/moveit_core/include/moveit_core/moveit/trajectory_processing/time_optimal_trajectory_generation.hpp
[1.882s] -- Up-to-date symlink: /home/fabian/moveit2/install/moveit_core/include/moveit_core/moveit/trajectory_processing/time_parameterization.h
[1.883s] -- Up-to-date symlink: /home/fabian/moveit2/install/moveit_core/include/moveit_core/moveit/trajectory_processing/time_parameterization.hpp
[1.883s] -- Up-to-date symlink: /home/fabian/moveit2/install/moveit_core/include/moveit_core/moveit/trajectory_processing/trajectory_tools.h
[1.883s] -- Up-to-date symlink: /home/fabian/moveit2/install/moveit_core/include/moveit_core/moveit/trajectory_processing/trajectory_tools.hpp
[1.884s] -- Up-to-date symlink: /home/fabian/moveit2/install/moveit_core/include/moveit_core/moveit/transforms/transforms.h
[1.884s] -- Up-to-date symlink: /home/fabian/moveit2/install/moveit_core/include/moveit_core/moveit/transforms/transforms.hpp
[1.884s] -- Up-to-date symlink: /home/fabian/moveit2/install/moveit_core/include/moveit_core/moveit/utils/eigen_test_utils.h
[1.885s] -- Up-to-date symlink: /home/fabian/moveit2/install/moveit_core/include/moveit_core/moveit/utils/eigen_test_utils.hpp
[1.885s] -- Up-to-date symlink: /home/fabian/moveit2/install/moveit_core/include/moveit_core/moveit/utils/lexical_casts.h
[1.885s] -- Up-to-date symlink: /home/fabian/moveit2/install/moveit_core/include/moveit_core/moveit/utils/lexical_casts.hpp
[1.886s] -- Up-to-date symlink: /home/fabian/moveit2/install/moveit_core/include/moveit_core/moveit/utils/logger.h
[1.886s] -- Up-to-date symlink: /home/fabian/moveit2/install/moveit_core/include/moveit_core/moveit/utils/logger.hpp
[1.886s] -- Up-to-date symlink: /home/fabian/moveit2/install/moveit_core/include/moveit_core/moveit/utils/message_checks.h
[1.886s] -- Up-to-date symlink: /home/fabian/moveit2/install/moveit_core/include/moveit_core/moveit/utils/message_checks.hpp
[1.887s] -- Up-to-date symlink: /home/fabian/moveit2/install/moveit_core/include/moveit_core/moveit/utils/moveit_error_code.h
[1.887s] -- Up-to-date symlink: /home/fabian/moveit2/install/moveit_core/include/moveit_core/moveit/utils/moveit_error_code.hpp
[1.887s] -- Up-to-date symlink: /home/fabian/moveit2/install/moveit_core/include/moveit_core/moveit/utils/rclcpp_utils.h
[1.887s] -- Up-to-date symlink: /home/fabian/moveit2/install/moveit_core/include/moveit_core/moveit/utils/rclcpp_utils.hpp
[1.887s] -- Up-to-date symlink: /home/fabian/moveit2/install/moveit_core/include/moveit_core/moveit/utils/robot_model_test_utils.h
[1.888s] -- Up-to-date symlink: /home/fabian/moveit2/install/moveit_core/include/moveit_core/moveit/utils/robot_model_test_utils.hpp
[1.888s] -- Up-to-date symlink: /home/fabian/moveit2/install/moveit_core/lib/moveit_core/logger_dut
[1.888s] -- Up-to-date symlink: /home/fabian/moveit2/install/moveit_core/include/moveit_core/moveit/version.hpp
[1.888s] -- Up-to-date symlink: /home/fabian/moveit2/install/moveit_core/bin/moveit_version
[1.888s] -- Up-to-date symlink: /home/fabian/moveit2/install/moveit_core/share/moveit_core/environment/library_path.sh
[1.888s] -- Up-to-date symlink: /home/fabian/moveit2/install/moveit_core/share/moveit_core/environment/library_path.dsv
[1.889s] -- Up-to-date symlink: /home/fabian/moveit2/install/moveit_core/share/moveit_core//collision_detector_fcl_description.xml
[1.889s] -- Up-to-date symlink: /home/fabian/moveit2/install/moveit_core/share/moveit_core//collision_detector_bullet_description.xml
[1.889s] -- Up-to-date symlink: /home/fabian/moveit2/install/moveit_core/share/moveit_core//filter_plugin_acceleration.xml
[1.889s] -- Up-to-date symlink: /home/fabian/moveit2/install/moveit_core/share/moveit_core//filter_plugin_butterworth.xml
[1.890s] -- Up-to-date symlink: /home/fabian/moveit2/install/moveit_core/share/moveit_core//filter_plugin_ruckig.xml
[1.890s] -- Up-to-date symlink: /home/fabian/moveit2/install/moveit_core/share/ament_index/resource_index/package_run_dependencies/moveit_core
[1.890s] -- Up-to-date symlink: /home/fabian/moveit2/install/moveit_core/share/ament_index/resource_index/parent_prefix_path/moveit_core
[1.891s] -- Up-to-date symlink: /home/fabian/moveit2/install/moveit_core/share/moveit_core/environment/ament_prefix_path.sh
[1.891s] -- Up-to-date symlink: /home/fabian/moveit2/install/moveit_core/share/moveit_core/environment/ament_prefix_path.dsv
[1.891s] -- Up-to-date symlink: /home/fabian/moveit2/install/moveit_core/share/moveit_core/environment/path.sh
[1.891s] -- Up-to-date symlink: /home/fabian/moveit2/install/moveit_core/share/moveit_core/environment/path.dsv
[1.892s] -- Up-to-date symlink: /home/fabian/moveit2/install/moveit_core/share/moveit_core/local_setup.bash
[1.892s] -- Up-to-date symlink: /home/fabian/moveit2/install/moveit_core/share/moveit_core/local_setup.sh
[1.892s] -- Up-to-date symlink: /home/fabian/moveit2/install/moveit_core/share/moveit_core/local_setup.zsh
[1.892s] -- Up-to-date symlink: /home/fabian/moveit2/install/moveit_core/share/moveit_core/local_setup.dsv
[1.893s] -- Symlinking: /home/fabian/moveit2/install/moveit_core/share/moveit_core/package.dsv
[1.915s] -- Up-to-date symlink: /home/fabian/moveit2/install/moveit_core/share/ament_index/resource_index/packages/moveit_core
[1.915s] -- Up-to-date symlink: /home/fabian/moveit2/install/moveit_core/share/ament_index/resource_index/moveit_core__pluginlib__plugin/moveit_core
[1.915s] -- Up-to-date symlink: /home/fabian/moveit2/install/moveit_core/share/moveit_core/cmake/ConfigExtras.cmake
[1.916s] -- Up-to-date symlink: /home/fabian/moveit2/install/moveit_core/share/moveit_core/cmake/ament_cmake_export_targets-extras.cmake
[1.916s] -- Up-to-date symlink: /home/fabian/moveit2/install/moveit_core/share/moveit_core/cmake/ament_cmake_export_dependencies-extras.cmake
[1.916s] -- Up-to-date symlink: /home/fabian/moveit2/install/moveit_core/share/moveit_core/cmake/moveit_coreConfig.cmake
[1.916s] -- Up-to-date symlink: /home/fabian/moveit2/install/moveit_core/share/moveit_core/cmake/moveit_coreConfig-version.cmake
[1.917s] -- Up-to-date symlink: /home/fabian/moveit2/install/moveit_core/share/moveit_core/package.xml
[1.920s] -- Up-to-date: /home/fabian/moveit2/install/moveit_core/lib/libmoveit_collision_detection.so.2.14.0
[1.920s] -- Up-to-date: /home/fabian/moveit2/install/moveit_core/lib/libmoveit_collision_detection.so
[1.920s] -- Up-to-date: /home/fabian/moveit2/install/moveit_core/lib/libmoveit_collision_detection_bullet.so.2.14.0
[1.920s] -- Up-to-date: /home/fabian/moveit2/install/moveit_core/lib/libmoveit_collision_detection_bullet.so
[1.921s] -- Up-to-date: /home/fabian/moveit2/install/moveit_core/lib/libmoveit_collision_detection_fcl.so.2.14.0
[1.921s] -- Up-to-date: /home/fabian/moveit2/install/moveit_core/lib/libmoveit_collision_detection_fcl.so
[1.921s] -- Up-to-date: /home/fabian/moveit2/install/moveit_core/lib/libmoveit_collision_distance_field.so.2.14.0
[1.922s] -- Up-to-date: /home/fabian/moveit2/install/moveit_core/lib/libmoveit_collision_distance_field.so
[1.922s] -- Up-to-date: /home/fabian/moveit2/install/moveit_core/lib/libmoveit_constraint_samplers.so.2.14.0
[1.922s] -- Up-to-date: /home/fabian/moveit2/install/moveit_core/lib/libmoveit_constraint_samplers.so
[1.923s] -- Up-to-date: /home/fabian/moveit2/install/moveit_core/lib/libmoveit_distance_field.so.2.14.0
[1.923s] -- Up-to-date: /home/fabian/moveit2/install/moveit_core/lib/libmoveit_distance_field.so
[1.923s] -- Up-to-date: /home/fabian/moveit2/install/moveit_core/lib/libmoveit_dynamics_solver.so.2.14.0
[1.924s] -- Up-to-date: /home/fabian/moveit2/install/moveit_core/lib/libmoveit_dynamics_solver.so
[1.924s] -- Up-to-date: /home/fabian/moveit2/install/moveit_core/lib/libmoveit_exceptions.so.2.14.0
[1.924s] -- Up-to-date: /home/fabian/moveit2/install/moveit_core/lib/libmoveit_exceptions.so
[1.924s] -- Up-to-date: /home/fabian/moveit2/install/moveit_core/lib/libmoveit_kinematic_constraints.so.2.14.0
[1.925s] -- Up-to-date: /home/fabian/moveit2/install/moveit_core/lib/libmoveit_kinematic_constraints.so
[1.925s] -- Up-to-date: /home/fabian/moveit2/install/moveit_core/lib/libmoveit_kinematics_base.so
[1.925s] -- Up-to-date: /home/fabian/moveit2/install/moveit_core/lib/libmoveit_kinematics_metrics.so.2.14.0
[1.926s] -- Up-to-date: /home/fabian/moveit2/install/moveit_core/lib/libmoveit_kinematics_metrics.so
[1.926s] -- Up-to-date: /home/fabian/moveit2/install/moveit_core/lib/libmoveit_planning_interface.so.2.14.0
[1.926s] -- Up-to-date: /home/fabian/moveit2/install/moveit_core/lib/libmoveit_planning_interface.so
[1.927s] -- Up-to-date: /home/fabian/moveit2/install/moveit_core/lib/libmoveit_planning_scene.so.2.14.0
[1.927s] -- Up-to-date: /home/fabian/moveit2/install/moveit_core/lib/libmoveit_planning_scene.so
[1.927s] -- Up-to-date: /home/fabian/moveit2/install/moveit_core/lib/libmoveit_robot_model.so.2.14.0
[1.928s] -- Up-to-date: /home/fabian/moveit2/install/moveit_core/lib/libmoveit_robot_model.so
[1.928s] -- Up-to-date: /home/fabian/moveit2/install/moveit_core/lib/libmoveit_robot_state.so.2.14.0
[1.928s] -- Up-to-date: /home/fabian/moveit2/install/moveit_core/lib/libmoveit_robot_state.so
[1.929s] -- Up-to-date: /home/fabian/moveit2/install/moveit_core/lib/libmoveit_robot_trajectory.so.2.14.0
[1.929s] -- Up-to-date: /home/fabian/moveit2/install/moveit_core/lib/libmoveit_robot_trajectory.so
[1.929s] -- Up-to-date: /home/fabian/moveit2/install/moveit_core/lib/libmoveit_smoothing_base.so.2.14.0
[1.929s] -- Up-to-date: /home/fabian/moveit2/install/moveit_core/lib/libmoveit_smoothing_base.so
[1.930s] -- Up-to-date: /home/fabian/moveit2/install/moveit_core/lib/libmoveit_test_utils.so.2.14.0
[1.930s] -- Up-to-date: /home/fabian/moveit2/install/moveit_core/lib/libmoveit_test_utils.so
[1.931s] -- Up-to-date: /home/fabian/moveit2/install/moveit_core/lib/libmoveit_trajectory_processing.so.2.14.0
[1.931s] -- Up-to-date: /home/fabian/moveit2/install/moveit_core/lib/libmoveit_trajectory_processing.so
[1.931s] -- Up-to-date: /home/fabian/moveit2/install/moveit_core/lib/libmoveit_transforms.so.2.14.0
[1.932s] -- Up-to-date: /home/fabian/moveit2/install/moveit_core/lib/libmoveit_transforms.so
[1.932s] -- Up-to-date: /home/fabian/moveit2/install/moveit_core/lib/libmoveit_utils.so.2.14.0
[1.933s] -- Up-to-date: /home/fabian/moveit2/install/moveit_core/lib/libmoveit_utils.so
[1.933s] -- Up-to-date: /home/fabian/moveit2/install/moveit_core/lib/libcollision_detector_bullet_plugin.so.2.14.0
[1.933s] -- Up-to-date: /home/fabian/moveit2/install/moveit_core/lib/libcollision_detector_bullet_plugin.so
[1.933s] -- Up-to-date: /home/fabian/moveit2/install/moveit_core/lib/libcollision_detector_fcl_plugin.so.2.14.0
[1.934s] -- Up-to-date: /home/fabian/moveit2/install/moveit_core/lib/libcollision_detector_fcl_plugin.so
[1.934s] -- Up-to-date: /home/fabian/moveit2/install/moveit_core/lib/libmoveit_acceleration_filter.so.2.14.0
[1.934s] -- Up-to-date: /home/fabian/moveit2/install/moveit_core/lib/libmoveit_acceleration_filter.so
[1.935s] -- Up-to-date: /home/fabian/moveit2/install/moveit_core/lib/libmoveit_butterworth_filter.so.2.14.0
[1.935s] -- Up-to-date: /home/fabian/moveit2/install/moveit_core/lib/libmoveit_butterworth_filter.so
[1.935s] -- Up-to-date: /home/fabian/moveit2/install/moveit_core/lib/libmoveit_ruckig_filter.so.2.14.0
[1.936s] -- Up-to-date: /home/fabian/moveit2/install/moveit_core/lib/libmoveit_ruckig_filter.so
[1.936s] -- Up-to-date: /home/fabian/moveit2/install/moveit_core/share/moveit_core/cmake/moveit_coreTargetsExport.cmake
[1.936s] -- Up-to-date: /home/fabian/moveit2/install/moveit_core/share/moveit_core/cmake/moveit_coreTargetsExport-release.cmake
[1.940s] Invoked command in '/home/fabian/moveit2/build/moveit_core' returned '0': AMENT_PREFIX_PATH=/home/fabian/moveit2/install/moveit_resources_panda_moveit_config:/home/fabian/moveit2/install/moveit_resources_pr2_description:/home/fabian/moveit2/install/moveit_resources_panda_description:/home/fabian/moveit2/install/moveit_msgs:${AMENT_PREFIX_PATH} CMAKE_PREFIX_PATH=/home/fabian/moveit2/install/moveit_resources_panda_moveit_config:/home/fabian/moveit2/install/moveit_resources_pr2_description:/home/fabian/moveit2/install/moveit_resources_panda_description:/home/fabian/moveit2/install/moveit_msgs:/home/fabian/moveit2/install/moveit_common:/home/fabian/moveit2/install/pilz_industrial_motion_planner_testutils:/home/fabian/moveit2/install/moveit_runtime:/home/fabian/moveit2/install/moveit:/home/fabian/moveit2/install/moveit_planners:/home/fabian/moveit2/install/pilz_industrial_motion_planner:/home/fabian/moveit2/install/moveit_ros_control_interface:/home/fabian/moveit2/install/moveit_plugins:/home/fabian/moveit2/install/moveit_simple_controller_manager:/home/fabian/moveit2/install/moveit_setup_assistant:/home/fabian/moveit2/install/moveit_setup_srdf_plugins:/home/fabian/moveit2/install/moveit_setup_core_plugins:/home/fabian/moveit2/install/moveit_setup_controllers:/home/fabian/moveit2/install/moveit_setup_app_plugins:/home/fabian/moveit2/install/moveit_setup_framework:/home/fabian/moveit2/install/moveit_servo:/home/fabian/moveit2/install/moveit_ros_trajectory_cache:/home/fabian/moveit2/install/moveit_ros:/home/fabian/moveit2/install/moveit_ros_visualization:/home/fabian/moveit2/install/moveit_py:/home/fabian/moveit2/install/moveit_hybrid_planning:/home/fabian/moveit2/install/moveit_ros_planning_interface:/home/fabian/moveit2/install/moveit_ros_benchmarks:/home/fabian/moveit2/install/moveit_ros_warehouse:/home/fabian/moveit2/install/moveit_ros_robot_interaction:/home/fabian/moveit2/install/moveit_ros_perception:/home/fabian/moveit2/install/moveit_resources_prbt_pg70_support:/home/fabian/moveit2/install/moveit_resources_prbt_moveit_config:/home/fabian/moveit2/install/moveit_ros_move_group:/home/fabian/moveit2/install/moveit_planners_ompl:/home/fabian/moveit2/install/moveit_kinematics:/home/fabian/moveit2/install/moveit_ros_planning:/home/fabian/moveit2/install/moveit_ros_occupancy_map_monitor:/home/fabian/moveit2/install/moveit_resources_prbt_support:/home/fabian/moveit2/install/moveit_resources_prbt_ikfast_manipulator_plugin:/home/fabian/moveit2/install/moveit_planners_stomp:/home/fabian/moveit2/install/moveit_planners_chomp:/home/fabian/moveit2/install/chomp_motion_planner:/home/fabian/moveit2/install/moveit_core:/home/fabian/yb_support/ros_odrive/install/odrive_ros2_control:/home/fabian/yb_support/ros_odrive/install/odrive_can:/home/fabian/yb_support/slam_toolbox/install/slam_toolbox:/home/fabian/yb_support/my_msgs/install/my_msgs:/home/fabian/yb_support/pointcloud_to_laserscan/install/pointcloud_to_laserscan:/home/fabian/yb_support/mecanum_drive_controller/install/mecanum_drive_controller:/home/fabian/ros2_ws/install/ros2_control_demo_example_2:/home/fabian/ros2_ws/install/ros2_control_demo_description:/home/fabian/yahboom_rosmaster/install/yahboom_rosmaster:/home/fabian/yahboom_rosmaster/install/yahboom_rosmaster_system_tests:/home/fabian/yahboom_rosmaster/install/yahboom_rosmaster_navigation:/home/fabian/yahboom_rosmaster/install/yahboom_rosmaster_msgs:/home/fabian/yahboom_rosmaster/install/yahboom_rosmaster_localization:/home/fabian/yahboom_rosmaster/install/yahboom_rosmaster_gazebo:/home/fabian/yahboom_rosmaster/install/yahboom_rosmaster_docking:/home/fabian/yahboom_rosmaster/install/yahboom_rosmaster_description:/home/fabian/yahboom_rosmaster/install/yahboom_rosmaster_bringup:/home/fabian/yahboom_rosmaster/install/mecanum_drive_controller:/home/fabian/cartesian_controllers/install/cartesian_compliance_controller:/home/fabian/cartesian_controllers/install/cartesian_motion_controller:/home/fabian/cartesian_controllers/install/cartesian_force_controller:/home/fabian/cartesian_controllers/install/cartesian_controller_utilities:/home/fabian/moveit2/install/moveit_configs_utils:/home/fabian/youbot_ws/install/youbot:/home/fabian/yb_support/urdf_parser_py/install/urdfdom_py:/home/fabian/yb_support/twist_stamper/install/twist_stamper:/home/fabian/yb_support/kdl_parser_py/install/kdl_parser_py:/opt/ros/rolling:/home/fabian/cartesian_controllers/install/cartesian_controller_tests:/home/fabian/cartesian_controllers/install/cartesian_controller_simulation:/home/fabian/cartesian_controllers/install/cartesian_controller_handles:/home/fabian/cartesian_controllers/install/cartesian_controller_base:/home/fabian/ros2_control_demos/example_7/install/ros2_control_demo_example_7:/home/fabian/yb_support/unilidar_sdk2/install/unitree_lidar_ros2:/home/fabian/fixslam/install/geometry_msgs:/home/fabian/fixslam/install/std_msgs:/opt/ros/rolling/opt/gz_sim_vendor:/opt/ros/rolling/opt/gz_sensors_vendor:/opt/ros/rolling/opt/gz_physics_vendor:/opt/ros/rolling/opt/sdformat_vendor:/opt/ros/rolling/opt/gz_gui_vendor:/opt/ros/rolling/opt/gz_transport_vendor:/opt/ros/rolling/opt/gz_rendering_vendor:/opt/ros/rolling/opt/gz_plugin_vendor:/opt/ros/rolling/opt/gz_fuel_tools_vendor:/opt/ros/rolling/opt/gz_msgs_vendor:/opt/ros/rolling/opt/gz_common_vendor:/opt/ros/rolling/opt/gz_math_vendor:/opt/ros/rolling/opt/gz_utils_vendor:/opt/ros/rolling/opt/gz_tools_vendor:/opt/ros/rolling/opt/gz_ogre_next_vendor:/opt/ros/rolling/opt/gz_dartsim_vendor:/opt/ros/rolling/opt/gz_cmake_vendor DEBUGINFOD_URLS=https://debuginfod.ubuntu.com LD_LIBRARY_PATH=/home/fabian/moveit2/install/moveit_msgs/lib:${LD_LIBRARY_PATH} PYTHONPATH=/home/fabian/moveit2/install/moveit_msgs/lib/python3.12/site-packages:${PYTHONPATH} /usr/bin/cmake --install /home/fabian/moveit2/build/moveit_core
