[0mmoveit2_tutorials: You did not request a specific build type: Choosing 'Release' for maximum performance[0m
[0mCMake Deprecation Warning at /opt/ros/rolling/share/ament_cmake_target_dependencies/cmake/ament_target_dependencies.cmake:87 (message):
  ament_target_dependencies() is deprecated.  Use target_link_libraries()
  with modern CMake targets instead.  Try replacing this call with:

    target_link_libraries(collision_scene_example PUBLIC
      ${control_msgs_TARGETS}
      ${moveit_msgs_TARGETS}
      interactive_markers::interactive_markers
      moveit_core::moveit_collision_detection
      moveit_core::moveit_collision_detection_bullet
      moveit_core::moveit_collision_detection_fcl
      moveit_core::moveit_collision_distance_field
      moveit_core::moveit_constraint_samplers
      moveit_core::moveit_distance_field
      moveit_core::moveit_dynamics_solver
      moveit_core::moveit_exceptions
      moveit_core::moveit_kinematic_constraints
      moveit_core::moveit_kinematics_base
      moveit_core::moveit_kinematics_metrics
      moveit_core::moveit_macros
      moveit_core::moveit_planning_interface
      moveit_core::moveit_planning_scene
      moveit_core::moveit_robot_model
      moveit_core::moveit_robot_state
      moveit_core::moveit_robot_trajectory
      moveit_core::moveit_smoothing_base
      moveit_core::moveit_test_utils
      moveit_core::moveit_trajectory_processing
      moveit_core::moveit_transforms
      moveit_core::moveit_utils
      moveit_ros_planning::default_request_adapter_parameters
      moveit_ros_planning::default_response_adapter_parameters
      moveit_ros_planning::kinematics_parameters
      moveit_ros_planning::moveit_collision_plugin_loader
      moveit_ros_planning::moveit_constraint_sampler_manager_loader
      moveit_ros_planning::moveit_cpp
      moveit_ros_planning::moveit_kinematics_plugin_loader
      moveit_ros_planning::moveit_plan_execution
      moveit_ros_planning::moveit_planning_pipeline
      moveit_ros_planning::moveit_planning_pipeline_interfaces
      moveit_ros_planning::moveit_planning_scene_monitor
      moveit_ros_planning::moveit_rdf_loader
      moveit_ros_planning::moveit_robot_model_loader
      moveit_ros_planning::moveit_trajectory_execution_manager
      moveit_ros_planning::planning_pipeline_parameters
      moveit_ros_planning::srdf_publisher_node
      moveit_ros_planning_interface::moveit_common_planning_interface_objects
      moveit_ros_planning_interface::moveit_move_group_interface
      moveit_ros_planning_interface::moveit_planning_scene_interface
      moveit_ros_trajectory_cache::moveit_ros_trajectory_cache_cache_insert_policies_lib
      moveit_ros_trajectory_cache::moveit_ros_trajectory_cache_features_lib
      moveit_ros_trajectory_cache::moveit_ros_trajectory_cache_lib
      moveit_ros_trajectory_cache::moveit_ros_trajectory_cache_utils_lib
      moveit_servo::moveit_servo_lib_cpp
      moveit_servo::moveit_servo_lib_parameters
      moveit_servo::moveit_servo_lib_ros
      moveit_task_constructor_core::moveit_task_constructor_core
      moveit_task_constructor_core::moveit_task_constructor_core_stage_plugins
      moveit_task_constructor_core::moveit_task_constructor_core_stages
      moveit_visual_tools::moveit_visual_tools
      pluginlib::pluginlib
      rclcpp::rclcpp
      rclcpp_action::rclcpp_action
      rviz_visual_tools::rviz_visual_tools
      rviz_visual_tools::rviz_visual_tools_gui
      rviz_visual_tools::rviz_visual_tools_imarker_simple
      rviz_visual_tools::rviz_visual_tools_remote_control
      tf2_geometry_msgs::tf2_geometry_msgs
      tf2_ros::static_transform_broadcaster_node
      tf2_ros::tf2_ros
      warehouse_ros_sqlite::warehouse_ros_sqlite
    )

Call Stack (most recent call first):
  doc/examples/collision_environments/CMakeLists.txt:5 (ament_target_dependencies)

[0m
[0mCMake Deprecation Warning at /opt/ros/rolling/share/ament_cmake_target_dependencies/cmake/ament_target_dependencies.cmake:87 (message):
  ament_target_dependencies() is deprecated.  Use target_link_libraries()
  with modern CMake targets instead.  Try replacing this call with:

    target_link_libraries(motion_planning_api_tutorial PUBLIC
      ${control_msgs_TARGETS}
      ${moveit_msgs_TARGETS}
      interactive_markers::interactive_markers
      moveit_core::moveit_collision_detection
      moveit_core::moveit_collision_detection_bullet
      moveit_core::moveit_collision_detection_fcl
      moveit_core::moveit_collision_distance_field
      moveit_core::moveit_constraint_samplers
      moveit_core::moveit_distance_field
      moveit_core::moveit_dynamics_solver
      moveit_core::moveit_exceptions
      moveit_core::moveit_kinematic_constraints
      moveit_core::moveit_kinematics_base
      moveit_core::moveit_kinematics_metrics
      moveit_core::moveit_macros
      moveit_core::moveit_planning_interface
      moveit_core::moveit_planning_scene
      moveit_core::moveit_robot_model
      moveit_core::moveit_robot_state
      moveit_core::moveit_robot_trajectory
      moveit_core::moveit_smoothing_base
      moveit_core::moveit_test_utils
      moveit_core::moveit_trajectory_processing
      moveit_core::moveit_transforms
      moveit_core::moveit_utils
      moveit_ros_planning::default_request_adapter_parameters
      moveit_ros_planning::default_response_adapter_parameters
      moveit_ros_planning::kinematics_parameters
      moveit_ros_planning::moveit_collision_plugin_loader
      moveit_ros_planning::moveit_constraint_sampler_manager_loader
      moveit_ros_planning::moveit_cpp
      moveit_ros_planning::moveit_kinematics_plugin_loader
      moveit_ros_planning::moveit_plan_execution
      moveit_ros_planning::moveit_planning_pipeline
      moveit_ros_planning::moveit_planning_pipeline_interfaces
      moveit_ros_planning::moveit_planning_scene_monitor
      moveit_ros_planning::moveit_rdf_loader
      moveit_ros_planning::moveit_robot_model_loader
      moveit_ros_planning::moveit_trajectory_execution_manager
      moveit_ros_planning::planning_pipeline_parameters
      moveit_ros_planning::srdf_publisher_node
      moveit_ros_planning_interface::moveit_common_planning_interface_objects
      moveit_ros_planning_interface::moveit_move_group_interface
      moveit_ros_planning_interface::moveit_planning_scene_interface
      moveit_ros_trajectory_cache::moveit_ros_trajectory_cache_cache_insert_policies_lib
      moveit_ros_trajectory_cache::moveit_ros_trajectory_cache_features_lib
      moveit_ros_trajectory_cache::moveit_ros_trajectory_cache_lib
      moveit_ros_trajectory_cache::moveit_ros_trajectory_cache_utils_lib
      moveit_servo::moveit_servo_lib_cpp
      moveit_servo::moveit_servo_lib_parameters
      moveit_servo::moveit_servo_lib_ros
      moveit_task_constructor_core::moveit_task_constructor_core
      moveit_task_constructor_core::moveit_task_constructor_core_stage_plugins
      moveit_task_constructor_core::moveit_task_constructor_core_stages
      moveit_visual_tools::moveit_visual_tools
      pluginlib::pluginlib
      rclcpp::rclcpp
      rclcpp_action::rclcpp_action
      rviz_visual_tools::rviz_visual_tools
      rviz_visual_tools::rviz_visual_tools_gui
      rviz_visual_tools::rviz_visual_tools_imarker_simple
      rviz_visual_tools::rviz_visual_tools_remote_control
      tf2_geometry_msgs::tf2_geometry_msgs
      tf2_ros::static_transform_broadcaster_node
      tf2_ros::tf2_ros
      warehouse_ros_sqlite::warehouse_ros_sqlite
    )

Call Stack (most recent call first):
  doc/examples/motion_planning_api/CMakeLists.txt:5 (ament_target_dependencies)

[0m
[0mCMake Deprecation Warning at /opt/ros/rolling/share/ament_cmake_target_dependencies/cmake/ament_target_dependencies.cmake:87 (message):
  ament_target_dependencies() is deprecated.  Use target_link_libraries()
  with modern CMake targets instead.  Try replacing this call with:

    target_link_libraries(motion_planning_pipeline_tutorial PUBLIC
      ${control_msgs_TARGETS}
      ${moveit_msgs_TARGETS}
      interactive_markers::interactive_markers
      moveit_core::moveit_collision_detection
      moveit_core::moveit_collision_detection_bullet
      moveit_core::moveit_collision_detection_fcl
      moveit_core::moveit_collision_distance_field
      moveit_core::moveit_constraint_samplers
      moveit_core::moveit_distance_field
      moveit_core::moveit_dynamics_solver
      moveit_core::moveit_exceptions
      moveit_core::moveit_kinematic_constraints
      moveit_core::moveit_kinematics_base
      moveit_core::moveit_kinematics_metrics
      moveit_core::moveit_macros
      moveit_core::moveit_planning_interface
      moveit_core::moveit_planning_scene
      moveit_core::moveit_robot_model
      moveit_core::moveit_robot_state
      moveit_core::moveit_robot_trajectory
      moveit_core::moveit_smoothing_base
      moveit_core::moveit_test_utils
      moveit_core::moveit_trajectory_processing
      moveit_core::moveit_transforms
      moveit_core::moveit_utils
      moveit_ros_planning::default_request_adapter_parameters
      moveit_ros_planning::default_response_adapter_parameters
      moveit_ros_planning::kinematics_parameters
      moveit_ros_planning::moveit_collision_plugin_loader
      moveit_ros_planning::moveit_constraint_sampler_manager_loader
      moveit_ros_planning::moveit_cpp
      moveit_ros_planning::moveit_kinematics_plugin_loader
      moveit_ros_planning::moveit_plan_execution
      moveit_ros_planning::moveit_planning_pipeline
      moveit_ros_planning::moveit_planning_pipeline_interfaces
      moveit_ros_planning::moveit_planning_scene_monitor
      moveit_ros_planning::moveit_rdf_loader
      moveit_ros_planning::moveit_robot_model_loader
      moveit_ros_planning::moveit_trajectory_execution_manager
      moveit_ros_planning::planning_pipeline_parameters
      moveit_ros_planning::srdf_publisher_node
      moveit_ros_planning_interface::moveit_common_planning_interface_objects
      moveit_ros_planning_interface::moveit_move_group_interface
      moveit_ros_planning_interface::moveit_planning_scene_interface
      moveit_ros_trajectory_cache::moveit_ros_trajectory_cache_cache_insert_policies_lib
      moveit_ros_trajectory_cache::moveit_ros_trajectory_cache_features_lib
      moveit_ros_trajectory_cache::moveit_ros_trajectory_cache_lib
      moveit_ros_trajectory_cache::moveit_ros_trajectory_cache_utils_lib
      moveit_servo::moveit_servo_lib_cpp
      moveit_servo::moveit_servo_lib_parameters
      moveit_servo::moveit_servo_lib_ros
      moveit_task_constructor_core::moveit_task_constructor_core
      moveit_task_constructor_core::moveit_task_constructor_core_stage_plugins
      moveit_task_constructor_core::moveit_task_constructor_core_stages
      moveit_visual_tools::moveit_visual_tools
      pluginlib::pluginlib
      rclcpp::rclcpp
      rclcpp_action::rclcpp_action
      rviz_visual_tools::rviz_visual_tools
      rviz_visual_tools::rviz_visual_tools_gui
      rviz_visual_tools::rviz_visual_tools_imarker_simple
      rviz_visual_tools::rviz_visual_tools_remote_control
      tf2_geometry_msgs::tf2_geometry_msgs
      tf2_ros::static_transform_broadcaster_node
      tf2_ros::tf2_ros
      warehouse_ros_sqlite::warehouse_ros_sqlite
    )

Call Stack (most recent call first):
  doc/examples/motion_planning_pipeline/CMakeLists.txt:5 (ament_target_dependencies)

[0m
[0mCMake Deprecation Warning at /opt/ros/rolling/share/ament_cmake_target_dependencies/cmake/ament_target_dependencies.cmake:87 (message):
  ament_target_dependencies() is deprecated.  Use target_link_libraries()
  with modern CMake targets instead.  Try replacing this call with:

    target_link_libraries(move_group_interface_tutorial PUBLIC
      ${control_msgs_TARGETS}
      ${moveit_msgs_TARGETS}
      interactive_markers::interactive_markers
      moveit_core::moveit_collision_detection
      moveit_core::moveit_collision_detection_bullet
      moveit_core::moveit_collision_detection_fcl
      moveit_core::moveit_collision_distance_field
      moveit_core::moveit_constraint_samplers
      moveit_core::moveit_distance_field
      moveit_core::moveit_dynamics_solver
      moveit_core::moveit_exceptions
      moveit_core::moveit_kinematic_constraints
      moveit_core::moveit_kinematics_base
      moveit_core::moveit_kinematics_metrics
      moveit_core::moveit_macros
      moveit_core::moveit_planning_interface
      moveit_core::moveit_planning_scene
      moveit_core::moveit_robot_model
      moveit_core::moveit_robot_state
      moveit_core::moveit_robot_trajectory
      moveit_core::moveit_smoothing_base
      moveit_core::moveit_test_utils
      moveit_core::moveit_trajectory_processing
      moveit_core::moveit_transforms
      moveit_core::moveit_utils
      moveit_ros_planning::default_request_adapter_parameters
      moveit_ros_planning::default_response_adapter_parameters
      moveit_ros_planning::kinematics_parameters
      moveit_ros_planning::moveit_collision_plugin_loader
      moveit_ros_planning::moveit_constraint_sampler_manager_loader
      moveit_ros_planning::moveit_cpp
      moveit_ros_planning::moveit_kinematics_plugin_loader
      moveit_ros_planning::moveit_plan_execution
      moveit_ros_planning::moveit_planning_pipeline
      moveit_ros_planning::moveit_planning_pipeline_interfaces
      moveit_ros_planning::moveit_planning_scene_monitor
      moveit_ros_planning::moveit_rdf_loader
      moveit_ros_planning::moveit_robot_model_loader
      moveit_ros_planning::moveit_trajectory_execution_manager
      moveit_ros_planning::planning_pipeline_parameters
      moveit_ros_planning::srdf_publisher_node
      moveit_ros_planning_interface::moveit_common_planning_interface_objects
      moveit_ros_planning_interface::moveit_move_group_interface
      moveit_ros_planning_interface::moveit_planning_scene_interface
      moveit_ros_trajectory_cache::moveit_ros_trajectory_cache_cache_insert_policies_lib
      moveit_ros_trajectory_cache::moveit_ros_trajectory_cache_features_lib
      moveit_ros_trajectory_cache::moveit_ros_trajectory_cache_lib
      moveit_ros_trajectory_cache::moveit_ros_trajectory_cache_utils_lib
      moveit_servo::moveit_servo_lib_cpp
      moveit_servo::moveit_servo_lib_parameters
      moveit_servo::moveit_servo_lib_ros
      moveit_task_constructor_core::moveit_task_constructor_core
      moveit_task_constructor_core::moveit_task_constructor_core_stage_plugins
      moveit_task_constructor_core::moveit_task_constructor_core_stages
      moveit_visual_tools::moveit_visual_tools
      pluginlib::pluginlib
      rclcpp::rclcpp
      rclcpp_action::rclcpp_action
      rviz_visual_tools::rviz_visual_tools
      rviz_visual_tools::rviz_visual_tools_gui
      rviz_visual_tools::rviz_visual_tools_imarker_simple
      rviz_visual_tools::rviz_visual_tools_remote_control
      tf2_geometry_msgs::tf2_geometry_msgs
      tf2_ros::static_transform_broadcaster_node
      tf2_ros::tf2_ros
      warehouse_ros_sqlite::warehouse_ros_sqlite
    )

Call Stack (most recent call first):
  doc/examples/move_group_interface/CMakeLists.txt:5 (ament_target_dependencies)

[0m
[0mCMake Deprecation Warning at /opt/ros/rolling/share/ament_cmake_target_dependencies/cmake/ament_target_dependencies.cmake:87 (message):
  ament_target_dependencies() is deprecated.  Use target_link_libraries()
  with modern CMake targets instead.  Try replacing this call with:

    target_link_libraries(moveit_cpp_tutorial PUBLIC
      ${control_msgs_TARGETS}
      ${moveit_msgs_TARGETS}
      interactive_markers::interactive_markers
      moveit_core::moveit_collision_detection
      moveit_core::moveit_collision_detection_bullet
      moveit_core::moveit_collision_detection_fcl
      moveit_core::moveit_collision_distance_field
      moveit_core::moveit_constraint_samplers
      moveit_core::moveit_distance_field
      moveit_core::moveit_dynamics_solver
      moveit_core::moveit_exceptions
      moveit_core::moveit_kinematic_constraints
      moveit_core::moveit_kinematics_base
      moveit_core::moveit_kinematics_metrics
      moveit_core::moveit_macros
      moveit_core::moveit_planning_interface
      moveit_core::moveit_planning_scene
      moveit_core::moveit_robot_model
      moveit_core::moveit_robot_state
      moveit_core::moveit_robot_trajectory
      moveit_core::moveit_smoothing_base
      moveit_core::moveit_test_utils
      moveit_core::moveit_trajectory_processing
      moveit_core::moveit_transforms
      moveit_core::moveit_utils
      moveit_ros_planning::default_request_adapter_parameters
      moveit_ros_planning::default_response_adapter_parameters
      moveit_ros_planning::kinematics_parameters
      moveit_ros_planning::moveit_collision_plugin_loader
      moveit_ros_planning::moveit_constraint_sampler_manager_loader
      moveit_ros_planning::moveit_cpp
      moveit_ros_planning::moveit_kinematics_plugin_loader
      moveit_ros_planning::moveit_plan_execution
      moveit_ros_planning::moveit_planning_pipeline
      moveit_ros_planning::moveit_planning_pipeline_interfaces
      moveit_ros_planning::moveit_planning_scene_monitor
      moveit_ros_planning::moveit_rdf_loader
      moveit_ros_planning::moveit_robot_model_loader
      moveit_ros_planning::moveit_trajectory_execution_manager
      moveit_ros_planning::planning_pipeline_parameters
      moveit_ros_planning::srdf_publisher_node
      moveit_ros_planning_interface::moveit_common_planning_interface_objects
      moveit_ros_planning_interface::moveit_move_group_interface
      moveit_ros_planning_interface::moveit_planning_scene_interface
      moveit_ros_trajectory_cache::moveit_ros_trajectory_cache_cache_insert_policies_lib
      moveit_ros_trajectory_cache::moveit_ros_trajectory_cache_features_lib
      moveit_ros_trajectory_cache::moveit_ros_trajectory_cache_lib
      moveit_ros_trajectory_cache::moveit_ros_trajectory_cache_utils_lib
      moveit_servo::moveit_servo_lib_cpp
      moveit_servo::moveit_servo_lib_parameters
      moveit_servo::moveit_servo_lib_ros
      moveit_task_constructor_core::moveit_task_constructor_core
      moveit_task_constructor_core::moveit_task_constructor_core_stage_plugins
      moveit_task_constructor_core::moveit_task_constructor_core_stages
      moveit_visual_tools::moveit_visual_tools
      pluginlib::pluginlib
      rclcpp::rclcpp
      rclcpp_action::rclcpp_action
      rviz_visual_tools::rviz_visual_tools
      rviz_visual_tools::rviz_visual_tools_gui
      rviz_visual_tools::rviz_visual_tools_imarker_simple
      rviz_visual_tools::rviz_visual_tools_remote_control
      tf2_geometry_msgs::tf2_geometry_msgs
      tf2_ros::static_transform_broadcaster_node
      tf2_ros::tf2_ros
      warehouse_ros_sqlite::warehouse_ros_sqlite
    )

Call Stack (most recent call first):
  doc/examples/moveit_cpp/CMakeLists.txt:3 (ament_target_dependencies)

[0m
[0mCMake Deprecation Warning at /opt/ros/rolling/share/ament_cmake_target_dependencies/cmake/ament_target_dependencies.cmake:87 (message):
  ament_target_dependencies() is deprecated.  Use target_link_libraries()
  with modern CMake targets instead.  Try replacing this call with:

    target_link_libraries(planning_scene_tutorial PUBLIC
      ${control_msgs_TARGETS}
      ${moveit_msgs_TARGETS}
      interactive_markers::interactive_markers
      moveit_core::moveit_collision_detection
      moveit_core::moveit_collision_detection_bullet
      moveit_core::moveit_collision_detection_fcl
      moveit_core::moveit_collision_distance_field
      moveit_core::moveit_constraint_samplers
      moveit_core::moveit_distance_field
      moveit_core::moveit_dynamics_solver
      moveit_core::moveit_exceptions
      moveit_core::moveit_kinematic_constraints
      moveit_core::moveit_kinematics_base
      moveit_core::moveit_kinematics_metrics
      moveit_core::moveit_macros
      moveit_core::moveit_planning_interface
      moveit_core::moveit_planning_scene
      moveit_core::moveit_robot_model
      moveit_core::moveit_robot_state
      moveit_core::moveit_robot_trajectory
      moveit_core::moveit_smoothing_base
      moveit_core::moveit_test_utils
      moveit_core::moveit_trajectory_processing
      moveit_core::moveit_transforms
      moveit_core::moveit_utils
      moveit_ros_planning::default_request_adapter_parameters
      moveit_ros_planning::default_response_adapter_parameters
      moveit_ros_planning::kinematics_parameters
      moveit_ros_planning::moveit_collision_plugin_loader
      moveit_ros_planning::moveit_constraint_sampler_manager_loader
      moveit_ros_planning::moveit_cpp
      moveit_ros_planning::moveit_kinematics_plugin_loader
      moveit_ros_planning::moveit_plan_execution
      moveit_ros_planning::moveit_planning_pipeline
      moveit_ros_planning::moveit_planning_pipeline_interfaces
      moveit_ros_planning::moveit_planning_scene_monitor
      moveit_ros_planning::moveit_rdf_loader
      moveit_ros_planning::moveit_robot_model_loader
      moveit_ros_planning::moveit_trajectory_execution_manager
      moveit_ros_planning::planning_pipeline_parameters
      moveit_ros_planning::srdf_publisher_node
      moveit_ros_planning_interface::moveit_common_planning_interface_objects
      moveit_ros_planning_interface::moveit_move_group_interface
      moveit_ros_planning_interface::moveit_planning_scene_interface
      moveit_ros_trajectory_cache::moveit_ros_trajectory_cache_cache_insert_policies_lib
      moveit_ros_trajectory_cache::moveit_ros_trajectory_cache_features_lib
      moveit_ros_trajectory_cache::moveit_ros_trajectory_cache_lib
      moveit_ros_trajectory_cache::moveit_ros_trajectory_cache_utils_lib
      moveit_servo::moveit_servo_lib_cpp
      moveit_servo::moveit_servo_lib_parameters
      moveit_servo::moveit_servo_lib_ros
      moveit_task_constructor_core::moveit_task_constructor_core
      moveit_task_constructor_core::moveit_task_constructor_core_stage_plugins
      moveit_task_constructor_core::moveit_task_constructor_core_stages
      moveit_visual_tools::moveit_visual_tools
      pluginlib::pluginlib
      rclcpp::rclcpp
      rclcpp_action::rclcpp_action
      rviz_visual_tools::rviz_visual_tools
      rviz_visual_tools::rviz_visual_tools_gui
      rviz_visual_tools::rviz_visual_tools_imarker_simple
      rviz_visual_tools::rviz_visual_tools_remote_control
      tf2_geometry_msgs::tf2_geometry_msgs
      tf2_ros::static_transform_broadcaster_node
      tf2_ros::tf2_ros
      warehouse_ros_sqlite::warehouse_ros_sqlite
    )

Call Stack (most recent call first):
  doc/examples/planning_scene/CMakeLists.txt:5 (ament_target_dependencies)

[0m
[0mCMake Deprecation Warning at /opt/ros/rolling/share/ament_cmake_target_dependencies/cmake/ament_target_dependencies.cmake:87 (message):
  ament_target_dependencies() is deprecated.  Use target_link_libraries()
  with modern CMake targets instead.  Try replacing this call with:

    target_link_libraries(planning_scene_ros_api_tutorial PUBLIC
      ${control_msgs_TARGETS}
      ${moveit_msgs_TARGETS}
      interactive_markers::interactive_markers
      moveit_core::moveit_collision_detection
      moveit_core::moveit_collision_detection_bullet
      moveit_core::moveit_collision_detection_fcl
      moveit_core::moveit_collision_distance_field
      moveit_core::moveit_constraint_samplers
      moveit_core::moveit_distance_field
      moveit_core::moveit_dynamics_solver
      moveit_core::moveit_exceptions
      moveit_core::moveit_kinematic_constraints
      moveit_core::moveit_kinematics_base
      moveit_core::moveit_kinematics_metrics
      moveit_core::moveit_macros
      moveit_core::moveit_planning_interface
      moveit_core::moveit_planning_scene
      moveit_core::moveit_robot_model
      moveit_core::moveit_robot_state
      moveit_core::moveit_robot_trajectory
      moveit_core::moveit_smoothing_base
      moveit_core::moveit_test_utils
      moveit_core::moveit_trajectory_processing
      moveit_core::moveit_transforms
      moveit_core::moveit_utils
      moveit_ros_planning::default_request_adapter_parameters
      moveit_ros_planning::default_response_adapter_parameters
      moveit_ros_planning::kinematics_parameters
      moveit_ros_planning::moveit_collision_plugin_loader
      moveit_ros_planning::moveit_constraint_sampler_manager_loader
      moveit_ros_planning::moveit_cpp
      moveit_ros_planning::moveit_kinematics_plugin_loader
      moveit_ros_planning::moveit_plan_execution
      moveit_ros_planning::moveit_planning_pipeline
      moveit_ros_planning::moveit_planning_pipeline_interfaces
      moveit_ros_planning::moveit_planning_scene_monitor
      moveit_ros_planning::moveit_rdf_loader
      moveit_ros_planning::moveit_robot_model_loader
      moveit_ros_planning::moveit_trajectory_execution_manager
      moveit_ros_planning::planning_pipeline_parameters
      moveit_ros_planning::srdf_publisher_node
      moveit_ros_planning_interface::moveit_common_planning_interface_objects
      moveit_ros_planning_interface::moveit_move_group_interface
      moveit_ros_planning_interface::moveit_planning_scene_interface
      moveit_ros_trajectory_cache::moveit_ros_trajectory_cache_cache_insert_policies_lib
      moveit_ros_trajectory_cache::moveit_ros_trajectory_cache_features_lib
      moveit_ros_trajectory_cache::moveit_ros_trajectory_cache_lib
      moveit_ros_trajectory_cache::moveit_ros_trajectory_cache_utils_lib
      moveit_servo::moveit_servo_lib_cpp
      moveit_servo::moveit_servo_lib_parameters
      moveit_servo::moveit_servo_lib_ros
      moveit_task_constructor_core::moveit_task_constructor_core
      moveit_task_constructor_core::moveit_task_constructor_core_stage_plugins
      moveit_task_constructor_core::moveit_task_constructor_core_stages
      moveit_visual_tools::moveit_visual_tools
      pluginlib::pluginlib
      rclcpp::rclcpp
      rclcpp_action::rclcpp_action
      rviz_visual_tools::rviz_visual_tools
      rviz_visual_tools::rviz_visual_tools_gui
      rviz_visual_tools::rviz_visual_tools_imarker_simple
      rviz_visual_tools::rviz_visual_tools_remote_control
      tf2_geometry_msgs::tf2_geometry_msgs
      tf2_ros::static_transform_broadcaster_node
      tf2_ros::tf2_ros
      warehouse_ros_sqlite::warehouse_ros_sqlite
    )

Call Stack (most recent call first):
  doc/examples/planning_scene_ros_api/CMakeLists.txt:5 (ament_target_dependencies)

[0m
[0mCMake Deprecation Warning at /opt/ros/rolling/share/ament_cmake_target_dependencies/cmake/ament_target_dependencies.cmake:87 (message):
  ament_target_dependencies() is deprecated.  Use target_link_libraries()
  with modern CMake targets instead.  Try replacing this call with:

    target_link_libraries(pose_tracking_tutorial PUBLIC
      ${control_msgs_TARGETS}
      ${moveit_msgs_TARGETS}
      interactive_markers::interactive_markers
      moveit_core::moveit_collision_detection
      moveit_core::moveit_collision_detection_bullet
      moveit_core::moveit_collision_detection_fcl
      moveit_core::moveit_collision_distance_field
      moveit_core::moveit_constraint_samplers
      moveit_core::moveit_distance_field
      moveit_core::moveit_dynamics_solver
      moveit_core::moveit_exceptions
      moveit_core::moveit_kinematic_constraints
      moveit_core::moveit_kinematics_base
      moveit_core::moveit_kinematics_metrics
      moveit_core::moveit_macros
      moveit_core::moveit_planning_interface
      moveit_core::moveit_planning_scene
      moveit_core::moveit_robot_model
      moveit_core::moveit_robot_state
      moveit_core::moveit_robot_trajectory
      moveit_core::moveit_smoothing_base
      moveit_core::moveit_test_utils
      moveit_core::moveit_trajectory_processing
      moveit_core::moveit_transforms
      moveit_core::moveit_utils
      moveit_ros_planning::default_request_adapter_parameters
      moveit_ros_planning::default_response_adapter_parameters
      moveit_ros_planning::kinematics_parameters
      moveit_ros_planning::moveit_collision_plugin_loader
      moveit_ros_planning::moveit_constraint_sampler_manager_loader
      moveit_ros_planning::moveit_cpp
      moveit_ros_planning::moveit_kinematics_plugin_loader
      moveit_ros_planning::moveit_plan_execution
      moveit_ros_planning::moveit_planning_pipeline
      moveit_ros_planning::moveit_planning_pipeline_interfaces
      moveit_ros_planning::moveit_planning_scene_monitor
      moveit_ros_planning::moveit_rdf_loader
      moveit_ros_planning::moveit_robot_model_loader
      moveit_ros_planning::moveit_trajectory_execution_manager
      moveit_ros_planning::planning_pipeline_parameters
      moveit_ros_planning::srdf_publisher_node
      moveit_ros_planning_interface::moveit_common_planning_interface_objects
      moveit_ros_planning_interface::moveit_move_group_interface
      moveit_ros_planning_interface::moveit_planning_scene_interface
      moveit_ros_trajectory_cache::moveit_ros_trajectory_cache_cache_insert_policies_lib
      moveit_ros_trajectory_cache::moveit_ros_trajectory_cache_features_lib
      moveit_ros_trajectory_cache::moveit_ros_trajectory_cache_lib
      moveit_ros_trajectory_cache::moveit_ros_trajectory_cache_utils_lib
      moveit_servo::moveit_servo_lib_cpp
      moveit_servo::moveit_servo_lib_parameters
      moveit_servo::moveit_servo_lib_ros
      moveit_task_constructor_core::moveit_task_constructor_core
      moveit_task_constructor_core::moveit_task_constructor_core_stage_plugins
      moveit_task_constructor_core::moveit_task_constructor_core_stages
      moveit_visual_tools::moveit_visual_tools
      pluginlib::pluginlib
      rclcpp::rclcpp
      rclcpp_action::rclcpp_action
      rviz_visual_tools::rviz_visual_tools
      rviz_visual_tools::rviz_visual_tools_gui
      rviz_visual_tools::rviz_visual_tools_imarker_simple
      rviz_visual_tools::rviz_visual_tools_remote_control
      tf2_geometry_msgs::tf2_geometry_msgs
      tf2_ros::static_transform_broadcaster_node
      tf2_ros::tf2_ros
      warehouse_ros_sqlite::warehouse_ros_sqlite
    )

Call Stack (most recent call first):
  doc/examples/realtime_servo/CMakeLists.txt:3 (ament_target_dependencies)

[0m
[0mCMake Deprecation Warning at /opt/ros/rolling/share/ament_cmake_target_dependencies/cmake/ament_target_dependencies.cmake:87 (message):
  ament_target_dependencies() is deprecated.  Use target_link_libraries()
  with modern CMake targets instead.  Try replacing this call with:

    target_link_libraries(robot_model_and_robot_state_tutorial PUBLIC
      ${control_msgs_TARGETS}
      ${moveit_msgs_TARGETS}
      interactive_markers::interactive_markers
      moveit_core::moveit_collision_detection
      moveit_core::moveit_collision_detection_bullet
      moveit_core::moveit_collision_detection_fcl
      moveit_core::moveit_collision_distance_field
      moveit_core::moveit_constraint_samplers
      moveit_core::moveit_distance_field
      moveit_core::moveit_dynamics_solver
      moveit_core::moveit_exceptions
      moveit_core::moveit_kinematic_constraints
      moveit_core::moveit_kinematics_base
      moveit_core::moveit_kinematics_metrics
      moveit_core::moveit_macros
      moveit_core::moveit_planning_interface
      moveit_core::moveit_planning_scene
      moveit_core::moveit_robot_model
      moveit_core::moveit_robot_state
      moveit_core::moveit_robot_trajectory
      moveit_core::moveit_smoothing_base
      moveit_core::moveit_test_utils
      moveit_core::moveit_trajectory_processing
      moveit_core::moveit_transforms
      moveit_core::moveit_utils
      moveit_ros_planning::default_request_adapter_parameters
      moveit_ros_planning::default_response_adapter_parameters
      moveit_ros_planning::kinematics_parameters
      moveit_ros_planning::moveit_collision_plugin_loader
      moveit_ros_planning::moveit_constraint_sampler_manager_loader
      moveit_ros_planning::moveit_cpp
      moveit_ros_planning::moveit_kinematics_plugin_loader
      moveit_ros_planning::moveit_plan_execution
      moveit_ros_planning::moveit_planning_pipeline
      moveit_ros_planning::moveit_planning_pipeline_interfaces
      moveit_ros_planning::moveit_planning_scene_monitor
      moveit_ros_planning::moveit_rdf_loader
      moveit_ros_planning::moveit_robot_model_loader
      moveit_ros_planning::moveit_trajectory_execution_manager
      moveit_ros_planning::planning_pipeline_parameters
      moveit_ros_planning::srdf_publisher_node
      moveit_ros_planning_interface::moveit_common_planning_interface_objects
      moveit_ros_planning_interface::moveit_move_group_interface
      moveit_ros_planning_interface::moveit_planning_scene_interface
      moveit_ros_trajectory_cache::moveit_ros_trajectory_cache_cache_insert_policies_lib
      moveit_ros_trajectory_cache::moveit_ros_trajectory_cache_features_lib
      moveit_ros_trajectory_cache::moveit_ros_trajectory_cache_lib
      moveit_ros_trajectory_cache::moveit_ros_trajectory_cache_utils_lib
      moveit_servo::moveit_servo_lib_cpp
      moveit_servo::moveit_servo_lib_parameters
      moveit_servo::moveit_servo_lib_ros
      moveit_task_constructor_core::moveit_task_constructor_core
      moveit_task_constructor_core::moveit_task_constructor_core_stage_plugins
      moveit_task_constructor_core::moveit_task_constructor_core_stages
      moveit_visual_tools::moveit_visual_tools
      pluginlib::pluginlib
      rclcpp::rclcpp
      rclcpp_action::rclcpp_action
      rviz_visual_tools::rviz_visual_tools
      rviz_visual_tools::rviz_visual_tools_gui
      rviz_visual_tools::rviz_visual_tools_imarker_simple
      rviz_visual_tools::rviz_visual_tools_remote_control
      tf2_geometry_msgs::tf2_geometry_msgs
      tf2_ros::static_transform_broadcaster_node
      tf2_ros::tf2_ros
      warehouse_ros_sqlite::warehouse_ros_sqlite
    )

Call Stack (most recent call first):
  doc/examples/robot_model_and_robot_state/CMakeLists.txt:5 (ament_target_dependencies)

[0m
[0mCMake Deprecation Warning at /opt/ros/rolling/share/ament_cmake_target_dependencies/cmake/ament_target_dependencies.cmake:87 (message):
  ament_target_dependencies() is deprecated.  Use target_link_libraries()
  with modern CMake targets instead.  Try replacing this call with:

    target_link_libraries(kinematics_cost_function_tutorial PUBLIC
      ${control_msgs_TARGETS}
      ${moveit_msgs_TARGETS}
      interactive_markers::interactive_markers
      moveit_core::moveit_collision_detection
      moveit_core::moveit_collision_detection_bullet
      moveit_core::moveit_collision_detection_fcl
      moveit_core::moveit_collision_distance_field
      moveit_core::moveit_constraint_samplers
      moveit_core::moveit_distance_field
      moveit_core::moveit_dynamics_solver
      moveit_core::moveit_exceptions
      moveit_core::moveit_kinematic_constraints
      moveit_core::moveit_kinematics_base
      moveit_core::moveit_kinematics_metrics
      moveit_core::moveit_macros
      moveit_core::moveit_planning_interface
      moveit_core::moveit_planning_scene
      moveit_core::moveit_robot_model
      moveit_core::moveit_robot_state
      moveit_core::moveit_robot_trajectory
      moveit_core::moveit_smoothing_base
      moveit_core::moveit_test_utils
      moveit_core::moveit_trajectory_processing
      moveit_core::moveit_transforms
      moveit_core::moveit_utils
      moveit_ros_planning::default_request_adapter_parameters
      moveit_ros_planning::default_response_adapter_parameters
      moveit_ros_planning::kinematics_parameters
      moveit_ros_planning::moveit_collision_plugin_loader
      moveit_ros_planning::moveit_constraint_sampler_manager_loader
      moveit_ros_planning::moveit_cpp
      moveit_ros_planning::moveit_kinematics_plugin_loader
      moveit_ros_planning::moveit_plan_execution
      moveit_ros_planning::moveit_planning_pipeline
      moveit_ros_planning::moveit_planning_pipeline_interfaces
      moveit_ros_planning::moveit_planning_scene_monitor
      moveit_ros_planning::moveit_rdf_loader
      moveit_ros_planning::moveit_robot_model_loader
      moveit_ros_planning::moveit_trajectory_execution_manager
      moveit_ros_planning::planning_pipeline_parameters
      moveit_ros_planning::srdf_publisher_node
      moveit_ros_planning_interface::moveit_common_planning_interface_objects
      moveit_ros_planning_interface::moveit_move_group_interface
      moveit_ros_planning_interface::moveit_planning_scene_interface
      moveit_ros_trajectory_cache::moveit_ros_trajectory_cache_cache_insert_policies_lib
      moveit_ros_trajectory_cache::moveit_ros_trajectory_cache_features_lib
      moveit_ros_trajectory_cache::moveit_ros_trajectory_cache_lib
      moveit_ros_trajectory_cache::moveit_ros_trajectory_cache_utils_lib
      moveit_servo::moveit_servo_lib_cpp
      moveit_servo::moveit_servo_lib_parameters
      moveit_servo::moveit_servo_lib_ros
      moveit_task_constructor_core::moveit_task_constructor_core
      moveit_task_constructor_core::moveit_task_constructor_core_stage_plugins
      moveit_task_constructor_core::moveit_task_constructor_core_stages
      moveit_visual_tools::moveit_visual_tools
      pluginlib::pluginlib
      rclcpp::rclcpp
      rclcpp_action::rclcpp_action
      rviz_visual_tools::rviz_visual_tools
      rviz_visual_tools::rviz_visual_tools_gui
      rviz_visual_tools::rviz_visual_tools_imarker_simple
      rviz_visual_tools::rviz_visual_tools_remote_control
      tf2_geometry_msgs::tf2_geometry_msgs
      tf2_ros::static_transform_broadcaster_node
      tf2_ros::tf2_ros
      warehouse_ros_sqlite::warehouse_ros_sqlite
    )

Call Stack (most recent call first):
  doc/how_to_guides/kinematics_cost_function/CMakeLists.txt:5 (ament_target_dependencies)

[0m
[0mCMake Deprecation Warning at /opt/ros/rolling/share/ament_cmake_target_dependencies/cmake/ament_target_dependencies.cmake:87 (message):
  ament_target_dependencies() is deprecated.  Use target_link_libraries()
  with modern CMake targets instead.  Try replacing this call with:

    target_link_libraries(parallel_planning_example PUBLIC
      ${control_msgs_TARGETS}
      ${moveit_msgs_TARGETS}
      interactive_markers::interactive_markers
      moveit_core::moveit_collision_detection
      moveit_core::moveit_collision_detection_bullet
      moveit_core::moveit_collision_detection_fcl
      moveit_core::moveit_collision_distance_field
      moveit_core::moveit_constraint_samplers
      moveit_core::moveit_distance_field
      moveit_core::moveit_dynamics_solver
      moveit_core::moveit_exceptions
      moveit_core::moveit_kinematic_constraints
      moveit_core::moveit_kinematics_base
      moveit_core::moveit_kinematics_metrics
      moveit_core::moveit_macros
      moveit_core::moveit_planning_interface
      moveit_core::moveit_planning_scene
      moveit_core::moveit_robot_model
      moveit_core::moveit_robot_state
      moveit_core::moveit_robot_trajectory
      moveit_core::moveit_smoothing_base
      moveit_core::moveit_test_utils
      moveit_core::moveit_trajectory_processing
      moveit_core::moveit_transforms
      moveit_core::moveit_utils
      moveit_ros_planning::default_request_adapter_parameters
      moveit_ros_planning::default_response_adapter_parameters
      moveit_ros_planning::kinematics_parameters
      moveit_ros_planning::moveit_collision_plugin_loader
      moveit_ros_planning::moveit_constraint_sampler_manager_loader
      moveit_ros_planning::moveit_cpp
      moveit_ros_planning::moveit_kinematics_plugin_loader
      moveit_ros_planning::moveit_plan_execution
      moveit_ros_planning::moveit_planning_pipeline
      moveit_ros_planning::moveit_planning_pipeline_interfaces
      moveit_ros_planning::moveit_planning_scene_monitor
      moveit_ros_planning::moveit_rdf_loader
      moveit_ros_planning::moveit_robot_model_loader
      moveit_ros_planning::moveit_trajectory_execution_manager
      moveit_ros_planning::planning_pipeline_parameters
      moveit_ros_planning::srdf_publisher_node
      moveit_ros_planning_interface::moveit_common_planning_interface_objects
      moveit_ros_planning_interface::moveit_move_group_interface
      moveit_ros_planning_interface::moveit_planning_scene_interface
      moveit_ros_trajectory_cache::moveit_ros_trajectory_cache_cache_insert_policies_lib
      moveit_ros_trajectory_cache::moveit_ros_trajectory_cache_features_lib
      moveit_ros_trajectory_cache::moveit_ros_trajectory_cache_lib
      moveit_ros_trajectory_cache::moveit_ros_trajectory_cache_utils_lib
      moveit_servo::moveit_servo_lib_cpp
      moveit_servo::moveit_servo_lib_parameters
      moveit_servo::moveit_servo_lib_ros
      moveit_task_constructor_core::moveit_task_constructor_core
      moveit_task_constructor_core::moveit_task_constructor_core_stage_plugins
      moveit_task_constructor_core::moveit_task_constructor_core_stages
      moveit_visual_tools::moveit_visual_tools
      pluginlib::pluginlib
      rclcpp::rclcpp
      rclcpp_action::rclcpp_action
      rviz_visual_tools::rviz_visual_tools
      rviz_visual_tools::rviz_visual_tools_gui
      rviz_visual_tools::rviz_visual_tools_imarker_simple
      rviz_visual_tools::rviz_visual_tools_remote_control
      tf2_geometry_msgs::tf2_geometry_msgs
      tf2_ros::static_transform_broadcaster_node
      tf2_ros::tf2_ros
      warehouse_ros_sqlite::warehouse_ros_sqlite
    )

Call Stack (most recent call first):
  doc/how_to_guides/parallel_planning/CMakeLists.txt:3 (ament_target_dependencies)

[0m
[0mCMake Deprecation Warning at /opt/ros/rolling/share/ament_cmake_target_dependencies/cmake/ament_target_dependencies.cmake:87 (message):
  ament_target_dependencies() is deprecated.  Use target_link_libraries()
  with modern CMake targets instead.  Try replacing this call with:

    target_link_libraries(pilz_move_group PUBLIC
      ${control_msgs_TARGETS}
      ${moveit_msgs_TARGETS}
      interactive_markers::interactive_markers
      moveit_core::moveit_collision_detection
      moveit_core::moveit_collision_detection_bullet
      moveit_core::moveit_collision_detection_fcl
      moveit_core::moveit_collision_distance_field
      moveit_core::moveit_constraint_samplers
      moveit_core::moveit_distance_field
      moveit_core::moveit_dynamics_solver
      moveit_core::moveit_exceptions
      moveit_core::moveit_kinematic_constraints
      moveit_core::moveit_kinematics_base
      moveit_core::moveit_kinematics_metrics
      moveit_core::moveit_macros
      moveit_core::moveit_planning_interface
      moveit_core::moveit_planning_scene
      moveit_core::moveit_robot_model
      moveit_core::moveit_robot_state
      moveit_core::moveit_robot_trajectory
      moveit_core::moveit_smoothing_base
      moveit_core::moveit_test_utils
      moveit_core::moveit_trajectory_processing
      moveit_core::moveit_transforms
      moveit_core::moveit_utils
      moveit_ros_planning::default_request_adapter_parameters
      moveit_ros_planning::default_response_adapter_parameters
      moveit_ros_planning::kinematics_parameters
      moveit_ros_planning::moveit_collision_plugin_loader
      moveit_ros_planning::moveit_constraint_sampler_manager_loader
      moveit_ros_planning::moveit_cpp
      moveit_ros_planning::moveit_kinematics_plugin_loader
      moveit_ros_planning::moveit_plan_execution
      moveit_ros_planning::moveit_planning_pipeline
      moveit_ros_planning::moveit_planning_pipeline_interfaces
      moveit_ros_planning::moveit_planning_scene_monitor
      moveit_ros_planning::moveit_rdf_loader
      moveit_ros_planning::moveit_robot_model_loader
      moveit_ros_planning::moveit_trajectory_execution_manager
      moveit_ros_planning::planning_pipeline_parameters
      moveit_ros_planning::srdf_publisher_node
      moveit_ros_planning_interface::moveit_common_planning_interface_objects
      moveit_ros_planning_interface::moveit_move_group_interface
      moveit_ros_planning_interface::moveit_planning_scene_interface
      moveit_ros_trajectory_cache::moveit_ros_trajectory_cache_cache_insert_policies_lib
      moveit_ros_trajectory_cache::moveit_ros_trajectory_cache_features_lib
      moveit_ros_trajectory_cache::moveit_ros_trajectory_cache_lib
      moveit_ros_trajectory_cache::moveit_ros_trajectory_cache_utils_lib
      moveit_servo::moveit_servo_lib_cpp
      moveit_servo::moveit_servo_lib_parameters
      moveit_servo::moveit_servo_lib_ros
      moveit_task_constructor_core::moveit_task_constructor_core
      moveit_task_constructor_core::moveit_task_constructor_core_stage_plugins
      moveit_task_constructor_core::moveit_task_constructor_core_stages
      moveit_visual_tools::moveit_visual_tools
      pluginlib::pluginlib
      rclcpp::rclcpp
      rclcpp_action::rclcpp_action
      rviz_visual_tools::rviz_visual_tools
      rviz_visual_tools::rviz_visual_tools_gui
      rviz_visual_tools::rviz_visual_tools_imarker_simple
      rviz_visual_tools::rviz_visual_tools_remote_control
      tf2_geometry_msgs::tf2_geometry_msgs
      tf2_ros::static_transform_broadcaster_node
      tf2_ros::tf2_ros
      warehouse_ros_sqlite::warehouse_ros_sqlite
    )

Call Stack (most recent call first):
  doc/how_to_guides/pilz_industrial_motion_planner/CMakeLists.txt:3 (ament_target_dependencies)

[0m
[0mCMake Deprecation Warning at /opt/ros/rolling/share/ament_cmake_target_dependencies/cmake/ament_target_dependencies.cmake:87 (message):
  ament_target_dependencies() is deprecated.  Use target_link_libraries()
  with modern CMake targets instead.  Try replacing this call with:

    target_link_libraries(pilz_mtc PUBLIC
      ${control_msgs_TARGETS}
      ${moveit_msgs_TARGETS}
      interactive_markers::interactive_markers
      moveit_core::moveit_collision_detection
      moveit_core::moveit_collision_detection_bullet
      moveit_core::moveit_collision_detection_fcl
      moveit_core::moveit_collision_distance_field
      moveit_core::moveit_constraint_samplers
      moveit_core::moveit_distance_field
      moveit_core::moveit_dynamics_solver
      moveit_core::moveit_exceptions
      moveit_core::moveit_kinematic_constraints
      moveit_core::moveit_kinematics_base
      moveit_core::moveit_kinematics_metrics
      moveit_core::moveit_macros
      moveit_core::moveit_planning_interface
      moveit_core::moveit_planning_scene
      moveit_core::moveit_robot_model
      moveit_core::moveit_robot_state
      moveit_core::moveit_robot_trajectory
      moveit_core::moveit_smoothing_base
      moveit_core::moveit_test_utils
      moveit_core::moveit_trajectory_processing
      moveit_core::moveit_transforms
      moveit_core::moveit_utils
      moveit_ros_planning::default_request_adapter_parameters
      moveit_ros_planning::default_response_adapter_parameters
      moveit_ros_planning::kinematics_parameters
      moveit_ros_planning::moveit_collision_plugin_loader
      moveit_ros_planning::moveit_constraint_sampler_manager_loader
      moveit_ros_planning::moveit_cpp
      moveit_ros_planning::moveit_kinematics_plugin_loader
      moveit_ros_planning::moveit_plan_execution
      moveit_ros_planning::moveit_planning_pipeline
      moveit_ros_planning::moveit_planning_pipeline_interfaces
      moveit_ros_planning::moveit_planning_scene_monitor
      moveit_ros_planning::moveit_rdf_loader
      moveit_ros_planning::moveit_robot_model_loader
      moveit_ros_planning::moveit_trajectory_execution_manager
      moveit_ros_planning::planning_pipeline_parameters
      moveit_ros_planning::srdf_publisher_node
      moveit_ros_planning_interface::moveit_common_planning_interface_objects
      moveit_ros_planning_interface::moveit_move_group_interface
      moveit_ros_planning_interface::moveit_planning_scene_interface
      moveit_ros_trajectory_cache::moveit_ros_trajectory_cache_cache_insert_policies_lib
      moveit_ros_trajectory_cache::moveit_ros_trajectory_cache_features_lib
      moveit_ros_trajectory_cache::moveit_ros_trajectory_cache_lib
      moveit_ros_trajectory_cache::moveit_ros_trajectory_cache_utils_lib
      moveit_servo::moveit_servo_lib_cpp
      moveit_servo::moveit_servo_lib_parameters
      moveit_servo::moveit_servo_lib_ros
      moveit_task_constructor_core::moveit_task_constructor_core
      moveit_task_constructor_core::moveit_task_constructor_core_stage_plugins
      moveit_task_constructor_core::moveit_task_constructor_core_stages
      moveit_visual_tools::moveit_visual_tools
      pluginlib::pluginlib
      rclcpp::rclcpp
      rclcpp_action::rclcpp_action
      rviz_visual_tools::rviz_visual_tools
      rviz_visual_tools::rviz_visual_tools_gui
      rviz_visual_tools::rviz_visual_tools_imarker_simple
      rviz_visual_tools::rviz_visual_tools_remote_control
      tf2_geometry_msgs::tf2_geometry_msgs
      tf2_ros::static_transform_broadcaster_node
      tf2_ros::tf2_ros
      warehouse_ros_sqlite::warehouse_ros_sqlite
    )

Call Stack (most recent call first):
  doc/how_to_guides/pilz_industrial_motion_planner/CMakeLists.txt:7 (ament_target_dependencies)

[0m
[0mCMake Deprecation Warning at /opt/ros/rolling/share/ament_cmake_target_dependencies/cmake/ament_target_dependencies.cmake:87 (message):
  ament_target_dependencies() is deprecated.  Use target_link_libraries()
  with modern CMake targets instead.  Try replacing this call with:

    target_link_libraries(pilz_sequence PUBLIC
      ${control_msgs_TARGETS}
      ${moveit_msgs_TARGETS}
      interactive_markers::interactive_markers
      moveit_core::moveit_collision_detection
      moveit_core::moveit_collision_detection_bullet
      moveit_core::moveit_collision_detection_fcl
      moveit_core::moveit_collision_distance_field
      moveit_core::moveit_constraint_samplers
      moveit_core::moveit_distance_field
      moveit_core::moveit_dynamics_solver
      moveit_core::moveit_exceptions
      moveit_core::moveit_kinematic_constraints
      moveit_core::moveit_kinematics_base
      moveit_core::moveit_kinematics_metrics
      moveit_core::moveit_macros
      moveit_core::moveit_planning_interface
      moveit_core::moveit_planning_scene
      moveit_core::moveit_robot_model
      moveit_core::moveit_robot_state
      moveit_core::moveit_robot_trajectory
      moveit_core::moveit_smoothing_base
      moveit_core::moveit_test_utils
      moveit_core::moveit_trajectory_processing
      moveit_core::moveit_transforms
      moveit_core::moveit_utils
      moveit_ros_planning::default_request_adapter_parameters
      moveit_ros_planning::default_response_adapter_parameters
      moveit_ros_planning::kinematics_parameters
      moveit_ros_planning::moveit_collision_plugin_loader
      moveit_ros_planning::moveit_constraint_sampler_manager_loader
      moveit_ros_planning::moveit_cpp
      moveit_ros_planning::moveit_kinematics_plugin_loader
      moveit_ros_planning::moveit_plan_execution
      moveit_ros_planning::moveit_planning_pipeline
      moveit_ros_planning::moveit_planning_pipeline_interfaces
      moveit_ros_planning::moveit_planning_scene_monitor
      moveit_ros_planning::moveit_rdf_loader
      moveit_ros_planning::moveit_robot_model_loader
      moveit_ros_planning::moveit_trajectory_execution_manager
      moveit_ros_planning::planning_pipeline_parameters
      moveit_ros_planning::srdf_publisher_node
      moveit_ros_planning_interface::moveit_common_planning_interface_objects
      moveit_ros_planning_interface::moveit_move_group_interface
      moveit_ros_planning_interface::moveit_planning_scene_interface
      moveit_ros_trajectory_cache::moveit_ros_trajectory_cache_cache_insert_policies_lib
      moveit_ros_trajectory_cache::moveit_ros_trajectory_cache_features_lib
      moveit_ros_trajectory_cache::moveit_ros_trajectory_cache_lib
      moveit_ros_trajectory_cache::moveit_ros_trajectory_cache_utils_lib
      moveit_servo::moveit_servo_lib_cpp
      moveit_servo::moveit_servo_lib_parameters
      moveit_servo::moveit_servo_lib_ros
      moveit_task_constructor_core::moveit_task_constructor_core
      moveit_task_constructor_core::moveit_task_constructor_core_stage_plugins
      moveit_task_constructor_core::moveit_task_constructor_core_stages
      moveit_visual_tools::moveit_visual_tools
      pluginlib::pluginlib
      rclcpp::rclcpp
      rclcpp_action::rclcpp_action
      rviz_visual_tools::rviz_visual_tools
      rviz_visual_tools::rviz_visual_tools_gui
      rviz_visual_tools::rviz_visual_tools_imarker_simple
      rviz_visual_tools::rviz_visual_tools_remote_control
      tf2_geometry_msgs::tf2_geometry_msgs
      tf2_ros::static_transform_broadcaster_node
      tf2_ros::tf2_ros
      warehouse_ros_sqlite::warehouse_ros_sqlite
    )

Call Stack (most recent call first):
  doc/how_to_guides/pilz_industrial_motion_planner/CMakeLists.txt:11 (ament_target_dependencies)

[0m
[0mCMake Deprecation Warning at /opt/ros/rolling/share/ament_cmake_target_dependencies/cmake/ament_target_dependencies.cmake:87 (message):
  ament_target_dependencies() is deprecated.  Use target_link_libraries()
  with modern CMake targets instead.  Try replacing this call with:

    target_link_libraries(trajectory_cache_demo PUBLIC
      ${control_msgs_TARGETS}
      ${moveit_msgs_TARGETS}
      interactive_markers::interactive_markers
      moveit_core::moveit_collision_detection
      moveit_core::moveit_collision_detection_bullet
      moveit_core::moveit_collision_detection_fcl
      moveit_core::moveit_collision_distance_field
      moveit_core::moveit_constraint_samplers
      moveit_core::moveit_distance_field
      moveit_core::moveit_dynamics_solver
      moveit_core::moveit_exceptions
      moveit_core::moveit_kinematic_constraints
      moveit_core::moveit_kinematics_base
      moveit_core::moveit_kinematics_metrics
      moveit_core::moveit_macros
      moveit_core::moveit_planning_interface
      moveit_core::moveit_planning_scene
      moveit_core::moveit_robot_model
      moveit_core::moveit_robot_state
      moveit_core::moveit_robot_trajectory
      moveit_core::moveit_smoothing_base
      moveit_core::moveit_test_utils
      moveit_core::moveit_trajectory_processing
      moveit_core::moveit_transforms
      moveit_core::moveit_utils
      moveit_ros_planning::default_request_adapter_parameters
      moveit_ros_planning::default_response_adapter_parameters
      moveit_ros_planning::kinematics_parameters
      moveit_ros_planning::moveit_collision_plugin_loader
      moveit_ros_planning::moveit_constraint_sampler_manager_loader
      moveit_ros_planning::moveit_cpp
      moveit_ros_planning::moveit_kinematics_plugin_loader
      moveit_ros_planning::moveit_plan_execution
      moveit_ros_planning::moveit_planning_pipeline
      moveit_ros_planning::moveit_planning_pipeline_interfaces
      moveit_ros_planning::moveit_planning_scene_monitor
      moveit_ros_planning::moveit_rdf_loader
      moveit_ros_planning::moveit_robot_model_loader
      moveit_ros_planning::moveit_trajectory_execution_manager
      moveit_ros_planning::planning_pipeline_parameters
      moveit_ros_planning::srdf_publisher_node
      moveit_ros_planning_interface::moveit_common_planning_interface_objects
      moveit_ros_planning_interface::moveit_move_group_interface
      moveit_ros_planning_interface::moveit_planning_scene_interface
      moveit_ros_trajectory_cache::moveit_ros_trajectory_cache_cache_insert_policies_lib
      moveit_ros_trajectory_cache::moveit_ros_trajectory_cache_features_lib
      moveit_ros_trajectory_cache::moveit_ros_trajectory_cache_lib
      moveit_ros_trajectory_cache::moveit_ros_trajectory_cache_utils_lib
      moveit_servo::moveit_servo_lib_cpp
      moveit_servo::moveit_servo_lib_parameters
      moveit_servo::moveit_servo_lib_ros
      moveit_task_constructor_core::moveit_task_constructor_core
      moveit_task_constructor_core::moveit_task_constructor_core_stage_plugins
      moveit_task_constructor_core::moveit_task_constructor_core_stages
      moveit_visual_tools::moveit_visual_tools
      pluginlib::pluginlib
      rclcpp::rclcpp
      rclcpp_action::rclcpp_action
      rviz_visual_tools::rviz_visual_tools
      rviz_visual_tools::rviz_visual_tools_gui
      rviz_visual_tools::rviz_visual_tools_imarker_simple
      rviz_visual_tools::rviz_visual_tools_remote_control
      tf2_geometry_msgs::tf2_geometry_msgs
      tf2_ros::static_transform_broadcaster_node
      tf2_ros::tf2_ros
      warehouse_ros_sqlite::warehouse_ros_sqlite
    )

Call Stack (most recent call first):
  doc/how_to_guides/trajectory_cache/CMakeLists.txt:2 (ament_target_dependencies)

[0m
[0mCMake Deprecation Warning at /opt/ros/rolling/share/ament_cmake_target_dependencies/cmake/ament_target_dependencies.cmake:87 (message):
  ament_target_dependencies() is deprecated.  Use target_link_libraries()
  with modern CMake targets instead.  Try replacing this call with:

    target_link_libraries(ompl_constrained_planning PUBLIC
      ${control_msgs_TARGETS}
      ${moveit_msgs_TARGETS}
      interactive_markers::interactive_markers
      moveit_core::moveit_collision_detection
      moveit_core::moveit_collision_detection_bullet
      moveit_core::moveit_collision_detection_fcl
      moveit_core::moveit_collision_distance_field
      moveit_core::moveit_constraint_samplers
      moveit_core::moveit_distance_field
      moveit_core::moveit_dynamics_solver
      moveit_core::moveit_exceptions
      moveit_core::moveit_kinematic_constraints
      moveit_core::moveit_kinematics_base
      moveit_core::moveit_kinematics_metrics
      moveit_core::moveit_macros
      moveit_core::moveit_planning_interface
      moveit_core::moveit_planning_scene
      moveit_core::moveit_robot_model
      moveit_core::moveit_robot_state
      moveit_core::moveit_robot_trajectory
      moveit_core::moveit_smoothing_base
      moveit_core::moveit_test_utils
      moveit_core::moveit_trajectory_processing
      moveit_core::moveit_transforms
      moveit_core::moveit_utils
      moveit_ros_planning::default_request_adapter_parameters
      moveit_ros_planning::default_response_adapter_parameters
      moveit_ros_planning::kinematics_parameters
      moveit_ros_planning::moveit_collision_plugin_loader
      moveit_ros_planning::moveit_constraint_sampler_manager_loader
      moveit_ros_planning::moveit_cpp
      moveit_ros_planning::moveit_kinematics_plugin_loader
      moveit_ros_planning::moveit_plan_execution
      moveit_ros_planning::moveit_planning_pipeline
      moveit_ros_planning::moveit_planning_pipeline_interfaces
      moveit_ros_planning::moveit_planning_scene_monitor
      moveit_ros_planning::moveit_rdf_loader
      moveit_ros_planning::moveit_robot_model_loader
      moveit_ros_planning::moveit_trajectory_execution_manager
      moveit_ros_planning::planning_pipeline_parameters
      moveit_ros_planning::srdf_publisher_node
      moveit_ros_planning_interface::moveit_common_planning_interface_objects
      moveit_ros_planning_interface::moveit_move_group_interface
      moveit_ros_planning_interface::moveit_planning_scene_interface
      moveit_ros_trajectory_cache::moveit_ros_trajectory_cache_cache_insert_policies_lib
      moveit_ros_trajectory_cache::moveit_ros_trajectory_cache_features_lib
      moveit_ros_trajectory_cache::moveit_ros_trajectory_cache_lib
      moveit_ros_trajectory_cache::moveit_ros_trajectory_cache_utils_lib
      moveit_servo::moveit_servo_lib_cpp
      moveit_servo::moveit_servo_lib_parameters
      moveit_servo::moveit_servo_lib_ros
      moveit_task_constructor_core::moveit_task_constructor_core
      moveit_task_constructor_core::moveit_task_constructor_core_stage_plugins
      moveit_task_constructor_core::moveit_task_constructor_core_stages
      moveit_visual_tools::moveit_visual_tools
      pluginlib::pluginlib
      rclcpp::rclcpp
      rclcpp_action::rclcpp_action
      rviz_visual_tools::rviz_visual_tools
      rviz_visual_tools::rviz_visual_tools_gui
      rviz_visual_tools::rviz_visual_tools_imarker_simple
      rviz_visual_tools::rviz_visual_tools_remote_control
      tf2_geometry_msgs::tf2_geometry_msgs
      tf2_ros::static_transform_broadcaster_node
      tf2_ros::tf2_ros
      warehouse_ros_sqlite::warehouse_ros_sqlite
    )

Call Stack (most recent call first):
  doc/how_to_guides/using_ompl_constrained_planning/CMakeLists.txt:5 (ament_target_dependencies)

[0m
[0mCMake Deprecation Warning at /opt/ros/rolling/share/ament_cmake_target_dependencies/cmake/ament_target_dependencies.cmake:87 (message):
  ament_target_dependencies() is deprecated.  Use target_link_libraries()
  with modern CMake targets instead.  Try replacing this call with:

    target_link_libraries(mtc_tutorial PUBLIC
      ${control_msgs_TARGETS}
      ${moveit_msgs_TARGETS}
      interactive_markers::interactive_markers
      moveit_core::moveit_collision_detection
      moveit_core::moveit_collision_detection_bullet
      moveit_core::moveit_collision_detection_fcl
      moveit_core::moveit_collision_distance_field
      moveit_core::moveit_constraint_samplers
      moveit_core::moveit_distance_field
      moveit_core::moveit_dynamics_solver
      moveit_core::moveit_exceptions
      moveit_core::moveit_kinematic_constraints
      moveit_core::moveit_kinematics_base
      moveit_core::moveit_kinematics_metrics
      moveit_core::moveit_macros
      moveit_core::moveit_planning_interface
      moveit_core::moveit_planning_scene
      moveit_core::moveit_robot_model
      moveit_core::moveit_robot_state
      moveit_core::moveit_robot_trajectory
      moveit_core::moveit_smoothing_base
      moveit_core::moveit_test_utils
      moveit_core::moveit_trajectory_processing
      moveit_core::moveit_transforms
      moveit_core::moveit_utils
      moveit_ros_planning::default_request_adapter_parameters
      moveit_ros_planning::default_response_adapter_parameters
      moveit_ros_planning::kinematics_parameters
      moveit_ros_planning::moveit_collision_plugin_loader
      moveit_ros_planning::moveit_constraint_sampler_manager_loader
      moveit_ros_planning::moveit_cpp
      moveit_ros_planning::moveit_kinematics_plugin_loader
      moveit_ros_planning::moveit_plan_execution
      moveit_ros_planning::moveit_planning_pipeline
      moveit_ros_planning::moveit_planning_pipeline_interfaces
      moveit_ros_planning::moveit_planning_scene_monitor
      moveit_ros_planning::moveit_rdf_loader
      moveit_ros_planning::moveit_robot_model_loader
      moveit_ros_planning::moveit_trajectory_execution_manager
      moveit_ros_planning::planning_pipeline_parameters
      moveit_ros_planning::srdf_publisher_node
      moveit_ros_planning_interface::moveit_common_planning_interface_objects
      moveit_ros_planning_interface::moveit_move_group_interface
      moveit_ros_planning_interface::moveit_planning_scene_interface
      moveit_ros_trajectory_cache::moveit_ros_trajectory_cache_cache_insert_policies_lib
      moveit_ros_trajectory_cache::moveit_ros_trajectory_cache_features_lib
      moveit_ros_trajectory_cache::moveit_ros_trajectory_cache_lib
      moveit_ros_trajectory_cache::moveit_ros_trajectory_cache_utils_lib
      moveit_servo::moveit_servo_lib_cpp
      moveit_servo::moveit_servo_lib_parameters
      moveit_servo::moveit_servo_lib_ros
      moveit_task_constructor_core::moveit_task_constructor_core
      moveit_task_constructor_core::moveit_task_constructor_core_stage_plugins
      moveit_task_constructor_core::moveit_task_constructor_core_stages
      moveit_visual_tools::moveit_visual_tools
      pluginlib::pluginlib
      rclcpp::rclcpp
      rclcpp_action::rclcpp_action
      rviz_visual_tools::rviz_visual_tools
      rviz_visual_tools::rviz_visual_tools_gui
      rviz_visual_tools::rviz_visual_tools_imarker_simple
      rviz_visual_tools::rviz_visual_tools_remote_control
      tf2_geometry_msgs::tf2_geometry_msgs
      tf2_ros::static_transform_broadcaster_node
      tf2_ros::tf2_ros
      warehouse_ros_sqlite::warehouse_ros_sqlite
    )

Call Stack (most recent call first):
  doc/tutorials/pick_and_place_with_moveit_task_constructor/CMakeLists.txt:2 (ament_target_dependencies)

[0m
[0mCMake Deprecation Warning at /opt/ros/rolling/share/ament_cmake_target_dependencies/cmake/ament_target_dependencies.cmake:87 (message):
  ament_target_dependencies() is deprecated.  Use target_link_libraries()
  with modern CMake targets instead.  Try replacing this call with:

    target_link_libraries(minimal_mtc_tutorial PUBLIC
      ${control_msgs_TARGETS}
      ${moveit_msgs_TARGETS}
      interactive_markers::interactive_markers
      moveit_core::moveit_collision_detection
      moveit_core::moveit_collision_detection_bullet
      moveit_core::moveit_collision_detection_fcl
      moveit_core::moveit_collision_distance_field
      moveit_core::moveit_constraint_samplers
      moveit_core::moveit_distance_field
      moveit_core::moveit_dynamics_solver
      moveit_core::moveit_exceptions
      moveit_core::moveit_kinematic_constraints
      moveit_core::moveit_kinematics_base
      moveit_core::moveit_kinematics_metrics
      moveit_core::moveit_macros
      moveit_core::moveit_planning_interface
      moveit_core::moveit_planning_scene
      moveit_core::moveit_robot_model
      moveit_core::moveit_robot_state
      moveit_core::moveit_robot_trajectory
      moveit_core::moveit_smoothing_base
      moveit_core::moveit_test_utils
      moveit_core::moveit_trajectory_processing
      moveit_core::moveit_transforms
      moveit_core::moveit_utils
      moveit_ros_planning::default_request_adapter_parameters
      moveit_ros_planning::default_response_adapter_parameters
      moveit_ros_planning::kinematics_parameters
      moveit_ros_planning::moveit_collision_plugin_loader
      moveit_ros_planning::moveit_constraint_sampler_manager_loader
      moveit_ros_planning::moveit_cpp
      moveit_ros_planning::moveit_kinematics_plugin_loader
      moveit_ros_planning::moveit_plan_execution
      moveit_ros_planning::moveit_planning_pipeline
      moveit_ros_planning::moveit_planning_pipeline_interfaces
      moveit_ros_planning::moveit_planning_scene_monitor
      moveit_ros_planning::moveit_rdf_loader
      moveit_ros_planning::moveit_robot_model_loader
      moveit_ros_planning::moveit_trajectory_execution_manager
      moveit_ros_planning::planning_pipeline_parameters
      moveit_ros_planning::srdf_publisher_node
      moveit_ros_planning_interface::moveit_common_planning_interface_objects
      moveit_ros_planning_interface::moveit_move_group_interface
      moveit_ros_planning_interface::moveit_planning_scene_interface
      moveit_ros_trajectory_cache::moveit_ros_trajectory_cache_cache_insert_policies_lib
      moveit_ros_trajectory_cache::moveit_ros_trajectory_cache_features_lib
      moveit_ros_trajectory_cache::moveit_ros_trajectory_cache_lib
      moveit_ros_trajectory_cache::moveit_ros_trajectory_cache_utils_lib
      moveit_servo::moveit_servo_lib_cpp
      moveit_servo::moveit_servo_lib_parameters
      moveit_servo::moveit_servo_lib_ros
      moveit_task_constructor_core::moveit_task_constructor_core
      moveit_task_constructor_core::moveit_task_constructor_core_stage_plugins
      moveit_task_constructor_core::moveit_task_constructor_core_stages
      moveit_visual_tools::moveit_visual_tools
      pluginlib::pluginlib
      rclcpp::rclcpp
      rclcpp_action::rclcpp_action
      rviz_visual_tools::rviz_visual_tools
      rviz_visual_tools::rviz_visual_tools_gui
      rviz_visual_tools::rviz_visual_tools_imarker_simple
      rviz_visual_tools::rviz_visual_tools_remote_control
      tf2_geometry_msgs::tf2_geometry_msgs
      tf2_ros::static_transform_broadcaster_node
      tf2_ros::tf2_ros
      warehouse_ros_sqlite::warehouse_ros_sqlite
    )

Call Stack (most recent call first):
  doc/tutorials/pick_and_place_with_moveit_task_constructor/CMakeLists.txt:5 (ament_target_dependencies)

[0m
[0mCMake Deprecation Warning at /opt/ros/rolling/share/ament_cmake_target_dependencies/cmake/ament_target_dependencies.cmake:87 (message):
  ament_target_dependencies() is deprecated.  Use target_link_libraries()
  with modern CMake targets instead.  Try replacing this call with:

    target_link_libraries(bringup_test PUBLIC
      ${control_msgs_TARGETS}
      ${moveit_msgs_TARGETS}
      interactive_markers::interactive_markers
      moveit_core::moveit_collision_detection
      moveit_core::moveit_collision_detection_bullet
      moveit_core::moveit_collision_detection_fcl
      moveit_core::moveit_collision_distance_field
      moveit_core::moveit_constraint_samplers
      moveit_core::moveit_distance_field
      moveit_core::moveit_dynamics_solver
      moveit_core::moveit_exceptions
      moveit_core::moveit_kinematic_constraints
      moveit_core::moveit_kinematics_base
      moveit_core::moveit_kinematics_metrics
      moveit_core::moveit_macros
      moveit_core::moveit_planning_interface
      moveit_core::moveit_planning_scene
      moveit_core::moveit_robot_model
      moveit_core::moveit_robot_state
      moveit_core::moveit_robot_trajectory
      moveit_core::moveit_smoothing_base
      moveit_core::moveit_test_utils
      moveit_core::moveit_trajectory_processing
      moveit_core::moveit_transforms
      moveit_core::moveit_utils
      moveit_ros_planning::default_request_adapter_parameters
      moveit_ros_planning::default_response_adapter_parameters
      moveit_ros_planning::kinematics_parameters
      moveit_ros_planning::moveit_collision_plugin_loader
      moveit_ros_planning::moveit_constraint_sampler_manager_loader
      moveit_ros_planning::moveit_cpp
      moveit_ros_planning::moveit_kinematics_plugin_loader
      moveit_ros_planning::moveit_plan_execution
      moveit_ros_planning::moveit_planning_pipeline
      moveit_ros_planning::moveit_planning_pipeline_interfaces
      moveit_ros_planning::moveit_planning_scene_monitor
      moveit_ros_planning::moveit_rdf_loader
      moveit_ros_planning::moveit_robot_model_loader
      moveit_ros_planning::moveit_trajectory_execution_manager
      moveit_ros_planning::planning_pipeline_parameters
      moveit_ros_planning::srdf_publisher_node
      moveit_ros_planning_interface::moveit_common_planning_interface_objects
      moveit_ros_planning_interface::moveit_move_group_interface
      moveit_ros_planning_interface::moveit_planning_scene_interface
      moveit_ros_trajectory_cache::moveit_ros_trajectory_cache_cache_insert_policies_lib
      moveit_ros_trajectory_cache::moveit_ros_trajectory_cache_features_lib
      moveit_ros_trajectory_cache::moveit_ros_trajectory_cache_lib
      moveit_ros_trajectory_cache::moveit_ros_trajectory_cache_utils_lib
      moveit_servo::moveit_servo_lib_cpp
      moveit_servo::moveit_servo_lib_parameters
      moveit_servo::moveit_servo_lib_ros
      moveit_task_constructor_core::moveit_task_constructor_core
      moveit_task_constructor_core::moveit_task_constructor_core_stage_plugins
      moveit_task_constructor_core::moveit_task_constructor_core_stages
      moveit_visual_tools::moveit_visual_tools
      pluginlib::pluginlib
      rclcpp::rclcpp
      rclcpp_action::rclcpp_action
      rviz_visual_tools::rviz_visual_tools
      rviz_visual_tools::rviz_visual_tools_gui
      rviz_visual_tools::rviz_visual_tools_imarker_simple
      rviz_visual_tools::rviz_visual_tools_remote_control
      tf2_geometry_msgs::tf2_geometry_msgs
      tf2_ros::static_transform_broadcaster_node
      tf2_ros::tf2_ros
      warehouse_ros_sqlite::warehouse_ros_sqlite
    )

Call Stack (most recent call first):
  doc/tutorials/quickstart_in_rviz/CMakeLists.txt:16 (ament_target_dependencies)

[0m
In file included from [01m[K/home/fabian/moveit2/install/moveit_ros_planning_interface/include/moveit_ros_planning_interface/moveit/common_planning_interface_objects/common_objects.hpp:40[m[K,
                 from [01m[K/home/fabian/moveit2/moveit2_tutorials/doc/examples/collision_environments/src/collision_scene_example.cpp:4[m[K:
[01m[K/opt/ros/rolling/include/tf2_ros/tf2_ros/buffer.h:40:4:[m[K [01;35m[Kwarning: [m[K#warning BUFFER_HEADER_DEPRECATION [[01;35m[K]8;;https://gcc.gnu.org/onlinedocs/gcc/Warning-Options.html#index-Wcpp-Wcpp]8;;[m[K]
   40 |   #[01;35m[Kwarning[m[K BUFFER_HEADER_DEPRECATION
      |    [01;35m[K^~~~~~~[m[K
In file included from [01m[K/home/fabian/moveit2/install/moveit_ros_planning/include/moveit_ros_planning/moveit/planning_scene_monitor/planning_scene_monitor.hpp:40[m[K,
                 from [01m[K/home/fabian/moveit2/install/moveit_ros_planning/include/moveit_ros_planning/moveit/moveit_cpp/moveit_cpp.hpp:44[m[K,
                 from [01m[K/home/fabian/moveit2/moveit2_tutorials/doc/examples/moveit_cpp/src/moveit_cpp_tutorial.cpp:4[m[K:
[01m[K/opt/ros/rolling/include/tf2_ros/tf2_ros/buffer.h:40:4:[m[K [01;35m[Kwarning: [m[K#warning BUFFER_HEADER_DEPRECATION [[01;35m[K]8;;https://gcc.gnu.org/onlinedocs/gcc/Warning-Options.html#index-Wcpp-Wcpp]8;;[m[K]
   40 |   #[01;35m[Kwarning[m[K BUFFER_HEADER_DEPRECATION
      |    [01;35m[K^~~~~~~[m[K
In file included from [01m[K/home/fabian/moveit2/install/moveit_ros_planning/include/moveit_ros_planning/moveit/planning_scene_monitor/planning_scene_monitor.hpp:41[m[K:
[01m[K/opt/ros/rolling/include/tf2_ros/tf2_ros/transform_listener.h:40:4:[m[K [01;35m[Kwarning: [m[K#warning TRANSFORM_LISTENER_HEADER_DEPRECATION [[01;35m[K]8;;https://gcc.gnu.org/onlinedocs/gcc/Warning-Options.html#index-Wcpp-Wcpp]8;;[m[K]
   40 |   #[01;35m[Kwarning[m[K TRANSFORM_LISTENER_HEADER_DEPRECATION
      |    [01;35m[K^~~~~~~[m[K
In file included from [01m[K/home/fabian/moveit2/install/moveit_ros_planning_interface/include/moveit_ros_planning_interface/moveit/move_group_interface/move_group_interface.hpp:59[m[K,
                 from [01m[K/home/fabian/moveit2/moveit2_tutorials/doc/examples/move_group_interface/src/move_group_interface_tutorial.cpp:37[m[K:
[01m[K/opt/ros/rolling/include/tf2_ros/tf2_ros/buffer.h:40:4:[m[K [01;35m[Kwarning: [m[K#warning BUFFER_HEADER_DEPRECATION [[01;35m[K]8;;https://gcc.gnu.org/onlinedocs/gcc/Warning-Options.html#index-Wcpp-Wcpp]8;;[m[K]
   40 |   #[01;35m[Kwarning[m[K BUFFER_HEADER_DEPRECATION
      |    [01;35m[K^~~~~~~[m[K
In file included from [01m[K/home/fabian/moveit2/install/moveit_ros_planning/include/moveit_ros_planning/moveit/planning_scene_monitor/planning_scene_monitor.hpp:41[m[K,
                 from [01m[K/home/fabian/moveit2/install/moveit_visual_tools/include/moveit_visual_tools/moveit_visual_tools.h:42[m[K,
                 from [01m[K/home/fabian/moveit2/moveit2_tutorials/doc/examples/move_group_interface/src/move_group_interface_tutorial.cpp:46[m[K:
[01m[K/opt/ros/rolling/include/tf2_ros/tf2_ros/transform_listener.h:40:4:[m[K [01;35m[Kwarning: [m[K#warning TRANSFORM_LISTENER_HEADER_DEPRECATION [[01;35m[K]8;;https://gcc.gnu.org/onlinedocs/gcc/Warning-Options.html#index-Wcpp-Wcpp]8;;[m[K]
   40 |   #[01;35m[Kwarning[m[K TRANSFORM_LISTENER_HEADER_DEPRECATION
      |    [01;35m[K^~~~~~~[m[K
In file included from [01m[K/home/fabian/moveit2/install/moveit_ros_planning/include/moveit_ros_planning/moveit/planning_scene_monitor/planning_scene_monitor.hpp:40[m[K,
                 from [01m[K/home/fabian/moveit2/install/moveit_ros_planning/include/moveit_ros_planning/moveit/moveit_cpp/moveit_cpp.hpp:44[m[K,
                 from [01m[K/home/fabian/moveit2/moveit2_tutorials/doc/how_to_guides/parallel_planning/src/parallel_planning_main.cpp:4[m[K:
[01m[K/opt/ros/rolling/include/tf2_ros/tf2_ros/buffer.h:40:4:[m[K [01;35m[Kwarning: [m[K#warning BUFFER_HEADER_DEPRECATION [[01;35m[K]8;;https://gcc.gnu.org/onlinedocs/gcc/Warning-Options.html#index-Wcpp-Wcpp]8;;[m[K]
   40 |   #[01;35m[Kwarning[m[K BUFFER_HEADER_DEPRECATION
      |    [01;35m[K^~~~~~~[m[K
In file included from [01m[K/home/fabian/moveit2/install/moveit_ros_planning/include/moveit_ros_planning/moveit/planning_scene_monitor/planning_scene_monitor.hpp:41[m[K:
[01m[K/opt/ros/rolling/include/tf2_ros/tf2_ros/transform_listener.h:40:4:[m[K [01;35m[Kwarning: [m[K#warning TRANSFORM_LISTENER_HEADER_DEPRECATION [[01;35m[K]8;;https://gcc.gnu.org/onlinedocs/gcc/Warning-Options.html#index-Wcpp-Wcpp]8;;[m[K]
   40 |   #[01;35m[Kwarning[m[K TRANSFORM_LISTENER_HEADER_DEPRECATION
      |    [01;35m[K^~~~~~~[m[K
In file included from [01m[K/home/fabian/moveit2/install/moveit_ros_planning_interface/include/moveit_ros_planning_interface/moveit/move_group_interface/move_group_interface.hpp:59[m[K,
                 from [01m[K/home/fabian/moveit2/moveit2_tutorials/doc/how_to_guides/kinematics_cost_function/src/kinematics_cost_function_tutorial.cpp:36[m[K:
[01m[K/opt/ros/rolling/include/tf2_ros/tf2_ros/buffer.h:40:4:[m[K [01;35m[Kwarning: [m[K#warning BUFFER_HEADER_DEPRECATION [[01;35m[K]8;;https://gcc.gnu.org/onlinedocs/gcc/Warning-Options.html#index-Wcpp-Wcpp]8;;[m[K]
   40 |   #[01;35m[Kwarning[m[K BUFFER_HEADER_DEPRECATION
      |    [01;35m[K^~~~~~~[m[K
In file included from [01m[K/home/fabian/moveit2/install/moveit_ros_planning/include/moveit_ros_planning/moveit/planning_scene_monitor/planning_scene_monitor.hpp:41[m[K,
                 from [01m[K/home/fabian/moveit2/install/moveit_visual_tools/include/moveit_visual_tools/moveit_visual_tools.h:42[m[K,
                 from [01m[K/home/fabian/moveit2/moveit2_tutorials/doc/how_to_guides/kinematics_cost_function/src/kinematics_cost_function_tutorial.cpp:47[m[K:
[01m[K/opt/ros/rolling/include/tf2_ros/tf2_ros/transform_listener.h:40:4:[m[K [01;35m[Kwarning: [m[K#warning TRANSFORM_LISTENER_HEADER_DEPRECATION [[01;35m[K]8;;https://gcc.gnu.org/onlinedocs/gcc/Warning-Options.html#index-Wcpp-Wcpp]8;;[m[K]
   40 |   #[01;35m[Kwarning[m[K TRANSFORM_LISTENER_HEADER_DEPRECATION
      |    [01;35m[K^~~~~~~[m[K
In file included from [01m[K/home/fabian/moveit2/install/moveit_ros_planning_interface/include/moveit_ros_planning_interface/moveit/move_group_interface/move_group_interface.hpp:59[m[K,
                 from [01m[K/home/fabian/moveit2/moveit2_tutorials/doc/how_to_guides/pilz_industrial_motion_planner/src/pilz_move_group.cpp:5[m[K:
[01m[K/opt/ros/rolling/include/tf2_ros/tf2_ros/buffer.h:40:4:[m[K [01;35m[Kwarning: [m[K#warning BUFFER_HEADER_DEPRECATION [[01;35m[K]8;;https://gcc.gnu.org/onlinedocs/gcc/Warning-Options.html#index-Wcpp-Wcpp]8;;[m[K]
   40 |   #[01;35m[Kwarning[m[K BUFFER_HEADER_DEPRECATION
      |    [01;35m[K^~~~~~~[m[K
In file included from [01m[K/home/fabian/moveit2/install/moveit_ros_planning/include/moveit_ros_planning/moveit/planning_scene_monitor/planning_scene_monitor.hpp:41[m[K,
                 from [01m[K/home/fabian/moveit2/install/moveit_visual_tools/include/moveit_visual_tools/moveit_visual_tools.h:42[m[K,
                 from [01m[K/home/fabian/moveit2/moveit2_tutorials/doc/how_to_guides/pilz_industrial_motion_planner/src/pilz_move_group.cpp:6[m[K:
[01m[K/opt/ros/rolling/include/tf2_ros/tf2_ros/transform_listener.h:40:4:[m[K [01;35m[Kwarning: [m[K#warning TRANSFORM_LISTENER_HEADER_DEPRECATION [[01;35m[K]8;;https://gcc.gnu.org/onlinedocs/gcc/Warning-Options.html#index-Wcpp-Wcpp]8;;[m[K]
   40 |   #[01;35m[Kwarning[m[K TRANSFORM_LISTENER_HEADER_DEPRECATION
      |    [01;35m[K^~~~~~~[m[K
In file included from [01m[K/home/fabian/moveit2/install/moveit_ros_planning/include/moveit_ros_planning/moveit/planning_scene_monitor/planning_scene_monitor.hpp:40[m[K,
                 from [01m[K/home/fabian/moveit2/install/moveit_servo/include/moveit_servo/moveit_servo/utils/common.hpp:46[m[K,
                 from [01m[K/home/fabian/moveit2/moveit2_tutorials/doc/examples/realtime_servo/src/pose_tracking_tutorial.cpp:49[m[K:
[01m[K/opt/ros/rolling/include/tf2_ros/tf2_ros/buffer.h:40:4:[m[K [01;35m[Kwarning: [m[K#warning BUFFER_HEADER_DEPRECATION [[01;35m[K]8;;https://gcc.gnu.org/onlinedocs/gcc/Warning-Options.html#index-Wcpp-Wcpp]8;;[m[K]
   40 |   #[01;35m[Kwarning[m[K BUFFER_HEADER_DEPRECATION
      |    [01;35m[K^~~~~~~[m[K
In file included from [01m[K/home/fabian/moveit2/install/moveit_ros_planning/include/moveit_ros_planning/moveit/planning_scene_monitor/planning_scene_monitor.hpp:41[m[K:
[01m[K/opt/ros/rolling/include/tf2_ros/tf2_ros/transform_listener.h:40:4:[m[K [01;35m[Kwarning: [m[K#warning TRANSFORM_LISTENER_HEADER_DEPRECATION [[01;35m[K]8;;https://gcc.gnu.org/onlinedocs/gcc/Warning-Options.html#index-Wcpp-Wcpp]8;;[m[K]
   40 |   #[01;35m[Kwarning[m[K TRANSFORM_LISTENER_HEADER_DEPRECATION
      |    [01;35m[K^~~~~~~[m[K
In file included from [01m[K/home/fabian/moveit2/install/moveit_ros_planning/include/moveit_ros_planning/moveit/planning_scene_monitor/planning_scene_monitor.hpp:40[m[K,
                 from [01m[K/home/fabian/moveit2/moveit2_tutorials/doc/examples/motion_planning_pipeline/src/motion_planning_pipeline_tutorial.cpp:44[m[K:
[01m[K/opt/ros/rolling/include/tf2_ros/tf2_ros/buffer.h:40:4:[m[K [01;35m[Kwarning: [m[K#warning BUFFER_HEADER_DEPRECATION [[01;35m[K]8;;https://gcc.gnu.org/onlinedocs/gcc/Warning-Options.html#index-Wcpp-Wcpp]8;;[m[K]
   40 |   #[01;35m[Kwarning[m[K BUFFER_HEADER_DEPRECATION
      |    [01;35m[K^~~~~~~[m[K
In file included from [01m[K/home/fabian/moveit2/install/moveit_ros_planning/include/moveit_ros_planning/moveit/planning_scene_monitor/planning_scene_monitor.hpp:41[m[K:
[01m[K/opt/ros/rolling/include/tf2_ros/tf2_ros/transform_listener.h:40:4:[m[K [01;35m[Kwarning: [m[K#warning TRANSFORM_LISTENER_HEADER_DEPRECATION [[01;35m[K]8;;https://gcc.gnu.org/onlinedocs/gcc/Warning-Options.html#index-Wcpp-Wcpp]8;;[m[K]
   40 |   #[01;35m[Kwarning[m[K TRANSFORM_LISTENER_HEADER_DEPRECATION
      |    [01;35m[K^~~~~~~[m[K
In file included from [01m[K/home/fabian/moveit2/install/moveit_ros_planning/include/moveit_ros_planning/moveit/planning_scene_monitor/planning_scene_monitor.hpp:40[m[K,
                 from [01m[K/home/fabian/moveit2/install/moveit_visual_tools/include/moveit_visual_tools/moveit_visual_tools.h:42[m[K,
                 from [01m[K/home/fabian/moveit2/moveit2_tutorials/doc/examples/motion_planning_api/src/motion_planning_api_tutorial.cpp:46[m[K:
[01m[K/opt/ros/rolling/include/tf2_ros/tf2_ros/buffer.h:40:4:[m[K [01;35m[Kwarning: [m[K#warning BUFFER_HEADER_DEPRECATION [[01;35m[K]8;;https://gcc.gnu.org/onlinedocs/gcc/Warning-Options.html#index-Wcpp-Wcpp]8;;[m[K]
   40 |   #[01;35m[Kwarning[m[K BUFFER_HEADER_DEPRECATION
      |    [01;35m[K^~~~~~~[m[K
In file included from [01m[K/home/fabian/moveit2/install/moveit_ros_planning/include/moveit_ros_planning/moveit/planning_scene_monitor/planning_scene_monitor.hpp:41[m[K:
[01m[K/opt/ros/rolling/include/tf2_ros/tf2_ros/transform_listener.h:40:4:[m[K [01;35m[Kwarning: [m[K#warning TRANSFORM_LISTENER_HEADER_DEPRECATION [[01;35m[K]8;;https://gcc.gnu.org/onlinedocs/gcc/Warning-Options.html#index-Wcpp-Wcpp]8;;[m[K]
   40 |   #[01;35m[Kwarning[m[K TRANSFORM_LISTENER_HEADER_DEPRECATION
      |    [01;35m[K^~~~~~~[m[K
In file included from [01m[K/home/fabian/moveit2/install/moveit_ros_planning_interface/include/moveit_ros_planning_interface/moveit/move_group_interface/move_group_interface.hpp:59[m[K,
                 from [01m[K/home/fabian/moveit2/moveit2_tutorials/doc/how_to_guides/using_ompl_constrained_planning/src/ompl_constrained_planning_tutorial.cpp:3[m[K:
[01m[K/opt/ros/rolling/include/tf2_ros/tf2_ros/buffer.h:40:4:[m[K [01;35m[Kwarning: [m[K#warning BUFFER_HEADER_DEPRECATION [[01;35m[K]8;;https://gcc.gnu.org/onlinedocs/gcc/Warning-Options.html#index-Wcpp-Wcpp]8;;[m[K]
   40 |   #[01;35m[Kwarning[m[K BUFFER_HEADER_DEPRECATION
      |    [01;35m[K^~~~~~~[m[K
In file included from [01m[K/home/fabian/moveit2/install/moveit_ros_planning/include/moveit_ros_planning/moveit/planning_scene_monitor/planning_scene_monitor.hpp:41[m[K,
                 from [01m[K/home/fabian/moveit2/install/moveit_visual_tools/include/moveit_visual_tools/moveit_visual_tools.h:42[m[K,
                 from [01m[K/home/fabian/moveit2/moveit2_tutorials/doc/how_to_guides/using_ompl_constrained_planning/src/ompl_constrained_planning_tutorial.cpp:6[m[K:
[01m[K/opt/ros/rolling/include/tf2_ros/tf2_ros/transform_listener.h:40:4:[m[K [01;35m[Kwarning: [m[K#warning TRANSFORM_LISTENER_HEADER_DEPRECATION [[01;35m[K]8;;https://gcc.gnu.org/onlinedocs/gcc/Warning-Options.html#index-Wcpp-Wcpp]8;;[m[K]
   40 |   #[01;35m[Kwarning[m[K TRANSFORM_LISTENER_HEADER_DEPRECATION
      |    [01;35m[K^~~~~~~[m[K
In file included from [01m[K/home/fabian/moveit2/install/moveit_ros_planning_interface/include/moveit_ros_planning_interface/moveit/move_group_interface/move_group_interface.hpp:59[m[K,
                 from [01m[K/home/fabian/moveit2/install/moveit_ros_planning_interface/include/moveit_ros_planning_interface/moveit/move_group_interface/move_group_interface.h:52[m[K,
                 from [01m[K/home/fabian/moveit2/moveit2_tutorials/doc/how_to_guides/trajectory_cache/src/trajectory_cache_demo.cpp:97[m[K:
[01m[K/opt/ros/rolling/include/tf2_ros/tf2_ros/buffer.h:40:4:[m[K [01;35m[Kwarning: [m[K#warning BUFFER_HEADER_DEPRECATION [[01;35m[K]8;;https://gcc.gnu.org/onlinedocs/gcc/Warning-Options.html#index-Wcpp-Wcpp]8;;[m[K]
   40 |   #[01;35m[Kwarning[m[K BUFFER_HEADER_DEPRECATION
      |    [01;35m[K^~~~~~~[m[K
In file included from [01m[K/home/fabian/moveit2/install/moveit_ros_planning/include/moveit_ros_planning/moveit/planning_scene_monitor/planning_scene_monitor.hpp:41[m[K,
                 from [01m[K/home/fabian/moveit2/install/moveit_visual_tools/include/moveit_visual_tools/moveit_visual_tools.h:42[m[K,
                 from [01m[K/home/fabian/moveit2/moveit2_tutorials/doc/how_to_guides/trajectory_cache/src/trajectory_cache_demo.cpp:112[m[K:
[01m[K/opt/ros/rolling/include/tf2_ros/tf2_ros/transform_listener.h:40:4:[m[K [01;35m[Kwarning: [m[K#warning TRANSFORM_LISTENER_HEADER_DEPRECATION [[01;35m[K]8;;https://gcc.gnu.org/onlinedocs/gcc/Warning-Options.html#index-Wcpp-Wcpp]8;;[m[K]
   40 |   #[01;35m[Kwarning[m[K TRANSFORM_LISTENER_HEADER_DEPRECATION
      |    [01;35m[K^~~~~~~[m[K
[01m[K/home/fabian/moveit2/install/moveit_ros_planning_interface/include/moveit_ros_planning_interface/moveit/move_group_interface/move_group_interface.h:51:77:[m[K [01;36m[Knote: [m[K‘[01m[K#pragma message: .h header is obsolete. Please use the .hpp header instead.[m[K’
   51 | #pragma message(".h header is obsolete. Please use the .hpp header instead."[01;36m[K)[m[K
      |                                                                             [01;36m[K^[m[K
[01m[K/home/fabian/moveit2/moveit2_tutorials/doc/how_to_guides/trajectory_cache/src/trajectory_cache_demo.cpp:[m[K In function ‘[01m[Kint[01;32m[K main[m[K(int, char**)[m[K’:
[01m[K/home/fabian/moveit2/moveit2_tutorials/doc/how_to_guides/trajectory_cache/src/trajectory_cache_demo.cpp:981:44:[m[K [01;35m[Kwarning: [m[K‘[01m[Kdouble moveit::planning_interface::MoveGroupInterface::[01;32m[KcomputeCartesianPath[m[K(const std::vector<geometry_msgs::msg::Pose_<std::allocator<void> > >&, double, double, moveit_msgs::msg::RobotTrajectory&, bool, moveit_msgs::msg::MoveItErrorCodes*)[m[K’ is deprecated: Drop jump_threshold [[01;35m[K]8;;https://gcc.gnu.org/onlinedocs/gcc/Warning-Options.html#index-Wdeprecated-declarations-Wdeprecated-declarations]8;;[m[K]
  981 |             [01;35m[Kmove_group.computeCartesianPath(cartesian_path_request.waypoints, cartesian_max_step,[m[K
      |             [01;35m[K~~~~~~~~~~~~~~~~~~~~~~~~~~~~~~~^~~~~~~~~~~~~~~~~~~~~~~~~~~~~~~~~~~~~~~~~~~~~~~~~~~~~~[m[K
  982 | [01;35m[K                                            cartesian_jump_threshold, cartesian_path_response.solution)[m[K;
      |                                             [01;35m[K~~~~~~~~~~~~~~~~~~~~~~~~~~~~~~~~~~~~~~~~~~~~~~~~~~~~~~~~~~~[m[K
[01m[K/home/fabian/moveit2/install/moveit_ros_planning_interface/include/moveit_ros_planning_interface/moveit/move_group_interface/move_group_interface.hpp:765:3:[m[K [01;36m[Knote: [m[Kdeclared here
  765 |   [01;36m[KcomputeCartesianPath[m[K(const std::vector<geometry_msgs::msg::Pose>& waypoints, double eef_step,
      |   [01;36m[K^~~~~~~~~~~~~~~~~~~~[m[K
In file included from [01m[K/home/fabian/moveit2/install/moveit_ros_planning_interface/include/moveit_ros_planning_interface/moveit/move_group_interface/move_group_interface.hpp:59[m[K,
                 from [01m[K/home/fabian/moveit2/moveit2_tutorials/doc/how_to_guides/pilz_industrial_motion_planner/src/pilz_sequence.cpp:4[m[K:
[01m[K/opt/ros/rolling/include/tf2_ros/tf2_ros/buffer.h:40:4:[m[K [01;35m[Kwarning: [m[K#warning BUFFER_HEADER_DEPRECATION [[01;35m[K]8;;https://gcc.gnu.org/onlinedocs/gcc/Warning-Options.html#index-Wcpp-Wcpp]8;;[m[K]
   40 |   #[01;35m[Kwarning[m[K BUFFER_HEADER_DEPRECATION
      |    [01;35m[K^~~~~~~[m[K
In file included from [01m[K/home/fabian/moveit2/install/moveit_ros_planning/include/moveit_ros_planning/moveit/planning_scene_monitor/planning_scene_monitor.hpp:41[m[K,
                 from [01m[K/home/fabian/moveit2/install/moveit_visual_tools/include/moveit_visual_tools/moveit_visual_tools.h:42[m[K,
                 from [01m[K/home/fabian/moveit2/moveit2_tutorials/doc/how_to_guides/pilz_industrial_motion_planner/src/pilz_sequence.cpp:9[m[K:
[01m[K/opt/ros/rolling/include/tf2_ros/tf2_ros/transform_listener.h:40:4:[m[K [01;35m[Kwarning: [m[K#warning TRANSFORM_LISTENER_HEADER_DEPRECATION [[01;35m[K]8;;https://gcc.gnu.org/onlinedocs/gcc/Warning-Options.html#index-Wcpp-Wcpp]8;;[m[K]
   40 |   #[01;35m[Kwarning[m[K TRANSFORM_LISTENER_HEADER_DEPRECATION
      |    [01;35m[K^~~~~~~[m[K
