-- Install configuration: ""
-- Installing: /home/fabian/moveit2/install/kinova_gen3_6dof_robotiq_2f_85_moveit_config/share/ament_index/resource_index/package_run_dependencies/kinova_gen3_6dof_robotiq_2f_85_moveit_config
-- Installing: /home/fabian/moveit2/install/kinova_gen3_6dof_robotiq_2f_85_moveit_config/share/ament_index/resource_index/parent_prefix_path/kinova_gen3_6dof_robotiq_2f_85_moveit_config
-- Installing: /home/fabian/moveit2/install/kinova_gen3_6dof_robotiq_2f_85_moveit_config/share/kinova_gen3_6dof_robotiq_2f_85_moveit_config/environment/ament_prefix_path.sh
-- Installing: /home/fabian/moveit2/install/kinova_gen3_6dof_robotiq_2f_85_moveit_config/share/kinova_gen3_6dof_robotiq_2f_85_moveit_config/environment/ament_prefix_path.dsv
-- Installing: /home/fabian/moveit2/install/kinova_gen3_6dof_robotiq_2f_85_moveit_config/share/kinova_gen3_6dof_robotiq_2f_85_moveit_config/environment/path.sh
-- Installing: /home/fabian/moveit2/install/kinova_gen3_6dof_robotiq_2f_85_moveit_config/share/kinova_gen3_6dof_robotiq_2f_85_moveit_config/environment/path.dsv
-- Installing: /home/fabian/moveit2/install/kinova_gen3_6dof_robotiq_2f_85_moveit_config/share/kinova_gen3_6dof_robotiq_2f_85_moveit_config/local_setup.bash
-- Installing: /home/fabian/moveit2/install/kinova_gen3_6dof_robotiq_2f_85_moveit_config/share/kinova_gen3_6dof_robotiq_2f_85_moveit_config/local_setup.sh
-- Installing: /home/fabian/moveit2/install/kinova_gen3_6dof_robotiq_2f_85_moveit_config/share/kinova_gen3_6dof_robotiq_2f_85_moveit_config/local_setup.zsh
-- Installing: /home/fabian/moveit2/install/kinova_gen3_6dof_robotiq_2f_85_moveit_config/share/kinova_gen3_6dof_robotiq_2f_85_moveit_config/local_setup.dsv
-- Installing: /home/fabian/moveit2/install/kinova_gen3_6dof_robotiq_2f_85_moveit_config/share/kinova_gen3_6dof_robotiq_2f_85_moveit_config/package.dsv
-- Installing: /home/fabian/moveit2/install/kinova_gen3_6dof_robotiq_2f_85_moveit_config/share/ament_index/resource_index/packages/kinova_gen3_6dof_robotiq_2f_85_moveit_config
-- Installing: /home/fabian/moveit2/install/kinova_gen3_6dof_robotiq_2f_85_moveit_config/share/kinova_gen3_6dof_robotiq_2f_85_moveit_config/cmake/kinova_gen3_6dof_robotiq_2f_85_moveit_configConfig.cmake
-- Installing: /home/fabian/moveit2/install/kinova_gen3_6dof_robotiq_2f_85_moveit_config/share/kinova_gen3_6dof_robotiq_2f_85_moveit_config/cmake/kinova_gen3_6dof_robotiq_2f_85_moveit_configConfig-version.cmake
-- Installing: /home/fabian/moveit2/install/kinova_gen3_6dof_robotiq_2f_85_moveit_config/share/kinova_gen3_6dof_robotiq_2f_85_moveit_config/package.xml
-- Installing: /home/fabian/moveit2/install/kinova_gen3_6dof_robotiq_2f_85_moveit_config/share/kinova_gen3_6dof_robotiq_2f_85_moveit_config/launch
-- Installing: /home/fabian/moveit2/install/kinova_gen3_6dof_robotiq_2f_85_moveit_config/share/kinova_gen3_6dof_robotiq_2f_85_moveit_config/launch/static_virtual_joint_tfs.launch.py
-- Installing: /home/fabian/moveit2/install/kinova_gen3_6dof_robotiq_2f_85_moveit_config/share/kinova_gen3_6dof_robotiq_2f_85_moveit_config/launch/spawn_controllers.launch.py
-- Installing: /home/fabian/moveit2/install/kinova_gen3_6dof_robotiq_2f_85_moveit_config/share/kinova_gen3_6dof_robotiq_2f_85_moveit_config/launch/robot.launch.py
-- Installing: /home/fabian/moveit2/install/kinova_gen3_6dof_robotiq_2f_85_moveit_config/share/kinova_gen3_6dof_robotiq_2f_85_moveit_config/launch/moveit_rviz.launch.py
-- Installing: /home/fabian/moveit2/install/kinova_gen3_6dof_robotiq_2f_85_moveit_config/share/kinova_gen3_6dof_robotiq_2f_85_moveit_config/launch/setup_assistant.launch.py
-- Installing: /home/fabian/moveit2/install/kinova_gen3_6dof_robotiq_2f_85_moveit_config/share/kinova_gen3_6dof_robotiq_2f_85_moveit_config/launch/rsp.launch.py
-- Installing: /home/fabian/moveit2/install/kinova_gen3_6dof_robotiq_2f_85_moveit_config/share/kinova_gen3_6dof_robotiq_2f_85_moveit_config/launch/move_group.launch.py
-- Installing: /home/fabian/moveit2/install/kinova_gen3_6dof_robotiq_2f_85_moveit_config/share/kinova_gen3_6dof_robotiq_2f_85_moveit_config/launch/sim.launch.py
-- Installing: /home/fabian/moveit2/install/kinova_gen3_6dof_robotiq_2f_85_moveit_config/share/kinova_gen3_6dof_robotiq_2f_85_moveit_config/config
-- Installing: /home/fabian/moveit2/install/kinova_gen3_6dof_robotiq_2f_85_moveit_config/share/kinova_gen3_6dof_robotiq_2f_85_moveit_config/config/moveit_controllers.yaml
-- Installing: /home/fabian/moveit2/install/kinova_gen3_6dof_robotiq_2f_85_moveit_config/share/kinova_gen3_6dof_robotiq_2f_85_moveit_config/config/kinematics.yaml
-- Installing: /home/fabian/moveit2/install/kinova_gen3_6dof_robotiq_2f_85_moveit_config/share/kinova_gen3_6dof_robotiq_2f_85_moveit_config/config/moveit.rviz
-- Installing: /home/fabian/moveit2/install/kinova_gen3_6dof_robotiq_2f_85_moveit_config/share/kinova_gen3_6dof_robotiq_2f_85_moveit_config/config/ompl_planning.yaml
-- Installing: /home/fabian/moveit2/install/kinova_gen3_6dof_robotiq_2f_85_moveit_config/share/kinova_gen3_6dof_robotiq_2f_85_moveit_config/config/pilz_cartesian_limits.yaml
-- Installing: /home/fabian/moveit2/install/kinova_gen3_6dof_robotiq_2f_85_moveit_config/share/kinova_gen3_6dof_robotiq_2f_85_moveit_config/config/ros2_controllers.yaml
-- Installing: /home/fabian/moveit2/install/kinova_gen3_6dof_robotiq_2f_85_moveit_config/share/kinova_gen3_6dof_robotiq_2f_85_moveit_config/config/joint_limits.yaml
-- Installing: /home/fabian/moveit2/install/kinova_gen3_6dof_robotiq_2f_85_moveit_config/share/kinova_gen3_6dof_robotiq_2f_85_moveit_config/config/gen3.srdf
-- Installing: /home/fabian/moveit2/install/kinova_gen3_6dof_robotiq_2f_85_moveit_config/share/kinova_gen3_6dof_robotiq_2f_85_moveit_config/config/initial_positions.yaml
-- Installing: /home/fabian/moveit2/install/kinova_gen3_6dof_robotiq_2f_85_moveit_config/share/kinova_gen3_6dof_robotiq_2f_85_moveit_config/.setup_assistant
