-- The CXX compiler identification is GNU 13.3.0
-- Detecting CXX compiler ABI info
-- Detecting CXX compiler ABI info - done
-- Check for working CXX compiler: /usr/bin/c++ - skipped
-- Detecting CXX compile features
-- Detecting CXX compile features - done
-- Found moveit_common: 2.14.0 (/home/fabian/moveit2/install/moveit_common/share/moveit_common/cmake)
-- Found ament_cmake: 2.8.4 (/opt/ros/rolling/share/ament_cmake/cmake)
-- Found Python3: /usr/bin/python3 (found version "3.12.3") found components: Interpreter 
[0mmoveit_ros_robot_interaction: You did not request a specific build type: Choosing 'Release' for maximum performance[0m
-- Found moveit_core: 2.14.0 (/home/fabian/moveit2/install/moveit_core/share/moveit_core/cmake)
-- Found Boost: /usr/lib/x86_64-linux-gnu/cmake/Boost-1.83.0/BoostConfig.cmake (found version "1.83.0") found components: chrono date_time filesystem iostreams program_options regex serialization system thread 
-- Found parameter_traits: 0.5.0 (/opt/ros/rolling/share/parameter_traits/cmake)
-- Found rosidl_generator_c: 5.0.1 (/opt/ros/rolling/share/rosidl_generator_c/cmake)
-- Found rosidl_generator_cpp: 5.0.1 (/opt/ros/rolling/share/rosidl_generator_cpp/cmake)
-- Using all available rosidl_typesupport_c: rosidl_typesupport_fastrtps_c;rosidl_typesupport_introspection_c
-- Using all available rosidl_typesupport_cpp: rosidl_typesupport_fastrtps_cpp;rosidl_typesupport_introspection_cpp
-- Found rmw_implementation_cmake: 7.9.0 (/opt/ros/rolling/share/rmw_implementation_cmake/cmake)
-- Found rmw_fastrtps_cpp: 9.4.2 (/opt/ros/rolling/share/rmw_fastrtps_cpp/cmake)
-- Found OpenSSL: /usr/lib/x86_64-linux-gnu/libcrypto.so (found version "3.0.13")  
-- Using RMW implementation 'rmw_fastrtps_cpp' as default
-- Found rclcpp_lifecycle: 30.1.0 (/opt/ros/rolling/share/rclcpp_lifecycle/cmake)
-- Found Boost: /usr/lib/x86_64-linux-gnu/cmake/Boost-1.83.0/BoostConfig.cmake (found version "1.83.0") found components: random 
-- Found Eigen3: TRUE (found version "3.4.0") 
-- Ensuring Eigen3 include directory is part of orocos-kdl CMake target
-- Found moveit_ros_planning: 2.14.0 (/home/fabian/moveit2/install/moveit_ros_planning/share/moveit_ros_planning/cmake)
-- Found Boost: /usr/lib/x86_64-linux-gnu/cmake/Boost-1.83.0/BoostConfig.cmake (found version "1.83.0") found components: system filesystem date_time program_options thread chrono 
-- Found interactive_markers: 2.8.0 (/opt/ros/rolling/share/interactive_markers/cmake)
-- Performing Test COMPILER_HAS_HIDDEN_VISIBILITY
-- Performing Test COMPILER_HAS_HIDDEN_VISIBILITY - Success
-- Performing Test COMPILER_HAS_HIDDEN_INLINE_VISIBILITY
-- Performing Test COMPILER_HAS_HIDDEN_INLINE_VISIBILITY - Success
-- Performing Test COMPILER_HAS_DEPRECATED_ATTR
-- Performing Test COMPILER_HAS_DEPRECATED_ATTR - Success
[0mCMake Deprecation Warning at /opt/ros/rolling/share/ament_cmake_target_dependencies/cmake/ament_target_dependencies.cmake:87 (message):
  ament_target_dependencies() is deprecated.  Use target_link_libraries()
  with modern CMake targets instead.  Try replacing this call with:

    target_link_libraries(moveit_robot_interaction PUBLIC
      interactive_markers::interactive_markers
      moveit_core::moveit_collision_detection
      moveit_core::moveit_collision_detection_bullet
      moveit_core::moveit_collision_detection_fcl
      moveit_core::moveit_collision_distance_field
      moveit_core::moveit_constraint_samplers
      moveit_core::moveit_distance_field
      moveit_core::moveit_dynamics_solver
      moveit_core::moveit_exceptions
      moveit_core::moveit_kinematic_constraints
      moveit_core::moveit_kinematics_base
      moveit_core::moveit_kinematics_metrics
      moveit_core::moveit_macros
      moveit_core::moveit_planning_interface
      moveit_core::moveit_planning_scene
      moveit_core::moveit_robot_model
      moveit_core::moveit_robot_state
      moveit_core::moveit_robot_trajectory
      moveit_core::moveit_smoothing_base
      moveit_core::moveit_test_utils
      moveit_core::moveit_trajectory_processing
      moveit_core::moveit_transforms
      moveit_core::moveit_utils
      moveit_ros_planning::default_request_adapter_parameters
      moveit_ros_planning::default_response_adapter_parameters
      moveit_ros_planning::kinematics_parameters
      moveit_ros_planning::moveit_collision_plugin_loader
      moveit_ros_planning::moveit_constraint_sampler_manager_loader
      moveit_ros_planning::moveit_cpp
      moveit_ros_planning::moveit_kinematics_plugin_loader
      moveit_ros_planning::moveit_plan_execution
      moveit_ros_planning::moveit_planning_pipeline
      moveit_ros_planning::moveit_planning_pipeline_interfaces
      moveit_ros_planning::moveit_planning_scene_monitor
      moveit_ros_planning::moveit_rdf_loader
      moveit_ros_planning::moveit_robot_model_loader
      moveit_ros_planning::moveit_trajectory_execution_manager
      moveit_ros_planning::planning_pipeline_parameters
      moveit_ros_planning::srdf_publisher_node
      tf2_geometry_msgs::tf2_geometry_msgs
    )

Call Stack (most recent call first):
  CMakeLists.txt:35 (ament_target_dependencies)

[0m
-- Found ament_cmake_gtest: 2.8.4 (/opt/ros/rolling/share/ament_cmake_gtest/cmake)
-- Found gtest sources under '/opt/ros/rolling/src/gtest_vendor': C++ tests using 'Google Test' will be built
-- The C compiler identification is GNU 13.3.0
-- Detecting C compiler ABI info
-- Detecting C compiler ABI info - done
-- Check for working C compiler: /usr/bin/cc - skipped
-- Detecting C compile features
-- Detecting C compile features - done
-- Found Threads: TRUE  
-- Configuring done (12.6s)
-- Generating done (0.2s)
-- Build files have been written to: /home/fabian/moveit2/build/moveit_ros_robot_interaction
[  7%] [32mBuilding CXX object CMakeFiles/moveit_robot_interaction.dir/src/interactive_marker_helpers.cpp.o[0m
[ 15%] [32mBuilding CXX object gtest/CMakeFiles/gtest.dir/src/gtest-all.cc.o[0m
[ 23%] [32mBuilding CXX object gtest/CMakeFiles/gtest_main.dir/src/gtest_main.cc.o[0m
[ 30%] [32mBuilding CXX object CMakeFiles/moveit_robot_interaction.dir/src/kinematic_options_map.cpp.o[0m
[ 38%] [32mBuilding CXX object CMakeFiles/moveit_robot_interaction.dir/src/interaction_handler.cpp.o[0m
[ 46%] [32mBuilding CXX object CMakeFiles/moveit_robot_interaction.dir/src/kinematic_options.cpp.o[0m
[ 53%] [32mBuilding CXX object CMakeFiles/moveit_robot_interaction.dir/src/locked_robot_state.cpp.o[0m
In file included from [01m[K/home/fabian/moveit2/moveit_ros/robot_interaction/include/moveit/robot_interaction/interaction_handler.hpp:45[m[K,
                 from [01m[K/home/fabian/moveit2/moveit_ros/robot_interaction/src/interaction_handler.cpp:39[m[K:
[01m[K/opt/ros/rolling/include/tf2_ros/tf2_ros/buffer.h:40:4:[m[K [01;35m[Kwarning: [m[K#warning BUFFER_HEADER_DEPRECATION [[01;35m[K]8;;https://gcc.gnu.org/onlinedocs/gcc/Warning-Options.html#index-Wcpp-Wcpp]8;;[m[K]
   40 |   #[01;35m[Kwarning[m[K BUFFER_HEADER_DEPRECATION
      |    [01;35m[K^~~~~~~[m[K
[ 61%] [32m[1mLinking CXX static library libgtest_main.a[0m
[ 61%] Built target gtest_main
[ 69%] [32m[1mLinking CXX static library libgtest.a[0m
[ 69%] Built target gtest
[ 76%] [32mBuilding CXX object CMakeFiles/moveit_robot_interaction.dir/src/robot_interaction.cpp.o[0m
In file included from [01m[K/home/fabian/moveit2/moveit_ros/robot_interaction/include/moveit/robot_interaction/interaction_handler.hpp:45[m[K,
                 from [01m[K/home/fabian/moveit2/moveit_ros/robot_interaction/include/moveit/robot_interaction/robot_interaction.hpp:52[m[K,
                 from [01m[K/home/fabian/moveit2/moveit_ros/robot_interaction/src/robot_interaction.cpp:38[m[K:
[01m[K/opt/ros/rolling/include/tf2_ros/tf2_ros/buffer.h:40:4:[m[K [01;35m[Kwarning: [m[K#warning BUFFER_HEADER_DEPRECATION [[01;35m[K]8;;https://gcc.gnu.org/onlinedocs/gcc/Warning-Options.html#index-Wcpp-Wcpp]8;;[m[K]
   40 |   #[01;35m[Kwarning[m[K BUFFER_HEADER_DEPRECATION
      |    [01;35m[K^~~~~~~[m[K
[ 84%] [32m[1mLinking CXX shared library libmoveit_robot_interaction.so[0m
[ 84%] Built target moveit_robot_interaction
[ 92%] [32mBuilding CXX object CMakeFiles/locked_robot_state_test.dir/test/locked_robot_state_test.cpp.o[0m
[100%] [32m[1mLinking CXX executable locked_robot_state_test[0m
[100%] Built target locked_robot_state_test
-- Install configuration: "Release"
-- Installing: /home/fabian/moveit2/install/moveit_ros_robot_interaction/lib/libmoveit_robot_interaction.so.2.14.0
-- Set non-toolchain portion of runtime path of "/home/fabian/moveit2/install/moveit_ros_robot_interaction/lib/libmoveit_robot_interaction.so.2.14.0" to ""
-- Installing: /home/fabian/moveit2/install/moveit_ros_robot_interaction/lib/libmoveit_robot_interaction.so
-- Installing: /home/fabian/moveit2/install/moveit_ros_robot_interaction/include/moveit_ros_robot_interaction
-- Installing: /home/fabian/moveit2/install/moveit_ros_robot_interaction/include/moveit_ros_robot_interaction/moveit
-- Installing: /home/fabian/moveit2/install/moveit_ros_robot_interaction/include/moveit_ros_robot_interaction/moveit/robot_interaction
-- Installing: /home/fabian/moveit2/install/moveit_ros_robot_interaction/include/moveit_ros_robot_interaction/moveit/robot_interaction/interaction_handler.hpp
-- Installing: /home/fabian/moveit2/install/moveit_ros_robot_interaction/include/moveit_ros_robot_interaction/moveit/robot_interaction/kinematic_options.h
-- Installing: /home/fabian/moveit2/install/moveit_ros_robot_interaction/include/moveit_ros_robot_interaction/moveit/robot_interaction/interactive_marker_helpers.hpp
-- Installing: /home/fabian/moveit2/install/moveit_ros_robot_interaction/include/moveit_ros_robot_interaction/moveit/robot_interaction/kinematic_options_map.h
-- Installing: /home/fabian/moveit2/install/moveit_ros_robot_interaction/include/moveit_ros_robot_interaction/moveit/robot_interaction/locked_robot_state.hpp
-- Installing: /home/fabian/moveit2/install/moveit_ros_robot_interaction/include/moveit_ros_robot_interaction/moveit/robot_interaction/robot_interaction.hpp
-- Installing: /home/fabian/moveit2/install/moveit_ros_robot_interaction/include/moveit_ros_robot_interaction/moveit/robot_interaction/interaction.h
-- Installing: /home/fabian/moveit2/install/moveit_ros_robot_interaction/include/moveit_ros_robot_interaction/moveit/robot_interaction/kinematic_options_map.hpp
-- Installing: /home/fabian/moveit2/install/moveit_ros_robot_interaction/include/moveit_ros_robot_interaction/moveit/robot_interaction/kinematic_options.hpp
-- Installing: /home/fabian/moveit2/install/moveit_ros_robot_interaction/include/moveit_ros_robot_interaction/moveit/robot_interaction/interactive_marker_helpers.h
-- Installing: /home/fabian/moveit2/install/moveit_ros_robot_interaction/include/moveit_ros_robot_interaction/moveit/robot_interaction/interaction.hpp
-- Installing: /home/fabian/moveit2/install/moveit_ros_robot_interaction/include/moveit_ros_robot_interaction/moveit/robot_interaction/robot_interaction.h
-- Installing: /home/fabian/moveit2/install/moveit_ros_robot_interaction/include/moveit_ros_robot_interaction/moveit/robot_interaction/interaction_handler.h
-- Installing: /home/fabian/moveit2/install/moveit_ros_robot_interaction/include/moveit_ros_robot_interaction/moveit/robot_interaction/locked_robot_state.h
-- Installing: /home/fabian/moveit2/install/moveit_ros_robot_interaction/include/moveit_ros_robot_interaction/moveit_robot_interaction_export.h
-- Installing: /home/fabian/moveit2/install/moveit_ros_robot_interaction/share/moveit_ros_robot_interaction/resources
-- Installing: /home/fabian/moveit2/install/moveit_ros_robot_interaction/share/moveit_ros_robot_interaction/resources/access-denied.stl
-- Installing: /home/fabian/moveit2/install/moveit_ros_robot_interaction/share/moveit_ros_robot_interaction/resources/access-denied.dae
-- Installing: /home/fabian/moveit2/install/moveit_ros_robot_interaction/share/moveit_ros_robot_interaction/environment/library_path.sh
-- Installing: /home/fabian/moveit2/install/moveit_ros_robot_interaction/share/moveit_ros_robot_interaction/environment/library_path.dsv
-- Installing: /home/fabian/moveit2/install/moveit_ros_robot_interaction/share/ament_index/resource_index/package_run_dependencies/moveit_ros_robot_interaction
-- Installing: /home/fabian/moveit2/install/moveit_ros_robot_interaction/share/ament_index/resource_index/parent_prefix_path/moveit_ros_robot_interaction
-- Installing: /home/fabian/moveit2/install/moveit_ros_robot_interaction/share/moveit_ros_robot_interaction/environment/ament_prefix_path.sh
-- Installing: /home/fabian/moveit2/install/moveit_ros_robot_interaction/share/moveit_ros_robot_interaction/environment/ament_prefix_path.dsv
-- Installing: /home/fabian/moveit2/install/moveit_ros_robot_interaction/share/moveit_ros_robot_interaction/environment/path.sh
-- Installing: /home/fabian/moveit2/install/moveit_ros_robot_interaction/share/moveit_ros_robot_interaction/environment/path.dsv
-- Installing: /home/fabian/moveit2/install/moveit_ros_robot_interaction/share/moveit_ros_robot_interaction/local_setup.bash
-- Installing: /home/fabian/moveit2/install/moveit_ros_robot_interaction/share/moveit_ros_robot_interaction/local_setup.sh
-- Installing: /home/fabian/moveit2/install/moveit_ros_robot_interaction/share/moveit_ros_robot_interaction/local_setup.zsh
-- Installing: /home/fabian/moveit2/install/moveit_ros_robot_interaction/share/moveit_ros_robot_interaction/local_setup.dsv
-- Installing: /home/fabian/moveit2/install/moveit_ros_robot_interaction/share/moveit_ros_robot_interaction/package.dsv
-- Installing: /home/fabian/moveit2/install/moveit_ros_robot_interaction/share/ament_index/resource_index/packages/moveit_ros_robot_interaction
-- Installing: /home/fabian/moveit2/install/moveit_ros_robot_interaction/share/moveit_ros_robot_interaction/cmake/moveit_ros_robot_interactionTargetsExport.cmake
-- Installing: /home/fabian/moveit2/install/moveit_ros_robot_interaction/share/moveit_ros_robot_interaction/cmake/moveit_ros_robot_interactionTargetsExport-release.cmake
-- Installing: /home/fabian/moveit2/install/moveit_ros_robot_interaction/share/moveit_ros_robot_interaction/cmake/ament_cmake_export_targets-extras.cmake
-- Installing: /home/fabian/moveit2/install/moveit_ros_robot_interaction/share/moveit_ros_robot_interaction/cmake/ament_cmake_export_dependencies-extras.cmake
-- Installing: /home/fabian/moveit2/install/moveit_ros_robot_interaction/share/moveit_ros_robot_interaction/cmake/moveit_ros_robot_interactionConfig.cmake
-- Installing: /home/fabian/moveit2/install/moveit_ros_robot_interaction/share/moveit_ros_robot_interaction/cmake/moveit_ros_robot_interactionConfig-version.cmake
-- Installing: /home/fabian/moveit2/install/moveit_ros_robot_interaction/share/moveit_ros_robot_interaction/package.xml
