[0mmoveit_kinematics: You did not request a specific build type: Choosing 'Release' for maximum performance[0m
[0mCMake Deprecation Warning at /opt/ros/rolling/share/ament_cmake_target_dependencies/cmake/ament_target_dependencies.cmake:87 (message):
  ament_target_dependencies() is deprecated.  Use target_link_libraries()
  with modern CMake targets instead.  Try replacing this call with:

    target_link_libraries(moveit_cached_ik_kinematics_base PUBLIC
      ${moveit_msgs_TARGETS}
      moveit_core::moveit_collision_detection
      moveit_core::moveit_collision_detection_bullet
      moveit_core::moveit_collision_detection_fcl
      moveit_core::moveit_collision_distance_field
      moveit_core::moveit_constraint_samplers
      moveit_core::moveit_distance_field
      moveit_core::moveit_dynamics_solver
      moveit_core::moveit_exceptions
      moveit_core::moveit_kinematic_constraints
      moveit_core::moveit_kinematics_base
      moveit_core::moveit_kinematics_metrics
      moveit_core::moveit_macros
      moveit_core::moveit_planning_interface
      moveit_core::moveit_planning_scene
      moveit_core::moveit_robot_model
      moveit_core::moveit_robot_state
      moveit_core::moveit_robot_trajectory
      moveit_core::moveit_smoothing_base
      moveit_core::moveit_test_utils
      moveit_core::moveit_trajectory_processing
      moveit_core::moveit_transforms
      moveit_core::moveit_utils
      rclcpp::rclcpp
    )

Call Stack (most recent call first):
  cached_ik_kinematics_plugin/CMakeLists.txt:8 (ament_target_dependencies)

[0m
[0mCMake Deprecation Warning at /opt/ros/rolling/share/ament_cmake_target_dependencies/cmake/ament_target_dependencies.cmake:87 (message):
  ament_target_dependencies() is deprecated.  Use target_link_libraries()
  with modern CMake targets instead.  Try replacing this call with:

    target_link_libraries(moveit_cached_ik_kinematics_plugin PUBLIC
      ${moveit_msgs_TARGETS}
      moveit_core::moveit_collision_detection
      moveit_core::moveit_collision_detection_bullet
      moveit_core::moveit_collision_detection_fcl
      moveit_core::moveit_collision_distance_field
      moveit_core::moveit_constraint_samplers
      moveit_core::moveit_distance_field
      moveit_core::moveit_dynamics_solver
      moveit_core::moveit_exceptions
      moveit_core::moveit_kinematic_constraints
      moveit_core::moveit_kinematics_base
      moveit_core::moveit_kinematics_metrics
      moveit_core::moveit_macros
      moveit_core::moveit_planning_interface
      moveit_core::moveit_planning_scene
      moveit_core::moveit_robot_model
      moveit_core::moveit_robot_state
      moveit_core::moveit_robot_trajectory
      moveit_core::moveit_smoothing_base
      moveit_core::moveit_test_utils
      moveit_core::moveit_trajectory_processing
      moveit_core::moveit_transforms
      moveit_core::moveit_utils
      rclcpp::rclcpp
      rsl::rsl
    )

Call Stack (most recent call first):
  cached_ik_kinematics_plugin/CMakeLists.txt:30 (ament_target_dependencies)

[0m
[0mCMake Deprecation Warning at /opt/ros/rolling/share/ament_cmake_target_dependencies/cmake/ament_target_dependencies.cmake:87 (message):
  ament_target_dependencies() is deprecated.  Use target_link_libraries()
  with modern CMake targets instead.  Try replacing this call with:

    target_link_libraries(moveit_kdl_kinematics_plugin PUBLIC
      ${moveit_msgs_TARGETS}
      kdl_parser::kdl_parser
      moveit_core::moveit_collision_detection
      moveit_core::moveit_collision_detection_bullet
      moveit_core::moveit_collision_detection_fcl
      moveit_core::moveit_collision_distance_field
      moveit_core::moveit_constraint_samplers
      moveit_core::moveit_distance_field
      moveit_core::moveit_dynamics_solver
      moveit_core::moveit_exceptions
      moveit_core::moveit_kinematic_constraints
      moveit_core::moveit_kinematics_base
      moveit_core::moveit_kinematics_metrics
      moveit_core::moveit_macros
      moveit_core::moveit_planning_interface
      moveit_core::moveit_planning_scene
      moveit_core::moveit_robot_model
      moveit_core::moveit_robot_state
      moveit_core::moveit_robot_trajectory
      moveit_core::moveit_smoothing_base
      moveit_core::moveit_test_utils
      moveit_core::moveit_trajectory_processing
      moveit_core::moveit_transforms
      moveit_core::moveit_utils
      pluginlib::pluginlib
      random_numbers::random_numbers
      rclcpp::rclcpp
      tf2_kdl::tf2_kdl
    )

Call Stack (most recent call first):
  kdl_kinematics_plugin/CMakeLists.txt:9 (ament_target_dependencies)

[0m
[0mCMake Deprecation Warning at /opt/ros/rolling/share/ament_cmake_target_dependencies/cmake/ament_target_dependencies.cmake:87 (message):
  ament_target_dependencies() is deprecated.  Use target_link_libraries()
  with modern CMake targets instead.  Try replacing this call with:

    target_link_libraries(moveit_srv_kinematics_plugin PUBLIC
      ${moveit_msgs_TARGETS}
      moveit_core::moveit_collision_detection
      moveit_core::moveit_collision_detection_bullet
      moveit_core::moveit_collision_detection_fcl
      moveit_core::moveit_collision_distance_field
      moveit_core::moveit_constraint_samplers
      moveit_core::moveit_distance_field
      moveit_core::moveit_dynamics_solver
      moveit_core::moveit_exceptions
      moveit_core::moveit_kinematic_constraints
      moveit_core::moveit_kinematics_base
      moveit_core::moveit_kinematics_metrics
      moveit_core::moveit_macros
      moveit_core::moveit_planning_interface
      moveit_core::moveit_planning_scene
      moveit_core::moveit_robot_model
      moveit_core::moveit_robot_state
      moveit_core::moveit_robot_trajectory
      moveit_core::moveit_smoothing_base
      moveit_core::moveit_test_utils
      moveit_core::moveit_trajectory_processing
      moveit_core::moveit_transforms
      moveit_core::moveit_utils
      rclcpp::rclcpp
    )

Call Stack (most recent call first):
  srv_kinematics_plugin/CMakeLists.txt:10 (ament_target_dependencies)

[0m
[0mCMake Deprecation Warning at /opt/ros/rolling/share/ament_cmake_target_dependencies/cmake/ament_target_dependencies.cmake:87 (message):
  ament_target_dependencies() is deprecated.  Use target_link_libraries()
  with modern CMake targets instead.  Try replacing this call with:

    target_link_libraries(test_kinematics_plugin PUBLIC
      moveit_ros_planning::default_request_adapter_parameters
      moveit_ros_planning::default_response_adapter_parameters
      moveit_ros_planning::kinematics_parameters
      moveit_ros_planning::moveit_collision_plugin_loader
      moveit_ros_planning::moveit_constraint_sampler_manager_loader
      moveit_ros_planning::moveit_cpp
      moveit_ros_planning::moveit_kinematics_plugin_loader
      moveit_ros_planning::moveit_plan_execution
      moveit_ros_planning::moveit_planning_pipeline
      moveit_ros_planning::moveit_planning_pipeline_interfaces
      moveit_ros_planning::moveit_planning_scene_monitor
      moveit_ros_planning::moveit_rdf_loader
      moveit_ros_planning::moveit_robot_model_loader
      moveit_ros_planning::moveit_trajectory_execution_manager
      moveit_ros_planning::planning_pipeline_parameters
      moveit_ros_planning::srdf_publisher_node
      pluginlib::pluginlib
    )

Call Stack (most recent call first):
  test/CMakeLists.txt:11 (ament_target_dependencies)

[0m
[0mCMake Deprecation Warning at /opt/ros/rolling/share/ament_cmake_target_dependencies/cmake/ament_target_dependencies.cmake:87 (message):
  ament_target_dependencies() is deprecated.  Use target_link_libraries()
  with modern CMake targets instead.  Try replacing this call with:

    target_link_libraries(benchmark_ik PUBLIC
      moveit_core::moveit_collision_detection
      moveit_core::moveit_collision_detection_bullet
      moveit_core::moveit_collision_detection_fcl
      moveit_core::moveit_collision_distance_field
      moveit_core::moveit_constraint_samplers
      moveit_core::moveit_distance_field
      moveit_core::moveit_dynamics_solver
      moveit_core::moveit_exceptions
      moveit_core::moveit_kinematic_constraints
      moveit_core::moveit_kinematics_base
      moveit_core::moveit_kinematics_metrics
      moveit_core::moveit_macros
      moveit_core::moveit_planning_interface
      moveit_core::moveit_planning_scene
      moveit_core::moveit_robot_model
      moveit_core::moveit_robot_state
      moveit_core::moveit_robot_trajectory
      moveit_core::moveit_smoothing_base
      moveit_core::moveit_test_utils
      moveit_core::moveit_trajectory_processing
      moveit_core::moveit_transforms
      moveit_core::moveit_utils
      moveit_ros_planning::default_request_adapter_parameters
      moveit_ros_planning::default_response_adapter_parameters
      moveit_ros_planning::kinematics_parameters
      moveit_ros_planning::moveit_collision_plugin_loader
      moveit_ros_planning::moveit_constraint_sampler_manager_loader
      moveit_ros_planning::moveit_cpp
      moveit_ros_planning::moveit_kinematics_plugin_loader
      moveit_ros_planning::moveit_plan_execution
      moveit_ros_planning::moveit_planning_pipeline
      moveit_ros_planning::moveit_planning_pipeline_interfaces
      moveit_ros_planning::moveit_planning_scene_monitor
      moveit_ros_planning::moveit_rdf_loader
      moveit_ros_planning::moveit_robot_model_loader
      moveit_ros_planning::moveit_trajectory_execution_manager
      moveit_ros_planning::planning_pipeline_parameters
      moveit_ros_planning::srdf_publisher_node
      rclcpp::rclcpp
    )

Call Stack (most recent call first):
  test/CMakeLists.txt:47 (ament_target_dependencies)

[0m
