[0.764s] Invoking command in '/home/fabian/moveit2/build/moveit_kinematics': AMENT_PREFIX_PATH=/home/fabian/moveit2/install/moveit_ros_planning:/home/fabian/moveit2/install/moveit_ros_occupancy_map_monitor:/home/fabian/moveit2/install/moveit_core:/home/fabian/moveit2/install/moveit_configs_utils:/home/fabian/moveit2/install/moveit_common:${AMENT_PREFIX_PATH} CMAKE_PREFIX_PATH=/home/fabian/moveit2/install/moveit_ros_planning:/home/fabian/moveit2/install/moveit_ros_occupancy_map_monitor:/home/fabian/moveit2/install/moveit_core:/home/fabian/moveit2/install/moveit_common:/home/fabian/yb_support/ros_odrive/install/odrive_ros2_control:/home/fabian/yb_support/ros_odrive/install/odrive_can:/home/fabian/yb_support/slam_toolbox/install/slam_toolbox:/home/fabian/yb_support/my_msgs/install/my_msgs:/home/fabian/yb_support/pointcloud_to_laserscan/install/pointcloud_to_laserscan:/home/fabian/yb_support/mecanum_drive_controller/install/mecanum_drive_controller:/home/fabian/ros2_ws/install/ros2_control_demo_example_2:/home/fabian/ros2_ws/install/ros2_control_demo_description:/home/fabian/yahboom_rosmaster/install/yahboom_rosmaster:/home/fabian/yahboom_rosmaster/install/yahboom_rosmaster_system_tests:/home/fabian/yahboom_rosmaster/install/yahboom_rosmaster_navigation:/home/fabian/yahboom_rosmaster/install/yahboom_rosmaster_msgs:/home/fabian/yahboom_rosmaster/install/yahboom_rosmaster_localization:/home/fabian/yahboom_rosmaster/install/yahboom_rosmaster_gazebo:/home/fabian/yahboom_rosmaster/install/yahboom_rosmaster_docking:/home/fabian/yahboom_rosmaster/install/yahboom_rosmaster_description:/home/fabian/yahboom_rosmaster/install/yahboom_rosmaster_bringup:/home/fabian/yahboom_rosmaster/install/mecanum_drive_controller:/home/fabian/cartesian_controllers/install/cartesian_compliance_controller:/home/fabian/cartesian_controllers/install/cartesian_motion_controller:/home/fabian/cartesian_controllers/install/cartesian_force_controller:/home/fabian/cartesian_controllers/install/cartesian_controller_utilities:/home/fabian/youbot_ws/install/youbot:/home/fabian/yb_support/urdf_parser_py/install/urdfdom_py:/home/fabian/yb_support/twist_stamper/install/twist_stamper:/home/fabian/yb_support/kdl_parser_py/install/kdl_parser_py:/opt/ros/rolling:/home/fabian/cartesian_controllers/install/cartesian_controller_tests:/home/fabian/cartesian_controllers/install/cartesian_controller_simulation:/home/fabian/cartesian_controllers/install/cartesian_controller_handles:/home/fabian/cartesian_controllers/install/cartesian_controller_base:/home/fabian/ros2_control_demos/example_7/install/ros2_control_demo_example_7:/home/fabian/yb_support/unilidar_sdk2/install/unitree_lidar_ros2:/home/fabian/fixslam/install/geometry_msgs:/home/fabian/fixslam/install/std_msgs:/opt/ros/rolling/opt/gz_sim_vendor:/opt/ros/rolling/opt/gz_sensors_vendor:/opt/ros/rolling/opt/gz_physics_vendor:/opt/ros/rolling/opt/sdformat_vendor:/opt/ros/rolling/opt/gz_gui_vendor:/opt/ros/rolling/opt/gz_transport_vendor:/opt/ros/rolling/opt/gz_rendering_vendor:/opt/ros/rolling/opt/gz_plugin_vendor:/opt/ros/rolling/opt/gz_fuel_tools_vendor:/opt/ros/rolling/opt/gz_msgs_vendor:/opt/ros/rolling/opt/gz_common_vendor:/opt/ros/rolling/opt/gz_math_vendor:/opt/ros/rolling/opt/gz_utils_vendor:/opt/ros/rolling/opt/gz_tools_vendor:/opt/ros/rolling/opt/gz_ogre_next_vendor:/opt/ros/rolling/opt/gz_dartsim_vendor:/opt/ros/rolling/opt/gz_cmake_vendor DEBUGINFOD_URLS=https://debuginfod.ubuntu.com LD_LIBRARY_PATH=/home/fabian/moveit2/install/moveit_ros_planning/lib:/home/fabian/moveit2/install/moveit_ros_occupancy_map_monitor/lib:/home/fabian/moveit2/install/moveit_core/lib:${LD_LIBRARY_PATH} PATH=/home/fabian/moveit2/install/moveit_core/bin:${PATH} PYTHONPATH=/home/fabian/moveit2/install/moveit_configs_utils/lib/python3.12/site-packages:${PYTHONPATH} /usr/bin/cmake /home/fabian/moveit2/moveit_kinematics -DCMAKE_INSTALL_PREFIX=/home/fabian/moveit2/install/moveit_kinematics
[1.061s] -- The CXX compiler identification is GNU 13.3.0
[1.785s] -- Detecting CXX compiler ABI info
[2.273s] -- Detecting CXX compiler ABI info - done
[2.289s] -- Check for working CXX compiler: /usr/bin/c++ - skipped
[2.289s] -- Detecting CXX compile features
[2.289s] -- Detecting CXX compile features - done
[2.291s] -- Found moveit_common: 2.14.0 (/home/fabian/moveit2/install/moveit_common/share/moveit_common/cmake)
[2.301s] -- Found ament_cmake: 2.8.4 (/opt/ros/rolling/share/ament_cmake/cmake)
[2.680s] -- Found Python3: /usr/bin/python3 (found version "3.12.3") found components: Interpreter 
[3.147s] [0mmoveit_kinematics: You did not request a specific build type: Choosing 'Release' for maximum performance[0m
[3.171s] -- Found class_loader: 2.9.0 (/opt/ros/rolling/share/class_loader/cmake)
[3.505s] -- Found generate_parameter_library: 0.5.0 (/opt/ros/rolling/share/generate_parameter_library/cmake)
[3.527s] -- Found parameter_traits: 0.5.0 (/opt/ros/rolling/share/parameter_traits/cmake)
[3.613s] -- Found rosidl_generator_c: 5.0.1 (/opt/ros/rolling/share/rosidl_generator_c/cmake)
[3.644s] -- Found rosidl_generator_cpp: 5.0.1 (/opt/ros/rolling/share/rosidl_generator_cpp/cmake)
[3.687s] -- Using all available rosidl_typesupport_c: rosidl_typesupport_fastrtps_c;rosidl_typesupport_introspection_c
[3.720s] -- Using all available rosidl_typesupport_cpp: rosidl_typesupport_fastrtps_cpp;rosidl_typesupport_introspection_cpp
[3.910s] -- Found rmw_implementation_cmake: 7.9.0 (/opt/ros/rolling/share/rmw_implementation_cmake/cmake)
[3.922s] -- Found rmw_fastrtps_cpp: 9.4.2 (/opt/ros/rolling/share/rmw_fastrtps_cpp/cmake)
[4.140s] -- Found OpenSSL: /usr/lib/x86_64-linux-gnu/libcrypto.so (found version "3.0.13")  
[4.166s] -- Using RMW implementation 'rmw_fastrtps_cpp' as default
[4.604s] -- Found rclcpp_lifecycle: 30.1.0 (/opt/ros/rolling/share/rclcpp_lifecycle/cmake)
[4.673s] -- Found kdl_parser: 3.0.0 (/opt/ros/rolling/share/kdl_parser/cmake)
[4.788s] -- Found eigen3_cmake_module: 0.5.1 (/opt/ros/rolling/share/eigen3_cmake_module/cmake)
[4.790s] -- Found Eigen3: TRUE (found version "3.4.0") 
[4.790s] -- Ensuring Eigen3 include directory is part of orocos-kdl CMake target
[4.803s] -- Found moveit_core: 2.14.0 (/home/fabian/moveit2/install/moveit_core/share/moveit_core/cmake)
[5.395s] -- Found Boost: /usr/lib/x86_64-linux-gnu/cmake/Boost-1.83.0/BoostConfig.cmake (found version "1.83.0") found components: chrono date_time filesystem iostreams program_options regex serialization system thread 
[7.376s] -- Found Boost: /usr/lib/x86_64-linux-gnu/cmake/Boost-1.83.0/BoostConfig.cmake (found version "1.83.0") found components: random 
[8.208s] -- Found moveit_ros_planning: 2.14.0 (/home/fabian/moveit2/install/moveit_ros_planning/share/moveit_ros_planning/cmake)
[8.216s] -- Found Boost: /usr/lib/x86_64-linux-gnu/cmake/Boost-1.83.0/BoostConfig.cmake (found version "1.83.0") found components: system filesystem date_time program_options thread chrono 
[8.301s] -- Found Boost: /usr/lib/x86_64-linux-gnu/cmake/Boost-1.83.0/BoostConfig.cmake (found version "1.83.0") found components: program_options system 
[14.207s] [0mCMake Deprecation Warning at /opt/ros/rolling/share/ament_cmake_target_dependencies/cmake/ament_target_dependencies.cmake:87 (message):
[14.207s]   ament_target_dependencies() is deprecated.  Use target_link_libraries()
[14.207s]   with modern CMake targets instead.  Try replacing this call with:
[14.208s] 
[14.208s]     target_link_libraries(moveit_cached_ik_kinematics_base PUBLIC
[14.208s]       ${moveit_msgs_TARGETS}
[14.208s]       moveit_core::moveit_collision_detection
[14.208s]       moveit_core::moveit_collision_detection_bullet
[14.208s]       moveit_core::moveit_collision_detection_fcl
[14.208s]       moveit_core::moveit_collision_distance_field
[14.208s]       moveit_core::moveit_constraint_samplers
[14.208s]       moveit_core::moveit_distance_field
[14.208s]       moveit_core::moveit_dynamics_solver
[14.208s]       moveit_core::moveit_exceptions
[14.208s]       moveit_core::moveit_kinematic_constraints
[14.208s]       moveit_core::moveit_kinematics_base
[14.208s]       moveit_core::moveit_kinematics_metrics
[14.208s]       moveit_core::moveit_macros
[14.209s]       moveit_core::moveit_planning_interface
[14.209s]       moveit_core::moveit_planning_scene
[14.209s]       moveit_core::moveit_robot_model
[14.209s]       moveit_core::moveit_robot_state
[14.209s]       moveit_core::moveit_robot_trajectory
[14.209s]       moveit_core::moveit_smoothing_base
[14.209s]       moveit_core::moveit_test_utils
[14.209s]       moveit_core::moveit_trajectory_processing
[14.209s]       moveit_core::moveit_transforms
[14.209s]       moveit_core::moveit_utils
[14.209s]       rclcpp::rclcpp
[14.209s]     )
[14.209s] 
[14.209s] Call Stack (most recent call first):
[14.209s]   cached_ik_kinematics_plugin/CMakeLists.txt:8 (ament_target_dependencies)
[14.210s] 
[14.210s] [0m
[14.259s] [0mCMake Deprecation Warning at /opt/ros/rolling/share/ament_cmake_target_dependencies/cmake/ament_target_dependencies.cmake:87 (message):
[14.260s]   ament_target_dependencies() is deprecated.  Use target_link_libraries()
[14.260s]   with modern CMake targets instead.  Try replacing this call with:
[14.260s] 
[14.260s]     target_link_libraries(moveit_cached_ik_kinematics_plugin PUBLIC
[14.260s]       ${moveit_msgs_TARGETS}
[14.261s]       moveit_core::moveit_collision_detection
[14.261s]       moveit_core::moveit_collision_detection_bullet
[14.261s]       moveit_core::moveit_collision_detection_fcl
[14.261s]       moveit_core::moveit_collision_distance_field
[14.261s]       moveit_core::moveit_constraint_samplers
[14.261s]       moveit_core::moveit_distance_field
[14.262s]       moveit_core::moveit_dynamics_solver
[14.262s]       moveit_core::moveit_exceptions
[14.262s]       moveit_core::moveit_kinematic_constraints
[14.262s]       moveit_core::moveit_kinematics_base
[14.262s]       moveit_core::moveit_kinematics_metrics
[14.262s]       moveit_core::moveit_macros
[14.263s]       moveit_core::moveit_planning_interface
[14.263s]       moveit_core::moveit_planning_scene
[14.263s]       moveit_core::moveit_robot_model
[14.263s]       moveit_core::moveit_robot_state
[14.267s]       moveit_core::moveit_robot_trajectory
[14.267s]       moveit_core::moveit_smoothing_base
[14.268s]       moveit_core::moveit_test_utils
[14.268s]       moveit_core::moveit_trajectory_processing
[14.268s]       moveit_core::moveit_transforms
[14.268s]       moveit_core::moveit_utils
[14.268s]       rclcpp::rclcpp
[14.268s]       rsl::rsl
[14.268s]     )
[14.269s] 
[14.269s] Call Stack (most recent call first):
[14.269s]   cached_ik_kinematics_plugin/CMakeLists.txt:30 (ament_target_dependencies)
[14.269s] 
[14.269s] [0m
[14.291s] [0mCMake Deprecation Warning at /opt/ros/rolling/share/ament_cmake_target_dependencies/cmake/ament_target_dependencies.cmake:87 (message):
[14.291s]   ament_target_dependencies() is deprecated.  Use target_link_libraries()
[14.292s]   with modern CMake targets instead.  Try replacing this call with:
[14.292s] 
[14.292s]     target_link_libraries(moveit_kdl_kinematics_plugin PUBLIC
[14.292s]       ${moveit_msgs_TARGETS}
[14.292s]       kdl_parser::kdl_parser
[14.292s]       moveit_core::moveit_collision_detection
[14.292s]       moveit_core::moveit_collision_detection_bullet
[14.293s]       moveit_core::moveit_collision_detection_fcl
[14.293s]       moveit_core::moveit_collision_distance_field
[14.293s]       moveit_core::moveit_constraint_samplers
[14.293s]       moveit_core::moveit_distance_field
[14.293s]       moveit_core::moveit_dynamics_solver
[14.293s]       moveit_core::moveit_exceptions
[14.293s]       moveit_core::moveit_kinematic_constraints
[14.294s]       moveit_core::moveit_kinematics_base
[14.294s]       moveit_core::moveit_kinematics_metrics
[14.294s]       moveit_core::moveit_macros
[14.294s]       moveit_core::moveit_planning_interface
[14.294s]       moveit_core::moveit_planning_scene
[14.294s]       moveit_core::moveit_robot_model
[14.294s]       moveit_core::moveit_robot_state
[14.295s]       moveit_core::moveit_robot_trajectory
[14.295s]       moveit_core::moveit_smoothing_base
[14.295s]       moveit_core::moveit_test_utils
[14.315s]       moveit_core::moveit_trajectory_processing
[14.315s]       moveit_core::moveit_transforms
[14.316s]       moveit_core::moveit_utils
[14.316s]       pluginlib::pluginlib
[14.316s]       random_numbers::random_numbers
[14.316s]       rclcpp::rclcpp
[14.316s]       tf2_kdl::tf2_kdl
[14.317s]     )
[14.317s] 
[14.317s] Call Stack (most recent call first):
[14.317s]   kdl_kinematics_plugin/CMakeLists.txt:9 (ament_target_dependencies)
[14.317s] 
[14.317s] [0m
[14.318s] [0mCMake Deprecation Warning at /opt/ros/rolling/share/ament_cmake_target_dependencies/cmake/ament_target_dependencies.cmake:87 (message):
[14.318s]   ament_target_dependencies() is deprecated.  Use target_link_libraries()
[14.318s]   with modern CMake targets instead.  Try replacing this call with:
[14.318s] 
[14.319s]     target_link_libraries(moveit_srv_kinematics_plugin PUBLIC
[14.319s]       ${moveit_msgs_TARGETS}
[14.323s]       moveit_core::moveit_collision_detection
[14.323s]       moveit_core::moveit_collision_detection_bullet
[14.323s]       moveit_core::moveit_collision_detection_fcl
[14.323s]       moveit_core::moveit_collision_distance_field
[14.324s]       moveit_core::moveit_constraint_samplers
[14.324s]       moveit_core::moveit_distance_field
[14.324s]       moveit_core::moveit_dynamics_solver
[14.324s]       moveit_core::moveit_exceptions
[14.324s]       moveit_core::moveit_kinematic_constraints
[14.324s]       moveit_core::moveit_kinematics_base
[14.324s]       moveit_core::moveit_kinematics_metrics
[14.324s]       moveit_core::moveit_macros
[14.324s]       moveit_core::moveit_planning_interface
[14.324s]       moveit_core::moveit_planning_scene
[14.324s]       moveit_core::moveit_robot_model
[14.324s]       moveit_core::moveit_robot_state
[14.324s]       moveit_core::moveit_robot_trajectory
[14.325s]       moveit_core::moveit_smoothing_base
[14.325s]       moveit_core::moveit_test_utils
[14.325s]       moveit_core::moveit_trajectory_processing
[14.325s]       moveit_core::moveit_transforms
[14.325s]       moveit_core::moveit_utils
[14.325s]       rclcpp::rclcpp
[14.325s]     )
[14.325s] 
[14.326s] Call Stack (most recent call first):
[14.326s]   srv_kinematics_plugin/CMakeLists.txt:10 (ament_target_dependencies)
[14.326s] 
[14.326s] [0m
[14.363s] -- Found ament_cmake_gtest: 2.8.4 (/opt/ros/rolling/share/ament_cmake_gtest/cmake)
[14.374s] -- Found ros_testing: 0.9.1 (/opt/ros/rolling/share/ros_testing/cmake)
[14.407s] -- Found launch_testing_ament_cmake: 3.9.2 (/opt/ros/rolling/share/launch_testing_ament_cmake/cmake)
[14.427s] -- Found moveit_resources_fanuc_description: 3.1.1 (/opt/ros/rolling/share/moveit_resources_fanuc_description/cmake)
[14.460s] -- Found moveit_resources_fanuc_moveit_config: 3.1.1 (/opt/ros/rolling/share/moveit_resources_fanuc_moveit_config/cmake)
[14.482s] -- Found moveit_resources_panda_description: 3.1.1 (/opt/ros/rolling/share/moveit_resources_panda_description/cmake)
[14.511s] -- Found moveit_resources_panda_moveit_config: 3.1.1 (/opt/ros/rolling/share/moveit_resources_panda_moveit_config/cmake)
[14.541s] -- Found gtest sources under '/opt/ros/rolling/src/gtest_vendor': C++ tests using 'Google Test' will be built
[15.074s] -- The C compiler identification is GNU 13.3.0
[16.287s] -- Detecting C compiler ABI info
[17.717s] -- Detecting C compiler ABI info - done
[17.810s] -- Check for working C compiler: /usr/bin/cc - skipped
[17.810s] -- Detecting C compile features
[17.827s] -- Detecting C compile features - done
[17.836s] -- Found Threads: TRUE  
[17.847s] [0mCMake Deprecation Warning at /opt/ros/rolling/share/ament_cmake_target_dependencies/cmake/ament_target_dependencies.cmake:87 (message):
[17.847s]   ament_target_dependencies() is deprecated.  Use target_link_libraries()
[17.848s]   with modern CMake targets instead.  Try replacing this call with:
[17.848s] 
[17.848s]     target_link_libraries(test_kinematics_plugin PUBLIC
[17.848s]       moveit_ros_planning::default_request_adapter_parameters
[17.848s]       moveit_ros_planning::default_response_adapter_parameters
[17.848s]       moveit_ros_planning::kinematics_parameters
[17.849s]       moveit_ros_planning::moveit_collision_plugin_loader
[17.849s]       moveit_ros_planning::moveit_constraint_sampler_manager_loader
[17.849s]       moveit_ros_planning::moveit_cpp
[17.849s]       moveit_ros_planning::moveit_kinematics_plugin_loader
[17.849s]       moveit_ros_planning::moveit_plan_execution
[17.849s]       moveit_ros_planning::moveit_planning_pipeline
[17.849s]       moveit_ros_planning::moveit_planning_pipeline_interfaces
[17.850s]       moveit_ros_planning::moveit_planning_scene_monitor
[17.850s]       moveit_ros_planning::moveit_rdf_loader
[17.850s]       moveit_ros_planning::moveit_robot_model_loader
[17.850s]       moveit_ros_planning::moveit_trajectory_execution_manager
[17.850s]       moveit_ros_planning::planning_pipeline_parameters
[17.850s]       moveit_ros_planning::srdf_publisher_node
[17.850s]       pluginlib::pluginlib
[17.851s]     )
[17.851s] 
[17.851s] Call Stack (most recent call first):
[17.859s]   test/CMakeLists.txt:11 (ament_target_dependencies)
[17.859s] 
[17.860s] [0m
[17.903s] [0mCMake Deprecation Warning at /opt/ros/rolling/share/ament_cmake_target_dependencies/cmake/ament_target_dependencies.cmake:87 (message):
[17.904s]   ament_target_dependencies() is deprecated.  Use target_link_libraries()
[17.911s]   with modern CMake targets instead.  Try replacing this call with:
[17.911s] 
[17.912s]     target_link_libraries(benchmark_ik PUBLIC
[17.912s]       moveit_core::moveit_collision_detection
[17.912s]       moveit_core::moveit_collision_detection_bullet
[17.912s]       moveit_core::moveit_collision_detection_fcl
[17.913s]       moveit_core::moveit_collision_distance_field
[17.913s]       moveit_core::moveit_constraint_samplers
[17.913s]       moveit_core::moveit_distance_field
[17.913s]       moveit_core::moveit_dynamics_solver
[17.913s]       moveit_core::moveit_exceptions
[17.913s]       moveit_core::moveit_kinematic_constraints
[17.913s]       moveit_core::moveit_kinematics_base
[17.914s]       moveit_core::moveit_kinematics_metrics
[17.914s]       moveit_core::moveit_macros
[17.914s]       moveit_core::moveit_planning_interface
[17.914s]       moveit_core::moveit_planning_scene
[17.914s]       moveit_core::moveit_robot_model
[17.915s]       moveit_core::moveit_robot_state
[17.915s]       moveit_core::moveit_robot_trajectory
[17.915s]       moveit_core::moveit_smoothing_base
[17.923s]       moveit_core::moveit_test_utils
[17.923s]       moveit_core::moveit_trajectory_processing
[17.924s]       moveit_core::moveit_transforms
[17.924s]       moveit_core::moveit_utils
[17.924s]       moveit_ros_planning::default_request_adapter_parameters
[17.924s]       moveit_ros_planning::default_response_adapter_parameters
[17.924s]       moveit_ros_planning::kinematics_parameters
[17.924s]       moveit_ros_planning::moveit_collision_plugin_loader
[17.924s]       moveit_ros_planning::moveit_constraint_sampler_manager_loader
[17.925s]       moveit_ros_planning::moveit_cpp
[17.925s]       moveit_ros_planning::moveit_kinematics_plugin_loader
[17.925s]       moveit_ros_planning::moveit_plan_execution
[17.925s]       moveit_ros_planning::moveit_planning_pipeline
[17.925s]       moveit_ros_planning::moveit_planning_pipeline_interfaces
[17.925s]       moveit_ros_planning::moveit_planning_scene_monitor
[17.926s]       moveit_ros_planning::moveit_rdf_loader
[17.926s]       moveit_ros_planning::moveit_robot_model_loader
[17.926s]       moveit_ros_planning::moveit_trajectory_execution_manager
[17.926s]       moveit_ros_planning::planning_pipeline_parameters
[17.926s]       moveit_ros_planning::srdf_publisher_node
[17.926s]       rclcpp::rclcpp
[17.926s]     )
[17.927s] 
[17.927s] Call Stack (most recent call first):
[17.927s]   test/CMakeLists.txt:47 (ament_target_dependencies)
[17.939s] 
[17.939s] [0m
[18.062s] -- Configuring done (17.3s)
[19.271s] -- Generating done (0.9s)
[19.479s] -- Build files have been written to: /home/fabian/moveit2/build/moveit_kinematics
[19.713s] Invoked command in '/home/fabian/moveit2/build/moveit_kinematics' returned '0': AMENT_PREFIX_PATH=/home/fabian/moveit2/install/moveit_ros_planning:/home/fabian/moveit2/install/moveit_ros_occupancy_map_monitor:/home/fabian/moveit2/install/moveit_core:/home/fabian/moveit2/install/moveit_configs_utils:/home/fabian/moveit2/install/moveit_common:${AMENT_PREFIX_PATH} CMAKE_PREFIX_PATH=/home/fabian/moveit2/install/moveit_ros_planning:/home/fabian/moveit2/install/moveit_ros_occupancy_map_monitor:/home/fabian/moveit2/install/moveit_core:/home/fabian/moveit2/install/moveit_common:/home/fabian/yb_support/ros_odrive/install/odrive_ros2_control:/home/fabian/yb_support/ros_odrive/install/odrive_can:/home/fabian/yb_support/slam_toolbox/install/slam_toolbox:/home/fabian/yb_support/my_msgs/install/my_msgs:/home/fabian/yb_support/pointcloud_to_laserscan/install/pointcloud_to_laserscan:/home/fabian/yb_support/mecanum_drive_controller/install/mecanum_drive_controller:/home/fabian/ros2_ws/install/ros2_control_demo_example_2:/home/fabian/ros2_ws/install/ros2_control_demo_description:/home/fabian/yahboom_rosmaster/install/yahboom_rosmaster:/home/fabian/yahboom_rosmaster/install/yahboom_rosmaster_system_tests:/home/fabian/yahboom_rosmaster/install/yahboom_rosmaster_navigation:/home/fabian/yahboom_rosmaster/install/yahboom_rosmaster_msgs:/home/fabian/yahboom_rosmaster/install/yahboom_rosmaster_localization:/home/fabian/yahboom_rosmaster/install/yahboom_rosmaster_gazebo:/home/fabian/yahboom_rosmaster/install/yahboom_rosmaster_docking:/home/fabian/yahboom_rosmaster/install/yahboom_rosmaster_description:/home/fabian/yahboom_rosmaster/install/yahboom_rosmaster_bringup:/home/fabian/yahboom_rosmaster/install/mecanum_drive_controller:/home/fabian/cartesian_controllers/install/cartesian_compliance_controller:/home/fabian/cartesian_controllers/install/cartesian_motion_controller:/home/fabian/cartesian_controllers/install/cartesian_force_controller:/home/fabian/cartesian_controllers/install/cartesian_controller_utilities:/home/fabian/youbot_ws/install/youbot:/home/fabian/yb_support/urdf_parser_py/install/urdfdom_py:/home/fabian/yb_support/twist_stamper/install/twist_stamper:/home/fabian/yb_support/kdl_parser_py/install/kdl_parser_py:/opt/ros/rolling:/home/fabian/cartesian_controllers/install/cartesian_controller_tests:/home/fabian/cartesian_controllers/install/cartesian_controller_simulation:/home/fabian/cartesian_controllers/install/cartesian_controller_handles:/home/fabian/cartesian_controllers/install/cartesian_controller_base:/home/fabian/ros2_control_demos/example_7/install/ros2_control_demo_example_7:/home/fabian/yb_support/unilidar_sdk2/install/unitree_lidar_ros2:/home/fabian/fixslam/install/geometry_msgs:/home/fabian/fixslam/install/std_msgs:/opt/ros/rolling/opt/gz_sim_vendor:/opt/ros/rolling/opt/gz_sensors_vendor:/opt/ros/rolling/opt/gz_physics_vendor:/opt/ros/rolling/opt/sdformat_vendor:/opt/ros/rolling/opt/gz_gui_vendor:/opt/ros/rolling/opt/gz_transport_vendor:/opt/ros/rolling/opt/gz_rendering_vendor:/opt/ros/rolling/opt/gz_plugin_vendor:/opt/ros/rolling/opt/gz_fuel_tools_vendor:/opt/ros/rolling/opt/gz_msgs_vendor:/opt/ros/rolling/opt/gz_common_vendor:/opt/ros/rolling/opt/gz_math_vendor:/opt/ros/rolling/opt/gz_utils_vendor:/opt/ros/rolling/opt/gz_tools_vendor:/opt/ros/rolling/opt/gz_ogre_next_vendor:/opt/ros/rolling/opt/gz_dartsim_vendor:/opt/ros/rolling/opt/gz_cmake_vendor DEBUGINFOD_URLS=https://debuginfod.ubuntu.com LD_LIBRARY_PATH=/home/fabian/moveit2/install/moveit_ros_planning/lib:/home/fabian/moveit2/install/moveit_ros_occupancy_map_monitor/lib:/home/fabian/moveit2/install/moveit_core/lib:${LD_LIBRARY_PATH} PATH=/home/fabian/moveit2/install/moveit_core/bin:${PATH} PYTHONPATH=/home/fabian/moveit2/install/moveit_configs_utils/lib/python3.12/site-packages:${PYTHONPATH} /usr/bin/cmake /home/fabian/moveit2/moveit_kinematics -DCMAKE_INSTALL_PREFIX=/home/fabian/moveit2/install/moveit_kinematics
[19.714s] Invoking command in '/home/fabian/moveit2/build/moveit_kinematics': AMENT_PREFIX_PATH=/home/fabian/moveit2/install/moveit_ros_planning:/home/fabian/moveit2/install/moveit_ros_occupancy_map_monitor:/home/fabian/moveit2/install/moveit_core:/home/fabian/moveit2/install/moveit_configs_utils:/home/fabian/moveit2/install/moveit_common:${AMENT_PREFIX_PATH} CMAKE_PREFIX_PATH=/home/fabian/moveit2/install/moveit_ros_planning:/home/fabian/moveit2/install/moveit_ros_occupancy_map_monitor:/home/fabian/moveit2/install/moveit_core:/home/fabian/moveit2/install/moveit_common:/home/fabian/yb_support/ros_odrive/install/odrive_ros2_control:/home/fabian/yb_support/ros_odrive/install/odrive_can:/home/fabian/yb_support/slam_toolbox/install/slam_toolbox:/home/fabian/yb_support/my_msgs/install/my_msgs:/home/fabian/yb_support/pointcloud_to_laserscan/install/pointcloud_to_laserscan:/home/fabian/yb_support/mecanum_drive_controller/install/mecanum_drive_controller:/home/fabian/ros2_ws/install/ros2_control_demo_example_2:/home/fabian/ros2_ws/install/ros2_control_demo_description:/home/fabian/yahboom_rosmaster/install/yahboom_rosmaster:/home/fabian/yahboom_rosmaster/install/yahboom_rosmaster_system_tests:/home/fabian/yahboom_rosmaster/install/yahboom_rosmaster_navigation:/home/fabian/yahboom_rosmaster/install/yahboom_rosmaster_msgs:/home/fabian/yahboom_rosmaster/install/yahboom_rosmaster_localization:/home/fabian/yahboom_rosmaster/install/yahboom_rosmaster_gazebo:/home/fabian/yahboom_rosmaster/install/yahboom_rosmaster_docking:/home/fabian/yahboom_rosmaster/install/yahboom_rosmaster_description:/home/fabian/yahboom_rosmaster/install/yahboom_rosmaster_bringup:/home/fabian/yahboom_rosmaster/install/mecanum_drive_controller:/home/fabian/cartesian_controllers/install/cartesian_compliance_controller:/home/fabian/cartesian_controllers/install/cartesian_motion_controller:/home/fabian/cartesian_controllers/install/cartesian_force_controller:/home/fabian/cartesian_controllers/install/cartesian_controller_utilities:/home/fabian/youbot_ws/install/youbot:/home/fabian/yb_support/urdf_parser_py/install/urdfdom_py:/home/fabian/yb_support/twist_stamper/install/twist_stamper:/home/fabian/yb_support/kdl_parser_py/install/kdl_parser_py:/opt/ros/rolling:/home/fabian/cartesian_controllers/install/cartesian_controller_tests:/home/fabian/cartesian_controllers/install/cartesian_controller_simulation:/home/fabian/cartesian_controllers/install/cartesian_controller_handles:/home/fabian/cartesian_controllers/install/cartesian_controller_base:/home/fabian/ros2_control_demos/example_7/install/ros2_control_demo_example_7:/home/fabian/yb_support/unilidar_sdk2/install/unitree_lidar_ros2:/home/fabian/fixslam/install/geometry_msgs:/home/fabian/fixslam/install/std_msgs:/opt/ros/rolling/opt/gz_sim_vendor:/opt/ros/rolling/opt/gz_sensors_vendor:/opt/ros/rolling/opt/gz_physics_vendor:/opt/ros/rolling/opt/sdformat_vendor:/opt/ros/rolling/opt/gz_gui_vendor:/opt/ros/rolling/opt/gz_transport_vendor:/opt/ros/rolling/opt/gz_rendering_vendor:/opt/ros/rolling/opt/gz_plugin_vendor:/opt/ros/rolling/opt/gz_fuel_tools_vendor:/opt/ros/rolling/opt/gz_msgs_vendor:/opt/ros/rolling/opt/gz_common_vendor:/opt/ros/rolling/opt/gz_math_vendor:/opt/ros/rolling/opt/gz_utils_vendor:/opt/ros/rolling/opt/gz_tools_vendor:/opt/ros/rolling/opt/gz_ogre_next_vendor:/opt/ros/rolling/opt/gz_dartsim_vendor:/opt/ros/rolling/opt/gz_cmake_vendor DEBUGINFOD_URLS=https://debuginfod.ubuntu.com LD_LIBRARY_PATH=/home/fabian/moveit2/install/moveit_ros_planning/lib:/home/fabian/moveit2/install/moveit_ros_occupancy_map_monitor/lib:/home/fabian/moveit2/install/moveit_core/lib:${LD_LIBRARY_PATH} PATH=/home/fabian/moveit2/install/moveit_core/bin:${PATH} PYTHONPATH=/home/fabian/moveit2/install/moveit_configs_utils/lib/python3.12/site-packages:${PYTHONPATH} /usr/bin/cmake --build /home/fabian/moveit2/build/moveit_kinematics -- -j7 -l7
[20.290s] [  4%] [34m[1mRunning `/opt/ros/rolling/bin/generate_parameter_library_cpp /home/fabian/moveit2/build/moveit_kinematics/kdl_kinematics_plugin/include/moveit_kinematics/kdl_kinematics_parameters.hpp /home/fabian/moveit2/moveit_kinematics/kdl_kinematics_plugin/src/kdl_kinematics_parameters.yaml `[0m
[20.315s] [  8%] [34m[1mRunning `/opt/ros/rolling/bin/generate_parameter_library_cpp /home/fabian/moveit2/build/moveit_kinematics/srv_kinematics_plugin/include/moveit_kinematics/srv_kinematics_parameters.hpp /home/fabian/moveit2/moveit_kinematics/srv_kinematics_plugin/src/srv_kinematics_parameters.yaml `[0m
[20.328s] [ 13%] [34m[1mRunning `/opt/ros/rolling/bin/generate_parameter_library_cpp /home/fabian/moveit2/build/moveit_kinematics/cached_ik_kinematics_plugin/include/moveit_kinematics/cached_ik_kinematics_parameters.hpp /home/fabian/moveit2/moveit_kinematics/cached_ik_kinematics_plugin/include/moveit/cached_ik_kinematics_plugin/cached_ik_kinematics_parameters.yaml `[0m
[25.496s] [ 17%] [34m[1mCreating deprecated header file /home/fabian/moveit2/build/moveit_kinematics/srv_kinematics_plugin/include/srv_kinematics_parameters.hpp[0m
[25.633s] [ 17%] Built target srv_kinematics_parameters
[26.077s] [ 21%] [34m[1mCreating deprecated header file /home/fabian/moveit2/build/moveit_kinematics/kdl_kinematics_plugin/include/kdl_kinematics_parameters.hpp[0m
[26.238s] [ 21%] Built target kdl_kinematics_parameters
[26.538s] [ 26%] [34m[1mCreating deprecated header file /home/fabian/moveit2/build/moveit_kinematics/cached_ik_kinematics_plugin/include/cached_ik_kinematics_parameters.hpp[0m
[26.732s] [ 26%] Built target cached_ik_kinematics_parameters
[26.914s] [ 30%] [32mBuilding CXX object kdl_kinematics_plugin/CMakeFiles/moveit_kdl_kinematics_plugin.dir/src/kdl_kinematics_plugin.cpp.o[0m
[73.862s] [ 34%] [32mBuilding CXX object kdl_kinematics_plugin/CMakeFiles/moveit_kdl_kinematics_plugin.dir/src/chainiksolver_vel_mimic_svd.cpp.o[0m
[90.015s] [ 39%] [32m[1mLinking CXX shared library libmoveit_kdl_kinematics_plugin.so[0m
[90.629s] [ 39%] Built target moveit_kdl_kinematics_plugin
[90.708s] [ 43%] [32mBuilding CXX object cached_ik_kinematics_plugin/CMakeFiles/moveit_cached_ik_kinematics_base.dir/src/ik_cache.cpp.o[0m
[108.283s] [ 47%] [32m[1mLinking CXX shared library libmoveit_cached_ik_kinematics_base.so[0m
[108.862s] [ 47%] Built target moveit_cached_ik_kinematics_base
[108.927s] [ 52%] [32mBuilding CXX object srv_kinematics_plugin/CMakeFiles/moveit_srv_kinematics_plugin.dir/src/srv_kinematics_plugin.cpp.o[0m
[124.485s] [ 56%] [32m[1mLinking CXX shared library libmoveit_srv_kinematics_plugin.so[0m
[125.036s] [ 56%] Built target moveit_srv_kinematics_plugin
[125.104s] [ 60%] [32mBuilding CXX object test/CMakeFiles/benchmark_ik.dir/benchmark_ik.cpp.o[0m
[144.507s] [ 65%] [32m[1mLinking CXX executable benchmark_ik[0m
[145.831s] [ 65%] Built target benchmark_ik
[145.954s] [ 69%] [32mBuilding CXX object cached_ik_kinematics_plugin/CMakeFiles/moveit_cached_ik_kinematics_plugin.dir/src/cached_ik_kinematics_plugin.cpp.o[0m
[164.146s] [ 73%] [32m[1mLinking CXX shared library libmoveit_cached_ik_kinematics_plugin.so[0m
[164.779s] [ 73%] Built target moveit_cached_ik_kinematics_plugin
[164.848s] [ 78%] [32mBuilding CXX object gtest/CMakeFiles/gtest.dir/src/gtest-all.cc.o[0m
[180.546s] [ 82%] [32m[1mLinking CXX static library libgtest.a[0m
[180.643s] [ 82%] Built target gtest
[180.699s] [ 86%] [32mBuilding CXX object gtest/CMakeFiles/gtest_main.dir/src/gtest_main.cc.o[0m
[182.426s] [ 91%] [32m[1mLinking CXX static library libgtest_main.a[0m
[182.526s] [ 91%] Built target gtest_main
[182.599s] [ 95%] [32mBuilding CXX object test/CMakeFiles/test_kinematics_plugin.dir/test_kinematics_plugin.cpp.o[0m
[219.572s] [100%] [32m[1mLinking CXX executable test_kinematics_plugin[0m
[221.280s] [100%] Built target test_kinematics_plugin
[221.351s] Invoked command in '/home/fabian/moveit2/build/moveit_kinematics' returned '0': AMENT_PREFIX_PATH=/home/fabian/moveit2/install/moveit_ros_planning:/home/fabian/moveit2/install/moveit_ros_occupancy_map_monitor:/home/fabian/moveit2/install/moveit_core:/home/fabian/moveit2/install/moveit_configs_utils:/home/fabian/moveit2/install/moveit_common:${AMENT_PREFIX_PATH} CMAKE_PREFIX_PATH=/home/fabian/moveit2/install/moveit_ros_planning:/home/fabian/moveit2/install/moveit_ros_occupancy_map_monitor:/home/fabian/moveit2/install/moveit_core:/home/fabian/moveit2/install/moveit_common:/home/fabian/yb_support/ros_odrive/install/odrive_ros2_control:/home/fabian/yb_support/ros_odrive/install/odrive_can:/home/fabian/yb_support/slam_toolbox/install/slam_toolbox:/home/fabian/yb_support/my_msgs/install/my_msgs:/home/fabian/yb_support/pointcloud_to_laserscan/install/pointcloud_to_laserscan:/home/fabian/yb_support/mecanum_drive_controller/install/mecanum_drive_controller:/home/fabian/ros2_ws/install/ros2_control_demo_example_2:/home/fabian/ros2_ws/install/ros2_control_demo_description:/home/fabian/yahboom_rosmaster/install/yahboom_rosmaster:/home/fabian/yahboom_rosmaster/install/yahboom_rosmaster_system_tests:/home/fabian/yahboom_rosmaster/install/yahboom_rosmaster_navigation:/home/fabian/yahboom_rosmaster/install/yahboom_rosmaster_msgs:/home/fabian/yahboom_rosmaster/install/yahboom_rosmaster_localization:/home/fabian/yahboom_rosmaster/install/yahboom_rosmaster_gazebo:/home/fabian/yahboom_rosmaster/install/yahboom_rosmaster_docking:/home/fabian/yahboom_rosmaster/install/yahboom_rosmaster_description:/home/fabian/yahboom_rosmaster/install/yahboom_rosmaster_bringup:/home/fabian/yahboom_rosmaster/install/mecanum_drive_controller:/home/fabian/cartesian_controllers/install/cartesian_compliance_controller:/home/fabian/cartesian_controllers/install/cartesian_motion_controller:/home/fabian/cartesian_controllers/install/cartesian_force_controller:/home/fabian/cartesian_controllers/install/cartesian_controller_utilities:/home/fabian/youbot_ws/install/youbot:/home/fabian/yb_support/urdf_parser_py/install/urdfdom_py:/home/fabian/yb_support/twist_stamper/install/twist_stamper:/home/fabian/yb_support/kdl_parser_py/install/kdl_parser_py:/opt/ros/rolling:/home/fabian/cartesian_controllers/install/cartesian_controller_tests:/home/fabian/cartesian_controllers/install/cartesian_controller_simulation:/home/fabian/cartesian_controllers/install/cartesian_controller_handles:/home/fabian/cartesian_controllers/install/cartesian_controller_base:/home/fabian/ros2_control_demos/example_7/install/ros2_control_demo_example_7:/home/fabian/yb_support/unilidar_sdk2/install/unitree_lidar_ros2:/home/fabian/fixslam/install/geometry_msgs:/home/fabian/fixslam/install/std_msgs:/opt/ros/rolling/opt/gz_sim_vendor:/opt/ros/rolling/opt/gz_sensors_vendor:/opt/ros/rolling/opt/gz_physics_vendor:/opt/ros/rolling/opt/sdformat_vendor:/opt/ros/rolling/opt/gz_gui_vendor:/opt/ros/rolling/opt/gz_transport_vendor:/opt/ros/rolling/opt/gz_rendering_vendor:/opt/ros/rolling/opt/gz_plugin_vendor:/opt/ros/rolling/opt/gz_fuel_tools_vendor:/opt/ros/rolling/opt/gz_msgs_vendor:/opt/ros/rolling/opt/gz_common_vendor:/opt/ros/rolling/opt/gz_math_vendor:/opt/ros/rolling/opt/gz_utils_vendor:/opt/ros/rolling/opt/gz_tools_vendor:/opt/ros/rolling/opt/gz_ogre_next_vendor:/opt/ros/rolling/opt/gz_dartsim_vendor:/opt/ros/rolling/opt/gz_cmake_vendor DEBUGINFOD_URLS=https://debuginfod.ubuntu.com LD_LIBRARY_PATH=/home/fabian/moveit2/install/moveit_ros_planning/lib:/home/fabian/moveit2/install/moveit_ros_occupancy_map_monitor/lib:/home/fabian/moveit2/install/moveit_core/lib:${LD_LIBRARY_PATH} PATH=/home/fabian/moveit2/install/moveit_core/bin:${PATH} PYTHONPATH=/home/fabian/moveit2/install/moveit_configs_utils/lib/python3.12/site-packages:${PYTHONPATH} /usr/bin/cmake --build /home/fabian/moveit2/build/moveit_kinematics -- -j7 -l7
[221.353s] Invoking command in '/home/fabian/moveit2/build/moveit_kinematics': AMENT_PREFIX_PATH=/home/fabian/moveit2/install/moveit_ros_planning:/home/fabian/moveit2/install/moveit_ros_occupancy_map_monitor:/home/fabian/moveit2/install/moveit_core:/home/fabian/moveit2/install/moveit_configs_utils:/home/fabian/moveit2/install/moveit_common:${AMENT_PREFIX_PATH} CMAKE_PREFIX_PATH=/home/fabian/moveit2/install/moveit_ros_planning:/home/fabian/moveit2/install/moveit_ros_occupancy_map_monitor:/home/fabian/moveit2/install/moveit_core:/home/fabian/moveit2/install/moveit_common:/home/fabian/yb_support/ros_odrive/install/odrive_ros2_control:/home/fabian/yb_support/ros_odrive/install/odrive_can:/home/fabian/yb_support/slam_toolbox/install/slam_toolbox:/home/fabian/yb_support/my_msgs/install/my_msgs:/home/fabian/yb_support/pointcloud_to_laserscan/install/pointcloud_to_laserscan:/home/fabian/yb_support/mecanum_drive_controller/install/mecanum_drive_controller:/home/fabian/ros2_ws/install/ros2_control_demo_example_2:/home/fabian/ros2_ws/install/ros2_control_demo_description:/home/fabian/yahboom_rosmaster/install/yahboom_rosmaster:/home/fabian/yahboom_rosmaster/install/yahboom_rosmaster_system_tests:/home/fabian/yahboom_rosmaster/install/yahboom_rosmaster_navigation:/home/fabian/yahboom_rosmaster/install/yahboom_rosmaster_msgs:/home/fabian/yahboom_rosmaster/install/yahboom_rosmaster_localization:/home/fabian/yahboom_rosmaster/install/yahboom_rosmaster_gazebo:/home/fabian/yahboom_rosmaster/install/yahboom_rosmaster_docking:/home/fabian/yahboom_rosmaster/install/yahboom_rosmaster_description:/home/fabian/yahboom_rosmaster/install/yahboom_rosmaster_bringup:/home/fabian/yahboom_rosmaster/install/mecanum_drive_controller:/home/fabian/cartesian_controllers/install/cartesian_compliance_controller:/home/fabian/cartesian_controllers/install/cartesian_motion_controller:/home/fabian/cartesian_controllers/install/cartesian_force_controller:/home/fabian/cartesian_controllers/install/cartesian_controller_utilities:/home/fabian/youbot_ws/install/youbot:/home/fabian/yb_support/urdf_parser_py/install/urdfdom_py:/home/fabian/yb_support/twist_stamper/install/twist_stamper:/home/fabian/yb_support/kdl_parser_py/install/kdl_parser_py:/opt/ros/rolling:/home/fabian/cartesian_controllers/install/cartesian_controller_tests:/home/fabian/cartesian_controllers/install/cartesian_controller_simulation:/home/fabian/cartesian_controllers/install/cartesian_controller_handles:/home/fabian/cartesian_controllers/install/cartesian_controller_base:/home/fabian/ros2_control_demos/example_7/install/ros2_control_demo_example_7:/home/fabian/yb_support/unilidar_sdk2/install/unitree_lidar_ros2:/home/fabian/fixslam/install/geometry_msgs:/home/fabian/fixslam/install/std_msgs:/opt/ros/rolling/opt/gz_sim_vendor:/opt/ros/rolling/opt/gz_sensors_vendor:/opt/ros/rolling/opt/gz_physics_vendor:/opt/ros/rolling/opt/sdformat_vendor:/opt/ros/rolling/opt/gz_gui_vendor:/opt/ros/rolling/opt/gz_transport_vendor:/opt/ros/rolling/opt/gz_rendering_vendor:/opt/ros/rolling/opt/gz_plugin_vendor:/opt/ros/rolling/opt/gz_fuel_tools_vendor:/opt/ros/rolling/opt/gz_msgs_vendor:/opt/ros/rolling/opt/gz_common_vendor:/opt/ros/rolling/opt/gz_math_vendor:/opt/ros/rolling/opt/gz_utils_vendor:/opt/ros/rolling/opt/gz_tools_vendor:/opt/ros/rolling/opt/gz_ogre_next_vendor:/opt/ros/rolling/opt/gz_dartsim_vendor:/opt/ros/rolling/opt/gz_cmake_vendor DEBUGINFOD_URLS=https://debuginfod.ubuntu.com LD_LIBRARY_PATH=/home/fabian/moveit2/install/moveit_ros_planning/lib:/home/fabian/moveit2/install/moveit_ros_occupancy_map_monitor/lib:/home/fabian/moveit2/install/moveit_core/lib:${LD_LIBRARY_PATH} PATH=/home/fabian/moveit2/install/moveit_core/bin:${PATH} PYTHONPATH=/home/fabian/moveit2/install/moveit_configs_utils/lib/python3.12/site-packages:${PYTHONPATH} /usr/bin/cmake --install /home/fabian/moveit2/build/moveit_kinematics
[221.418s] -- Install configuration: "Release"
[221.427s] -- Installing: /home/fabian/moveit2/install/moveit_kinematics/share/moveit_kinematics/kdl_kinematics_plugin_description.xml
[221.428s] -- Installing: /home/fabian/moveit2/install/moveit_kinematics/share/moveit_kinematics/srv_kinematics_plugin_description.xml
[221.428s] -- Installing: /home/fabian/moveit2/install/moveit_kinematics/share/moveit_kinematics/cached_ik_kinematics_plugin_description.xml
[221.428s] -- Installing: /home/fabian/moveit2/install/moveit_kinematics/include/moveit_kinematics
[221.431s] -- Installing: /home/fabian/moveit2/install/moveit_kinematics/include/moveit_kinematics/cached_ik_kinematics_parameters.hpp
[221.434s] -- Up-to-date: /home/fabian/moveit2/install/moveit_kinematics/include/moveit_kinematics
[221.434s] -- Installing: /home/fabian/moveit2/install/moveit_kinematics/include/moveit_kinematics/moveit
[221.437s] -- Installing: /home/fabian/moveit2/install/moveit_kinematics/include/moveit_kinematics/moveit/cached_ik_kinematics_plugin
[221.441s] -- Installing: /home/fabian/moveit2/install/moveit_kinematics/include/moveit_kinematics/moveit/cached_ik_kinematics_plugin/cached_ik_kinematics_plugin-inl.h
[221.441s] -- Installing: /home/fabian/moveit2/install/moveit_kinematics/include/moveit_kinematics/moveit/cached_ik_kinematics_plugin/cached_ik_kinematics_parameters.yaml
[221.443s] -- Installing: /home/fabian/moveit2/install/moveit_kinematics/include/moveit_kinematics/moveit/cached_ik_kinematics_plugin/cached_ik_kinematics_plugin-inl.hpp
[221.444s] -- Installing: /home/fabian/moveit2/install/moveit_kinematics/include/moveit_kinematics/moveit/cached_ik_kinematics_plugin/detail
[221.444s] -- Installing: /home/fabian/moveit2/install/moveit_kinematics/include/moveit_kinematics/moveit/cached_ik_kinematics_plugin/detail/GreedyKCenters.h
[221.444s] -- Installing: /home/fabian/moveit2/install/moveit_kinematics/include/moveit_kinematics/moveit/cached_ik_kinematics_plugin/detail/GreedyKCenters.hpp
[221.448s] -- Installing: /home/fabian/moveit2/install/moveit_kinematics/include/moveit_kinematics/moveit/cached_ik_kinematics_plugin/detail/NearestNeighborsGNAT.h
[221.448s] -- Installing: /home/fabian/moveit2/install/moveit_kinematics/include/moveit_kinematics/moveit/cached_ik_kinematics_plugin/detail/NearestNeighborsGNAT.hpp
[221.448s] -- Installing: /home/fabian/moveit2/install/moveit_kinematics/include/moveit_kinematics/moveit/cached_ik_kinematics_plugin/detail/NearestNeighbors.h
[221.460s] -- Installing: /home/fabian/moveit2/install/moveit_kinematics/include/moveit_kinematics/moveit/cached_ik_kinematics_plugin/detail/NearestNeighbors.hpp
[221.464s] -- Installing: /home/fabian/moveit2/install/moveit_kinematics/include/moveit_kinematics/moveit/cached_ik_kinematics_plugin/cached_ik_kinematics_plugin.hpp
[221.464s] -- Installing: /home/fabian/moveit2/install/moveit_kinematics/include/moveit_kinematics/moveit/cached_ik_kinematics_plugin/cached_ik_kinematics_plugin.h
[221.465s] -- Installing: /home/fabian/moveit2/install/moveit_kinematics/share/moveit_kinematics/launch
[221.465s] -- Installing: /home/fabian/moveit2/install/moveit_kinematics/share/moveit_kinematics/launch/measure_ik_call_cost.launch
[221.465s] -- Installing: /home/fabian/moveit2/install/moveit_kinematics/lib/moveit_kinematics/auto_create_ikfast_moveit_plugin.sh
[221.465s] -- Installing: /home/fabian/moveit2/install/moveit_kinematics/lib/moveit_kinematics/create_ikfast_moveit_plugin.py
[221.465s] -- Installing: /home/fabian/moveit2/install/moveit_kinematics/lib/moveit_kinematics/round_collada_numbers.py
[221.471s] -- Installing: /home/fabian/moveit2/install/moveit_kinematics/share/moveit_kinematics/ikfast_kinematics_plugin/templates
[221.476s] -- Installing: /home/fabian/moveit2/install/moveit_kinematics/share/moveit_kinematics/ikfast_kinematics_plugin/templates/CMakeLists.txt
[221.476s] -- Installing: /home/fabian/moveit2/install/moveit_kinematics/share/moveit_kinematics/ikfast_kinematics_plugin/templates/ikfast_kinematics_parameters.yaml
[221.477s] -- Installing: /home/fabian/moveit2/install/moveit_kinematics/share/moveit_kinematics/ikfast_kinematics_plugin/templates/ikfast.h
[221.477s] -- Installing: /home/fabian/moveit2/install/moveit_kinematics/share/moveit_kinematics/ikfast_kinematics_plugin/templates/ikfast61_moveit_plugin_template.cpp
[221.477s] -- Up-to-date: /home/fabian/moveit2/install/moveit_kinematics/include/moveit_kinematics
[221.478s] -- Installing: /home/fabian/moveit2/install/moveit_kinematics/include/moveit_kinematics/kdl_kinematics_parameters.hpp
[221.478s] -- Up-to-date: /home/fabian/moveit2/install/moveit_kinematics/include/moveit_kinematics
[221.478s] -- Up-to-date: /home/fabian/moveit2/install/moveit_kinematics/include/moveit_kinematics/moveit
[221.478s] -- Installing: /home/fabian/moveit2/install/moveit_kinematics/include/moveit_kinematics/moveit/kdl_kinematics_plugin
[221.480s] -- Installing: /home/fabian/moveit2/install/moveit_kinematics/include/moveit_kinematics/moveit/kdl_kinematics_plugin/chainiksolver_vel_mimic_svd.h
[221.484s] -- Installing: /home/fabian/moveit2/install/moveit_kinematics/include/moveit_kinematics/moveit/kdl_kinematics_plugin/joint_mimic.h
[221.487s] -- Installing: /home/fabian/moveit2/install/moveit_kinematics/include/moveit_kinematics/moveit/kdl_kinematics_plugin/joint_mimic.hpp
[221.488s] -- Installing: /home/fabian/moveit2/install/moveit_kinematics/include/moveit_kinematics/moveit/kdl_kinematics_plugin/chainiksolver_vel_mimic_svd.hpp
[221.488s] -- Installing: /home/fabian/moveit2/install/moveit_kinematics/include/moveit_kinematics/moveit/kdl_kinematics_plugin/kdl_kinematics_plugin.hpp
[221.488s] -- Installing: /home/fabian/moveit2/install/moveit_kinematics/include/moveit_kinematics/moveit/kdl_kinematics_plugin/kdl_kinematics_plugin.h
[221.488s] -- Up-to-date: /home/fabian/moveit2/install/moveit_kinematics/include/moveit_kinematics
[221.488s] -- Installing: /home/fabian/moveit2/install/moveit_kinematics/include/moveit_kinematics/srv_kinematics_parameters.hpp
[221.492s] -- Up-to-date: /home/fabian/moveit2/install/moveit_kinematics/include/moveit_kinematics
[221.493s] -- Up-to-date: /home/fabian/moveit2/install/moveit_kinematics/include/moveit_kinematics/moveit
[221.493s] -- Installing: /home/fabian/moveit2/install/moveit_kinematics/include/moveit_kinematics/moveit/srv_kinematics_plugin
[221.494s] -- Installing: /home/fabian/moveit2/install/moveit_kinematics/include/moveit_kinematics/moveit/srv_kinematics_plugin/srv_kinematics_plugin.h
[221.494s] -- Installing: /home/fabian/moveit2/install/moveit_kinematics/include/moveit_kinematics/moveit/srv_kinematics_plugin/srv_kinematics_plugin.hpp
[221.495s] -- Installing: /home/fabian/moveit2/install/moveit_kinematics/share/moveit_kinematics/config
[221.498s] -- Installing: /home/fabian/moveit2/install/moveit_kinematics/share/moveit_kinematics/config/panda-kdl-test.yaml
[221.504s] -- Installing: /home/fabian/moveit2/install/moveit_kinematics/share/moveit_kinematics/config/fanuc-kdl-singular-test.yaml
[221.504s] -- Installing: /home/fabian/moveit2/install/moveit_kinematics/share/moveit_kinematics/config/panda-kdl-singular-test.yaml
[221.504s] -- Installing: /home/fabian/moveit2/install/moveit_kinematics/share/moveit_kinematics/config/fanuc-kdl-test.yaml
[221.505s] -- Up-to-date: /home/fabian/moveit2/install/moveit_kinematics/share/moveit_kinematics/launch
[221.505s] -- Installing: /home/fabian/moveit2/install/moveit_kinematics/share/moveit_kinematics/launch/panda-kdl-singular.test.py
[221.507s] -- Installing: /home/fabian/moveit2/install/moveit_kinematics/share/moveit_kinematics/launch/fanuc-kdl-singular.test.py
[221.508s] -- Installing: /home/fabian/moveit2/install/moveit_kinematics/share/moveit_kinematics/launch/fanuc-kdl.test.py
[221.508s] -- Installing: /home/fabian/moveit2/install/moveit_kinematics/share/moveit_kinematics/launch/panda-kdl.test.py
[221.508s] -- Installing: /home/fabian/moveit2/install/moveit_kinematics/lib/moveit_kinematics/benchmark_ik
[221.511s] -- Set non-toolchain portion of runtime path of "/home/fabian/moveit2/install/moveit_kinematics/lib/moveit_kinematics/benchmark_ik" to ""
[221.516s] -- Installing: /home/fabian/moveit2/install/moveit_kinematics/lib/moveit_kinematics/test_kinematics_plugin
[221.521s] -- Set non-toolchain portion of runtime path of "/home/fabian/moveit2/install/moveit_kinematics/lib/moveit_kinematics/test_kinematics_plugin" to ""
[221.525s] -- Installing: /home/fabian/moveit2/install/moveit_kinematics/lib/libmoveit_cached_ik_kinematics_base.so.2.14.0
[221.536s] -- Set non-toolchain portion of runtime path of "/home/fabian/moveit2/install/moveit_kinematics/lib/libmoveit_cached_ik_kinematics_base.so.2.14.0" to ""
[221.537s] -- Installing: /home/fabian/moveit2/install/moveit_kinematics/lib/libmoveit_cached_ik_kinematics_base.so
[221.539s] -- Installing: /home/fabian/moveit2/install/moveit_kinematics/lib/libmoveit_cached_ik_kinematics_plugin.so.2.14.0
[221.547s] -- Set non-toolchain portion of runtime path of "/home/fabian/moveit2/install/moveit_kinematics/lib/libmoveit_cached_ik_kinematics_plugin.so.2.14.0" to ""
[221.548s] -- Installing: /home/fabian/moveit2/install/moveit_kinematics/lib/libmoveit_cached_ik_kinematics_plugin.so
[221.548s] -- Installing: /home/fabian/moveit2/install/moveit_kinematics/lib/libmoveit_kdl_kinematics_plugin.so
[221.548s] -- Set non-toolchain portion of runtime path of "/home/fabian/moveit2/install/moveit_kinematics/lib/libmoveit_kdl_kinematics_plugin.so" to ""
[221.548s] -- Installing: /home/fabian/moveit2/install/moveit_kinematics/lib/libmoveit_srv_kinematics_plugin.so.2.14.0
[221.548s] -- Set non-toolchain portion of runtime path of "/home/fabian/moveit2/install/moveit_kinematics/lib/libmoveit_srv_kinematics_plugin.so.2.14.0" to ""
[221.549s] -- Installing: /home/fabian/moveit2/install/moveit_kinematics/lib/libmoveit_srv_kinematics_plugin.so
[221.549s] -- Installing: /home/fabian/moveit2/install/moveit_kinematics/share/moveit_kinematics/environment/library_path.sh
[221.551s] -- Installing: /home/fabian/moveit2/install/moveit_kinematics/share/moveit_kinematics/environment/library_path.dsv
[221.554s] -- Installing: /home/fabian/moveit2/install/moveit_kinematics/share/ament_index/resource_index/package_run_dependencies/moveit_kinematics
[221.562s] -- Installing: /home/fabian/moveit2/install/moveit_kinematics/share/ament_index/resource_index/parent_prefix_path/moveit_kinematics
[221.571s] -- Installing: /home/fabian/moveit2/install/moveit_kinematics/share/moveit_kinematics/environment/ament_prefix_path.sh
[221.571s] -- Installing: /home/fabian/moveit2/install/moveit_kinematics/share/moveit_kinematics/environment/ament_prefix_path.dsv
[221.571s] -- Installing: /home/fabian/moveit2/install/moveit_kinematics/share/moveit_kinematics/environment/path.sh
[221.571s] -- Installing: /home/fabian/moveit2/install/moveit_kinematics/share/moveit_kinematics/environment/path.dsv
[221.572s] -- Installing: /home/fabian/moveit2/install/moveit_kinematics/share/moveit_kinematics/local_setup.bash
[221.572s] -- Installing: /home/fabian/moveit2/install/moveit_kinematics/share/moveit_kinematics/local_setup.sh
[221.576s] -- Installing: /home/fabian/moveit2/install/moveit_kinematics/share/moveit_kinematics/local_setup.zsh
[221.576s] -- Installing: /home/fabian/moveit2/install/moveit_kinematics/share/moveit_kinematics/local_setup.dsv
[221.576s] -- Installing: /home/fabian/moveit2/install/moveit_kinematics/share/moveit_kinematics/package.dsv
[221.582s] -- Installing: /home/fabian/moveit2/install/moveit_kinematics/share/ament_index/resource_index/packages/moveit_kinematics
[221.582s] -- Installing: /home/fabian/moveit2/install/moveit_kinematics/share/ament_index/resource_index/moveit_core__pluginlib__plugin/moveit_kinematics
[221.585s] -- Installing: /home/fabian/moveit2/install/moveit_kinematics/share/moveit_kinematics/cmake/moveit_kinematicsTargetsExport.cmake
[221.587s] -- Installing: /home/fabian/moveit2/install/moveit_kinematics/share/moveit_kinematics/cmake/moveit_kinematicsTargetsExport-release.cmake
[221.587s] -- Installing: /home/fabian/moveit2/install/moveit_kinematics/share/moveit_kinematics/cmake/ConfigExtras.cmake
[221.592s] -- Installing: /home/fabian/moveit2/install/moveit_kinematics/share/moveit_kinematics/cmake/ament_cmake_export_targets-extras.cmake
[221.592s] -- Installing: /home/fabian/moveit2/install/moveit_kinematics/share/moveit_kinematics/cmake/ament_cmake_export_dependencies-extras.cmake
[221.593s] -- Installing: /home/fabian/moveit2/install/moveit_kinematics/share/moveit_kinematics/cmake/moveit_kinematicsConfig.cmake
[221.593s] -- Installing: /home/fabian/moveit2/install/moveit_kinematics/share/moveit_kinematics/cmake/moveit_kinematicsConfig-version.cmake
[221.593s] -- Installing: /home/fabian/moveit2/install/moveit_kinematics/share/moveit_kinematics/package.xml
[221.615s] Invoked command in '/home/fabian/moveit2/build/moveit_kinematics' returned '0': AMENT_PREFIX_PATH=/home/fabian/moveit2/install/moveit_ros_planning:/home/fabian/moveit2/install/moveit_ros_occupancy_map_monitor:/home/fabian/moveit2/install/moveit_core:/home/fabian/moveit2/install/moveit_configs_utils:/home/fabian/moveit2/install/moveit_common:${AMENT_PREFIX_PATH} CMAKE_PREFIX_PATH=/home/fabian/moveit2/install/moveit_ros_planning:/home/fabian/moveit2/install/moveit_ros_occupancy_map_monitor:/home/fabian/moveit2/install/moveit_core:/home/fabian/moveit2/install/moveit_common:/home/fabian/yb_support/ros_odrive/install/odrive_ros2_control:/home/fabian/yb_support/ros_odrive/install/odrive_can:/home/fabian/yb_support/slam_toolbox/install/slam_toolbox:/home/fabian/yb_support/my_msgs/install/my_msgs:/home/fabian/yb_support/pointcloud_to_laserscan/install/pointcloud_to_laserscan:/home/fabian/yb_support/mecanum_drive_controller/install/mecanum_drive_controller:/home/fabian/ros2_ws/install/ros2_control_demo_example_2:/home/fabian/ros2_ws/install/ros2_control_demo_description:/home/fabian/yahboom_rosmaster/install/yahboom_rosmaster:/home/fabian/yahboom_rosmaster/install/yahboom_rosmaster_system_tests:/home/fabian/yahboom_rosmaster/install/yahboom_rosmaster_navigation:/home/fabian/yahboom_rosmaster/install/yahboom_rosmaster_msgs:/home/fabian/yahboom_rosmaster/install/yahboom_rosmaster_localization:/home/fabian/yahboom_rosmaster/install/yahboom_rosmaster_gazebo:/home/fabian/yahboom_rosmaster/install/yahboom_rosmaster_docking:/home/fabian/yahboom_rosmaster/install/yahboom_rosmaster_description:/home/fabian/yahboom_rosmaster/install/yahboom_rosmaster_bringup:/home/fabian/yahboom_rosmaster/install/mecanum_drive_controller:/home/fabian/cartesian_controllers/install/cartesian_compliance_controller:/home/fabian/cartesian_controllers/install/cartesian_motion_controller:/home/fabian/cartesian_controllers/install/cartesian_force_controller:/home/fabian/cartesian_controllers/install/cartesian_controller_utilities:/home/fabian/youbot_ws/install/youbot:/home/fabian/yb_support/urdf_parser_py/install/urdfdom_py:/home/fabian/yb_support/twist_stamper/install/twist_stamper:/home/fabian/yb_support/kdl_parser_py/install/kdl_parser_py:/opt/ros/rolling:/home/fabian/cartesian_controllers/install/cartesian_controller_tests:/home/fabian/cartesian_controllers/install/cartesian_controller_simulation:/home/fabian/cartesian_controllers/install/cartesian_controller_handles:/home/fabian/cartesian_controllers/install/cartesian_controller_base:/home/fabian/ros2_control_demos/example_7/install/ros2_control_demo_example_7:/home/fabian/yb_support/unilidar_sdk2/install/unitree_lidar_ros2:/home/fabian/fixslam/install/geometry_msgs:/home/fabian/fixslam/install/std_msgs:/opt/ros/rolling/opt/gz_sim_vendor:/opt/ros/rolling/opt/gz_sensors_vendor:/opt/ros/rolling/opt/gz_physics_vendor:/opt/ros/rolling/opt/sdformat_vendor:/opt/ros/rolling/opt/gz_gui_vendor:/opt/ros/rolling/opt/gz_transport_vendor:/opt/ros/rolling/opt/gz_rendering_vendor:/opt/ros/rolling/opt/gz_plugin_vendor:/opt/ros/rolling/opt/gz_fuel_tools_vendor:/opt/ros/rolling/opt/gz_msgs_vendor:/opt/ros/rolling/opt/gz_common_vendor:/opt/ros/rolling/opt/gz_math_vendor:/opt/ros/rolling/opt/gz_utils_vendor:/opt/ros/rolling/opt/gz_tools_vendor:/opt/ros/rolling/opt/gz_ogre_next_vendor:/opt/ros/rolling/opt/gz_dartsim_vendor:/opt/ros/rolling/opt/gz_cmake_vendor DEBUGINFOD_URLS=https://debuginfod.ubuntu.com LD_LIBRARY_PATH=/home/fabian/moveit2/install/moveit_ros_planning/lib:/home/fabian/moveit2/install/moveit_ros_occupancy_map_monitor/lib:/home/fabian/moveit2/install/moveit_core/lib:${LD_LIBRARY_PATH} PATH=/home/fabian/moveit2/install/moveit_core/bin:${PATH} PYTHONPATH=/home/fabian/moveit2/install/moveit_configs_utils/lib/python3.12/site-packages:${PYTHONPATH} /usr/bin/cmake --install /home/fabian/moveit2/build/moveit_kinematics
