-- Install configuration: ""
-- Installing: /home/fabian/moveit2/install/kortex_bringup/lib/kortex_bringup/test_huge_joint_space_jump.py
-- Installing: /home/fabian/moveit2/install/kortex_bringup/share/kortex_bringup/config
-- Installing: /home/fabian/moveit2/install/kortex_bringup/share/kortex_bringup/config/test_trajectory_goal_publishers_config.yaml
-- Installing: /home/fabian/moveit2/install/kortex_bringup/share/kortex_bringup/config/servo.yaml
-- Installing: /home/fabian/moveit2/install/kortex_bringup/share/kortex_bringup/config/test_huge_joint_space_jump_config.yaml
-- Installing: /home/fabian/moveit2/install/kortex_bringup/share/kortex_bringup/launch
-- Installing: /home/fabian/moveit2/install/kortex_bringup/share/kortex_bringup/launch/kortex_sim_control.launch.py
-- Installing: /home/fabian/moveit2/install/kortex_bringup/share/kortex_bringup/launch/gen3_lite.launch.py
-- Installing: /home/fabian/moveit2/install/kortex_bringup/share/kortex_bringup/launch/test_huge_joint_space_jump.launch.py
-- Installing: /home/fabian/moveit2/install/kortex_bringup/share/kortex_bringup/launch/gen3.launch.py
-- Installing: /home/fabian/moveit2/install/kortex_bringup/share/kortex_bringup/launch/test_joint_trajectory_controller.launch.py
-- Installing: /home/fabian/moveit2/install/kortex_bringup/share/kortex_bringup/launch/kortex_control.launch.py
-- Installing: /home/fabian/moveit2/install/kortex_bringup/share/ament_index/resource_index/package_run_dependencies/kortex_bringup
-- Installing: /home/fabian/moveit2/install/kortex_bringup/share/ament_index/resource_index/parent_prefix_path/kortex_bringup
-- Installing: /home/fabian/moveit2/install/kortex_bringup/share/kortex_bringup/environment/ament_prefix_path.sh
-- Installing: /home/fabian/moveit2/install/kortex_bringup/share/kortex_bringup/environment/ament_prefix_path.dsv
-- Installing: /home/fabian/moveit2/install/kortex_bringup/share/kortex_bringup/environment/path.sh
-- Installing: /home/fabian/moveit2/install/kortex_bringup/share/kortex_bringup/environment/path.dsv
-- Installing: /home/fabian/moveit2/install/kortex_bringup/share/kortex_bringup/local_setup.bash
-- Installing: /home/fabian/moveit2/install/kortex_bringup/share/kortex_bringup/local_setup.sh
-- Installing: /home/fabian/moveit2/install/kortex_bringup/share/kortex_bringup/local_setup.zsh
-- Installing: /home/fabian/moveit2/install/kortex_bringup/share/kortex_bringup/local_setup.dsv
-- Installing: /home/fabian/moveit2/install/kortex_bringup/share/kortex_bringup/package.dsv
-- Installing: /home/fabian/moveit2/install/kortex_bringup/share/ament_index/resource_index/packages/kortex_bringup
-- Installing: /home/fabian/moveit2/install/kortex_bringup/share/kortex_bringup/cmake/kortex_bringupConfig.cmake
-- Installing: /home/fabian/moveit2/install/kortex_bringup/share/kortex_bringup/cmake/kortex_bringupConfig-version.cmake
-- Installing: /home/fabian/moveit2/install/kortex_bringup/share/kortex_bringup/package.xml
