[0.231s] Invoking command in '/home/fabian/moveit2/build/moveit_task_constructor_msgs': AMENT_PREFIX_PATH=/home/fabian/moveit2/install/moveit_msgs:${AMENT_PREFIX_PATH} CMAKE_PREFIX_PATH=/home/fabian/moveit2/install/moveit_msgs:/home/fabian/moveit2/install/pilz_industrial_motion_planner_testutils:/home/fabian/moveit2/install/moveit_runtime:/home/fabian/moveit2/install/moveit:/home/fabian/moveit2/install/moveit_planners:/home/fabian/moveit2/install/pilz_industrial_motion_planner:/home/fabian/moveit2/install/moveit_ros_control_interface:/home/fabian/moveit2/install/moveit_plugins:/home/fabian/moveit2/install/moveit_simple_controller_manager:/home/fabian/moveit2/install/moveit_setup_assistant:/home/fabian/moveit2/install/moveit_setup_srdf_plugins:/home/fabian/moveit2/install/moveit_setup_core_plugins:/home/fabian/moveit2/install/moveit_setup_controllers:/home/fabian/moveit2/install/moveit_setup_app_plugins:/home/fabian/moveit2/install/moveit_setup_framework:/home/fabian/moveit2/install/moveit_servo:/home/fabian/moveit2/install/moveit_ros_trajectory_cache:/home/fabian/moveit2/install/moveit_ros:/home/fabian/moveit2/install/moveit_ros_visualization:/home/fabian/moveit2/install/moveit_py:/home/fabian/moveit2/install/moveit_hybrid_planning:/home/fabian/moveit2/install/moveit_ros_planning_interface:/home/fabian/moveit2/install/moveit_ros_benchmarks:/home/fabian/moveit2/install/moveit_ros_warehouse:/home/fabian/moveit2/install/moveit_ros_robot_interaction:/home/fabian/moveit2/install/moveit_ros_perception:/home/fabian/moveit2/install/moveit_resources_prbt_pg70_support:/home/fabian/moveit2/install/moveit_resources_prbt_moveit_config:/home/fabian/moveit2/install/moveit_ros_move_group:/home/fabian/moveit2/install/moveit_planners_ompl:/home/fabian/moveit2/install/moveit_kinematics:/home/fabian/moveit2/install/moveit_ros_planning:/home/fabian/moveit2/install/moveit_ros_occupancy_map_monitor:/home/fabian/moveit2/install/moveit_resources_prbt_support:/home/fabian/moveit2/install/moveit_resources_prbt_ikfast_manipulator_plugin:/home/fabian/moveit2/install/moveit_planners_stomp:/home/fabian/moveit2/install/moveit_planners_chomp:/home/fabian/moveit2/install/chomp_motion_planner:/home/fabian/moveit2/install/moveit_core:/home/fabian/moveit2/install/moveit_common:/home/fabian/yb_support/ros_odrive/install/odrive_ros2_control:/home/fabian/yb_support/ros_odrive/install/odrive_can:/home/fabian/yb_support/slam_toolbox/install/slam_toolbox:/home/fabian/yb_support/my_msgs/install/my_msgs:/home/fabian/yb_support/pointcloud_to_laserscan/install/pointcloud_to_laserscan:/home/fabian/yb_support/mecanum_drive_controller/install/mecanum_drive_controller:/home/fabian/ros2_ws/install/ros2_control_demo_example_2:/home/fabian/ros2_ws/install/ros2_control_demo_description:/home/fabian/yahboom_rosmaster/install/yahboom_rosmaster:/home/fabian/yahboom_rosmaster/install/yahboom_rosmaster_system_tests:/home/fabian/yahboom_rosmaster/install/yahboom_rosmaster_navigation:/home/fabian/yahboom_rosmaster/install/yahboom_rosmaster_msgs:/home/fabian/yahboom_rosmaster/install/yahboom_rosmaster_localization:/home/fabian/yahboom_rosmaster/install/yahboom_rosmaster_gazebo:/home/fabian/yahboom_rosmaster/install/yahboom_rosmaster_docking:/home/fabian/yahboom_rosmaster/install/yahboom_rosmaster_description:/home/fabian/yahboom_rosmaster/install/yahboom_rosmaster_bringup:/home/fabian/yahboom_rosmaster/install/mecanum_drive_controller:/home/fabian/cartesian_controllers/install/cartesian_compliance_controller:/home/fabian/cartesian_controllers/install/cartesian_motion_controller:/home/fabian/cartesian_controllers/install/cartesian_force_controller:/home/fabian/cartesian_controllers/install/cartesian_controller_utilities:/home/fabian/moveit2/install/moveit_configs_utils:/home/fabian/youbot_ws/install/youbot:/home/fabian/yb_support/urdf_parser_py/install/urdfdom_py:/home/fabian/yb_support/twist_stamper/install/twist_stamper:/home/fabian/yb_support/kdl_parser_py/install/kdl_parser_py:/opt/ros/rolling:/home/fabian/cartesian_controllers/install/cartesian_controller_tests:/home/fabian/cartesian_controllers/install/cartesian_controller_simulation:/home/fabian/cartesian_controllers/install/cartesian_controller_handles:/home/fabian/cartesian_controllers/install/cartesian_controller_base:/home/fabian/ros2_control_demos/example_7/install/ros2_control_demo_example_7:/home/fabian/yb_support/unilidar_sdk2/install/unitree_lidar_ros2:/home/fabian/fixslam/install/geometry_msgs:/home/fabian/fixslam/install/std_msgs:/opt/ros/rolling/opt/gz_sim_vendor:/opt/ros/rolling/opt/gz_sensors_vendor:/opt/ros/rolling/opt/gz_physics_vendor:/opt/ros/rolling/opt/sdformat_vendor:/opt/ros/rolling/opt/gz_gui_vendor:/opt/ros/rolling/opt/gz_transport_vendor:/opt/ros/rolling/opt/gz_rendering_vendor:/opt/ros/rolling/opt/gz_plugin_vendor:/opt/ros/rolling/opt/gz_fuel_tools_vendor:/opt/ros/rolling/opt/gz_msgs_vendor:/opt/ros/rolling/opt/gz_common_vendor:/opt/ros/rolling/opt/gz_math_vendor:/opt/ros/rolling/opt/gz_utils_vendor:/opt/ros/rolling/opt/gz_tools_vendor:/opt/ros/rolling/opt/gz_ogre_next_vendor:/opt/ros/rolling/opt/gz_dartsim_vendor:/opt/ros/rolling/opt/gz_cmake_vendor DEBUGINFOD_URLS=https://debuginfod.ubuntu.com LD_LIBRARY_PATH=/home/fabian/moveit2/install/moveit_msgs/lib:${LD_LIBRARY_PATH} PYTHONPATH=/home/fabian/moveit2/install/moveit_msgs/lib/python3.12/site-packages:${PYTHONPATH} /usr/bin/cmake /home/fabian/moveit2/moveit_task_constructor/msgs -DCMAKE_INSTALL_PREFIX=/home/fabian/moveit2/install/moveit_task_constructor_msgs
[0.454s] -- The C compiler identification is GNU 13.3.0
[1.909s] -- The CXX compiler identification is GNU 13.3.0
[3.086s] -- Detecting C compiler ABI info
[3.636s] -- Detecting C compiler ABI info - done
[3.650s] -- Check for working C compiler: /usr/bin/cc - skipped
[3.650s] -- Detecting C compile features
[3.651s] -- Detecting C compile features - done
[3.775s] -- Detecting CXX compiler ABI info
[4.347s] -- Detecting CXX compiler ABI info - done
[4.366s] -- Check for working CXX compiler: /usr/bin/c++ - skipped
[4.368s] -- Detecting CXX compile features
[4.369s] -- Detecting CXX compile features - done
[4.384s] -- Found ament_cmake: 2.8.4 (/opt/ros/rolling/share/ament_cmake/cmake)
[4.903s] -- Found Python3: /usr/bin/python3 (found version "3.12.3") found components: Interpreter 
[5.250s] -- Found builtin_interfaces: 2.4.2 (/opt/ros/rolling/share/builtin_interfaces/cmake)
[5.634s] -- Found rosidl_generator_c: 5.0.1 (/opt/ros/rolling/share/rosidl_generator_c/cmake)
[5.702s] -- Found rosidl_generator_cpp: 5.0.1 (/opt/ros/rolling/share/rosidl_generator_cpp/cmake)
[5.765s] -- Using all available rosidl_typesupport_c: rosidl_typesupport_fastrtps_c;rosidl_typesupport_introspection_c
[5.830s] -- Using all available rosidl_typesupport_cpp: rosidl_typesupport_fastrtps_cpp;rosidl_typesupport_introspection_cpp
[5.883s] -- Found moveit_msgs: 2.7.1 (/home/fabian/moveit2/install/moveit_msgs/share/moveit_msgs/cmake)
[6.462s] -- Found rosidl_default_generators: 1.8.1 (/opt/ros/rolling/share/rosidl_default_generators/cmake)
[6.554s] -- Found rosidl_adapter: 5.0.1 (/opt/ros/rolling/share/rosidl_adapter/cmake)
[6.575s] -- Found visualization_msgs: 5.8.2 (/opt/ros/rolling/share/visualization_msgs/cmake)
[8.269s] -- Found ament_cmake_ros_core: 0.15.2 (/opt/ros/rolling/share/ament_cmake_ros_core/cmake)
[9.648s] -- Using all available rosidl_typesupport_c: rosidl_typesupport_fastrtps_c;rosidl_typesupport_introspection_c
[10.158s] -- Using all available rosidl_typesupport_cpp: rosidl_typesupport_fastrtps_cpp;rosidl_typesupport_introspection_cpp
[10.846s] -- Found Python3: /usr/bin/python3 (found version "3.12.3") found components: Interpreter Development NumPy Development.Module Development.Embed 
[10.940s] -- Configuring done (10.7s)
[11.127s] -- Generating done (0.2s)
[11.151s] -- Build files have been written to: /home/fabian/moveit2/build/moveit_task_constructor_msgs
[11.169s] Invoked command in '/home/fabian/moveit2/build/moveit_task_constructor_msgs' returned '0': AMENT_PREFIX_PATH=/home/fabian/moveit2/install/moveit_msgs:${AMENT_PREFIX_PATH} CMAKE_PREFIX_PATH=/home/fabian/moveit2/install/moveit_msgs:/home/fabian/moveit2/install/pilz_industrial_motion_planner_testutils:/home/fabian/moveit2/install/moveit_runtime:/home/fabian/moveit2/install/moveit:/home/fabian/moveit2/install/moveit_planners:/home/fabian/moveit2/install/pilz_industrial_motion_planner:/home/fabian/moveit2/install/moveit_ros_control_interface:/home/fabian/moveit2/install/moveit_plugins:/home/fabian/moveit2/install/moveit_simple_controller_manager:/home/fabian/moveit2/install/moveit_setup_assistant:/home/fabian/moveit2/install/moveit_setup_srdf_plugins:/home/fabian/moveit2/install/moveit_setup_core_plugins:/home/fabian/moveit2/install/moveit_setup_controllers:/home/fabian/moveit2/install/moveit_setup_app_plugins:/home/fabian/moveit2/install/moveit_setup_framework:/home/fabian/moveit2/install/moveit_servo:/home/fabian/moveit2/install/moveit_ros_trajectory_cache:/home/fabian/moveit2/install/moveit_ros:/home/fabian/moveit2/install/moveit_ros_visualization:/home/fabian/moveit2/install/moveit_py:/home/fabian/moveit2/install/moveit_hybrid_planning:/home/fabian/moveit2/install/moveit_ros_planning_interface:/home/fabian/moveit2/install/moveit_ros_benchmarks:/home/fabian/moveit2/install/moveit_ros_warehouse:/home/fabian/moveit2/install/moveit_ros_robot_interaction:/home/fabian/moveit2/install/moveit_ros_perception:/home/fabian/moveit2/install/moveit_resources_prbt_pg70_support:/home/fabian/moveit2/install/moveit_resources_prbt_moveit_config:/home/fabian/moveit2/install/moveit_ros_move_group:/home/fabian/moveit2/install/moveit_planners_ompl:/home/fabian/moveit2/install/moveit_kinematics:/home/fabian/moveit2/install/moveit_ros_planning:/home/fabian/moveit2/install/moveit_ros_occupancy_map_monitor:/home/fabian/moveit2/install/moveit_resources_prbt_support:/home/fabian/moveit2/install/moveit_resources_prbt_ikfast_manipulator_plugin:/home/fabian/moveit2/install/moveit_planners_stomp:/home/fabian/moveit2/install/moveit_planners_chomp:/home/fabian/moveit2/install/chomp_motion_planner:/home/fabian/moveit2/install/moveit_core:/home/fabian/moveit2/install/moveit_common:/home/fabian/yb_support/ros_odrive/install/odrive_ros2_control:/home/fabian/yb_support/ros_odrive/install/odrive_can:/home/fabian/yb_support/slam_toolbox/install/slam_toolbox:/home/fabian/yb_support/my_msgs/install/my_msgs:/home/fabian/yb_support/pointcloud_to_laserscan/install/pointcloud_to_laserscan:/home/fabian/yb_support/mecanum_drive_controller/install/mecanum_drive_controller:/home/fabian/ros2_ws/install/ros2_control_demo_example_2:/home/fabian/ros2_ws/install/ros2_control_demo_description:/home/fabian/yahboom_rosmaster/install/yahboom_rosmaster:/home/fabian/yahboom_rosmaster/install/yahboom_rosmaster_system_tests:/home/fabian/yahboom_rosmaster/install/yahboom_rosmaster_navigation:/home/fabian/yahboom_rosmaster/install/yahboom_rosmaster_msgs:/home/fabian/yahboom_rosmaster/install/yahboom_rosmaster_localization:/home/fabian/yahboom_rosmaster/install/yahboom_rosmaster_gazebo:/home/fabian/yahboom_rosmaster/install/yahboom_rosmaster_docking:/home/fabian/yahboom_rosmaster/install/yahboom_rosmaster_description:/home/fabian/yahboom_rosmaster/install/yahboom_rosmaster_bringup:/home/fabian/yahboom_rosmaster/install/mecanum_drive_controller:/home/fabian/cartesian_controllers/install/cartesian_compliance_controller:/home/fabian/cartesian_controllers/install/cartesian_motion_controller:/home/fabian/cartesian_controllers/install/cartesian_force_controller:/home/fabian/cartesian_controllers/install/cartesian_controller_utilities:/home/fabian/moveit2/install/moveit_configs_utils:/home/fabian/youbot_ws/install/youbot:/home/fabian/yb_support/urdf_parser_py/install/urdfdom_py:/home/fabian/yb_support/twist_stamper/install/twist_stamper:/home/fabian/yb_support/kdl_parser_py/install/kdl_parser_py:/opt/ros/rolling:/home/fabian/cartesian_controllers/install/cartesian_controller_tests:/home/fabian/cartesian_controllers/install/cartesian_controller_simulation:/home/fabian/cartesian_controllers/install/cartesian_controller_handles:/home/fabian/cartesian_controllers/install/cartesian_controller_base:/home/fabian/ros2_control_demos/example_7/install/ros2_control_demo_example_7:/home/fabian/yb_support/unilidar_sdk2/install/unitree_lidar_ros2:/home/fabian/fixslam/install/geometry_msgs:/home/fabian/fixslam/install/std_msgs:/opt/ros/rolling/opt/gz_sim_vendor:/opt/ros/rolling/opt/gz_sensors_vendor:/opt/ros/rolling/opt/gz_physics_vendor:/opt/ros/rolling/opt/sdformat_vendor:/opt/ros/rolling/opt/gz_gui_vendor:/opt/ros/rolling/opt/gz_transport_vendor:/opt/ros/rolling/opt/gz_rendering_vendor:/opt/ros/rolling/opt/gz_plugin_vendor:/opt/ros/rolling/opt/gz_fuel_tools_vendor:/opt/ros/rolling/opt/gz_msgs_vendor:/opt/ros/rolling/opt/gz_common_vendor:/opt/ros/rolling/opt/gz_math_vendor:/opt/ros/rolling/opt/gz_utils_vendor:/opt/ros/rolling/opt/gz_tools_vendor:/opt/ros/rolling/opt/gz_ogre_next_vendor:/opt/ros/rolling/opt/gz_dartsim_vendor:/opt/ros/rolling/opt/gz_cmake_vendor DEBUGINFOD_URLS=https://debuginfod.ubuntu.com LD_LIBRARY_PATH=/home/fabian/moveit2/install/moveit_msgs/lib:${LD_LIBRARY_PATH} PYTHONPATH=/home/fabian/moveit2/install/moveit_msgs/lib/python3.12/site-packages:${PYTHONPATH} /usr/bin/cmake /home/fabian/moveit2/moveit_task_constructor/msgs -DCMAKE_INSTALL_PREFIX=/home/fabian/moveit2/install/moveit_task_constructor_msgs
[11.171s] Invoking command in '/home/fabian/moveit2/build/moveit_task_constructor_msgs': AMENT_PREFIX_PATH=/home/fabian/moveit2/install/moveit_msgs:${AMENT_PREFIX_PATH} CMAKE_PREFIX_PATH=/home/fabian/moveit2/install/moveit_msgs:/home/fabian/moveit2/install/pilz_industrial_motion_planner_testutils:/home/fabian/moveit2/install/moveit_runtime:/home/fabian/moveit2/install/moveit:/home/fabian/moveit2/install/moveit_planners:/home/fabian/moveit2/install/pilz_industrial_motion_planner:/home/fabian/moveit2/install/moveit_ros_control_interface:/home/fabian/moveit2/install/moveit_plugins:/home/fabian/moveit2/install/moveit_simple_controller_manager:/home/fabian/moveit2/install/moveit_setup_assistant:/home/fabian/moveit2/install/moveit_setup_srdf_plugins:/home/fabian/moveit2/install/moveit_setup_core_plugins:/home/fabian/moveit2/install/moveit_setup_controllers:/home/fabian/moveit2/install/moveit_setup_app_plugins:/home/fabian/moveit2/install/moveit_setup_framework:/home/fabian/moveit2/install/moveit_servo:/home/fabian/moveit2/install/moveit_ros_trajectory_cache:/home/fabian/moveit2/install/moveit_ros:/home/fabian/moveit2/install/moveit_ros_visualization:/home/fabian/moveit2/install/moveit_py:/home/fabian/moveit2/install/moveit_hybrid_planning:/home/fabian/moveit2/install/moveit_ros_planning_interface:/home/fabian/moveit2/install/moveit_ros_benchmarks:/home/fabian/moveit2/install/moveit_ros_warehouse:/home/fabian/moveit2/install/moveit_ros_robot_interaction:/home/fabian/moveit2/install/moveit_ros_perception:/home/fabian/moveit2/install/moveit_resources_prbt_pg70_support:/home/fabian/moveit2/install/moveit_resources_prbt_moveit_config:/home/fabian/moveit2/install/moveit_ros_move_group:/home/fabian/moveit2/install/moveit_planners_ompl:/home/fabian/moveit2/install/moveit_kinematics:/home/fabian/moveit2/install/moveit_ros_planning:/home/fabian/moveit2/install/moveit_ros_occupancy_map_monitor:/home/fabian/moveit2/install/moveit_resources_prbt_support:/home/fabian/moveit2/install/moveit_resources_prbt_ikfast_manipulator_plugin:/home/fabian/moveit2/install/moveit_planners_stomp:/home/fabian/moveit2/install/moveit_planners_chomp:/home/fabian/moveit2/install/chomp_motion_planner:/home/fabian/moveit2/install/moveit_core:/home/fabian/moveit2/install/moveit_common:/home/fabian/yb_support/ros_odrive/install/odrive_ros2_control:/home/fabian/yb_support/ros_odrive/install/odrive_can:/home/fabian/yb_support/slam_toolbox/install/slam_toolbox:/home/fabian/yb_support/my_msgs/install/my_msgs:/home/fabian/yb_support/pointcloud_to_laserscan/install/pointcloud_to_laserscan:/home/fabian/yb_support/mecanum_drive_controller/install/mecanum_drive_controller:/home/fabian/ros2_ws/install/ros2_control_demo_example_2:/home/fabian/ros2_ws/install/ros2_control_demo_description:/home/fabian/yahboom_rosmaster/install/yahboom_rosmaster:/home/fabian/yahboom_rosmaster/install/yahboom_rosmaster_system_tests:/home/fabian/yahboom_rosmaster/install/yahboom_rosmaster_navigation:/home/fabian/yahboom_rosmaster/install/yahboom_rosmaster_msgs:/home/fabian/yahboom_rosmaster/install/yahboom_rosmaster_localization:/home/fabian/yahboom_rosmaster/install/yahboom_rosmaster_gazebo:/home/fabian/yahboom_rosmaster/install/yahboom_rosmaster_docking:/home/fabian/yahboom_rosmaster/install/yahboom_rosmaster_description:/home/fabian/yahboom_rosmaster/install/yahboom_rosmaster_bringup:/home/fabian/yahboom_rosmaster/install/mecanum_drive_controller:/home/fabian/cartesian_controllers/install/cartesian_compliance_controller:/home/fabian/cartesian_controllers/install/cartesian_motion_controller:/home/fabian/cartesian_controllers/install/cartesian_force_controller:/home/fabian/cartesian_controllers/install/cartesian_controller_utilities:/home/fabian/moveit2/install/moveit_configs_utils:/home/fabian/youbot_ws/install/youbot:/home/fabian/yb_support/urdf_parser_py/install/urdfdom_py:/home/fabian/yb_support/twist_stamper/install/twist_stamper:/home/fabian/yb_support/kdl_parser_py/install/kdl_parser_py:/opt/ros/rolling:/home/fabian/cartesian_controllers/install/cartesian_controller_tests:/home/fabian/cartesian_controllers/install/cartesian_controller_simulation:/home/fabian/cartesian_controllers/install/cartesian_controller_handles:/home/fabian/cartesian_controllers/install/cartesian_controller_base:/home/fabian/ros2_control_demos/example_7/install/ros2_control_demo_example_7:/home/fabian/yb_support/unilidar_sdk2/install/unitree_lidar_ros2:/home/fabian/fixslam/install/geometry_msgs:/home/fabian/fixslam/install/std_msgs:/opt/ros/rolling/opt/gz_sim_vendor:/opt/ros/rolling/opt/gz_sensors_vendor:/opt/ros/rolling/opt/gz_physics_vendor:/opt/ros/rolling/opt/sdformat_vendor:/opt/ros/rolling/opt/gz_gui_vendor:/opt/ros/rolling/opt/gz_transport_vendor:/opt/ros/rolling/opt/gz_rendering_vendor:/opt/ros/rolling/opt/gz_plugin_vendor:/opt/ros/rolling/opt/gz_fuel_tools_vendor:/opt/ros/rolling/opt/gz_msgs_vendor:/opt/ros/rolling/opt/gz_common_vendor:/opt/ros/rolling/opt/gz_math_vendor:/opt/ros/rolling/opt/gz_utils_vendor:/opt/ros/rolling/opt/gz_tools_vendor:/opt/ros/rolling/opt/gz_ogre_next_vendor:/opt/ros/rolling/opt/gz_dartsim_vendor:/opt/ros/rolling/opt/gz_cmake_vendor DEBUGINFOD_URLS=https://debuginfod.ubuntu.com LD_LIBRARY_PATH=/home/fabian/moveit2/install/moveit_msgs/lib:${LD_LIBRARY_PATH} PYTHONPATH=/home/fabian/moveit2/install/moveit_msgs/lib/python3.12/site-packages:${PYTHONPATH} /usr/bin/cmake --build /home/fabian/moveit2/build/moveit_task_constructor_msgs -- -j7 -l7
[11.328s] [  1%] [34m[1mGenerating type hashes for ROS interfaces[0m
[11.352s] [  1%] Built target ament_cmake_python_copy_moveit_task_constructor_msgs
[11.886s] running egg_info
[11.887s] creating moveit_task_constructor_msgs.egg-info
[11.947s] writing moveit_task_constructor_msgs.egg-info/PKG-INFO
[11.947s] writing dependency_links to moveit_task_constructor_msgs.egg-info/dependency_links.txt
[11.948s] writing top-level names to moveit_task_constructor_msgs.egg-info/top_level.txt
[11.948s] writing manifest file 'moveit_task_constructor_msgs.egg-info/SOURCES.txt'
[12.159s] reading manifest file 'moveit_task_constructor_msgs.egg-info/SOURCES.txt'
[12.160s] writing manifest file 'moveit_task_constructor_msgs.egg-info/SOURCES.txt'
[12.231s] [  1%] Built target ament_cmake_python_build_moveit_task_constructor_msgs_egg
[12.498s] [  1%] Built target moveit_task_constructor_msgs__rosidl_generator_type_description
[12.539s] [  2%] [34m[1mGenerating C code for ROS interfaces[0m
[12.578s] [  2%] [34m[1mGenerating C++ code for ROS interfaces[0m
[15.282s] [  2%] Built target moveit_task_constructor_msgs__cpp
[16.254s] [  3%] [32mBuilding C object CMakeFiles/moveit_task_constructor_msgs__rosidl_generator_c.dir/rosidl_generator_c/moveit_task_constructor_msgs/msg/detail/solution__functions.c.o[0m
[16.258s] [  3%] [32mBuilding C object CMakeFiles/moveit_task_constructor_msgs__rosidl_generator_c.dir/rosidl_generator_c/moveit_task_constructor_msgs/msg/detail/solution__description.c.o[0m
[16.258s] [  4%] [32mBuilding C object CMakeFiles/moveit_task_constructor_msgs__rosidl_generator_c.dir/rosidl_generator_c/moveit_task_constructor_msgs/msg/detail/solution__type_support.c.o[0m
[16.258s] [  5%] [32mBuilding C object CMakeFiles/moveit_task_constructor_msgs__rosidl_generator_c.dir/rosidl_generator_c/moveit_task_constructor_msgs/msg/detail/property__type_support.c.o[0m
[16.259s] [  5%] [32mBuilding C object CMakeFiles/moveit_task_constructor_msgs__rosidl_generator_c.dir/rosidl_generator_c/moveit_task_constructor_msgs/msg/detail/property__description.c.o[0m
[16.267s] [  6%] [32mBuilding C object CMakeFiles/moveit_task_constructor_msgs__rosidl_generator_c.dir/rosidl_generator_c/moveit_task_constructor_msgs/msg/detail/property__functions.c.o[0m
[16.278s] [  6%] [32mBuilding C object CMakeFiles/moveit_task_constructor_msgs__rosidl_generator_c.dir/rosidl_generator_c/moveit_task_constructor_msgs/msg/detail/solution_info__description.c.o[0m
[16.369s] [  7%] [32mBuilding C object CMakeFiles/moveit_task_constructor_msgs__rosidl_generator_c.dir/rosidl_generator_c/moveit_task_constructor_msgs/msg/detail/solution_info__functions.c.o[0m
[16.391s] [  8%] [32mBuilding C object CMakeFiles/moveit_task_constructor_msgs__rosidl_generator_c.dir/rosidl_generator_c/moveit_task_constructor_msgs/msg/detail/solution_info__type_support.c.o[0m
[16.432s] [  9%] [32mBuilding C object CMakeFiles/moveit_task_constructor_msgs__rosidl_generator_c.dir/rosidl_generator_c/moveit_task_constructor_msgs/msg/detail/stage_description__description.c.o[0m
[16.433s] [  9%] [32mBuilding C object CMakeFiles/moveit_task_constructor_msgs__rosidl_generator_c.dir/rosidl_generator_c/moveit_task_constructor_msgs/msg/detail/stage_description__functions.c.o[0m
[16.472s] [ 10%] [32mBuilding C object CMakeFiles/moveit_task_constructor_msgs__rosidl_generator_c.dir/rosidl_generator_c/moveit_task_constructor_msgs/msg/detail/stage_description__type_support.c.o[0m
[16.496s] [ 11%] [32mBuilding C object CMakeFiles/moveit_task_constructor_msgs__rosidl_generator_c.dir/rosidl_generator_c/moveit_task_constructor_msgs/msg/detail/stage_statistics__description.c.o[0m
[16.517s] [ 11%] [32mBuilding C object CMakeFiles/moveit_task_constructor_msgs__rosidl_generator_c.dir/rosidl_generator_c/moveit_task_constructor_msgs/msg/detail/stage_statistics__functions.c.o[0m
[16.540s] [ 12%] [32mBuilding C object CMakeFiles/moveit_task_constructor_msgs__rosidl_generator_c.dir/rosidl_generator_c/moveit_task_constructor_msgs/msg/detail/sub_solution__description.c.o[0m
[16.541s] [ 13%] [32mBuilding C object CMakeFiles/moveit_task_constructor_msgs__rosidl_generator_c.dir/rosidl_generator_c/moveit_task_constructor_msgs/msg/detail/stage_statistics__type_support.c.o[0m
[16.570s] [ 13%] [32mBuilding C object CMakeFiles/moveit_task_constructor_msgs__rosidl_generator_c.dir/rosidl_generator_c/moveit_task_constructor_msgs/msg/detail/sub_solution__functions.c.o[0m
[16.583s] [ 14%] [32mBuilding C object CMakeFiles/moveit_task_constructor_msgs__rosidl_generator_c.dir/rosidl_generator_c/moveit_task_constructor_msgs/msg/detail/sub_solution__type_support.c.o[0m
[16.602s] [ 14%] [32mBuilding C object CMakeFiles/moveit_task_constructor_msgs__rosidl_generator_c.dir/rosidl_generator_c/moveit_task_constructor_msgs/msg/detail/sub_trajectory__functions.c.o[0m
[16.626s] [ 15%] [32mBuilding C object CMakeFiles/moveit_task_constructor_msgs__rosidl_generator_c.dir/rosidl_generator_c/moveit_task_constructor_msgs/msg/detail/sub_trajectory__description.c.o[0m
[16.640s] [ 16%] [32mBuilding C object CMakeFiles/moveit_task_constructor_msgs__rosidl_generator_c.dir/rosidl_generator_c/moveit_task_constructor_msgs/msg/detail/sub_trajectory__type_support.c.o[0m
[16.671s] [ 17%] [32mBuilding C object CMakeFiles/moveit_task_constructor_msgs__rosidl_generator_c.dir/rosidl_generator_c/moveit_task_constructor_msgs/msg/detail/task_description__description.c.o[0m
[16.700s] [ 18%] [32mBuilding C object CMakeFiles/moveit_task_constructor_msgs__rosidl_generator_c.dir/rosidl_generator_c/moveit_task_constructor_msgs/msg/detail/task_description__functions.c.o[0m
[16.744s] [ 18%] [32mBuilding C object CMakeFiles/moveit_task_constructor_msgs__rosidl_generator_c.dir/rosidl_generator_c/moveit_task_constructor_msgs/msg/detail/task_description__type_support.c.o[0m
[16.750s] [ 19%] [32mBuilding C object CMakeFiles/moveit_task_constructor_msgs__rosidl_generator_c.dir/rosidl_generator_c/moveit_task_constructor_msgs/msg/detail/task_statistics__description.c.o[0m
[16.768s] [ 20%] [32mBuilding C object CMakeFiles/moveit_task_constructor_msgs__rosidl_generator_c.dir/rosidl_generator_c/moveit_task_constructor_msgs/msg/detail/task_statistics__functions.c.o[0m
[16.805s] [ 20%] [32mBuilding C object CMakeFiles/moveit_task_constructor_msgs__rosidl_generator_c.dir/rosidl_generator_c/moveit_task_constructor_msgs/msg/detail/task_statistics__type_support.c.o[0m
[16.845s] [ 21%] [32mBuilding C object CMakeFiles/moveit_task_constructor_msgs__rosidl_generator_c.dir/rosidl_generator_c/moveit_task_constructor_msgs/msg/detail/trajectory_execution_info__description.c.o[0m
[16.865s] [ 22%] [32mBuilding C object CMakeFiles/moveit_task_constructor_msgs__rosidl_generator_c.dir/rosidl_generator_c/moveit_task_constructor_msgs/srv/detail/get_solution__description.c.o[0m
[16.865s] [ 22%] [32mBuilding C object CMakeFiles/moveit_task_constructor_msgs__rosidl_generator_c.dir/rosidl_generator_c/moveit_task_constructor_msgs/msg/detail/trajectory_execution_info__type_support.c.o[0m
[16.870s] [ 23%] [32mBuilding C object CMakeFiles/moveit_task_constructor_msgs__rosidl_generator_c.dir/rosidl_generator_c/moveit_task_constructor_msgs/msg/detail/trajectory_execution_info__functions.c.o[0m
[16.898s] [ 24%] [32mBuilding C object CMakeFiles/moveit_task_constructor_msgs__rosidl_generator_c.dir/rosidl_generator_c/moveit_task_constructor_msgs/srv/detail/get_solution__functions.c.o[0m
[16.908s] [ 25%] [32mBuilding C object CMakeFiles/moveit_task_constructor_msgs__rosidl_generator_c.dir/rosidl_generator_c/moveit_task_constructor_msgs/srv/detail/get_solution__type_support.c.o[0m
[16.921s] [ 25%] [32mBuilding C object CMakeFiles/moveit_task_constructor_msgs__rosidl_generator_c.dir/rosidl_generator_c/moveit_task_constructor_msgs/action/detail/execute_task_solution__description.c.o[0m
[16.945s] [ 26%] [32mBuilding C object CMakeFiles/moveit_task_constructor_msgs__rosidl_generator_c.dir/rosidl_generator_c/moveit_task_constructor_msgs/action/detail/execute_task_solution__functions.c.o[0m
[16.955s] [ 27%] [32mBuilding C object CMakeFiles/moveit_task_constructor_msgs__rosidl_generator_c.dir/rosidl_generator_c/moveit_task_constructor_msgs/action/detail/execute_task_solution__type_support.c.o[0m
[17.300s] [ 27%] [32m[1mLinking C shared library libmoveit_task_constructor_msgs__rosidl_generator_c.so[0m
[17.528s] [ 27%] Built target moveit_task_constructor_msgs__rosidl_generator_c
[17.560s] [ 28%] [34m[1mGenerating C type support for eProsima Fast-RTPS[0m
[17.562s] [ 29%] [34m[1mGenerating C++ type support for eProsima Fast-RTPS[0m
[17.562s] [ 30%] [34m[1mGenerating C introspection for ROS interfaces[0m
[17.563s] [ 31%] [34m[1mGenerating C type support dispatch for ROS interfaces[0m
[17.564s] [ 31%] [34m[1mGenerating C++ type support dispatch for ROS interfaces[0m
[17.567s] [ 31%] [34m[1mGenerating C++ introspection for ROS interfaces[0m
[18.996s] [ 31%] [32mBuilding CXX object CMakeFiles/moveit_task_constructor_msgs__rosidl_typesupport_c.dir/rosidl_typesupport_c/moveit_task_constructor_msgs/msg/property__type_support.cpp.o[0m
[19.007s] [ 32%] [32mBuilding CXX object CMakeFiles/moveit_task_constructor_msgs__rosidl_typesupport_c.dir/rosidl_typesupport_c/moveit_task_constructor_msgs/msg/solution__type_support.cpp.o[0m
[19.066s] [ 33%] [32mBuilding CXX object CMakeFiles/moveit_task_constructor_msgs__rosidl_typesupport_cpp.dir/rosidl_typesupport_cpp/moveit_task_constructor_msgs/msg/property__type_support.cpp.o[0m
[19.128s] [ 34%] [32mBuilding CXX object CMakeFiles/moveit_task_constructor_msgs__rosidl_typesupport_cpp.dir/rosidl_typesupport_cpp/moveit_task_constructor_msgs/msg/solution__type_support.cpp.o[0m
[19.151s] [ 35%] [32mBuilding CXX object CMakeFiles/moveit_task_constructor_msgs__rosidl_typesupport_c.dir/rosidl_typesupport_c/moveit_task_constructor_msgs/msg/solution_info__type_support.cpp.o[0m
[19.289s] [ 35%] [32mBuilding CXX object CMakeFiles/moveit_task_constructor_msgs__rosidl_typesupport_c.dir/rosidl_typesupport_c/moveit_task_constructor_msgs/msg/stage_description__type_support.cpp.o[0m
[19.416s] [ 36%] [32mBuilding CXX object CMakeFiles/moveit_task_constructor_msgs__rosidl_typesupport_c.dir/rosidl_typesupport_c/moveit_task_constructor_msgs/msg/stage_statistics__type_support.cpp.o[0m
[19.538s] [ 37%] [32mBuilding CXX object CMakeFiles/moveit_task_constructor_msgs__rosidl_typesupport_c.dir/rosidl_typesupport_c/moveit_task_constructor_msgs/msg/sub_solution__type_support.cpp.o[0m
[19.667s] [ 38%] [32mBuilding CXX object CMakeFiles/moveit_task_constructor_msgs__rosidl_typesupport_c.dir/rosidl_typesupport_c/moveit_task_constructor_msgs/msg/sub_trajectory__type_support.cpp.o[0m
[19.679s] [ 39%] [32mBuilding CXX object CMakeFiles/moveit_task_constructor_msgs__rosidl_typesupport_introspection_cpp.dir/rosidl_typesupport_introspection_cpp/moveit_task_constructor_msgs/msg/detail/property__type_support.cpp.o[0m
[19.701s] [ 40%] [32mBuilding CXX object CMakeFiles/moveit_task_constructor_msgs__rosidl_typesupport_introspection_cpp.dir/rosidl_typesupport_introspection_cpp/moveit_task_constructor_msgs/msg/detail/solution__type_support.cpp.o[0m
[19.718s] [ 40%] [32mBuilding C object CMakeFiles/moveit_task_constructor_msgs__rosidl_typesupport_introspection_c.dir/rosidl_typesupport_introspection_c/moveit_task_constructor_msgs/msg/detail/property__type_support.c.o[0m
[19.816s] [ 40%] [32mBuilding CXX object CMakeFiles/moveit_task_constructor_msgs__rosidl_typesupport_c.dir/rosidl_typesupport_c/moveit_task_constructor_msgs/msg/task_description__type_support.cpp.o[0m
[19.824s] [ 41%] [32mBuilding C object CMakeFiles/moveit_task_constructor_msgs__rosidl_typesupport_introspection_c.dir/rosidl_typesupport_introspection_c/moveit_task_constructor_msgs/msg/detail/solution__type_support.c.o[0m
[19.842s] [ 42%] [32mBuilding CXX object CMakeFiles/moveit_task_constructor_msgs__rosidl_typesupport_cpp.dir/rosidl_typesupport_cpp/moveit_task_constructor_msgs/msg/solution_info__type_support.cpp.o[0m
[19.952s] [ 43%] [32mBuilding CXX object CMakeFiles/moveit_task_constructor_msgs__rosidl_typesupport_c.dir/rosidl_typesupport_c/moveit_task_constructor_msgs/msg/task_statistics__type_support.cpp.o[0m
[20.010s] [ 44%] [32mBuilding C object CMakeFiles/moveit_task_constructor_msgs__rosidl_typesupport_introspection_c.dir/rosidl_typesupport_introspection_c/moveit_task_constructor_msgs/msg/detail/solution_info__type_support.c.o[0m
[20.103s] [ 45%] [32mBuilding CXX object CMakeFiles/moveit_task_constructor_msgs__rosidl_typesupport_c.dir/rosidl_typesupport_c/moveit_task_constructor_msgs/msg/trajectory_execution_info__type_support.cpp.o[0m
[20.142s] [ 45%] [32mBuilding C object CMakeFiles/moveit_task_constructor_msgs__rosidl_typesupport_introspection_c.dir/rosidl_typesupport_introspection_c/moveit_task_constructor_msgs/msg/detail/stage_description__type_support.c.o[0m
[20.244s] [ 45%] [32mBuilding CXX object CMakeFiles/moveit_task_constructor_msgs__rosidl_typesupport_c.dir/rosidl_typesupport_c/moveit_task_constructor_msgs/srv/get_solution__type_support.cpp.o[0m
[20.254s] [ 46%] [32mBuilding C object CMakeFiles/moveit_task_constructor_msgs__rosidl_typesupport_introspection_c.dir/rosidl_typesupport_introspection_c/moveit_task_constructor_msgs/msg/detail/stage_statistics__type_support.c.o[0m
[20.350s] [ 46%] [32mBuilding CXX object CMakeFiles/moveit_task_constructor_msgs__rosidl_typesupport_cpp.dir/rosidl_typesupport_cpp/moveit_task_constructor_msgs/msg/stage_description__type_support.cpp.o[0m
[20.362s] [ 47%] [32mBuilding C object CMakeFiles/moveit_task_constructor_msgs__rosidl_typesupport_introspection_c.dir/rosidl_typesupport_introspection_c/moveit_task_constructor_msgs/msg/detail/sub_solution__type_support.c.o[0m
[20.401s] [ 48%] [32mBuilding CXX object CMakeFiles/moveit_task_constructor_msgs__rosidl_typesupport_fastrtps_c.dir/rosidl_typesupport_fastrtps_c/moveit_task_constructor_msgs/msg/detail/property__type_support_c.cpp.o[0m
[20.406s] [ 49%] [32mBuilding CXX object CMakeFiles/moveit_task_constructor_msgs__rosidl_typesupport_c.dir/rosidl_typesupport_c/moveit_task_constructor_msgs/action/execute_task_solution__type_support.cpp.o[0m
[20.471s] [ 49%] [32mBuilding C object CMakeFiles/moveit_task_constructor_msgs__rosidl_typesupport_introspection_c.dir/rosidl_typesupport_introspection_c/moveit_task_constructor_msgs/msg/detail/sub_trajectory__type_support.c.o[0m
[20.474s] [ 50%] [32mBuilding CXX object CMakeFiles/moveit_task_constructor_msgs__rosidl_typesupport_fastrtps_cpp.dir/rosidl_typesupport_fastrtps_cpp/moveit_task_constructor_msgs/msg/detail/dds_fastrtps/property__type_support.cpp.o[0m
[20.570s] [ 50%] [32mBuilding CXX object CMakeFiles/moveit_task_constructor_msgs__rosidl_typesupport_fastrtps_cpp.dir/rosidl_typesupport_fastrtps_cpp/moveit_task_constructor_msgs/msg/detail/dds_fastrtps/solution__type_support.cpp.o[0m
[20.587s] [ 51%] [32m[1mLinking CXX shared library libmoveit_task_constructor_msgs__rosidl_typesupport_c.so[0m
[20.618s] [ 52%] [32mBuilding C object CMakeFiles/moveit_task_constructor_msgs__rosidl_typesupport_introspection_c.dir/rosidl_typesupport_introspection_c/moveit_task_constructor_msgs/msg/detail/task_description__type_support.c.o[0m
[20.729s] [ 53%] [32mBuilding C object CMakeFiles/moveit_task_constructor_msgs__rosidl_typesupport_introspection_c.dir/rosidl_typesupport_introspection_c/moveit_task_constructor_msgs/msg/detail/task_statistics__type_support.c.o[0m
[20.860s] [ 54%] [32mBuilding C object CMakeFiles/moveit_task_constructor_msgs__rosidl_typesupport_introspection_c.dir/rosidl_typesupport_introspection_c/moveit_task_constructor_msgs/msg/detail/trajectory_execution_info__type_support.c.o[0m
[20.939s] [ 54%] Built target moveit_task_constructor_msgs__rosidl_typesupport_c
[20.963s] [ 55%] [32mBuilding CXX object CMakeFiles/moveit_task_constructor_msgs__rosidl_typesupport_cpp.dir/rosidl_typesupport_cpp/moveit_task_constructor_msgs/msg/stage_statistics__type_support.cpp.o[0m
[20.969s] [ 56%] [32mBuilding CXX object CMakeFiles/moveit_task_constructor_msgs__rosidl_typesupport_fastrtps_cpp.dir/rosidl_typesupport_fastrtps_cpp/moveit_task_constructor_msgs/msg/detail/dds_fastrtps/solution_info__type_support.cpp.o[0m
[20.971s] [ 56%] [32mBuilding C object CMakeFiles/moveit_task_constructor_msgs__rosidl_typesupport_introspection_c.dir/rosidl_typesupport_introspection_c/moveit_task_constructor_msgs/srv/detail/get_solution__type_support.c.o[0m
[21.166s] [ 57%] [32mBuilding C object CMakeFiles/moveit_task_constructor_msgs__rosidl_typesupport_introspection_c.dir/rosidl_typesupport_introspection_c/moveit_task_constructor_msgs/action/detail/execute_task_solution__type_support.c.o[0m
[21.380s] [ 58%] [32m[1mLinking C shared library libmoveit_task_constructor_msgs__rosidl_typesupport_introspection_c.so[0m
[21.475s] [ 59%] [32mBuilding CXX object CMakeFiles/moveit_task_constructor_msgs__rosidl_typesupport_cpp.dir/rosidl_typesupport_cpp/moveit_task_constructor_msgs/msg/sub_solution__type_support.cpp.o[0m
[21.482s] [ 60%] [32mBuilding CXX object CMakeFiles/moveit_task_constructor_msgs__rosidl_typesupport_fastrtps_c.dir/rosidl_typesupport_fastrtps_c/moveit_task_constructor_msgs/msg/detail/solution__type_support_c.cpp.o[0m
[21.717s] [ 60%] [32mBuilding CXX object CMakeFiles/moveit_task_constructor_msgs__rosidl_typesupport_fastrtps_c.dir/rosidl_typesupport_fastrtps_c/moveit_task_constructor_msgs/msg/detail/solution_info__type_support_c.cpp.o[0m
[21.854s] [ 60%] Built target moveit_task_constructor_msgs__rosidl_typesupport_introspection_c
[21.894s] [ 60%] [32mBuilding CXX object CMakeFiles/moveit_task_constructor_msgs__rosidl_typesupport_introspection_cpp.dir/rosidl_typesupport_introspection_cpp/moveit_task_constructor_msgs/msg/detail/solution_info__type_support.cpp.o[0m
[22.337s] [ 60%] [32mBuilding CXX object CMakeFiles/moveit_task_constructor_msgs__rosidl_typesupport_cpp.dir/rosidl_typesupport_cpp/moveit_task_constructor_msgs/msg/sub_trajectory__type_support.cpp.o[0m
[22.458s] [ 61%] [32mBuilding CXX object CMakeFiles/moveit_task_constructor_msgs__rosidl_typesupport_fastrtps_c.dir/rosidl_typesupport_fastrtps_c/moveit_task_constructor_msgs/msg/detail/stage_description__type_support_c.cpp.o[0m
[22.701s] [ 62%] [32mBuilding CXX object CMakeFiles/moveit_task_constructor_msgs__rosidl_typesupport_fastrtps_cpp.dir/rosidl_typesupport_fastrtps_cpp/moveit_task_constructor_msgs/msg/detail/dds_fastrtps/stage_description__type_support.cpp.o[0m
[22.867s] [ 63%] [32mBuilding CXX object CMakeFiles/moveit_task_constructor_msgs__rosidl_typesupport_introspection_cpp.dir/rosidl_typesupport_introspection_cpp/moveit_task_constructor_msgs/msg/detail/stage_description__type_support.cpp.o[0m
[22.955s] [ 63%] [32mBuilding CXX object CMakeFiles/moveit_task_constructor_msgs__rosidl_typesupport_fastrtps_cpp.dir/rosidl_typesupport_fastrtps_cpp/moveit_task_constructor_msgs/msg/detail/dds_fastrtps/stage_statistics__type_support.cpp.o[0m
[23.177s] [ 64%] [32mBuilding CXX object CMakeFiles/moveit_task_constructor_msgs__rosidl_typesupport_cpp.dir/rosidl_typesupport_cpp/moveit_task_constructor_msgs/msg/task_description__type_support.cpp.o[0m
[23.347s] [ 65%] [32mBuilding CXX object CMakeFiles/moveit_task_constructor_msgs__rosidl_typesupport_fastrtps_c.dir/rosidl_typesupport_fastrtps_c/moveit_task_constructor_msgs/msg/detail/stage_statistics__type_support_c.cpp.o[0m
[23.694s] [ 66%] [32mBuilding CXX object CMakeFiles/moveit_task_constructor_msgs__rosidl_typesupport_introspection_cpp.dir/rosidl_typesupport_introspection_cpp/moveit_task_constructor_msgs/msg/detail/stage_statistics__type_support.cpp.o[0m
[23.723s] [ 66%] [32mBuilding CXX object CMakeFiles/moveit_task_constructor_msgs__rosidl_typesupport_fastrtps_c.dir/rosidl_typesupport_fastrtps_c/moveit_task_constructor_msgs/msg/detail/sub_solution__type_support_c.cpp.o[0m
[23.739s] [ 67%] [32mBuilding CXX object CMakeFiles/moveit_task_constructor_msgs__rosidl_typesupport_fastrtps_cpp.dir/rosidl_typesupport_fastrtps_cpp/moveit_task_constructor_msgs/msg/detail/dds_fastrtps/sub_solution__type_support.cpp.o[0m
[23.950s] [ 68%] [32mBuilding CXX object CMakeFiles/moveit_task_constructor_msgs__rosidl_typesupport_cpp.dir/rosidl_typesupport_cpp/moveit_task_constructor_msgs/msg/task_statistics__type_support.cpp.o[0m
[24.011s] [ 68%] [32mBuilding CXX object CMakeFiles/moveit_task_constructor_msgs__rosidl_typesupport_introspection_cpp.dir/rosidl_typesupport_introspection_cpp/moveit_task_constructor_msgs/msg/detail/sub_solution__type_support.cpp.o[0m
[24.204s] [ 69%] [32mBuilding CXX object CMakeFiles/moveit_task_constructor_msgs__rosidl_typesupport_fastrtps_c.dir/rosidl_typesupport_fastrtps_c/moveit_task_constructor_msgs/msg/detail/sub_trajectory__type_support_c.cpp.o[0m
[24.357s] [ 70%] [32mBuilding CXX object CMakeFiles/moveit_task_constructor_msgs__rosidl_typesupport_fastrtps_cpp.dir/rosidl_typesupport_fastrtps_cpp/moveit_task_constructor_msgs/msg/detail/dds_fastrtps/sub_trajectory__type_support.cpp.o[0m
[24.357s] [ 70%] [32mBuilding CXX object CMakeFiles/moveit_task_constructor_msgs__rosidl_typesupport_cpp.dir/rosidl_typesupport_cpp/moveit_task_constructor_msgs/msg/trajectory_execution_info__type_support.cpp.o[0m
[24.708s] [ 71%] [32mBuilding CXX object CMakeFiles/moveit_task_constructor_msgs__rosidl_typesupport_fastrtps_c.dir/rosidl_typesupport_fastrtps_c/moveit_task_constructor_msgs/msg/detail/task_description__type_support_c.cpp.o[0m
[24.710s] [ 72%] [32mBuilding CXX object CMakeFiles/moveit_task_constructor_msgs__rosidl_typesupport_introspection_cpp.dir/rosidl_typesupport_introspection_cpp/moveit_task_constructor_msgs/msg/detail/sub_trajectory__type_support.cpp.o[0m
[24.954s] [ 73%] [32mBuilding CXX object CMakeFiles/moveit_task_constructor_msgs__rosidl_typesupport_cpp.dir/rosidl_typesupport_cpp/moveit_task_constructor_msgs/srv/get_solution__type_support.cpp.o[0m
[24.983s] [ 74%] [32mBuilding CXX object CMakeFiles/moveit_task_constructor_msgs__rosidl_typesupport_introspection_cpp.dir/rosidl_typesupport_introspection_cpp/moveit_task_constructor_msgs/msg/detail/task_description__type_support.cpp.o[0m
[25.040s] [ 75%] [32mBuilding CXX object CMakeFiles/moveit_task_constructor_msgs__rosidl_typesupport_introspection_cpp.dir/rosidl_typesupport_introspection_cpp/moveit_task_constructor_msgs/msg/detail/task_statistics__type_support.cpp.o[0m
[25.321s] [ 75%] [32mBuilding CXX object CMakeFiles/moveit_task_constructor_msgs__rosidl_typesupport_fastrtps_cpp.dir/rosidl_typesupport_fastrtps_cpp/moveit_task_constructor_msgs/msg/detail/dds_fastrtps/task_description__type_support.cpp.o[0m
[25.463s] [ 76%] [32mBuilding CXX object CMakeFiles/moveit_task_constructor_msgs__rosidl_typesupport_cpp.dir/rosidl_typesupport_cpp/moveit_task_constructor_msgs/action/execute_task_solution__type_support.cpp.o[0m
[25.845s] [ 76%] [32mBuilding CXX object CMakeFiles/moveit_task_constructor_msgs__rosidl_typesupport_fastrtps_c.dir/rosidl_typesupport_fastrtps_c/moveit_task_constructor_msgs/msg/detail/task_statistics__type_support_c.cpp.o[0m
[25.938s] [ 77%] [32mBuilding CXX object CMakeFiles/moveit_task_constructor_msgs__rosidl_typesupport_fastrtps_cpp.dir/rosidl_typesupport_fastrtps_cpp/moveit_task_constructor_msgs/msg/detail/dds_fastrtps/task_statistics__type_support.cpp.o[0m
[25.950s] [ 77%] [32mBuilding CXX object CMakeFiles/moveit_task_constructor_msgs__rosidl_typesupport_introspection_cpp.dir/rosidl_typesupport_introspection_cpp/moveit_task_constructor_msgs/msg/detail/trajectory_execution_info__type_support.cpp.o[0m
[26.086s] [ 78%] [32mBuilding CXX object CMakeFiles/moveit_task_constructor_msgs__rosidl_typesupport_fastrtps_c.dir/rosidl_typesupport_fastrtps_c/moveit_task_constructor_msgs/msg/detail/trajectory_execution_info__type_support_c.cpp.o[0m
[26.485s] [ 79%] [32mBuilding CXX object CMakeFiles/moveit_task_constructor_msgs__rosidl_typesupport_fastrtps_c.dir/rosidl_typesupport_fastrtps_c/moveit_task_constructor_msgs/srv/detail/get_solution__type_support_c.cpp.o[0m
[26.646s] [ 80%] [32mBuilding CXX object CMakeFiles/moveit_task_constructor_msgs__rosidl_typesupport_introspection_cpp.dir/rosidl_typesupport_introspection_cpp/moveit_task_constructor_msgs/srv/detail/get_solution__type_support.cpp.o[0m
[26.913s] [ 81%] [32mBuilding CXX object CMakeFiles/moveit_task_constructor_msgs__rosidl_typesupport_fastrtps_cpp.dir/rosidl_typesupport_fastrtps_cpp/moveit_task_constructor_msgs/msg/detail/dds_fastrtps/trajectory_execution_info__type_support.cpp.o[0m
[26.999s] [ 82%] [32mBuilding CXX object CMakeFiles/moveit_task_constructor_msgs__rosidl_typesupport_introspection_cpp.dir/rosidl_typesupport_introspection_cpp/moveit_task_constructor_msgs/action/detail/execute_task_solution__type_support.cpp.o[0m
[27.120s] [ 82%] [32mBuilding CXX object CMakeFiles/moveit_task_constructor_msgs__rosidl_typesupport_fastrtps_c.dir/rosidl_typesupport_fastrtps_c/moveit_task_constructor_msgs/action/detail/execute_task_solution__type_support_c.cpp.o[0m
[27.623s] [ 83%] [32mBuilding CXX object CMakeFiles/moveit_task_constructor_msgs__rosidl_typesupport_fastrtps_cpp.dir/rosidl_typesupport_fastrtps_cpp/moveit_task_constructor_msgs/srv/detail/dds_fastrtps/get_solution__type_support.cpp.o[0m
[27.655s] [ 83%] [32mBuilding CXX object CMakeFiles/moveit_task_constructor_msgs__rosidl_typesupport_fastrtps_cpp.dir/rosidl_typesupport_fastrtps_cpp/moveit_task_constructor_msgs/action/detail/dds_fastrtps/execute_task_solution__type_support.cpp.o[0m
[28.050s] [ 83%] [32m[1mLinking CXX shared library libmoveit_task_constructor_msgs__rosidl_typesupport_cpp.so[0m
[28.470s] [ 84%] [32m[1mLinking CXX shared library libmoveit_task_constructor_msgs__rosidl_typesupport_fastrtps_c.so[0m
[28.544s] [ 84%] Built target moveit_task_constructor_msgs__rosidl_typesupport_cpp
[28.891s] [ 84%] Built target moveit_task_constructor_msgs__rosidl_typesupport_fastrtps_c
[30.619s] [ 85%] [32m[1mLinking CXX shared library libmoveit_task_constructor_msgs__rosidl_typesupport_fastrtps_cpp.so[0m
[30.624s] [ 85%] [32m[1mLinking CXX shared library libmoveit_task_constructor_msgs__rosidl_typesupport_introspection_cpp.so[0m
[31.047s] [ 85%] Built target moveit_task_constructor_msgs__rosidl_typesupport_fastrtps_cpp
[31.086s] [ 85%] Built target moveit_task_constructor_msgs__rosidl_typesupport_introspection_cpp
[31.139s] [ 85%] Built target moveit_task_constructor_msgs
[31.198s] [ 86%] [34m[1mGenerating Python code for ROS interfaces[0m
[33.410s] [ 86%] Built target moveit_task_constructor_msgs__py
[33.466s] [ 86%] [32mBuilding C object CMakeFiles/moveit_task_constructor_msgs__rosidl_generator_py.dir/rosidl_generator_py/moveit_task_constructor_msgs/msg/_sub_solution_s.c.o[0m
[33.468s] [ 88%] [32mBuilding C object CMakeFiles/moveit_task_constructor_msgs__rosidl_generator_py.dir/rosidl_generator_py/moveit_task_constructor_msgs/msg/_solution_info_s.c.o[0m
[33.468s] [ 88%] [32mBuilding C object CMakeFiles/moveit_task_constructor_msgs__rosidl_generator_py.dir/rosidl_generator_py/moveit_task_constructor_msgs/msg/_property_s.c.o[0m
[33.468s] [ 88%] [32mBuilding C object CMakeFiles/moveit_task_constructor_msgs__rosidl_generator_py.dir/rosidl_generator_py/moveit_task_constructor_msgs/msg/_solution_s.c.o[0m
[33.468s] [ 90%] [32mBuilding C object CMakeFiles/moveit_task_constructor_msgs__rosidl_generator_py.dir/rosidl_generator_py/moveit_task_constructor_msgs/msg/_stage_statistics_s.c.o[0m
[33.468s] [ 90%] [32mBuilding C object CMakeFiles/moveit_task_constructor_msgs__rosidl_generator_py.dir/rosidl_generator_py/moveit_task_constructor_msgs/msg/_stage_description_s.c.o[0m
[33.470s] [ 91%] [32mBuilding C object CMakeFiles/moveit_task_constructor_msgs__rosidl_generator_py.dir/rosidl_generator_py/moveit_task_constructor_msgs/msg/_sub_trajectory_s.c.o[0m
[33.741s] [ 92%] [32mBuilding C object CMakeFiles/moveit_task_constructor_msgs__rosidl_generator_py.dir/rosidl_generator_py/moveit_task_constructor_msgs/msg/_task_description_s.c.o[0m
[33.814s] [ 93%] [32mBuilding C object CMakeFiles/moveit_task_constructor_msgs__rosidl_generator_py.dir/rosidl_generator_py/moveit_task_constructor_msgs/msg/_task_statistics_s.c.o[0m
[33.819s] [ 93%] [32mBuilding C object CMakeFiles/moveit_task_constructor_msgs__rosidl_generator_py.dir/rosidl_generator_py/moveit_task_constructor_msgs/msg/_trajectory_execution_info_s.c.o[0m
[33.823s] [ 94%] [32mBuilding C object CMakeFiles/moveit_task_constructor_msgs__rosidl_generator_py.dir/rosidl_generator_py/moveit_task_constructor_msgs/action/_execute_task_solution_s.c.o[0m
[33.823s] [ 95%] [32mBuilding C object CMakeFiles/moveit_task_constructor_msgs__rosidl_generator_py.dir/rosidl_generator_py/moveit_task_constructor_msgs/srv/_get_solution_s.c.o[0m
[34.171s] [ 95%] [32m[1mLinking C shared library libmoveit_task_constructor_msgs__rosidl_generator_py.so[0m
[34.431s] [ 95%] Built target moveit_task_constructor_msgs__rosidl_generator_py
[34.483s] [ 97%] [32mBuilding C object CMakeFiles/moveit_task_constructor_msgs_s__rosidl_typesupport_introspection_c.dir/rosidl_generator_py/moveit_task_constructor_msgs/_moveit_task_constructor_msgs_s.ep.rosidl_typesupport_introspection_c.c.o[0m
[34.483s] [ 97%] [32mBuilding C object CMakeFiles/moveit_task_constructor_msgs_s__rosidl_typesupport_c.dir/rosidl_generator_py/moveit_task_constructor_msgs/_moveit_task_constructor_msgs_s.ep.rosidl_typesupport_c.c.o[0m
[34.483s] [ 97%] [32mBuilding C object CMakeFiles/moveit_task_constructor_msgs_s__rosidl_typesupport_fastrtps_c.dir/rosidl_generator_py/moveit_task_constructor_msgs/_moveit_task_constructor_msgs_s.ep.rosidl_typesupport_fastrtps_c.c.o[0m
[34.753s] [ 98%] [32m[1mLinking C shared module rosidl_generator_py/moveit_task_constructor_msgs/moveit_task_constructor_msgs_s__rosidl_typesupport_introspection_c.so[0m
[34.781s] [ 99%] [32m[1mLinking C shared module rosidl_generator_py/moveit_task_constructor_msgs/moveit_task_constructor_msgs_s__rosidl_typesupport_c.so[0m
[34.800s] [100%] [32m[1mLinking C shared module rosidl_generator_py/moveit_task_constructor_msgs/moveit_task_constructor_msgs_s__rosidl_typesupport_fastrtps_c.so[0m
[34.981s] [100%] Built target moveit_task_constructor_msgs_s__rosidl_typesupport_introspection_c
[34.998s] [100%] Built target moveit_task_constructor_msgs_s__rosidl_typesupport_c
[35.022s] [100%] Built target moveit_task_constructor_msgs_s__rosidl_typesupport_fastrtps_c
