[0mmoveit_core: You did not request a specific build type: Choosing 'Release' for maximum performance[0m
[0mCMake Deprecation Warning at /opt/ros/rolling/share/ament_cmake_target_dependencies/cmake/ament_target_dependencies.cmake:87 (message):
  ament_target_dependencies() is deprecated.  Use target_link_libraries()
  with modern CMake targets instead.  Try replacing this call with:

    target_link_libraries(moveit_collision_detection_bullet PUBLIC
      
    )

Call Stack (most recent call first):
  collision_detection_bullet/CMakeLists.txt:21 (ament_target_dependencies)

[0m
[0mCMake Deprecation Warning at /opt/ros/rolling/share/ament_cmake_target_dependencies/cmake/ament_target_dependencies.cmake:87 (message):
  ament_target_dependencies() is deprecated.  Use target_link_libraries()
  with modern CMake targets instead.  Try replacing this call with:

    target_link_libraries(moveit_collision_detection_bullet PUBLIC
      ${octomap_msgs_TARGETS}
      ${visualization_msgs_TARGETS}
      rclcpp::rclcpp
      rmw_implementation::rmw_implementation
      urdf::urdf
      urdfdom::urdfdom_model
      urdfdom::urdfdom_sensor
      urdfdom::urdfdom_world
      urdfdom_headers::urdfdom_headers
    )

Call Stack (most recent call first):
  collision_detection_bullet/CMakeLists.txt:22 (ament_target_dependencies)

[0m
[0mCMake Deprecation Warning at /opt/ros/rolling/share/ament_cmake_target_dependencies/cmake/ament_target_dependencies.cmake:87 (message):
  ament_target_dependencies() is deprecated.  Use target_link_libraries()
  with modern CMake targets instead.  Try replacing this call with:

    target_link_libraries(collision_detector_bullet_plugin PUBLIC
      
    )

Call Stack (most recent call first):
  collision_detection_bullet/CMakeLists.txt:38 (ament_target_dependencies)

[0m
[0mCMake Deprecation Warning at /opt/ros/rolling/share/ament_cmake_target_dependencies/cmake/ament_target_dependencies.cmake:87 (message):
  ament_target_dependencies() is deprecated.  Use target_link_libraries()
  with modern CMake targets instead.  Try replacing this call with:

    target_link_libraries(collision_detector_bullet_plugin PUBLIC
      ${octomap_msgs_TARGETS}
      ${visualization_msgs_TARGETS}
      pluginlib::pluginlib
      rclcpp::rclcpp
      rmw_implementation::rmw_implementation
      urdf::urdf
    )

Call Stack (most recent call first):
  collision_detection_bullet/CMakeLists.txt:39 (ament_target_dependencies)

[0m
[0mCMake Deprecation Warning at /opt/ros/rolling/share/ament_cmake_target_dependencies/cmake/ament_target_dependencies.cmake:87 (message):
  ament_target_dependencies() is deprecated.  Use target_link_libraries()
  with modern CMake targets instead.  Try replacing this call with:

    target_link_libraries(moveit_collision_detection_fcl PUBLIC
      ${visualization_msgs_TARGETS}
      rclcpp::rclcpp
      rmw_implementation::rmw_implementation
      urdf::urdf
      urdfdom::urdfdom_model
      urdfdom::urdfdom_sensor
      urdfdom::urdfdom_world
      urdfdom_headers::urdfdom_headers
    )

Call Stack (most recent call first):
  collision_detection_fcl/CMakeLists.txt:14 (ament_target_dependencies)

[0m
[0mCMake Deprecation Warning at /opt/ros/rolling/share/ament_cmake_target_dependencies/cmake/ament_target_dependencies.cmake:87 (message):
  ament_target_dependencies() is deprecated.  Use target_link_libraries()
  with modern CMake targets instead.  Try replacing this call with:

    target_link_libraries(collision_detector_fcl_plugin PUBLIC
      ${visualization_msgs_TARGETS}
      pluginlib::pluginlib
      rclcpp::rclcpp
      rmw_implementation::rmw_implementation
      urdf::urdf
    )

Call Stack (most recent call first):
  collision_detection_fcl/CMakeLists.txt:29 (ament_target_dependencies)

[0m
[0mCMake Deprecation Warning at /opt/ros/rolling/share/ament_cmake_target_dependencies/cmake/ament_target_dependencies.cmake:87 (message):
  ament_target_dependencies() is deprecated.  Use target_link_libraries()
  with modern CMake targets instead.  Try replacing this call with:

    target_link_libraries(moveit_collision_detection PUBLIC
      ${visualization_msgs_TARGETS}
      eigen_stl_containers::eigen_stl_containers
      geometric_shapes::geometric_shapes
      pluginlib::pluginlib
      rclcpp::rclcpp
      rmw_implementation::rmw_implementation
      srdfdom::srdfdom
      tf2_eigen::tf2_eigen
      urdf::urdf
      urdfdom::urdfdom_model
      urdfdom::urdfdom_sensor
      urdfdom::urdfdom_world
      urdfdom_headers::urdfdom_headers
    )

Call Stack (most recent call first):
  collision_detection/CMakeLists.txt:19 (ament_target_dependencies)

[0m
[0mCMake Deprecation Warning at /opt/ros/rolling/share/ament_cmake_target_dependencies/cmake/ament_target_dependencies.cmake:87 (message):
  ament_target_dependencies() is deprecated.  Use target_link_libraries()
  with modern CMake targets instead.  Try replacing this call with:

    target_link_libraries(moveit_collision_distance_field PUBLIC
      ${visualization_msgs_TARGETS}
      geometric_shapes::geometric_shapes
      tf2_eigen::tf2_eigen
      urdf::urdf
    )

Call Stack (most recent call first):
  collision_distance_field/CMakeLists.txt:18 (ament_target_dependencies)

[0m
[0mCMake Deprecation Warning at /opt/ros/rolling/share/ament_cmake_target_dependencies/cmake/ament_target_dependencies.cmake:87 (message):
  ament_target_dependencies() is deprecated.  Use target_link_libraries()
  with modern CMake targets instead.  Try replacing this call with:

    target_link_libraries(test_collision_distance_field PUBLIC
      geometric_shapes::geometric_shapes
      resource_retriever::resource_retriever
      srdfdom::srdfdom
    )

Call Stack (most recent call first):
  collision_distance_field/CMakeLists.txt:36 (ament_target_dependencies)

[0m
[0mCMake Deprecation Warning at /opt/ros/rolling/share/ament_cmake_target_dependencies/cmake/ament_target_dependencies.cmake:87 (message):
  ament_target_dependencies() is deprecated.  Use target_link_libraries()
  with modern CMake targets instead.  Try replacing this call with:

    target_link_libraries(moveit_constraint_samplers PUBLIC
      ${visualization_msgs_TARGETS}
      urdf::urdf
      urdfdom::urdfdom_model
      urdfdom::urdfdom_sensor
      urdfdom::urdfdom_world
      urdfdom_headers::urdfdom_headers
    )

Call Stack (most recent call first):
  constraint_samplers/CMakeLists.txt:12 (ament_target_dependencies)

[0m
[0mCMake Deprecation Warning at /opt/ros/rolling/share/ament_cmake_target_dependencies/cmake/ament_target_dependencies.cmake:87 (message):
  ament_target_dependencies() is deprecated.  Use target_link_libraries()
  with modern CMake targets instead.  Try replacing this call with:

    target_link_libraries(test_constraint_samplers PUBLIC
      kdl_parser::kdl_parser
    )

Call Stack (most recent call first):
  constraint_samplers/CMakeLists.txt:46 (ament_target_dependencies)

[0m
[0mCMake Deprecation Warning at /opt/ros/rolling/share/ament_cmake_target_dependencies/cmake/ament_target_dependencies.cmake:87 (message):
  ament_target_dependencies() is deprecated.  Use target_link_libraries()
  with modern CMake targets instead.  Try replacing this call with:

    target_link_libraries(moveit_distance_field PUBLIC
      ${visualization_msgs_TARGETS}
      eigen_stl_containers::eigen_stl_containers
      geometric_shapes::geometric_shapes
      tf2_eigen::tf2_eigen
      urdfdom::urdfdom_model
      urdfdom::urdfdom_sensor
      urdfdom::urdfdom_world
      urdfdom_headers::urdfdom_headers
    )

Call Stack (most recent call first):
  distance_field/CMakeLists.txt:12 (ament_target_dependencies)

[0m
[0mCMake Deprecation Warning at /opt/ros/rolling/share/ament_cmake_target_dependencies/cmake/ament_target_dependencies.cmake:87 (message):
  ament_target_dependencies() is deprecated.  Use target_link_libraries()
  with modern CMake targets instead.  Try replacing this call with:

    target_link_libraries(moveit_dynamics_solver PUBLIC
      ${visualization_msgs_TARGETS}
      kdl_parser::kdl_parser
      urdf::urdf
      urdfdom_headers::urdfdom_headers
    )

Call Stack (most recent call first):
  dynamics_solver/CMakeLists.txt:9 (ament_target_dependencies)

[0m
[0mCMake Deprecation Warning at /opt/ros/rolling/share/ament_cmake_target_dependencies/cmake/ament_target_dependencies.cmake:87 (message):
  ament_target_dependencies() is deprecated.  Use target_link_libraries()
  with modern CMake targets instead.  Try replacing this call with:

    target_link_libraries(moveit_exceptions PUBLIC
      rclcpp::rclcpp
      urdfdom::urdfdom_model
      urdfdom::urdfdom_sensor
      urdfdom::urdfdom_world
      urdfdom_headers::urdfdom_headers
    )

Call Stack (most recent call first):
  exceptions/CMakeLists.txt:8 (ament_target_dependencies)

[0m
[0mCMake Deprecation Warning at /opt/ros/rolling/share/ament_cmake_target_dependencies/cmake/ament_target_dependencies.cmake:87 (message):
  ament_target_dependencies() is deprecated.  Use target_link_libraries()
  with modern CMake targets instead.  Try replacing this call with:

    target_link_libraries(moveit_kinematic_constraints PUBLIC
      ${geometry_msgs_TARGETS}
      ${visualization_msgs_TARGETS}
      tf2_eigen::tf2_eigen
      tf2_geometry_msgs::tf2_geometry_msgs
      urdf::urdf
      urdfdom::urdfdom_model
      urdfdom::urdfdom_sensor
      urdfdom::urdfdom_world
      urdfdom_headers::urdfdom_headers
    )

Call Stack (most recent call first):
  kinematic_constraints/CMakeLists.txt:19 (ament_target_dependencies)

[0m
[0mCMake Deprecation Warning at /opt/ros/rolling/share/ament_cmake_target_dependencies/cmake/ament_target_dependencies.cmake:87 (message):
  ament_target_dependencies() is deprecated.  Use target_link_libraries()
  with modern CMake targets instead.  Try replacing this call with:

    target_link_libraries(moveit_kinematics_base PUBLIC
      ${geometry_msgs_TARGETS}
      ${moveit_msgs_TARGETS}
      geometric_shapes::geometric_shapes
      rclcpp::rclcpp
      srdfdom::srdfdom
      urdf::urdf
      urdfdom_headers::urdfdom_headers
    )

Call Stack (most recent call first):
  kinematics_base/CMakeLists.txt:15 (ament_target_dependencies)

[0m
[0mCMake Deprecation Warning at /opt/ros/rolling/share/ament_cmake_target_dependencies/cmake/ament_target_dependencies.cmake:87 (message):
  ament_target_dependencies() is deprecated.  Use target_link_libraries()
  with modern CMake targets instead.  Try replacing this call with:

    target_link_libraries(moveit_kinematics_metrics PUBLIC
      ${visualization_msgs_TARGETS}
      urdf::urdf
      urdfdom_headers::urdfdom_headers
    )

Call Stack (most recent call first):
  kinematics_metrics/CMakeLists.txt:9 (ament_target_dependencies)

[0m
[0mCMake Deprecation Warning at /opt/ros/rolling/share/ament_cmake_target_dependencies/cmake/ament_target_dependencies.cmake:87 (message):
  ament_target_dependencies() is deprecated.  Use target_link_libraries()
  with modern CMake targets instead.  Try replacing this call with:

    target_link_libraries(moveit_smoothing_base PUBLIC
      rclcpp::rclcpp
      tf2_eigen::tf2_eigen
    )

Call Stack (most recent call first):
  online_signal_smoothing/CMakeLists.txt:13 (ament_target_dependencies)

[0m
[0mCMake Deprecation Warning at /opt/ros/rolling/share/ament_cmake_target_dependencies/cmake/ament_target_dependencies.cmake:87 (message):
  ament_target_dependencies() is deprecated.  Use target_link_libraries()
  with modern CMake targets instead.  Try replacing this call with:

    target_link_libraries(moveit_acceleration_filter PUBLIC
      pluginlib::pluginlib
      srdfdom::srdfdom
    )

Call Stack (most recent call first):
  online_signal_smoothing/CMakeLists.txt:28 (ament_target_dependencies)

[0m
[0mCMake Deprecation Warning at /opt/ros/rolling/share/ament_cmake_target_dependencies/cmake/ament_target_dependencies.cmake:87 (message):
  ament_target_dependencies() is deprecated.  Use target_link_libraries()
  with modern CMake targets instead.  Try replacing this call with:

    target_link_libraries(moveit_butterworth_filter PUBLIC
      pluginlib::pluginlib
      srdfdom::srdfdom
    )

Call Stack (most recent call first):
  online_signal_smoothing/CMakeLists.txt:45 (ament_target_dependencies)

[0m
[0mCMake Deprecation Warning at /opt/ros/rolling/share/ament_cmake_target_dependencies/cmake/ament_target_dependencies.cmake:87 (message):
  ament_target_dependencies() is deprecated.  Use target_link_libraries()
  with modern CMake targets instead.  Try replacing this call with:

    target_link_libraries(moveit_ruckig_filter PUBLIC
      pluginlib::pluginlib
      srdfdom::srdfdom
    )

Call Stack (most recent call first):
  online_signal_smoothing/CMakeLists.txt:61 (ament_target_dependencies)

[0m
[0mCMake Deprecation Warning at /opt/ros/rolling/share/ament_cmake_target_dependencies/cmake/ament_target_dependencies.cmake:87 (message):
  ament_target_dependencies() is deprecated.  Use target_link_libraries()
  with modern CMake targets instead.  Try replacing this call with:

    target_link_libraries(moveit_planning_interface PUBLIC
      ${moveit_msgs_TARGETS}
      urdf::urdf
      urdfdom::urdfdom_model
      urdfdom::urdfdom_sensor
      urdfdom::urdfdom_world
      urdfdom_headers::urdfdom_headers
    )

Call Stack (most recent call first):
  planning_interface/CMakeLists.txt:9 (ament_target_dependencies)

[0m
[0mCMake Deprecation Warning at /opt/ros/rolling/share/ament_cmake_target_dependencies/cmake/ament_target_dependencies.cmake:87 (message):
  ament_target_dependencies() is deprecated.  Use target_link_libraries()
  with modern CMake targets instead.  Try replacing this call with:

    target_link_libraries(moveit_planning_scene PUBLIC
      ${octomap_msgs_TARGETS}
      rclcpp::rclcpp
      urdfdom::urdfdom_model
      urdfdom::urdfdom_sensor
      urdfdom::urdfdom_world
      urdfdom_headers::urdfdom_headers
    )

Call Stack (most recent call first):
  planning_scene/CMakeLists.txt:13 (ament_target_dependencies)

[0m
[0mCMake Deprecation Warning at /opt/ros/rolling/share/ament_cmake_target_dependencies/cmake/ament_target_dependencies.cmake:87 (message):
  ament_target_dependencies() is deprecated.  Use target_link_libraries()
  with modern CMake targets instead.  Try replacing this call with:

    target_link_libraries(test_planning_scene PUBLIC
      geometric_shapes::geometric_shapes
      srdfdom::srdfdom
    )

Call Stack (most recent call first):
  planning_scene/CMakeLists.txt:50 (ament_target_dependencies)

[0m
[0mCMake Deprecation Warning at /opt/ros/rolling/share/ament_cmake_target_dependencies/cmake/ament_target_dependencies.cmake:87 (message):
  ament_target_dependencies() is deprecated.  Use target_link_libraries()
  with modern CMake targets instead.  Try replacing this call with:

    target_link_libraries(moveit_robot_model PUBLIC
      ${moveit_msgs_TARGETS}
      ${visualization_msgs_TARGETS}
      angles::angles
      eigen_stl_containers::eigen_stl_containers
      geometric_shapes::geometric_shapes
      srdfdom::srdfdom
      urdf::urdf
      urdfdom_headers::urdfdom_headers
    )

Call Stack (most recent call first):
  robot_model/CMakeLists.txt:31 (ament_target_dependencies)

[0m
[0mCMake Deprecation Warning at /opt/ros/rolling/share/ament_cmake_target_dependencies/cmake/ament_target_dependencies.cmake:87 (message):
  ament_target_dependencies() is deprecated.  Use target_link_libraries()
  with modern CMake targets instead.  Try replacing this call with:

    target_link_libraries(test_robot_model PUBLIC
      rclcpp::rclcpp
    )

Call Stack (most recent call first):
  robot_model/CMakeLists.txt:48 (ament_target_dependencies)

[0m
[0mCMake Deprecation Warning at /opt/ros/rolling/share/ament_cmake_target_dependencies/cmake/ament_target_dependencies.cmake:87 (message):
  ament_target_dependencies() is deprecated.  Use target_link_libraries()
  with modern CMake targets instead.  Try replacing this call with:

    target_link_libraries(moveit_robot_state PUBLIC
      eigen_stl_containers::eigen_stl_containers
      geometric_shapes::geometric_shapes
      tf2_geometry_msgs::tf2_geometry_msgs
      urdf::urdf
      urdfdom_headers::urdfdom_headers
    )

Call Stack (most recent call first):
  robot_state/CMakeLists.txt:10 (ament_target_dependencies)

[0m
[0mCMake Deprecation Warning at /opt/ros/rolling/share/ament_cmake_target_dependencies/cmake/ament_target_dependencies.cmake:87 (message):
  ament_target_dependencies() is deprecated.  Use target_link_libraries()
  with modern CMake targets instead.  Try replacing this call with:

    target_link_libraries(robot_state_benchmark PUBLIC
      kdl_parser::kdl_parser
    )

Call Stack (most recent call first):
  robot_state/CMakeLists.txt:61 (ament_target_dependencies)

[0m
[0mCMake Deprecation Warning at /opt/ros/rolling/share/ament_cmake_target_dependencies/cmake/ament_target_dependencies.cmake:87 (message):
  ament_target_dependencies() is deprecated.  Use target_link_libraries()
  with modern CMake targets instead.  Try replacing this call with:

    target_link_libraries(moveit_robot_trajectory PUBLIC
      rclcpp::rclcpp
      urdfdom::urdfdom_model
      urdfdom::urdfdom_sensor
      urdfdom::urdfdom_world
      urdfdom_headers::urdfdom_headers
    )

Call Stack (most recent call first):
  robot_trajectory/CMakeLists.txt:8 (ament_target_dependencies)

[0m
[0mCMake Deprecation Warning at /opt/ros/rolling/share/ament_cmake_target_dependencies/cmake/ament_target_dependencies.cmake:87 (message):
  ament_target_dependencies() is deprecated.  Use target_link_libraries()
  with modern CMake targets instead.  Try replacing this call with:

    target_link_libraries(moveit_trajectory_processing PUBLIC
      ${visualization_msgs_TARGETS}
      rclcpp::rclcpp
      rmw_implementation::rmw_implementation
      urdf::urdf
      urdfdom::urdfdom_model
      urdfdom::urdfdom_sensor
      urdfdom::urdfdom_world
      urdfdom_headers::urdfdom_headers
    )

Call Stack (most recent call first):
  trajectory_processing/CMakeLists.txt:11 (ament_target_dependencies)

[0m
[0mCMake Deprecation Warning at /opt/ros/rolling/share/ament_cmake_target_dependencies/cmake/ament_target_dependencies.cmake:87 (message):
  ament_target_dependencies() is deprecated.  Use target_link_libraries()
  with modern CMake targets instead.  Try replacing this call with:

    target_link_libraries(moveit_transforms PUBLIC
      geometric_shapes::geometric_shapes
      rclcpp::rclcpp
      rmw_implementation::rmw_implementation
      tf2_eigen::tf2_eigen
      urdfdom::urdfdom_model
      urdfdom::urdfdom_sensor
      urdfdom::urdfdom_world
      urdfdom_headers::urdfdom_headers
    )

Call Stack (most recent call first):
  transforms/CMakeLists.txt:9 (ament_target_dependencies)

[0m
[0mCMake Deprecation Warning at /opt/ros/rolling/share/ament_cmake_target_dependencies/cmake/ament_target_dependencies.cmake:87 (message):
  ament_target_dependencies() is deprecated.  Use target_link_libraries()
  with modern CMake targets instead.  Try replacing this call with:

    target_link_libraries(moveit_utils PUBLIC
      ${moveit_msgs_TARGETS}
      rclcpp::rclcpp
    )

Call Stack (most recent call first):
  utils/CMakeLists.txt:6 (ament_target_dependencies)

[0m
[0mCMake Deprecation Warning at /opt/ros/rolling/share/ament_cmake_target_dependencies/cmake/ament_target_dependencies.cmake:87 (message):
  ament_target_dependencies() is deprecated.  Use target_link_libraries()
  with modern CMake targets instead.  Try replacing this call with:

    target_link_libraries(moveit_test_utils PUBLIC
      ${geometry_msgs_TARGETS}
      ament_index_cpp::ament_index_cpp
      pluginlib::pluginlib
      rclcpp::rclcpp
      srdfdom::srdfdom
      urdf::urdf
      urdfdom::urdfdom_model
      urdfdom::urdfdom_sensor
      urdfdom::urdfdom_world
      urdfdom_headers::urdfdom_headers
    )

Call Stack (most recent call first):
  utils/CMakeLists.txt:21 (ament_target_dependencies)

[0m
