-- The CXX compiler identification is GNU 13.3.0
-- Detecting CXX compiler ABI info
-- Detecting CXX compiler ABI info - done
-- Check for working CXX compiler: /usr/bin/c++ - skipped
-- Detecting CXX compile features
-- Detecting CXX compile features - done
-- Found moveit_common: 2.14.0 (/home/fabian/moveit2/install/moveit_common/share/moveit_common/cmake)
-- Found ament_cmake: 2.8.4 (/opt/ros/rolling/share/ament_cmake/cmake)
-- Found Python3: /usr/bin/python3 (found version "3.12.3") found components: Interpreter 
-- Override CMake install command with custom implementation using symlinks instead of copying resources
-- Found angles: 1.16.0 (/opt/ros/rolling/share/angles/cmake)
-- Found Bullet: /usr/lib/x86_64-linux-gnu/libBulletDynamics.so (Required is at least version "2.87") 
-- Found common_interfaces: 5.8.2 (/opt/ros/rolling/share/common_interfaces/cmake)
-- Found eigen_stl_containers: 1.1.0 (/opt/ros/rolling/share/eigen_stl_containers/cmake)
-- Found eigen3_cmake_module: 0.5.1 (/opt/ros/rolling/share/eigen3_cmake_module/cmake)
-- Found Eigen3: TRUE (found version "3.4.0") 
-- Found generate_parameter_library: 0.5.0 (/opt/ros/rolling/share/generate_parameter_library/cmake)
-- Found parameter_traits: 0.5.0 (/opt/ros/rolling/share/parameter_traits/cmake)
-- Found rosidl_generator_c: 5.0.1 (/opt/ros/rolling/share/rosidl_generator_c/cmake)
-- Found rosidl_generator_cpp: 5.0.1 (/opt/ros/rolling/share/rosidl_generator_cpp/cmake)
-- Using all available rosidl_typesupport_c: rosidl_typesupport_fastrtps_c;rosidl_typesupport_introspection_c
-- Using all available rosidl_typesupport_cpp: rosidl_typesupport_fastrtps_cpp;rosidl_typesupport_introspection_cpp
-- Found rmw_implementation_cmake: 7.9.0 (/opt/ros/rolling/share/rmw_implementation_cmake/cmake)
-- Found rmw_fastrtps_cpp: 9.4.2 (/opt/ros/rolling/share/rmw_fastrtps_cpp/cmake)
-- Found OpenSSL: /usr/lib/x86_64-linux-gnu/libcrypto.so (found version "3.0.13")  
-- Using RMW implementation 'rmw_fastrtps_cpp' as default
-- Found rclcpp_lifecycle: 30.1.0 (/opt/ros/rolling/share/rclcpp_lifecycle/cmake)
-- Found geometric_shapes: 2.3.3 (/opt/ros/rolling/share/geometric_shapes/cmake)
-- Found Boost: /usr/lib/x86_64-linux-gnu/cmake/Boost-1.83.0/BoostConfig.cmake (found version "1.83.0") found components: random 
-- Found kdl_parser: 3.0.0 (/opt/ros/rolling/share/kdl_parser/cmake)
-- Ensuring Eigen3 include directory is part of orocos-kdl CMake target
-- Found moveit_msgs: 2.7.1 (/opt/ros/rolling/share/moveit_msgs/cmake)
-- Found pluginlib: 5.7.0 (/opt/ros/rolling/share/pluginlib/cmake)
-- Found srdfdom: 2.0.8 (/opt/ros/rolling/share/srdfdom/cmake)
-- Found tf2_eigen: 0.44.0 (/opt/ros/rolling/share/tf2_eigen/cmake)
-- Found tf2_geometry_msgs: 0.44.0 (/opt/ros/rolling/share/tf2_geometry_msgs/cmake)
-- Found tf2_kdl: 0.44.0 (/opt/ros/rolling/share/tf2_kdl/cmake)
-- Found Boost: /usr/lib/x86_64-linux-gnu/cmake/Boost-1.83.0/BoostConfig.cmake (found version "1.83.0") found components: chrono date_time filesystem iostreams program_options regex serialization system thread 
-- Performing Test COMPILER_HAS_HIDDEN_VISIBILITY
-- Performing Test COMPILER_HAS_HIDDEN_VISIBILITY - Success
-- Performing Test COMPILER_HAS_HIDDEN_INLINE_VISIBILITY
-- Performing Test COMPILER_HAS_HIDDEN_INLINE_VISIBILITY - Success
-- Performing Test COMPILER_HAS_DEPRECATED_ATTR
-- Performing Test COMPILER_HAS_DEPRECATED_ATTR - Success
-- Found ament_cmake_gtest: 2.8.4 (/opt/ros/rolling/share/ament_cmake_gtest/cmake)
-- Found gtest sources under '/opt/ros/rolling/src/gtest_vendor': C++ tests using 'Google Test' will be built
-- The C compiler identification is GNU 13.3.0
-- Detecting C compiler ABI info
-- Detecting C compiler ABI info - done
-- Check for working C compiler: /usr/bin/cc - skipped
-- Detecting C compile features
-- Detecting C compile features - done
-- Found Threads: TRUE  
-- Found gtest sources under '/opt/ros/rolling/src/gtest_vendor': C++ tests using 'Google Test' will be built
-- Found gtest sources under '/opt/ros/rolling/src/gtest_vendor': C++ tests using 'Google Test' will be built
-- Found ament_cmake_gtest: 2.8.4 (/opt/ros/rolling/share/ament_cmake_gtest/cmake)
-- Found gtest sources under '/opt/ros/rolling/src/gtest_vendor': C++ tests using 'Google Test' will be built
-- Found ament_cmake_gmock: 2.8.4 (/opt/ros/rolling/share/ament_cmake_gmock/cmake)
-- Found gmock sources under '/opt/ros/rolling/src/gmock_vendor': C++ tests using 'Google Mock' will be built
-- Found ament_cmake_gtest: 2.8.4 (/opt/ros/rolling/share/ament_cmake_gtest/cmake)
-- Found gtest sources under '/opt/ros/rolling/src/gtest_vendor': C++ tests using 'Google Test' will be built
-- Found ament_cmake_gtest: 2.8.4 (/opt/ros/rolling/share/ament_cmake_gtest/cmake)
-- Found gtest sources under '/opt/ros/rolling/src/gtest_vendor': C++ tests using 'Google Test' will be built
-- Found ament_cmake_gtest: 2.8.4 (/opt/ros/rolling/share/ament_cmake_gtest/cmake)
-- Found gtest sources under '/opt/ros/rolling/src/gtest_vendor': C++ tests using 'Google Test' will be built
-- Found ament_cmake_gtest: 2.8.4 (/opt/ros/rolling/share/ament_cmake_gtest/cmake)
-- Found gtest sources under '/opt/ros/rolling/src/gtest_vendor': C++ tests using 'Google Test' will be built
-- Found ament_cmake_gtest: 2.8.4 (/opt/ros/rolling/share/ament_cmake_gtest/cmake)
-- Found gtest sources under '/opt/ros/rolling/src/gtest_vendor': C++ tests using 'Google Test' will be built
-- Found ament_cmake_gtest: 2.8.4 (/opt/ros/rolling/share/ament_cmake_gtest/cmake)
-- Found gtest sources under '/opt/ros/rolling/src/gtest_vendor': C++ tests using 'Google Test' will be built
-- Found ament_cmake_google_benchmark: 2.8.4 (/opt/ros/rolling/share/ament_cmake_google_benchmark/cmake)
-- Found ament_cmake_gtest: 2.8.4 (/opt/ros/rolling/share/ament_cmake_gtest/cmake)
-- Found gmock sources under '/opt/ros/rolling/src/gmock_vendor': C++ tests using 'Google Mock' will be built
-- Found gtest sources under '/opt/ros/rolling/src/gtest_vendor': C++ tests using 'Google Test' will be built
-- Performance tests are disabled by default, so Google Benchmark tests will be skipped. To enable these tests, set the CMake variable 'AMENT_RUN_PERFORMANCE_TESTS'.
-- Found gtest sources under '/opt/ros/rolling/src/gtest_vendor': C++ tests using 'Google Test' will be built
-- Found ament_cmake_google_benchmark: 2.8.4 (/opt/ros/rolling/share/ament_cmake_google_benchmark/cmake)
-- Found ament_cmake_gtest: 2.8.4 (/opt/ros/rolling/share/ament_cmake_gtest/cmake)
-- Found gtest sources under '/opt/ros/rolling/src/gtest_vendor': C++ tests using 'Google Test' will be built
-- Performance tests are disabled by default, so Google Benchmark tests will be skipped. To enable these tests, set the CMake variable 'AMENT_RUN_PERFORMANCE_TESTS'.
-- Found ament_cmake_gtest: 2.8.4 (/opt/ros/rolling/share/ament_cmake_gtest/cmake)
-- Found gtest sources under '/opt/ros/rolling/src/gtest_vendor': C++ tests using 'Google Test' will be built
-- Found launch_testing_ament_cmake: 3.9.2 (/opt/ros/rolling/share/launch_testing_ament_cmake/cmake)
--  *** Building MoveIt 2.14.0 devel ***
-- Configuring done (13.5s)
-- Generating done (1.3s)
-- Build files have been written to: /home/fabian/moveit2/build/moveit_core
[  1%] [32mBuilding CXX object gmock/CMakeFiles/gmock_main.dir/src/gmock_main.cc.o[0m
[  1%] [32mBuilding CXX object gtest/CMakeFiles/gtest_main.dir/src/gtest_main.cc.o[0m
[  1%] [32mBuilding CXX object gtest/CMakeFiles/gtest.dir/src/gtest-all.cc.o[0m
[  2%] [32mBuilding CXX object utils/CMakeFiles/moveit_utils.dir/src/lexical_casts.cpp.o[0m
[  3%] [32mBuilding CXX object online_signal_smoothing/CMakeFiles/moveit_smoothing_base.dir/src/smoothing_base_class.cpp.o[0m
[  3%] [32mBuilding CXX object gmock/CMakeFiles/gmock.dir/opt/ros/rolling/src/gtest_vendor/src/gtest-all.cc.o[0m
[  4%] [34m[1mRunning `/opt/ros/rolling/bin/generate_parameter_library_cpp /home/fabian/moveit2/build/moveit_core/online_signal_smoothing/include/moveit_core/moveit_acceleration_filter_parameters.hpp /home/fabian/moveit2/moveit_core/online_signal_smoothing/src/acceleration_filter_parameters.yaml `[0m
[  4%] [32mBuilding CXX object utils/CMakeFiles/moveit_utils.dir/src/message_checks.cpp.o[0m
[  4%] [34m[1mCreating deprecated header file /home/fabian/moveit2/build/moveit_core/online_signal_smoothing/include/moveit_acceleration_filter_parameters.hpp[0m
[  4%] Built target moveit_acceleration_filter_parameters
[  5%] [32mBuilding CXX object utils/CMakeFiles/moveit_utils.dir/src/rclcpp_utils.cpp.o[0m
[  6%] [32m[1mLinking CXX static library libgtest_main.a[0m
[  6%] Built target gtest_main
[  7%] [34m[1mRunning `/opt/ros/rolling/bin/generate_parameter_library_cpp /home/fabian/moveit2/build/moveit_core/online_signal_smoothing/include/moveit_core/moveit_butterworth_filter_parameters.hpp /home/fabian/moveit2/moveit_core/online_signal_smoothing/src/butterworth_parameters.yaml `[0m
[  7%] [32mBuilding CXX object utils/CMakeFiles/moveit_utils.dir/src/logger.cpp.o[0m
[  8%] [32m[1mLinking CXX static library libgmock_main.a[0m
[  8%] Built target gmock_main
[  9%] [34m[1mRunning `/opt/ros/rolling/bin/generate_parameter_library_cpp /home/fabian/moveit2/build/moveit_core/online_signal_smoothing/include/moveit_core/moveit_ruckig_filter_parameters.hpp /home/fabian/moveit2/moveit_core/online_signal_smoothing/src/ruckig_filter_parameters.yaml `[0m
[  9%] [34m[1mCreating deprecated header file /home/fabian/moveit2/build/moveit_core/online_signal_smoothing/include/moveit_butterworth_filter_parameters.hpp[0m
[  9%] Built target moveit_butterworth_filter_parameters
[ 10%] [32mBuilding CXX object gmock/CMakeFiles/gmock.dir/src/gmock-all.cc.o[0m
[ 11%] [34m[1mGenerate version header[0m
[ 12%] [34m[1mGenerating version.hpp[0m
[ 12%] Built target version_hpp
[ 12%] [32mBuilding CXX object version/CMakeFiles/moveit_version.dir/version.cpp.o[0m
[ 12%] [34m[1mCreating deprecated header file /home/fabian/moveit2/build/moveit_core/online_signal_smoothing/include/moveit_ruckig_filter_parameters.hpp[0m
[ 12%] Built target moveit_ruckig_filter_parameters
[ 13%] [32m[1mLinking CXX executable moveit_version[0m
[ 13%] Built target moveit_version
[ 14%] [32m[1mLinking CXX shared library libmoveit_smoothing_base.so[0m
[ 15%] [32m[1mLinking CXX shared library libmoveit_utils.so[0m
[ 15%] Built target moveit_smoothing_base
[ 15%] Built target moveit_utils
[ 16%] [32mBuilding CXX object exceptions/CMakeFiles/moveit_exceptions.dir/src/exceptions.cpp.o[0m
[ 16%] [32mBuilding CXX object transforms/CMakeFiles/moveit_transforms.dir/src/transforms.cpp.o[0m
[ 17%] [32m[1mLinking CXX shared library libmoveit_exceptions.so[0m
[ 17%] Built target moveit_exceptions
[ 17%] [32mBuilding CXX object distance_field/CMakeFiles/moveit_distance_field.dir/src/find_internal_points.cpp.o[0m
[ 18%] [32mBuilding CXX object distance_field/CMakeFiles/moveit_distance_field.dir/src/distance_field.cpp.o[0m
[ 18%] [32mBuilding CXX object utils/test/CMakeFiles/logger_dut.dir/logger_dut.cpp.o[0m
[ 18%] [32m[1mLinking CXX static library libgmock.a[0m
[ 18%] Built target gmock
[ 19%] [32m[1mLinking CXX static library libgtest.a[0m
[ 19%] Built target gtest
[ 20%] [32m[1mLinking CXX executable logger_dut[0m
[ 20%] Built target logger_dut
[ 21%] [32m[1mLinking CXX shared library libmoveit_transforms.so[0m
[ 21%] Built target moveit_transforms
[ 22%] [32mBuilding CXX object robot_model/CMakeFiles/moveit_robot_model.dir/src/aabb.cpp.o[0m
[ 22%] [32mBuilding CXX object robot_model/CMakeFiles/moveit_robot_model.dir/src/fixed_joint_model.cpp.o[0m
[ 23%] [32mBuilding CXX object transforms/CMakeFiles/test_transforms.dir/test/test_transforms.cpp.o[0m
[ 24%] [32mBuilding CXX object robot_model/CMakeFiles/moveit_robot_model.dir/src/floating_joint_model.cpp.o[0m
[ 25%] [32mBuilding CXX object robot_model/CMakeFiles/moveit_robot_model.dir/src/joint_model_group.cpp.o[0m
[ 26%] [32mBuilding CXX object distance_field/CMakeFiles/moveit_distance_field.dir/src/propagation_distance_field.cpp.o[0m
[ 26%] [32mBuilding CXX object robot_model/CMakeFiles/moveit_robot_model.dir/src/joint_model.cpp.o[0m
[ 27%] [32mBuilding CXX object robot_model/CMakeFiles/moveit_robot_model.dir/src/link_model.cpp.o[0m
[ 27%] [32mBuilding CXX object robot_model/CMakeFiles/moveit_robot_model.dir/src/planar_joint_model.cpp.o[0m
[ 27%] [32m[1mLinking CXX executable test_transforms[0m
[ 27%] Built target test_transforms
[ 28%] [32mBuilding CXX object robot_model/CMakeFiles/moveit_robot_model.dir/src/prismatic_joint_model.cpp.o[0m
[ 28%] [32mBuilding CXX object robot_model/CMakeFiles/moveit_robot_model.dir/src/revolute_joint_model.cpp.o[0m
[ 29%] [32mBuilding CXX object robot_model/CMakeFiles/moveit_robot_model.dir/src/robot_model.cpp.o[0m
[ 29%] [32m[1mLinking CXX shared library libmoveit_distance_field.so[0m
[ 29%] Built target moveit_distance_field
[ 29%] [32m[1mLinking CXX shared library libmoveit_robot_model.so[0m
[ 29%] Built target moveit_robot_model
[ 30%] [32mBuilding CXX object distance_field/CMakeFiles/test_voxel_grid.dir/test/test_voxel_grid.cpp.o[0m
[ 30%] [32mBuilding CXX object distance_field/CMakeFiles/test_distance_field.dir/test/test_distance_field.cpp.o[0m
[ 31%] [32mBuilding CXX object kinematics_base/CMakeFiles/moveit_kinematics_base.dir/src/kinematics_base.cpp.o[0m
[ 31%] [32m[1mLinking CXX executable test_voxel_grid[0m
[ 31%] Built target test_voxel_grid
[ 32%] [32mBuilding CXX object online_signal_smoothing/CMakeFiles/moveit_butterworth_filter.dir/src/butterworth_filter.cpp.o[0m
[ 32%] [32m[1mLinking CXX shared library libmoveit_kinematics_base.so[0m
[ 32%] Built target moveit_kinematics_base
[ 33%] [32mBuilding CXX object robot_state/CMakeFiles/moveit_robot_state.dir/src/robot_state.cpp.o[0m
[ 33%] [32mBuilding CXX object robot_state/CMakeFiles/moveit_robot_state.dir/src/conversions.cpp.o[0m
[ 34%] [32mBuilding CXX object robot_state/CMakeFiles/moveit_robot_state.dir/src/attached_body.cpp.o[0m
[ 35%] [32mBuilding CXX object robot_state/CMakeFiles/moveit_robot_state.dir/src/cartesian_interpolator.cpp.o[0m
[ 35%] [32mBuilding CXX object utils/CMakeFiles/moveit_test_utils.dir/src/robot_model_test_utils.cpp.o[0m
[ 36%] [32m[1mLinking CXX executable test_distance_field[0m
[ 36%] Built target test_distance_field
[ 36%] [32m[1mLinking CXX shared library libmoveit_butterworth_filter.so[0m
[ 36%] Built target moveit_butterworth_filter
[ 36%] [32mBuilding CXX object online_signal_smoothing/CMakeFiles/test_butterworth_filter.dir/test/test_butterworth_filter.cpp.o[0m
[ 37%] [32m[1mLinking CXX executable test_butterworth_filter[0m
[ 37%] Built target test_butterworth_filter
[ 38%] [32m[1mLinking CXX shared library libmoveit_test_utils.so[0m
[ 38%] Built target moveit_test_utils
[ 38%] [32m[1mLinking CXX shared library libmoveit_robot_state.so[0m
[ 38%] Built target moveit_robot_state
[ 39%] [32mBuilding CXX object robot_trajectory/CMakeFiles/moveit_robot_trajectory.dir/src/robot_trajectory.cpp.o[0m
[ 40%] [32mBuilding CXX object robot_model/CMakeFiles/test_robot_model.dir/test/test.cpp.o[0m
[ 41%] [32mBuilding CXX object dynamics_solver/CMakeFiles/moveit_dynamics_solver.dir/src/dynamics_solver.cpp.o[0m
[ 42%] [32mBuilding CXX object collision_detection/CMakeFiles/moveit_collision_detection.dir/src/allvalid/collision_env_allvalid.cpp.o[0m
[ 42%] [32mBuilding CXX object online_signal_smoothing/CMakeFiles/moveit_acceleration_filter.dir/src/acceleration_filter.cpp.o[0m
[ 43%] [32mBuilding CXX object online_signal_smoothing/CMakeFiles/moveit_ruckig_filter.dir/src/ruckig_filter.cpp.o[0m
[ 44%] [32mBuilding CXX object kinematics_metrics/CMakeFiles/moveit_kinematics_metrics.dir/src/kinematics_metrics.cpp.o[0m
[ 44%] [32mBuilding CXX object collision_detection/CMakeFiles/moveit_collision_detection.dir/src/collision_common.cpp.o[0m
[ 44%] [32m[1mLinking CXX executable test_robot_model[0m
[ 44%] Built target test_robot_model
[ 44%] [32m[1mLinking CXX shared library libmoveit_dynamics_solver.so[0m
[ 44%] Built target moveit_dynamics_solver
[ 44%] [32m[1mLinking CXX shared library libmoveit_ruckig_filter.so[0m
[ 44%] [32m[1mLinking CXX shared library libmoveit_robot_trajectory.so[0m
[ 44%] Built target moveit_ruckig_filter
[ 45%] [32m[1mLinking CXX shared library libmoveit_acceleration_filter.so[0m
[ 45%] Built target moveit_robot_trajectory
[ 45%] Built target moveit_acceleration_filter
[ 46%] [32mBuilding CXX object collision_detection/CMakeFiles/moveit_collision_detection.dir/src/world.cpp.o[0m
[ 47%] [32mBuilding CXX object collision_detection/CMakeFiles/moveit_collision_detection.dir/src/collision_octomap_filter.cpp.o[0m
[ 47%] [32mBuilding CXX object collision_detection/CMakeFiles/moveit_collision_detection.dir/src/collision_tools.cpp.o[0m
[ 47%] [32mBuilding CXX object robot_state/CMakeFiles/test_robot_state_complex.dir/test/test_kinematic_complex.cpp.o[0m
[ 48%] [32mBuilding CXX object robot_state/CMakeFiles/test_robot_state.dir/test/robot_state_test.cpp.o[0m
[ 49%] [32mBuilding CXX object collision_detection/CMakeFiles/moveit_collision_detection.dir/src/collision_matrix.cpp.o[0m
[ 50%] [32mBuilding CXX object robot_state/CMakeFiles/test_aabb.dir/test/test_aabb.cpp.o[0m
[ 50%] [32m[1mLinking CXX shared library libmoveit_kinematics_metrics.so[0m
[ 50%] Built target moveit_kinematics_metrics
[ 50%] [32mBuilding CXX object collision_detection/CMakeFiles/moveit_collision_detection.dir/src/world_diff.cpp.o[0m
[ 51%] [32m[1mLinking CXX executable test_robot_state_complex[0m
[ 51%] [32m[1mLinking CXX executable test_aabb[0m
[ 51%] Built target test_aabb
[ 51%] Built target test_robot_state_complex
[ 52%] [32mBuilding CXX object collision_detection/CMakeFiles/moveit_collision_detection.dir/src/collision_env.cpp.o[0m
[ 53%] [32m[1mLinking CXX executable test_robot_state[0m
[ 53%] Built target test_robot_state
[ 53%] [32mBuilding CXX object collision_detection/CMakeFiles/moveit_collision_detection.dir/src/collision_plugin_cache.cpp.o[0m
[ 54%] [32m[1mLinking CXX shared library libmoveit_collision_detection.so[0m
[ 54%] Built target moveit_collision_detection
[ 55%] [32mBuilding CXX object collision_detection_fcl/CMakeFiles/moveit_collision_detection_fcl.dir/src/collision_common.cpp.o[0m
[ 55%] [32mBuilding CXX object robot_trajectory/CMakeFiles/test_robot_trajectory.dir/test/test_robot_trajectory.cpp.o[0m
[ 56%] [32mBuilding CXX object online_signal_smoothing/CMakeFiles/test_acceleration_filter.dir/test/test_acceleration_filter.cpp.o[0m
[ 56%] [32mBuilding CXX object robot_state/CMakeFiles/robot_state_benchmark.dir/test/robot_state_benchmark.cpp.o[0m
[ 56%] [32mBuilding CXX object robot_state/CMakeFiles/test_cartesian_interpolator.dir/test/test_cartesian_interpolator.cpp.o[0m
[ 56%] [32mBuilding CXX object collision_detection_bullet/CMakeFiles/moveit_collision_detection_bullet.dir/src/bullet_integration/bullet_utils.cpp.o[0m
[ 56%] [32mBuilding CXX object trajectory_processing/CMakeFiles/moveit_trajectory_processing.dir/src/ruckig_traj_smoothing.cpp.o[0m
[ 57%] [32m[1mLinking CXX executable test_cartesian_interpolator[0m
[ 58%] [32m[1mLinking CXX executable robot_state_benchmark[0m
[ 58%] Built target test_cartesian_interpolator
[ 58%] Built target robot_state_benchmark
[ 59%] [32mBuilding CXX object trajectory_processing/CMakeFiles/moveit_trajectory_processing.dir/src/trajectory_tools.cpp.o[0m
[ 59%] [32mBuilding CXX object trajectory_processing/CMakeFiles/moveit_trajectory_processing.dir/src/time_optimal_trajectory_generation.cpp.o[0m
[ 60%] [32mBuilding CXX object collision_detection_bullet/CMakeFiles/moveit_collision_detection_bullet.dir/src/bullet_integration/bullet_discrete_bvh_manager.cpp.o[0m
[ 61%] [32mBuilding CXX object collision_detection/CMakeFiles/test_world.dir/test/test_world.cpp.o[0m
[ 61%] [32m[1mLinking CXX executable test_acceleration_filter[0m
[ 62%] [32m[1mLinking CXX executable test_robot_trajectory[0m
[ 62%] Built target test_acceleration_filter
[ 62%] [32mBuilding CXX object collision_detection_fcl/CMakeFiles/moveit_collision_detection_fcl.dir/src/collision_env_fcl.cpp.o[0m
[ 63%] [32mBuilding CXX object collision_detection_bullet/CMakeFiles/moveit_collision_detection_bullet.dir/src/bullet_integration/bullet_cast_bvh_manager.cpp.o[0m
[ 63%] Built target test_robot_trajectory
[ 63%] [32mBuilding CXX object collision_detection_bullet/CMakeFiles/moveit_collision_detection_bullet.dir/src/collision_env_bullet.cpp.o[0m
[ 64%] [32mBuilding CXX object collision_detection_bullet/CMakeFiles/moveit_collision_detection_bullet.dir/src/bullet_integration/bullet_bvh_manager.cpp.o[0m
[ 64%] [32m[1mLinking CXX executable test_world[0m
[ 64%] Built target test_world
[ 64%] [32mBuilding CXX object collision_detection_bullet/CMakeFiles/moveit_collision_detection_bullet.dir/src/bullet_integration/contact_checker_common.cpp.o[0m
[ 65%] [32mBuilding CXX object collision_detection/CMakeFiles/test_world_diff.dir/test/test_world_diff.cpp.o[0m
[ 66%] [32m[1mLinking CXX shared library libmoveit_trajectory_processing.so[0m
[ 66%] Built target moveit_trajectory_processing
[ 67%] [32mBuilding CXX object collision_detection/CMakeFiles/test_all_valid.dir/test/test_all_valid.cpp.o[0m
[ 67%] [32mBuilding CXX object trajectory_processing/CMakeFiles/test_time_optimal_trajectory_generation.dir/test/test_time_optimal_trajectory_generation.cpp.o[0m
[ 67%] [32mBuilding CXX object trajectory_processing/CMakeFiles/test_ruckig_traj_smoothing.dir/test/test_ruckig_traj_smoothing.cpp.o[0m
[ 68%] [32m[1mLinking CXX shared library libmoveit_collision_detection_fcl.so[0m
[ 68%] [32m[1mLinking CXX executable test_world_diff[0m
[ 69%] [32mBuilding CXX object trajectory_processing/CMakeFiles/robot_trajectory_benchmark.dir/test/robot_trajectory_benchmark.cpp.o[0m
[ 69%] Built target moveit_collision_detection_fcl
[ 70%] [32mBuilding CXX object collision_detection_bullet/CMakeFiles/moveit_collision_detection_bullet.dir/src/bullet_integration/ros_bullet_utils.cpp.o[0m
[ 70%] Built target test_world_diff
[ 70%] [32mBuilding CXX object kinematic_constraints/CMakeFiles/moveit_kinematic_constraints.dir/src/kinematic_constraint.cpp.o[0m
[ 70%] [32mBuilding CXX object collision_detection_fcl/CMakeFiles/test_fcl_collision_env.dir/test/test_fcl_env.cpp.o[0m
[ 70%] [32m[1mLinking CXX shared library libmoveit_collision_detection_bullet.so[0m
[ 70%] [32m[1mLinking CXX executable test_all_valid[0m
[ 70%] Built target moveit_collision_detection_bullet
[ 70%] [32mBuilding CXX object collision_detection_fcl/CMakeFiles/test_fcl_collision_detection.dir/test/test_fcl_collision_detection_pr2.cpp.o[0m
[ 70%] Built target test_all_valid
[ 71%] [32mBuilding CXX object kinematic_constraints/CMakeFiles/moveit_kinematic_constraints.dir/src/utils.cpp.o[0m
[ 71%] [32m[1mLinking CXX executable robot_trajectory_benchmark[0m
[ 71%] Built target robot_trajectory_benchmark
[ 71%] [32mBuilding CXX object collision_detection_fcl/CMakeFiles/test_fcl_collision_detection_panda.dir/test/test_fcl_collision_detection_panda.cpp.o[0m
[ 72%] [32m[1mLinking CXX executable test_ruckig_traj_smoothing[0m
[ 72%] Built target test_ruckig_traj_smoothing
[ 73%] [32mBuilding CXX object collision_detection_bullet/CMakeFiles/test_bullet_collision_detection.dir/test/test_bullet_collision_detection_pr2.cpp.o[0m
[ 74%] [32m[1mLinking CXX executable test_time_optimal_trajectory_generation[0m
[ 74%] Built target test_time_optimal_trajectory_generation
[ 74%] [32mBuilding CXX object collision_detection_bullet/CMakeFiles/test_bullet_collision_detection_panda.dir/test/test_bullet_collision_detection_panda.cpp.o[0m
[ 75%] [32m[1mLinking CXX executable test_fcl_collision_env[0m
[ 75%] Built target test_fcl_collision_env
[ 75%] [32mBuilding CXX object collision_detection_bullet/CMakeFiles/test_bullet_continuous_collision_checking.dir/test/test_bullet_continuous_collision_checking.cpp.o[0m
[ 76%] [32m[1mLinking CXX executable test_fcl_collision_detection[0m
[ 77%] [32m[1mLinking CXX executable test_fcl_collision_detection_panda[0m
[ 77%] Built target test_fcl_collision_detection
[ 77%] Built target test_fcl_collision_detection_panda
[ 78%] [32m[1mLinking CXX executable test_bullet_collision_detection[0m
[ 78%] Built target test_bullet_collision_detection
[ 78%] [32m[1mLinking CXX shared library libmoveit_kinematic_constraints.so[0m
[ 79%] [32m[1mLinking CXX executable test_bullet_collision_detection_panda[0m
[ 79%] Built target moveit_kinematic_constraints
[ 80%] [32mBuilding CXX object planning_scene/CMakeFiles/moveit_planning_scene.dir/src/planning_scene.cpp.o[0m
[ 81%] [32mBuilding CXX object kinematic_constraints/CMakeFiles/test_constraints.dir/test/test_constraints.cpp.o[0m
[ 81%] Built target test_bullet_collision_detection_panda
[ 82%] [32mBuilding CXX object kinematic_constraints/CMakeFiles/test_orientation_constraints.dir/test/test_orientation_constraints.cpp.o[0m
[ 83%] [32m[1mLinking CXX executable test_bullet_continuous_collision_checking[0m
[ 83%] Built target test_bullet_continuous_collision_checking
[ 83%] [32m[1mLinking CXX executable test_orientation_constraints[0m
[ 83%] Built target test_orientation_constraints
[ 84%] [32m[1mLinking CXX executable test_constraints[0m
[ 84%] Built target test_constraints
[ 84%] [32m[1mLinking CXX shared library libmoveit_planning_scene.so[0m
[ 84%] Built target moveit_planning_scene
[ 84%] [32mBuilding CXX object collision_detection_fcl/CMakeFiles/collision_detector_fcl_plugin.dir/src/collision_detector_fcl_plugin_loader.cpp.o[0m
[ 84%] [32mBuilding CXX object collision_detection_bullet/CMakeFiles/collision_detector_bullet_plugin.dir/src/collision_detector_bullet_plugin_loader.cpp.o[0m
[ 84%] [32mBuilding CXX object constraint_samplers/CMakeFiles/moveit_constraint_samplers.dir/src/constraint_sampler.cpp.o[0m
[ 86%] [32mBuilding CXX object collision_distance_field/CMakeFiles/moveit_collision_distance_field.dir/src/collision_distance_field_types.cpp.o[0m
[ 86%] [32mBuilding CXX object planning_scene/CMakeFiles/test_planning_scene.dir/test/test_planning_scene.cpp.o[0m
[ 87%] [32mBuilding CXX object planning_interface/CMakeFiles/moveit_planning_interface.dir/src/planning_interface.cpp.o[0m
[ 88%] [32mBuilding CXX object planning_scene/CMakeFiles/test_collision_objects.dir/test/test_collision_objects.cpp.o[0m
[ 88%] [32mBuilding CXX object collision_distance_field/CMakeFiles/moveit_collision_distance_field.dir/src/collision_common_distance_field.cpp.o[0m
[ 89%] [32m[1mLinking CXX shared library libcollision_detector_bullet_plugin.so[0m
[ 90%] [32mBuilding CXX object constraint_samplers/CMakeFiles/moveit_constraint_samplers.dir/src/constraint_sampler_manager.cpp.o[0m
[ 90%] Built target collision_detector_bullet_plugin
[ 91%] [32mBuilding CXX object collision_distance_field/CMakeFiles/moveit_collision_distance_field.dir/src/collision_env_distance_field.cpp.o[0m
[ 92%] [32m[1mLinking CXX shared library libcollision_detector_fcl_plugin.so[0m
[ 92%] Built target collision_detector_fcl_plugin
[ 93%] [32mBuilding CXX object planning_interface/CMakeFiles/moveit_planning_interface.dir/src/planning_response.cpp.o[0m
[ 93%] [32mBuilding CXX object constraint_samplers/CMakeFiles/moveit_constraint_samplers.dir/src/constraint_sampler_tools.cpp.o[0m
[ 93%] [32m[1mLinking CXX executable test_collision_objects[0m
[ 93%] Built target test_collision_objects
[ 94%] [32mBuilding CXX object constraint_samplers/CMakeFiles/moveit_constraint_samplers.dir/src/default_constraint_samplers.cpp.o[0m
[ 94%] [32m[1mLinking CXX executable test_planning_scene[0m
[ 94%] [32m[1mLinking CXX shared library libmoveit_planning_interface.so[0m
[ 94%] Built target test_planning_scene
[ 94%] [32mBuilding CXX object collision_distance_field/CMakeFiles/moveit_collision_distance_field.dir/src/collision_env_hybrid.cpp.o[0m
[ 95%] [32mBuilding CXX object constraint_samplers/CMakeFiles/moveit_constraint_samplers.dir/src/union_constraint_sampler.cpp.o[0m
[ 95%] Built target moveit_planning_interface
[ 96%] [32mBuilding CXX object planning_scene/CMakeFiles/test_multi_threaded.dir/test/test_multi_threaded.cpp.o[0m
[ 96%] [32m[1mLinking CXX shared library libmoveit_constraint_samplers.so[0m
[ 96%] Built target moveit_constraint_samplers
[ 97%] [32mBuilding CXX object constraint_samplers/CMakeFiles/test_constraint_samplers.dir/test/pr2_arm_ik.cpp.o[0m
[ 97%] [32mBuilding CXX object constraint_samplers/CMakeFiles/test_constraint_samplers.dir/test/pr2_arm_kinematics_plugin.cpp.o[0m
[ 98%] [32mBuilding CXX object constraint_samplers/CMakeFiles/test_constraint_samplers.dir/test/test_constraint_samplers.cpp.o[0m
[ 98%] [32m[1mLinking CXX executable test_multi_threaded[0m
[ 98%] Built target test_multi_threaded
[ 99%] [32m[1mLinking CXX shared library libmoveit_collision_distance_field.so[0m
[ 99%] Built target moveit_collision_distance_field
[100%] [32mBuilding CXX object collision_distance_field/CMakeFiles/test_collision_distance_field.dir/test/test_collision_distance_field.cpp.o[0m
[100%] [32m[1mLinking CXX executable test_collision_distance_field[0m
[100%] Built target test_collision_distance_field
[100%] [32m[1mLinking CXX executable test_constraint_samplers[0m
[100%] Built target test_constraint_samplers
-- Install configuration: "Release"
-- Execute custom install script
-- Symlinking: /home/fabian/moveit2/install/moveit_core/include/moveit_core/moveit/collision_detection_bullet/bullet_integration/basic_types.h
-- Symlinking: /home/fabian/moveit2/install/moveit_core/include/moveit_core/moveit/collision_detection_bullet/bullet_integration/basic_types.hpp
-- Symlinking: /home/fabian/moveit2/install/moveit_core/include/moveit_core/moveit/collision_detection_bullet/bullet_integration/bullet_bvh_manager.h
-- Symlinking: /home/fabian/moveit2/install/moveit_core/include/moveit_core/moveit/collision_detection_bullet/bullet_integration/bullet_bvh_manager.hpp
-- Symlinking: /home/fabian/moveit2/install/moveit_core/include/moveit_core/moveit/collision_detection_bullet/bullet_integration/bullet_cast_bvh_manager.h
-- Symlinking: /home/fabian/moveit2/install/moveit_core/include/moveit_core/moveit/collision_detection_bullet/bullet_integration/bullet_cast_bvh_manager.hpp
-- Symlinking: /home/fabian/moveit2/install/moveit_core/include/moveit_core/moveit/collision_detection_bullet/bullet_integration/bullet_discrete_bvh_manager.h
-- Symlinking: /home/fabian/moveit2/install/moveit_core/include/moveit_core/moveit/collision_detection_bullet/bullet_integration/bullet_discrete_bvh_manager.hpp
-- Symlinking: /home/fabian/moveit2/install/moveit_core/include/moveit_core/moveit/collision_detection_bullet/bullet_integration/bullet_utils.h
-- Symlinking: /home/fabian/moveit2/install/moveit_core/include/moveit_core/moveit/collision_detection_bullet/bullet_integration/bullet_utils.hpp
-- Symlinking: /home/fabian/moveit2/install/moveit_core/include/moveit_core/moveit/collision_detection_bullet/bullet_integration/contact_checker_common.h
-- Symlinking: /home/fabian/moveit2/install/moveit_core/include/moveit_core/moveit/collision_detection_bullet/bullet_integration/contact_checker_common.hpp
-- Symlinking: /home/fabian/moveit2/install/moveit_core/include/moveit_core/moveit/collision_detection_bullet/bullet_integration/ros_bullet_utils.h
-- Symlinking: /home/fabian/moveit2/install/moveit_core/include/moveit_core/moveit/collision_detection_bullet/bullet_integration/ros_bullet_utils.hpp
-- Symlinking: /home/fabian/moveit2/install/moveit_core/include/moveit_core/moveit/collision_detection_bullet/collision_detector_allocator_bullet.h
-- Symlinking: /home/fabian/moveit2/install/moveit_core/include/moveit_core/moveit/collision_detection_bullet/collision_detector_allocator_bullet.hpp
-- Symlinking: /home/fabian/moveit2/install/moveit_core/include/moveit_core/moveit/collision_detection_bullet/collision_detector_bullet_plugin_loader.h
-- Symlinking: /home/fabian/moveit2/install/moveit_core/include/moveit_core/moveit/collision_detection_bullet/collision_detector_bullet_plugin_loader.hpp
-- Symlinking: /home/fabian/moveit2/install/moveit_core/include/moveit_core/moveit/collision_detection_bullet/collision_env_bullet.h
-- Symlinking: /home/fabian/moveit2/install/moveit_core/include/moveit_core/moveit/collision_detection_bullet/collision_env_bullet.hpp
-- Symlinking: /home/fabian/moveit2/install/moveit_core/include/moveit_core/moveit_collision_detection_bullet_export.h
-- Symlinking: /home/fabian/moveit2/install/moveit_core/include/moveit_core/moveit/collision_detection_fcl/collision_common.h
-- Symlinking: /home/fabian/moveit2/install/moveit_core/include/moveit_core/moveit/collision_detection_fcl/collision_common.hpp
-- Symlinking: /home/fabian/moveit2/install/moveit_core/include/moveit_core/moveit/collision_detection_fcl/collision_detector_allocator_fcl.h
-- Symlinking: /home/fabian/moveit2/install/moveit_core/include/moveit_core/moveit/collision_detection_fcl/collision_detector_allocator_fcl.hpp
-- Symlinking: /home/fabian/moveit2/install/moveit_core/include/moveit_core/moveit/collision_detection_fcl/collision_detector_fcl_plugin_loader.h
-- Symlinking: /home/fabian/moveit2/install/moveit_core/include/moveit_core/moveit/collision_detection_fcl/collision_detector_fcl_plugin_loader.hpp
-- Symlinking: /home/fabian/moveit2/install/moveit_core/include/moveit_core/moveit/collision_detection_fcl/collision_env_fcl.h
-- Symlinking: /home/fabian/moveit2/install/moveit_core/include/moveit_core/moveit/collision_detection_fcl/collision_env_fcl.hpp
-- Symlinking: /home/fabian/moveit2/install/moveit_core/include/moveit_core/moveit/collision_detection_fcl/fcl_compat.h
-- Symlinking: /home/fabian/moveit2/install/moveit_core/include/moveit_core/moveit/collision_detection_fcl/fcl_compat.hpp
-- Symlinking: /home/fabian/moveit2/install/moveit_core/include/moveit_core/moveit_collision_detection_fcl_export.h
-- Symlinking: /home/fabian/moveit2/install/moveit_core/include/moveit_core/moveit/collision_detection/allvalid/collision_detector_allocator_allvalid.h
-- Symlinking: /home/fabian/moveit2/install/moveit_core/include/moveit_core/moveit/collision_detection/allvalid/collision_detector_allocator_allvalid.hpp
-- Symlinking: /home/fabian/moveit2/install/moveit_core/include/moveit_core/moveit/collision_detection/allvalid/collision_env_allvalid.h
-- Symlinking: /home/fabian/moveit2/install/moveit_core/include/moveit_core/moveit/collision_detection/allvalid/collision_env_allvalid.hpp
-- Symlinking: /home/fabian/moveit2/install/moveit_core/include/moveit_core/moveit/collision_detection/collision_common.h
-- Symlinking: /home/fabian/moveit2/install/moveit_core/include/moveit_core/moveit/collision_detection/collision_common.hpp
-- Symlinking: /home/fabian/moveit2/install/moveit_core/include/moveit_core/moveit/collision_detection/collision_detector_allocator.h
-- Symlinking: /home/fabian/moveit2/install/moveit_core/include/moveit_core/moveit/collision_detection/collision_detector_allocator.hpp
-- Symlinking: /home/fabian/moveit2/install/moveit_core/include/moveit_core/moveit/collision_detection/collision_env.h
-- Symlinking: /home/fabian/moveit2/install/moveit_core/include/moveit_core/moveit/collision_detection/collision_env.hpp
-- Symlinking: /home/fabian/moveit2/install/moveit_core/include/moveit_core/moveit/collision_detection/collision_matrix.h
-- Symlinking: /home/fabian/moveit2/install/moveit_core/include/moveit_core/moveit/collision_detection/collision_matrix.hpp
-- Symlinking: /home/fabian/moveit2/install/moveit_core/include/moveit_core/moveit/collision_detection/collision_octomap_filter.h
-- Symlinking: /home/fabian/moveit2/install/moveit_core/include/moveit_core/moveit/collision_detection/collision_octomap_filter.hpp
-- Symlinking: /home/fabian/moveit2/install/moveit_core/include/moveit_core/moveit/collision_detection/collision_plugin.h
-- Symlinking: /home/fabian/moveit2/install/moveit_core/include/moveit_core/moveit/collision_detection/collision_plugin.hpp
-- Symlinking: /home/fabian/moveit2/install/moveit_core/include/moveit_core/moveit/collision_detection/collision_plugin_cache.h
-- Symlinking: /home/fabian/moveit2/install/moveit_core/include/moveit_core/moveit/collision_detection/collision_plugin_cache.hpp
-- Symlinking: /home/fabian/moveit2/install/moveit_core/include/moveit_core/moveit/collision_detection/collision_tools.h
-- Symlinking: /home/fabian/moveit2/install/moveit_core/include/moveit_core/moveit/collision_detection/collision_tools.hpp
-- Symlinking: /home/fabian/moveit2/install/moveit_core/include/moveit_core/moveit/collision_detection/occupancy_map.h
-- Symlinking: /home/fabian/moveit2/install/moveit_core/include/moveit_core/moveit/collision_detection/occupancy_map.hpp
-- Symlinking: /home/fabian/moveit2/install/moveit_core/include/moveit_core/moveit/collision_detection/test_collision_common_panda.h
-- Symlinking: /home/fabian/moveit2/install/moveit_core/include/moveit_core/moveit/collision_detection/test_collision_common_panda.hpp
-- Symlinking: /home/fabian/moveit2/install/moveit_core/include/moveit_core/moveit/collision_detection/test_collision_common_pr2.h
-- Symlinking: /home/fabian/moveit2/install/moveit_core/include/moveit_core/moveit/collision_detection/test_collision_common_pr2.hpp
-- Symlinking: /home/fabian/moveit2/install/moveit_core/include/moveit_core/moveit/collision_detection/world.h
-- Symlinking: /home/fabian/moveit2/install/moveit_core/include/moveit_core/moveit/collision_detection/world.hpp
-- Symlinking: /home/fabian/moveit2/install/moveit_core/include/moveit_core/moveit/collision_detection/world_diff.h
-- Symlinking: /home/fabian/moveit2/install/moveit_core/include/moveit_core/moveit/collision_detection/world_diff.hpp
-- Symlinking: /home/fabian/moveit2/install/moveit_core/include/moveit_core/moveit_collision_detection_export.h
-- Symlinking: /home/fabian/moveit2/install/moveit_core/include/moveit_core/moveit/collision_distance_field/collision_common_distance_field.h
-- Symlinking: /home/fabian/moveit2/install/moveit_core/include/moveit_core/moveit/collision_distance_field/collision_common_distance_field.hpp
-- Symlinking: /home/fabian/moveit2/install/moveit_core/include/moveit_core/moveit/collision_distance_field/collision_detector_allocator_distance_field.h
-- Symlinking: /home/fabian/moveit2/install/moveit_core/include/moveit_core/moveit/collision_distance_field/collision_detector_allocator_distance_field.hpp
-- Symlinking: /home/fabian/moveit2/install/moveit_core/include/moveit_core/moveit/collision_distance_field/collision_detector_allocator_hybrid.h
-- Symlinking: /home/fabian/moveit2/install/moveit_core/include/moveit_core/moveit/collision_distance_field/collision_detector_allocator_hybrid.hpp
-- Symlinking: /home/fabian/moveit2/install/moveit_core/include/moveit_core/moveit/collision_distance_field/collision_distance_field_types.h
-- Symlinking: /home/fabian/moveit2/install/moveit_core/include/moveit_core/moveit/collision_distance_field/collision_distance_field_types.hpp
-- Symlinking: /home/fabian/moveit2/install/moveit_core/include/moveit_core/moveit/collision_distance_field/collision_env_distance_field.h
-- Symlinking: /home/fabian/moveit2/install/moveit_core/include/moveit_core/moveit/collision_distance_field/collision_env_distance_field.hpp
-- Symlinking: /home/fabian/moveit2/install/moveit_core/include/moveit_core/moveit/collision_distance_field/collision_env_hybrid.h
-- Symlinking: /home/fabian/moveit2/install/moveit_core/include/moveit_core/moveit/collision_distance_field/collision_env_hybrid.hpp
-- Symlinking: /home/fabian/moveit2/install/moveit_core/include/moveit_core/moveit_collision_distance_field_export.h
-- Symlinking: /home/fabian/moveit2/install/moveit_core/include/moveit_core/moveit/constraint_samplers/constraint_sampler.h
-- Symlinking: /home/fabian/moveit2/install/moveit_core/include/moveit_core/moveit/constraint_samplers/constraint_sampler.hpp
-- Symlinking: /home/fabian/moveit2/install/moveit_core/include/moveit_core/moveit/constraint_samplers/constraint_sampler_allocator.h
-- Symlinking: /home/fabian/moveit2/install/moveit_core/include/moveit_core/moveit/constraint_samplers/constraint_sampler_allocator.hpp
-- Symlinking: /home/fabian/moveit2/install/moveit_core/include/moveit_core/moveit/constraint_samplers/constraint_sampler_manager.h
-- Symlinking: /home/fabian/moveit2/install/moveit_core/include/moveit_core/moveit/constraint_samplers/constraint_sampler_manager.hpp
-- Symlinking: /home/fabian/moveit2/install/moveit_core/include/moveit_core/moveit/constraint_samplers/constraint_sampler_tools.h
-- Symlinking: /home/fabian/moveit2/install/moveit_core/include/moveit_core/moveit/constraint_samplers/constraint_sampler_tools.hpp
-- Symlinking: /home/fabian/moveit2/install/moveit_core/include/moveit_core/moveit/constraint_samplers/default_constraint_samplers.h
-- Symlinking: /home/fabian/moveit2/install/moveit_core/include/moveit_core/moveit/constraint_samplers/default_constraint_samplers.hpp
-- Symlinking: /home/fabian/moveit2/install/moveit_core/include/moveit_core/moveit/constraint_samplers/union_constraint_sampler.h
-- Symlinking: /home/fabian/moveit2/install/moveit_core/include/moveit_core/moveit/constraint_samplers/union_constraint_sampler.hpp
-- Symlinking: /home/fabian/moveit2/install/moveit_core/include/moveit_core/moveit/controller_manager/controller_manager.h
-- Symlinking: /home/fabian/moveit2/install/moveit_core/include/moveit_core/moveit/controller_manager/controller_manager.hpp
-- Symlinking: /home/fabian/moveit2/install/moveit_core/include/moveit_core/moveit/distance_field/distance_field.h
-- Symlinking: /home/fabian/moveit2/install/moveit_core/include/moveit_core/moveit/distance_field/distance_field.hpp
-- Symlinking: /home/fabian/moveit2/install/moveit_core/include/moveit_core/moveit/distance_field/find_internal_points.h
-- Symlinking: /home/fabian/moveit2/install/moveit_core/include/moveit_core/moveit/distance_field/find_internal_points.hpp
-- Symlinking: /home/fabian/moveit2/install/moveit_core/include/moveit_core/moveit/distance_field/propagation_distance_field.h
-- Symlinking: /home/fabian/moveit2/install/moveit_core/include/moveit_core/moveit/distance_field/propagation_distance_field.hpp
-- Symlinking: /home/fabian/moveit2/install/moveit_core/include/moveit_core/moveit/distance_field/voxel_grid.h
-- Symlinking: /home/fabian/moveit2/install/moveit_core/include/moveit_core/moveit/distance_field/voxel_grid.hpp
-- Symlinking: /home/fabian/moveit2/install/moveit_core/include/moveit_core/moveit/dynamics_solver/dynamics_solver.h
-- Symlinking: /home/fabian/moveit2/install/moveit_core/include/moveit_core/moveit/dynamics_solver/dynamics_solver.hpp
-- Symlinking: /home/fabian/moveit2/install/moveit_core/include/moveit_core/moveit/exceptions/exceptions.h
-- Symlinking: /home/fabian/moveit2/install/moveit_core/include/moveit_core/moveit/exceptions/exceptions.hpp
-- Symlinking: /home/fabian/moveit2/install/moveit_core/include/moveit_core/moveit/kinematic_constraints/kinematic_constraint.h
-- Symlinking: /home/fabian/moveit2/install/moveit_core/include/moveit_core/moveit/kinematic_constraints/kinematic_constraint.hpp
-- Symlinking: /home/fabian/moveit2/install/moveit_core/include/moveit_core/moveit/kinematic_constraints/utils.h
-- Symlinking: /home/fabian/moveit2/install/moveit_core/include/moveit_core/moveit/kinematic_constraints/utils.hpp
-- Symlinking: /home/fabian/moveit2/install/moveit_core/include/moveit_core/moveit/kinematics_base/kinematics_base.h
-- Symlinking: /home/fabian/moveit2/install/moveit_core/include/moveit_core/moveit/kinematics_base/kinematics_base.hpp
-- Symlinking: /home/fabian/moveit2/install/moveit_core/include/moveit_core/moveit_kinematics_base_export.h
-- Symlinking: /home/fabian/moveit2/install/moveit_core/include/moveit_core/moveit/kinematics_metrics/kinematics_metrics.h
-- Symlinking: /home/fabian/moveit2/install/moveit_core/include/moveit_core/moveit/kinematics_metrics/kinematics_metrics.hpp
-- Symlinking: /home/fabian/moveit2/install/moveit_core/include/moveit_core/moveit/macros/class_forward.h
-- Symlinking: /home/fabian/moveit2/install/moveit_core/include/moveit_core/moveit/macros/class_forward.hpp
-- Symlinking: /home/fabian/moveit2/install/moveit_core/include/moveit_core/moveit/macros/console_colors.h
-- Symlinking: /home/fabian/moveit2/install/moveit_core/include/moveit_core/moveit/macros/console_colors.hpp
-- Symlinking: /home/fabian/moveit2/install/moveit_core/include/moveit_core/moveit/macros/declare_ptr.h
-- Symlinking: /home/fabian/moveit2/install/moveit_core/include/moveit_core/moveit/macros/declare_ptr.hpp
-- Symlinking: /home/fabian/moveit2/install/moveit_core/include/moveit_core/moveit_acceleration_filter_parameters.hpp
-- Symlinking: /home/fabian/moveit2/install/moveit_core/include/moveit_core/moveit_butterworth_filter_parameters.hpp
-- Symlinking: /home/fabian/moveit2/install/moveit_core/include/moveit_core/moveit_ruckig_filter_parameters.hpp
-- Up-to-date symlink: /home/fabian/moveit2/install/moveit_core/include/moveit_core/moveit_acceleration_filter_parameters.hpp
-- Up-to-date symlink: /home/fabian/moveit2/install/moveit_core/include/moveit_core/moveit_butterworth_filter_parameters.hpp
-- Up-to-date symlink: /home/fabian/moveit2/install/moveit_core/include/moveit_core/moveit_ruckig_filter_parameters.hpp
-- Up-to-date symlink: /home/fabian/moveit2/install/moveit_core/include/moveit_core/moveit_acceleration_filter_parameters.hpp
-- Up-to-date symlink: /home/fabian/moveit2/install/moveit_core/include/moveit_core/moveit_butterworth_filter_parameters.hpp
-- Up-to-date symlink: /home/fabian/moveit2/install/moveit_core/include/moveit_core/moveit_ruckig_filter_parameters.hpp
-- Symlinking: /home/fabian/moveit2/install/moveit_core/include/moveit_core/moveit/online_signal_smoothing/acceleration_filter.h
-- Symlinking: /home/fabian/moveit2/install/moveit_core/include/moveit_core/moveit/online_signal_smoothing/acceleration_filter.hpp
-- Symlinking: /home/fabian/moveit2/install/moveit_core/include/moveit_core/moveit/online_signal_smoothing/butterworth_filter.h
-- Symlinking: /home/fabian/moveit2/install/moveit_core/include/moveit_core/moveit/online_signal_smoothing/butterworth_filter.hpp
-- Symlinking: /home/fabian/moveit2/install/moveit_core/include/moveit_core/moveit/online_signal_smoothing/ruckig_filter.h
-- Symlinking: /home/fabian/moveit2/install/moveit_core/include/moveit_core/moveit/online_signal_smoothing/ruckig_filter.hpp
-- Symlinking: /home/fabian/moveit2/install/moveit_core/include/moveit_core/moveit/online_signal_smoothing/smoothing_base_class.h
-- Symlinking: /home/fabian/moveit2/install/moveit_core/include/moveit_core/moveit/online_signal_smoothing/smoothing_base_class.hpp
-- Symlinking: /home/fabian/moveit2/install/moveit_core/include/moveit_core/moveit_smoothing_base_export.h
-- Symlinking: /home/fabian/moveit2/install/moveit_core/include/moveit_core/moveit_acceleration_filter_export.h
-- Symlinking: /home/fabian/moveit2/install/moveit_core/include/moveit_core/moveit_butterworth_filter_export.h
-- Symlinking: /home/fabian/moveit2/install/moveit_core/include/moveit_core/moveit_ruckig_filter_export.h
-- Symlinking: /home/fabian/moveit2/install/moveit_core/include/moveit_core/moveit/planning_interface/planning_interface.h
-- Symlinking: /home/fabian/moveit2/install/moveit_core/include/moveit_core/moveit/planning_interface/planning_interface.hpp
-- Symlinking: /home/fabian/moveit2/install/moveit_core/include/moveit_core/moveit/planning_interface/planning_request.h
-- Symlinking: /home/fabian/moveit2/install/moveit_core/include/moveit_core/moveit/planning_interface/planning_request.hpp
-- Symlinking: /home/fabian/moveit2/install/moveit_core/include/moveit_core/moveit/planning_interface/planning_request_adapter.h
-- Symlinking: /home/fabian/moveit2/install/moveit_core/include/moveit_core/moveit/planning_interface/planning_request_adapter.hpp
-- Symlinking: /home/fabian/moveit2/install/moveit_core/include/moveit_core/moveit/planning_interface/planning_response.h
-- Symlinking: /home/fabian/moveit2/install/moveit_core/include/moveit_core/moveit/planning_interface/planning_response.hpp
-- Symlinking: /home/fabian/moveit2/install/moveit_core/include/moveit_core/moveit/planning_interface/planning_response_adapter.h
-- Symlinking: /home/fabian/moveit2/install/moveit_core/include/moveit_core/moveit/planning_interface/planning_response_adapter.hpp
-- Symlinking: /home/fabian/moveit2/install/moveit_core/include/moveit_core/moveit/planning_scene/planning_scene.h
-- Symlinking: /home/fabian/moveit2/install/moveit_core/include/moveit_core/moveit/planning_scene/planning_scene.hpp
-- Symlinking: /home/fabian/moveit2/install/moveit_core/include/moveit_core/moveit_planning_scene_export.h
-- Symlinking: /home/fabian/moveit2/install/moveit_core/include/moveit_core/moveit/robot_model/aabb.h
-- Symlinking: /home/fabian/moveit2/install/moveit_core/include/moveit_core/moveit/robot_model/aabb.hpp
-- Symlinking: /home/fabian/moveit2/install/moveit_core/include/moveit_core/moveit/robot_model/fixed_joint_model.h
-- Symlinking: /home/fabian/moveit2/install/moveit_core/include/moveit_core/moveit/robot_model/fixed_joint_model.hpp
-- Symlinking: /home/fabian/moveit2/install/moveit_core/include/moveit_core/moveit/robot_model/floating_joint_model.h
-- Symlinking: /home/fabian/moveit2/install/moveit_core/include/moveit_core/moveit/robot_model/floating_joint_model.hpp
-- Symlinking: /home/fabian/moveit2/install/moveit_core/include/moveit_core/moveit/robot_model/joint_model.h
-- Symlinking: /home/fabian/moveit2/install/moveit_core/include/moveit_core/moveit/robot_model/joint_model.hpp
-- Symlinking: /home/fabian/moveit2/install/moveit_core/include/moveit_core/moveit/robot_model/joint_model_group.h
-- Symlinking: /home/fabian/moveit2/install/moveit_core/include/moveit_core/moveit/robot_model/joint_model_group.hpp
-- Symlinking: /home/fabian/moveit2/install/moveit_core/include/moveit_core/moveit/robot_model/link_model.h
-- Symlinking: /home/fabian/moveit2/install/moveit_core/include/moveit_core/moveit/robot_model/link_model.hpp
-- Symlinking: /home/fabian/moveit2/install/moveit_core/include/moveit_core/moveit/robot_model/planar_joint_model.h
-- Symlinking: /home/fabian/moveit2/install/moveit_core/include/moveit_core/moveit/robot_model/planar_joint_model.hpp
-- Symlinking: /home/fabian/moveit2/install/moveit_core/include/moveit_core/moveit/robot_model/prismatic_joint_model.h
-- Symlinking: /home/fabian/moveit2/install/moveit_core/include/moveit_core/moveit/robot_model/prismatic_joint_model.hpp
-- Symlinking: /home/fabian/moveit2/install/moveit_core/include/moveit_core/moveit/robot_model/revolute_joint_model.h
-- Symlinking: /home/fabian/moveit2/install/moveit_core/include/moveit_core/moveit/robot_model/revolute_joint_model.hpp
-- Symlinking: /home/fabian/moveit2/install/moveit_core/include/moveit_core/moveit/robot_model/robot_model.h
-- Symlinking: /home/fabian/moveit2/install/moveit_core/include/moveit_core/moveit/robot_model/robot_model.hpp
-- Symlinking: /home/fabian/moveit2/install/moveit_core/include/moveit_core/moveit/robot_state/attached_body.h
-- Symlinking: /home/fabian/moveit2/install/moveit_core/include/moveit_core/moveit/robot_state/attached_body.hpp
-- Symlinking: /home/fabian/moveit2/install/moveit_core/include/moveit_core/moveit/robot_state/cartesian_interpolator.h
-- Symlinking: /home/fabian/moveit2/install/moveit_core/include/moveit_core/moveit/robot_state/cartesian_interpolator.hpp
-- Symlinking: /home/fabian/moveit2/install/moveit_core/include/moveit_core/moveit/robot_state/conversions.h
-- Symlinking: /home/fabian/moveit2/install/moveit_core/include/moveit_core/moveit/robot_state/conversions.hpp
-- Symlinking: /home/fabian/moveit2/install/moveit_core/include/moveit_core/moveit/robot_state/robot_state.h
-- Symlinking: /home/fabian/moveit2/install/moveit_core/include/moveit_core/moveit/robot_state/robot_state.hpp
-- Symlinking: /home/fabian/moveit2/install/moveit_core/include/moveit_core/moveit/robot_trajectory/robot_trajectory.h
-- Symlinking: /home/fabian/moveit2/install/moveit_core/include/moveit_core/moveit/robot_trajectory/robot_trajectory.hpp
-- Symlinking: /home/fabian/moveit2/install/moveit_core/include/moveit_core/moveit/trajectory_processing/ruckig_traj_smoothing.h
-- Symlinking: /home/fabian/moveit2/install/moveit_core/include/moveit_core/moveit/trajectory_processing/ruckig_traj_smoothing.hpp
-- Symlinking: /home/fabian/moveit2/install/moveit_core/include/moveit_core/moveit/trajectory_processing/time_optimal_trajectory_generation.h
-- Symlinking: /home/fabian/moveit2/install/moveit_core/include/moveit_core/moveit/trajectory_processing/time_optimal_trajectory_generation.hpp
-- Symlinking: /home/fabian/moveit2/install/moveit_core/include/moveit_core/moveit/trajectory_processing/time_parameterization.h
-- Symlinking: /home/fabian/moveit2/install/moveit_core/include/moveit_core/moveit/trajectory_processing/time_parameterization.hpp
-- Symlinking: /home/fabian/moveit2/install/moveit_core/include/moveit_core/moveit/trajectory_processing/trajectory_tools.h
-- Symlinking: /home/fabian/moveit2/install/moveit_core/include/moveit_core/moveit/trajectory_processing/trajectory_tools.hpp
-- Symlinking: /home/fabian/moveit2/install/moveit_core/include/moveit_core/moveit/transforms/transforms.h
-- Symlinking: /home/fabian/moveit2/install/moveit_core/include/moveit_core/moveit/transforms/transforms.hpp
-- Symlinking: /home/fabian/moveit2/install/moveit_core/include/moveit_core/moveit/utils/eigen_test_utils.h
-- Symlinking: /home/fabian/moveit2/install/moveit_core/include/moveit_core/moveit/utils/eigen_test_utils.hpp
-- Symlinking: /home/fabian/moveit2/install/moveit_core/include/moveit_core/moveit/utils/lexical_casts.h
-- Symlinking: /home/fabian/moveit2/install/moveit_core/include/moveit_core/moveit/utils/lexical_casts.hpp
-- Symlinking: /home/fabian/moveit2/install/moveit_core/include/moveit_core/moveit/utils/logger.h
-- Symlinking: /home/fabian/moveit2/install/moveit_core/include/moveit_core/moveit/utils/logger.hpp
-- Symlinking: /home/fabian/moveit2/install/moveit_core/include/moveit_core/moveit/utils/message_checks.h
-- Symlinking: /home/fabian/moveit2/install/moveit_core/include/moveit_core/moveit/utils/message_checks.hpp
-- Symlinking: /home/fabian/moveit2/install/moveit_core/include/moveit_core/moveit/utils/moveit_error_code.h
-- Symlinking: /home/fabian/moveit2/install/moveit_core/include/moveit_core/moveit/utils/moveit_error_code.hpp
-- Symlinking: /home/fabian/moveit2/install/moveit_core/include/moveit_core/moveit/utils/rclcpp_utils.h
-- Symlinking: /home/fabian/moveit2/install/moveit_core/include/moveit_core/moveit/utils/rclcpp_utils.hpp
-- Symlinking: /home/fabian/moveit2/install/moveit_core/include/moveit_core/moveit/utils/robot_model_test_utils.h
-- Symlinking: /home/fabian/moveit2/install/moveit_core/include/moveit_core/moveit/utils/robot_model_test_utils.hpp
-- Symlinking: /home/fabian/moveit2/install/moveit_core/lib/moveit_core/logger_dut
-- Symlinking: /home/fabian/moveit2/install/moveit_core/include/moveit_core/moveit/version.hpp
-- Symlinking: /home/fabian/moveit2/install/moveit_core/bin/moveit_version
-- Symlinking: /home/fabian/moveit2/install/moveit_core/share/moveit_core/environment/library_path.sh
-- Symlinking: /home/fabian/moveit2/install/moveit_core/share/moveit_core/environment/library_path.dsv
-- Symlinking: /home/fabian/moveit2/install/moveit_core/share/moveit_core//collision_detector_fcl_description.xml
-- Symlinking: /home/fabian/moveit2/install/moveit_core/share/moveit_core//collision_detector_bullet_description.xml
-- Symlinking: /home/fabian/moveit2/install/moveit_core/share/moveit_core//filter_plugin_acceleration.xml
-- Symlinking: /home/fabian/moveit2/install/moveit_core/share/moveit_core//filter_plugin_butterworth.xml
-- Symlinking: /home/fabian/moveit2/install/moveit_core/share/moveit_core//filter_plugin_ruckig.xml
-- Symlinking: /home/fabian/moveit2/install/moveit_core/share/ament_index/resource_index/package_run_dependencies/moveit_core
-- Symlinking: /home/fabian/moveit2/install/moveit_core/share/ament_index/resource_index/parent_prefix_path/moveit_core
-- Symlinking: /home/fabian/moveit2/install/moveit_core/share/moveit_core/environment/ament_prefix_path.sh
-- Symlinking: /home/fabian/moveit2/install/moveit_core/share/moveit_core/environment/ament_prefix_path.dsv
-- Symlinking: /home/fabian/moveit2/install/moveit_core/share/moveit_core/environment/path.sh
-- Symlinking: /home/fabian/moveit2/install/moveit_core/share/moveit_core/environment/path.dsv
-- Symlinking: /home/fabian/moveit2/install/moveit_core/share/moveit_core/local_setup.bash
-- Symlinking: /home/fabian/moveit2/install/moveit_core/share/moveit_core/local_setup.sh
-- Symlinking: /home/fabian/moveit2/install/moveit_core/share/moveit_core/local_setup.zsh
-- Symlinking: /home/fabian/moveit2/install/moveit_core/share/moveit_core/local_setup.dsv
-- Symlinking: /home/fabian/moveit2/install/moveit_core/share/moveit_core/package.dsv
-- Symlinking: /home/fabian/moveit2/install/moveit_core/share/ament_index/resource_index/packages/moveit_core
-- Symlinking: /home/fabian/moveit2/install/moveit_core/share/ament_index/resource_index/moveit_core__pluginlib__plugin/moveit_core
-- Symlinking: /home/fabian/moveit2/install/moveit_core/share/moveit_core/cmake/ConfigExtras.cmake
-- Symlinking: /home/fabian/moveit2/install/moveit_core/share/moveit_core/cmake/ament_cmake_export_targets-extras.cmake
-- Symlinking: /home/fabian/moveit2/install/moveit_core/share/moveit_core/cmake/ament_cmake_export_dependencies-extras.cmake
-- Symlinking: /home/fabian/moveit2/install/moveit_core/share/moveit_core/cmake/moveit_coreConfig.cmake
-- Symlinking: /home/fabian/moveit2/install/moveit_core/share/moveit_core/cmake/moveit_coreConfig-version.cmake
-- Symlinking: /home/fabian/moveit2/install/moveit_core/share/moveit_core/package.xml
-- Installing: /home/fabian/moveit2/install/moveit_core/lib/libmoveit_collision_detection.so.2.14.0
-- Set non-toolchain portion of runtime path of "/home/fabian/moveit2/install/moveit_core/lib/libmoveit_collision_detection.so.2.14.0" to ""
-- Installing: /home/fabian/moveit2/install/moveit_core/lib/libmoveit_collision_detection.so
-- Installing: /home/fabian/moveit2/install/moveit_core/lib/libmoveit_collision_detection_bullet.so.2.14.0
-- Set non-toolchain portion of runtime path of "/home/fabian/moveit2/install/moveit_core/lib/libmoveit_collision_detection_bullet.so.2.14.0" to ""
-- Installing: /home/fabian/moveit2/install/moveit_core/lib/libmoveit_collision_detection_bullet.so
-- Installing: /home/fabian/moveit2/install/moveit_core/lib/libmoveit_collision_detection_fcl.so.2.14.0
-- Set non-toolchain portion of runtime path of "/home/fabian/moveit2/install/moveit_core/lib/libmoveit_collision_detection_fcl.so.2.14.0" to ""
-- Installing: /home/fabian/moveit2/install/moveit_core/lib/libmoveit_collision_detection_fcl.so
-- Installing: /home/fabian/moveit2/install/moveit_core/lib/libmoveit_collision_distance_field.so.2.14.0
-- Set non-toolchain portion of runtime path of "/home/fabian/moveit2/install/moveit_core/lib/libmoveit_collision_distance_field.so.2.14.0" to ""
-- Installing: /home/fabian/moveit2/install/moveit_core/lib/libmoveit_collision_distance_field.so
-- Installing: /home/fabian/moveit2/install/moveit_core/lib/libmoveit_constraint_samplers.so.2.14.0
-- Set non-toolchain portion of runtime path of "/home/fabian/moveit2/install/moveit_core/lib/libmoveit_constraint_samplers.so.2.14.0" to ""
-- Installing: /home/fabian/moveit2/install/moveit_core/lib/libmoveit_constraint_samplers.so
-- Installing: /home/fabian/moveit2/install/moveit_core/lib/libmoveit_distance_field.so.2.14.0
-- Set non-toolchain portion of runtime path of "/home/fabian/moveit2/install/moveit_core/lib/libmoveit_distance_field.so.2.14.0" to ""
-- Installing: /home/fabian/moveit2/install/moveit_core/lib/libmoveit_distance_field.so
-- Installing: /home/fabian/moveit2/install/moveit_core/lib/libmoveit_dynamics_solver.so.2.14.0
-- Set non-toolchain portion of runtime path of "/home/fabian/moveit2/install/moveit_core/lib/libmoveit_dynamics_solver.so.2.14.0" to ""
-- Installing: /home/fabian/moveit2/install/moveit_core/lib/libmoveit_dynamics_solver.so
-- Installing: /home/fabian/moveit2/install/moveit_core/lib/libmoveit_exceptions.so.2.14.0
-- Set non-toolchain portion of runtime path of "/home/fabian/moveit2/install/moveit_core/lib/libmoveit_exceptions.so.2.14.0" to ""
-- Installing: /home/fabian/moveit2/install/moveit_core/lib/libmoveit_exceptions.so
-- Installing: /home/fabian/moveit2/install/moveit_core/lib/libmoveit_kinematic_constraints.so.2.14.0
-- Set non-toolchain portion of runtime path of "/home/fabian/moveit2/install/moveit_core/lib/libmoveit_kinematic_constraints.so.2.14.0" to ""
-- Installing: /home/fabian/moveit2/install/moveit_core/lib/libmoveit_kinematic_constraints.so
-- Installing: /home/fabian/moveit2/install/moveit_core/lib/libmoveit_kinematics_base.so
-- Set non-toolchain portion of runtime path of "/home/fabian/moveit2/install/moveit_core/lib/libmoveit_kinematics_base.so" to ""
-- Installing: /home/fabian/moveit2/install/moveit_core/lib/libmoveit_kinematics_metrics.so.2.14.0
-- Set non-toolchain portion of runtime path of "/home/fabian/moveit2/install/moveit_core/lib/libmoveit_kinematics_metrics.so.2.14.0" to ""
-- Installing: /home/fabian/moveit2/install/moveit_core/lib/libmoveit_kinematics_metrics.so
-- Installing: /home/fabian/moveit2/install/moveit_core/lib/libmoveit_planning_interface.so.2.14.0
-- Set non-toolchain portion of runtime path of "/home/fabian/moveit2/install/moveit_core/lib/libmoveit_planning_interface.so.2.14.0" to ""
-- Installing: /home/fabian/moveit2/install/moveit_core/lib/libmoveit_planning_interface.so
-- Installing: /home/fabian/moveit2/install/moveit_core/lib/libmoveit_planning_scene.so.2.14.0
-- Set non-toolchain portion of runtime path of "/home/fabian/moveit2/install/moveit_core/lib/libmoveit_planning_scene.so.2.14.0" to ""
-- Installing: /home/fabian/moveit2/install/moveit_core/lib/libmoveit_planning_scene.so
-- Installing: /home/fabian/moveit2/install/moveit_core/lib/libmoveit_robot_model.so.2.14.0
-- Set non-toolchain portion of runtime path of "/home/fabian/moveit2/install/moveit_core/lib/libmoveit_robot_model.so.2.14.0" to ""
-- Installing: /home/fabian/moveit2/install/moveit_core/lib/libmoveit_robot_model.so
-- Installing: /home/fabian/moveit2/install/moveit_core/lib/libmoveit_robot_state.so.2.14.0
-- Set non-toolchain portion of runtime path of "/home/fabian/moveit2/install/moveit_core/lib/libmoveit_robot_state.so.2.14.0" to ""
-- Installing: /home/fabian/moveit2/install/moveit_core/lib/libmoveit_robot_state.so
-- Installing: /home/fabian/moveit2/install/moveit_core/lib/libmoveit_robot_trajectory.so.2.14.0
-- Set non-toolchain portion of runtime path of "/home/fabian/moveit2/install/moveit_core/lib/libmoveit_robot_trajectory.so.2.14.0" to ""
-- Installing: /home/fabian/moveit2/install/moveit_core/lib/libmoveit_robot_trajectory.so
-- Installing: /home/fabian/moveit2/install/moveit_core/lib/libmoveit_smoothing_base.so.2.14.0
-- Set non-toolchain portion of runtime path of "/home/fabian/moveit2/install/moveit_core/lib/libmoveit_smoothing_base.so.2.14.0" to ""
-- Installing: /home/fabian/moveit2/install/moveit_core/lib/libmoveit_smoothing_base.so
-- Installing: /home/fabian/moveit2/install/moveit_core/lib/libmoveit_test_utils.so.2.14.0
-- Set non-toolchain portion of runtime path of "/home/fabian/moveit2/install/moveit_core/lib/libmoveit_test_utils.so.2.14.0" to ""
-- Installing: /home/fabian/moveit2/install/moveit_core/lib/libmoveit_test_utils.so
-- Installing: /home/fabian/moveit2/install/moveit_core/lib/libmoveit_trajectory_processing.so.2.14.0
-- Set non-toolchain portion of runtime path of "/home/fabian/moveit2/install/moveit_core/lib/libmoveit_trajectory_processing.so.2.14.0" to ""
-- Installing: /home/fabian/moveit2/install/moveit_core/lib/libmoveit_trajectory_processing.so
-- Installing: /home/fabian/moveit2/install/moveit_core/lib/libmoveit_transforms.so.2.14.0
-- Set non-toolchain portion of runtime path of "/home/fabian/moveit2/install/moveit_core/lib/libmoveit_transforms.so.2.14.0" to ""
-- Installing: /home/fabian/moveit2/install/moveit_core/lib/libmoveit_transforms.so
-- Installing: /home/fabian/moveit2/install/moveit_core/lib/libmoveit_utils.so.2.14.0
-- Set non-toolchain portion of runtime path of "/home/fabian/moveit2/install/moveit_core/lib/libmoveit_utils.so.2.14.0" to ""
-- Installing: /home/fabian/moveit2/install/moveit_core/lib/libmoveit_utils.so
-- Installing: /home/fabian/moveit2/install/moveit_core/lib/libcollision_detector_bullet_plugin.so.2.14.0
-- Set non-toolchain portion of runtime path of "/home/fabian/moveit2/install/moveit_core/lib/libcollision_detector_bullet_plugin.so.2.14.0" to ""
-- Installing: /home/fabian/moveit2/install/moveit_core/lib/libcollision_detector_bullet_plugin.so
-- Installing: /home/fabian/moveit2/install/moveit_core/lib/libcollision_detector_fcl_plugin.so.2.14.0
-- Set non-toolchain portion of runtime path of "/home/fabian/moveit2/install/moveit_core/lib/libcollision_detector_fcl_plugin.so.2.14.0" to ""
-- Installing: /home/fabian/moveit2/install/moveit_core/lib/libcollision_detector_fcl_plugin.so
-- Installing: /home/fabian/moveit2/install/moveit_core/lib/libmoveit_acceleration_filter.so.2.14.0
-- Set non-toolchain portion of runtime path of "/home/fabian/moveit2/install/moveit_core/lib/libmoveit_acceleration_filter.so.2.14.0" to ""
-- Installing: /home/fabian/moveit2/install/moveit_core/lib/libmoveit_acceleration_filter.so
-- Installing: /home/fabian/moveit2/install/moveit_core/lib/libmoveit_butterworth_filter.so.2.14.0
-- Set non-toolchain portion of runtime path of "/home/fabian/moveit2/install/moveit_core/lib/libmoveit_butterworth_filter.so.2.14.0" to ""
-- Installing: /home/fabian/moveit2/install/moveit_core/lib/libmoveit_butterworth_filter.so
-- Installing: /home/fabian/moveit2/install/moveit_core/lib/libmoveit_ruckig_filter.so.2.14.0
-- Set non-toolchain portion of runtime path of "/home/fabian/moveit2/install/moveit_core/lib/libmoveit_ruckig_filter.so.2.14.0" to ""
-- Installing: /home/fabian/moveit2/install/moveit_core/lib/libmoveit_ruckig_filter.so
-- Installing: /home/fabian/moveit2/install/moveit_core/share/moveit_core/cmake/moveit_coreTargetsExport.cmake
-- Installing: /home/fabian/moveit2/install/moveit_core/share/moveit_core/cmake/moveit_coreTargetsExport-release.cmake
