[0mCMake Deprecation Warning at /opt/ros/rolling/share/ament_cmake_target_dependencies/cmake/ament_target_dependencies.cmake:87 (message):
  ament_target_dependencies() is deprecated.  Use target_link_libraries()
  with modern CMake targets instead.  Try replacing this call with:

    target_link_libraries(rviz_visual_tools_gui PUBLIC
      rclcpp::rclcpp
      rviz_common::rviz_common
      rviz_default_plugins::rviz_default_plugins
      rviz_rendering::rviz_rendering
    )

Call Stack (most recent call first):
  CMakeLists.txt:80 (ament_target_dependencies)

[0m
[0mCMake Deprecation Warning at /opt/ros/rolling/share/ament_cmake_target_dependencies/cmake/ament_target_dependencies.cmake:87 (message):
  ament_target_dependencies() is deprecated.  Use target_link_libraries()
  with modern CMake targets instead.  Try replacing this call with:

    target_link_libraries(rviz_visual_tools_remote_control PUBLIC
      ${sensor_msgs_TARGETS}
      ${shape_msgs_TARGETS}
      ${std_msgs_TARGETS}
      ${trajectory_msgs_TARGETS}
      ${visualization_msgs_TARGETS}
      eigen_stl_containers::eigen_stl_containers
      rclcpp::rclcpp
      rclcpp_components::component
      rclcpp_components::component_manager
      sensor_msgs::sensor_msgs_library
      tf2::tf2
      tf2_eigen::tf2_eigen
      tf2_geometry_msgs::tf2_geometry_msgs
    )

Call Stack (most recent call first):
  CMakeLists.txt:101 (ament_target_dependencies)

[0m
[0mCMake Deprecation Warning at /opt/ros/rolling/share/ament_cmake_target_dependencies/cmake/ament_target_dependencies.cmake:87 (message):
  ament_target_dependencies() is deprecated.  Use target_link_libraries()
  with modern CMake targets instead.  Try replacing this call with:

    target_link_libraries(rviz_visual_tools PUBLIC
      
    )

Call Stack (most recent call first):
  CMakeLists.txt:121 (ament_target_dependencies)

[0m
[0mCMake Deprecation Warning at /opt/ros/rolling/share/ament_cmake_target_dependencies/cmake/ament_target_dependencies.cmake:87 (message):
  ament_target_dependencies() is deprecated.  Use target_link_libraries()
  with modern CMake targets instead.  Try replacing this call with:

    target_link_libraries(rviz_visual_tools PUBLIC
      ${sensor_msgs_TARGETS}
      ${shape_msgs_TARGETS}
      ${std_msgs_TARGETS}
      ${trajectory_msgs_TARGETS}
      ${visualization_msgs_TARGETS}
      eigen_stl_containers::eigen_stl_containers
      rclcpp::rclcpp
      rclcpp_components::component
      rclcpp_components::component_manager
      sensor_msgs::sensor_msgs_library
      tf2::tf2
      tf2_eigen::tf2_eigen
      tf2_geometry_msgs::tf2_geometry_msgs
    )

Call Stack (most recent call first):
  CMakeLists.txt:125 (ament_target_dependencies)

[0m
[0mCMake Deprecation Warning at /opt/ros/rolling/share/ament_cmake_target_dependencies/cmake/ament_target_dependencies.cmake:87 (message):
  ament_target_dependencies() is deprecated.  Use target_link_libraries()
  with modern CMake targets instead.  Try replacing this call with:

    target_link_libraries(rviz_visual_tools_imarker_simple PUBLIC
      ${geometry_msgs_TARGETS}
      ${sensor_msgs_TARGETS}
      ${visualization_msgs_TARGETS}
      eigen_stl_containers::eigen_stl_containers
      interactive_markers::interactive_markers
      rclcpp::rclcpp
      sensor_msgs::sensor_msgs_library
    )

Call Stack (most recent call first):
  CMakeLists.txt:147 (ament_target_dependencies)

[0m
[0mCMake Deprecation Warning at /opt/ros/rolling/share/ament_cmake_target_dependencies/cmake/ament_target_dependencies.cmake:87 (message):
  ament_target_dependencies() is deprecated.  Use target_link_libraries()
  with modern CMake targets instead.  Try replacing this call with:

    target_link_libraries(rviz_visual_tools_demo PUBLIC
      ${geometry_msgs_TARGETS}
      ${std_msgs_TARGETS}
      rclcpp::rclcpp
    )

Call Stack (most recent call first):
  CMakeLists.txt:165 (ament_target_dependencies)

[0m
[0mCMake Deprecation Warning at /opt/ros/rolling/share/ament_cmake_target_dependencies/cmake/ament_target_dependencies.cmake:87 (message):
  ament_target_dependencies() is deprecated.  Use target_link_libraries()
  with modern CMake targets instead.  Try replacing this call with:

    target_link_libraries(rviz_visual_tools_imarker_simple_demo PUBLIC
      rclcpp::rclcpp
    )

Call Stack (most recent call first):
  CMakeLists.txt:178 (ament_target_dependencies)

[0m
[0mCMake Deprecation Warning at /opt/ros/rolling/share/ament_cmake_target_dependencies/cmake/ament_target_dependencies.cmake:87 (message):
  ament_target_dependencies() is deprecated.  Use target_link_libraries()
  with modern CMake targets instead.  Try replacing this call with:

    target_link_libraries(rviz_visual_tools_rvt_test PUBLIC
      rclcpp::rclcpp
    )

Call Stack (most recent call first):
  CMakeLists.txt:251 (ament_target_dependencies)

[0m
In file included from [01m[K/home/fabian/moveit2/rviz_visual_tools/include/rviz_visual_tools/tf_visual_tools.hpp:48[m[K,
                 from [01m[K/home/fabian/moveit2/rviz_visual_tools/src/tf_visual_tools.cpp:33[m[K:
[01m[K/opt/ros/rolling/include/tf2_ros/tf2_ros/transform_broadcaster.h:41:4:[m[K [01;35m[Kwarning: [m[K#warning TRANSFORM_BROADCASTER_HEADER_DEPRECATION [[01;35m[K]8;;https://gcc.gnu.org/onlinedocs/gcc/Warning-Options.html#index-Wcpp-Wcpp]8;;[m[K]
   41 |   #[01;35m[Kwarning[m[K TRANSFORM_BROADCASTER_HEADER_DEPRECATION
      |    [01;35m[K^~~~~~~[m[K
[01m[K/home/fabian/moveit2/rviz_visual_tools/src/rviz_visual_tools.cpp:45:10:[m[K [01;31m[Kfatal error: [m[Ktf2/convert.h: No such file or directory
   45 | #include [01;31m[K<tf2/convert.h>[m[K
      |          [01;31m[K^~~~~~~~~~~~~~~[m[K
compilation terminated.
gmake[2]: *** [CMakeFiles/rviz_visual_tools.dir/build.make:96: CMakeFiles/rviz_visual_tools.dir/src/rviz_visual_tools.cpp.o] Error 1
gmake[2]: *** Waiting for unfinished jobs....
[01m[K/home/fabian/moveit2/rviz_visual_tools/src/tf_visual_tools.cpp:42:10:[m[K [01;31m[Kfatal error: [m[Ktf2/convert.h: No such file or directory
   42 | #include [01;31m[K<tf2/convert.h>[m[K
      |          [01;31m[K^~~~~~~~~~~~~~~[m[K
compilation terminated.
gmake[2]: *** [CMakeFiles/rviz_visual_tools.dir/build.make:110: CMakeFiles/rviz_visual_tools.dir/src/tf_visual_tools.cpp.o] Error 1
gmake[1]: *** [CMakeFiles/Makefile2:241: CMakeFiles/rviz_visual_tools.dir/all] Error 2
gmake[1]: *** Waiting for unfinished jobs....
gmake: *** [Makefile:146: all] Error 2
