[0.030s] Invoking command in '/home/fabian/moveit2/build/rviz_visual_tools': CMAKE_PREFIX_PATH=/home/fabian/moveit2/ros2_robotiq_gripper/install/robotiq_hardware_tests:/home/fabian/moveit2/ros2_robotiq_gripper/install/robotiq_driver:/home/fabian/moveit2/ros2_robotiq_gripper/install/robotiq_description:/home/fabian/moveit2/ros2_robotiq_gripper/install/robotiq_controllers:/home/fabian/moveit2/install/robotiq_hardware_tests:/home/fabian/moveit2/install/robotiq_driver:/home/fabian/moveit2/install/serial:/home/fabian/moveit2/install/moveit2_tutorials:/home/fabian/moveit2/install/moveit_visual_tools:/home/fabian/moveit2/install/moveit_configs_utils:/home/fabian/youbot_ws/install/youbot:/home/fabian/yb_support/urdf_parser_py/install/urdfdom_py:/home/fabian/yb_support/twist_stamper/install/twist_stamper:/home/fabian/yb_support/kdl_parser_py/install/kdl_parser_py:/opt/ros/rolling:/home/fabian/moveit2/install/rviz_visual_tools:/home/fabian/moveit2/install/moveit_task_constructor_visualization:/home/fabian/moveit2/install/moveit_task_constructor_demo:/home/fabian/moveit2/install/moveit_task_constructor_capabilities:/home/fabian/moveit2/install/moveit_task_constructor_core:/home/fabian/moveit2/install/kortex_bringup:/home/fabian/moveit2/install/kinova_gen3_lite_moveit_config:/home/fabian/moveit2/install/kinova_gen3_7dof_robotiq_2f_85_moveit_config:/home/fabian/moveit2/install/kinova_gen3_6dof_robotiq_2f_85_moveit_config:/home/fabian/moveit2/install/kortex_description:/home/fabian/moveit2/install/robotiq_description:/home/fabian/moveit2/install/robotiq_controllers:/home/fabian/moveit2/install/moveit_task_constructor_msgs:/home/fabian/moveit2/install/kortex_driver:/home/fabian/moveit2/install/kortex_api:/home/fabian/moveit2/install/rviz_marker_tools:/home/fabian/moveit2/install/moveit_resources:/home/fabian/moveit2/install/moveit_resources_pr2_description:/home/fabian/moveit2/install/moveit_resources_panda_moveit_config:/home/fabian/moveit2/install/dual_arm_panda_moveit_config:/home/fabian/moveit2/install/moveit_resources_panda_description:/home/fabian/moveit2/install/moveit_resources_fanuc_moveit_config:/home/fabian/moveit2/install/moveit_resources_fanuc_description:/home/fabian/moveit2/install/moveit_msgs:/home/fabian/moveit2/install/pilz_industrial_motion_planner_testutils:/home/fabian/moveit2/install/moveit_runtime:/home/fabian/moveit2/install/moveit:/home/fabian/moveit2/install/moveit_planners:/home/fabian/moveit2/install/pilz_industrial_motion_planner:/home/fabian/moveit2/install/moveit_ros_control_interface:/home/fabian/moveit2/install/moveit_plugins:/home/fabian/moveit2/install/moveit_simple_controller_manager:/home/fabian/moveit2/install/moveit_setup_assistant:/home/fabian/moveit2/install/moveit_setup_srdf_plugins:/home/fabian/moveit2/install/moveit_setup_core_plugins:/home/fabian/moveit2/install/moveit_setup_controllers:/home/fabian/moveit2/install/moveit_setup_app_plugins:/home/fabian/moveit2/install/moveit_setup_framework:/home/fabian/moveit2/install/moveit_servo:/home/fabian/moveit2/install/moveit_ros_trajectory_cache:/home/fabian/moveit2/install/moveit_ros:/home/fabian/moveit2/install/moveit_ros_visualization:/home/fabian/moveit2/install/moveit_py:/home/fabian/moveit2/install/moveit_hybrid_planning:/home/fabian/moveit2/install/moveit_ros_planning_interface:/home/fabian/moveit2/install/moveit_ros_benchmarks:/home/fabian/moveit2/install/moveit_ros_warehouse:/home/fabian/moveit2/install/moveit_ros_robot_interaction:/home/fabian/moveit2/install/moveit_ros_perception:/home/fabian/moveit2/install/moveit_resources_prbt_pg70_support:/home/fabian/moveit2/install/moveit_resources_prbt_moveit_config:/home/fabian/moveit2/install/moveit_ros_move_group:/home/fabian/moveit2/install/moveit_planners_ompl:/home/fabian/moveit2/install/moveit_kinematics:/home/fabian/moveit2/install/moveit_ros_planning:/home/fabian/moveit2/install/moveit_ros_occupancy_map_monitor:/home/fabian/moveit2/install/moveit_resources_prbt_support:/home/fabian/moveit2/install/moveit_resources_prbt_ikfast_manipulator_plugin:/home/fabian/moveit2/install/moveit_planners_stomp:/home/fabian/moveit2/install/moveit_planners_chomp:/home/fabian/moveit2/install/chomp_motion_planner:/home/fabian/moveit2/install/moveit_core:/home/fabian/moveit2/install/moveit_common:/home/fabian/yb_support/ros_odrive/install/odrive_ros2_control:/home/fabian/yb_support/ros_odrive/install/odrive_can:/home/fabian/yb_support/slam_toolbox/install/slam_toolbox:/home/fabian/yb_support/my_msgs/install/my_msgs:/home/fabian/yb_support/pointcloud_to_laserscan/install/pointcloud_to_laserscan:/home/fabian/yb_support/mecanum_drive_controller/install/mecanum_drive_controller:/home/fabian/ros2_ws/install/ros2_control_demo_example_2:/home/fabian/ros2_ws/install/ros2_control_demo_description:/home/fabian/yahboom_rosmaster/install/yahboom_rosmaster:/home/fabian/yahboom_rosmaster/install/yahboom_rosmaster_system_tests:/home/fabian/yahboom_rosmaster/install/yahboom_rosmaster_navigation:/home/fabian/yahboom_rosmaster/install/yahboom_rosmaster_msgs:/home/fabian/yahboom_rosmaster/install/yahboom_rosmaster_localization:/home/fabian/yahboom_rosmaster/install/yahboom_rosmaster_gazebo:/home/fabian/yahboom_rosmaster/install/yahboom_rosmaster_docking:/home/fabian/yahboom_rosmaster/install/yahboom_rosmaster_description:/home/fabian/yahboom_rosmaster/install/yahboom_rosmaster_bringup:/home/fabian/yahboom_rosmaster/install/mecanum_drive_controller:/home/fabian/cartesian_controllers/install/cartesian_compliance_controller:/home/fabian/cartesian_controllers/install/cartesian_motion_controller:/home/fabian/cartesian_controllers/install/cartesian_force_controller:/home/fabian/cartesian_controllers/install/cartesian_controller_utilities:/home/fabian/cartesian_controllers/install/cartesian_controller_tests:/home/fabian/cartesian_controllers/install/cartesian_controller_simulation:/home/fabian/cartesian_controllers/install/cartesian_controller_handles:/home/fabian/cartesian_controllers/install/cartesian_controller_base:/home/fabian/ros2_control_demos/example_7/install/ros2_control_demo_example_7:/home/fabian/yb_support/unilidar_sdk2/install/unitree_lidar_ros2:/home/fabian/fixslam/install/geometry_msgs:/home/fabian/fixslam/install/std_msgs:/opt/ros/rolling/opt/gz_sim_vendor:/opt/ros/rolling/opt/gz_sensors_vendor:/opt/ros/rolling/opt/gz_physics_vendor:/opt/ros/rolling/opt/sdformat_vendor:/opt/ros/rolling/opt/gz_gui_vendor:/opt/ros/rolling/opt/gz_transport_vendor:/opt/ros/rolling/opt/gz_rendering_vendor:/opt/ros/rolling/opt/gz_plugin_vendor:/opt/ros/rolling/opt/gz_fuel_tools_vendor:/opt/ros/rolling/opt/gz_msgs_vendor:/opt/ros/rolling/opt/gz_common_vendor:/opt/ros/rolling/opt/gz_math_vendor:/opt/ros/rolling/opt/gz_utils_vendor:/opt/ros/rolling/opt/gz_tools_vendor:/opt/ros/rolling/opt/gz_ogre_next_vendor:/opt/ros/rolling/opt/gz_dartsim_vendor:/opt/ros/rolling/opt/gz_cmake_vendor DEBUGINFOD_URLS=https://debuginfod.ubuntu.com /usr/bin/cmake /home/fabian/moveit2/rviz_visual_tools -DCMAKE_INSTALL_PREFIX=/home/fabian/moveit2/install/rviz_visual_tools
[0.059s] -- Found ament_cmake: 2.8.4 (/opt/ros/rolling/share/ament_cmake/cmake)
[0.354s] -- Found rclcpp: 30.1.0 (/opt/ros/rolling/share/rclcpp/cmake)
[0.583s] -- Found rosidl_generator_c: 5.0.1 (/opt/ros/rolling/share/rosidl_generator_c/cmake)
[0.589s] -- Found rosidl_generator_cpp: 5.0.1 (/opt/ros/rolling/share/rosidl_generator_cpp/cmake)
[0.602s] -- Using all available rosidl_typesupport_c: rosidl_typesupport_fastrtps_c;rosidl_typesupport_introspection_c
[0.618s] -- Using all available rosidl_typesupport_cpp: rosidl_typesupport_fastrtps_cpp;rosidl_typesupport_introspection_cpp
[0.685s] -- Found rmw_implementation_cmake: 7.9.0 (/opt/ros/rolling/share/rmw_implementation_cmake/cmake)
[0.692s] -- Found rmw_fastrtps_cpp: 9.4.2 (/opt/ros/rolling/share/rmw_fastrtps_cpp/cmake)
[0.746s] -- Using RMW implementation 'rmw_fastrtps_cpp' as default
[1.029s] -- Found rclcpp_components: 30.1.0 (/opt/ros/rolling/share/rclcpp_components/cmake)
[1.057s] -- Found rviz_ogre_vendor: 15.1.7 (/opt/ros/rolling/share/rviz_ogre_vendor/cmake)
[1.057s] -- Setting OGRE_DIR to: '/opt/ros/rolling/share/rviz_ogre_vendor/cmake/../../../opt/rviz_ogre_vendor/lib/OGRE/cmake'
[1.059s] -- Found OGRE
[1.059s] --   static     : OFF
[1.059s] --   components : MeshLodGenerator;Overlay;Paging;Property;RTShaderSystem;Terrain;Volume
[1.059s] --   plugins    : Plugin_BSPSceneManager;Plugin_OctreeSceneManager;Plugin_PCZSceneManager;Plugin_ParticleFX;RenderSystem_GL;RenderSystem_GL3Plus;Codec_STBI
[1.059s] --   media      : /opt/ros/rolling/opt/rviz_ogre_vendor/share/OGRE/Media
[1.059s] -- OGRE_LIBRARIES: OgreMeshLodGenerator;OgreOverlay;OgrePaging;OgreProperty;OgreRTShaderSystem;OgreTerrain;OgreVolume;OgreMain
[1.060s] -- OGRE_LIBRARY_DIRS: /opt/ros/rolling/opt/rviz_ogre_vendor/lib
[1.060s] -- OGRE_PLUGINS: Plugin_BSPSceneManager;Plugin_OctreeSceneManager;Plugin_PCZSceneManager;Plugin_ParticleFX;RenderSystem_GL;RenderSystem_GL3Plus;Codec_STBI
[1.060s] -- OGRE_PLUGIN_DIR: /opt/ros/rolling/opt/rviz_ogre_vendor/lib/OGRE
[1.060s] -- rviz_ogre_vendor::OgreOverlay for IMPORTED_LOCATION_RELEASE: /opt/ros/rolling/opt/rviz_ogre_vendor/lib/libOgreOverlay.so
[1.060s] -- rviz_ogre_vendor::OgreOverlay for IMPORTED_LOCATION_DEBUG: /opt/ros/rolling/opt/rviz_ogre_vendor/lib/libOgreOverlay.so
[1.060s] -- rviz_ogre_vendor::OgreMain for IMPORTED_LOCATION_RELEASE: /opt/ros/rolling/opt/rviz_ogre_vendor/lib/libOgreMain.so
[1.060s] -- rviz_ogre_vendor::OgreMain for IMPORTED_LOCATION_DEBUG: /opt/ros/rolling/opt/rviz_ogre_vendor/lib/libOgreMain.so
[7.226s] -- Found sensor_msgs: 5.8.2 (/opt/ros/rolling/share/sensor_msgs/cmake)
[7.287s] -- Found shape_msgs: 5.8.2 (/opt/ros/rolling/share/shape_msgs/cmake)
[7.304s] -- Found visualization_msgs: 5.8.2 (/opt/ros/rolling/share/visualization_msgs/cmake)
[7.336s] -- Found trajectory_msgs: 5.8.2 (/opt/ros/rolling/share/trajectory_msgs/cmake)
[7.361s] -- Found eigen3_cmake_module: 0.5.1 (/opt/ros/rolling/share/eigen3_cmake_module/cmake)
[7.361s] -- Found eigen_stl_containers: 1.1.0 (/opt/ros/rolling/share/eigen_stl_containers/cmake)
[7.373s] -- Found tf2: 0.44.0 (/opt/ros/rolling/share/tf2/cmake)
[7.378s] -- Found tf2_eigen: 0.44.0 (/opt/ros/rolling/share/tf2_eigen/cmake)
[7.480s] -- Found tf2_geometry_msgs: 0.44.0 (/opt/ros/rolling/share/tf2_geometry_msgs/cmake)
[7.486s] -- Ensuring Eigen3 include directory is part of orocos-kdl CMake target
[7.488s] -- Found pluginlib: 5.7.0 (/opt/ros/rolling/share/pluginlib/cmake)
[7.491s] -- Found interactive_markers: 2.8.0 (/opt/ros/rolling/share/interactive_markers/cmake)
[7.497s] -- Found rviz_common: 15.1.7 (/opt/ros/rolling/share/rviz_common/cmake)
[7.675s] -- Setting yaml-cpp_DIR to: '/opt/ros/rolling/share/yaml_cpp_vendor/cmake/../../../opt/yaml_cpp_vendor/share/cmake/yaml-cpp'
[7.698s] -- Found rviz_default_plugins: 15.1.7 (/opt/ros/rolling/share/rviz_default_plugins/cmake)
[7.836s] [0mCMake Deprecation Warning at /opt/ros/rolling/share/ament_cmake_target_dependencies/cmake/ament_target_dependencies.cmake:87 (message):
[7.836s]   ament_target_dependencies() is deprecated.  Use target_link_libraries()
[7.836s]   with modern CMake targets instead.  Try replacing this call with:
[7.836s] 
[7.836s]     target_link_libraries(rviz_visual_tools_gui PUBLIC
[7.836s]       rclcpp::rclcpp
[7.836s]       rviz_common::rviz_common
[7.836s]       rviz_default_plugins::rviz_default_plugins
[7.836s]       rviz_rendering::rviz_rendering
[7.836s]     )
[7.836s] 
[7.836s] Call Stack (most recent call first):
[7.837s]   CMakeLists.txt:80 (ament_target_dependencies)
[7.837s] 
[7.837s] [0m
[7.855s] [0mCMake Deprecation Warning at /opt/ros/rolling/share/ament_cmake_target_dependencies/cmake/ament_target_dependencies.cmake:87 (message):
[7.855s]   ament_target_dependencies() is deprecated.  Use target_link_libraries()
[7.855s]   with modern CMake targets instead.  Try replacing this call with:
[7.855s] 
[7.855s]     target_link_libraries(rviz_visual_tools_remote_control PUBLIC
[7.855s]       ${sensor_msgs_TARGETS}
[7.855s]       ${shape_msgs_TARGETS}
[7.855s]       ${std_msgs_TARGETS}
[7.856s]       ${trajectory_msgs_TARGETS}
[7.856s]       ${visualization_msgs_TARGETS}
[7.856s]       eigen_stl_containers::eigen_stl_containers
[7.856s]       rclcpp::rclcpp
[7.856s]       rclcpp_components::component
[7.856s]       rclcpp_components::component_manager
[7.856s]       sensor_msgs::sensor_msgs_library
[7.856s]       tf2::tf2
[7.856s]       tf2_eigen::tf2_eigen
[7.856s]       tf2_geometry_msgs::tf2_geometry_msgs
[7.856s]     )
[7.856s] 
[7.856s] Call Stack (most recent call first):
[7.856s]   CMakeLists.txt:101 (ament_target_dependencies)
[7.856s] 
[7.857s] [0m
[7.902s] [0mCMake Deprecation Warning at /opt/ros/rolling/share/ament_cmake_target_dependencies/cmake/ament_target_dependencies.cmake:87 (message):
[7.902s]   ament_target_dependencies() is deprecated.  Use target_link_libraries()
[7.902s]   with modern CMake targets instead.  Try replacing this call with:
[7.902s] 
[7.902s]     target_link_libraries(rviz_visual_tools PUBLIC
[7.902s]       
[7.903s]     )
[7.903s] 
[7.903s] Call Stack (most recent call first):
[7.903s]   CMakeLists.txt:121 (ament_target_dependencies)
[7.903s] 
[7.903s] [0m
[7.908s] [0mCMake Deprecation Warning at /opt/ros/rolling/share/ament_cmake_target_dependencies/cmake/ament_target_dependencies.cmake:87 (message):
[7.908s]   ament_target_dependencies() is deprecated.  Use target_link_libraries()
[7.909s]   with modern CMake targets instead.  Try replacing this call with:
[7.909s] 
[7.909s]     target_link_libraries(rviz_visual_tools PUBLIC
[7.909s]       ${sensor_msgs_TARGETS}
[7.909s]       ${shape_msgs_TARGETS}
[7.909s]       ${std_msgs_TARGETS}
[7.909s]       ${trajectory_msgs_TARGETS}
[7.909s]       ${visualization_msgs_TARGETS}
[7.909s]       eigen_stl_containers::eigen_stl_containers
[7.909s]       rclcpp::rclcpp
[7.909s]       rclcpp_components::component
[7.909s]       rclcpp_components::component_manager
[7.909s]       sensor_msgs::sensor_msgs_library
[7.909s]       tf2::tf2
[7.909s]       tf2_eigen::tf2_eigen
[7.910s]       tf2_geometry_msgs::tf2_geometry_msgs
[7.910s]     )
[7.910s] 
[7.910s] Call Stack (most recent call first):
[7.910s]   CMakeLists.txt:125 (ament_target_dependencies)
[7.910s] 
[7.910s] [0m
[7.956s] [0mCMake Deprecation Warning at /opt/ros/rolling/share/ament_cmake_target_dependencies/cmake/ament_target_dependencies.cmake:87 (message):
[7.957s]   ament_target_dependencies() is deprecated.  Use target_link_libraries()
[7.957s]   with modern CMake targets instead.  Try replacing this call with:
[7.957s] 
[7.957s]     target_link_libraries(rviz_visual_tools_imarker_simple PUBLIC
[7.957s]       ${geometry_msgs_TARGETS}
[7.957s]       ${sensor_msgs_TARGETS}
[7.957s]       ${visualization_msgs_TARGETS}
[7.957s]       eigen_stl_containers::eigen_stl_containers
[7.957s]       interactive_markers::interactive_markers
[7.957s]       rclcpp::rclcpp
[7.957s]       sensor_msgs::sensor_msgs_library
[7.957s]     )
[7.957s] 
[7.957s] Call Stack (most recent call first):
[7.957s]   CMakeLists.txt:147 (ament_target_dependencies)
[7.958s] 
[7.958s] [0m
[7.987s] [0mCMake Deprecation Warning at /opt/ros/rolling/share/ament_cmake_target_dependencies/cmake/ament_target_dependencies.cmake:87 (message):
[7.987s]   ament_target_dependencies() is deprecated.  Use target_link_libraries()
[7.987s]   with modern CMake targets instead.  Try replacing this call with:
[7.987s] 
[7.987s]     target_link_libraries(rviz_visual_tools_demo PUBLIC
[7.987s]       ${geometry_msgs_TARGETS}
[7.987s]       ${std_msgs_TARGETS}
[7.987s]       rclcpp::rclcpp
[7.988s]     )
[7.988s] 
[7.988s] Call Stack (most recent call first):
[7.988s]   CMakeLists.txt:165 (ament_target_dependencies)
[7.988s] 
[7.988s] [0m
[8.000s] [0mCMake Deprecation Warning at /opt/ros/rolling/share/ament_cmake_target_dependencies/cmake/ament_target_dependencies.cmake:87 (message):
[8.000s]   ament_target_dependencies() is deprecated.  Use target_link_libraries()
[8.000s]   with modern CMake targets instead.  Try replacing this call with:
[8.000s] 
[8.001s]     target_link_libraries(rviz_visual_tools_imarker_simple_demo PUBLIC
[8.001s]       rclcpp::rclcpp
[8.001s]     )
[8.001s] 
[8.001s] Call Stack (most recent call first):
[8.001s]   CMakeLists.txt:178 (ament_target_dependencies)
[8.001s] 
[8.001s] [0m
[8.007s] -- Found ament_cmake_gtest: 2.8.4 (/opt/ros/rolling/share/ament_cmake_gtest/cmake)
[8.008s] -- Found gtest sources under '/opt/ros/rolling/src/gtest_vendor': C++ tests using 'Google Test' will be built
[8.013s] [0mCMake Deprecation Warning at /opt/ros/rolling/share/ament_cmake_target_dependencies/cmake/ament_target_dependencies.cmake:87 (message):
[8.013s]   ament_target_dependencies() is deprecated.  Use target_link_libraries()
[8.013s]   with modern CMake targets instead.  Try replacing this call with:
[8.013s] 
[8.013s]     target_link_libraries(rviz_visual_tools_rvt_test PUBLIC
[8.013s]       rclcpp::rclcpp
[8.013s]     )
[8.013s] 
[8.013s] Call Stack (most recent call first):
[8.013s]   CMakeLists.txt:251 (ament_target_dependencies)
[8.013s] 
[8.013s] [0m
[8.132s] -- Configuring done (8.1s)
[8.269s] -- Generating done (0.1s)
[8.299s] -- Build files have been written to: /home/fabian/moveit2/build/rviz_visual_tools
[8.317s] Invoked command in '/home/fabian/moveit2/build/rviz_visual_tools' returned '0': CMAKE_PREFIX_PATH=/home/fabian/moveit2/ros2_robotiq_gripper/install/robotiq_hardware_tests:/home/fabian/moveit2/ros2_robotiq_gripper/install/robotiq_driver:/home/fabian/moveit2/ros2_robotiq_gripper/install/robotiq_description:/home/fabian/moveit2/ros2_robotiq_gripper/install/robotiq_controllers:/home/fabian/moveit2/install/robotiq_hardware_tests:/home/fabian/moveit2/install/robotiq_driver:/home/fabian/moveit2/install/serial:/home/fabian/moveit2/install/moveit2_tutorials:/home/fabian/moveit2/install/moveit_visual_tools:/home/fabian/moveit2/install/moveit_configs_utils:/home/fabian/youbot_ws/install/youbot:/home/fabian/yb_support/urdf_parser_py/install/urdfdom_py:/home/fabian/yb_support/twist_stamper/install/twist_stamper:/home/fabian/yb_support/kdl_parser_py/install/kdl_parser_py:/opt/ros/rolling:/home/fabian/moveit2/install/rviz_visual_tools:/home/fabian/moveit2/install/moveit_task_constructor_visualization:/home/fabian/moveit2/install/moveit_task_constructor_demo:/home/fabian/moveit2/install/moveit_task_constructor_capabilities:/home/fabian/moveit2/install/moveit_task_constructor_core:/home/fabian/moveit2/install/kortex_bringup:/home/fabian/moveit2/install/kinova_gen3_lite_moveit_config:/home/fabian/moveit2/install/kinova_gen3_7dof_robotiq_2f_85_moveit_config:/home/fabian/moveit2/install/kinova_gen3_6dof_robotiq_2f_85_moveit_config:/home/fabian/moveit2/install/kortex_description:/home/fabian/moveit2/install/robotiq_description:/home/fabian/moveit2/install/robotiq_controllers:/home/fabian/moveit2/install/moveit_task_constructor_msgs:/home/fabian/moveit2/install/kortex_driver:/home/fabian/moveit2/install/kortex_api:/home/fabian/moveit2/install/rviz_marker_tools:/home/fabian/moveit2/install/moveit_resources:/home/fabian/moveit2/install/moveit_resources_pr2_description:/home/fabian/moveit2/install/moveit_resources_panda_moveit_config:/home/fabian/moveit2/install/dual_arm_panda_moveit_config:/home/fabian/moveit2/install/moveit_resources_panda_description:/home/fabian/moveit2/install/moveit_resources_fanuc_moveit_config:/home/fabian/moveit2/install/moveit_resources_fanuc_description:/home/fabian/moveit2/install/moveit_msgs:/home/fabian/moveit2/install/pilz_industrial_motion_planner_testutils:/home/fabian/moveit2/install/moveit_runtime:/home/fabian/moveit2/install/moveit:/home/fabian/moveit2/install/moveit_planners:/home/fabian/moveit2/install/pilz_industrial_motion_planner:/home/fabian/moveit2/install/moveit_ros_control_interface:/home/fabian/moveit2/install/moveit_plugins:/home/fabian/moveit2/install/moveit_simple_controller_manager:/home/fabian/moveit2/install/moveit_setup_assistant:/home/fabian/moveit2/install/moveit_setup_srdf_plugins:/home/fabian/moveit2/install/moveit_setup_core_plugins:/home/fabian/moveit2/install/moveit_setup_controllers:/home/fabian/moveit2/install/moveit_setup_app_plugins:/home/fabian/moveit2/install/moveit_setup_framework:/home/fabian/moveit2/install/moveit_servo:/home/fabian/moveit2/install/moveit_ros_trajectory_cache:/home/fabian/moveit2/install/moveit_ros:/home/fabian/moveit2/install/moveit_ros_visualization:/home/fabian/moveit2/install/moveit_py:/home/fabian/moveit2/install/moveit_hybrid_planning:/home/fabian/moveit2/install/moveit_ros_planning_interface:/home/fabian/moveit2/install/moveit_ros_benchmarks:/home/fabian/moveit2/install/moveit_ros_warehouse:/home/fabian/moveit2/install/moveit_ros_robot_interaction:/home/fabian/moveit2/install/moveit_ros_perception:/home/fabian/moveit2/install/moveit_resources_prbt_pg70_support:/home/fabian/moveit2/install/moveit_resources_prbt_moveit_config:/home/fabian/moveit2/install/moveit_ros_move_group:/home/fabian/moveit2/install/moveit_planners_ompl:/home/fabian/moveit2/install/moveit_kinematics:/home/fabian/moveit2/install/moveit_ros_planning:/home/fabian/moveit2/install/moveit_ros_occupancy_map_monitor:/home/fabian/moveit2/install/moveit_resources_prbt_support:/home/fabian/moveit2/install/moveit_resources_prbt_ikfast_manipulator_plugin:/home/fabian/moveit2/install/moveit_planners_stomp:/home/fabian/moveit2/install/moveit_planners_chomp:/home/fabian/moveit2/install/chomp_motion_planner:/home/fabian/moveit2/install/moveit_core:/home/fabian/moveit2/install/moveit_common:/home/fabian/yb_support/ros_odrive/install/odrive_ros2_control:/home/fabian/yb_support/ros_odrive/install/odrive_can:/home/fabian/yb_support/slam_toolbox/install/slam_toolbox:/home/fabian/yb_support/my_msgs/install/my_msgs:/home/fabian/yb_support/pointcloud_to_laserscan/install/pointcloud_to_laserscan:/home/fabian/yb_support/mecanum_drive_controller/install/mecanum_drive_controller:/home/fabian/ros2_ws/install/ros2_control_demo_example_2:/home/fabian/ros2_ws/install/ros2_control_demo_description:/home/fabian/yahboom_rosmaster/install/yahboom_rosmaster:/home/fabian/yahboom_rosmaster/install/yahboom_rosmaster_system_tests:/home/fabian/yahboom_rosmaster/install/yahboom_rosmaster_navigation:/home/fabian/yahboom_rosmaster/install/yahboom_rosmaster_msgs:/home/fabian/yahboom_rosmaster/install/yahboom_rosmaster_localization:/home/fabian/yahboom_rosmaster/install/yahboom_rosmaster_gazebo:/home/fabian/yahboom_rosmaster/install/yahboom_rosmaster_docking:/home/fabian/yahboom_rosmaster/install/yahboom_rosmaster_description:/home/fabian/yahboom_rosmaster/install/yahboom_rosmaster_bringup:/home/fabian/yahboom_rosmaster/install/mecanum_drive_controller:/home/fabian/cartesian_controllers/install/cartesian_compliance_controller:/home/fabian/cartesian_controllers/install/cartesian_motion_controller:/home/fabian/cartesian_controllers/install/cartesian_force_controller:/home/fabian/cartesian_controllers/install/cartesian_controller_utilities:/home/fabian/cartesian_controllers/install/cartesian_controller_tests:/home/fabian/cartesian_controllers/install/cartesian_controller_simulation:/home/fabian/cartesian_controllers/install/cartesian_controller_handles:/home/fabian/cartesian_controllers/install/cartesian_controller_base:/home/fabian/ros2_control_demos/example_7/install/ros2_control_demo_example_7:/home/fabian/yb_support/unilidar_sdk2/install/unitree_lidar_ros2:/home/fabian/fixslam/install/geometry_msgs:/home/fabian/fixslam/install/std_msgs:/opt/ros/rolling/opt/gz_sim_vendor:/opt/ros/rolling/opt/gz_sensors_vendor:/opt/ros/rolling/opt/gz_physics_vendor:/opt/ros/rolling/opt/sdformat_vendor:/opt/ros/rolling/opt/gz_gui_vendor:/opt/ros/rolling/opt/gz_transport_vendor:/opt/ros/rolling/opt/gz_rendering_vendor:/opt/ros/rolling/opt/gz_plugin_vendor:/opt/ros/rolling/opt/gz_fuel_tools_vendor:/opt/ros/rolling/opt/gz_msgs_vendor:/opt/ros/rolling/opt/gz_common_vendor:/opt/ros/rolling/opt/gz_math_vendor:/opt/ros/rolling/opt/gz_utils_vendor:/opt/ros/rolling/opt/gz_tools_vendor:/opt/ros/rolling/opt/gz_ogre_next_vendor:/opt/ros/rolling/opt/gz_dartsim_vendor:/opt/ros/rolling/opt/gz_cmake_vendor DEBUGINFOD_URLS=https://debuginfod.ubuntu.com /usr/bin/cmake /home/fabian/moveit2/rviz_visual_tools -DCMAKE_INSTALL_PREFIX=/home/fabian/moveit2/install/rviz_visual_tools
[8.319s] Invoking command in '/home/fabian/moveit2/build/rviz_visual_tools': CMAKE_PREFIX_PATH=/home/fabian/moveit2/ros2_robotiq_gripper/install/robotiq_hardware_tests:/home/fabian/moveit2/ros2_robotiq_gripper/install/robotiq_driver:/home/fabian/moveit2/ros2_robotiq_gripper/install/robotiq_description:/home/fabian/moveit2/ros2_robotiq_gripper/install/robotiq_controllers:/home/fabian/moveit2/install/robotiq_hardware_tests:/home/fabian/moveit2/install/robotiq_driver:/home/fabian/moveit2/install/serial:/home/fabian/moveit2/install/moveit2_tutorials:/home/fabian/moveit2/install/moveit_visual_tools:/home/fabian/moveit2/install/moveit_configs_utils:/home/fabian/youbot_ws/install/youbot:/home/fabian/yb_support/urdf_parser_py/install/urdfdom_py:/home/fabian/yb_support/twist_stamper/install/twist_stamper:/home/fabian/yb_support/kdl_parser_py/install/kdl_parser_py:/opt/ros/rolling:/home/fabian/moveit2/install/rviz_visual_tools:/home/fabian/moveit2/install/moveit_task_constructor_visualization:/home/fabian/moveit2/install/moveit_task_constructor_demo:/home/fabian/moveit2/install/moveit_task_constructor_capabilities:/home/fabian/moveit2/install/moveit_task_constructor_core:/home/fabian/moveit2/install/kortex_bringup:/home/fabian/moveit2/install/kinova_gen3_lite_moveit_config:/home/fabian/moveit2/install/kinova_gen3_7dof_robotiq_2f_85_moveit_config:/home/fabian/moveit2/install/kinova_gen3_6dof_robotiq_2f_85_moveit_config:/home/fabian/moveit2/install/kortex_description:/home/fabian/moveit2/install/robotiq_description:/home/fabian/moveit2/install/robotiq_controllers:/home/fabian/moveit2/install/moveit_task_constructor_msgs:/home/fabian/moveit2/install/kortex_driver:/home/fabian/moveit2/install/kortex_api:/home/fabian/moveit2/install/rviz_marker_tools:/home/fabian/moveit2/install/moveit_resources:/home/fabian/moveit2/install/moveit_resources_pr2_description:/home/fabian/moveit2/install/moveit_resources_panda_moveit_config:/home/fabian/moveit2/install/dual_arm_panda_moveit_config:/home/fabian/moveit2/install/moveit_resources_panda_description:/home/fabian/moveit2/install/moveit_resources_fanuc_moveit_config:/home/fabian/moveit2/install/moveit_resources_fanuc_description:/home/fabian/moveit2/install/moveit_msgs:/home/fabian/moveit2/install/pilz_industrial_motion_planner_testutils:/home/fabian/moveit2/install/moveit_runtime:/home/fabian/moveit2/install/moveit:/home/fabian/moveit2/install/moveit_planners:/home/fabian/moveit2/install/pilz_industrial_motion_planner:/home/fabian/moveit2/install/moveit_ros_control_interface:/home/fabian/moveit2/install/moveit_plugins:/home/fabian/moveit2/install/moveit_simple_controller_manager:/home/fabian/moveit2/install/moveit_setup_assistant:/home/fabian/moveit2/install/moveit_setup_srdf_plugins:/home/fabian/moveit2/install/moveit_setup_core_plugins:/home/fabian/moveit2/install/moveit_setup_controllers:/home/fabian/moveit2/install/moveit_setup_app_plugins:/home/fabian/moveit2/install/moveit_setup_framework:/home/fabian/moveit2/install/moveit_servo:/home/fabian/moveit2/install/moveit_ros_trajectory_cache:/home/fabian/moveit2/install/moveit_ros:/home/fabian/moveit2/install/moveit_ros_visualization:/home/fabian/moveit2/install/moveit_py:/home/fabian/moveit2/install/moveit_hybrid_planning:/home/fabian/moveit2/install/moveit_ros_planning_interface:/home/fabian/moveit2/install/moveit_ros_benchmarks:/home/fabian/moveit2/install/moveit_ros_warehouse:/home/fabian/moveit2/install/moveit_ros_robot_interaction:/home/fabian/moveit2/install/moveit_ros_perception:/home/fabian/moveit2/install/moveit_resources_prbt_pg70_support:/home/fabian/moveit2/install/moveit_resources_prbt_moveit_config:/home/fabian/moveit2/install/moveit_ros_move_group:/home/fabian/moveit2/install/moveit_planners_ompl:/home/fabian/moveit2/install/moveit_kinematics:/home/fabian/moveit2/install/moveit_ros_planning:/home/fabian/moveit2/install/moveit_ros_occupancy_map_monitor:/home/fabian/moveit2/install/moveit_resources_prbt_support:/home/fabian/moveit2/install/moveit_resources_prbt_ikfast_manipulator_plugin:/home/fabian/moveit2/install/moveit_planners_stomp:/home/fabian/moveit2/install/moveit_planners_chomp:/home/fabian/moveit2/install/chomp_motion_planner:/home/fabian/moveit2/install/moveit_core:/home/fabian/moveit2/install/moveit_common:/home/fabian/yb_support/ros_odrive/install/odrive_ros2_control:/home/fabian/yb_support/ros_odrive/install/odrive_can:/home/fabian/yb_support/slam_toolbox/install/slam_toolbox:/home/fabian/yb_support/my_msgs/install/my_msgs:/home/fabian/yb_support/pointcloud_to_laserscan/install/pointcloud_to_laserscan:/home/fabian/yb_support/mecanum_drive_controller/install/mecanum_drive_controller:/home/fabian/ros2_ws/install/ros2_control_demo_example_2:/home/fabian/ros2_ws/install/ros2_control_demo_description:/home/fabian/yahboom_rosmaster/install/yahboom_rosmaster:/home/fabian/yahboom_rosmaster/install/yahboom_rosmaster_system_tests:/home/fabian/yahboom_rosmaster/install/yahboom_rosmaster_navigation:/home/fabian/yahboom_rosmaster/install/yahboom_rosmaster_msgs:/home/fabian/yahboom_rosmaster/install/yahboom_rosmaster_localization:/home/fabian/yahboom_rosmaster/install/yahboom_rosmaster_gazebo:/home/fabian/yahboom_rosmaster/install/yahboom_rosmaster_docking:/home/fabian/yahboom_rosmaster/install/yahboom_rosmaster_description:/home/fabian/yahboom_rosmaster/install/yahboom_rosmaster_bringup:/home/fabian/yahboom_rosmaster/install/mecanum_drive_controller:/home/fabian/cartesian_controllers/install/cartesian_compliance_controller:/home/fabian/cartesian_controllers/install/cartesian_motion_controller:/home/fabian/cartesian_controllers/install/cartesian_force_controller:/home/fabian/cartesian_controllers/install/cartesian_controller_utilities:/home/fabian/cartesian_controllers/install/cartesian_controller_tests:/home/fabian/cartesian_controllers/install/cartesian_controller_simulation:/home/fabian/cartesian_controllers/install/cartesian_controller_handles:/home/fabian/cartesian_controllers/install/cartesian_controller_base:/home/fabian/ros2_control_demos/example_7/install/ros2_control_demo_example_7:/home/fabian/yb_support/unilidar_sdk2/install/unitree_lidar_ros2:/home/fabian/fixslam/install/geometry_msgs:/home/fabian/fixslam/install/std_msgs:/opt/ros/rolling/opt/gz_sim_vendor:/opt/ros/rolling/opt/gz_sensors_vendor:/opt/ros/rolling/opt/gz_physics_vendor:/opt/ros/rolling/opt/sdformat_vendor:/opt/ros/rolling/opt/gz_gui_vendor:/opt/ros/rolling/opt/gz_transport_vendor:/opt/ros/rolling/opt/gz_rendering_vendor:/opt/ros/rolling/opt/gz_plugin_vendor:/opt/ros/rolling/opt/gz_fuel_tools_vendor:/opt/ros/rolling/opt/gz_msgs_vendor:/opt/ros/rolling/opt/gz_common_vendor:/opt/ros/rolling/opt/gz_math_vendor:/opt/ros/rolling/opt/gz_utils_vendor:/opt/ros/rolling/opt/gz_tools_vendor:/opt/ros/rolling/opt/gz_ogre_next_vendor:/opt/ros/rolling/opt/gz_dartsim_vendor:/opt/ros/rolling/opt/gz_cmake_vendor DEBUGINFOD_URLS=https://debuginfod.ubuntu.com /usr/bin/cmake --build /home/fabian/moveit2/build/rviz_visual_tools -- -j7 -l7
[8.494s] [  0%] Built target rviz_visual_tools_remote_control_autogen_timestamp_deps
[8.498s] [  0%] Built target gtest_main_autogen_timestamp_deps
[8.506s] [  0%] Built target rviz_visual_tools_gui_autogen_timestamp_deps
[8.506s] [  0%] Built target gtest_autogen_timestamp_deps
[8.569s] [  2%] Built target gtest_main_autogen
[8.577s] [  4%] Built target gtest_autogen
[8.580s] [  6%] [34m[1mAutomatic MOC for target rviz_visual_tools_remote_control[0m
[8.609s] [  8%] [34m[1mAutomatic MOC for target rviz_visual_tools_gui[0m
[8.637s] [ 16%] Built target gtest_main
[8.649s] [ 25%] Built target gtest
[8.673s] [ 25%] Built target rviz_visual_tools_remote_control_autogen
[8.763s] [ 27%] [32mBuilding CXX object CMakeFiles/rviz_visual_tools_remote_control.dir/src/remote_control.cpp.o[0m
[9.087s] [ 27%] Built target rviz_visual_tools_gui_autogen
[9.200s] [ 29%] [32mBuilding CXX object CMakeFiles/rviz_visual_tools_gui.dir/src/rviz_visual_tools_gui.cpp.o[0m
[9.200s] [ 31%] [32mBuilding CXX object CMakeFiles/rviz_visual_tools_gui.dir/rviz_visual_tools_gui_autogen/mocs_compilation.cpp.o[0m
[9.202s] [ 33%] [32mBuilding CXX object CMakeFiles/rviz_visual_tools_gui.dir/src/key_tool.cpp.o[0m
[9.207s] [ 35%] [32mBuilding CXX object CMakeFiles/rviz_visual_tools_gui.dir/src/remote_control.cpp.o[0m
[22.195s] [ 37%] [32m[1mLinking CXX shared library librviz_visual_tools_remote_control.so[0m
[22.905s] [ 41%] Built target rviz_visual_tools_remote_control
[22.964s] [ 41%] Built target rviz_visual_tools_autogen_timestamp_deps
[23.055s] [ 43%] [34m[1mAutomatic MOC for target rviz_visual_tools[0m
[23.158s] [ 43%] Built target rviz_visual_tools_autogen
[23.253s] [ 47%] [32mBuilding CXX object CMakeFiles/rviz_visual_tools.dir/src/tf_visual_tools.cpp.o[0m
[23.253s] [ 47%] [32mBuilding CXX object CMakeFiles/rviz_visual_tools.dir/src/rviz_visual_tools.cpp.o[0m
[23.695s] [ 50%] [32m[1mLinking CXX shared library librviz_visual_tools_gui.so[0m
[24.056s] In file included from [01m[K/home/fabian/moveit2/rviz_visual_tools/include/rviz_visual_tools/tf_visual_tools.hpp:48[m[K,
[24.056s]                  from [01m[K/home/fabian/moveit2/rviz_visual_tools/src/tf_visual_tools.cpp:33[m[K:
[24.057s] [01m[K/opt/ros/rolling/include/tf2_ros/tf2_ros/transform_broadcaster.h:41:4:[m[K [01;35m[Kwarning: [m[K#warning TRANSFORM_BROADCASTER_HEADER_DEPRECATION [[01;35m[K]8;;https://gcc.gnu.org/onlinedocs/gcc/Warning-Options.html#index-Wcpp-Wcpp]8;;[m[K]
[24.057s]    41 |   #[01;35m[Kwarning[m[K TRANSFORM_BROADCASTER_HEADER_DEPRECATION
[24.057s]       |    [01;35m[K^~~~~~~[m[K
[24.107s] [01m[K/home/fabian/moveit2/rviz_visual_tools/src/rviz_visual_tools.cpp:45:10:[m[K [01;31m[Kfatal error: [m[Ktf2/convert.h: No such file or directory
[24.107s]    45 | #include [01;31m[K<tf2/convert.h>[m[K
[24.107s]       |          [01;31m[K^~~~~~~~~~~~~~~[m[K
[24.107s] compilation terminated.
[24.121s] gmake[2]: *** [CMakeFiles/rviz_visual_tools.dir/build.make:96: CMakeFiles/rviz_visual_tools.dir/src/rviz_visual_tools.cpp.o] Error 1
[24.121s] gmake[2]: *** Waiting for unfinished jobs....
[24.168s] [01m[K/home/fabian/moveit2/rviz_visual_tools/src/tf_visual_tools.cpp:42:10:[m[K [01;31m[Kfatal error: [m[Ktf2/convert.h: No such file or directory
[24.168s]    42 | #include [01;31m[K<tf2/convert.h>[m[K
[24.169s]       |          [01;31m[K^~~~~~~~~~~~~~~[m[K
[24.169s] compilation terminated.
[24.181s] gmake[2]: *** [CMakeFiles/rviz_visual_tools.dir/build.make:110: CMakeFiles/rviz_visual_tools.dir/src/tf_visual_tools.cpp.o] Error 1
[24.182s] gmake[1]: *** [CMakeFiles/Makefile2:241: CMakeFiles/rviz_visual_tools.dir/all] Error 2
[24.182s] gmake[1]: *** Waiting for unfinished jobs....
[26.899s] [ 52%] Built target rviz_visual_tools_gui
[26.901s] gmake: *** [Makefile:146: all] Error 2
[26.904s] Invoked command in '/home/fabian/moveit2/build/rviz_visual_tools' returned '2': CMAKE_PREFIX_PATH=/home/fabian/moveit2/ros2_robotiq_gripper/install/robotiq_hardware_tests:/home/fabian/moveit2/ros2_robotiq_gripper/install/robotiq_driver:/home/fabian/moveit2/ros2_robotiq_gripper/install/robotiq_description:/home/fabian/moveit2/ros2_robotiq_gripper/install/robotiq_controllers:/home/fabian/moveit2/install/robotiq_hardware_tests:/home/fabian/moveit2/install/robotiq_driver:/home/fabian/moveit2/install/serial:/home/fabian/moveit2/install/moveit2_tutorials:/home/fabian/moveit2/install/moveit_visual_tools:/home/fabian/moveit2/install/moveit_configs_utils:/home/fabian/youbot_ws/install/youbot:/home/fabian/yb_support/urdf_parser_py/install/urdfdom_py:/home/fabian/yb_support/twist_stamper/install/twist_stamper:/home/fabian/yb_support/kdl_parser_py/install/kdl_parser_py:/opt/ros/rolling:/home/fabian/moveit2/install/rviz_visual_tools:/home/fabian/moveit2/install/moveit_task_constructor_visualization:/home/fabian/moveit2/install/moveit_task_constructor_demo:/home/fabian/moveit2/install/moveit_task_constructor_capabilities:/home/fabian/moveit2/install/moveit_task_constructor_core:/home/fabian/moveit2/install/kortex_bringup:/home/fabian/moveit2/install/kinova_gen3_lite_moveit_config:/home/fabian/moveit2/install/kinova_gen3_7dof_robotiq_2f_85_moveit_config:/home/fabian/moveit2/install/kinova_gen3_6dof_robotiq_2f_85_moveit_config:/home/fabian/moveit2/install/kortex_description:/home/fabian/moveit2/install/robotiq_description:/home/fabian/moveit2/install/robotiq_controllers:/home/fabian/moveit2/install/moveit_task_constructor_msgs:/home/fabian/moveit2/install/kortex_driver:/home/fabian/moveit2/install/kortex_api:/home/fabian/moveit2/install/rviz_marker_tools:/home/fabian/moveit2/install/moveit_resources:/home/fabian/moveit2/install/moveit_resources_pr2_description:/home/fabian/moveit2/install/moveit_resources_panda_moveit_config:/home/fabian/moveit2/install/dual_arm_panda_moveit_config:/home/fabian/moveit2/install/moveit_resources_panda_description:/home/fabian/moveit2/install/moveit_resources_fanuc_moveit_config:/home/fabian/moveit2/install/moveit_resources_fanuc_description:/home/fabian/moveit2/install/moveit_msgs:/home/fabian/moveit2/install/pilz_industrial_motion_planner_testutils:/home/fabian/moveit2/install/moveit_runtime:/home/fabian/moveit2/install/moveit:/home/fabian/moveit2/install/moveit_planners:/home/fabian/moveit2/install/pilz_industrial_motion_planner:/home/fabian/moveit2/install/moveit_ros_control_interface:/home/fabian/moveit2/install/moveit_plugins:/home/fabian/moveit2/install/moveit_simple_controller_manager:/home/fabian/moveit2/install/moveit_setup_assistant:/home/fabian/moveit2/install/moveit_setup_srdf_plugins:/home/fabian/moveit2/install/moveit_setup_core_plugins:/home/fabian/moveit2/install/moveit_setup_controllers:/home/fabian/moveit2/install/moveit_setup_app_plugins:/home/fabian/moveit2/install/moveit_setup_framework:/home/fabian/moveit2/install/moveit_servo:/home/fabian/moveit2/install/moveit_ros_trajectory_cache:/home/fabian/moveit2/install/moveit_ros:/home/fabian/moveit2/install/moveit_ros_visualization:/home/fabian/moveit2/install/moveit_py:/home/fabian/moveit2/install/moveit_hybrid_planning:/home/fabian/moveit2/install/moveit_ros_planning_interface:/home/fabian/moveit2/install/moveit_ros_benchmarks:/home/fabian/moveit2/install/moveit_ros_warehouse:/home/fabian/moveit2/install/moveit_ros_robot_interaction:/home/fabian/moveit2/install/moveit_ros_perception:/home/fabian/moveit2/install/moveit_resources_prbt_pg70_support:/home/fabian/moveit2/install/moveit_resources_prbt_moveit_config:/home/fabian/moveit2/install/moveit_ros_move_group:/home/fabian/moveit2/install/moveit_planners_ompl:/home/fabian/moveit2/install/moveit_kinematics:/home/fabian/moveit2/install/moveit_ros_planning:/home/fabian/moveit2/install/moveit_ros_occupancy_map_monitor:/home/fabian/moveit2/install/moveit_resources_prbt_support:/home/fabian/moveit2/install/moveit_resources_prbt_ikfast_manipulator_plugin:/home/fabian/moveit2/install/moveit_planners_stomp:/home/fabian/moveit2/install/moveit_planners_chomp:/home/fabian/moveit2/install/chomp_motion_planner:/home/fabian/moveit2/install/moveit_core:/home/fabian/moveit2/install/moveit_common:/home/fabian/yb_support/ros_odrive/install/odrive_ros2_control:/home/fabian/yb_support/ros_odrive/install/odrive_can:/home/fabian/yb_support/slam_toolbox/install/slam_toolbox:/home/fabian/yb_support/my_msgs/install/my_msgs:/home/fabian/yb_support/pointcloud_to_laserscan/install/pointcloud_to_laserscan:/home/fabian/yb_support/mecanum_drive_controller/install/mecanum_drive_controller:/home/fabian/ros2_ws/install/ros2_control_demo_example_2:/home/fabian/ros2_ws/install/ros2_control_demo_description:/home/fabian/yahboom_rosmaster/install/yahboom_rosmaster:/home/fabian/yahboom_rosmaster/install/yahboom_rosmaster_system_tests:/home/fabian/yahboom_rosmaster/install/yahboom_rosmaster_navigation:/home/fabian/yahboom_rosmaster/install/yahboom_rosmaster_msgs:/home/fabian/yahboom_rosmaster/install/yahboom_rosmaster_localization:/home/fabian/yahboom_rosmaster/install/yahboom_rosmaster_gazebo:/home/fabian/yahboom_rosmaster/install/yahboom_rosmaster_docking:/home/fabian/yahboom_rosmaster/install/yahboom_rosmaster_description:/home/fabian/yahboom_rosmaster/install/yahboom_rosmaster_bringup:/home/fabian/yahboom_rosmaster/install/mecanum_drive_controller:/home/fabian/cartesian_controllers/install/cartesian_compliance_controller:/home/fabian/cartesian_controllers/install/cartesian_motion_controller:/home/fabian/cartesian_controllers/install/cartesian_force_controller:/home/fabian/cartesian_controllers/install/cartesian_controller_utilities:/home/fabian/cartesian_controllers/install/cartesian_controller_tests:/home/fabian/cartesian_controllers/install/cartesian_controller_simulation:/home/fabian/cartesian_controllers/install/cartesian_controller_handles:/home/fabian/cartesian_controllers/install/cartesian_controller_base:/home/fabian/ros2_control_demos/example_7/install/ros2_control_demo_example_7:/home/fabian/yb_support/unilidar_sdk2/install/unitree_lidar_ros2:/home/fabian/fixslam/install/geometry_msgs:/home/fabian/fixslam/install/std_msgs:/opt/ros/rolling/opt/gz_sim_vendor:/opt/ros/rolling/opt/gz_sensors_vendor:/opt/ros/rolling/opt/gz_physics_vendor:/opt/ros/rolling/opt/sdformat_vendor:/opt/ros/rolling/opt/gz_gui_vendor:/opt/ros/rolling/opt/gz_transport_vendor:/opt/ros/rolling/opt/gz_rendering_vendor:/opt/ros/rolling/opt/gz_plugin_vendor:/opt/ros/rolling/opt/gz_fuel_tools_vendor:/opt/ros/rolling/opt/gz_msgs_vendor:/opt/ros/rolling/opt/gz_common_vendor:/opt/ros/rolling/opt/gz_math_vendor:/opt/ros/rolling/opt/gz_utils_vendor:/opt/ros/rolling/opt/gz_tools_vendor:/opt/ros/rolling/opt/gz_ogre_next_vendor:/opt/ros/rolling/opt/gz_dartsim_vendor:/opt/ros/rolling/opt/gz_cmake_vendor DEBUGINFOD_URLS=https://debuginfod.ubuntu.com /usr/bin/cmake --build /home/fabian/moveit2/build/rviz_visual_tools -- -j7 -l7
