[0.046s] Invoking command in '/home/fabian/moveit2/build/kortex_api': CMAKE_PREFIX_PATH=/home/fabian/moveit2/install/rviz_marker_tools:/home/fabian/moveit2/install/moveit_resources:/home/fabian/moveit2/install/moveit_resources_pr2_description:/home/fabian/moveit2/install/moveit_resources_panda_moveit_config:/home/fabian/moveit2/install/dual_arm_panda_moveit_config:/home/fabian/moveit2/install/moveit_resources_panda_description:/home/fabian/moveit2/install/moveit_resources_fanuc_moveit_config:/home/fabian/moveit2/install/moveit_resources_fanuc_description:/home/fabian/moveit2/install/moveit_msgs:/home/fabian/moveit2/install/pilz_industrial_motion_planner_testutils:/home/fabian/moveit2/install/moveit_runtime:/home/fabian/moveit2/install/moveit:/home/fabian/moveit2/install/moveit_planners:/home/fabian/moveit2/install/pilz_industrial_motion_planner:/home/fabian/moveit2/install/moveit_ros_control_interface:/home/fabian/moveit2/install/moveit_plugins:/home/fabian/moveit2/install/moveit_simple_controller_manager:/home/fabian/moveit2/install/moveit_setup_assistant:/home/fabian/moveit2/install/moveit_setup_srdf_plugins:/home/fabian/moveit2/install/moveit_setup_core_plugins:/home/fabian/moveit2/install/moveit_setup_controllers:/home/fabian/moveit2/install/moveit_setup_app_plugins:/home/fabian/moveit2/install/moveit_setup_framework:/home/fabian/moveit2/install/moveit_servo:/home/fabian/moveit2/install/moveit_ros_trajectory_cache:/home/fabian/moveit2/install/moveit_ros:/home/fabian/moveit2/install/moveit_ros_visualization:/home/fabian/moveit2/install/moveit_py:/home/fabian/moveit2/install/moveit_hybrid_planning:/home/fabian/moveit2/install/moveit_ros_planning_interface:/home/fabian/moveit2/install/moveit_ros_benchmarks:/home/fabian/moveit2/install/moveit_ros_warehouse:/home/fabian/moveit2/install/moveit_ros_robot_interaction:/home/fabian/moveit2/install/moveit_ros_perception:/home/fabian/moveit2/install/moveit_resources_prbt_pg70_support:/home/fabian/moveit2/install/moveit_resources_prbt_moveit_config:/home/fabian/moveit2/install/moveit_ros_move_group:/home/fabian/moveit2/install/moveit_planners_ompl:/home/fabian/moveit2/install/moveit_kinematics:/home/fabian/moveit2/install/moveit_ros_planning:/home/fabian/moveit2/install/moveit_ros_occupancy_map_monitor:/home/fabian/moveit2/install/moveit_resources_prbt_support:/home/fabian/moveit2/install/moveit_resources_prbt_ikfast_manipulator_plugin:/home/fabian/moveit2/install/moveit_planners_stomp:/home/fabian/moveit2/install/moveit_planners_chomp:/home/fabian/moveit2/install/chomp_motion_planner:/home/fabian/moveit2/install/moveit_core:/home/fabian/moveit2/install/moveit_common:/home/fabian/yb_support/ros_odrive/install/odrive_ros2_control:/home/fabian/yb_support/ros_odrive/install/odrive_can:/home/fabian/yb_support/slam_toolbox/install/slam_toolbox:/home/fabian/yb_support/my_msgs/install/my_msgs:/home/fabian/yb_support/pointcloud_to_laserscan/install/pointcloud_to_laserscan:/home/fabian/yb_support/mecanum_drive_controller/install/mecanum_drive_controller:/home/fabian/ros2_ws/install/ros2_control_demo_example_2:/home/fabian/ros2_ws/install/ros2_control_demo_description:/home/fabian/yahboom_rosmaster/install/yahboom_rosmaster:/home/fabian/yahboom_rosmaster/install/yahboom_rosmaster_system_tests:/home/fabian/yahboom_rosmaster/install/yahboom_rosmaster_navigation:/home/fabian/yahboom_rosmaster/install/yahboom_rosmaster_msgs:/home/fabian/yahboom_rosmaster/install/yahboom_rosmaster_localization:/home/fabian/yahboom_rosmaster/install/yahboom_rosmaster_gazebo:/home/fabian/yahboom_rosmaster/install/yahboom_rosmaster_docking:/home/fabian/yahboom_rosmaster/install/yahboom_rosmaster_description:/home/fabian/yahboom_rosmaster/install/yahboom_rosmaster_bringup:/home/fabian/yahboom_rosmaster/install/mecanum_drive_controller:/home/fabian/cartesian_controllers/install/cartesian_compliance_controller:/home/fabian/cartesian_controllers/install/cartesian_motion_controller:/home/fabian/cartesian_controllers/install/cartesian_force_controller:/home/fabian/cartesian_controllers/install/cartesian_controller_utilities:/home/fabian/moveit2/install/moveit_configs_utils:/home/fabian/youbot_ws/install/youbot:/home/fabian/yb_support/urdf_parser_py/install/urdfdom_py:/home/fabian/yb_support/twist_stamper/install/twist_stamper:/home/fabian/yb_support/kdl_parser_py/install/kdl_parser_py:/opt/ros/rolling:/home/fabian/cartesian_controllers/install/cartesian_controller_tests:/home/fabian/cartesian_controllers/install/cartesian_controller_simulation:/home/fabian/cartesian_controllers/install/cartesian_controller_handles:/home/fabian/cartesian_controllers/install/cartesian_controller_base:/home/fabian/ros2_control_demos/example_7/install/ros2_control_demo_example_7:/home/fabian/yb_support/unilidar_sdk2/install/unitree_lidar_ros2:/home/fabian/fixslam/install/geometry_msgs:/home/fabian/fixslam/install/std_msgs:/opt/ros/rolling/opt/gz_sim_vendor:/opt/ros/rolling/opt/gz_sensors_vendor:/opt/ros/rolling/opt/gz_physics_vendor:/opt/ros/rolling/opt/sdformat_vendor:/opt/ros/rolling/opt/gz_gui_vendor:/opt/ros/rolling/opt/gz_transport_vendor:/opt/ros/rolling/opt/gz_rendering_vendor:/opt/ros/rolling/opt/gz_plugin_vendor:/opt/ros/rolling/opt/gz_fuel_tools_vendor:/opt/ros/rolling/opt/gz_msgs_vendor:/opt/ros/rolling/opt/gz_common_vendor:/opt/ros/rolling/opt/gz_math_vendor:/opt/ros/rolling/opt/gz_utils_vendor:/opt/ros/rolling/opt/gz_tools_vendor:/opt/ros/rolling/opt/gz_ogre_next_vendor:/opt/ros/rolling/opt/gz_dartsim_vendor:/opt/ros/rolling/opt/gz_cmake_vendor DEBUGINFOD_URLS=https://debuginfod.ubuntu.com /usr/bin/cmake --build /home/fabian/moveit2/build/kortex_api -- -j7 -l7
[0.326s] Invoked command in '/home/fabian/moveit2/build/kortex_api' returned '0': CMAKE_PREFIX_PATH=/home/fabian/moveit2/install/rviz_marker_tools:/home/fabian/moveit2/install/moveit_resources:/home/fabian/moveit2/install/moveit_resources_pr2_description:/home/fabian/moveit2/install/moveit_resources_panda_moveit_config:/home/fabian/moveit2/install/dual_arm_panda_moveit_config:/home/fabian/moveit2/install/moveit_resources_panda_description:/home/fabian/moveit2/install/moveit_resources_fanuc_moveit_config:/home/fabian/moveit2/install/moveit_resources_fanuc_description:/home/fabian/moveit2/install/moveit_msgs:/home/fabian/moveit2/install/pilz_industrial_motion_planner_testutils:/home/fabian/moveit2/install/moveit_runtime:/home/fabian/moveit2/install/moveit:/home/fabian/moveit2/install/moveit_planners:/home/fabian/moveit2/install/pilz_industrial_motion_planner:/home/fabian/moveit2/install/moveit_ros_control_interface:/home/fabian/moveit2/install/moveit_plugins:/home/fabian/moveit2/install/moveit_simple_controller_manager:/home/fabian/moveit2/install/moveit_setup_assistant:/home/fabian/moveit2/install/moveit_setup_srdf_plugins:/home/fabian/moveit2/install/moveit_setup_core_plugins:/home/fabian/moveit2/install/moveit_setup_controllers:/home/fabian/moveit2/install/moveit_setup_app_plugins:/home/fabian/moveit2/install/moveit_setup_framework:/home/fabian/moveit2/install/moveit_servo:/home/fabian/moveit2/install/moveit_ros_trajectory_cache:/home/fabian/moveit2/install/moveit_ros:/home/fabian/moveit2/install/moveit_ros_visualization:/home/fabian/moveit2/install/moveit_py:/home/fabian/moveit2/install/moveit_hybrid_planning:/home/fabian/moveit2/install/moveit_ros_planning_interface:/home/fabian/moveit2/install/moveit_ros_benchmarks:/home/fabian/moveit2/install/moveit_ros_warehouse:/home/fabian/moveit2/install/moveit_ros_robot_interaction:/home/fabian/moveit2/install/moveit_ros_perception:/home/fabian/moveit2/install/moveit_resources_prbt_pg70_support:/home/fabian/moveit2/install/moveit_resources_prbt_moveit_config:/home/fabian/moveit2/install/moveit_ros_move_group:/home/fabian/moveit2/install/moveit_planners_ompl:/home/fabian/moveit2/install/moveit_kinematics:/home/fabian/moveit2/install/moveit_ros_planning:/home/fabian/moveit2/install/moveit_ros_occupancy_map_monitor:/home/fabian/moveit2/install/moveit_resources_prbt_support:/home/fabian/moveit2/install/moveit_resources_prbt_ikfast_manipulator_plugin:/home/fabian/moveit2/install/moveit_planners_stomp:/home/fabian/moveit2/install/moveit_planners_chomp:/home/fabian/moveit2/install/chomp_motion_planner:/home/fabian/moveit2/install/moveit_core:/home/fabian/moveit2/install/moveit_common:/home/fabian/yb_support/ros_odrive/install/odrive_ros2_control:/home/fabian/yb_support/ros_odrive/install/odrive_can:/home/fabian/yb_support/slam_toolbox/install/slam_toolbox:/home/fabian/yb_support/my_msgs/install/my_msgs:/home/fabian/yb_support/pointcloud_to_laserscan/install/pointcloud_to_laserscan:/home/fabian/yb_support/mecanum_drive_controller/install/mecanum_drive_controller:/home/fabian/ros2_ws/install/ros2_control_demo_example_2:/home/fabian/ros2_ws/install/ros2_control_demo_description:/home/fabian/yahboom_rosmaster/install/yahboom_rosmaster:/home/fabian/yahboom_rosmaster/install/yahboom_rosmaster_system_tests:/home/fabian/yahboom_rosmaster/install/yahboom_rosmaster_navigation:/home/fabian/yahboom_rosmaster/install/yahboom_rosmaster_msgs:/home/fabian/yahboom_rosmaster/install/yahboom_rosmaster_localization:/home/fabian/yahboom_rosmaster/install/yahboom_rosmaster_gazebo:/home/fabian/yahboom_rosmaster/install/yahboom_rosmaster_docking:/home/fabian/yahboom_rosmaster/install/yahboom_rosmaster_description:/home/fabian/yahboom_rosmaster/install/yahboom_rosmaster_bringup:/home/fabian/yahboom_rosmaster/install/mecanum_drive_controller:/home/fabian/cartesian_controllers/install/cartesian_compliance_controller:/home/fabian/cartesian_controllers/install/cartesian_motion_controller:/home/fabian/cartesian_controllers/install/cartesian_force_controller:/home/fabian/cartesian_controllers/install/cartesian_controller_utilities:/home/fabian/moveit2/install/moveit_configs_utils:/home/fabian/youbot_ws/install/youbot:/home/fabian/yb_support/urdf_parser_py/install/urdfdom_py:/home/fabian/yb_support/twist_stamper/install/twist_stamper:/home/fabian/yb_support/kdl_parser_py/install/kdl_parser_py:/opt/ros/rolling:/home/fabian/cartesian_controllers/install/cartesian_controller_tests:/home/fabian/cartesian_controllers/install/cartesian_controller_simulation:/home/fabian/cartesian_controllers/install/cartesian_controller_handles:/home/fabian/cartesian_controllers/install/cartesian_controller_base:/home/fabian/ros2_control_demos/example_7/install/ros2_control_demo_example_7:/home/fabian/yb_support/unilidar_sdk2/install/unitree_lidar_ros2:/home/fabian/fixslam/install/geometry_msgs:/home/fabian/fixslam/install/std_msgs:/opt/ros/rolling/opt/gz_sim_vendor:/opt/ros/rolling/opt/gz_sensors_vendor:/opt/ros/rolling/opt/gz_physics_vendor:/opt/ros/rolling/opt/sdformat_vendor:/opt/ros/rolling/opt/gz_gui_vendor:/opt/ros/rolling/opt/gz_transport_vendor:/opt/ros/rolling/opt/gz_rendering_vendor:/opt/ros/rolling/opt/gz_plugin_vendor:/opt/ros/rolling/opt/gz_fuel_tools_vendor:/opt/ros/rolling/opt/gz_msgs_vendor:/opt/ros/rolling/opt/gz_common_vendor:/opt/ros/rolling/opt/gz_math_vendor:/opt/ros/rolling/opt/gz_utils_vendor:/opt/ros/rolling/opt/gz_tools_vendor:/opt/ros/rolling/opt/gz_ogre_next_vendor:/opt/ros/rolling/opt/gz_dartsim_vendor:/opt/ros/rolling/opt/gz_cmake_vendor DEBUGINFOD_URLS=https://debuginfod.ubuntu.com /usr/bin/cmake --build /home/fabian/moveit2/build/kortex_api -- -j7 -l7
[0.330s] Invoking command in '/home/fabian/moveit2/build/kortex_api': CMAKE_PREFIX_PATH=/home/fabian/moveit2/install/rviz_marker_tools:/home/fabian/moveit2/install/moveit_resources:/home/fabian/moveit2/install/moveit_resources_pr2_description:/home/fabian/moveit2/install/moveit_resources_panda_moveit_config:/home/fabian/moveit2/install/dual_arm_panda_moveit_config:/home/fabian/moveit2/install/moveit_resources_panda_description:/home/fabian/moveit2/install/moveit_resources_fanuc_moveit_config:/home/fabian/moveit2/install/moveit_resources_fanuc_description:/home/fabian/moveit2/install/moveit_msgs:/home/fabian/moveit2/install/pilz_industrial_motion_planner_testutils:/home/fabian/moveit2/install/moveit_runtime:/home/fabian/moveit2/install/moveit:/home/fabian/moveit2/install/moveit_planners:/home/fabian/moveit2/install/pilz_industrial_motion_planner:/home/fabian/moveit2/install/moveit_ros_control_interface:/home/fabian/moveit2/install/moveit_plugins:/home/fabian/moveit2/install/moveit_simple_controller_manager:/home/fabian/moveit2/install/moveit_setup_assistant:/home/fabian/moveit2/install/moveit_setup_srdf_plugins:/home/fabian/moveit2/install/moveit_setup_core_plugins:/home/fabian/moveit2/install/moveit_setup_controllers:/home/fabian/moveit2/install/moveit_setup_app_plugins:/home/fabian/moveit2/install/moveit_setup_framework:/home/fabian/moveit2/install/moveit_servo:/home/fabian/moveit2/install/moveit_ros_trajectory_cache:/home/fabian/moveit2/install/moveit_ros:/home/fabian/moveit2/install/moveit_ros_visualization:/home/fabian/moveit2/install/moveit_py:/home/fabian/moveit2/install/moveit_hybrid_planning:/home/fabian/moveit2/install/moveit_ros_planning_interface:/home/fabian/moveit2/install/moveit_ros_benchmarks:/home/fabian/moveit2/install/moveit_ros_warehouse:/home/fabian/moveit2/install/moveit_ros_robot_interaction:/home/fabian/moveit2/install/moveit_ros_perception:/home/fabian/moveit2/install/moveit_resources_prbt_pg70_support:/home/fabian/moveit2/install/moveit_resources_prbt_moveit_config:/home/fabian/moveit2/install/moveit_ros_move_group:/home/fabian/moveit2/install/moveit_planners_ompl:/home/fabian/moveit2/install/moveit_kinematics:/home/fabian/moveit2/install/moveit_ros_planning:/home/fabian/moveit2/install/moveit_ros_occupancy_map_monitor:/home/fabian/moveit2/install/moveit_resources_prbt_support:/home/fabian/moveit2/install/moveit_resources_prbt_ikfast_manipulator_plugin:/home/fabian/moveit2/install/moveit_planners_stomp:/home/fabian/moveit2/install/moveit_planners_chomp:/home/fabian/moveit2/install/chomp_motion_planner:/home/fabian/moveit2/install/moveit_core:/home/fabian/moveit2/install/moveit_common:/home/fabian/yb_support/ros_odrive/install/odrive_ros2_control:/home/fabian/yb_support/ros_odrive/install/odrive_can:/home/fabian/yb_support/slam_toolbox/install/slam_toolbox:/home/fabian/yb_support/my_msgs/install/my_msgs:/home/fabian/yb_support/pointcloud_to_laserscan/install/pointcloud_to_laserscan:/home/fabian/yb_support/mecanum_drive_controller/install/mecanum_drive_controller:/home/fabian/ros2_ws/install/ros2_control_demo_example_2:/home/fabian/ros2_ws/install/ros2_control_demo_description:/home/fabian/yahboom_rosmaster/install/yahboom_rosmaster:/home/fabian/yahboom_rosmaster/install/yahboom_rosmaster_system_tests:/home/fabian/yahboom_rosmaster/install/yahboom_rosmaster_navigation:/home/fabian/yahboom_rosmaster/install/yahboom_rosmaster_msgs:/home/fabian/yahboom_rosmaster/install/yahboom_rosmaster_localization:/home/fabian/yahboom_rosmaster/install/yahboom_rosmaster_gazebo:/home/fabian/yahboom_rosmaster/install/yahboom_rosmaster_docking:/home/fabian/yahboom_rosmaster/install/yahboom_rosmaster_description:/home/fabian/yahboom_rosmaster/install/yahboom_rosmaster_bringup:/home/fabian/yahboom_rosmaster/install/mecanum_drive_controller:/home/fabian/cartesian_controllers/install/cartesian_compliance_controller:/home/fabian/cartesian_controllers/install/cartesian_motion_controller:/home/fabian/cartesian_controllers/install/cartesian_force_controller:/home/fabian/cartesian_controllers/install/cartesian_controller_utilities:/home/fabian/moveit2/install/moveit_configs_utils:/home/fabian/youbot_ws/install/youbot:/home/fabian/yb_support/urdf_parser_py/install/urdfdom_py:/home/fabian/yb_support/twist_stamper/install/twist_stamper:/home/fabian/yb_support/kdl_parser_py/install/kdl_parser_py:/opt/ros/rolling:/home/fabian/cartesian_controllers/install/cartesian_controller_tests:/home/fabian/cartesian_controllers/install/cartesian_controller_simulation:/home/fabian/cartesian_controllers/install/cartesian_controller_handles:/home/fabian/cartesian_controllers/install/cartesian_controller_base:/home/fabian/ros2_control_demos/example_7/install/ros2_control_demo_example_7:/home/fabian/yb_support/unilidar_sdk2/install/unitree_lidar_ros2:/home/fabian/fixslam/install/geometry_msgs:/home/fabian/fixslam/install/std_msgs:/opt/ros/rolling/opt/gz_sim_vendor:/opt/ros/rolling/opt/gz_sensors_vendor:/opt/ros/rolling/opt/gz_physics_vendor:/opt/ros/rolling/opt/sdformat_vendor:/opt/ros/rolling/opt/gz_gui_vendor:/opt/ros/rolling/opt/gz_transport_vendor:/opt/ros/rolling/opt/gz_rendering_vendor:/opt/ros/rolling/opt/gz_plugin_vendor:/opt/ros/rolling/opt/gz_fuel_tools_vendor:/opt/ros/rolling/opt/gz_msgs_vendor:/opt/ros/rolling/opt/gz_common_vendor:/opt/ros/rolling/opt/gz_math_vendor:/opt/ros/rolling/opt/gz_utils_vendor:/opt/ros/rolling/opt/gz_tools_vendor:/opt/ros/rolling/opt/gz_ogre_next_vendor:/opt/ros/rolling/opt/gz_dartsim_vendor:/opt/ros/rolling/opt/gz_cmake_vendor DEBUGINFOD_URLS=https://debuginfod.ubuntu.com /usr/bin/cmake --install /home/fabian/moveit2/build/kortex_api
[0.369s] -- Install configuration: ""
[0.369s] -- Up-to-date: /home/fabian/moveit2/install/kortex_api/include/kortex_api
[0.370s] -- Up-to-date: /home/fabian/moveit2/install/kortex_api/include/kortex_api/RouterClient.h
[0.370s] -- Up-to-date: /home/fabian/moveit2/install/kortex_api/include/kortex_api/IRouterClient.h
[0.370s] -- Up-to-date: /home/fabian/moveit2/install/kortex_api/include/kortex_api/ITransportClient.h
[0.371s] -- Up-to-date: /home/fabian/moveit2/install/kortex_api/include/kortex_api/SessionManager.h
[0.371s] -- Up-to-date: /home/fabian/moveit2/install/kortex_api/include/kortex_api/version.h
[0.371s] -- Up-to-date: /home/fabian/moveit2/install/kortex_api/include/kortex_api/TransportClientUdp.h
[0.371s] -- Up-to-date: /home/fabian/moveit2/install/kortex_api/include/kortex_api/FrameHandler.h
[0.372s] -- Up-to-date: /home/fabian/moveit2/install/kortex_api/include/kortex_api/NotificationHandler.h
[0.372s] -- Up-to-date: /home/fabian/moveit2/install/kortex_api/include/kortex_api/TransportClientTcp.h
[0.372s] -- Up-to-date: /home/fabian/moveit2/install/kortex_api/include/kortex_api
[0.372s] -- Up-to-date: /home/fabian/moveit2/install/kortex_api/include/kortex_api/KError.h
[0.373s] -- Up-to-date: /home/fabian/moveit2/install/kortex_api/include/kortex_api/KinovaTcpUtilities.h
[0.374s] -- Up-to-date: /home/fabian/moveit2/install/kortex_api/include/kortex_api/KDetailedException.h
[0.374s] -- Up-to-date: /home/fabian/moveit2/install/kortex_api/include/kortex_api/TransportBridgeDummy.h
[0.375s] -- Up-to-date: /home/fabian/moveit2/install/kortex_api/include/kortex_api/version.h
[0.375s] -- Up-to-date: /home/fabian/moveit2/install/kortex_api/include/kortex_api/HeaderInfo.h
[0.375s] -- Up-to-date: /home/fabian/moveit2/install/kortex_api/include/kortex_api/Frame.h
[0.375s] -- Up-to-date: /home/fabian/moveit2/install/kortex_api/include/kortex_api/KBasicException.h
[0.375s] -- Up-to-date: /home/fabian/moveit2/install/kortex_api/include/kortex_api
[0.375s] -- Up-to-date: /home/fabian/moveit2/install/kortex_api/include/kortex_api/InterconnectCyclicMessage.pb.h
[0.375s] -- Up-to-date: /home/fabian/moveit2/install/kortex_api/include/kortex_api/InterconnectCyclic.pb.h
[0.376s] -- Up-to-date: /home/fabian/moveit2/install/kortex_api/include/kortex_api/GripperCyclicMessage.pb.h
[0.376s] -- Up-to-date: /home/fabian/moveit2/install/kortex_api/include/kortex_api/Session.pb.h
[0.376s] -- Up-to-date: /home/fabian/moveit2/install/kortex_api/include/kortex_api/ActuatorCyclic.pb.h
[0.377s] -- Up-to-date: /home/fabian/moveit2/install/kortex_api/include/kortex_api/Frame.pb.h
[0.377s] -- Up-to-date: /home/fabian/moveit2/install/kortex_api/include/kortex_api/Test.pb.h
[0.378s] -- Up-to-date: /home/fabian/moveit2/install/kortex_api/include/kortex_api/ProductConfiguration.pb.h
[0.378s] -- Up-to-date: /home/fabian/moveit2/install/kortex_api/include/kortex_api/VisionConfig.pb.h
[0.378s] -- Up-to-date: /home/fabian/moveit2/install/kortex_api/include/kortex_api/ControlConfig.pb.h
[0.378s] -- Up-to-date: /home/fabian/moveit2/install/kortex_api/include/kortex_api/DeviceManager.pb.h
[0.379s] -- Up-to-date: /home/fabian/moveit2/install/kortex_api/include/kortex_api/GripperConfig.pb.h
[0.379s] -- Up-to-date: /home/fabian/moveit2/install/kortex_api/include/kortex_api/Base.pb.h
[0.379s] -- Up-to-date: /home/fabian/moveit2/install/kortex_api/include/kortex_api/DeviceConfig.pb.h
[0.379s] -- Up-to-date: /home/fabian/moveit2/install/kortex_api/include/kortex_api/GripperCyclic.pb.h
[0.380s] -- Up-to-date: /home/fabian/moveit2/install/kortex_api/include/kortex_api/Errors.pb.h
[0.381s] -- Up-to-date: /home/fabian/moveit2/install/kortex_api/include/kortex_api/Common.pb.h
[0.381s] -- Up-to-date: /home/fabian/moveit2/install/kortex_api/include/kortex_api/InterconnectConfig.pb.h
[0.381s] -- Up-to-date: /home/fabian/moveit2/install/kortex_api/include/kortex_api/BaseCyclic.pb.h
[0.382s] -- Up-to-date: /home/fabian/moveit2/install/kortex_api/include/kortex_api/ActuatorConfig.pb.h
[0.382s] -- Up-to-date: /home/fabian/moveit2/install/kortex_api/include/kortex_api
[0.382s] -- Up-to-date: /home/fabian/moveit2/install/kortex_api/include/kortex_api/DeviceManagerClientRpc.h
[0.383s] -- Up-to-date: /home/fabian/moveit2/install/kortex_api/include/kortex_api/InterconnectConfigClientRpc.h
[0.383s] -- Up-to-date: /home/fabian/moveit2/install/kortex_api/include/kortex_api/ActuatorCyclicClientRpc.h
[0.384s] -- Up-to-date: /home/fabian/moveit2/install/kortex_api/include/kortex_api/ActuatorConfigClientRpc.h
[0.384s] -- Up-to-date: /home/fabian/moveit2/install/kortex_api/include/kortex_api/ControlConfigClientRpc.h
[0.384s] -- Up-to-date: /home/fabian/moveit2/install/kortex_api/include/kortex_api/InterconnectCyclicClientRpc.h
[0.385s] -- Up-to-date: /home/fabian/moveit2/install/kortex_api/include/kortex_api/SessionClientRpc.h
[0.385s] -- Up-to-date: /home/fabian/moveit2/install/kortex_api/include/kortex_api/VisionConfigClientRpc.h
[0.385s] -- Up-to-date: /home/fabian/moveit2/install/kortex_api/include/kortex_api/TestClientRpc.h
[0.385s] -- Up-to-date: /home/fabian/moveit2/install/kortex_api/include/kortex_api/GripperCyclicClientRpc.h
[0.386s] -- Up-to-date: /home/fabian/moveit2/install/kortex_api/include/kortex_api/BaseClientRpc.h
[0.386s] -- Up-to-date: /home/fabian/moveit2/install/kortex_api/include/kortex_api/BaseCyclicClientRpc.h
[0.386s] -- Up-to-date: /home/fabian/moveit2/install/kortex_api/include/kortex_api/DeviceConfigClientRpc.h
[0.387s] -- Up-to-date: /home/fabian/moveit2/install/kortex_api/include/kortex_api/google/protobuf
[0.387s] -- Up-to-date: /home/fabian/moveit2/install/kortex_api/include/kortex_api/google/protobuf/has_bits.h
[0.387s] -- Up-to-date: /home/fabian/moveit2/install/kortex_api/include/kortex_api/google/protobuf/map.h
[0.388s] -- Up-to-date: /home/fabian/moveit2/install/kortex_api/include/kortex_api/google/protobuf/any.h
[0.388s] -- Up-to-date: /home/fabian/moveit2/install/kortex_api/include/kortex_api/google/protobuf/generated_message_reflection.h
[0.388s] -- Up-to-date: /home/fabian/moveit2/install/kortex_api/include/kortex_api/google/protobuf/descriptor_database.h
[0.389s] -- Up-to-date: /home/fabian/moveit2/install/kortex_api/include/kortex_api/google/protobuf/map_entry.h
[0.389s] -- Up-to-date: /home/fabian/moveit2/install/kortex_api/include/kortex_api/google/protobuf/metadata_lite.h
[0.389s] -- Up-to-date: /home/fabian/moveit2/install/kortex_api/include/kortex_api/google/protobuf/empty.pb.h
[0.390s] -- Up-to-date: /home/fabian/moveit2/install/kortex_api/include/kortex_api/google/protobuf/descriptor.h
[0.390s] -- Up-to-date: /home/fabian/moveit2/install/kortex_api/include/kortex_api/google/protobuf/util
[0.390s] -- Up-to-date: /home/fabian/moveit2/install/kortex_api/include/kortex_api/google/protobuf/util/type_resolver.h
[0.390s] -- Up-to-date: /home/fabian/moveit2/install/kortex_api/include/kortex_api/google/protobuf/util/delimited_message_util.h
[0.391s] -- Up-to-date: /home/fabian/moveit2/install/kortex_api/include/kortex_api/google/protobuf/util/message_differencer.h
[0.391s] -- Up-to-date: /home/fabian/moveit2/install/kortex_api/include/kortex_api/google/protobuf/util/type_resolver_util.h
[0.391s] -- Up-to-date: /home/fabian/moveit2/install/kortex_api/include/kortex_api/google/protobuf/util/field_mask_util.h
[0.392s] -- Up-to-date: /home/fabian/moveit2/install/kortex_api/include/kortex_api/google/protobuf/util/json_util.h
[0.392s] -- Up-to-date: /home/fabian/moveit2/install/kortex_api/include/kortex_api/google/protobuf/util/field_comparator.h
[0.392s] -- Up-to-date: /home/fabian/moveit2/install/kortex_api/include/kortex_api/google/protobuf/util/time_util.h
[0.392s] -- Up-to-date: /home/fabian/moveit2/install/kortex_api/include/kortex_api/google/protobuf/wire_format_lite.h
[0.393s] -- Up-to-date: /home/fabian/moveit2/install/kortex_api/include/kortex_api/google/protobuf/api.pb.h
[0.393s] -- Up-to-date: /home/fabian/moveit2/install/kortex_api/include/kortex_api/google/protobuf/generated_message_util.h
[0.394s] -- Up-to-date: /home/fabian/moveit2/install/kortex_api/include/kortex_api/google/protobuf/source_context.pb.h
[0.394s] -- Up-to-date: /home/fabian/moveit2/install/kortex_api/include/kortex_api/google/protobuf/dynamic_message.h
[0.395s] -- Up-to-date: /home/fabian/moveit2/install/kortex_api/include/kortex_api/google/protobuf/generated_message_table_driven.h
[0.395s] -- Up-to-date: /home/fabian/moveit2/install/kortex_api/include/kortex_api/google/protobuf/extension_set.h
[0.395s] -- Up-to-date: /home/fabian/moveit2/install/kortex_api/include/kortex_api/google/protobuf/wire_format_lite_inl.h
[0.396s] -- Up-to-date: /home/fabian/moveit2/install/kortex_api/include/kortex_api/google/protobuf/map_entry_lite.h
[0.396s] -- Up-to-date: /home/fabian/moveit2/install/kortex_api/include/kortex_api/google/protobuf/generated_enum_util.h
[0.396s] -- Up-to-date: /home/fabian/moveit2/install/kortex_api/include/kortex_api/google/protobuf/reflection.h
[0.397s] -- Up-to-date: /home/fabian/moveit2/install/kortex_api/include/kortex_api/google/protobuf/metadata.h
[0.397s] -- Up-to-date: /home/fabian/moveit2/install/kortex_api/include/kortex_api/google/protobuf/stubs
[0.397s] -- Up-to-date: /home/fabian/moveit2/install/kortex_api/include/kortex_api/google/protobuf/stubs/atomicops_internals_generic_gcc.h
[0.398s] -- Up-to-date: /home/fabian/moveit2/install/kortex_api/include/kortex_api/google/protobuf/stubs/casts.h
[0.398s] -- Up-to-date: /home/fabian/moveit2/install/kortex_api/include/kortex_api/google/protobuf/stubs/atomicops_internals_arm_qnx.h
[0.398s] -- Up-to-date: /home/fabian/moveit2/install/kortex_api/include/kortex_api/google/protobuf/stubs/scoped_ptr.h
[0.398s] -- Up-to-date: /home/fabian/moveit2/install/kortex_api/include/kortex_api/google/protobuf/stubs/atomicops_internals_generic_c11_atomic.h
[0.399s] -- Up-to-date: /home/fabian/moveit2/install/kortex_api/include/kortex_api/google/protobuf/stubs/atomicops.h
[0.399s] -- Up-to-date: /home/fabian/moveit2/install/kortex_api/include/kortex_api/google/protobuf/stubs/stl_util.h
[0.400s] -- Up-to-date: /home/fabian/moveit2/install/kortex_api/include/kortex_api/google/protobuf/stubs/atomicops_internals_arm64_gcc.h
[0.400s] -- Up-to-date: /home/fabian/moveit2/install/kortex_api/include/kortex_api/google/protobuf/stubs/hash.h
[0.400s] -- Up-to-date: /home/fabian/moveit2/install/kortex_api/include/kortex_api/google/protobuf/stubs/platform_macros.h
[0.401s] -- Up-to-date: /home/fabian/moveit2/install/kortex_api/include/kortex_api/google/protobuf/stubs/once.h
[0.401s] -- Up-to-date: /home/fabian/moveit2/install/kortex_api/include/kortex_api/google/protobuf/stubs/atomic_sequence_num.h
[0.401s] -- Up-to-date: /home/fabian/moveit2/install/kortex_api/include/kortex_api/google/protobuf/stubs/fastmem.h
[0.402s] -- Up-to-date: /home/fabian/moveit2/install/kortex_api/include/kortex_api/google/protobuf/stubs/atomicops_internals_solaris.h
[0.402s] -- Up-to-date: /home/fabian/moveit2/install/kortex_api/include/kortex_api/google/protobuf/stubs/singleton.h
[0.402s] -- Up-to-date: /home/fabian/moveit2/install/kortex_api/include/kortex_api/google/protobuf/stubs/port.h
[0.403s] -- Up-to-date: /home/fabian/moveit2/install/kortex_api/include/kortex_api/google/protobuf/stubs/atomicops_internals_ppc_gcc.h
[0.403s] -- Up-to-date: /home/fabian/moveit2/install/kortex_api/include/kortex_api/google/protobuf/stubs/common.h
[0.403s] -- Up-to-date: /home/fabian/moveit2/install/kortex_api/include/kortex_api/google/protobuf/stubs/atomicops_internals_x86_gcc.h
[0.403s] -- Up-to-date: /home/fabian/moveit2/install/kortex_api/include/kortex_api/google/protobuf/stubs/callback.h
[0.404s] -- Up-to-date: /home/fabian/moveit2/install/kortex_api/include/kortex_api/google/protobuf/stubs/status.h
[0.404s] -- Up-to-date: /home/fabian/moveit2/install/kortex_api/include/kortex_api/google/protobuf/stubs/atomicops_internals_arm_gcc.h
[0.404s] -- Up-to-date: /home/fabian/moveit2/install/kortex_api/include/kortex_api/google/protobuf/stubs/mutex.h
[0.405s] -- Up-to-date: /home/fabian/moveit2/install/kortex_api/include/kortex_api/google/protobuf/stubs/stringpiece.h
[0.405s] -- Up-to-date: /home/fabian/moveit2/install/kortex_api/include/kortex_api/google/protobuf/stubs/type_traits.h
[0.405s] -- Up-to-date: /home/fabian/moveit2/install/kortex_api/include/kortex_api/google/protobuf/stubs/atomicops_internals_tsan.h
[0.406s] -- Up-to-date: /home/fabian/moveit2/install/kortex_api/include/kortex_api/google/protobuf/stubs/bytestream.h
[0.406s] -- Up-to-date: /home/fabian/moveit2/install/kortex_api/include/kortex_api/google/protobuf/stubs/macros.h
[0.406s] -- Up-to-date: /home/fabian/moveit2/install/kortex_api/include/kortex_api/google/protobuf/stubs/shared_ptr.h
[0.406s] -- Up-to-date: /home/fabian/moveit2/install/kortex_api/include/kortex_api/google/protobuf/stubs/template_util.h
[0.407s] -- Up-to-date: /home/fabian/moveit2/install/kortex_api/include/kortex_api/google/protobuf/stubs/logging.h
[0.407s] -- Up-to-date: /home/fabian/moveit2/install/kortex_api/include/kortex_api/google/protobuf/stubs/atomicops_internals_power.h
[0.407s] -- Up-to-date: /home/fabian/moveit2/install/kortex_api/include/kortex_api/google/protobuf/stubs/atomicops_internals_x86_msvc.h
[0.408s] -- Up-to-date: /home/fabian/moveit2/install/kortex_api/include/kortex_api/google/protobuf/stubs/atomicops_internals_mips_gcc.h
[0.408s] -- Up-to-date: /home/fabian/moveit2/install/kortex_api/include/kortex_api/google/protobuf/map_field_lite.h
[0.409s] -- Up-to-date: /home/fabian/moveit2/install/kortex_api/include/kortex_api/google/protobuf/io
[0.409s] -- Up-to-date: /home/fabian/moveit2/install/kortex_api/include/kortex_api/google/protobuf/io/zero_copy_stream.h
[0.409s] -- Up-to-date: /home/fabian/moveit2/install/kortex_api/include/kortex_api/google/protobuf/io/tokenizer.h
[0.411s] -- Up-to-date: /home/fabian/moveit2/install/kortex_api/include/kortex_api/google/protobuf/io/coded_stream.h
[0.411s] -- Up-to-date: /home/fabian/moveit2/install/kortex_api/include/kortex_api/google/protobuf/io/printer.h
[0.412s] -- Up-to-date: /home/fabian/moveit2/install/kortex_api/include/kortex_api/google/protobuf/io/gzip_stream.h
[0.412s] -- Up-to-date: /home/fabian/moveit2/install/kortex_api/include/kortex_api/google/protobuf/io/zero_copy_stream_impl_lite.h
[0.412s] -- Up-to-date: /home/fabian/moveit2/install/kortex_api/include/kortex_api/google/protobuf/io/zero_copy_stream_impl.h
[0.412s] -- Up-to-date: /home/fabian/moveit2/install/kortex_api/include/kortex_api/google/protobuf/io/strtod.h
[0.413s] -- Up-to-date: /home/fabian/moveit2/install/kortex_api/include/kortex_api/google/protobuf/arena_impl.h
[0.413s] -- Up-to-date: /home/fabian/moveit2/install/kortex_api/include/kortex_api/google/protobuf/unknown_field_set.h
[0.414s] -- Up-to-date: /home/fabian/moveit2/install/kortex_api/include/kortex_api/google/protobuf/message.h
[0.414s] -- Up-to-date: /home/fabian/moveit2/install/kortex_api/include/kortex_api/google/protobuf/arenastring.h
[0.415s] -- Up-to-date: /home/fabian/moveit2/install/kortex_api/include/kortex_api/google/protobuf/reflection_ops.h
[0.415s] -- Up-to-date: /home/fabian/moveit2/install/kortex_api/include/kortex_api/google/protobuf/descriptor.pb.h
[0.416s] -- Up-to-date: /home/fabian/moveit2/install/kortex_api/include/kortex_api/google/protobuf/field_mask.pb.h
[0.417s] -- Up-to-date: /home/fabian/moveit2/install/kortex_api/include/kortex_api/google/protobuf/service.h
[0.418s] -- Up-to-date: /home/fabian/moveit2/install/kortex_api/include/kortex_api/google/protobuf/struct.pb.h
[0.418s] -- Up-to-date: /home/fabian/moveit2/install/kortex_api/include/kortex_api/google/protobuf/repeated_field.h
[0.418s] -- Up-to-date: /home/fabian/moveit2/install/kortex_api/include/kortex_api/google/protobuf/type.pb.h
[0.419s] -- Up-to-date: /home/fabian/moveit2/install/kortex_api/include/kortex_api/google/protobuf/compiler
[0.419s] -- Up-to-date: /home/fabian/moveit2/install/kortex_api/include/kortex_api/google/protobuf/compiler/cpp
[0.419s] -- Up-to-date: /home/fabian/moveit2/install/kortex_api/include/kortex_api/google/protobuf/compiler/cpp/cpp_generator.h
[0.420s] -- Up-to-date: /home/fabian/moveit2/install/kortex_api/include/kortex_api/google/protobuf/compiler/java
[0.420s] -- Up-to-date: /home/fabian/moveit2/install/kortex_api/include/kortex_api/google/protobuf/compiler/java/java_names.h
[0.420s] -- Up-to-date: /home/fabian/moveit2/install/kortex_api/include/kortex_api/google/protobuf/compiler/java/java_generator.h
[0.420s] -- Up-to-date: /home/fabian/moveit2/install/kortex_api/include/kortex_api/google/protobuf/compiler/plugin.pb.h
[0.420s] -- Up-to-date: /home/fabian/moveit2/install/kortex_api/include/kortex_api/google/protobuf/compiler/js
[0.421s] -- Up-to-date: /home/fabian/moveit2/install/kortex_api/include/kortex_api/google/protobuf/compiler/js/js_generator.h
[0.421s] -- Up-to-date: /home/fabian/moveit2/install/kortex_api/include/kortex_api/google/protobuf/compiler/js/well_known_types_embed.h
[0.421s] -- Up-to-date: /home/fabian/moveit2/install/kortex_api/include/kortex_api/google/protobuf/compiler/javanano
[0.421s] -- Up-to-date: /home/fabian/moveit2/install/kortex_api/include/kortex_api/google/protobuf/compiler/javanano/javanano_generator.h
[0.422s] -- Up-to-date: /home/fabian/moveit2/install/kortex_api/include/kortex_api/google/protobuf/compiler/command_line_interface.h
[0.422s] -- Up-to-date: /home/fabian/moveit2/install/kortex_api/include/kortex_api/google/protobuf/compiler/objectivec
[0.422s] -- Up-to-date: /home/fabian/moveit2/install/kortex_api/include/kortex_api/google/protobuf/compiler/objectivec/objectivec_generator.h
[0.422s] -- Up-to-date: /home/fabian/moveit2/install/kortex_api/include/kortex_api/google/protobuf/compiler/objectivec/objectivec_helpers.h
[0.423s] -- Up-to-date: /home/fabian/moveit2/install/kortex_api/include/kortex_api/google/protobuf/compiler/python
[0.423s] -- Up-to-date: /home/fabian/moveit2/install/kortex_api/include/kortex_api/google/protobuf/compiler/python/python_generator.h
[0.423s] -- Up-to-date: /home/fabian/moveit2/install/kortex_api/include/kortex_api/google/protobuf/compiler/ruby
[0.424s] -- Up-to-date: /home/fabian/moveit2/install/kortex_api/include/kortex_api/google/protobuf/compiler/ruby/ruby_generator.h
[0.424s] -- Up-to-date: /home/fabian/moveit2/install/kortex_api/include/kortex_api/google/protobuf/compiler/csharp
[0.424s] -- Up-to-date: /home/fabian/moveit2/install/kortex_api/include/kortex_api/google/protobuf/compiler/csharp/csharp_names.h
[0.425s] -- Up-to-date: /home/fabian/moveit2/install/kortex_api/include/kortex_api/google/protobuf/compiler/csharp/csharp_generator.h
[0.425s] -- Up-to-date: /home/fabian/moveit2/install/kortex_api/include/kortex_api/google/protobuf/compiler/plugin.h
[0.425s] -- Up-to-date: /home/fabian/moveit2/install/kortex_api/include/kortex_api/google/protobuf/compiler/code_generator.h
[0.425s] -- Up-to-date: /home/fabian/moveit2/install/kortex_api/include/kortex_api/google/protobuf/compiler/php
[0.426s] -- Up-to-date: /home/fabian/moveit2/install/kortex_api/include/kortex_api/google/protobuf/compiler/php/php_generator.h
[0.426s] -- Up-to-date: /home/fabian/moveit2/install/kortex_api/include/kortex_api/google/protobuf/compiler/importer.h
[0.426s] -- Up-to-date: /home/fabian/moveit2/install/kortex_api/include/kortex_api/google/protobuf/compiler/parser.h
[0.427s] -- Up-to-date: /home/fabian/moveit2/install/kortex_api/include/kortex_api/google/protobuf/map_type_handler.h
[0.427s] -- Up-to-date: /home/fabian/moveit2/install/kortex_api/include/kortex_api/google/protobuf/duration.pb.h
[0.428s] -- Up-to-date: /home/fabian/moveit2/install/kortex_api/include/kortex_api/google/protobuf/wire_format.h
[0.428s] -- Up-to-date: /home/fabian/moveit2/install/kortex_api/include/kortex_api/google/protobuf/timestamp.pb.h
[0.429s] -- Up-to-date: /home/fabian/moveit2/install/kortex_api/include/kortex_api/google/protobuf/wrappers.pb.h
[0.429s] -- Up-to-date: /home/fabian/moveit2/install/kortex_api/include/kortex_api/google/protobuf/map_field.h
[0.429s] -- Up-to-date: /home/fabian/moveit2/install/kortex_api/include/kortex_api/google/protobuf/generated_enum_reflection.h
[0.430s] -- Up-to-date: /home/fabian/moveit2/install/kortex_api/include/kortex_api/google/protobuf/arena.h
[0.430s] -- Up-to-date: /home/fabian/moveit2/install/kortex_api/include/kortex_api/google/protobuf/map_field_inl.h
[0.430s] -- Up-to-date: /home/fabian/moveit2/install/kortex_api/include/kortex_api/google/protobuf/message_lite.h
[0.430s] -- Up-to-date: /home/fabian/moveit2/install/kortex_api/include/kortex_api/google/protobuf/any.pb.h
[0.431s] -- Up-to-date: /home/fabian/moveit2/install/kortex_api/include/kortex_api/google/protobuf/text_format.h
[0.431s] -- Up-to-date: /home/fabian/moveit2/install/kortex_api/share/ament_index/resource_index/package_run_dependencies/kortex_api
[0.432s] -- Up-to-date: /home/fabian/moveit2/install/kortex_api/share/ament_index/resource_index/parent_prefix_path/kortex_api
[0.432s] -- Up-to-date: /home/fabian/moveit2/install/kortex_api/share/kortex_api/environment/ament_prefix_path.sh
[0.432s] -- Up-to-date: /home/fabian/moveit2/install/kortex_api/share/kortex_api/environment/ament_prefix_path.dsv
[0.432s] -- Up-to-date: /home/fabian/moveit2/install/kortex_api/share/kortex_api/environment/path.sh
[0.432s] -- Up-to-date: /home/fabian/moveit2/install/kortex_api/share/kortex_api/environment/path.dsv
[0.433s] -- Up-to-date: /home/fabian/moveit2/install/kortex_api/share/kortex_api/local_setup.bash
[0.433s] -- Up-to-date: /home/fabian/moveit2/install/kortex_api/share/kortex_api/local_setup.sh
[0.433s] -- Up-to-date: /home/fabian/moveit2/install/kortex_api/share/kortex_api/local_setup.zsh
[0.433s] -- Up-to-date: /home/fabian/moveit2/install/kortex_api/share/kortex_api/local_setup.dsv
[0.433s] -- Up-to-date: /home/fabian/moveit2/install/kortex_api/share/kortex_api/package.dsv
[0.434s] -- Up-to-date: /home/fabian/moveit2/install/kortex_api/share/ament_index/resource_index/packages/kortex_api
[0.434s] -- Up-to-date: /home/fabian/moveit2/install/kortex_api/share/kortex_api/cmake/ament_cmake_export_include_directories-extras.cmake
[0.435s] -- Up-to-date: /home/fabian/moveit2/install/kortex_api/share/kortex_api/cmake/kortex_apiConfig.cmake
[0.435s] -- Up-to-date: /home/fabian/moveit2/install/kortex_api/share/kortex_api/cmake/kortex_apiConfig-version.cmake
[0.435s] -- Up-to-date: /home/fabian/moveit2/install/kortex_api/share/kortex_api/package.xml
[0.476s] Invoked command in '/home/fabian/moveit2/build/kortex_api' returned '0': CMAKE_PREFIX_PATH=/home/fabian/moveit2/install/rviz_marker_tools:/home/fabian/moveit2/install/moveit_resources:/home/fabian/moveit2/install/moveit_resources_pr2_description:/home/fabian/moveit2/install/moveit_resources_panda_moveit_config:/home/fabian/moveit2/install/dual_arm_panda_moveit_config:/home/fabian/moveit2/install/moveit_resources_panda_description:/home/fabian/moveit2/install/moveit_resources_fanuc_moveit_config:/home/fabian/moveit2/install/moveit_resources_fanuc_description:/home/fabian/moveit2/install/moveit_msgs:/home/fabian/moveit2/install/pilz_industrial_motion_planner_testutils:/home/fabian/moveit2/install/moveit_runtime:/home/fabian/moveit2/install/moveit:/home/fabian/moveit2/install/moveit_planners:/home/fabian/moveit2/install/pilz_industrial_motion_planner:/home/fabian/moveit2/install/moveit_ros_control_interface:/home/fabian/moveit2/install/moveit_plugins:/home/fabian/moveit2/install/moveit_simple_controller_manager:/home/fabian/moveit2/install/moveit_setup_assistant:/home/fabian/moveit2/install/moveit_setup_srdf_plugins:/home/fabian/moveit2/install/moveit_setup_core_plugins:/home/fabian/moveit2/install/moveit_setup_controllers:/home/fabian/moveit2/install/moveit_setup_app_plugins:/home/fabian/moveit2/install/moveit_setup_framework:/home/fabian/moveit2/install/moveit_servo:/home/fabian/moveit2/install/moveit_ros_trajectory_cache:/home/fabian/moveit2/install/moveit_ros:/home/fabian/moveit2/install/moveit_ros_visualization:/home/fabian/moveit2/install/moveit_py:/home/fabian/moveit2/install/moveit_hybrid_planning:/home/fabian/moveit2/install/moveit_ros_planning_interface:/home/fabian/moveit2/install/moveit_ros_benchmarks:/home/fabian/moveit2/install/moveit_ros_warehouse:/home/fabian/moveit2/install/moveit_ros_robot_interaction:/home/fabian/moveit2/install/moveit_ros_perception:/home/fabian/moveit2/install/moveit_resources_prbt_pg70_support:/home/fabian/moveit2/install/moveit_resources_prbt_moveit_config:/home/fabian/moveit2/install/moveit_ros_move_group:/home/fabian/moveit2/install/moveit_planners_ompl:/home/fabian/moveit2/install/moveit_kinematics:/home/fabian/moveit2/install/moveit_ros_planning:/home/fabian/moveit2/install/moveit_ros_occupancy_map_monitor:/home/fabian/moveit2/install/moveit_resources_prbt_support:/home/fabian/moveit2/install/moveit_resources_prbt_ikfast_manipulator_plugin:/home/fabian/moveit2/install/moveit_planners_stomp:/home/fabian/moveit2/install/moveit_planners_chomp:/home/fabian/moveit2/install/chomp_motion_planner:/home/fabian/moveit2/install/moveit_core:/home/fabian/moveit2/install/moveit_common:/home/fabian/yb_support/ros_odrive/install/odrive_ros2_control:/home/fabian/yb_support/ros_odrive/install/odrive_can:/home/fabian/yb_support/slam_toolbox/install/slam_toolbox:/home/fabian/yb_support/my_msgs/install/my_msgs:/home/fabian/yb_support/pointcloud_to_laserscan/install/pointcloud_to_laserscan:/home/fabian/yb_support/mecanum_drive_controller/install/mecanum_drive_controller:/home/fabian/ros2_ws/install/ros2_control_demo_example_2:/home/fabian/ros2_ws/install/ros2_control_demo_description:/home/fabian/yahboom_rosmaster/install/yahboom_rosmaster:/home/fabian/yahboom_rosmaster/install/yahboom_rosmaster_system_tests:/home/fabian/yahboom_rosmaster/install/yahboom_rosmaster_navigation:/home/fabian/yahboom_rosmaster/install/yahboom_rosmaster_msgs:/home/fabian/yahboom_rosmaster/install/yahboom_rosmaster_localization:/home/fabian/yahboom_rosmaster/install/yahboom_rosmaster_gazebo:/home/fabian/yahboom_rosmaster/install/yahboom_rosmaster_docking:/home/fabian/yahboom_rosmaster/install/yahboom_rosmaster_description:/home/fabian/yahboom_rosmaster/install/yahboom_rosmaster_bringup:/home/fabian/yahboom_rosmaster/install/mecanum_drive_controller:/home/fabian/cartesian_controllers/install/cartesian_compliance_controller:/home/fabian/cartesian_controllers/install/cartesian_motion_controller:/home/fabian/cartesian_controllers/install/cartesian_force_controller:/home/fabian/cartesian_controllers/install/cartesian_controller_utilities:/home/fabian/moveit2/install/moveit_configs_utils:/home/fabian/youbot_ws/install/youbot:/home/fabian/yb_support/urdf_parser_py/install/urdfdom_py:/home/fabian/yb_support/twist_stamper/install/twist_stamper:/home/fabian/yb_support/kdl_parser_py/install/kdl_parser_py:/opt/ros/rolling:/home/fabian/cartesian_controllers/install/cartesian_controller_tests:/home/fabian/cartesian_controllers/install/cartesian_controller_simulation:/home/fabian/cartesian_controllers/install/cartesian_controller_handles:/home/fabian/cartesian_controllers/install/cartesian_controller_base:/home/fabian/ros2_control_demos/example_7/install/ros2_control_demo_example_7:/home/fabian/yb_support/unilidar_sdk2/install/unitree_lidar_ros2:/home/fabian/fixslam/install/geometry_msgs:/home/fabian/fixslam/install/std_msgs:/opt/ros/rolling/opt/gz_sim_vendor:/opt/ros/rolling/opt/gz_sensors_vendor:/opt/ros/rolling/opt/gz_physics_vendor:/opt/ros/rolling/opt/sdformat_vendor:/opt/ros/rolling/opt/gz_gui_vendor:/opt/ros/rolling/opt/gz_transport_vendor:/opt/ros/rolling/opt/gz_rendering_vendor:/opt/ros/rolling/opt/gz_plugin_vendor:/opt/ros/rolling/opt/gz_fuel_tools_vendor:/opt/ros/rolling/opt/gz_msgs_vendor:/opt/ros/rolling/opt/gz_common_vendor:/opt/ros/rolling/opt/gz_math_vendor:/opt/ros/rolling/opt/gz_utils_vendor:/opt/ros/rolling/opt/gz_tools_vendor:/opt/ros/rolling/opt/gz_ogre_next_vendor:/opt/ros/rolling/opt/gz_dartsim_vendor:/opt/ros/rolling/opt/gz_cmake_vendor DEBUGINFOD_URLS=https://debuginfod.ubuntu.com /usr/bin/cmake --install /home/fabian/moveit2/build/kortex_api
