-- The CXX compiler identification is GNU 13.3.0
-- Detecting CXX compiler ABI info
-- Detecting CXX compiler ABI info - done
-- Check for working CXX compiler: /usr/bin/c++ - skipped
-- Detecting CXX compile features
-- Detecting CXX compile features - done
-- Found moveit_common: 2.14.0 (/home/fabian/moveit2/install/moveit_common/share/moveit_common/cmake)
-- Found ament_cmake: 2.8.4 (/opt/ros/rolling/share/ament_cmake/cmake)
-- Found Python3: /usr/bin/python3 (found version "3.12.3") found components: Interpreter 
[0mmoveit_setup_assistant: You did not request a specific build type: Choosing 'Release' for maximum performance[0m
-- Found ament_index_cpp: 1.12.1 (/opt/ros/rolling/share/ament_index_cpp/cmake)
-- Found Boost: /usr/lib/x86_64-linux-gnu/cmake/Boost-1.83.0/BoostConfig.cmake (found version "1.83.0") found components: program_options 
-- Found moveit_setup_framework: 2.14.0 (/home/fabian/moveit2/install/moveit_setup_framework/share/moveit_setup_framework/cmake)
-- Found rosidl_generator_c: 5.0.1 (/opt/ros/rolling/share/rosidl_generator_c/cmake)
-- Found rosidl_generator_cpp: 5.0.1 (/opt/ros/rolling/share/rosidl_generator_cpp/cmake)
-- Using all available rosidl_typesupport_c: rosidl_typesupport_fastrtps_c;rosidl_typesupport_introspection_c
-- Using all available rosidl_typesupport_cpp: rosidl_typesupport_fastrtps_cpp;rosidl_typesupport_introspection_cpp
-- Found rmw_implementation_cmake: 7.9.0 (/opt/ros/rolling/share/rmw_implementation_cmake/cmake)
-- Found rmw_fastrtps_cpp: 9.4.2 (/opt/ros/rolling/share/rmw_fastrtps_cpp/cmake)
-- Found OpenSSL: /usr/lib/x86_64-linux-gnu/libcrypto.so (found version "3.0.13")  
-- Using RMW implementation 'rmw_fastrtps_cpp' as default
-- Found Boost: /usr/lib/x86_64-linux-gnu/cmake/Boost-1.83.0/BoostConfig.cmake (found version "1.83.0") found components: chrono date_time filesystem iostreams program_options regex serialization system thread 
-- Found parameter_traits: 0.5.0 (/opt/ros/rolling/share/parameter_traits/cmake)
-- Found rclcpp_lifecycle: 30.1.0 (/opt/ros/rolling/share/rclcpp_lifecycle/cmake)
-- Found Boost: /usr/lib/x86_64-linux-gnu/cmake/Boost-1.83.0/BoostConfig.cmake (found version "1.83.0") found components: random 
-- Found Eigen3: TRUE (found version "3.4.0") 
-- Ensuring Eigen3 include directory is part of orocos-kdl CMake target
-- Found Boost: /usr/lib/x86_64-linux-gnu/cmake/Boost-1.83.0/BoostConfig.cmake (found version "1.83.0") found components: system filesystem date_time program_options thread chrono 
-- Found Boost: /usr/lib/x86_64-linux-gnu/cmake/Boost-1.83.0/BoostConfig.cmake (found version "1.83.0") found components: thread date_time system filesystem 
-- Found Boost: /usr/lib/x86_64-linux-gnu/cmake/Boost-1.83.0/BoostConfig.cmake (found version "1.83.0") found components: date_time filesystem program_options system thread 
-- Found Boost: /usr/lib/x86_64-linux-gnu/cmake/Boost-1.83.0/BoostConfig.cmake (found version "1.83.0") found components: thread system filesystem regex date_time program_options 
-- Found Boost: /usr/lib/x86_64-linux-gnu/cmake/Boost-1.83.0/BoostConfig.cmake (found version "1.83.0") found components: system filesystem date_time program_options thread 
-- Setting OGRE_DIR to: '/opt/ros/rolling/share/rviz_ogre_vendor/cmake/../../../opt/rviz_ogre_vendor/lib/OGRE/cmake'
-- Found OGRE
--   static     : OFF
--   components : MeshLodGenerator;Overlay;Paging;Property;RTShaderSystem;Terrain;Volume
--   plugins    : Plugin_BSPSceneManager;Plugin_OctreeSceneManager;Plugin_PCZSceneManager;Plugin_ParticleFX;RenderSystem_GL;RenderSystem_GL3Plus;Codec_STBI
--   media      : /opt/ros/rolling/opt/rviz_ogre_vendor/share/OGRE/Media
-- OGRE_LIBRARIES: OgreMeshLodGenerator;OgreOverlay;OgrePaging;OgreProperty;OgreRTShaderSystem;OgreTerrain;OgreVolume;OgreMain
-- OGRE_LIBRARY_DIRS: /opt/ros/rolling/opt/rviz_ogre_vendor/lib
-- OGRE_PLUGINS: Plugin_BSPSceneManager;Plugin_OctreeSceneManager;Plugin_PCZSceneManager;Plugin_ParticleFX;RenderSystem_GL;RenderSystem_GL3Plus;Codec_STBI
-- OGRE_PLUGIN_DIR: /opt/ros/rolling/opt/rviz_ogre_vendor/lib/OGRE
-- rviz_ogre_vendor::OgreOverlay for IMPORTED_LOCATION_RELEASE: /opt/ros/rolling/opt/rviz_ogre_vendor/lib/libOgreOverlay.so
-- rviz_ogre_vendor::OgreOverlay for IMPORTED_LOCATION_DEBUG: /opt/ros/rolling/opt/rviz_ogre_vendor/lib/libOgreOverlay.so
-- rviz_ogre_vendor::OgreMain for IMPORTED_LOCATION_RELEASE: /opt/ros/rolling/opt/rviz_ogre_vendor/lib/libOgreMain.so
-- rviz_ogre_vendor::OgreMain for IMPORTED_LOCATION_DEBUG: /opt/ros/rolling/opt/rviz_ogre_vendor/lib/libOgreMain.so
-- Found ZLIB: /usr/lib/x86_64-linux-gnu/libz.so (found version "1.3")  
-- Found OpenGL: /usr/lib/x86_64-linux-gnu/libOpenGL.so   
-- Found X11: /usr/include   
-- Looking for XOpenDisplay in /usr/lib/x86_64-linux-gnu/libX11.so;/usr/lib/x86_64-linux-gnu/libXext.so
-- Looking for XOpenDisplay in /usr/lib/x86_64-linux-gnu/libX11.so;/usr/lib/x86_64-linux-gnu/libXext.so - found
-- Looking for gethostbyname
-- Looking for gethostbyname - found
-- Looking for connect
-- Looking for connect - found
-- Looking for remove
-- Looking for remove - found
-- Looking for shmat
-- Looking for shmat - found
-- Looking for IceConnectionNumber in ICE
-- Looking for IceConnectionNumber in ICE - found
-- Setting yaml-cpp_DIR to: '/opt/ros/rolling/share/yaml_cpp_vendor/cmake/../../../opt/yaml_cpp_vendor/share/cmake/yaml-cpp'
-- Found moveit_setup_srdf_plugins: 2.14.0 (/home/fabian/moveit2/install/moveit_setup_srdf_plugins/share/moveit_setup_srdf_plugins/cmake)
[0mCMake Deprecation Warning at /opt/ros/rolling/share/ament_cmake_target_dependencies/cmake/ament_target_dependencies.cmake:87 (message):
  ament_target_dependencies() is deprecated.  Use target_link_libraries()
  with modern CMake targets instead.  Try replacing this call with:

    target_link_libraries(moveit_setup_assistant PUBLIC
      ament_index_cpp::ament_index_cpp
      moveit_setup_framework::moveit_setup_framework
      moveit_setup_srdf_plugins::moveit_setup_srdf_plugins
      pluginlib::pluginlib
      rclcpp::rclcpp
    )

Call Stack (most recent call first):
  CMakeLists.txt:44 (ament_target_dependencies)

[0m
[0mCMake Deprecation Warning at /opt/ros/rolling/share/ament_cmake_target_dependencies/cmake/ament_target_dependencies.cmake:87 (message):
  ament_target_dependencies() is deprecated.  Use target_link_libraries()
  with modern CMake targets instead.  Try replacing this call with:

    target_link_libraries(moveit_setup_assistant_updater PUBLIC
      ament_index_cpp::ament_index_cpp
      moveit_setup_framework::moveit_setup_framework
      moveit_setup_srdf_plugins::moveit_setup_srdf_plugins
      pluginlib::pluginlib
      rclcpp::rclcpp
    )

Call Stack (most recent call first):
  CMakeLists.txt:54 (ament_target_dependencies)

[0m
-- Configuring done (28.5s)
-- Generating done (0.2s)
-- Build files have been written to: /home/fabian/moveit2/build/moveit_setup_assistant
[  0%] Built target moveit_setup_assistant_updater_autogen_timestamp_deps
[  0%] Built target moveit_setup_assistant_autogen_timestamp_deps
[  7%] [34m[1mAutomatic MOC for target moveit_setup_assistant_updater[0m
[ 14%] [34m[1mAutomatic MOC for target moveit_setup_assistant[0m
[ 14%] Built target moveit_setup_assistant_updater_autogen
[ 14%] Built target moveit_setup_assistant_autogen
[ 21%] [34m[1mGenerating include/moveit_setup_assistant/moc_navigation_widget.cpp[0m
[ 28%] [34m[1mGenerating include/moveit_setup_assistant/moc_setup_assistant_widget.cpp[0m
[ 35%] [32mBuilding CXX object CMakeFiles/moveit_setup_assistant_updater.dir/moveit_setup_assistant_updater_autogen/mocs_compilation.cpp.o[0m
[ 42%] [32mBuilding CXX object CMakeFiles/moveit_setup_assistant_updater.dir/src/collisions_updater.cpp.o[0m
[ 50%] [32mBuilding CXX object CMakeFiles/moveit_setup_assistant.dir/src/setup_assistant_widget.cpp.o[0m
[ 57%] [32mBuilding CXX object CMakeFiles/moveit_setup_assistant.dir/src/main.cpp.o[0m
[ 64%] [32mBuilding CXX object CMakeFiles/moveit_setup_assistant.dir/src/navigation_widget.cpp.o[0m
[ 71%] [32mBuilding CXX object CMakeFiles/moveit_setup_assistant.dir/include/moveit_setup_assistant/moc_navigation_widget.cpp.o[0m
[ 78%] [32mBuilding CXX object CMakeFiles/moveit_setup_assistant.dir/moveit_setup_assistant_autogen/mocs_compilation.cpp.o[0m
[ 85%] [32mBuilding CXX object CMakeFiles/moveit_setup_assistant.dir/include/moveit_setup_assistant/moc_setup_assistant_widget.cpp.o[0m
[ 92%] [32m[1mLinking CXX executable collisions_updater[0m
[ 92%] Built target moveit_setup_assistant_updater
[100%] [32m[1mLinking CXX executable moveit_setup_assistant[0m
[100%] Built target moveit_setup_assistant
-- Install configuration: "Release"
-- Installing: /home/fabian/moveit2/install/moveit_setup_assistant/lib/moveit_setup_assistant/moveit_setup_assistant
-- Set non-toolchain portion of runtime path of "/home/fabian/moveit2/install/moveit_setup_assistant/lib/moveit_setup_assistant/moveit_setup_assistant" to ""
-- Installing: /home/fabian/moveit2/install/moveit_setup_assistant/lib/moveit_setup_assistant/collisions_updater
-- Set non-toolchain portion of runtime path of "/home/fabian/moveit2/install/moveit_setup_assistant/lib/moveit_setup_assistant/collisions_updater" to ""
-- Installing: /home/fabian/moveit2/install/moveit_setup_assistant/include/moveit_setup_assistant
-- Installing: /home/fabian/moveit2/install/moveit_setup_assistant/include/moveit_setup_assistant/moveit_setup_assistant
-- Installing: /home/fabian/moveit2/install/moveit_setup_assistant/include/moveit_setup_assistant/moveit_setup_assistant/setup_assistant_widget.h
-- Installing: /home/fabian/moveit2/install/moveit_setup_assistant/include/moveit_setup_assistant/moveit_setup_assistant/navigation_widget.h
-- Installing: /home/fabian/moveit2/install/moveit_setup_assistant/include/moveit_setup_assistant/moveit_setup_assistant/navigation_widget.hpp
-- Installing: /home/fabian/moveit2/install/moveit_setup_assistant/include/moveit_setup_assistant/moveit_setup_assistant/setup_assistant_widget.hpp
-- Installing: /home/fabian/moveit2/install/moveit_setup_assistant/share/moveit_setup_assistant/launch
-- Installing: /home/fabian/moveit2/install/moveit_setup_assistant/share/moveit_setup_assistant/launch/setup_assistant.launch.py
-- Installing: /home/fabian/moveit2/install/moveit_setup_assistant/share/moveit_setup_assistant/resources
-- Installing: /home/fabian/moveit2/install/moveit_setup_assistant/share/moveit_setup_assistant/resources/MoveIt_Setup_Assistant2.png
-- Installing: /home/fabian/moveit2/install/moveit_setup_assistant/share/moveit_setup_assistant/environment/library_path.sh
-- Installing: /home/fabian/moveit2/install/moveit_setup_assistant/share/moveit_setup_assistant/environment/library_path.dsv
-- Installing: /home/fabian/moveit2/install/moveit_setup_assistant/share/ament_index/resource_index/package_run_dependencies/moveit_setup_assistant
-- Installing: /home/fabian/moveit2/install/moveit_setup_assistant/share/ament_index/resource_index/parent_prefix_path/moveit_setup_assistant
-- Installing: /home/fabian/moveit2/install/moveit_setup_assistant/share/moveit_setup_assistant/environment/ament_prefix_path.sh
-- Installing: /home/fabian/moveit2/install/moveit_setup_assistant/share/moveit_setup_assistant/environment/ament_prefix_path.dsv
-- Installing: /home/fabian/moveit2/install/moveit_setup_assistant/share/moveit_setup_assistant/environment/path.sh
-- Installing: /home/fabian/moveit2/install/moveit_setup_assistant/share/moveit_setup_assistant/environment/path.dsv
-- Installing: /home/fabian/moveit2/install/moveit_setup_assistant/share/moveit_setup_assistant/local_setup.bash
-- Installing: /home/fabian/moveit2/install/moveit_setup_assistant/share/moveit_setup_assistant/local_setup.sh
-- Installing: /home/fabian/moveit2/install/moveit_setup_assistant/share/moveit_setup_assistant/local_setup.zsh
-- Installing: /home/fabian/moveit2/install/moveit_setup_assistant/share/moveit_setup_assistant/local_setup.dsv
-- Installing: /home/fabian/moveit2/install/moveit_setup_assistant/share/moveit_setup_assistant/package.dsv
-- Installing: /home/fabian/moveit2/install/moveit_setup_assistant/share/ament_index/resource_index/packages/moveit_setup_assistant
-- Installing: /home/fabian/moveit2/install/moveit_setup_assistant/share/moveit_setup_assistant/cmake/moveit_setup_assistantTargetsExport.cmake
-- Installing: /home/fabian/moveit2/install/moveit_setup_assistant/share/moveit_setup_assistant/cmake/moveit_setup_assistantTargetsExport-release.cmake
-- Installing: /home/fabian/moveit2/install/moveit_setup_assistant/share/moveit_setup_assistant/cmake/ament_cmake_export_include_directories-extras.cmake
-- Installing: /home/fabian/moveit2/install/moveit_setup_assistant/share/moveit_setup_assistant/cmake/ament_cmake_export_targets-extras.cmake
-- Installing: /home/fabian/moveit2/install/moveit_setup_assistant/share/moveit_setup_assistant/cmake/ament_cmake_export_dependencies-extras.cmake
-- Installing: /home/fabian/moveit2/install/moveit_setup_assistant/share/moveit_setup_assistant/cmake/moveit_setup_assistantConfig.cmake
-- Installing: /home/fabian/moveit2/install/moveit_setup_assistant/share/moveit_setup_assistant/cmake/moveit_setup_assistantConfig-version.cmake
-- Installing: /home/fabian/moveit2/install/moveit_setup_assistant/share/moveit_setup_assistant/package.xml
