[0.582s] Invoking command in '/home/fabian/moveit2/build/moveit_planners_chomp': AMENT_PREFIX_PATH=/home/fabian/moveit2/install/chomp_motion_planner:/home/fabian/moveit2/install/moveit_core:/home/fabian/moveit2/install/moveit_common:${AMENT_PREFIX_PATH} CMAKE_PREFIX_PATH=/home/fabian/moveit2/install/chomp_motion_planner:/home/fabian/moveit2/install/moveit_core:/home/fabian/moveit2/install/moveit_common:/home/fabian/yb_support/ros_odrive/install/odrive_ros2_control:/home/fabian/yb_support/ros_odrive/install/odrive_can:/home/fabian/yb_support/slam_toolbox/install/slam_toolbox:/home/fabian/yb_support/my_msgs/install/my_msgs:/home/fabian/yb_support/pointcloud_to_laserscan/install/pointcloud_to_laserscan:/home/fabian/yb_support/mecanum_drive_controller/install/mecanum_drive_controller:/home/fabian/ros2_ws/install/ros2_control_demo_example_2:/home/fabian/ros2_ws/install/ros2_control_demo_description:/home/fabian/yahboom_rosmaster/install/yahboom_rosmaster:/home/fabian/yahboom_rosmaster/install/yahboom_rosmaster_system_tests:/home/fabian/yahboom_rosmaster/install/yahboom_rosmaster_navigation:/home/fabian/yahboom_rosmaster/install/yahboom_rosmaster_msgs:/home/fabian/yahboom_rosmaster/install/yahboom_rosmaster_localization:/home/fabian/yahboom_rosmaster/install/yahboom_rosmaster_gazebo:/home/fabian/yahboom_rosmaster/install/yahboom_rosmaster_docking:/home/fabian/yahboom_rosmaster/install/yahboom_rosmaster_description:/home/fabian/yahboom_rosmaster/install/yahboom_rosmaster_bringup:/home/fabian/yahboom_rosmaster/install/mecanum_drive_controller:/home/fabian/cartesian_controllers/install/cartesian_compliance_controller:/home/fabian/cartesian_controllers/install/cartesian_motion_controller:/home/fabian/cartesian_controllers/install/cartesian_force_controller:/home/fabian/cartesian_controllers/install/cartesian_controller_utilities:/home/fabian/youbot_ws/install/youbot:/home/fabian/yb_support/urdf_parser_py/install/urdfdom_py:/home/fabian/yb_support/twist_stamper/install/twist_stamper:/home/fabian/yb_support/kdl_parser_py/install/kdl_parser_py:/opt/ros/rolling:/home/fabian/cartesian_controllers/install/cartesian_controller_tests:/home/fabian/cartesian_controllers/install/cartesian_controller_simulation:/home/fabian/cartesian_controllers/install/cartesian_controller_handles:/home/fabian/cartesian_controllers/install/cartesian_controller_base:/home/fabian/ros2_control_demos/example_7/install/ros2_control_demo_example_7:/home/fabian/yb_support/unilidar_sdk2/install/unitree_lidar_ros2:/home/fabian/fixslam/install/geometry_msgs:/home/fabian/fixslam/install/std_msgs:/opt/ros/rolling/opt/gz_sim_vendor:/opt/ros/rolling/opt/gz_sensors_vendor:/opt/ros/rolling/opt/gz_physics_vendor:/opt/ros/rolling/opt/sdformat_vendor:/opt/ros/rolling/opt/gz_gui_vendor:/opt/ros/rolling/opt/gz_transport_vendor:/opt/ros/rolling/opt/gz_rendering_vendor:/opt/ros/rolling/opt/gz_plugin_vendor:/opt/ros/rolling/opt/gz_fuel_tools_vendor:/opt/ros/rolling/opt/gz_msgs_vendor:/opt/ros/rolling/opt/gz_common_vendor:/opt/ros/rolling/opt/gz_math_vendor:/opt/ros/rolling/opt/gz_utils_vendor:/opt/ros/rolling/opt/gz_tools_vendor:/opt/ros/rolling/opt/gz_ogre_next_vendor:/opt/ros/rolling/opt/gz_dartsim_vendor:/opt/ros/rolling/opt/gz_cmake_vendor DEBUGINFOD_URLS=https://debuginfod.ubuntu.com LD_LIBRARY_PATH=/home/fabian/moveit2/install/chomp_motion_planner/lib:/home/fabian/moveit2/install/moveit_core/lib:${LD_LIBRARY_PATH} PATH=/home/fabian/moveit2/install/moveit_core/bin:${PATH} /usr/bin/cmake /home/fabian/moveit2/moveit_planners/chomp/chomp_interface -DCMAKE_INSTALL_PREFIX=/home/fabian/moveit2/install/moveit_planners_chomp
[0.903s] -- The CXX compiler identification is GNU 13.3.0
[1.855s] -- Detecting CXX compiler ABI info
[2.544s] -- Detecting CXX compiler ABI info - done
[2.564s] -- Check for working CXX compiler: /usr/bin/c++ - skipped
[2.564s] -- Detecting CXX compile features
[2.565s] -- Detecting CXX compile features - done
[2.568s] -- Found moveit_common: 2.14.0 (/home/fabian/moveit2/install/moveit_common/share/moveit_common/cmake)
[2.577s] -- Found ament_cmake: 2.8.4 (/opt/ros/rolling/share/ament_cmake/cmake)
[3.043s] -- Found Python3: /usr/bin/python3 (found version "3.12.3") found components: Interpreter 
[3.539s] [0mmoveit_planners_chomp: You did not request a specific build type: Choosing 'Release' for maximum performance[0m
[3.540s] -- Found moveit_core: 2.14.0 (/home/fabian/moveit2/install/moveit_core/share/moveit_core/cmake)
[4.142s] -- Found Boost: /usr/lib/x86_64-linux-gnu/cmake/Boost-1.83.0/BoostConfig.cmake (found version "1.83.0") found components: chrono date_time filesystem iostreams program_options regex serialization system thread 
[7.248s] -- Found parameter_traits: 0.5.0 (/opt/ros/rolling/share/parameter_traits/cmake)
[7.427s] -- Found rosidl_generator_c: 5.0.1 (/opt/ros/rolling/share/rosidl_generator_c/cmake)
[7.459s] -- Found rosidl_generator_cpp: 5.0.1 (/opt/ros/rolling/share/rosidl_generator_cpp/cmake)
[7.497s] -- Using all available rosidl_typesupport_c: rosidl_typesupport_fastrtps_c;rosidl_typesupport_introspection_c
[7.541s] -- Using all available rosidl_typesupport_cpp: rosidl_typesupport_fastrtps_cpp;rosidl_typesupport_introspection_cpp
[7.737s] -- Found rmw_implementation_cmake: 7.9.0 (/opt/ros/rolling/share/rmw_implementation_cmake/cmake)
[7.748s] -- Found rmw_fastrtps_cpp: 9.4.2 (/opt/ros/rolling/share/rmw_fastrtps_cpp/cmake)
[7.993s] -- Found OpenSSL: /usr/lib/x86_64-linux-gnu/libcrypto.so (found version "3.0.13")  
[8.015s] -- Using RMW implementation 'rmw_fastrtps_cpp' as default
[8.453s] -- Found rclcpp_lifecycle: 30.1.0 (/opt/ros/rolling/share/rclcpp_lifecycle/cmake)
[8.631s] -- Found Boost: /usr/lib/x86_64-linux-gnu/cmake/Boost-1.83.0/BoostConfig.cmake (found version "1.83.0") found components: random 
[8.883s] -- Found Eigen3: TRUE (found version "3.4.0") 
[8.883s] -- Ensuring Eigen3 include directory is part of orocos-kdl CMake target
[9.538s] -- Found chomp_motion_planner: 2.14.0 (/home/fabian/moveit2/install/chomp_motion_planner/share/chomp_motion_planner/cmake)
[9.545s] [0mCMake Deprecation Warning at /opt/ros/rolling/share/ament_cmake_target_dependencies/cmake/ament_target_dependencies.cmake:87 (message):
[9.545s]   ament_target_dependencies() is deprecated.  Use target_link_libraries()
[9.545s]   with modern CMake targets instead.  Try replacing this call with:
[9.545s] 
[9.546s]     target_link_libraries(moveit_chomp_interface PUBLIC
[9.546s]       chomp_motion_planner::chomp_motion_planner
[9.546s]       moveit_core::moveit_collision_detection
[9.546s]       moveit_core::moveit_collision_detection_bullet
[9.546s]       moveit_core::moveit_collision_detection_fcl
[9.546s]       moveit_core::moveit_collision_distance_field
[9.547s]       moveit_core::moveit_constraint_samplers
[9.547s]       moveit_core::moveit_distance_field
[9.547s]       moveit_core::moveit_dynamics_solver
[9.547s]       moveit_core::moveit_exceptions
[9.547s]       moveit_core::moveit_kinematic_constraints
[9.547s]       moveit_core::moveit_kinematics_base
[9.548s]       moveit_core::moveit_kinematics_metrics
[9.548s]       moveit_core::moveit_macros
[9.548s]       moveit_core::moveit_planning_interface
[9.548s]       moveit_core::moveit_planning_scene
[9.548s]       moveit_core::moveit_robot_model
[9.548s]       moveit_core::moveit_robot_state
[9.548s]       moveit_core::moveit_robot_trajectory
[9.549s]       moveit_core::moveit_smoothing_base
[9.549s]       moveit_core::moveit_test_utils
[9.549s]       moveit_core::moveit_trajectory_processing
[9.549s]       moveit_core::moveit_transforms
[9.549s]       moveit_core::moveit_utils
[9.549s]       pluginlib::pluginlib
[9.550s]       rclcpp::rclcpp
[9.550s]       rsl::rsl
[9.550s]     )
[9.550s] 
[9.550s] Call Stack (most recent call first):
[9.551s]   CMakeLists.txt:25 (ament_target_dependencies)
[9.551s] 
[9.551s] [0m
[9.563s] [0mCMake Deprecation Warning at /opt/ros/rolling/share/ament_cmake_target_dependencies/cmake/ament_target_dependencies.cmake:87 (message):
[9.564s]   ament_target_dependencies() is deprecated.  Use target_link_libraries()
[9.564s]   with modern CMake targets instead.  Try replacing this call with:
[9.564s] 
[9.564s]     target_link_libraries(moveit_chomp_planner_plugin PUBLIC
[9.564s]       chomp_motion_planner::chomp_motion_planner
[9.564s]       moveit_core::moveit_collision_detection
[9.564s]       moveit_core::moveit_collision_detection_bullet
[9.564s]       moveit_core::moveit_collision_detection_fcl
[9.564s]       moveit_core::moveit_collision_distance_field
[9.564s]       moveit_core::moveit_constraint_samplers
[9.565s]       moveit_core::moveit_distance_field
[9.565s]       moveit_core::moveit_dynamics_solver
[9.565s]       moveit_core::moveit_exceptions
[9.565s]       moveit_core::moveit_kinematic_constraints
[9.565s]       moveit_core::moveit_kinematics_base
[9.565s]       moveit_core::moveit_kinematics_metrics
[9.565s]       moveit_core::moveit_macros
[9.565s]       moveit_core::moveit_planning_interface
[9.565s]       moveit_core::moveit_planning_scene
[9.565s]       moveit_core::moveit_robot_model
[9.565s]       moveit_core::moveit_robot_state
[9.565s]       moveit_core::moveit_robot_trajectory
[9.566s]       moveit_core::moveit_smoothing_base
[9.566s]       moveit_core::moveit_test_utils
[9.566s]       moveit_core::moveit_trajectory_processing
[9.566s]       moveit_core::moveit_transforms
[9.566s]       moveit_core::moveit_utils
[9.566s]       pluginlib::pluginlib
[9.566s]       rclcpp::rclcpp
[9.566s]       rsl::rsl
[9.566s]     )
[9.566s] 
[9.566s] Call Stack (most recent call first):
[9.567s]   CMakeLists.txt:29 (ament_target_dependencies)
[9.567s] 
[9.567s] [0m
[9.590s] -- Configuring done (9.0s)
[9.684s] -- Generating done (0.1s)
[9.699s] -- Build files have been written to: /home/fabian/moveit2/build/moveit_planners_chomp
[9.724s] Invoked command in '/home/fabian/moveit2/build/moveit_planners_chomp' returned '0': AMENT_PREFIX_PATH=/home/fabian/moveit2/install/chomp_motion_planner:/home/fabian/moveit2/install/moveit_core:/home/fabian/moveit2/install/moveit_common:${AMENT_PREFIX_PATH} CMAKE_PREFIX_PATH=/home/fabian/moveit2/install/chomp_motion_planner:/home/fabian/moveit2/install/moveit_core:/home/fabian/moveit2/install/moveit_common:/home/fabian/yb_support/ros_odrive/install/odrive_ros2_control:/home/fabian/yb_support/ros_odrive/install/odrive_can:/home/fabian/yb_support/slam_toolbox/install/slam_toolbox:/home/fabian/yb_support/my_msgs/install/my_msgs:/home/fabian/yb_support/pointcloud_to_laserscan/install/pointcloud_to_laserscan:/home/fabian/yb_support/mecanum_drive_controller/install/mecanum_drive_controller:/home/fabian/ros2_ws/install/ros2_control_demo_example_2:/home/fabian/ros2_ws/install/ros2_control_demo_description:/home/fabian/yahboom_rosmaster/install/yahboom_rosmaster:/home/fabian/yahboom_rosmaster/install/yahboom_rosmaster_system_tests:/home/fabian/yahboom_rosmaster/install/yahboom_rosmaster_navigation:/home/fabian/yahboom_rosmaster/install/yahboom_rosmaster_msgs:/home/fabian/yahboom_rosmaster/install/yahboom_rosmaster_localization:/home/fabian/yahboom_rosmaster/install/yahboom_rosmaster_gazebo:/home/fabian/yahboom_rosmaster/install/yahboom_rosmaster_docking:/home/fabian/yahboom_rosmaster/install/yahboom_rosmaster_description:/home/fabian/yahboom_rosmaster/install/yahboom_rosmaster_bringup:/home/fabian/yahboom_rosmaster/install/mecanum_drive_controller:/home/fabian/cartesian_controllers/install/cartesian_compliance_controller:/home/fabian/cartesian_controllers/install/cartesian_motion_controller:/home/fabian/cartesian_controllers/install/cartesian_force_controller:/home/fabian/cartesian_controllers/install/cartesian_controller_utilities:/home/fabian/youbot_ws/install/youbot:/home/fabian/yb_support/urdf_parser_py/install/urdfdom_py:/home/fabian/yb_support/twist_stamper/install/twist_stamper:/home/fabian/yb_support/kdl_parser_py/install/kdl_parser_py:/opt/ros/rolling:/home/fabian/cartesian_controllers/install/cartesian_controller_tests:/home/fabian/cartesian_controllers/install/cartesian_controller_simulation:/home/fabian/cartesian_controllers/install/cartesian_controller_handles:/home/fabian/cartesian_controllers/install/cartesian_controller_base:/home/fabian/ros2_control_demos/example_7/install/ros2_control_demo_example_7:/home/fabian/yb_support/unilidar_sdk2/install/unitree_lidar_ros2:/home/fabian/fixslam/install/geometry_msgs:/home/fabian/fixslam/install/std_msgs:/opt/ros/rolling/opt/gz_sim_vendor:/opt/ros/rolling/opt/gz_sensors_vendor:/opt/ros/rolling/opt/gz_physics_vendor:/opt/ros/rolling/opt/sdformat_vendor:/opt/ros/rolling/opt/gz_gui_vendor:/opt/ros/rolling/opt/gz_transport_vendor:/opt/ros/rolling/opt/gz_rendering_vendor:/opt/ros/rolling/opt/gz_plugin_vendor:/opt/ros/rolling/opt/gz_fuel_tools_vendor:/opt/ros/rolling/opt/gz_msgs_vendor:/opt/ros/rolling/opt/gz_common_vendor:/opt/ros/rolling/opt/gz_math_vendor:/opt/ros/rolling/opt/gz_utils_vendor:/opt/ros/rolling/opt/gz_tools_vendor:/opt/ros/rolling/opt/gz_ogre_next_vendor:/opt/ros/rolling/opt/gz_dartsim_vendor:/opt/ros/rolling/opt/gz_cmake_vendor DEBUGINFOD_URLS=https://debuginfod.ubuntu.com LD_LIBRARY_PATH=/home/fabian/moveit2/install/chomp_motion_planner/lib:/home/fabian/moveit2/install/moveit_core/lib:${LD_LIBRARY_PATH} PATH=/home/fabian/moveit2/install/moveit_core/bin:${PATH} /usr/bin/cmake /home/fabian/moveit2/moveit_planners/chomp/chomp_interface -DCMAKE_INSTALL_PREFIX=/home/fabian/moveit2/install/moveit_planners_chomp
[9.727s] Invoking command in '/home/fabian/moveit2/build/moveit_planners_chomp': AMENT_PREFIX_PATH=/home/fabian/moveit2/install/chomp_motion_planner:/home/fabian/moveit2/install/moveit_core:/home/fabian/moveit2/install/moveit_common:${AMENT_PREFIX_PATH} CMAKE_PREFIX_PATH=/home/fabian/moveit2/install/chomp_motion_planner:/home/fabian/moveit2/install/moveit_core:/home/fabian/moveit2/install/moveit_common:/home/fabian/yb_support/ros_odrive/install/odrive_ros2_control:/home/fabian/yb_support/ros_odrive/install/odrive_can:/home/fabian/yb_support/slam_toolbox/install/slam_toolbox:/home/fabian/yb_support/my_msgs/install/my_msgs:/home/fabian/yb_support/pointcloud_to_laserscan/install/pointcloud_to_laserscan:/home/fabian/yb_support/mecanum_drive_controller/install/mecanum_drive_controller:/home/fabian/ros2_ws/install/ros2_control_demo_example_2:/home/fabian/ros2_ws/install/ros2_control_demo_description:/home/fabian/yahboom_rosmaster/install/yahboom_rosmaster:/home/fabian/yahboom_rosmaster/install/yahboom_rosmaster_system_tests:/home/fabian/yahboom_rosmaster/install/yahboom_rosmaster_navigation:/home/fabian/yahboom_rosmaster/install/yahboom_rosmaster_msgs:/home/fabian/yahboom_rosmaster/install/yahboom_rosmaster_localization:/home/fabian/yahboom_rosmaster/install/yahboom_rosmaster_gazebo:/home/fabian/yahboom_rosmaster/install/yahboom_rosmaster_docking:/home/fabian/yahboom_rosmaster/install/yahboom_rosmaster_description:/home/fabian/yahboom_rosmaster/install/yahboom_rosmaster_bringup:/home/fabian/yahboom_rosmaster/install/mecanum_drive_controller:/home/fabian/cartesian_controllers/install/cartesian_compliance_controller:/home/fabian/cartesian_controllers/install/cartesian_motion_controller:/home/fabian/cartesian_controllers/install/cartesian_force_controller:/home/fabian/cartesian_controllers/install/cartesian_controller_utilities:/home/fabian/youbot_ws/install/youbot:/home/fabian/yb_support/urdf_parser_py/install/urdfdom_py:/home/fabian/yb_support/twist_stamper/install/twist_stamper:/home/fabian/yb_support/kdl_parser_py/install/kdl_parser_py:/opt/ros/rolling:/home/fabian/cartesian_controllers/install/cartesian_controller_tests:/home/fabian/cartesian_controllers/install/cartesian_controller_simulation:/home/fabian/cartesian_controllers/install/cartesian_controller_handles:/home/fabian/cartesian_controllers/install/cartesian_controller_base:/home/fabian/ros2_control_demos/example_7/install/ros2_control_demo_example_7:/home/fabian/yb_support/unilidar_sdk2/install/unitree_lidar_ros2:/home/fabian/fixslam/install/geometry_msgs:/home/fabian/fixslam/install/std_msgs:/opt/ros/rolling/opt/gz_sim_vendor:/opt/ros/rolling/opt/gz_sensors_vendor:/opt/ros/rolling/opt/gz_physics_vendor:/opt/ros/rolling/opt/sdformat_vendor:/opt/ros/rolling/opt/gz_gui_vendor:/opt/ros/rolling/opt/gz_transport_vendor:/opt/ros/rolling/opt/gz_rendering_vendor:/opt/ros/rolling/opt/gz_plugin_vendor:/opt/ros/rolling/opt/gz_fuel_tools_vendor:/opt/ros/rolling/opt/gz_msgs_vendor:/opt/ros/rolling/opt/gz_common_vendor:/opt/ros/rolling/opt/gz_math_vendor:/opt/ros/rolling/opt/gz_utils_vendor:/opt/ros/rolling/opt/gz_tools_vendor:/opt/ros/rolling/opt/gz_ogre_next_vendor:/opt/ros/rolling/opt/gz_dartsim_vendor:/opt/ros/rolling/opt/gz_cmake_vendor DEBUGINFOD_URLS=https://debuginfod.ubuntu.com LD_LIBRARY_PATH=/home/fabian/moveit2/install/chomp_motion_planner/lib:/home/fabian/moveit2/install/moveit_core/lib:${LD_LIBRARY_PATH} PATH=/home/fabian/moveit2/install/moveit_core/bin:${PATH} /usr/bin/cmake --build /home/fabian/moveit2/build/moveit_planners_chomp -- -j7 -l7
[9.869s] [ 20%] [32mBuilding CXX object CMakeFiles/moveit_chomp_interface.dir/src/chomp_interface.cpp.o[0m
[22.513s] [ 40%] [32mBuilding CXX object CMakeFiles/moveit_chomp_interface.dir/src/chomp_planning_context.cpp.o[0m
[33.923s] [ 60%] [32m[1mLinking CXX shared library libmoveit_chomp_interface.so[0m
[34.388s] [ 60%] Built target moveit_chomp_interface
[34.440s] [ 80%] [32mBuilding CXX object CMakeFiles/moveit_chomp_planner_plugin.dir/src/chomp_plugin.cpp.o[0m
[58.406s] [100%] [32m[1mLinking CXX shared library libmoveit_chomp_planner_plugin.so[0m
[59.248s] [100%] Built target moveit_chomp_planner_plugin
[59.325s] Invoked command in '/home/fabian/moveit2/build/moveit_planners_chomp' returned '0': AMENT_PREFIX_PATH=/home/fabian/moveit2/install/chomp_motion_planner:/home/fabian/moveit2/install/moveit_core:/home/fabian/moveit2/install/moveit_common:${AMENT_PREFIX_PATH} CMAKE_PREFIX_PATH=/home/fabian/moveit2/install/chomp_motion_planner:/home/fabian/moveit2/install/moveit_core:/home/fabian/moveit2/install/moveit_common:/home/fabian/yb_support/ros_odrive/install/odrive_ros2_control:/home/fabian/yb_support/ros_odrive/install/odrive_can:/home/fabian/yb_support/slam_toolbox/install/slam_toolbox:/home/fabian/yb_support/my_msgs/install/my_msgs:/home/fabian/yb_support/pointcloud_to_laserscan/install/pointcloud_to_laserscan:/home/fabian/yb_support/mecanum_drive_controller/install/mecanum_drive_controller:/home/fabian/ros2_ws/install/ros2_control_demo_example_2:/home/fabian/ros2_ws/install/ros2_control_demo_description:/home/fabian/yahboom_rosmaster/install/yahboom_rosmaster:/home/fabian/yahboom_rosmaster/install/yahboom_rosmaster_system_tests:/home/fabian/yahboom_rosmaster/install/yahboom_rosmaster_navigation:/home/fabian/yahboom_rosmaster/install/yahboom_rosmaster_msgs:/home/fabian/yahboom_rosmaster/install/yahboom_rosmaster_localization:/home/fabian/yahboom_rosmaster/install/yahboom_rosmaster_gazebo:/home/fabian/yahboom_rosmaster/install/yahboom_rosmaster_docking:/home/fabian/yahboom_rosmaster/install/yahboom_rosmaster_description:/home/fabian/yahboom_rosmaster/install/yahboom_rosmaster_bringup:/home/fabian/yahboom_rosmaster/install/mecanum_drive_controller:/home/fabian/cartesian_controllers/install/cartesian_compliance_controller:/home/fabian/cartesian_controllers/install/cartesian_motion_controller:/home/fabian/cartesian_controllers/install/cartesian_force_controller:/home/fabian/cartesian_controllers/install/cartesian_controller_utilities:/home/fabian/youbot_ws/install/youbot:/home/fabian/yb_support/urdf_parser_py/install/urdfdom_py:/home/fabian/yb_support/twist_stamper/install/twist_stamper:/home/fabian/yb_support/kdl_parser_py/install/kdl_parser_py:/opt/ros/rolling:/home/fabian/cartesian_controllers/install/cartesian_controller_tests:/home/fabian/cartesian_controllers/install/cartesian_controller_simulation:/home/fabian/cartesian_controllers/install/cartesian_controller_handles:/home/fabian/cartesian_controllers/install/cartesian_controller_base:/home/fabian/ros2_control_demos/example_7/install/ros2_control_demo_example_7:/home/fabian/yb_support/unilidar_sdk2/install/unitree_lidar_ros2:/home/fabian/fixslam/install/geometry_msgs:/home/fabian/fixslam/install/std_msgs:/opt/ros/rolling/opt/gz_sim_vendor:/opt/ros/rolling/opt/gz_sensors_vendor:/opt/ros/rolling/opt/gz_physics_vendor:/opt/ros/rolling/opt/sdformat_vendor:/opt/ros/rolling/opt/gz_gui_vendor:/opt/ros/rolling/opt/gz_transport_vendor:/opt/ros/rolling/opt/gz_rendering_vendor:/opt/ros/rolling/opt/gz_plugin_vendor:/opt/ros/rolling/opt/gz_fuel_tools_vendor:/opt/ros/rolling/opt/gz_msgs_vendor:/opt/ros/rolling/opt/gz_common_vendor:/opt/ros/rolling/opt/gz_math_vendor:/opt/ros/rolling/opt/gz_utils_vendor:/opt/ros/rolling/opt/gz_tools_vendor:/opt/ros/rolling/opt/gz_ogre_next_vendor:/opt/ros/rolling/opt/gz_dartsim_vendor:/opt/ros/rolling/opt/gz_cmake_vendor DEBUGINFOD_URLS=https://debuginfod.ubuntu.com LD_LIBRARY_PATH=/home/fabian/moveit2/install/chomp_motion_planner/lib:/home/fabian/moveit2/install/moveit_core/lib:${LD_LIBRARY_PATH} PATH=/home/fabian/moveit2/install/moveit_core/bin:${PATH} /usr/bin/cmake --build /home/fabian/moveit2/build/moveit_planners_chomp -- -j7 -l7
[59.326s] Invoking command in '/home/fabian/moveit2/build/moveit_planners_chomp': AMENT_PREFIX_PATH=/home/fabian/moveit2/install/chomp_motion_planner:/home/fabian/moveit2/install/moveit_core:/home/fabian/moveit2/install/moveit_common:${AMENT_PREFIX_PATH} CMAKE_PREFIX_PATH=/home/fabian/moveit2/install/chomp_motion_planner:/home/fabian/moveit2/install/moveit_core:/home/fabian/moveit2/install/moveit_common:/home/fabian/yb_support/ros_odrive/install/odrive_ros2_control:/home/fabian/yb_support/ros_odrive/install/odrive_can:/home/fabian/yb_support/slam_toolbox/install/slam_toolbox:/home/fabian/yb_support/my_msgs/install/my_msgs:/home/fabian/yb_support/pointcloud_to_laserscan/install/pointcloud_to_laserscan:/home/fabian/yb_support/mecanum_drive_controller/install/mecanum_drive_controller:/home/fabian/ros2_ws/install/ros2_control_demo_example_2:/home/fabian/ros2_ws/install/ros2_control_demo_description:/home/fabian/yahboom_rosmaster/install/yahboom_rosmaster:/home/fabian/yahboom_rosmaster/install/yahboom_rosmaster_system_tests:/home/fabian/yahboom_rosmaster/install/yahboom_rosmaster_navigation:/home/fabian/yahboom_rosmaster/install/yahboom_rosmaster_msgs:/home/fabian/yahboom_rosmaster/install/yahboom_rosmaster_localization:/home/fabian/yahboom_rosmaster/install/yahboom_rosmaster_gazebo:/home/fabian/yahboom_rosmaster/install/yahboom_rosmaster_docking:/home/fabian/yahboom_rosmaster/install/yahboom_rosmaster_description:/home/fabian/yahboom_rosmaster/install/yahboom_rosmaster_bringup:/home/fabian/yahboom_rosmaster/install/mecanum_drive_controller:/home/fabian/cartesian_controllers/install/cartesian_compliance_controller:/home/fabian/cartesian_controllers/install/cartesian_motion_controller:/home/fabian/cartesian_controllers/install/cartesian_force_controller:/home/fabian/cartesian_controllers/install/cartesian_controller_utilities:/home/fabian/youbot_ws/install/youbot:/home/fabian/yb_support/urdf_parser_py/install/urdfdom_py:/home/fabian/yb_support/twist_stamper/install/twist_stamper:/home/fabian/yb_support/kdl_parser_py/install/kdl_parser_py:/opt/ros/rolling:/home/fabian/cartesian_controllers/install/cartesian_controller_tests:/home/fabian/cartesian_controllers/install/cartesian_controller_simulation:/home/fabian/cartesian_controllers/install/cartesian_controller_handles:/home/fabian/cartesian_controllers/install/cartesian_controller_base:/home/fabian/ros2_control_demos/example_7/install/ros2_control_demo_example_7:/home/fabian/yb_support/unilidar_sdk2/install/unitree_lidar_ros2:/home/fabian/fixslam/install/geometry_msgs:/home/fabian/fixslam/install/std_msgs:/opt/ros/rolling/opt/gz_sim_vendor:/opt/ros/rolling/opt/gz_sensors_vendor:/opt/ros/rolling/opt/gz_physics_vendor:/opt/ros/rolling/opt/sdformat_vendor:/opt/ros/rolling/opt/gz_gui_vendor:/opt/ros/rolling/opt/gz_transport_vendor:/opt/ros/rolling/opt/gz_rendering_vendor:/opt/ros/rolling/opt/gz_plugin_vendor:/opt/ros/rolling/opt/gz_fuel_tools_vendor:/opt/ros/rolling/opt/gz_msgs_vendor:/opt/ros/rolling/opt/gz_common_vendor:/opt/ros/rolling/opt/gz_math_vendor:/opt/ros/rolling/opt/gz_utils_vendor:/opt/ros/rolling/opt/gz_tools_vendor:/opt/ros/rolling/opt/gz_ogre_next_vendor:/opt/ros/rolling/opt/gz_dartsim_vendor:/opt/ros/rolling/opt/gz_cmake_vendor DEBUGINFOD_URLS=https://debuginfod.ubuntu.com LD_LIBRARY_PATH=/home/fabian/moveit2/install/chomp_motion_planner/lib:/home/fabian/moveit2/install/moveit_core/lib:${LD_LIBRARY_PATH} PATH=/home/fabian/moveit2/install/moveit_core/bin:${PATH} /usr/bin/cmake --install /home/fabian/moveit2/build/moveit_planners_chomp
[59.378s] -- Install configuration: "Release"
[59.383s] -- Installing: /home/fabian/moveit2/install/moveit_planners_chomp/lib/libmoveit_chomp_interface.so.2.14.0
[59.385s] -- Set non-toolchain portion of runtime path of "/home/fabian/moveit2/install/moveit_planners_chomp/lib/libmoveit_chomp_interface.so.2.14.0" to ""
[59.385s] -- Installing: /home/fabian/moveit2/install/moveit_planners_chomp/lib/libmoveit_chomp_interface.so
[59.385s] -- Installing: /home/fabian/moveit2/install/moveit_planners_chomp/lib/libmoveit_chomp_planner_plugin.so
[59.392s] -- Set non-toolchain portion of runtime path of "/home/fabian/moveit2/install/moveit_planners_chomp/lib/libmoveit_chomp_planner_plugin.so" to ""
[59.398s] -- Installing: /home/fabian/moveit2/install/moveit_planners_chomp/share/moveit_planners_chomp/environment/library_path.sh
[59.399s] -- Installing: /home/fabian/moveit2/install/moveit_planners_chomp/share/moveit_planners_chomp/environment/library_path.dsv
[59.399s] -- Installing: /home/fabian/moveit2/install/moveit_planners_chomp/share/moveit_planners_chomp/chomp_interface_plugin_description.xml
[59.402s] -- Installing: /home/fabian/moveit2/install/moveit_planners_chomp/share/ament_index/resource_index/package_run_dependencies/moveit_planners_chomp
[59.404s] -- Installing: /home/fabian/moveit2/install/moveit_planners_chomp/share/ament_index/resource_index/parent_prefix_path/moveit_planners_chomp
[59.407s] -- Installing: /home/fabian/moveit2/install/moveit_planners_chomp/share/moveit_planners_chomp/environment/ament_prefix_path.sh
[59.407s] -- Installing: /home/fabian/moveit2/install/moveit_planners_chomp/share/moveit_planners_chomp/environment/ament_prefix_path.dsv
[59.411s] -- Installing: /home/fabian/moveit2/install/moveit_planners_chomp/share/moveit_planners_chomp/environment/path.sh
[59.411s] -- Installing: /home/fabian/moveit2/install/moveit_planners_chomp/share/moveit_planners_chomp/environment/path.dsv
[59.411s] -- Installing: /home/fabian/moveit2/install/moveit_planners_chomp/share/moveit_planners_chomp/local_setup.bash
[59.415s] -- Installing: /home/fabian/moveit2/install/moveit_planners_chomp/share/moveit_planners_chomp/local_setup.sh
[59.415s] -- Installing: /home/fabian/moveit2/install/moveit_planners_chomp/share/moveit_planners_chomp/local_setup.zsh
[59.415s] -- Installing: /home/fabian/moveit2/install/moveit_planners_chomp/share/moveit_planners_chomp/local_setup.dsv
[59.415s] -- Installing: /home/fabian/moveit2/install/moveit_planners_chomp/share/moveit_planners_chomp/package.dsv
[59.419s] -- Installing: /home/fabian/moveit2/install/moveit_planners_chomp/share/ament_index/resource_index/packages/moveit_planners_chomp
[59.420s] -- Installing: /home/fabian/moveit2/install/moveit_planners_chomp/share/ament_index/resource_index/moveit_core__pluginlib__plugin/moveit_planners_chomp
[59.421s] -- Installing: /home/fabian/moveit2/install/moveit_planners_chomp/share/moveit_planners_chomp/cmake/moveit_planners_chompTargetsExport.cmake
[59.427s] -- Installing: /home/fabian/moveit2/install/moveit_planners_chomp/share/moveit_planners_chomp/cmake/moveit_planners_chompTargetsExport-release.cmake
[59.427s] -- Installing: /home/fabian/moveit2/install/moveit_planners_chomp/share/moveit_planners_chomp/cmake/ament_cmake_export_targets-extras.cmake
[59.427s] -- Installing: /home/fabian/moveit2/install/moveit_planners_chomp/share/moveit_planners_chomp/cmake/ament_cmake_export_dependencies-extras.cmake
[59.430s] -- Installing: /home/fabian/moveit2/install/moveit_planners_chomp/share/moveit_planners_chomp/cmake/moveit_planners_chompConfig.cmake
[59.430s] -- Installing: /home/fabian/moveit2/install/moveit_planners_chomp/share/moveit_planners_chomp/cmake/moveit_planners_chompConfig-version.cmake
[59.431s] -- Installing: /home/fabian/moveit2/install/moveit_planners_chomp/share/moveit_planners_chomp/package.xml
[59.437s] Invoked command in '/home/fabian/moveit2/build/moveit_planners_chomp' returned '0': AMENT_PREFIX_PATH=/home/fabian/moveit2/install/chomp_motion_planner:/home/fabian/moveit2/install/moveit_core:/home/fabian/moveit2/install/moveit_common:${AMENT_PREFIX_PATH} CMAKE_PREFIX_PATH=/home/fabian/moveit2/install/chomp_motion_planner:/home/fabian/moveit2/install/moveit_core:/home/fabian/moveit2/install/moveit_common:/home/fabian/yb_support/ros_odrive/install/odrive_ros2_control:/home/fabian/yb_support/ros_odrive/install/odrive_can:/home/fabian/yb_support/slam_toolbox/install/slam_toolbox:/home/fabian/yb_support/my_msgs/install/my_msgs:/home/fabian/yb_support/pointcloud_to_laserscan/install/pointcloud_to_laserscan:/home/fabian/yb_support/mecanum_drive_controller/install/mecanum_drive_controller:/home/fabian/ros2_ws/install/ros2_control_demo_example_2:/home/fabian/ros2_ws/install/ros2_control_demo_description:/home/fabian/yahboom_rosmaster/install/yahboom_rosmaster:/home/fabian/yahboom_rosmaster/install/yahboom_rosmaster_system_tests:/home/fabian/yahboom_rosmaster/install/yahboom_rosmaster_navigation:/home/fabian/yahboom_rosmaster/install/yahboom_rosmaster_msgs:/home/fabian/yahboom_rosmaster/install/yahboom_rosmaster_localization:/home/fabian/yahboom_rosmaster/install/yahboom_rosmaster_gazebo:/home/fabian/yahboom_rosmaster/install/yahboom_rosmaster_docking:/home/fabian/yahboom_rosmaster/install/yahboom_rosmaster_description:/home/fabian/yahboom_rosmaster/install/yahboom_rosmaster_bringup:/home/fabian/yahboom_rosmaster/install/mecanum_drive_controller:/home/fabian/cartesian_controllers/install/cartesian_compliance_controller:/home/fabian/cartesian_controllers/install/cartesian_motion_controller:/home/fabian/cartesian_controllers/install/cartesian_force_controller:/home/fabian/cartesian_controllers/install/cartesian_controller_utilities:/home/fabian/youbot_ws/install/youbot:/home/fabian/yb_support/urdf_parser_py/install/urdfdom_py:/home/fabian/yb_support/twist_stamper/install/twist_stamper:/home/fabian/yb_support/kdl_parser_py/install/kdl_parser_py:/opt/ros/rolling:/home/fabian/cartesian_controllers/install/cartesian_controller_tests:/home/fabian/cartesian_controllers/install/cartesian_controller_simulation:/home/fabian/cartesian_controllers/install/cartesian_controller_handles:/home/fabian/cartesian_controllers/install/cartesian_controller_base:/home/fabian/ros2_control_demos/example_7/install/ros2_control_demo_example_7:/home/fabian/yb_support/unilidar_sdk2/install/unitree_lidar_ros2:/home/fabian/fixslam/install/geometry_msgs:/home/fabian/fixslam/install/std_msgs:/opt/ros/rolling/opt/gz_sim_vendor:/opt/ros/rolling/opt/gz_sensors_vendor:/opt/ros/rolling/opt/gz_physics_vendor:/opt/ros/rolling/opt/sdformat_vendor:/opt/ros/rolling/opt/gz_gui_vendor:/opt/ros/rolling/opt/gz_transport_vendor:/opt/ros/rolling/opt/gz_rendering_vendor:/opt/ros/rolling/opt/gz_plugin_vendor:/opt/ros/rolling/opt/gz_fuel_tools_vendor:/opt/ros/rolling/opt/gz_msgs_vendor:/opt/ros/rolling/opt/gz_common_vendor:/opt/ros/rolling/opt/gz_math_vendor:/opt/ros/rolling/opt/gz_utils_vendor:/opt/ros/rolling/opt/gz_tools_vendor:/opt/ros/rolling/opt/gz_ogre_next_vendor:/opt/ros/rolling/opt/gz_dartsim_vendor:/opt/ros/rolling/opt/gz_cmake_vendor DEBUGINFOD_URLS=https://debuginfod.ubuntu.com LD_LIBRARY_PATH=/home/fabian/moveit2/install/chomp_motion_planner/lib:/home/fabian/moveit2/install/moveit_core/lib:${LD_LIBRARY_PATH} PATH=/home/fabian/moveit2/install/moveit_core/bin:${PATH} /usr/bin/cmake --install /home/fabian/moveit2/build/moveit_planners_chomp
