[0mmoveit_setup_app_plugins: You did not request a specific build type: Choosing 'Release' for maximum performance[0m
[0mCMake Deprecation Warning at /opt/ros/rolling/share/ament_cmake_target_dependencies/cmake/ament_target_dependencies.cmake:87 (message):
  ament_target_dependencies() is deprecated.  Use target_link_libraries()
  with modern CMake targets instead.  Try replacing this call with:

    target_link_libraries(moveit_setup_app_plugins PUBLIC
      ament_index_cpp::ament_index_cpp
      moveit_ros_visualization::moveit_motion_planning_rviz_plugin
      moveit_ros_visualization::moveit_motion_planning_rviz_plugin_core
      moveit_ros_visualization::moveit_planning_scene_rviz_plugin
      moveit_ros_visualization::moveit_planning_scene_rviz_plugin_core
      moveit_ros_visualization::moveit_robot_state_rviz_plugin
      moveit_ros_visualization::moveit_robot_state_rviz_plugin_core
      moveit_ros_visualization::moveit_rviz_plugin_render_tools
      moveit_ros_visualization::moveit_trajectory_rviz_plugin
      moveit_ros_visualization::moveit_trajectory_rviz_plugin_core
      moveit_setup_framework::moveit_setup_framework
      pluginlib::pluginlib
      rclcpp::rclcpp
    )

Call Stack (most recent call first):
  CMakeLists.txt:36 (ament_target_dependencies)

[0m
