-- The CXX compiler identification is GNU 13.3.0
-- Detecting CXX compiler ABI info
-- Detecting CXX compiler ABI info - done
-- Check for working CXX compiler: /usr/bin/c++ - skipped
-- Detecting CXX compile features
-- Detecting CXX compile features - done
-- Found moveit_common: 2.14.0 (/home/fabian/moveit2/install/moveit_common/share/moveit_common/cmake)
-- Found ament_cmake: 2.8.4 (/opt/ros/rolling/share/ament_cmake/cmake)
-- Found Python3: /usr/bin/python3 (found version "3.12.3") found components: Interpreter 
[0mmoveit_setup_app_plugins: You did not request a specific build type: Choosing 'Release' for maximum performance[0m
-- Found ament_cmake_ros: 0.15.2 (/opt/ros/rolling/share/ament_cmake_ros/cmake)
-- Found ament_index_cpp: 1.12.1 (/opt/ros/rolling/share/ament_index_cpp/cmake)
-- Found moveit_ros_visualization: 2.14.0 (/home/fabian/moveit2/install/moveit_ros_visualization/share/moveit_ros_visualization/cmake)
-- Found Boost: /usr/lib/x86_64-linux-gnu/cmake/Boost-1.83.0/BoostConfig.cmake (found version "1.83.0") found components: thread date_time system filesystem 
-- Found rosidl_generator_c: 5.0.1 (/opt/ros/rolling/share/rosidl_generator_c/cmake)
-- Found rosidl_generator_cpp: 5.0.1 (/opt/ros/rolling/share/rosidl_generator_cpp/cmake)
-- Using all available rosidl_typesupport_c: rosidl_typesupport_fastrtps_c;rosidl_typesupport_introspection_c
-- Using all available rosidl_typesupport_cpp: rosidl_typesupport_fastrtps_cpp;rosidl_typesupport_introspection_cpp
-- Found Boost: /usr/lib/x86_64-linux-gnu/cmake/Boost-1.83.0/BoostConfig.cmake (found version "1.83.0") found components: random 
-- Found rmw_implementation_cmake: 7.9.0 (/opt/ros/rolling/share/rmw_implementation_cmake/cmake)
-- Found rmw_fastrtps_cpp: 9.4.2 (/opt/ros/rolling/share/rmw_fastrtps_cpp/cmake)
-- Found OpenSSL: /usr/lib/x86_64-linux-gnu/libcrypto.so (found version "3.0.13")  
-- Using RMW implementation 'rmw_fastrtps_cpp' as default
-- Found Boost: /usr/lib/x86_64-linux-gnu/cmake/Boost-1.83.0/BoostConfig.cmake (found version "1.83.0") found components: system filesystem date_time program_options thread chrono 
-- Found parameter_traits: 0.5.0 (/opt/ros/rolling/share/parameter_traits/cmake)
-- Found rclcpp_lifecycle: 30.1.0 (/opt/ros/rolling/share/rclcpp_lifecycle/cmake)
-- Found Boost: /usr/lib/x86_64-linux-gnu/cmake/Boost-1.83.0/BoostConfig.cmake (found version "1.83.0") found components: chrono date_time filesystem iostreams program_options regex serialization system thread 
-- Found Eigen3: TRUE (found version "3.4.0") 
-- Ensuring Eigen3 include directory is part of orocos-kdl CMake target
-- Found Boost: /usr/lib/x86_64-linux-gnu/cmake/Boost-1.83.0/BoostConfig.cmake (found version "1.83.0") found components: date_time filesystem program_options system thread 
-- Found Boost: /usr/lib/x86_64-linux-gnu/cmake/Boost-1.83.0/BoostConfig.cmake (found version "1.83.0") found components: thread system filesystem regex date_time program_options 
-- Found Boost: /usr/lib/x86_64-linux-gnu/cmake/Boost-1.83.0/BoostConfig.cmake (found version "1.83.0") found components: system filesystem date_time program_options thread 
-- Setting OGRE_DIR to: '/opt/ros/rolling/share/rviz_ogre_vendor/cmake/../../../opt/rviz_ogre_vendor/lib/OGRE/cmake'
-- Found OGRE
--   static     : OFF
--   components : MeshLodGenerator;Overlay;Paging;Property;RTShaderSystem;Terrain;Volume
--   plugins    : Plugin_BSPSceneManager;Plugin_OctreeSceneManager;Plugin_PCZSceneManager;Plugin_ParticleFX;RenderSystem_GL;RenderSystem_GL3Plus;Codec_STBI
--   media      : /opt/ros/rolling/opt/rviz_ogre_vendor/share/OGRE/Media
-- OGRE_LIBRARIES: OgreMeshLodGenerator;OgreOverlay;OgrePaging;OgreProperty;OgreRTShaderSystem;OgreTerrain;OgreVolume;OgreMain
-- OGRE_LIBRARY_DIRS: /opt/ros/rolling/opt/rviz_ogre_vendor/lib
-- OGRE_PLUGINS: Plugin_BSPSceneManager;Plugin_OctreeSceneManager;Plugin_PCZSceneManager;Plugin_ParticleFX;RenderSystem_GL;RenderSystem_GL3Plus;Codec_STBI
-- OGRE_PLUGIN_DIR: /opt/ros/rolling/opt/rviz_ogre_vendor/lib/OGRE
-- rviz_ogre_vendor::OgreOverlay for IMPORTED_LOCATION_RELEASE: /opt/ros/rolling/opt/rviz_ogre_vendor/lib/libOgreOverlay.so
-- rviz_ogre_vendor::OgreOverlay for IMPORTED_LOCATION_DEBUG: /opt/ros/rolling/opt/rviz_ogre_vendor/lib/libOgreOverlay.so
-- rviz_ogre_vendor::OgreMain for IMPORTED_LOCATION_RELEASE: /opt/ros/rolling/opt/rviz_ogre_vendor/lib/libOgreMain.so
-- rviz_ogre_vendor::OgreMain for IMPORTED_LOCATION_DEBUG: /opt/ros/rolling/opt/rviz_ogre_vendor/lib/libOgreMain.so
-- Found ZLIB: /usr/lib/x86_64-linux-gnu/libz.so (found version "1.3")  
-- Found OpenGL: /usr/lib/x86_64-linux-gnu/libOpenGL.so   
-- Found X11: /usr/include   
-- Looking for XOpenDisplay in /usr/lib/x86_64-linux-gnu/libX11.so;/usr/lib/x86_64-linux-gnu/libXext.so
-- Looking for XOpenDisplay in /usr/lib/x86_64-linux-gnu/libX11.so;/usr/lib/x86_64-linux-gnu/libXext.so - found
-- Looking for gethostbyname
-- Looking for gethostbyname - found
-- Looking for connect
-- Looking for connect - found
-- Looking for remove
-- Looking for remove - found
-- Looking for shmat
-- Looking for shmat - found
-- Looking for IceConnectionNumber in ICE
-- Looking for IceConnectionNumber in ICE - found
-- Setting yaml-cpp_DIR to: '/opt/ros/rolling/share/yaml_cpp_vendor/cmake/../../../opt/yaml_cpp_vendor/share/cmake/yaml-cpp'
-- Found moveit_setup_framework: 2.14.0 (/home/fabian/moveit2/install/moveit_setup_framework/share/moveit_setup_framework/cmake)
[0mCMake Deprecation Warning at /opt/ros/rolling/share/ament_cmake_target_dependencies/cmake/ament_target_dependencies.cmake:87 (message):
  ament_target_dependencies() is deprecated.  Use target_link_libraries()
  with modern CMake targets instead.  Try replacing this call with:

    target_link_libraries(moveit_setup_app_plugins PUBLIC
      ament_index_cpp::ament_index_cpp
      moveit_ros_visualization::moveit_motion_planning_rviz_plugin
      moveit_ros_visualization::moveit_motion_planning_rviz_plugin_core
      moveit_ros_visualization::moveit_planning_scene_rviz_plugin
      moveit_ros_visualization::moveit_planning_scene_rviz_plugin_core
      moveit_ros_visualization::moveit_robot_state_rviz_plugin
      moveit_ros_visualization::moveit_robot_state_rviz_plugin_core
      moveit_ros_visualization::moveit_rviz_plugin_render_tools
      moveit_ros_visualization::moveit_trajectory_rviz_plugin
      moveit_ros_visualization::moveit_trajectory_rviz_plugin_core
      moveit_setup_framework::moveit_setup_framework
      pluginlib::pluginlib
      rclcpp::rclcpp
    )

Call Stack (most recent call first):
  CMakeLists.txt:36 (ament_target_dependencies)

[0m
-- Found gtest sources under '/opt/ros/rolling/src/gtest_vendor': C++ tests using 'Google Test' will be built
-- The C compiler identification is GNU 13.3.0
-- Detecting C compiler ABI info
-- Detecting C compiler ABI info - done
-- Check for working C compiler: /usr/bin/cc - skipped
-- Detecting C compile features
-- Detecting C compile features - done
-- Found Threads: TRUE  
-- Configuring done (39.8s)
-- Generating done (0.2s)
-- Build files have been written to: /home/fabian/moveit2/build/moveit_setup_app_plugins
[  0%] Built target moveit_setup_app_plugins_autogen_timestamp_deps
[  0%] Built target gtest_autogen_timestamp_deps
[  3%] [34m[1mAutomatic MOC for target moveit_setup_app_plugins[0m
[  3%] Built target moveit_setup_app_plugins_autogen
[  7%] [34m[1mAutomatic MOC for target gtest[0m
[  7%] Built target gtest_autogen
[ 11%] [34m[1mGenerating include/moveit_setup_app_plugins/moc_perception_widget.cpp[0m
[ 14%] [34m[1mGenerating include/moveit_setup_app_plugins/moc_launches_widget.cpp[0m
[ 18%] [32mBuilding CXX object CMakeFiles/moveit_setup_app_plugins.dir/moveit_setup_app_plugins_autogen/mocs_compilation.cpp.o[0m
[ 22%] [32mBuilding CXX object CMakeFiles/moveit_setup_app_plugins.dir/src/perception_config.cpp.o[0m
[ 25%] [32mBuilding CXX object CMakeFiles/moveit_setup_app_plugins.dir/src/perception.cpp.o[0m
[ 29%] [32mBuilding CXX object CMakeFiles/moveit_setup_app_plugins.dir/src/perception_widget.cpp.o[0m
[ 33%] [32mBuilding CXX object CMakeFiles/moveit_setup_app_plugins.dir/include/moveit_setup_app_plugins/moc_launches_widget.cpp.o[0m
[ 37%] [32mBuilding CXX object CMakeFiles/moveit_setup_app_plugins.dir/src/launches_config.cpp.o[0m
[ 40%] [32mBuilding CXX object CMakeFiles/moveit_setup_app_plugins.dir/src/launches_widget.cpp.o[0m
[ 44%] [32mBuilding CXX object CMakeFiles/moveit_setup_app_plugins.dir/include/moveit_setup_app_plugins/moc_perception_widget.cpp.o[0m
[ 48%] [32mBuilding CXX object CMakeFiles/moveit_setup_app_plugins.dir/src/launches.cpp.o[0m
[ 51%] [32m[1mLinking CXX shared library libmoveit_setup_app_plugins.so[0m
[ 51%] Built target moveit_setup_app_plugins
[ 55%] [32mBuilding CXX object gtest/CMakeFiles/gtest.dir/gtest_autogen/mocs_compilation.cpp.o[0m
[ 59%] [32mBuilding CXX object gtest/CMakeFiles/gtest.dir/src/gtest-all.cc.o[0m
[ 62%] [32m[1mLinking CXX static library libgtest.a[0m
[ 66%] Built target gtest
[ 66%] Built target gtest_main_autogen_timestamp_deps
[ 70%] [34m[1mAutomatic MOC for target gtest_main[0m
[ 70%] Built target gtest_main_autogen
[ 74%] [32mBuilding CXX object gtest/CMakeFiles/gtest_main.dir/gtest_main_autogen/mocs_compilation.cpp.o[0m
[ 77%] [32mBuilding CXX object gtest/CMakeFiles/gtest_main.dir/src/gtest_main.cc.o[0m
[ 81%] [32m[1mLinking CXX static library libgtest_main.a[0m
[ 85%] Built target gtest_main
[ 85%] Built target test_perception_autogen_timestamp_deps
[ 88%] [34m[1mAutomatic MOC for target test_perception[0m
[ 88%] Built target test_perception_autogen
[ 92%] [32mBuilding CXX object CMakeFiles/test_perception.dir/test_perception_autogen/mocs_compilation.cpp.o[0m
[ 96%] [32mBuilding CXX object CMakeFiles/test_perception.dir/test/test_perception.cpp.o[0m
[100%] [32m[1mLinking CXX executable test_perception[0m
[100%] Built target test_perception
-- Install configuration: "Release"
-- Installing: /home/fabian/moveit2/install/moveit_setup_app_plugins/share/moveit_setup_app_plugins/templates
-- Installing: /home/fabian/moveit2/install/moveit_setup_app_plugins/share/moveit_setup_app_plugins/templates/config
-- Installing: /home/fabian/moveit2/install/moveit_setup_app_plugins/share/moveit_setup_app_plugins/templates/config/moveit.rviz
-- Installing: /home/fabian/moveit2/install/moveit_setup_app_plugins/share/moveit_setup_app_plugins/templates/config/sensors_3d.yaml
-- Installing: /home/fabian/moveit2/install/moveit_setup_app_plugins/share/moveit_setup_app_plugins/templates/launch
-- Installing: /home/fabian/moveit2/install/moveit_setup_app_plugins/share/moveit_setup_app_plugins/templates/launch/generic.launch.py.template
-- Installing: /home/fabian/moveit2/install/moveit_setup_app_plugins/lib/libmoveit_setup_app_plugins.so
-- Set non-toolchain portion of runtime path of "/home/fabian/moveit2/install/moveit_setup_app_plugins/lib/libmoveit_setup_app_plugins.so" to ""
-- Installing: /home/fabian/moveit2/install/moveit_setup_app_plugins/share/moveit_setup_app_plugins/moveit_setup_framework_plugins.xml
-- Installing: /home/fabian/moveit2/install/moveit_setup_app_plugins/include/moveit_setup_app_plugins
-- Installing: /home/fabian/moveit2/install/moveit_setup_app_plugins/include/moveit_setup_app_plugins/moveit_setup_app_plugins
-- Installing: /home/fabian/moveit2/install/moveit_setup_app_plugins/include/moveit_setup_app_plugins/moveit_setup_app_plugins/launches.h
-- Installing: /home/fabian/moveit2/install/moveit_setup_app_plugins/include/moveit_setup_app_plugins/moveit_setup_app_plugins/perception_widget.hpp
-- Installing: /home/fabian/moveit2/install/moveit_setup_app_plugins/include/moveit_setup_app_plugins/moveit_setup_app_plugins/perception.hpp
-- Installing: /home/fabian/moveit2/install/moveit_setup_app_plugins/include/moveit_setup_app_plugins/moveit_setup_app_plugins/perception_config.h
-- Installing: /home/fabian/moveit2/install/moveit_setup_app_plugins/include/moveit_setup_app_plugins/moveit_setup_app_plugins/launch_bundle.h
-- Installing: /home/fabian/moveit2/install/moveit_setup_app_plugins/include/moveit_setup_app_plugins/moveit_setup_app_plugins/perception_config.hpp
-- Installing: /home/fabian/moveit2/install/moveit_setup_app_plugins/include/moveit_setup_app_plugins/moveit_setup_app_plugins/launches_widget.hpp
-- Installing: /home/fabian/moveit2/install/moveit_setup_app_plugins/include/moveit_setup_app_plugins/moveit_setup_app_plugins/launch_bundle.hpp
-- Installing: /home/fabian/moveit2/install/moveit_setup_app_plugins/include/moveit_setup_app_plugins/moveit_setup_app_plugins/launches_config.h
-- Installing: /home/fabian/moveit2/install/moveit_setup_app_plugins/include/moveit_setup_app_plugins/moveit_setup_app_plugins/launches_config.hpp
-- Installing: /home/fabian/moveit2/install/moveit_setup_app_plugins/include/moveit_setup_app_plugins/moveit_setup_app_plugins/launches_widget.h
-- Installing: /home/fabian/moveit2/install/moveit_setup_app_plugins/include/moveit_setup_app_plugins/moveit_setup_app_plugins/perception_widget.h
-- Installing: /home/fabian/moveit2/install/moveit_setup_app_plugins/include/moveit_setup_app_plugins/moveit_setup_app_plugins/perception.h
-- Installing: /home/fabian/moveit2/install/moveit_setup_app_plugins/include/moveit_setup_app_plugins/moveit_setup_app_plugins/launches.hpp
-- Installing: /home/fabian/moveit2/install/moveit_setup_app_plugins/share/moveit_setup_app_plugins/environment/library_path.sh
-- Installing: /home/fabian/moveit2/install/moveit_setup_app_plugins/share/moveit_setup_app_plugins/environment/library_path.dsv
-- Up-to-date: /home/fabian/moveit2/install/moveit_setup_app_plugins/share/moveit_setup_app_plugins/moveit_setup_framework_plugins.xml
-- Installing: /home/fabian/moveit2/install/moveit_setup_app_plugins/share/ament_index/resource_index/package_run_dependencies/moveit_setup_app_plugins
-- Installing: /home/fabian/moveit2/install/moveit_setup_app_plugins/share/ament_index/resource_index/parent_prefix_path/moveit_setup_app_plugins
-- Installing: /home/fabian/moveit2/install/moveit_setup_app_plugins/share/moveit_setup_app_plugins/environment/ament_prefix_path.sh
-- Installing: /home/fabian/moveit2/install/moveit_setup_app_plugins/share/moveit_setup_app_plugins/environment/ament_prefix_path.dsv
-- Installing: /home/fabian/moveit2/install/moveit_setup_app_plugins/share/moveit_setup_app_plugins/environment/path.sh
-- Installing: /home/fabian/moveit2/install/moveit_setup_app_plugins/share/moveit_setup_app_plugins/environment/path.dsv
-- Installing: /home/fabian/moveit2/install/moveit_setup_app_plugins/share/moveit_setup_app_plugins/local_setup.bash
-- Installing: /home/fabian/moveit2/install/moveit_setup_app_plugins/share/moveit_setup_app_plugins/local_setup.sh
-- Installing: /home/fabian/moveit2/install/moveit_setup_app_plugins/share/moveit_setup_app_plugins/local_setup.zsh
-- Installing: /home/fabian/moveit2/install/moveit_setup_app_plugins/share/moveit_setup_app_plugins/local_setup.dsv
-- Installing: /home/fabian/moveit2/install/moveit_setup_app_plugins/share/moveit_setup_app_plugins/package.dsv
-- Installing: /home/fabian/moveit2/install/moveit_setup_app_plugins/share/ament_index/resource_index/packages/moveit_setup_app_plugins
-- Installing: /home/fabian/moveit2/install/moveit_setup_app_plugins/share/ament_index/resource_index/moveit_setup_framework__pluginlib__plugin/moveit_setup_app_plugins
-- Installing: /home/fabian/moveit2/install/moveit_setup_app_plugins/share/moveit_setup_app_plugins/cmake/moveit_setup_app_pluginsTargetsExport.cmake
-- Installing: /home/fabian/moveit2/install/moveit_setup_app_plugins/share/moveit_setup_app_plugins/cmake/moveit_setup_app_pluginsTargetsExport-release.cmake
-- Installing: /home/fabian/moveit2/install/moveit_setup_app_plugins/share/moveit_setup_app_plugins/cmake/ament_cmake_export_targets-extras.cmake
-- Installing: /home/fabian/moveit2/install/moveit_setup_app_plugins/share/moveit_setup_app_plugins/cmake/moveit_setup_app_pluginsConfig.cmake
-- Installing: /home/fabian/moveit2/install/moveit_setup_app_plugins/share/moveit_setup_app_plugins/cmake/moveit_setup_app_pluginsConfig-version.cmake
-- Installing: /home/fabian/moveit2/install/moveit_setup_app_plugins/share/moveit_setup_app_plugins/package.xml
