[5.878s] Invoking command in '/home/fabian/moveit2/build/moveit_setup_app_plugins': AMENT_PREFIX_PATH=/home/fabian/moveit2/install/moveit_setup_framework:/home/fabian/moveit2/install/moveit_ros_visualization:/home/fabian/moveit2/install/moveit_ros_planning_interface:/home/fabian/moveit2/install/moveit_ros_move_group:/home/fabian/moveit2/install/moveit_ros_warehouse:/home/fabian/moveit2/install/moveit_ros_robot_interaction:/home/fabian/moveit2/install/moveit_kinematics:/home/fabian/moveit2/install/moveit_ros_planning:/home/fabian/moveit2/install/moveit_simple_controller_manager:/home/fabian/moveit2/install/moveit_ros_occupancy_map_monitor:/home/fabian/moveit2/install/moveit_core:/home/fabian/moveit2/install/moveit_configs_utils:/home/fabian/moveit2/install/moveit_common:${AMENT_PREFIX_PATH} CMAKE_PREFIX_PATH=/home/fabian/moveit2/install/moveit_setup_framework:/home/fabian/moveit2/install/moveit_ros_visualization:/home/fabian/moveit2/install/moveit_ros_planning_interface:/home/fabian/moveit2/install/moveit_ros_move_group:/home/fabian/moveit2/install/moveit_ros_warehouse:/home/fabian/moveit2/install/moveit_ros_robot_interaction:/home/fabian/moveit2/install/moveit_kinematics:/home/fabian/moveit2/install/moveit_ros_planning:/home/fabian/moveit2/install/moveit_simple_controller_manager:/home/fabian/moveit2/install/moveit_ros_occupancy_map_monitor:/home/fabian/moveit2/install/moveit_core:/home/fabian/moveit2/install/moveit_common:/home/fabian/yb_support/ros_odrive/install/odrive_ros2_control:/home/fabian/yb_support/ros_odrive/install/odrive_can:/home/fabian/yb_support/slam_toolbox/install/slam_toolbox:/home/fabian/yb_support/my_msgs/install/my_msgs:/home/fabian/yb_support/pointcloud_to_laserscan/install/pointcloud_to_laserscan:/home/fabian/yb_support/mecanum_drive_controller/install/mecanum_drive_controller:/home/fabian/ros2_ws/install/ros2_control_demo_example_2:/home/fabian/ros2_ws/install/ros2_control_demo_description:/home/fabian/yahboom_rosmaster/install/yahboom_rosmaster:/home/fabian/yahboom_rosmaster/install/yahboom_rosmaster_system_tests:/home/fabian/yahboom_rosmaster/install/yahboom_rosmaster_navigation:/home/fabian/yahboom_rosmaster/install/yahboom_rosmaster_msgs:/home/fabian/yahboom_rosmaster/install/yahboom_rosmaster_localization:/home/fabian/yahboom_rosmaster/install/yahboom_rosmaster_gazebo:/home/fabian/yahboom_rosmaster/install/yahboom_rosmaster_docking:/home/fabian/yahboom_rosmaster/install/yahboom_rosmaster_description:/home/fabian/yahboom_rosmaster/install/yahboom_rosmaster_bringup:/home/fabian/yahboom_rosmaster/install/mecanum_drive_controller:/home/fabian/cartesian_controllers/install/cartesian_compliance_controller:/home/fabian/cartesian_controllers/install/cartesian_motion_controller:/home/fabian/cartesian_controllers/install/cartesian_force_controller:/home/fabian/cartesian_controllers/install/cartesian_controller_utilities:/home/fabian/youbot_ws/install/youbot:/home/fabian/yb_support/urdf_parser_py/install/urdfdom_py:/home/fabian/yb_support/twist_stamper/install/twist_stamper:/home/fabian/yb_support/kdl_parser_py/install/kdl_parser_py:/opt/ros/rolling:/home/fabian/cartesian_controllers/install/cartesian_controller_tests:/home/fabian/cartesian_controllers/install/cartesian_controller_simulation:/home/fabian/cartesian_controllers/install/cartesian_controller_handles:/home/fabian/cartesian_controllers/install/cartesian_controller_base:/home/fabian/ros2_control_demos/example_7/install/ros2_control_demo_example_7:/home/fabian/yb_support/unilidar_sdk2/install/unitree_lidar_ros2:/home/fabian/fixslam/install/geometry_msgs:/home/fabian/fixslam/install/std_msgs:/opt/ros/rolling/opt/gz_sim_vendor:/opt/ros/rolling/opt/gz_sensors_vendor:/opt/ros/rolling/opt/gz_physics_vendor:/opt/ros/rolling/opt/sdformat_vendor:/opt/ros/rolling/opt/gz_gui_vendor:/opt/ros/rolling/opt/gz_transport_vendor:/opt/ros/rolling/opt/gz_rendering_vendor:/opt/ros/rolling/opt/gz_plugin_vendor:/opt/ros/rolling/opt/gz_fuel_tools_vendor:/opt/ros/rolling/opt/gz_msgs_vendor:/opt/ros/rolling/opt/gz_common_vendor:/opt/ros/rolling/opt/gz_math_vendor:/opt/ros/rolling/opt/gz_utils_vendor:/opt/ros/rolling/opt/gz_tools_vendor:/opt/ros/rolling/opt/gz_ogre_next_vendor:/opt/ros/rolling/opt/gz_dartsim_vendor:/opt/ros/rolling/opt/gz_cmake_vendor DEBUGINFOD_URLS=https://debuginfod.ubuntu.com LD_LIBRARY_PATH=/home/fabian/moveit2/install/moveit_setup_framework/lib:/home/fabian/moveit2/install/moveit_ros_visualization/lib:/home/fabian/moveit2/install/moveit_ros_planning_interface/lib:/home/fabian/moveit2/install/moveit_ros_move_group/lib:/home/fabian/moveit2/install/moveit_ros_warehouse/lib:/home/fabian/moveit2/install/moveit_ros_robot_interaction/lib:/home/fabian/moveit2/install/moveit_kinematics/lib:/home/fabian/moveit2/install/moveit_ros_planning/lib:/home/fabian/moveit2/install/moveit_simple_controller_manager/lib:/home/fabian/moveit2/install/moveit_ros_occupancy_map_monitor/lib:/home/fabian/moveit2/install/moveit_core/lib:${LD_LIBRARY_PATH} PATH=/home/fabian/moveit2/install/moveit_core/bin:${PATH} PYTHONPATH=/home/fabian/moveit2/install/moveit_configs_utils/lib/python3.12/site-packages:${PYTHONPATH} /usr/bin/cmake /home/fabian/moveit2/moveit_setup_assistant/moveit_setup_app_plugins -DCMAKE_INSTALL_PREFIX=/home/fabian/moveit2/install/moveit_setup_app_plugins
[6.573s] -- The CXX compiler identification is GNU 13.3.0
[8.444s] -- Detecting CXX compiler ABI info
[9.868s] -- Detecting CXX compiler ABI info - done
[9.916s] -- Check for working CXX compiler: /usr/bin/c++ - skipped
[9.917s] -- Detecting CXX compile features
[9.924s] -- Detecting CXX compile features - done
[9.930s] -- Found moveit_common: 2.14.0 (/home/fabian/moveit2/install/moveit_common/share/moveit_common/cmake)
[9.959s] -- Found ament_cmake: 2.8.4 (/opt/ros/rolling/share/ament_cmake/cmake)
[10.691s] -- Found Python3: /usr/bin/python3 (found version "3.12.3") found components: Interpreter 
[11.532s] [0mmoveit_setup_app_plugins: You did not request a specific build type: Choosing 'Release' for maximum performance[0m
[11.555s] -- Found ament_cmake_ros: 0.15.2 (/opt/ros/rolling/share/ament_cmake_ros/cmake)
[11.631s] -- Found ament_index_cpp: 1.12.1 (/opt/ros/rolling/share/ament_index_cpp/cmake)
[11.633s] -- Found moveit_ros_visualization: 2.14.0 (/home/fabian/moveit2/install/moveit_ros_visualization/share/moveit_ros_visualization/cmake)
[12.520s] -- Found Boost: /usr/lib/x86_64-linux-gnu/cmake/Boost-1.83.0/BoostConfig.cmake (found version "1.83.0") found components: thread date_time system filesystem 
[13.193s] -- Found rosidl_generator_c: 5.0.1 (/opt/ros/rolling/share/rosidl_generator_c/cmake)
[13.244s] -- Found rosidl_generator_cpp: 5.0.1 (/opt/ros/rolling/share/rosidl_generator_cpp/cmake)
[13.296s] -- Using all available rosidl_typesupport_c: rosidl_typesupport_fastrtps_c;rosidl_typesupport_introspection_c
[13.337s] -- Using all available rosidl_typesupport_cpp: rosidl_typesupport_fastrtps_cpp;rosidl_typesupport_introspection_cpp
[13.594s] -- Found Boost: /usr/lib/x86_64-linux-gnu/cmake/Boost-1.83.0/BoostConfig.cmake (found version "1.83.0") found components: random 
[13.858s] -- Found rmw_implementation_cmake: 7.9.0 (/opt/ros/rolling/share/rmw_implementation_cmake/cmake)
[13.885s] -- Found rmw_fastrtps_cpp: 9.4.2 (/opt/ros/rolling/share/rmw_fastrtps_cpp/cmake)
[14.401s] -- Found OpenSSL: /usr/lib/x86_64-linux-gnu/libcrypto.so (found version "3.0.13")  
[14.457s] -- Using RMW implementation 'rmw_fastrtps_cpp' as default
[15.417s] -- Found Boost: /usr/lib/x86_64-linux-gnu/cmake/Boost-1.83.0/BoostConfig.cmake (found version "1.83.0") found components: system filesystem date_time program_options thread chrono 
[15.506s] -- Found parameter_traits: 0.5.0 (/opt/ros/rolling/share/parameter_traits/cmake)
[15.589s] -- Found rclcpp_lifecycle: 30.1.0 (/opt/ros/rolling/share/rclcpp_lifecycle/cmake)
[15.828s] -- Found Boost: /usr/lib/x86_64-linux-gnu/cmake/Boost-1.83.0/BoostConfig.cmake (found version "1.83.0") found components: chrono date_time filesystem iostreams program_options regex serialization system thread 
[19.227s] -- Found Eigen3: TRUE (found version "3.4.0") 
[19.227s] -- Ensuring Eigen3 include directory is part of orocos-kdl CMake target
[20.348s] -- Found Boost: /usr/lib/x86_64-linux-gnu/cmake/Boost-1.83.0/BoostConfig.cmake (found version "1.83.0") found components: date_time filesystem program_options system thread 
[20.377s] -- Found Boost: /usr/lib/x86_64-linux-gnu/cmake/Boost-1.83.0/BoostConfig.cmake (found version "1.83.0") found components: thread system filesystem regex date_time program_options 
[20.431s] -- Found Boost: /usr/lib/x86_64-linux-gnu/cmake/Boost-1.83.0/BoostConfig.cmake (found version "1.83.0") found components: system filesystem date_time program_options thread 
[20.610s] -- Setting OGRE_DIR to: '/opt/ros/rolling/share/rviz_ogre_vendor/cmake/../../../opt/rviz_ogre_vendor/lib/OGRE/cmake'
[20.617s] -- Found OGRE
[20.617s] --   static     : OFF
[20.618s] --   components : MeshLodGenerator;Overlay;Paging;Property;RTShaderSystem;Terrain;Volume
[20.618s] --   plugins    : Plugin_BSPSceneManager;Plugin_OctreeSceneManager;Plugin_PCZSceneManager;Plugin_ParticleFX;RenderSystem_GL;RenderSystem_GL3Plus;Codec_STBI
[20.618s] --   media      : /opt/ros/rolling/opt/rviz_ogre_vendor/share/OGRE/Media
[20.618s] -- OGRE_LIBRARIES: OgreMeshLodGenerator;OgreOverlay;OgrePaging;OgreProperty;OgreRTShaderSystem;OgreTerrain;OgreVolume;OgreMain
[20.618s] -- OGRE_LIBRARY_DIRS: /opt/ros/rolling/opt/rviz_ogre_vendor/lib
[20.618s] -- OGRE_PLUGINS: Plugin_BSPSceneManager;Plugin_OctreeSceneManager;Plugin_PCZSceneManager;Plugin_ParticleFX;RenderSystem_GL;RenderSystem_GL3Plus;Codec_STBI
[20.618s] -- OGRE_PLUGIN_DIR: /opt/ros/rolling/opt/rviz_ogre_vendor/lib/OGRE
[20.620s] -- rviz_ogre_vendor::OgreOverlay for IMPORTED_LOCATION_RELEASE: /opt/ros/rolling/opt/rviz_ogre_vendor/lib/libOgreOverlay.so
[20.620s] -- rviz_ogre_vendor::OgreOverlay for IMPORTED_LOCATION_DEBUG: /opt/ros/rolling/opt/rviz_ogre_vendor/lib/libOgreOverlay.so
[20.621s] -- rviz_ogre_vendor::OgreMain for IMPORTED_LOCATION_RELEASE: /opt/ros/rolling/opt/rviz_ogre_vendor/lib/libOgreMain.so
[20.621s] -- rviz_ogre_vendor::OgreMain for IMPORTED_LOCATION_DEBUG: /opt/ros/rolling/opt/rviz_ogre_vendor/lib/libOgreMain.so
[26.161s] -- Found ZLIB: /usr/lib/x86_64-linux-gnu/libz.so (found version "1.3")  
[27.786s] -- Found OpenGL: /usr/lib/x86_64-linux-gnu/libOpenGL.so   
[39.306s] -- Found X11: /usr/include   
[39.307s] -- Looking for XOpenDisplay in /usr/lib/x86_64-linux-gnu/libX11.so;/usr/lib/x86_64-linux-gnu/libXext.so
[39.850s] -- Looking for XOpenDisplay in /usr/lib/x86_64-linux-gnu/libX11.so;/usr/lib/x86_64-linux-gnu/libXext.so - found
[39.851s] -- Looking for gethostbyname
[40.492s] -- Looking for gethostbyname - found
[40.493s] -- Looking for connect
[40.960s] -- Looking for connect - found
[40.961s] -- Looking for remove
[41.515s] -- Looking for remove - found
[41.515s] -- Looking for shmat
[42.114s] -- Looking for shmat - found
[42.114s] -- Looking for IceConnectionNumber in ICE
[42.651s] -- Looking for IceConnectionNumber in ICE - found
[43.095s] -- Setting yaml-cpp_DIR to: '/opt/ros/rolling/share/yaml_cpp_vendor/cmake/../../../opt/yaml_cpp_vendor/share/cmake/yaml-cpp'
[43.400s] -- Found moveit_setup_framework: 2.14.0 (/home/fabian/moveit2/install/moveit_setup_framework/share/moveit_setup_framework/cmake)
[43.434s] [0mCMake Deprecation Warning at /opt/ros/rolling/share/ament_cmake_target_dependencies/cmake/ament_target_dependencies.cmake:87 (message):
[43.434s]   ament_target_dependencies() is deprecated.  Use target_link_libraries()
[43.434s]   with modern CMake targets instead.  Try replacing this call with:
[43.434s] 
[43.434s]     target_link_libraries(moveit_setup_app_plugins PUBLIC
[43.435s]       ament_index_cpp::ament_index_cpp
[43.435s]       moveit_ros_visualization::moveit_motion_planning_rviz_plugin
[43.435s]       moveit_ros_visualization::moveit_motion_planning_rviz_plugin_core
[43.435s]       moveit_ros_visualization::moveit_planning_scene_rviz_plugin
[43.435s]       moveit_ros_visualization::moveit_planning_scene_rviz_plugin_core
[43.436s]       moveit_ros_visualization::moveit_robot_state_rviz_plugin
[43.436s]       moveit_ros_visualization::moveit_robot_state_rviz_plugin_core
[43.436s]       moveit_ros_visualization::moveit_rviz_plugin_render_tools
[43.436s]       moveit_ros_visualization::moveit_trajectory_rviz_plugin
[43.436s]       moveit_ros_visualization::moveit_trajectory_rviz_plugin_core
[43.436s]       moveit_setup_framework::moveit_setup_framework
[43.436s]       pluginlib::pluginlib
[43.437s]       rclcpp::rclcpp
[43.437s]     )
[43.437s] 
[43.437s] Call Stack (most recent call first):
[43.437s]   CMakeLists.txt:36 (ament_target_dependencies)
[43.437s] 
[43.437s] [0m
[43.462s] -- Found gtest sources under '/opt/ros/rolling/src/gtest_vendor': C++ tests using 'Google Test' will be built
[43.750s] -- The C compiler identification is GNU 13.3.0
[44.897s] -- Detecting C compiler ABI info
[45.697s] -- Detecting C compiler ABI info - done
[45.704s] -- Check for working C compiler: /usr/bin/cc - skipped
[45.704s] -- Detecting C compile features
[45.705s] -- Detecting C compile features - done
[45.712s] -- Found Threads: TRUE  
[45.730s] -- Configuring done (39.8s)
[46.008s] -- Generating done (0.2s)
[46.036s] -- Build files have been written to: /home/fabian/moveit2/build/moveit_setup_app_plugins
[46.078s] Invoked command in '/home/fabian/moveit2/build/moveit_setup_app_plugins' returned '0': AMENT_PREFIX_PATH=/home/fabian/moveit2/install/moveit_setup_framework:/home/fabian/moveit2/install/moveit_ros_visualization:/home/fabian/moveit2/install/moveit_ros_planning_interface:/home/fabian/moveit2/install/moveit_ros_move_group:/home/fabian/moveit2/install/moveit_ros_warehouse:/home/fabian/moveit2/install/moveit_ros_robot_interaction:/home/fabian/moveit2/install/moveit_kinematics:/home/fabian/moveit2/install/moveit_ros_planning:/home/fabian/moveit2/install/moveit_simple_controller_manager:/home/fabian/moveit2/install/moveit_ros_occupancy_map_monitor:/home/fabian/moveit2/install/moveit_core:/home/fabian/moveit2/install/moveit_configs_utils:/home/fabian/moveit2/install/moveit_common:${AMENT_PREFIX_PATH} CMAKE_PREFIX_PATH=/home/fabian/moveit2/install/moveit_setup_framework:/home/fabian/moveit2/install/moveit_ros_visualization:/home/fabian/moveit2/install/moveit_ros_planning_interface:/home/fabian/moveit2/install/moveit_ros_move_group:/home/fabian/moveit2/install/moveit_ros_warehouse:/home/fabian/moveit2/install/moveit_ros_robot_interaction:/home/fabian/moveit2/install/moveit_kinematics:/home/fabian/moveit2/install/moveit_ros_planning:/home/fabian/moveit2/install/moveit_simple_controller_manager:/home/fabian/moveit2/install/moveit_ros_occupancy_map_monitor:/home/fabian/moveit2/install/moveit_core:/home/fabian/moveit2/install/moveit_common:/home/fabian/yb_support/ros_odrive/install/odrive_ros2_control:/home/fabian/yb_support/ros_odrive/install/odrive_can:/home/fabian/yb_support/slam_toolbox/install/slam_toolbox:/home/fabian/yb_support/my_msgs/install/my_msgs:/home/fabian/yb_support/pointcloud_to_laserscan/install/pointcloud_to_laserscan:/home/fabian/yb_support/mecanum_drive_controller/install/mecanum_drive_controller:/home/fabian/ros2_ws/install/ros2_control_demo_example_2:/home/fabian/ros2_ws/install/ros2_control_demo_description:/home/fabian/yahboom_rosmaster/install/yahboom_rosmaster:/home/fabian/yahboom_rosmaster/install/yahboom_rosmaster_system_tests:/home/fabian/yahboom_rosmaster/install/yahboom_rosmaster_navigation:/home/fabian/yahboom_rosmaster/install/yahboom_rosmaster_msgs:/home/fabian/yahboom_rosmaster/install/yahboom_rosmaster_localization:/home/fabian/yahboom_rosmaster/install/yahboom_rosmaster_gazebo:/home/fabian/yahboom_rosmaster/install/yahboom_rosmaster_docking:/home/fabian/yahboom_rosmaster/install/yahboom_rosmaster_description:/home/fabian/yahboom_rosmaster/install/yahboom_rosmaster_bringup:/home/fabian/yahboom_rosmaster/install/mecanum_drive_controller:/home/fabian/cartesian_controllers/install/cartesian_compliance_controller:/home/fabian/cartesian_controllers/install/cartesian_motion_controller:/home/fabian/cartesian_controllers/install/cartesian_force_controller:/home/fabian/cartesian_controllers/install/cartesian_controller_utilities:/home/fabian/youbot_ws/install/youbot:/home/fabian/yb_support/urdf_parser_py/install/urdfdom_py:/home/fabian/yb_support/twist_stamper/install/twist_stamper:/home/fabian/yb_support/kdl_parser_py/install/kdl_parser_py:/opt/ros/rolling:/home/fabian/cartesian_controllers/install/cartesian_controller_tests:/home/fabian/cartesian_controllers/install/cartesian_controller_simulation:/home/fabian/cartesian_controllers/install/cartesian_controller_handles:/home/fabian/cartesian_controllers/install/cartesian_controller_base:/home/fabian/ros2_control_demos/example_7/install/ros2_control_demo_example_7:/home/fabian/yb_support/unilidar_sdk2/install/unitree_lidar_ros2:/home/fabian/fixslam/install/geometry_msgs:/home/fabian/fixslam/install/std_msgs:/opt/ros/rolling/opt/gz_sim_vendor:/opt/ros/rolling/opt/gz_sensors_vendor:/opt/ros/rolling/opt/gz_physics_vendor:/opt/ros/rolling/opt/sdformat_vendor:/opt/ros/rolling/opt/gz_gui_vendor:/opt/ros/rolling/opt/gz_transport_vendor:/opt/ros/rolling/opt/gz_rendering_vendor:/opt/ros/rolling/opt/gz_plugin_vendor:/opt/ros/rolling/opt/gz_fuel_tools_vendor:/opt/ros/rolling/opt/gz_msgs_vendor:/opt/ros/rolling/opt/gz_common_vendor:/opt/ros/rolling/opt/gz_math_vendor:/opt/ros/rolling/opt/gz_utils_vendor:/opt/ros/rolling/opt/gz_tools_vendor:/opt/ros/rolling/opt/gz_ogre_next_vendor:/opt/ros/rolling/opt/gz_dartsim_vendor:/opt/ros/rolling/opt/gz_cmake_vendor DEBUGINFOD_URLS=https://debuginfod.ubuntu.com LD_LIBRARY_PATH=/home/fabian/moveit2/install/moveit_setup_framework/lib:/home/fabian/moveit2/install/moveit_ros_visualization/lib:/home/fabian/moveit2/install/moveit_ros_planning_interface/lib:/home/fabian/moveit2/install/moveit_ros_move_group/lib:/home/fabian/moveit2/install/moveit_ros_warehouse/lib:/home/fabian/moveit2/install/moveit_ros_robot_interaction/lib:/home/fabian/moveit2/install/moveit_kinematics/lib:/home/fabian/moveit2/install/moveit_ros_planning/lib:/home/fabian/moveit2/install/moveit_simple_controller_manager/lib:/home/fabian/moveit2/install/moveit_ros_occupancy_map_monitor/lib:/home/fabian/moveit2/install/moveit_core/lib:${LD_LIBRARY_PATH} PATH=/home/fabian/moveit2/install/moveit_core/bin:${PATH} PYTHONPATH=/home/fabian/moveit2/install/moveit_configs_utils/lib/python3.12/site-packages:${PYTHONPATH} /usr/bin/cmake /home/fabian/moveit2/moveit_setup_assistant/moveit_setup_app_plugins -DCMAKE_INSTALL_PREFIX=/home/fabian/moveit2/install/moveit_setup_app_plugins
[46.079s] Invoking command in '/home/fabian/moveit2/build/moveit_setup_app_plugins': AMENT_PREFIX_PATH=/home/fabian/moveit2/install/moveit_setup_framework:/home/fabian/moveit2/install/moveit_ros_visualization:/home/fabian/moveit2/install/moveit_ros_planning_interface:/home/fabian/moveit2/install/moveit_ros_move_group:/home/fabian/moveit2/install/moveit_ros_warehouse:/home/fabian/moveit2/install/moveit_ros_robot_interaction:/home/fabian/moveit2/install/moveit_kinematics:/home/fabian/moveit2/install/moveit_ros_planning:/home/fabian/moveit2/install/moveit_simple_controller_manager:/home/fabian/moveit2/install/moveit_ros_occupancy_map_monitor:/home/fabian/moveit2/install/moveit_core:/home/fabian/moveit2/install/moveit_configs_utils:/home/fabian/moveit2/install/moveit_common:${AMENT_PREFIX_PATH} CMAKE_PREFIX_PATH=/home/fabian/moveit2/install/moveit_setup_framework:/home/fabian/moveit2/install/moveit_ros_visualization:/home/fabian/moveit2/install/moveit_ros_planning_interface:/home/fabian/moveit2/install/moveit_ros_move_group:/home/fabian/moveit2/install/moveit_ros_warehouse:/home/fabian/moveit2/install/moveit_ros_robot_interaction:/home/fabian/moveit2/install/moveit_kinematics:/home/fabian/moveit2/install/moveit_ros_planning:/home/fabian/moveit2/install/moveit_simple_controller_manager:/home/fabian/moveit2/install/moveit_ros_occupancy_map_monitor:/home/fabian/moveit2/install/moveit_core:/home/fabian/moveit2/install/moveit_common:/home/fabian/yb_support/ros_odrive/install/odrive_ros2_control:/home/fabian/yb_support/ros_odrive/install/odrive_can:/home/fabian/yb_support/slam_toolbox/install/slam_toolbox:/home/fabian/yb_support/my_msgs/install/my_msgs:/home/fabian/yb_support/pointcloud_to_laserscan/install/pointcloud_to_laserscan:/home/fabian/yb_support/mecanum_drive_controller/install/mecanum_drive_controller:/home/fabian/ros2_ws/install/ros2_control_demo_example_2:/home/fabian/ros2_ws/install/ros2_control_demo_description:/home/fabian/yahboom_rosmaster/install/yahboom_rosmaster:/home/fabian/yahboom_rosmaster/install/yahboom_rosmaster_system_tests:/home/fabian/yahboom_rosmaster/install/yahboom_rosmaster_navigation:/home/fabian/yahboom_rosmaster/install/yahboom_rosmaster_msgs:/home/fabian/yahboom_rosmaster/install/yahboom_rosmaster_localization:/home/fabian/yahboom_rosmaster/install/yahboom_rosmaster_gazebo:/home/fabian/yahboom_rosmaster/install/yahboom_rosmaster_docking:/home/fabian/yahboom_rosmaster/install/yahboom_rosmaster_description:/home/fabian/yahboom_rosmaster/install/yahboom_rosmaster_bringup:/home/fabian/yahboom_rosmaster/install/mecanum_drive_controller:/home/fabian/cartesian_controllers/install/cartesian_compliance_controller:/home/fabian/cartesian_controllers/install/cartesian_motion_controller:/home/fabian/cartesian_controllers/install/cartesian_force_controller:/home/fabian/cartesian_controllers/install/cartesian_controller_utilities:/home/fabian/youbot_ws/install/youbot:/home/fabian/yb_support/urdf_parser_py/install/urdfdom_py:/home/fabian/yb_support/twist_stamper/install/twist_stamper:/home/fabian/yb_support/kdl_parser_py/install/kdl_parser_py:/opt/ros/rolling:/home/fabian/cartesian_controllers/install/cartesian_controller_tests:/home/fabian/cartesian_controllers/install/cartesian_controller_simulation:/home/fabian/cartesian_controllers/install/cartesian_controller_handles:/home/fabian/cartesian_controllers/install/cartesian_controller_base:/home/fabian/ros2_control_demos/example_7/install/ros2_control_demo_example_7:/home/fabian/yb_support/unilidar_sdk2/install/unitree_lidar_ros2:/home/fabian/fixslam/install/geometry_msgs:/home/fabian/fixslam/install/std_msgs:/opt/ros/rolling/opt/gz_sim_vendor:/opt/ros/rolling/opt/gz_sensors_vendor:/opt/ros/rolling/opt/gz_physics_vendor:/opt/ros/rolling/opt/sdformat_vendor:/opt/ros/rolling/opt/gz_gui_vendor:/opt/ros/rolling/opt/gz_transport_vendor:/opt/ros/rolling/opt/gz_rendering_vendor:/opt/ros/rolling/opt/gz_plugin_vendor:/opt/ros/rolling/opt/gz_fuel_tools_vendor:/opt/ros/rolling/opt/gz_msgs_vendor:/opt/ros/rolling/opt/gz_common_vendor:/opt/ros/rolling/opt/gz_math_vendor:/opt/ros/rolling/opt/gz_utils_vendor:/opt/ros/rolling/opt/gz_tools_vendor:/opt/ros/rolling/opt/gz_ogre_next_vendor:/opt/ros/rolling/opt/gz_dartsim_vendor:/opt/ros/rolling/opt/gz_cmake_vendor DEBUGINFOD_URLS=https://debuginfod.ubuntu.com LD_LIBRARY_PATH=/home/fabian/moveit2/install/moveit_setup_framework/lib:/home/fabian/moveit2/install/moveit_ros_visualization/lib:/home/fabian/moveit2/install/moveit_ros_planning_interface/lib:/home/fabian/moveit2/install/moveit_ros_move_group/lib:/home/fabian/moveit2/install/moveit_ros_warehouse/lib:/home/fabian/moveit2/install/moveit_ros_robot_interaction/lib:/home/fabian/moveit2/install/moveit_kinematics/lib:/home/fabian/moveit2/install/moveit_ros_planning/lib:/home/fabian/moveit2/install/moveit_simple_controller_manager/lib:/home/fabian/moveit2/install/moveit_ros_occupancy_map_monitor/lib:/home/fabian/moveit2/install/moveit_core/lib:${LD_LIBRARY_PATH} PATH=/home/fabian/moveit2/install/moveit_core/bin:${PATH} PYTHONPATH=/home/fabian/moveit2/install/moveit_configs_utils/lib/python3.12/site-packages:${PYTHONPATH} /usr/bin/cmake --build /home/fabian/moveit2/build/moveit_setup_app_plugins -- -j7 -l7
[46.232s] [  0%] Built target moveit_setup_app_plugins_autogen_timestamp_deps
[46.289s] [  0%] Built target gtest_autogen_timestamp_deps
[46.350s] [  3%] [34m[1mAutomatic MOC for target moveit_setup_app_plugins[0m
[46.455s] [  3%] Built target moveit_setup_app_plugins_autogen
[46.524s] [  7%] [34m[1mAutomatic MOC for target gtest[0m
[46.639s] [  7%] Built target gtest_autogen
[46.676s] [ 11%] [34m[1mGenerating include/moveit_setup_app_plugins/moc_perception_widget.cpp[0m
[46.719s] [ 14%] [34m[1mGenerating include/moveit_setup_app_plugins/moc_launches_widget.cpp[0m
[46.812s] [ 18%] [32mBuilding CXX object CMakeFiles/moveit_setup_app_plugins.dir/moveit_setup_app_plugins_autogen/mocs_compilation.cpp.o[0m
[46.874s] [ 22%] [32mBuilding CXX object CMakeFiles/moveit_setup_app_plugins.dir/src/perception_config.cpp.o[0m
[57.991s] [ 25%] [32mBuilding CXX object CMakeFiles/moveit_setup_app_plugins.dir/src/perception.cpp.o[0m
[70.755s] [ 29%] [32mBuilding CXX object CMakeFiles/moveit_setup_app_plugins.dir/src/perception_widget.cpp.o[0m
[88.831s] [ 33%] [32mBuilding CXX object CMakeFiles/moveit_setup_app_plugins.dir/include/moveit_setup_app_plugins/moc_launches_widget.cpp.o[0m
[90.893s] [ 37%] [32mBuilding CXX object CMakeFiles/moveit_setup_app_plugins.dir/src/launches_config.cpp.o[0m
[92.969s] [ 40%] [32mBuilding CXX object CMakeFiles/moveit_setup_app_plugins.dir/src/launches_widget.cpp.o[0m
[141.684s] [ 44%] [32mBuilding CXX object CMakeFiles/moveit_setup_app_plugins.dir/include/moveit_setup_app_plugins/moc_perception_widget.cpp.o[0m
[164.938s] [ 48%] [32mBuilding CXX object CMakeFiles/moveit_setup_app_plugins.dir/src/launches.cpp.o[0m
[173.778s] [ 51%] [32m[1mLinking CXX shared library libmoveit_setup_app_plugins.so[0m
[175.259s] [ 51%] Built target moveit_setup_app_plugins
[175.320s] [ 55%] [32mBuilding CXX object gtest/CMakeFiles/gtest.dir/gtest_autogen/mocs_compilation.cpp.o[0m
[175.376s] [ 59%] [32mBuilding CXX object gtest/CMakeFiles/gtest.dir/src/gtest-all.cc.o[0m
[190.395s] [ 62%] [32m[1mLinking CXX static library libgtest.a[0m
[190.528s] [ 66%] Built target gtest
[190.603s] [ 66%] Built target gtest_main_autogen_timestamp_deps
[190.677s] [ 70%] [34m[1mAutomatic MOC for target gtest_main[0m
[190.793s] [ 70%] Built target gtest_main_autogen
[190.862s] [ 74%] [32mBuilding CXX object gtest/CMakeFiles/gtest_main.dir/gtest_main_autogen/mocs_compilation.cpp.o[0m
[190.924s] [ 77%] [32mBuilding CXX object gtest/CMakeFiles/gtest_main.dir/src/gtest_main.cc.o[0m
[192.658s] [ 81%] [32m[1mLinking CXX static library libgtest_main.a[0m
[192.762s] [ 85%] Built target gtest_main
[192.822s] [ 85%] Built target test_perception_autogen_timestamp_deps
[192.884s] [ 88%] [34m[1mAutomatic MOC for target test_perception[0m
[193.001s] [ 88%] Built target test_perception_autogen
[193.071s] [ 92%] [32mBuilding CXX object CMakeFiles/test_perception.dir/test_perception_autogen/mocs_compilation.cpp.o[0m
[193.139s] [ 96%] [32mBuilding CXX object CMakeFiles/test_perception.dir/test/test_perception.cpp.o[0m
[223.717s] [100%] [32m[1mLinking CXX executable test_perception[0m
[227.281s] [100%] Built target test_perception
[227.379s] Invoked command in '/home/fabian/moveit2/build/moveit_setup_app_plugins' returned '0': AMENT_PREFIX_PATH=/home/fabian/moveit2/install/moveit_setup_framework:/home/fabian/moveit2/install/moveit_ros_visualization:/home/fabian/moveit2/install/moveit_ros_planning_interface:/home/fabian/moveit2/install/moveit_ros_move_group:/home/fabian/moveit2/install/moveit_ros_warehouse:/home/fabian/moveit2/install/moveit_ros_robot_interaction:/home/fabian/moveit2/install/moveit_kinematics:/home/fabian/moveit2/install/moveit_ros_planning:/home/fabian/moveit2/install/moveit_simple_controller_manager:/home/fabian/moveit2/install/moveit_ros_occupancy_map_monitor:/home/fabian/moveit2/install/moveit_core:/home/fabian/moveit2/install/moveit_configs_utils:/home/fabian/moveit2/install/moveit_common:${AMENT_PREFIX_PATH} CMAKE_PREFIX_PATH=/home/fabian/moveit2/install/moveit_setup_framework:/home/fabian/moveit2/install/moveit_ros_visualization:/home/fabian/moveit2/install/moveit_ros_planning_interface:/home/fabian/moveit2/install/moveit_ros_move_group:/home/fabian/moveit2/install/moveit_ros_warehouse:/home/fabian/moveit2/install/moveit_ros_robot_interaction:/home/fabian/moveit2/install/moveit_kinematics:/home/fabian/moveit2/install/moveit_ros_planning:/home/fabian/moveit2/install/moveit_simple_controller_manager:/home/fabian/moveit2/install/moveit_ros_occupancy_map_monitor:/home/fabian/moveit2/install/moveit_core:/home/fabian/moveit2/install/moveit_common:/home/fabian/yb_support/ros_odrive/install/odrive_ros2_control:/home/fabian/yb_support/ros_odrive/install/odrive_can:/home/fabian/yb_support/slam_toolbox/install/slam_toolbox:/home/fabian/yb_support/my_msgs/install/my_msgs:/home/fabian/yb_support/pointcloud_to_laserscan/install/pointcloud_to_laserscan:/home/fabian/yb_support/mecanum_drive_controller/install/mecanum_drive_controller:/home/fabian/ros2_ws/install/ros2_control_demo_example_2:/home/fabian/ros2_ws/install/ros2_control_demo_description:/home/fabian/yahboom_rosmaster/install/yahboom_rosmaster:/home/fabian/yahboom_rosmaster/install/yahboom_rosmaster_system_tests:/home/fabian/yahboom_rosmaster/install/yahboom_rosmaster_navigation:/home/fabian/yahboom_rosmaster/install/yahboom_rosmaster_msgs:/home/fabian/yahboom_rosmaster/install/yahboom_rosmaster_localization:/home/fabian/yahboom_rosmaster/install/yahboom_rosmaster_gazebo:/home/fabian/yahboom_rosmaster/install/yahboom_rosmaster_docking:/home/fabian/yahboom_rosmaster/install/yahboom_rosmaster_description:/home/fabian/yahboom_rosmaster/install/yahboom_rosmaster_bringup:/home/fabian/yahboom_rosmaster/install/mecanum_drive_controller:/home/fabian/cartesian_controllers/install/cartesian_compliance_controller:/home/fabian/cartesian_controllers/install/cartesian_motion_controller:/home/fabian/cartesian_controllers/install/cartesian_force_controller:/home/fabian/cartesian_controllers/install/cartesian_controller_utilities:/home/fabian/youbot_ws/install/youbot:/home/fabian/yb_support/urdf_parser_py/install/urdfdom_py:/home/fabian/yb_support/twist_stamper/install/twist_stamper:/home/fabian/yb_support/kdl_parser_py/install/kdl_parser_py:/opt/ros/rolling:/home/fabian/cartesian_controllers/install/cartesian_controller_tests:/home/fabian/cartesian_controllers/install/cartesian_controller_simulation:/home/fabian/cartesian_controllers/install/cartesian_controller_handles:/home/fabian/cartesian_controllers/install/cartesian_controller_base:/home/fabian/ros2_control_demos/example_7/install/ros2_control_demo_example_7:/home/fabian/yb_support/unilidar_sdk2/install/unitree_lidar_ros2:/home/fabian/fixslam/install/geometry_msgs:/home/fabian/fixslam/install/std_msgs:/opt/ros/rolling/opt/gz_sim_vendor:/opt/ros/rolling/opt/gz_sensors_vendor:/opt/ros/rolling/opt/gz_physics_vendor:/opt/ros/rolling/opt/sdformat_vendor:/opt/ros/rolling/opt/gz_gui_vendor:/opt/ros/rolling/opt/gz_transport_vendor:/opt/ros/rolling/opt/gz_rendering_vendor:/opt/ros/rolling/opt/gz_plugin_vendor:/opt/ros/rolling/opt/gz_fuel_tools_vendor:/opt/ros/rolling/opt/gz_msgs_vendor:/opt/ros/rolling/opt/gz_common_vendor:/opt/ros/rolling/opt/gz_math_vendor:/opt/ros/rolling/opt/gz_utils_vendor:/opt/ros/rolling/opt/gz_tools_vendor:/opt/ros/rolling/opt/gz_ogre_next_vendor:/opt/ros/rolling/opt/gz_dartsim_vendor:/opt/ros/rolling/opt/gz_cmake_vendor DEBUGINFOD_URLS=https://debuginfod.ubuntu.com LD_LIBRARY_PATH=/home/fabian/moveit2/install/moveit_setup_framework/lib:/home/fabian/moveit2/install/moveit_ros_visualization/lib:/home/fabian/moveit2/install/moveit_ros_planning_interface/lib:/home/fabian/moveit2/install/moveit_ros_move_group/lib:/home/fabian/moveit2/install/moveit_ros_warehouse/lib:/home/fabian/moveit2/install/moveit_ros_robot_interaction/lib:/home/fabian/moveit2/install/moveit_kinematics/lib:/home/fabian/moveit2/install/moveit_ros_planning/lib:/home/fabian/moveit2/install/moveit_simple_controller_manager/lib:/home/fabian/moveit2/install/moveit_ros_occupancy_map_monitor/lib:/home/fabian/moveit2/install/moveit_core/lib:${LD_LIBRARY_PATH} PATH=/home/fabian/moveit2/install/moveit_core/bin:${PATH} PYTHONPATH=/home/fabian/moveit2/install/moveit_configs_utils/lib/python3.12/site-packages:${PYTHONPATH} /usr/bin/cmake --build /home/fabian/moveit2/build/moveit_setup_app_plugins -- -j7 -l7
[227.379s] Invoking command in '/home/fabian/moveit2/build/moveit_setup_app_plugins': AMENT_PREFIX_PATH=/home/fabian/moveit2/install/moveit_setup_framework:/home/fabian/moveit2/install/moveit_ros_visualization:/home/fabian/moveit2/install/moveit_ros_planning_interface:/home/fabian/moveit2/install/moveit_ros_move_group:/home/fabian/moveit2/install/moveit_ros_warehouse:/home/fabian/moveit2/install/moveit_ros_robot_interaction:/home/fabian/moveit2/install/moveit_kinematics:/home/fabian/moveit2/install/moveit_ros_planning:/home/fabian/moveit2/install/moveit_simple_controller_manager:/home/fabian/moveit2/install/moveit_ros_occupancy_map_monitor:/home/fabian/moveit2/install/moveit_core:/home/fabian/moveit2/install/moveit_configs_utils:/home/fabian/moveit2/install/moveit_common:${AMENT_PREFIX_PATH} CMAKE_PREFIX_PATH=/home/fabian/moveit2/install/moveit_setup_framework:/home/fabian/moveit2/install/moveit_ros_visualization:/home/fabian/moveit2/install/moveit_ros_planning_interface:/home/fabian/moveit2/install/moveit_ros_move_group:/home/fabian/moveit2/install/moveit_ros_warehouse:/home/fabian/moveit2/install/moveit_ros_robot_interaction:/home/fabian/moveit2/install/moveit_kinematics:/home/fabian/moveit2/install/moveit_ros_planning:/home/fabian/moveit2/install/moveit_simple_controller_manager:/home/fabian/moveit2/install/moveit_ros_occupancy_map_monitor:/home/fabian/moveit2/install/moveit_core:/home/fabian/moveit2/install/moveit_common:/home/fabian/yb_support/ros_odrive/install/odrive_ros2_control:/home/fabian/yb_support/ros_odrive/install/odrive_can:/home/fabian/yb_support/slam_toolbox/install/slam_toolbox:/home/fabian/yb_support/my_msgs/install/my_msgs:/home/fabian/yb_support/pointcloud_to_laserscan/install/pointcloud_to_laserscan:/home/fabian/yb_support/mecanum_drive_controller/install/mecanum_drive_controller:/home/fabian/ros2_ws/install/ros2_control_demo_example_2:/home/fabian/ros2_ws/install/ros2_control_demo_description:/home/fabian/yahboom_rosmaster/install/yahboom_rosmaster:/home/fabian/yahboom_rosmaster/install/yahboom_rosmaster_system_tests:/home/fabian/yahboom_rosmaster/install/yahboom_rosmaster_navigation:/home/fabian/yahboom_rosmaster/install/yahboom_rosmaster_msgs:/home/fabian/yahboom_rosmaster/install/yahboom_rosmaster_localization:/home/fabian/yahboom_rosmaster/install/yahboom_rosmaster_gazebo:/home/fabian/yahboom_rosmaster/install/yahboom_rosmaster_docking:/home/fabian/yahboom_rosmaster/install/yahboom_rosmaster_description:/home/fabian/yahboom_rosmaster/install/yahboom_rosmaster_bringup:/home/fabian/yahboom_rosmaster/install/mecanum_drive_controller:/home/fabian/cartesian_controllers/install/cartesian_compliance_controller:/home/fabian/cartesian_controllers/install/cartesian_motion_controller:/home/fabian/cartesian_controllers/install/cartesian_force_controller:/home/fabian/cartesian_controllers/install/cartesian_controller_utilities:/home/fabian/youbot_ws/install/youbot:/home/fabian/yb_support/urdf_parser_py/install/urdfdom_py:/home/fabian/yb_support/twist_stamper/install/twist_stamper:/home/fabian/yb_support/kdl_parser_py/install/kdl_parser_py:/opt/ros/rolling:/home/fabian/cartesian_controllers/install/cartesian_controller_tests:/home/fabian/cartesian_controllers/install/cartesian_controller_simulation:/home/fabian/cartesian_controllers/install/cartesian_controller_handles:/home/fabian/cartesian_controllers/install/cartesian_controller_base:/home/fabian/ros2_control_demos/example_7/install/ros2_control_demo_example_7:/home/fabian/yb_support/unilidar_sdk2/install/unitree_lidar_ros2:/home/fabian/fixslam/install/geometry_msgs:/home/fabian/fixslam/install/std_msgs:/opt/ros/rolling/opt/gz_sim_vendor:/opt/ros/rolling/opt/gz_sensors_vendor:/opt/ros/rolling/opt/gz_physics_vendor:/opt/ros/rolling/opt/sdformat_vendor:/opt/ros/rolling/opt/gz_gui_vendor:/opt/ros/rolling/opt/gz_transport_vendor:/opt/ros/rolling/opt/gz_rendering_vendor:/opt/ros/rolling/opt/gz_plugin_vendor:/opt/ros/rolling/opt/gz_fuel_tools_vendor:/opt/ros/rolling/opt/gz_msgs_vendor:/opt/ros/rolling/opt/gz_common_vendor:/opt/ros/rolling/opt/gz_math_vendor:/opt/ros/rolling/opt/gz_utils_vendor:/opt/ros/rolling/opt/gz_tools_vendor:/opt/ros/rolling/opt/gz_ogre_next_vendor:/opt/ros/rolling/opt/gz_dartsim_vendor:/opt/ros/rolling/opt/gz_cmake_vendor DEBUGINFOD_URLS=https://debuginfod.ubuntu.com LD_LIBRARY_PATH=/home/fabian/moveit2/install/moveit_setup_framework/lib:/home/fabian/moveit2/install/moveit_ros_visualization/lib:/home/fabian/moveit2/install/moveit_ros_planning_interface/lib:/home/fabian/moveit2/install/moveit_ros_move_group/lib:/home/fabian/moveit2/install/moveit_ros_warehouse/lib:/home/fabian/moveit2/install/moveit_ros_robot_interaction/lib:/home/fabian/moveit2/install/moveit_kinematics/lib:/home/fabian/moveit2/install/moveit_ros_planning/lib:/home/fabian/moveit2/install/moveit_simple_controller_manager/lib:/home/fabian/moveit2/install/moveit_ros_occupancy_map_monitor/lib:/home/fabian/moveit2/install/moveit_core/lib:${LD_LIBRARY_PATH} PATH=/home/fabian/moveit2/install/moveit_core/bin:${PATH} PYTHONPATH=/home/fabian/moveit2/install/moveit_configs_utils/lib/python3.12/site-packages:${PYTHONPATH} /usr/bin/cmake --install /home/fabian/moveit2/build/moveit_setup_app_plugins
[227.435s] -- Install configuration: "Release"
[227.435s] -- Installing: /home/fabian/moveit2/install/moveit_setup_app_plugins/share/moveit_setup_app_plugins/templates
[227.439s] -- Installing: /home/fabian/moveit2/install/moveit_setup_app_plugins/share/moveit_setup_app_plugins/templates/config
[227.445s] -- Installing: /home/fabian/moveit2/install/moveit_setup_app_plugins/share/moveit_setup_app_plugins/templates/config/moveit.rviz
[227.445s] -- Installing: /home/fabian/moveit2/install/moveit_setup_app_plugins/share/moveit_setup_app_plugins/templates/config/sensors_3d.yaml
[227.445s] -- Installing: /home/fabian/moveit2/install/moveit_setup_app_plugins/share/moveit_setup_app_plugins/templates/launch
[227.445s] -- Installing: /home/fabian/moveit2/install/moveit_setup_app_plugins/share/moveit_setup_app_plugins/templates/launch/generic.launch.py.template
[227.445s] -- Installing: /home/fabian/moveit2/install/moveit_setup_app_plugins/lib/libmoveit_setup_app_plugins.so
[227.449s] -- Set non-toolchain portion of runtime path of "/home/fabian/moveit2/install/moveit_setup_app_plugins/lib/libmoveit_setup_app_plugins.so" to ""
[227.449s] -- Installing: /home/fabian/moveit2/install/moveit_setup_app_plugins/share/moveit_setup_app_plugins/moveit_setup_framework_plugins.xml
[227.449s] -- Installing: /home/fabian/moveit2/install/moveit_setup_app_plugins/include/moveit_setup_app_plugins
[227.449s] -- Installing: /home/fabian/moveit2/install/moveit_setup_app_plugins/include/moveit_setup_app_plugins/moveit_setup_app_plugins
[227.450s] -- Installing: /home/fabian/moveit2/install/moveit_setup_app_plugins/include/moveit_setup_app_plugins/moveit_setup_app_plugins/launches.h
[227.450s] -- Installing: /home/fabian/moveit2/install/moveit_setup_app_plugins/include/moveit_setup_app_plugins/moveit_setup_app_plugins/perception_widget.hpp
[227.450s] -- Installing: /home/fabian/moveit2/install/moveit_setup_app_plugins/include/moveit_setup_app_plugins/moveit_setup_app_plugins/perception.hpp
[227.451s] -- Installing: /home/fabian/moveit2/install/moveit_setup_app_plugins/include/moveit_setup_app_plugins/moveit_setup_app_plugins/perception_config.h
[227.451s] -- Installing: /home/fabian/moveit2/install/moveit_setup_app_plugins/include/moveit_setup_app_plugins/moveit_setup_app_plugins/launch_bundle.h
[227.451s] -- Installing: /home/fabian/moveit2/install/moveit_setup_app_plugins/include/moveit_setup_app_plugins/moveit_setup_app_plugins/perception_config.hpp
[227.456s] -- Installing: /home/fabian/moveit2/install/moveit_setup_app_plugins/include/moveit_setup_app_plugins/moveit_setup_app_plugins/launches_widget.hpp
[227.457s] -- Installing: /home/fabian/moveit2/install/moveit_setup_app_plugins/include/moveit_setup_app_plugins/moveit_setup_app_plugins/launch_bundle.hpp
[227.457s] -- Installing: /home/fabian/moveit2/install/moveit_setup_app_plugins/include/moveit_setup_app_plugins/moveit_setup_app_plugins/launches_config.h
[227.457s] -- Installing: /home/fabian/moveit2/install/moveit_setup_app_plugins/include/moveit_setup_app_plugins/moveit_setup_app_plugins/launches_config.hpp
[227.457s] -- Installing: /home/fabian/moveit2/install/moveit_setup_app_plugins/include/moveit_setup_app_plugins/moveit_setup_app_plugins/launches_widget.h
[227.458s] -- Installing: /home/fabian/moveit2/install/moveit_setup_app_plugins/include/moveit_setup_app_plugins/moveit_setup_app_plugins/perception_widget.h
[227.458s] -- Installing: /home/fabian/moveit2/install/moveit_setup_app_plugins/include/moveit_setup_app_plugins/moveit_setup_app_plugins/perception.h
[227.458s] -- Installing: /home/fabian/moveit2/install/moveit_setup_app_plugins/include/moveit_setup_app_plugins/moveit_setup_app_plugins/launches.hpp
[227.458s] -- Installing: /home/fabian/moveit2/install/moveit_setup_app_plugins/share/moveit_setup_app_plugins/environment/library_path.sh
[227.464s] -- Installing: /home/fabian/moveit2/install/moveit_setup_app_plugins/share/moveit_setup_app_plugins/environment/library_path.dsv
[227.464s] -- Up-to-date: /home/fabian/moveit2/install/moveit_setup_app_plugins/share/moveit_setup_app_plugins/moveit_setup_framework_plugins.xml
[227.465s] -- Installing: /home/fabian/moveit2/install/moveit_setup_app_plugins/share/ament_index/resource_index/package_run_dependencies/moveit_setup_app_plugins
[227.465s] -- Installing: /home/fabian/moveit2/install/moveit_setup_app_plugins/share/ament_index/resource_index/parent_prefix_path/moveit_setup_app_plugins
[227.465s] -- Installing: /home/fabian/moveit2/install/moveit_setup_app_plugins/share/moveit_setup_app_plugins/environment/ament_prefix_path.sh
[227.465s] -- Installing: /home/fabian/moveit2/install/moveit_setup_app_plugins/share/moveit_setup_app_plugins/environment/ament_prefix_path.dsv
[227.465s] -- Installing: /home/fabian/moveit2/install/moveit_setup_app_plugins/share/moveit_setup_app_plugins/environment/path.sh
[227.465s] -- Installing: /home/fabian/moveit2/install/moveit_setup_app_plugins/share/moveit_setup_app_plugins/environment/path.dsv
[227.465s] -- Installing: /home/fabian/moveit2/install/moveit_setup_app_plugins/share/moveit_setup_app_plugins/local_setup.bash
[227.465s] -- Installing: /home/fabian/moveit2/install/moveit_setup_app_plugins/share/moveit_setup_app_plugins/local_setup.sh
[227.465s] -- Installing: /home/fabian/moveit2/install/moveit_setup_app_plugins/share/moveit_setup_app_plugins/local_setup.zsh
[227.465s] -- Installing: /home/fabian/moveit2/install/moveit_setup_app_plugins/share/moveit_setup_app_plugins/local_setup.dsv
[227.466s] -- Installing: /home/fabian/moveit2/install/moveit_setup_app_plugins/share/moveit_setup_app_plugins/package.dsv
[227.466s] -- Installing: /home/fabian/moveit2/install/moveit_setup_app_plugins/share/ament_index/resource_index/packages/moveit_setup_app_plugins
[227.466s] -- Installing: /home/fabian/moveit2/install/moveit_setup_app_plugins/share/ament_index/resource_index/moveit_setup_framework__pluginlib__plugin/moveit_setup_app_plugins
[227.467s] -- Installing: /home/fabian/moveit2/install/moveit_setup_app_plugins/share/moveit_setup_app_plugins/cmake/moveit_setup_app_pluginsTargetsExport.cmake
[227.468s] -- Installing: /home/fabian/moveit2/install/moveit_setup_app_plugins/share/moveit_setup_app_plugins/cmake/moveit_setup_app_pluginsTargetsExport-release.cmake
[227.468s] -- Installing: /home/fabian/moveit2/install/moveit_setup_app_plugins/share/moveit_setup_app_plugins/cmake/ament_cmake_export_targets-extras.cmake
[227.469s] -- Installing: /home/fabian/moveit2/install/moveit_setup_app_plugins/share/moveit_setup_app_plugins/cmake/moveit_setup_app_pluginsConfig.cmake
[227.469s] -- Installing: /home/fabian/moveit2/install/moveit_setup_app_plugins/share/moveit_setup_app_plugins/cmake/moveit_setup_app_pluginsConfig-version.cmake
[227.469s] -- Installing: /home/fabian/moveit2/install/moveit_setup_app_plugins/share/moveit_setup_app_plugins/package.xml
[227.473s] Invoked command in '/home/fabian/moveit2/build/moveit_setup_app_plugins' returned '0': AMENT_PREFIX_PATH=/home/fabian/moveit2/install/moveit_setup_framework:/home/fabian/moveit2/install/moveit_ros_visualization:/home/fabian/moveit2/install/moveit_ros_planning_interface:/home/fabian/moveit2/install/moveit_ros_move_group:/home/fabian/moveit2/install/moveit_ros_warehouse:/home/fabian/moveit2/install/moveit_ros_robot_interaction:/home/fabian/moveit2/install/moveit_kinematics:/home/fabian/moveit2/install/moveit_ros_planning:/home/fabian/moveit2/install/moveit_simple_controller_manager:/home/fabian/moveit2/install/moveit_ros_occupancy_map_monitor:/home/fabian/moveit2/install/moveit_core:/home/fabian/moveit2/install/moveit_configs_utils:/home/fabian/moveit2/install/moveit_common:${AMENT_PREFIX_PATH} CMAKE_PREFIX_PATH=/home/fabian/moveit2/install/moveit_setup_framework:/home/fabian/moveit2/install/moveit_ros_visualization:/home/fabian/moveit2/install/moveit_ros_planning_interface:/home/fabian/moveit2/install/moveit_ros_move_group:/home/fabian/moveit2/install/moveit_ros_warehouse:/home/fabian/moveit2/install/moveit_ros_robot_interaction:/home/fabian/moveit2/install/moveit_kinematics:/home/fabian/moveit2/install/moveit_ros_planning:/home/fabian/moveit2/install/moveit_simple_controller_manager:/home/fabian/moveit2/install/moveit_ros_occupancy_map_monitor:/home/fabian/moveit2/install/moveit_core:/home/fabian/moveit2/install/moveit_common:/home/fabian/yb_support/ros_odrive/install/odrive_ros2_control:/home/fabian/yb_support/ros_odrive/install/odrive_can:/home/fabian/yb_support/slam_toolbox/install/slam_toolbox:/home/fabian/yb_support/my_msgs/install/my_msgs:/home/fabian/yb_support/pointcloud_to_laserscan/install/pointcloud_to_laserscan:/home/fabian/yb_support/mecanum_drive_controller/install/mecanum_drive_controller:/home/fabian/ros2_ws/install/ros2_control_demo_example_2:/home/fabian/ros2_ws/install/ros2_control_demo_description:/home/fabian/yahboom_rosmaster/install/yahboom_rosmaster:/home/fabian/yahboom_rosmaster/install/yahboom_rosmaster_system_tests:/home/fabian/yahboom_rosmaster/install/yahboom_rosmaster_navigation:/home/fabian/yahboom_rosmaster/install/yahboom_rosmaster_msgs:/home/fabian/yahboom_rosmaster/install/yahboom_rosmaster_localization:/home/fabian/yahboom_rosmaster/install/yahboom_rosmaster_gazebo:/home/fabian/yahboom_rosmaster/install/yahboom_rosmaster_docking:/home/fabian/yahboom_rosmaster/install/yahboom_rosmaster_description:/home/fabian/yahboom_rosmaster/install/yahboom_rosmaster_bringup:/home/fabian/yahboom_rosmaster/install/mecanum_drive_controller:/home/fabian/cartesian_controllers/install/cartesian_compliance_controller:/home/fabian/cartesian_controllers/install/cartesian_motion_controller:/home/fabian/cartesian_controllers/install/cartesian_force_controller:/home/fabian/cartesian_controllers/install/cartesian_controller_utilities:/home/fabian/youbot_ws/install/youbot:/home/fabian/yb_support/urdf_parser_py/install/urdfdom_py:/home/fabian/yb_support/twist_stamper/install/twist_stamper:/home/fabian/yb_support/kdl_parser_py/install/kdl_parser_py:/opt/ros/rolling:/home/fabian/cartesian_controllers/install/cartesian_controller_tests:/home/fabian/cartesian_controllers/install/cartesian_controller_simulation:/home/fabian/cartesian_controllers/install/cartesian_controller_handles:/home/fabian/cartesian_controllers/install/cartesian_controller_base:/home/fabian/ros2_control_demos/example_7/install/ros2_control_demo_example_7:/home/fabian/yb_support/unilidar_sdk2/install/unitree_lidar_ros2:/home/fabian/fixslam/install/geometry_msgs:/home/fabian/fixslam/install/std_msgs:/opt/ros/rolling/opt/gz_sim_vendor:/opt/ros/rolling/opt/gz_sensors_vendor:/opt/ros/rolling/opt/gz_physics_vendor:/opt/ros/rolling/opt/sdformat_vendor:/opt/ros/rolling/opt/gz_gui_vendor:/opt/ros/rolling/opt/gz_transport_vendor:/opt/ros/rolling/opt/gz_rendering_vendor:/opt/ros/rolling/opt/gz_plugin_vendor:/opt/ros/rolling/opt/gz_fuel_tools_vendor:/opt/ros/rolling/opt/gz_msgs_vendor:/opt/ros/rolling/opt/gz_common_vendor:/opt/ros/rolling/opt/gz_math_vendor:/opt/ros/rolling/opt/gz_utils_vendor:/opt/ros/rolling/opt/gz_tools_vendor:/opt/ros/rolling/opt/gz_ogre_next_vendor:/opt/ros/rolling/opt/gz_dartsim_vendor:/opt/ros/rolling/opt/gz_cmake_vendor DEBUGINFOD_URLS=https://debuginfod.ubuntu.com LD_LIBRARY_PATH=/home/fabian/moveit2/install/moveit_setup_framework/lib:/home/fabian/moveit2/install/moveit_ros_visualization/lib:/home/fabian/moveit2/install/moveit_ros_planning_interface/lib:/home/fabian/moveit2/install/moveit_ros_move_group/lib:/home/fabian/moveit2/install/moveit_ros_warehouse/lib:/home/fabian/moveit2/install/moveit_ros_robot_interaction/lib:/home/fabian/moveit2/install/moveit_kinematics/lib:/home/fabian/moveit2/install/moveit_ros_planning/lib:/home/fabian/moveit2/install/moveit_simple_controller_manager/lib:/home/fabian/moveit2/install/moveit_ros_occupancy_map_monitor/lib:/home/fabian/moveit2/install/moveit_core/lib:${LD_LIBRARY_PATH} PATH=/home/fabian/moveit2/install/moveit_core/bin:${PATH} PYTHONPATH=/home/fabian/moveit2/install/moveit_configs_utils/lib/python3.12/site-packages:${PYTHONPATH} /usr/bin/cmake --install /home/fabian/moveit2/build/moveit_setup_app_plugins
