-- The CXX compiler identification is GNU 13.3.0
-- Detecting CXX compiler ABI info
-- Detecting CXX compiler ABI info - done
-- Check for working CXX compiler: /usr/bin/c++ - skipped
-- Detecting CXX compile features
-- Detecting CXX compile features - done
-- Found moveit_common: 2.14.0 (/home/fabian/moveit2/install/moveit_common/share/moveit_common/cmake)
-- Found ament_cmake: 2.8.4 (/opt/ros/rolling/share/ament_cmake/cmake)
-- Found Python3: /usr/bin/python3 (found version "3.12.3") found components: Interpreter 
-- Found class_loader: 2.9.0 (/opt/ros/rolling/share/class_loader/cmake)
-- Found geometric_shapes: 2.3.3 (/opt/ros/rolling/share/geometric_shapes/cmake)
-- Found rosidl_generator_c: 5.0.1 (/opt/ros/rolling/share/rosidl_generator_c/cmake)
-- Found rosidl_generator_cpp: 5.0.1 (/opt/ros/rolling/share/rosidl_generator_cpp/cmake)
-- Using all available rosidl_typesupport_c: rosidl_typesupport_fastrtps_c;rosidl_typesupport_introspection_c
-- Using all available rosidl_typesupport_cpp: rosidl_typesupport_fastrtps_cpp;rosidl_typesupport_introspection_cpp
-- Found Boost: /usr/lib/x86_64-linux-gnu/cmake/Boost-1.83.0/BoostConfig.cmake (found version "1.83.0") found components: random 
-- Found rmw_implementation_cmake: 7.9.0 (/opt/ros/rolling/share/rmw_implementation_cmake/cmake)
-- Found rmw_fastrtps_cpp: 9.4.2 (/opt/ros/rolling/share/rmw_fastrtps_cpp/cmake)
-- Found OpenSSL: /usr/lib/x86_64-linux-gnu/libcrypto.so (found version "3.0.13")  
-- Using RMW implementation 'rmw_fastrtps_cpp' as default
-- Found interactive_markers: 2.8.0 (/opt/ros/rolling/share/interactive_markers/cmake)
-- Found moveit_ros_planning: 2.14.0 (/home/fabian/moveit2/install/moveit_ros_planning/share/moveit_ros_planning/cmake)
-- Found Boost: /usr/lib/x86_64-linux-gnu/cmake/Boost-1.83.0/BoostConfig.cmake (found version "1.83.0") found components: system filesystem date_time program_options thread chrono 
-- Found parameter_traits: 0.5.0 (/opt/ros/rolling/share/parameter_traits/cmake)
-- Found rclcpp_lifecycle: 30.1.0 (/opt/ros/rolling/share/rclcpp_lifecycle/cmake)
-- Found Boost: /usr/lib/x86_64-linux-gnu/cmake/Boost-1.83.0/BoostConfig.cmake (found version "1.83.0") found components: chrono date_time filesystem iostreams program_options regex serialization system thread 
-- Found Eigen3: TRUE (found version "3.4.0") 
-- Ensuring Eigen3 include directory is part of orocos-kdl CMake target
-- Found moveit_ros_planning_interface: 2.14.0 (/home/fabian/moveit2/install/moveit_ros_planning_interface/share/moveit_ros_planning_interface/cmake)
-- Found Boost: /usr/lib/x86_64-linux-gnu/cmake/Boost-1.83.0/BoostConfig.cmake (found version "1.83.0") found components: date_time filesystem program_options system thread 
-- Found Boost: /usr/lib/x86_64-linux-gnu/cmake/Boost-1.83.0/BoostConfig.cmake (found version "1.83.0") found components: thread system filesystem regex date_time program_options 
-- Found Boost: /usr/lib/x86_64-linux-gnu/cmake/Boost-1.83.0/BoostConfig.cmake (found version "1.83.0") found components: system filesystem date_time program_options thread 
-- Found moveit_ros_robot_interaction: 2.14.0 (/home/fabian/moveit2/install/moveit_ros_robot_interaction/share/moveit_ros_robot_interaction/cmake)
-- Found rclpy: 10.0.0 (/opt/ros/rolling/share/rclpy/cmake)
-- Found rviz2: 15.1.7 (/opt/ros/rolling/share/rviz2/cmake)
-- Found rviz_common: 15.1.7 (/opt/ros/rolling/share/rviz_common/cmake)
-- Setting OGRE_DIR to: '/opt/ros/rolling/share/rviz_ogre_vendor/cmake/../../../opt/rviz_ogre_vendor/lib/OGRE/cmake'
-- Found OGRE
--   static     : OFF
--   components : MeshLodGenerator;Overlay;Paging;Property;RTShaderSystem;Terrain;Volume
--   plugins    : Plugin_BSPSceneManager;Plugin_OctreeSceneManager;Plugin_PCZSceneManager;Plugin_ParticleFX;RenderSystem_GL;RenderSystem_GL3Plus;Codec_STBI
--   media      : /opt/ros/rolling/opt/rviz_ogre_vendor/share/OGRE/Media
-- OGRE_LIBRARIES: OgreMeshLodGenerator;OgreOverlay;OgrePaging;OgreProperty;OgreRTShaderSystem;OgreTerrain;OgreVolume;OgreMain
-- OGRE_LIBRARY_DIRS: /opt/ros/rolling/opt/rviz_ogre_vendor/lib
-- OGRE_PLUGINS: Plugin_BSPSceneManager;Plugin_OctreeSceneManager;Plugin_PCZSceneManager;Plugin_ParticleFX;RenderSystem_GL;RenderSystem_GL3Plus;Codec_STBI
-- OGRE_PLUGIN_DIR: /opt/ros/rolling/opt/rviz_ogre_vendor/lib/OGRE
-- rviz_ogre_vendor::OgreOverlay for IMPORTED_LOCATION_RELEASE: /opt/ros/rolling/opt/rviz_ogre_vendor/lib/libOgreOverlay.so
-- rviz_ogre_vendor::OgreOverlay for IMPORTED_LOCATION_DEBUG: /opt/ros/rolling/opt/rviz_ogre_vendor/lib/libOgreOverlay.so
-- rviz_ogre_vendor::OgreMain for IMPORTED_LOCATION_RELEASE: /opt/ros/rolling/opt/rviz_ogre_vendor/lib/libOgreMain.so
-- rviz_ogre_vendor::OgreMain for IMPORTED_LOCATION_DEBUG: /opt/ros/rolling/opt/rviz_ogre_vendor/lib/libOgreMain.so
-- Found ZLIB: /usr/lib/x86_64-linux-gnu/libz.so (found version "1.3")  
-- Found OpenGL: /usr/lib/x86_64-linux-gnu/libOpenGL.so   
-- Found X11: /usr/include   
-- Looking for XOpenDisplay in /usr/lib/x86_64-linux-gnu/libX11.so;/usr/lib/x86_64-linux-gnu/libXext.so
-- Looking for XOpenDisplay in /usr/lib/x86_64-linux-gnu/libX11.so;/usr/lib/x86_64-linux-gnu/libXext.so - found
-- Looking for gethostbyname
-- Looking for gethostbyname - found
-- Looking for connect
-- Looking for connect - found
-- Looking for remove
-- Looking for remove - found
-- Looking for shmat
-- Looking for shmat - found
-- Looking for IceConnectionNumber in ICE
-- Looking for IceConnectionNumber in ICE - found
-- Setting yaml-cpp_DIR to: '/opt/ros/rolling/share/yaml_cpp_vendor/cmake/../../../opt/yaml_cpp_vendor/share/cmake/yaml-cpp'
-- Found rviz_default_plugins: 15.1.7 (/opt/ros/rolling/share/rviz_default_plugins/cmake)
-- Found Boost: /usr/lib/x86_64-linux-gnu/cmake/Boost-1.83.0/BoostConfig.cmake (found version "1.83.0") found components: thread date_time system filesystem 
-- Performing Test COMPILER_HAS_HIDDEN_VISIBILITY
-- Performing Test COMPILER_HAS_HIDDEN_VISIBILITY - Success
-- Performing Test COMPILER_HAS_HIDDEN_INLINE_VISIBILITY
-- Performing Test COMPILER_HAS_HIDDEN_INLINE_VISIBILITY - Success
-- Performing Test COMPILER_HAS_DEPRECATED_ATTR
-- Performing Test COMPILER_HAS_DEPRECATED_ATTR - Success
-- Configuring done (45.3s)
-- Generating done (0.8s)
-- Build files have been written to: /home/fabian/moveit2/build/moveit_ros_visualization
[  0%] Built target moveit_rviz_plugin_render_tools_autogen_timestamp_deps
[  1%] [34m[1mAutomatic MOC for target moveit_rviz_plugin_render_tools[0m
[  1%] Built target moveit_rviz_plugin_render_tools_autogen
[  3%] [32mBuilding CXX object rviz_plugin_render_tools/CMakeFiles/moveit_rviz_plugin_render_tools.dir/moveit_rviz_plugin_render_tools_autogen/mocs_compilation.cpp.o[0m
[  5%] [32mBuilding CXX object rviz_plugin_render_tools/CMakeFiles/moveit_rviz_plugin_render_tools.dir/src/trajectory_visualization.cpp.o[0m
[  6%] [32mBuilding CXX object rviz_plugin_render_tools/CMakeFiles/moveit_rviz_plugin_render_tools.dir/src/trajectory_panel.cpp.o[0m
[  8%] [32mBuilding CXX object rviz_plugin_render_tools/CMakeFiles/moveit_rviz_plugin_render_tools.dir/src/octomap_render.cpp.o[0m
[ 10%] [32mBuilding CXX object rviz_plugin_render_tools/CMakeFiles/moveit_rviz_plugin_render_tools.dir/src/planning_link_updater.cpp.o[0m
[ 12%] [32mBuilding CXX object rviz_plugin_render_tools/CMakeFiles/moveit_rviz_plugin_render_tools.dir/src/planning_scene_render.cpp.o[0m
[ 13%] [32mBuilding CXX object rviz_plugin_render_tools/CMakeFiles/moveit_rviz_plugin_render_tools.dir/src/robot_state_visualization.cpp.o[0m
[ 15%] [32mBuilding CXX object rviz_plugin_render_tools/CMakeFiles/moveit_rviz_plugin_render_tools.dir/src/mesh_shape.cpp.o[0m
[ 17%] [32mBuilding CXX object rviz_plugin_render_tools/CMakeFiles/moveit_rviz_plugin_render_tools.dir/src/render_shapes.cpp.o[0m
[ 18%] [32m[1mLinking CXX shared library libmoveit_rviz_plugin_render_tools.so[0m
[ 18%] Built target moveit_rviz_plugin_render_tools
[ 18%] Built target moveit_planning_scene_rviz_plugin_core_autogen_timestamp_deps
[ 18%] Built target moveit_robot_state_rviz_plugin_core_autogen_timestamp_deps
[ 20%] [34m[1mAutomatic MOC for target moveit_planning_scene_rviz_plugin_core[0m
[ 22%] [34m[1mAutomatic MOC for target moveit_robot_state_rviz_plugin_core[0m
[ 22%] Built target moveit_robot_state_rviz_plugin_core_autogen
[ 24%] [32mBuilding CXX object robot_state_rviz_plugin/CMakeFiles/moveit_robot_state_rviz_plugin_core.dir/src/robot_state_display.cpp.o[0m
[ 25%] [32mBuilding CXX object robot_state_rviz_plugin/CMakeFiles/moveit_robot_state_rviz_plugin_core.dir/moveit_robot_state_rviz_plugin_core_autogen/mocs_compilation.cpp.o[0m
[ 25%] Built target moveit_planning_scene_rviz_plugin_core_autogen
[ 27%] [32mBuilding CXX object planning_scene_rviz_plugin/CMakeFiles/moveit_planning_scene_rviz_plugin_core.dir/moveit_planning_scene_rviz_plugin_core_autogen/mocs_compilation.cpp.o[0m
[ 29%] [32mBuilding CXX object planning_scene_rviz_plugin/CMakeFiles/moveit_planning_scene_rviz_plugin_core.dir/src/background_processing.cpp.o[0m
[ 31%] [32mBuilding CXX object planning_scene_rviz_plugin/CMakeFiles/moveit_planning_scene_rviz_plugin_core.dir/src/planning_scene_display.cpp.o[0m
[ 32%] [32m[1mLinking CXX shared library libmoveit_planning_scene_rviz_plugin_core.so[0m
[ 32%] Built target moveit_planning_scene_rviz_plugin_core
[ 34%] [32m[1mLinking CXX shared library libmoveit_robot_state_rviz_plugin_core.so[0m
[ 34%] Built target moveit_robot_state_rviz_plugin_core
[ 34%] Built target moveit_trajectory_rviz_plugin_core_autogen_timestamp_deps
[ 34%] Built target moveit_robot_state_rviz_plugin_autogen_timestamp_deps
[ 36%] [34m[1mAutomatic MOC for target moveit_trajectory_rviz_plugin_core[0m
[ 36%] Built target moveit_trajectory_rviz_plugin_core_autogen
[ 37%] [34m[1mAutomatic MOC for target moveit_robot_state_rviz_plugin[0m
[ 37%] Built target moveit_robot_state_rviz_plugin_autogen
[ 39%] [32mBuilding CXX object trajectory_rviz_plugin/CMakeFiles/moveit_trajectory_rviz_plugin_core.dir/moveit_trajectory_rviz_plugin_core_autogen/mocs_compilation.cpp.o[0m
[ 41%] [32mBuilding CXX object trajectory_rviz_plugin/CMakeFiles/moveit_trajectory_rviz_plugin_core.dir/src/trajectory_display.cpp.o[0m
[ 43%] [32m[1mLinking CXX shared library libmoveit_trajectory_rviz_plugin_core.so[0m
[ 43%] Built target moveit_trajectory_rviz_plugin_core
[ 44%] [32mBuilding CXX object robot_state_rviz_plugin/CMakeFiles/moveit_robot_state_rviz_plugin.dir/moveit_robot_state_rviz_plugin_autogen/mocs_compilation.cpp.o[0m
[ 46%] [32mBuilding CXX object robot_state_rviz_plugin/CMakeFiles/moveit_robot_state_rviz_plugin.dir/src/plugin_init.cpp.o[0m
[ 48%] [32m[1mLinking CXX shared library libmoveit_robot_state_rviz_plugin.so[0m
[ 48%] Built target moveit_robot_state_rviz_plugin
[ 48%] Built target moveit_planning_scene_rviz_plugin_autogen_timestamp_deps
[ 48%] Built target moveit_trajectory_rviz_plugin_autogen_timestamp_deps
[ 50%] [34m[1mAutomatic MOC for target moveit_planning_scene_rviz_plugin[0m
[ 51%] [34m[1mAutomatic MOC for target moveit_trajectory_rviz_plugin[0m
[ 51%] Built target moveit_trajectory_rviz_plugin_autogen
[ 51%] Built target moveit_planning_scene_rviz_plugin_autogen
[ 53%] [32mBuilding CXX object trajectory_rviz_plugin/CMakeFiles/moveit_trajectory_rviz_plugin.dir/moveit_trajectory_rviz_plugin_autogen/mocs_compilation.cpp.o[0m
[ 56%] [32mBuilding CXX object planning_scene_rviz_plugin/CMakeFiles/moveit_planning_scene_rviz_plugin.dir/moveit_planning_scene_rviz_plugin_autogen/mocs_compilation.cpp.o[0m
[ 56%] [32mBuilding CXX object trajectory_rviz_plugin/CMakeFiles/moveit_trajectory_rviz_plugin.dir/src/plugin_init.cpp.o[0m
[ 58%] [32mBuilding CXX object planning_scene_rviz_plugin/CMakeFiles/moveit_planning_scene_rviz_plugin.dir/src/plugin_init.cpp.o[0m
[ 60%] [32m[1mLinking CXX shared library libmoveit_trajectory_rviz_plugin.so[0m
[ 60%] Built target moveit_trajectory_rviz_plugin
[ 62%] [32m[1mLinking CXX shared library libmoveit_planning_scene_rviz_plugin.so[0m
[ 62%] Built target moveit_planning_scene_rviz_plugin
[ 62%] Built target moveit_motion_planning_rviz_plugin_core_autogen_timestamp_deps
[ 63%] [34m[1mAutomatic MOC for target moveit_motion_planning_rviz_plugin_core[0m
[ 63%] Built target moveit_motion_planning_rviz_plugin_core_autogen
[ 65%] [34m[1mGenerating ui_motion_planning_rviz_plugin_frame.h[0m
[ 68%] [34m[1mAutomatic RCC for src/icons/icons.qrc[0m
[ 68%] [34m[1mGenerating ui_motion_planning_rviz_plugin_frame_joints.h[0m
[ 70%] [32mBuilding CXX object motion_planning_rviz_plugin/CMakeFiles/moveit_motion_planning_rviz_plugin_core.dir/src/motion_planning_frame.cpp.o[0m
[ 72%] [32mBuilding CXX object motion_planning_rviz_plugin/CMakeFiles/moveit_motion_planning_rviz_plugin_core.dir/src/motion_planning_frame_planning.cpp.o[0m
[ 74%] [32mBuilding CXX object motion_planning_rviz_plugin/CMakeFiles/moveit_motion_planning_rviz_plugin_core.dir/src/motion_planning_frame_states.cpp.o[0m
[ 75%] [32mBuilding CXX object motion_planning_rviz_plugin/CMakeFiles/moveit_motion_planning_rviz_plugin_core.dir/src/motion_planning_frame_context.cpp.o[0m
[ 77%] [32mBuilding CXX object motion_planning_rviz_plugin/CMakeFiles/moveit_motion_planning_rviz_plugin_core.dir/moveit_motion_planning_rviz_plugin_core_autogen/mocs_compilation.cpp.o[0m
[ 79%] [32mBuilding CXX object motion_planning_rviz_plugin/CMakeFiles/moveit_motion_planning_rviz_plugin_core.dir/src/motion_planning_frame_objects.cpp.o[0m
[ 81%] [32mBuilding CXX object motion_planning_rviz_plugin/CMakeFiles/moveit_motion_planning_rviz_plugin_core.dir/src/motion_planning_frame_scenes.cpp.o[0m
[ 82%] [32mBuilding CXX object motion_planning_rviz_plugin/CMakeFiles/moveit_motion_planning_rviz_plugin_core.dir/src/motion_planning_frame_joints_widget.cpp.o[0m
[ 84%] [32mBuilding CXX object motion_planning_rviz_plugin/CMakeFiles/moveit_motion_planning_rviz_plugin_core.dir/src/motion_planning_display.cpp.o[0m
[ 86%] [32mBuilding CXX object motion_planning_rviz_plugin/CMakeFiles/moveit_motion_planning_rviz_plugin_core.dir/src/motion_planning_frame_manipulation.cpp.o[0m
[ 87%] [32mBuilding CXX object motion_planning_rviz_plugin/CMakeFiles/moveit_motion_planning_rviz_plugin_core.dir/src/motion_planning_param_widget.cpp.o[0m
[ 89%] [32mBuilding CXX object motion_planning_rviz_plugin/CMakeFiles/moveit_motion_planning_rviz_plugin_core.dir/src/interactive_marker_display.cpp.o[0m
[ 91%] [32mBuilding CXX object motion_planning_rviz_plugin/CMakeFiles/moveit_motion_planning_rviz_plugin_core.dir/moveit_motion_planning_rviz_plugin_core_autogen/2OST2OT5Q2/qrc_icons.cpp.o[0m
[ 93%] [32m[1mLinking CXX shared library libmoveit_motion_planning_rviz_plugin_core.so[0m
[ 93%] Built target moveit_motion_planning_rviz_plugin_core
[ 93%] Built target moveit_motion_planning_rviz_plugin_autogen_timestamp_deps
[ 94%] [34m[1mAutomatic MOC for target moveit_motion_planning_rviz_plugin[0m
[ 94%] Built target moveit_motion_planning_rviz_plugin_autogen
[ 98%] [32mBuilding CXX object motion_planning_rviz_plugin/CMakeFiles/moveit_motion_planning_rviz_plugin.dir/moveit_motion_planning_rviz_plugin_autogen/mocs_compilation.cpp.o[0m
[ 98%] [32mBuilding CXX object motion_planning_rviz_plugin/CMakeFiles/moveit_motion_planning_rviz_plugin.dir/src/plugin_init.cpp.o[0m
[100%] [32m[1mLinking CXX shared library libmoveit_motion_planning_rviz_plugin.so[0m
[100%] Built target moveit_motion_planning_rviz_plugin
-- Install configuration: "Release"
-- Installing: /home/fabian/moveit2/install/moveit_ros_visualization/include/moveit_ros_visualization
-- Installing: /home/fabian/moveit2/install/moveit_ros_visualization/include/moveit_ros_visualization/moveit
-- Installing: /home/fabian/moveit2/install/moveit_ros_visualization/include/moveit_ros_visualization/moveit/rviz_plugin_render_tools
-- Installing: /home/fabian/moveit2/install/moveit_ros_visualization/include/moveit_ros_visualization/moveit/rviz_plugin_render_tools/planning_link_updater.hpp
-- Installing: /home/fabian/moveit2/install/moveit_ros_visualization/include/moveit_ros_visualization/moveit/rviz_plugin_render_tools/trajectory_visualization.h
-- Installing: /home/fabian/moveit2/install/moveit_ros_visualization/include/moveit_ros_visualization/moveit/rviz_plugin_render_tools/trajectory_panel.hpp
-- Installing: /home/fabian/moveit2/install/moveit_ros_visualization/include/moveit_ros_visualization/moveit/rviz_plugin_render_tools/planning_scene_render.h
-- Installing: /home/fabian/moveit2/install/moveit_ros_visualization/include/moveit_ros_visualization/moveit/rviz_plugin_render_tools/octomap_render.h
-- Installing: /home/fabian/moveit2/install/moveit_ros_visualization/include/moveit_ros_visualization/moveit/rviz_plugin_render_tools/trajectory_panel.h
-- Installing: /home/fabian/moveit2/install/moveit_ros_visualization/include/moveit_ros_visualization/moveit/rviz_plugin_render_tools/planning_scene_render.hpp
-- Installing: /home/fabian/moveit2/install/moveit_ros_visualization/include/moveit_ros_visualization/moveit/rviz_plugin_render_tools/robot_state_visualization.hpp
-- Installing: /home/fabian/moveit2/install/moveit_ros_visualization/include/moveit_ros_visualization/moveit/rviz_plugin_render_tools/planning_link_updater.h
-- Installing: /home/fabian/moveit2/install/moveit_ros_visualization/include/moveit_ros_visualization/moveit/rviz_plugin_render_tools/render_shapes.h
-- Installing: /home/fabian/moveit2/install/moveit_ros_visualization/include/moveit_ros_visualization/moveit/rviz_plugin_render_tools/octomap_render.hpp
-- Installing: /home/fabian/moveit2/install/moveit_ros_visualization/include/moveit_ros_visualization/moveit/rviz_plugin_render_tools/render_shapes.hpp
-- Installing: /home/fabian/moveit2/install/moveit_ros_visualization/include/moveit_ros_visualization/moveit/rviz_plugin_render_tools/trajectory_visualization.hpp
-- Installing: /home/fabian/moveit2/install/moveit_ros_visualization/include/moveit_ros_visualization/moveit/rviz_plugin_render_tools/robot_state_visualization.h
-- Installing: /home/fabian/moveit2/install/moveit_ros_visualization/include/moveit_ros_visualization/ogre_helpers
-- Installing: /home/fabian/moveit2/install/moveit_ros_visualization/include/moveit_ros_visualization/ogre_helpers/mesh_shape.hpp
-- Installing: /home/fabian/moveit2/install/moveit_ros_visualization/include/moveit_ros_visualization/ogre_helpers/mesh_shape.h
-- Up-to-date: /home/fabian/moveit2/install/moveit_ros_visualization/include/moveit_ros_visualization
-- Up-to-date: /home/fabian/moveit2/install/moveit_ros_visualization/include/moveit_ros_visualization/moveit
-- Installing: /home/fabian/moveit2/install/moveit_ros_visualization/include/moveit_ros_visualization/moveit/robot_state_rviz_plugin
-- Installing: /home/fabian/moveit2/install/moveit_ros_visualization/include/moveit_ros_visualization/moveit/robot_state_rviz_plugin/robot_state_display.h
-- Installing: /home/fabian/moveit2/install/moveit_ros_visualization/include/moveit_ros_visualization/moveit/robot_state_rviz_plugin/robot_state_display.hpp
-- Up-to-date: /home/fabian/moveit2/install/moveit_ros_visualization/include/moveit_ros_visualization
-- Up-to-date: /home/fabian/moveit2/install/moveit_ros_visualization/include/moveit_ros_visualization/moveit
-- Installing: /home/fabian/moveit2/install/moveit_ros_visualization/include/moveit_ros_visualization/moveit/planning_scene_rviz_plugin
-- Installing: /home/fabian/moveit2/install/moveit_ros_visualization/include/moveit_ros_visualization/moveit/planning_scene_rviz_plugin/background_processing.h
-- Installing: /home/fabian/moveit2/install/moveit_ros_visualization/include/moveit_ros_visualization/moveit/planning_scene_rviz_plugin/planning_scene_display.h
-- Installing: /home/fabian/moveit2/install/moveit_ros_visualization/include/moveit_ros_visualization/moveit/planning_scene_rviz_plugin/planning_scene_display.hpp
-- Installing: /home/fabian/moveit2/install/moveit_ros_visualization/include/moveit_ros_visualization/moveit/planning_scene_rviz_plugin/background_processing.hpp
-- Installing: /home/fabian/moveit2/install/moveit_ros_visualization/include/moveit_ros_visualization/moveit_planning_scene_rviz_plugin_core_export.h
-- Up-to-date: /home/fabian/moveit2/install/moveit_ros_visualization/include/moveit_ros_visualization
-- Up-to-date: /home/fabian/moveit2/install/moveit_ros_visualization/include/moveit_ros_visualization/moveit
-- Installing: /home/fabian/moveit2/install/moveit_ros_visualization/include/moveit_ros_visualization/moveit/motion_planning_rviz_plugin
-- Installing: /home/fabian/moveit2/install/moveit_ros_visualization/include/moveit_ros_visualization/moveit/motion_planning_rviz_plugin/interactive_marker_display.h
-- Installing: /home/fabian/moveit2/install/moveit_ros_visualization/include/moveit_ros_visualization/moveit/motion_planning_rviz_plugin/motion_planning_display.h
-- Installing: /home/fabian/moveit2/install/moveit_ros_visualization/include/moveit_ros_visualization/moveit/motion_planning_rviz_plugin/motion_planning_param_widget.hpp
-- Installing: /home/fabian/moveit2/install/moveit_ros_visualization/include/moveit_ros_visualization/moveit/motion_planning_rviz_plugin/motion_planning_frame_joints_widget.hpp
-- Installing: /home/fabian/moveit2/install/moveit_ros_visualization/include/moveit_ros_visualization/moveit/motion_planning_rviz_plugin/motion_planning_display.hpp
-- Installing: /home/fabian/moveit2/install/moveit_ros_visualization/include/moveit_ros_visualization/moveit/motion_planning_rviz_plugin/interactive_marker_display.hpp
-- Installing: /home/fabian/moveit2/install/moveit_ros_visualization/include/moveit_ros_visualization/moveit/motion_planning_rviz_plugin/motion_planning_frame.h
-- Installing: /home/fabian/moveit2/install/moveit_ros_visualization/include/moveit_ros_visualization/moveit/motion_planning_rviz_plugin/motion_planning_frame_joints_widget.h
-- Installing: /home/fabian/moveit2/install/moveit_ros_visualization/include/moveit_ros_visualization/moveit/motion_planning_rviz_plugin/motion_planning_param_widget.h
-- Installing: /home/fabian/moveit2/install/moveit_ros_visualization/include/moveit_ros_visualization/moveit/motion_planning_rviz_plugin/motion_planning_frame.hpp
-- Up-to-date: /home/fabian/moveit2/install/moveit_ros_visualization/include/moveit_ros_visualization
-- Up-to-date: /home/fabian/moveit2/install/moveit_ros_visualization/include/moveit_ros_visualization/moveit
-- Installing: /home/fabian/moveit2/install/moveit_ros_visualization/include/moveit_ros_visualization/moveit/trajectory_rviz_plugin
-- Installing: /home/fabian/moveit2/install/moveit_ros_visualization/include/moveit_ros_visualization/moveit/trajectory_rviz_plugin/trajectory_display.hpp
-- Installing: /home/fabian/moveit2/install/moveit_ros_visualization/include/moveit_ros_visualization/moveit/trajectory_rviz_plugin/trajectory_display.h
-- Installing: /home/fabian/moveit2/install/moveit_ros_visualization/share/moveit_ros_visualization/icons
-- Installing: /home/fabian/moveit2/install/moveit_ros_visualization/share/moveit_ros_visualization/icons/classes
-- Installing: /home/fabian/moveit2/install/moveit_ros_visualization/share/moveit_ros_visualization/icons/classes/MotionPlanning.png
-- Installing: /home/fabian/moveit2/install/moveit_ros_visualization/share/moveit_ros_visualization/icons/classes/PlanningScene.png
-- Installing: /home/fabian/moveit2/install/moveit_ros_visualization/share/moveit_ros_visualization/icons/classes/Trajectory.png
-- Installing: /home/fabian/moveit2/install/moveit_ros_visualization/share/moveit_ros_visualization/icons/classes/RobotState.png
-- Installing: /home/fabian/moveit2/install/moveit_ros_visualization/share/moveit_ros_visualization/motion_planning_rviz_plugin_description.xml
-- Installing: /home/fabian/moveit2/install/moveit_ros_visualization/share/moveit_ros_visualization/trajectory_rviz_plugin_description.xml
-- Installing: /home/fabian/moveit2/install/moveit_ros_visualization/share/moveit_ros_visualization/planning_scene_rviz_plugin_description.xml
-- Installing: /home/fabian/moveit2/install/moveit_ros_visualization/share/moveit_ros_visualization/robot_state_rviz_plugin_description.xml
-- Installing: /home/fabian/moveit2/install/moveit_ros_visualization/lib/libmoveit_motion_planning_rviz_plugin.so.2.14.0
-- Set non-toolchain portion of runtime path of "/home/fabian/moveit2/install/moveit_ros_visualization/lib/libmoveit_motion_planning_rviz_plugin.so.2.14.0" to ""
-- Installing: /home/fabian/moveit2/install/moveit_ros_visualization/lib/libmoveit_motion_planning_rviz_plugin.so
-- Installing: /home/fabian/moveit2/install/moveit_ros_visualization/lib/libmoveit_motion_planning_rviz_plugin_core.so.2.14.0
-- Set non-toolchain portion of runtime path of "/home/fabian/moveit2/install/moveit_ros_visualization/lib/libmoveit_motion_planning_rviz_plugin_core.so.2.14.0" to ""
-- Installing: /home/fabian/moveit2/install/moveit_ros_visualization/lib/libmoveit_motion_planning_rviz_plugin_core.so
-- Installing: /home/fabian/moveit2/install/moveit_ros_visualization/lib/libmoveit_planning_scene_rviz_plugin.so.2.14.0
-- Set non-toolchain portion of runtime path of "/home/fabian/moveit2/install/moveit_ros_visualization/lib/libmoveit_planning_scene_rviz_plugin.so.2.14.0" to ""
-- Installing: /home/fabian/moveit2/install/moveit_ros_visualization/lib/libmoveit_planning_scene_rviz_plugin.so
-- Installing: /home/fabian/moveit2/install/moveit_ros_visualization/lib/libmoveit_planning_scene_rviz_plugin_core.so.2.14.0
-- Set non-toolchain portion of runtime path of "/home/fabian/moveit2/install/moveit_ros_visualization/lib/libmoveit_planning_scene_rviz_plugin_core.so.2.14.0" to ""
-- Installing: /home/fabian/moveit2/install/moveit_ros_visualization/lib/libmoveit_planning_scene_rviz_plugin_core.so
-- Installing: /home/fabian/moveit2/install/moveit_ros_visualization/lib/libmoveit_robot_state_rviz_plugin.so.2.14.0
-- Set non-toolchain portion of runtime path of "/home/fabian/moveit2/install/moveit_ros_visualization/lib/libmoveit_robot_state_rviz_plugin.so.2.14.0" to ""
-- Installing: /home/fabian/moveit2/install/moveit_ros_visualization/lib/libmoveit_robot_state_rviz_plugin.so
-- Installing: /home/fabian/moveit2/install/moveit_ros_visualization/lib/libmoveit_robot_state_rviz_plugin_core.so.2.14.0
-- Set non-toolchain portion of runtime path of "/home/fabian/moveit2/install/moveit_ros_visualization/lib/libmoveit_robot_state_rviz_plugin_core.so.2.14.0" to ""
-- Installing: /home/fabian/moveit2/install/moveit_ros_visualization/lib/libmoveit_robot_state_rviz_plugin_core.so
-- Installing: /home/fabian/moveit2/install/moveit_ros_visualization/lib/libmoveit_rviz_plugin_render_tools.so.2.14.0
-- Set non-toolchain portion of runtime path of "/home/fabian/moveit2/install/moveit_ros_visualization/lib/libmoveit_rviz_plugin_render_tools.so.2.14.0" to ""
-- Installing: /home/fabian/moveit2/install/moveit_ros_visualization/lib/libmoveit_rviz_plugin_render_tools.so
-- Installing: /home/fabian/moveit2/install/moveit_ros_visualization/lib/libmoveit_trajectory_rviz_plugin.so.2.14.0
-- Set non-toolchain portion of runtime path of "/home/fabian/moveit2/install/moveit_ros_visualization/lib/libmoveit_trajectory_rviz_plugin.so.2.14.0" to ""
-- Installing: /home/fabian/moveit2/install/moveit_ros_visualization/lib/libmoveit_trajectory_rviz_plugin.so
-- Installing: /home/fabian/moveit2/install/moveit_ros_visualization/lib/libmoveit_trajectory_rviz_plugin_core.so.2.14.0
-- Set non-toolchain portion of runtime path of "/home/fabian/moveit2/install/moveit_ros_visualization/lib/libmoveit_trajectory_rviz_plugin_core.so.2.14.0" to ""
-- Installing: /home/fabian/moveit2/install/moveit_ros_visualization/lib/libmoveit_trajectory_rviz_plugin_core.so
-- Installing: /home/fabian/moveit2/install/moveit_ros_visualization/share/moveit_ros_visualization/environment/library_path.sh
-- Installing: /home/fabian/moveit2/install/moveit_ros_visualization/share/moveit_ros_visualization/environment/library_path.dsv
-- Installing: /home/fabian/moveit2/install/moveit_ros_visualization/share/ament_index/resource_index/package_run_dependencies/moveit_ros_visualization
-- Installing: /home/fabian/moveit2/install/moveit_ros_visualization/share/ament_index/resource_index/parent_prefix_path/moveit_ros_visualization
-- Installing: /home/fabian/moveit2/install/moveit_ros_visualization/share/moveit_ros_visualization/environment/ament_prefix_path.sh
-- Installing: /home/fabian/moveit2/install/moveit_ros_visualization/share/moveit_ros_visualization/environment/ament_prefix_path.dsv
-- Installing: /home/fabian/moveit2/install/moveit_ros_visualization/share/moveit_ros_visualization/environment/path.sh
-- Installing: /home/fabian/moveit2/install/moveit_ros_visualization/share/moveit_ros_visualization/environment/path.dsv
-- Installing: /home/fabian/moveit2/install/moveit_ros_visualization/share/moveit_ros_visualization/local_setup.bash
-- Installing: /home/fabian/moveit2/install/moveit_ros_visualization/share/moveit_ros_visualization/local_setup.sh
-- Installing: /home/fabian/moveit2/install/moveit_ros_visualization/share/moveit_ros_visualization/local_setup.zsh
-- Installing: /home/fabian/moveit2/install/moveit_ros_visualization/share/moveit_ros_visualization/local_setup.dsv
-- Installing: /home/fabian/moveit2/install/moveit_ros_visualization/share/moveit_ros_visualization/package.dsv
-- Installing: /home/fabian/moveit2/install/moveit_ros_visualization/share/ament_index/resource_index/packages/moveit_ros_visualization
-- Installing: /home/fabian/moveit2/install/moveit_ros_visualization/share/ament_index/resource_index/rviz_common__pluginlib__plugin/moveit_ros_visualization
-- Installing: /home/fabian/moveit2/install/moveit_ros_visualization/share/moveit_ros_visualization/cmake/moveit_ros_visualizationTargetsExport.cmake
-- Installing: /home/fabian/moveit2/install/moveit_ros_visualization/share/moveit_ros_visualization/cmake/moveit_ros_visualizationTargetsExport-release.cmake
-- Installing: /home/fabian/moveit2/install/moveit_ros_visualization/share/moveit_ros_visualization/cmake/ConfigExtras.cmake
-- Installing: /home/fabian/moveit2/install/moveit_ros_visualization/share/moveit_ros_visualization/cmake/ament_cmake_export_targets-extras.cmake
-- Installing: /home/fabian/moveit2/install/moveit_ros_visualization/share/moveit_ros_visualization/cmake/ament_cmake_export_dependencies-extras.cmake
-- Installing: /home/fabian/moveit2/install/moveit_ros_visualization/share/moveit_ros_visualization/cmake/moveit_ros_visualizationConfig.cmake
-- Installing: /home/fabian/moveit2/install/moveit_ros_visualization/share/moveit_ros_visualization/cmake/moveit_ros_visualizationConfig-version.cmake
-- Installing: /home/fabian/moveit2/install/moveit_ros_visualization/share/moveit_ros_visualization/package.xml
