[  1%] Built target gmock
[  3%] Built target gmock_main
[  4%] Built target gtest_main
[  5%] Built target gtest
[  6%] Built target moveit_acceleration_filter_parameters
[  8%] Built target moveit_smoothing_base
[ 11%] Built target moveit_utils
[ 12%] Built target moveit_butterworth_filter_parameters
[ 13%] Built target moveit_ruckig_filter_parameters
[ 14%] [34m[1mGenerate version header[0m
[ 16%] Built target moveit_exceptions
[ 18%] Built target moveit_distance_field
[ 19%] Built target moveit_transforms
[ 20%] Built target logger_dut
[ 21%] [34m[1mGenerating version.hpp[0m
[ 22%] Built target test_voxel_grid
[ 23%] Built target test_transforms
[ 24%] Built target test_distance_field
[ 24%] Built target version_hpp
[ 30%] Built target moveit_robot_model
[ 31%] Built target moveit_version
[ 32%] Built target moveit_kinematics_base
[ 33%] Built target moveit_butterworth_filter
[ 34%] Built target moveit_test_utils
[ 35%] Built target test_butterworth_filter
[ 38%] Built target moveit_robot_state
[ 39%] Built target moveit_dynamics_solver
[ 40%] Built target test_robot_model
[ 41%] Built target moveit_kinematics_metrics
[ 42%] Built target moveit_acceleration_filter
[ 43%] Built target moveit_robot_trajectory
[ 44%] Built target moveit_ruckig_filter
[ 50%] Built target moveit_collision_detection
[ 51%] Built target test_robot_state_complex
[ 53%] Built target test_robot_state
[ 54%] Built target test_cartesian_interpolator
[ 55%] Built target robot_state_benchmark
[ 56%] Built target test_aabb
[ 57%] Built target test_robot_trajectory
[ 59%] Built target moveit_trajectory_processing
[ 61%] Built target moveit_collision_detection_fcl
[ 62%] Built target test_world
[ 66%] Built target moveit_collision_detection_bullet
[ 67%] Built target test_all_valid
[ 68%] Built target test_world_diff
[ 69%] Built target test_acceleration_filter
[ 70%] Built target test_time_optimal_trajectory_generation
[ 71%] Built target robot_trajectory_benchmark
[ 72%] Built target test_ruckig_traj_smoothing
[ 73%] Built target moveit_kinematic_constraints
[ 74%] Built target test_bullet_collision_detection_panda
[ 76%] Built target test_bullet_collision_detection
[ 77%] Built target test_bullet_continuous_collision_checking
[ 78%] Built target test_fcl_collision_detection
[ 79%] Built target test_fcl_collision_env
[ 80%] Built target test_fcl_collision_detection_panda
[ 81%] Built target moveit_planning_scene
[ 82%] Built target test_orientation_constraints
[ 84%] Built target test_constraints
[ 85%] Built target test_collision_objects
[ 86%] Built target collision_detector_bullet_plugin
[ 87%] Built target collision_detector_fcl_plugin
[ 89%] Built target moveit_planning_interface
[ 90%] Built target test_planning_scene
[ 93%] Built target moveit_collision_distance_field
[ 96%] Built target moveit_constraint_samplers
[ 97%] Built target test_multi_threaded
[ 98%] Built target test_collision_distance_field
[100%] Built target test_constraint_samplers
-- Install configuration: "Release"
-- Execute custom install script
-- Up-to-date symlink: /home/fabian/moveit2/install/moveit_core/include/moveit_core/moveit/collision_detection_bullet/bullet_integration/basic_types.h
-- Up-to-date symlink: /home/fabian/moveit2/install/moveit_core/include/moveit_core/moveit/collision_detection_bullet/bullet_integration/basic_types.hpp
-- Up-to-date symlink: /home/fabian/moveit2/install/moveit_core/include/moveit_core/moveit/collision_detection_bullet/bullet_integration/bullet_bvh_manager.h
-- Up-to-date symlink: /home/fabian/moveit2/install/moveit_core/include/moveit_core/moveit/collision_detection_bullet/bullet_integration/bullet_bvh_manager.hpp
-- Up-to-date symlink: /home/fabian/moveit2/install/moveit_core/include/moveit_core/moveit/collision_detection_bullet/bullet_integration/bullet_cast_bvh_manager.h
-- Up-to-date symlink: /home/fabian/moveit2/install/moveit_core/include/moveit_core/moveit/collision_detection_bullet/bullet_integration/bullet_cast_bvh_manager.hpp
-- Up-to-date symlink: /home/fabian/moveit2/install/moveit_core/include/moveit_core/moveit/collision_detection_bullet/bullet_integration/bullet_discrete_bvh_manager.h
-- Up-to-date symlink: /home/fabian/moveit2/install/moveit_core/include/moveit_core/moveit/collision_detection_bullet/bullet_integration/bullet_discrete_bvh_manager.hpp
-- Up-to-date symlink: /home/fabian/moveit2/install/moveit_core/include/moveit_core/moveit/collision_detection_bullet/bullet_integration/bullet_utils.h
-- Up-to-date symlink: /home/fabian/moveit2/install/moveit_core/include/moveit_core/moveit/collision_detection_bullet/bullet_integration/bullet_utils.hpp
-- Up-to-date symlink: /home/fabian/moveit2/install/moveit_core/include/moveit_core/moveit/collision_detection_bullet/bullet_integration/contact_checker_common.h
-- Up-to-date symlink: /home/fabian/moveit2/install/moveit_core/include/moveit_core/moveit/collision_detection_bullet/bullet_integration/contact_checker_common.hpp
-- Up-to-date symlink: /home/fabian/moveit2/install/moveit_core/include/moveit_core/moveit/collision_detection_bullet/bullet_integration/ros_bullet_utils.h
-- Up-to-date symlink: /home/fabian/moveit2/install/moveit_core/include/moveit_core/moveit/collision_detection_bullet/bullet_integration/ros_bullet_utils.hpp
-- Up-to-date symlink: /home/fabian/moveit2/install/moveit_core/include/moveit_core/moveit/collision_detection_bullet/collision_detector_allocator_bullet.h
-- Up-to-date symlink: /home/fabian/moveit2/install/moveit_core/include/moveit_core/moveit/collision_detection_bullet/collision_detector_allocator_bullet.hpp
-- Up-to-date symlink: /home/fabian/moveit2/install/moveit_core/include/moveit_core/moveit/collision_detection_bullet/collision_detector_bullet_plugin_loader.h
-- Up-to-date symlink: /home/fabian/moveit2/install/moveit_core/include/moveit_core/moveit/collision_detection_bullet/collision_detector_bullet_plugin_loader.hpp
-- Up-to-date symlink: /home/fabian/moveit2/install/moveit_core/include/moveit_core/moveit/collision_detection_bullet/collision_env_bullet.h
-- Up-to-date symlink: /home/fabian/moveit2/install/moveit_core/include/moveit_core/moveit/collision_detection_bullet/collision_env_bullet.hpp
-- Up-to-date symlink: /home/fabian/moveit2/install/moveit_core/include/moveit_core/moveit_collision_detection_bullet_export.h
-- Up-to-date symlink: /home/fabian/moveit2/install/moveit_core/include/moveit_core/moveit/collision_detection_fcl/collision_common.h
-- Up-to-date symlink: /home/fabian/moveit2/install/moveit_core/include/moveit_core/moveit/collision_detection_fcl/collision_common.hpp
-- Up-to-date symlink: /home/fabian/moveit2/install/moveit_core/include/moveit_core/moveit/collision_detection_fcl/collision_detector_allocator_fcl.h
-- Up-to-date symlink: /home/fabian/moveit2/install/moveit_core/include/moveit_core/moveit/collision_detection_fcl/collision_detector_allocator_fcl.hpp
-- Up-to-date symlink: /home/fabian/moveit2/install/moveit_core/include/moveit_core/moveit/collision_detection_fcl/collision_detector_fcl_plugin_loader.h
-- Up-to-date symlink: /home/fabian/moveit2/install/moveit_core/include/moveit_core/moveit/collision_detection_fcl/collision_detector_fcl_plugin_loader.hpp
-- Up-to-date symlink: /home/fabian/moveit2/install/moveit_core/include/moveit_core/moveit/collision_detection_fcl/collision_env_fcl.h
-- Up-to-date symlink: /home/fabian/moveit2/install/moveit_core/include/moveit_core/moveit/collision_detection_fcl/collision_env_fcl.hpp
-- Up-to-date symlink: /home/fabian/moveit2/install/moveit_core/include/moveit_core/moveit/collision_detection_fcl/fcl_compat.h
-- Up-to-date symlink: /home/fabian/moveit2/install/moveit_core/include/moveit_core/moveit/collision_detection_fcl/fcl_compat.hpp
-- Up-to-date symlink: /home/fabian/moveit2/install/moveit_core/include/moveit_core/moveit_collision_detection_fcl_export.h
-- Up-to-date symlink: /home/fabian/moveit2/install/moveit_core/include/moveit_core/moveit/collision_detection/allvalid/collision_detector_allocator_allvalid.h
-- Up-to-date symlink: /home/fabian/moveit2/install/moveit_core/include/moveit_core/moveit/collision_detection/allvalid/collision_detector_allocator_allvalid.hpp
-- Up-to-date symlink: /home/fabian/moveit2/install/moveit_core/include/moveit_core/moveit/collision_detection/allvalid/collision_env_allvalid.h
-- Up-to-date symlink: /home/fabian/moveit2/install/moveit_core/include/moveit_core/moveit/collision_detection/allvalid/collision_env_allvalid.hpp
-- Up-to-date symlink: /home/fabian/moveit2/install/moveit_core/include/moveit_core/moveit/collision_detection/collision_common.h
-- Up-to-date symlink: /home/fabian/moveit2/install/moveit_core/include/moveit_core/moveit/collision_detection/collision_common.hpp
-- Up-to-date symlink: /home/fabian/moveit2/install/moveit_core/include/moveit_core/moveit/collision_detection/collision_detector_allocator.h
-- Up-to-date symlink: /home/fabian/moveit2/install/moveit_core/include/moveit_core/moveit/collision_detection/collision_detector_allocator.hpp
-- Up-to-date symlink: /home/fabian/moveit2/install/moveit_core/include/moveit_core/moveit/collision_detection/collision_env.h
-- Up-to-date symlink: /home/fabian/moveit2/install/moveit_core/include/moveit_core/moveit/collision_detection/collision_env.hpp
-- Up-to-date symlink: /home/fabian/moveit2/install/moveit_core/include/moveit_core/moveit/collision_detection/collision_matrix.h
-- Up-to-date symlink: /home/fabian/moveit2/install/moveit_core/include/moveit_core/moveit/collision_detection/collision_matrix.hpp
-- Up-to-date symlink: /home/fabian/moveit2/install/moveit_core/include/moveit_core/moveit/collision_detection/collision_octomap_filter.h
-- Up-to-date symlink: /home/fabian/moveit2/install/moveit_core/include/moveit_core/moveit/collision_detection/collision_octomap_filter.hpp
-- Up-to-date symlink: /home/fabian/moveit2/install/moveit_core/include/moveit_core/moveit/collision_detection/collision_plugin.h
-- Up-to-date symlink: /home/fabian/moveit2/install/moveit_core/include/moveit_core/moveit/collision_detection/collision_plugin.hpp
-- Up-to-date symlink: /home/fabian/moveit2/install/moveit_core/include/moveit_core/moveit/collision_detection/collision_plugin_cache.h
-- Up-to-date symlink: /home/fabian/moveit2/install/moveit_core/include/moveit_core/moveit/collision_detection/collision_plugin_cache.hpp
-- Up-to-date symlink: /home/fabian/moveit2/install/moveit_core/include/moveit_core/moveit/collision_detection/collision_tools.h
-- Up-to-date symlink: /home/fabian/moveit2/install/moveit_core/include/moveit_core/moveit/collision_detection/collision_tools.hpp
-- Up-to-date symlink: /home/fabian/moveit2/install/moveit_core/include/moveit_core/moveit/collision_detection/occupancy_map.h
-- Up-to-date symlink: /home/fabian/moveit2/install/moveit_core/include/moveit_core/moveit/collision_detection/occupancy_map.hpp
-- Up-to-date symlink: /home/fabian/moveit2/install/moveit_core/include/moveit_core/moveit/collision_detection/test_collision_common_panda.h
-- Up-to-date symlink: /home/fabian/moveit2/install/moveit_core/include/moveit_core/moveit/collision_detection/test_collision_common_panda.hpp
-- Up-to-date symlink: /home/fabian/moveit2/install/moveit_core/include/moveit_core/moveit/collision_detection/test_collision_common_pr2.h
-- Up-to-date symlink: /home/fabian/moveit2/install/moveit_core/include/moveit_core/moveit/collision_detection/test_collision_common_pr2.hpp
-- Up-to-date symlink: /home/fabian/moveit2/install/moveit_core/include/moveit_core/moveit/collision_detection/world.h
-- Up-to-date symlink: /home/fabian/moveit2/install/moveit_core/include/moveit_core/moveit/collision_detection/world.hpp
-- Up-to-date symlink: /home/fabian/moveit2/install/moveit_core/include/moveit_core/moveit/collision_detection/world_diff.h
-- Up-to-date symlink: /home/fabian/moveit2/install/moveit_core/include/moveit_core/moveit/collision_detection/world_diff.hpp
-- Up-to-date symlink: /home/fabian/moveit2/install/moveit_core/include/moveit_core/moveit_collision_detection_export.h
-- Up-to-date symlink: /home/fabian/moveit2/install/moveit_core/include/moveit_core/moveit/collision_distance_field/collision_common_distance_field.h
-- Up-to-date symlink: /home/fabian/moveit2/install/moveit_core/include/moveit_core/moveit/collision_distance_field/collision_common_distance_field.hpp
-- Up-to-date symlink: /home/fabian/moveit2/install/moveit_core/include/moveit_core/moveit/collision_distance_field/collision_detector_allocator_distance_field.h
-- Up-to-date symlink: /home/fabian/moveit2/install/moveit_core/include/moveit_core/moveit/collision_distance_field/collision_detector_allocator_distance_field.hpp
-- Up-to-date symlink: /home/fabian/moveit2/install/moveit_core/include/moveit_core/moveit/collision_distance_field/collision_detector_allocator_hybrid.h
-- Up-to-date symlink: /home/fabian/moveit2/install/moveit_core/include/moveit_core/moveit/collision_distance_field/collision_detector_allocator_hybrid.hpp
-- Up-to-date symlink: /home/fabian/moveit2/install/moveit_core/include/moveit_core/moveit/collision_distance_field/collision_distance_field_types.h
-- Up-to-date symlink: /home/fabian/moveit2/install/moveit_core/include/moveit_core/moveit/collision_distance_field/collision_distance_field_types.hpp
-- Up-to-date symlink: /home/fabian/moveit2/install/moveit_core/include/moveit_core/moveit/collision_distance_field/collision_env_distance_field.h
-- Up-to-date symlink: /home/fabian/moveit2/install/moveit_core/include/moveit_core/moveit/collision_distance_field/collision_env_distance_field.hpp
-- Up-to-date symlink: /home/fabian/moveit2/install/moveit_core/include/moveit_core/moveit/collision_distance_field/collision_env_hybrid.h
-- Up-to-date symlink: /home/fabian/moveit2/install/moveit_core/include/moveit_core/moveit/collision_distance_field/collision_env_hybrid.hpp
-- Up-to-date symlink: /home/fabian/moveit2/install/moveit_core/include/moveit_core/moveit_collision_distance_field_export.h
-- Up-to-date symlink: /home/fabian/moveit2/install/moveit_core/include/moveit_core/moveit/constraint_samplers/constraint_sampler.h
-- Up-to-date symlink: /home/fabian/moveit2/install/moveit_core/include/moveit_core/moveit/constraint_samplers/constraint_sampler.hpp
-- Up-to-date symlink: /home/fabian/moveit2/install/moveit_core/include/moveit_core/moveit/constraint_samplers/constraint_sampler_allocator.h
-- Up-to-date symlink: /home/fabian/moveit2/install/moveit_core/include/moveit_core/moveit/constraint_samplers/constraint_sampler_allocator.hpp
-- Up-to-date symlink: /home/fabian/moveit2/install/moveit_core/include/moveit_core/moveit/constraint_samplers/constraint_sampler_manager.h
-- Up-to-date symlink: /home/fabian/moveit2/install/moveit_core/include/moveit_core/moveit/constraint_samplers/constraint_sampler_manager.hpp
-- Up-to-date symlink: /home/fabian/moveit2/install/moveit_core/include/moveit_core/moveit/constraint_samplers/constraint_sampler_tools.h
-- Up-to-date symlink: /home/fabian/moveit2/install/moveit_core/include/moveit_core/moveit/constraint_samplers/constraint_sampler_tools.hpp
-- Up-to-date symlink: /home/fabian/moveit2/install/moveit_core/include/moveit_core/moveit/constraint_samplers/default_constraint_samplers.h
-- Up-to-date symlink: /home/fabian/moveit2/install/moveit_core/include/moveit_core/moveit/constraint_samplers/default_constraint_samplers.hpp
-- Up-to-date symlink: /home/fabian/moveit2/install/moveit_core/include/moveit_core/moveit/constraint_samplers/union_constraint_sampler.h
-- Up-to-date symlink: /home/fabian/moveit2/install/moveit_core/include/moveit_core/moveit/constraint_samplers/union_constraint_sampler.hpp
-- Up-to-date symlink: /home/fabian/moveit2/install/moveit_core/include/moveit_core/moveit/controller_manager/controller_manager.h
-- Up-to-date symlink: /home/fabian/moveit2/install/moveit_core/include/moveit_core/moveit/controller_manager/controller_manager.hpp
-- Up-to-date symlink: /home/fabian/moveit2/install/moveit_core/include/moveit_core/moveit/distance_field/distance_field.h
-- Up-to-date symlink: /home/fabian/moveit2/install/moveit_core/include/moveit_core/moveit/distance_field/distance_field.hpp
-- Up-to-date symlink: /home/fabian/moveit2/install/moveit_core/include/moveit_core/moveit/distance_field/find_internal_points.h
-- Up-to-date symlink: /home/fabian/moveit2/install/moveit_core/include/moveit_core/moveit/distance_field/find_internal_points.hpp
-- Up-to-date symlink: /home/fabian/moveit2/install/moveit_core/include/moveit_core/moveit/distance_field/propagation_distance_field.h
-- Up-to-date symlink: /home/fabian/moveit2/install/moveit_core/include/moveit_core/moveit/distance_field/propagation_distance_field.hpp
-- Up-to-date symlink: /home/fabian/moveit2/install/moveit_core/include/moveit_core/moveit/distance_field/voxel_grid.h
-- Up-to-date symlink: /home/fabian/moveit2/install/moveit_core/include/moveit_core/moveit/distance_field/voxel_grid.hpp
-- Up-to-date symlink: /home/fabian/moveit2/install/moveit_core/include/moveit_core/moveit/dynamics_solver/dynamics_solver.h
-- Up-to-date symlink: /home/fabian/moveit2/install/moveit_core/include/moveit_core/moveit/dynamics_solver/dynamics_solver.hpp
-- Up-to-date symlink: /home/fabian/moveit2/install/moveit_core/include/moveit_core/moveit/exceptions/exceptions.h
-- Up-to-date symlink: /home/fabian/moveit2/install/moveit_core/include/moveit_core/moveit/exceptions/exceptions.hpp
-- Up-to-date symlink: /home/fabian/moveit2/install/moveit_core/include/moveit_core/moveit/kinematic_constraints/kinematic_constraint.h
-- Up-to-date symlink: /home/fabian/moveit2/install/moveit_core/include/moveit_core/moveit/kinematic_constraints/kinematic_constraint.hpp
-- Up-to-date symlink: /home/fabian/moveit2/install/moveit_core/include/moveit_core/moveit/kinematic_constraints/utils.h
-- Up-to-date symlink: /home/fabian/moveit2/install/moveit_core/include/moveit_core/moveit/kinematic_constraints/utils.hpp
-- Up-to-date symlink: /home/fabian/moveit2/install/moveit_core/include/moveit_core/moveit/kinematics_base/kinematics_base.h
-- Up-to-date symlink: /home/fabian/moveit2/install/moveit_core/include/moveit_core/moveit/kinematics_base/kinematics_base.hpp
-- Up-to-date symlink: /home/fabian/moveit2/install/moveit_core/include/moveit_core/moveit_kinematics_base_export.h
-- Up-to-date symlink: /home/fabian/moveit2/install/moveit_core/include/moveit_core/moveit/kinematics_metrics/kinematics_metrics.h
-- Up-to-date symlink: /home/fabian/moveit2/install/moveit_core/include/moveit_core/moveit/kinematics_metrics/kinematics_metrics.hpp
-- Up-to-date symlink: /home/fabian/moveit2/install/moveit_core/include/moveit_core/moveit/macros/class_forward.h
-- Up-to-date symlink: /home/fabian/moveit2/install/moveit_core/include/moveit_core/moveit/macros/class_forward.hpp
-- Up-to-date symlink: /home/fabian/moveit2/install/moveit_core/include/moveit_core/moveit/macros/console_colors.h
-- Up-to-date symlink: /home/fabian/moveit2/install/moveit_core/include/moveit_core/moveit/macros/console_colors.hpp
-- Up-to-date symlink: /home/fabian/moveit2/install/moveit_core/include/moveit_core/moveit/macros/declare_ptr.h
-- Up-to-date symlink: /home/fabian/moveit2/install/moveit_core/include/moveit_core/moveit/macros/declare_ptr.hpp
-- Up-to-date symlink: /home/fabian/moveit2/install/moveit_core/include/moveit_core/moveit_acceleration_filter_parameters.hpp
-- Up-to-date symlink: /home/fabian/moveit2/install/moveit_core/include/moveit_core/moveit_butterworth_filter_parameters.hpp
-- Up-to-date symlink: /home/fabian/moveit2/install/moveit_core/include/moveit_core/moveit_ruckig_filter_parameters.hpp
-- Up-to-date symlink: /home/fabian/moveit2/install/moveit_core/include/moveit_core/moveit_acceleration_filter_parameters.hpp
-- Up-to-date symlink: /home/fabian/moveit2/install/moveit_core/include/moveit_core/moveit_butterworth_filter_parameters.hpp
-- Up-to-date symlink: /home/fabian/moveit2/install/moveit_core/include/moveit_core/moveit_ruckig_filter_parameters.hpp
-- Up-to-date symlink: /home/fabian/moveit2/install/moveit_core/include/moveit_core/moveit_acceleration_filter_parameters.hpp
-- Up-to-date symlink: /home/fabian/moveit2/install/moveit_core/include/moveit_core/moveit_butterworth_filter_parameters.hpp
-- Up-to-date symlink: /home/fabian/moveit2/install/moveit_core/include/moveit_core/moveit_ruckig_filter_parameters.hpp
-- Up-to-date symlink: /home/fabian/moveit2/install/moveit_core/include/moveit_core/moveit/online_signal_smoothing/acceleration_filter.h
-- Up-to-date symlink: /home/fabian/moveit2/install/moveit_core/include/moveit_core/moveit/online_signal_smoothing/acceleration_filter.hpp
-- Up-to-date symlink: /home/fabian/moveit2/install/moveit_core/include/moveit_core/moveit/online_signal_smoothing/butterworth_filter.h
-- Up-to-date symlink: /home/fabian/moveit2/install/moveit_core/include/moveit_core/moveit/online_signal_smoothing/butterworth_filter.hpp
-- Up-to-date symlink: /home/fabian/moveit2/install/moveit_core/include/moveit_core/moveit/online_signal_smoothing/ruckig_filter.h
-- Up-to-date symlink: /home/fabian/moveit2/install/moveit_core/include/moveit_core/moveit/online_signal_smoothing/ruckig_filter.hpp
-- Up-to-date symlink: /home/fabian/moveit2/install/moveit_core/include/moveit_core/moveit/online_signal_smoothing/smoothing_base_class.h
-- Up-to-date symlink: /home/fabian/moveit2/install/moveit_core/include/moveit_core/moveit/online_signal_smoothing/smoothing_base_class.hpp
-- Up-to-date symlink: /home/fabian/moveit2/install/moveit_core/include/moveit_core/moveit_smoothing_base_export.h
-- Up-to-date symlink: /home/fabian/moveit2/install/moveit_core/include/moveit_core/moveit_acceleration_filter_export.h
-- Up-to-date symlink: /home/fabian/moveit2/install/moveit_core/include/moveit_core/moveit_butterworth_filter_export.h
-- Up-to-date symlink: /home/fabian/moveit2/install/moveit_core/include/moveit_core/moveit_ruckig_filter_export.h
-- Up-to-date symlink: /home/fabian/moveit2/install/moveit_core/include/moveit_core/moveit/planning_interface/planning_interface.h
-- Up-to-date symlink: /home/fabian/moveit2/install/moveit_core/include/moveit_core/moveit/planning_interface/planning_interface.hpp
-- Up-to-date symlink: /home/fabian/moveit2/install/moveit_core/include/moveit_core/moveit/planning_interface/planning_request.h
-- Up-to-date symlink: /home/fabian/moveit2/install/moveit_core/include/moveit_core/moveit/planning_interface/planning_request.hpp
-- Up-to-date symlink: /home/fabian/moveit2/install/moveit_core/include/moveit_core/moveit/planning_interface/planning_request_adapter.h
-- Up-to-date symlink: /home/fabian/moveit2/install/moveit_core/include/moveit_core/moveit/planning_interface/planning_request_adapter.hpp
-- Up-to-date symlink: /home/fabian/moveit2/install/moveit_core/include/moveit_core/moveit/planning_interface/planning_response.h
-- Up-to-date symlink: /home/fabian/moveit2/install/moveit_core/include/moveit_core/moveit/planning_interface/planning_response.hpp
-- Up-to-date symlink: /home/fabian/moveit2/install/moveit_core/include/moveit_core/moveit/planning_interface/planning_response_adapter.h
-- Up-to-date symlink: /home/fabian/moveit2/install/moveit_core/include/moveit_core/moveit/planning_interface/planning_response_adapter.hpp
-- Up-to-date symlink: /home/fabian/moveit2/install/moveit_core/include/moveit_core/moveit/planning_scene/planning_scene.h
-- Up-to-date symlink: /home/fabian/moveit2/install/moveit_core/include/moveit_core/moveit/planning_scene/planning_scene.hpp
-- Up-to-date symlink: /home/fabian/moveit2/install/moveit_core/include/moveit_core/moveit_planning_scene_export.h
-- Up-to-date symlink: /home/fabian/moveit2/install/moveit_core/include/moveit_core/moveit/robot_model/aabb.h
-- Up-to-date symlink: /home/fabian/moveit2/install/moveit_core/include/moveit_core/moveit/robot_model/aabb.hpp
-- Up-to-date symlink: /home/fabian/moveit2/install/moveit_core/include/moveit_core/moveit/robot_model/fixed_joint_model.h
-- Up-to-date symlink: /home/fabian/moveit2/install/moveit_core/include/moveit_core/moveit/robot_model/fixed_joint_model.hpp
-- Up-to-date symlink: /home/fabian/moveit2/install/moveit_core/include/moveit_core/moveit/robot_model/floating_joint_model.h
-- Up-to-date symlink: /home/fabian/moveit2/install/moveit_core/include/moveit_core/moveit/robot_model/floating_joint_model.hpp
-- Up-to-date symlink: /home/fabian/moveit2/install/moveit_core/include/moveit_core/moveit/robot_model/joint_model.h
-- Up-to-date symlink: /home/fabian/moveit2/install/moveit_core/include/moveit_core/moveit/robot_model/joint_model.hpp
-- Up-to-date symlink: /home/fabian/moveit2/install/moveit_core/include/moveit_core/moveit/robot_model/joint_model_group.h
-- Up-to-date symlink: /home/fabian/moveit2/install/moveit_core/include/moveit_core/moveit/robot_model/joint_model_group.hpp
-- Up-to-date symlink: /home/fabian/moveit2/install/moveit_core/include/moveit_core/moveit/robot_model/link_model.h
-- Up-to-date symlink: /home/fabian/moveit2/install/moveit_core/include/moveit_core/moveit/robot_model/link_model.hpp
-- Up-to-date symlink: /home/fabian/moveit2/install/moveit_core/include/moveit_core/moveit/robot_model/planar_joint_model.h
-- Up-to-date symlink: /home/fabian/moveit2/install/moveit_core/include/moveit_core/moveit/robot_model/planar_joint_model.hpp
-- Up-to-date symlink: /home/fabian/moveit2/install/moveit_core/include/moveit_core/moveit/robot_model/prismatic_joint_model.h
-- Up-to-date symlink: /home/fabian/moveit2/install/moveit_core/include/moveit_core/moveit/robot_model/prismatic_joint_model.hpp
-- Up-to-date symlink: /home/fabian/moveit2/install/moveit_core/include/moveit_core/moveit/robot_model/revolute_joint_model.h
-- Up-to-date symlink: /home/fabian/moveit2/install/moveit_core/include/moveit_core/moveit/robot_model/revolute_joint_model.hpp
-- Up-to-date symlink: /home/fabian/moveit2/install/moveit_core/include/moveit_core/moveit/robot_model/robot_model.h
-- Up-to-date symlink: /home/fabian/moveit2/install/moveit_core/include/moveit_core/moveit/robot_model/robot_model.hpp
-- Up-to-date symlink: /home/fabian/moveit2/install/moveit_core/include/moveit_core/moveit/robot_state/attached_body.h
-- Up-to-date symlink: /home/fabian/moveit2/install/moveit_core/include/moveit_core/moveit/robot_state/attached_body.hpp
-- Up-to-date symlink: /home/fabian/moveit2/install/moveit_core/include/moveit_core/moveit/robot_state/cartesian_interpolator.h
-- Up-to-date symlink: /home/fabian/moveit2/install/moveit_core/include/moveit_core/moveit/robot_state/cartesian_interpolator.hpp
-- Up-to-date symlink: /home/fabian/moveit2/install/moveit_core/include/moveit_core/moveit/robot_state/conversions.h
-- Up-to-date symlink: /home/fabian/moveit2/install/moveit_core/include/moveit_core/moveit/robot_state/conversions.hpp
-- Up-to-date symlink: /home/fabian/moveit2/install/moveit_core/include/moveit_core/moveit/robot_state/robot_state.h
-- Up-to-date symlink: /home/fabian/moveit2/install/moveit_core/include/moveit_core/moveit/robot_state/robot_state.hpp
-- Up-to-date symlink: /home/fabian/moveit2/install/moveit_core/include/moveit_core/moveit/robot_trajectory/robot_trajectory.h
-- Up-to-date symlink: /home/fabian/moveit2/install/moveit_core/include/moveit_core/moveit/robot_trajectory/robot_trajectory.hpp
-- Up-to-date symlink: /home/fabian/moveit2/install/moveit_core/include/moveit_core/moveit/trajectory_processing/ruckig_traj_smoothing.h
-- Up-to-date symlink: /home/fabian/moveit2/install/moveit_core/include/moveit_core/moveit/trajectory_processing/ruckig_traj_smoothing.hpp
-- Up-to-date symlink: /home/fabian/moveit2/install/moveit_core/include/moveit_core/moveit/trajectory_processing/time_optimal_trajectory_generation.h
-- Up-to-date symlink: /home/fabian/moveit2/install/moveit_core/include/moveit_core/moveit/trajectory_processing/time_optimal_trajectory_generation.hpp
-- Up-to-date symlink: /home/fabian/moveit2/install/moveit_core/include/moveit_core/moveit/trajectory_processing/time_parameterization.h
-- Up-to-date symlink: /home/fabian/moveit2/install/moveit_core/include/moveit_core/moveit/trajectory_processing/time_parameterization.hpp
-- Up-to-date symlink: /home/fabian/moveit2/install/moveit_core/include/moveit_core/moveit/trajectory_processing/trajectory_tools.h
-- Up-to-date symlink: /home/fabian/moveit2/install/moveit_core/include/moveit_core/moveit/trajectory_processing/trajectory_tools.hpp
-- Up-to-date symlink: /home/fabian/moveit2/install/moveit_core/include/moveit_core/moveit/transforms/transforms.h
-- Up-to-date symlink: /home/fabian/moveit2/install/moveit_core/include/moveit_core/moveit/transforms/transforms.hpp
-- Up-to-date symlink: /home/fabian/moveit2/install/moveit_core/include/moveit_core/moveit/utils/eigen_test_utils.h
-- Up-to-date symlink: /home/fabian/moveit2/install/moveit_core/include/moveit_core/moveit/utils/eigen_test_utils.hpp
-- Up-to-date symlink: /home/fabian/moveit2/install/moveit_core/include/moveit_core/moveit/utils/lexical_casts.h
-- Up-to-date symlink: /home/fabian/moveit2/install/moveit_core/include/moveit_core/moveit/utils/lexical_casts.hpp
-- Up-to-date symlink: /home/fabian/moveit2/install/moveit_core/include/moveit_core/moveit/utils/logger.h
-- Up-to-date symlink: /home/fabian/moveit2/install/moveit_core/include/moveit_core/moveit/utils/logger.hpp
-- Up-to-date symlink: /home/fabian/moveit2/install/moveit_core/include/moveit_core/moveit/utils/message_checks.h
-- Up-to-date symlink: /home/fabian/moveit2/install/moveit_core/include/moveit_core/moveit/utils/message_checks.hpp
-- Up-to-date symlink: /home/fabian/moveit2/install/moveit_core/include/moveit_core/moveit/utils/moveit_error_code.h
-- Up-to-date symlink: /home/fabian/moveit2/install/moveit_core/include/moveit_core/moveit/utils/moveit_error_code.hpp
-- Up-to-date symlink: /home/fabian/moveit2/install/moveit_core/include/moveit_core/moveit/utils/rclcpp_utils.h
-- Up-to-date symlink: /home/fabian/moveit2/install/moveit_core/include/moveit_core/moveit/utils/rclcpp_utils.hpp
-- Up-to-date symlink: /home/fabian/moveit2/install/moveit_core/include/moveit_core/moveit/utils/robot_model_test_utils.h
-- Up-to-date symlink: /home/fabian/moveit2/install/moveit_core/include/moveit_core/moveit/utils/robot_model_test_utils.hpp
-- Up-to-date symlink: /home/fabian/moveit2/install/moveit_core/lib/moveit_core/logger_dut
-- Up-to-date symlink: /home/fabian/moveit2/install/moveit_core/include/moveit_core/moveit/version.hpp
-- Up-to-date symlink: /home/fabian/moveit2/install/moveit_core/bin/moveit_version
-- Up-to-date symlink: /home/fabian/moveit2/install/moveit_core/share/moveit_core/environment/library_path.sh
-- Up-to-date symlink: /home/fabian/moveit2/install/moveit_core/share/moveit_core/environment/library_path.dsv
-- Up-to-date symlink: /home/fabian/moveit2/install/moveit_core/share/moveit_core//collision_detector_fcl_description.xml
-- Up-to-date symlink: /home/fabian/moveit2/install/moveit_core/share/moveit_core//collision_detector_bullet_description.xml
-- Up-to-date symlink: /home/fabian/moveit2/install/moveit_core/share/moveit_core//filter_plugin_acceleration.xml
-- Up-to-date symlink: /home/fabian/moveit2/install/moveit_core/share/moveit_core//filter_plugin_butterworth.xml
-- Up-to-date symlink: /home/fabian/moveit2/install/moveit_core/share/moveit_core//filter_plugin_ruckig.xml
-- Up-to-date symlink: /home/fabian/moveit2/install/moveit_core/share/ament_index/resource_index/package_run_dependencies/moveit_core
-- Up-to-date symlink: /home/fabian/moveit2/install/moveit_core/share/ament_index/resource_index/parent_prefix_path/moveit_core
-- Up-to-date symlink: /home/fabian/moveit2/install/moveit_core/share/moveit_core/environment/ament_prefix_path.sh
-- Up-to-date symlink: /home/fabian/moveit2/install/moveit_core/share/moveit_core/environment/ament_prefix_path.dsv
-- Up-to-date symlink: /home/fabian/moveit2/install/moveit_core/share/moveit_core/environment/path.sh
-- Up-to-date symlink: /home/fabian/moveit2/install/moveit_core/share/moveit_core/environment/path.dsv
-- Up-to-date symlink: /home/fabian/moveit2/install/moveit_core/share/moveit_core/local_setup.bash
-- Up-to-date symlink: /home/fabian/moveit2/install/moveit_core/share/moveit_core/local_setup.sh
-- Up-to-date symlink: /home/fabian/moveit2/install/moveit_core/share/moveit_core/local_setup.zsh
-- Up-to-date symlink: /home/fabian/moveit2/install/moveit_core/share/moveit_core/local_setup.dsv
-- Symlinking: /home/fabian/moveit2/install/moveit_core/share/moveit_core/package.dsv
-- Up-to-date symlink: /home/fabian/moveit2/install/moveit_core/share/ament_index/resource_index/packages/moveit_core
-- Up-to-date symlink: /home/fabian/moveit2/install/moveit_core/share/ament_index/resource_index/moveit_core__pluginlib__plugin/moveit_core
-- Up-to-date symlink: /home/fabian/moveit2/install/moveit_core/share/moveit_core/cmake/ConfigExtras.cmake
-- Up-to-date symlink: /home/fabian/moveit2/install/moveit_core/share/moveit_core/cmake/ament_cmake_export_targets-extras.cmake
-- Up-to-date symlink: /home/fabian/moveit2/install/moveit_core/share/moveit_core/cmake/ament_cmake_export_dependencies-extras.cmake
-- Up-to-date symlink: /home/fabian/moveit2/install/moveit_core/share/moveit_core/cmake/moveit_coreConfig.cmake
-- Up-to-date symlink: /home/fabian/moveit2/install/moveit_core/share/moveit_core/cmake/moveit_coreConfig-version.cmake
-- Up-to-date symlink: /home/fabian/moveit2/install/moveit_core/share/moveit_core/package.xml
-- Up-to-date: /home/fabian/moveit2/install/moveit_core/lib/libmoveit_collision_detection.so.2.14.0
-- Up-to-date: /home/fabian/moveit2/install/moveit_core/lib/libmoveit_collision_detection.so
-- Up-to-date: /home/fabian/moveit2/install/moveit_core/lib/libmoveit_collision_detection_bullet.so.2.14.0
-- Up-to-date: /home/fabian/moveit2/install/moveit_core/lib/libmoveit_collision_detection_bullet.so
-- Up-to-date: /home/fabian/moveit2/install/moveit_core/lib/libmoveit_collision_detection_fcl.so.2.14.0
-- Up-to-date: /home/fabian/moveit2/install/moveit_core/lib/libmoveit_collision_detection_fcl.so
-- Up-to-date: /home/fabian/moveit2/install/moveit_core/lib/libmoveit_collision_distance_field.so.2.14.0
-- Up-to-date: /home/fabian/moveit2/install/moveit_core/lib/libmoveit_collision_distance_field.so
-- Up-to-date: /home/fabian/moveit2/install/moveit_core/lib/libmoveit_constraint_samplers.so.2.14.0
-- Up-to-date: /home/fabian/moveit2/install/moveit_core/lib/libmoveit_constraint_samplers.so
-- Up-to-date: /home/fabian/moveit2/install/moveit_core/lib/libmoveit_distance_field.so.2.14.0
-- Up-to-date: /home/fabian/moveit2/install/moveit_core/lib/libmoveit_distance_field.so
-- Up-to-date: /home/fabian/moveit2/install/moveit_core/lib/libmoveit_dynamics_solver.so.2.14.0
-- Up-to-date: /home/fabian/moveit2/install/moveit_core/lib/libmoveit_dynamics_solver.so
-- Up-to-date: /home/fabian/moveit2/install/moveit_core/lib/libmoveit_exceptions.so.2.14.0
-- Up-to-date: /home/fabian/moveit2/install/moveit_core/lib/libmoveit_exceptions.so
-- Up-to-date: /home/fabian/moveit2/install/moveit_core/lib/libmoveit_kinematic_constraints.so.2.14.0
-- Up-to-date: /home/fabian/moveit2/install/moveit_core/lib/libmoveit_kinematic_constraints.so
-- Up-to-date: /home/fabian/moveit2/install/moveit_core/lib/libmoveit_kinematics_base.so
-- Up-to-date: /home/fabian/moveit2/install/moveit_core/lib/libmoveit_kinematics_metrics.so.2.14.0
-- Up-to-date: /home/fabian/moveit2/install/moveit_core/lib/libmoveit_kinematics_metrics.so
-- Up-to-date: /home/fabian/moveit2/install/moveit_core/lib/libmoveit_planning_interface.so.2.14.0
-- Up-to-date: /home/fabian/moveit2/install/moveit_core/lib/libmoveit_planning_interface.so
-- Up-to-date: /home/fabian/moveit2/install/moveit_core/lib/libmoveit_planning_scene.so.2.14.0
-- Up-to-date: /home/fabian/moveit2/install/moveit_core/lib/libmoveit_planning_scene.so
-- Up-to-date: /home/fabian/moveit2/install/moveit_core/lib/libmoveit_robot_model.so.2.14.0
-- Up-to-date: /home/fabian/moveit2/install/moveit_core/lib/libmoveit_robot_model.so
-- Up-to-date: /home/fabian/moveit2/install/moveit_core/lib/libmoveit_robot_state.so.2.14.0
-- Up-to-date: /home/fabian/moveit2/install/moveit_core/lib/libmoveit_robot_state.so
-- Up-to-date: /home/fabian/moveit2/install/moveit_core/lib/libmoveit_robot_trajectory.so.2.14.0
-- Up-to-date: /home/fabian/moveit2/install/moveit_core/lib/libmoveit_robot_trajectory.so
-- Up-to-date: /home/fabian/moveit2/install/moveit_core/lib/libmoveit_smoothing_base.so.2.14.0
-- Up-to-date: /home/fabian/moveit2/install/moveit_core/lib/libmoveit_smoothing_base.so
-- Up-to-date: /home/fabian/moveit2/install/moveit_core/lib/libmoveit_test_utils.so.2.14.0
-- Up-to-date: /home/fabian/moveit2/install/moveit_core/lib/libmoveit_test_utils.so
-- Up-to-date: /home/fabian/moveit2/install/moveit_core/lib/libmoveit_trajectory_processing.so.2.14.0
-- Up-to-date: /home/fabian/moveit2/install/moveit_core/lib/libmoveit_trajectory_processing.so
-- Up-to-date: /home/fabian/moveit2/install/moveit_core/lib/libmoveit_transforms.so.2.14.0
-- Up-to-date: /home/fabian/moveit2/install/moveit_core/lib/libmoveit_transforms.so
-- Up-to-date: /home/fabian/moveit2/install/moveit_core/lib/libmoveit_utils.so.2.14.0
-- Up-to-date: /home/fabian/moveit2/install/moveit_core/lib/libmoveit_utils.so
-- Up-to-date: /home/fabian/moveit2/install/moveit_core/lib/libcollision_detector_bullet_plugin.so.2.14.0
-- Up-to-date: /home/fabian/moveit2/install/moveit_core/lib/libcollision_detector_bullet_plugin.so
-- Up-to-date: /home/fabian/moveit2/install/moveit_core/lib/libcollision_detector_fcl_plugin.so.2.14.0
-- Up-to-date: /home/fabian/moveit2/install/moveit_core/lib/libcollision_detector_fcl_plugin.so
-- Up-to-date: /home/fabian/moveit2/install/moveit_core/lib/libmoveit_acceleration_filter.so.2.14.0
-- Up-to-date: /home/fabian/moveit2/install/moveit_core/lib/libmoveit_acceleration_filter.so
-- Up-to-date: /home/fabian/moveit2/install/moveit_core/lib/libmoveit_butterworth_filter.so.2.14.0
-- Up-to-date: /home/fabian/moveit2/install/moveit_core/lib/libmoveit_butterworth_filter.so
-- Up-to-date: /home/fabian/moveit2/install/moveit_core/lib/libmoveit_ruckig_filter.so.2.14.0
-- Up-to-date: /home/fabian/moveit2/install/moveit_core/lib/libmoveit_ruckig_filter.so
-- Up-to-date: /home/fabian/moveit2/install/moveit_core/share/moveit_core/cmake/moveit_coreTargetsExport.cmake
-- Up-to-date: /home/fabian/moveit2/install/moveit_core/share/moveit_core/cmake/moveit_coreTargetsExport-release.cmake
